2017-09-10 19:37:47,237: control.pubsub.pub.0001: pmgr.launching.0                : MainThread     : INFO    : python.interpreter   version: 2.7.12 (default, Nov 19 2016, 06:48:10) [GCC 5.4.0 20160609]
2017-09-10 19:37:47,237: control.pubsub.pub.0001: pmgr.launching.0                : MainThread     : INFO    :                      pid: 12403
2017-09-10 19:37:47,237: control.pubsub.pub.0001: pmgr.launching.0                : MainThread     : INFO    :                      tid: MainThread
2017-09-10 19:37:47,237: control.pubsub.pub.0001: pmgr.launching.0                : MainThread     : INFO    : radical.pilot        version: 0.47-v0.46-3-g0f79ca80@devel
2017-09-10 19:37:47,237: control.pubsub.pub.0001: pmgr.launching.0                : MainThread     : INFO    : create control_pubsub - pub - tcp://138.201.86.166:44949
2017-09-10 19:37:47,238: control.pubsub.pub.0001: pmgr.launching.0                : MainThread     : DEBUG   : start process
2017-09-10 19:37:47,238: control.pubsub.pub.0001: pmgr.launching.0                : MainThread     : DEBUG   : ru_initialize_common (NOOP)
2017-09-10 19:37:47,238: control.pubsub.pub.0001: pmgr.launching.0                : MainThread     : DEBUG   : ru_initialize_parent (NOOP)
2017-09-10 19:37:47,238: control.pubsub.pub.0001: pmgr.launching.0                : MainThread     : DEBUG   : process class started (no child)
2017-09-10 19:37:47,297: control.pubsub.pub.0001: MainProcess                     : MainThread     : INFO    : python.interpreter   version: 2.7.12 (default, Nov 19 2016, 06:48:10) [GCC 5.4.0 20160609]
2017-09-10 19:37:47,297: control.pubsub.pub.0001: MainProcess                     : MainThread     : INFO    :                      pid: 12330
2017-09-10 19:37:47,297: control.pubsub.pub.0001: MainProcess                     : MainThread     : INFO    :                      tid: MainThread
2017-09-10 19:37:47,298: control.pubsub.pub.0001: MainProcess                     : MainThread     : INFO    : radical.pilot        version: 0.47-v0.46-3-g0f79ca80@devel
2017-09-10 19:37:47,298: control.pubsub.pub.0001: MainProcess                     : MainThread     : INFO    : create control_pubsub - pub - tcp://138.201.86.166:44949
2017-09-10 19:37:47,298: control.pubsub.pub.0001: MainProcess                     : MainThread     : DEBUG   : start process
2017-09-10 19:37:47,298: control.pubsub.pub.0001: MainProcess                     : MainThread     : DEBUG   : ru_initialize_common (NOOP)
2017-09-10 19:37:47,299: control.pubsub.pub.0001: MainProcess                     : MainThread     : DEBUG   : ru_initialize_parent (NOOP)
2017-09-10 19:37:47,299: control.pubsub.pub.0001: MainProcess                     : MainThread     : DEBUG   : process class started (no child)
2017-09-11 05:39:39,193: control.pubsub.pub.0001: MainProcess                     : MainThread     : INFO    : parent stops child
2017-09-11 05:39:39,193: control.pubsub.pub.0001: MainProcess                     : MainThread     : DEBUG   : ru_finalize_parent (NOOP)
