2017-09-10 19:37:47,170: state.pubsub.sub.0000: update.0                        : MainThread     : INFO    : python.interpreter   version: 2.7.12 (default, Nov 19 2016, 06:48:10) [GCC 5.4.0 20160609]
2017-09-10 19:37:47,170: state.pubsub.sub.0000: update.0                        : MainThread     : INFO    :                      pid: 12375
2017-09-10 19:37:47,170: state.pubsub.sub.0000: update.0                        : MainThread     : INFO    :                      tid: MainThread
2017-09-10 19:37:47,170: state.pubsub.sub.0000: update.0                        : MainThread     : INFO    : radical.pilot        version: 0.47-v0.46-3-g0f79ca80@devel
2017-09-10 19:37:47,171: state.pubsub.sub.0000: update.0                        : MainThread     : INFO    : create state_pubsub - sub - tcp://138.201.86.166:44244
2017-09-10 19:37:47,171: state.pubsub.sub.0000: update.0                        : MainThread     : DEBUG   : start process
2017-09-10 19:37:47,171: state.pubsub.sub.0000: update.0                        : MainThread     : DEBUG   : ru_initialize_common (NOOP)
2017-09-10 19:37:47,172: state.pubsub.sub.0000: update.0                        : MainThread     : DEBUG   : ru_initialize_parent (NOOP)
2017-09-10 19:37:47,172: state.pubsub.sub.0000: update.0                        : MainThread     : DEBUG   : process class started (no child)
2017-09-10 19:37:47,321: state.pubsub.sub.0000: MainProcess                     : MainThread     : INFO    : python.interpreter   version: 2.7.12 (default, Nov 19 2016, 06:48:10) [GCC 5.4.0 20160609]
2017-09-10 19:37:47,322: state.pubsub.sub.0000: MainProcess                     : MainThread     : INFO    :                      pid: 12330
2017-09-10 19:37:47,322: state.pubsub.sub.0000: MainProcess                     : MainThread     : INFO    :                      tid: MainThread
2017-09-10 19:37:47,322: state.pubsub.sub.0000: MainProcess                     : MainThread     : INFO    : radical.pilot        version: 0.47-v0.46-3-g0f79ca80@devel
2017-09-10 19:37:47,322: state.pubsub.sub.0000: MainProcess                     : MainThread     : INFO    : create state_pubsub - sub - tcp://138.201.86.166:44244
2017-09-10 19:37:47,322: state.pubsub.sub.0000: MainProcess                     : MainThread     : DEBUG   : start process
2017-09-10 19:37:47,322: state.pubsub.sub.0000: MainProcess                     : MainThread     : DEBUG   : ru_initialize_common (NOOP)
2017-09-10 19:37:47,323: state.pubsub.sub.0000: MainProcess                     : MainThread     : DEBUG   : ru_initialize_parent (NOOP)
2017-09-10 19:37:47,323: state.pubsub.sub.0000: MainProcess                     : MainThread     : DEBUG   : process class started (no child)
2017-09-11 05:39:39,643: state.pubsub.sub.0000: MainProcess                     : MainThread     : INFO    : parent stops child
2017-09-11 05:39:39,643: state.pubsub.sub.0000: MainProcess                     : MainThread     : DEBUG   : ru_finalize_parent (NOOP)
