2017-09-10 19:46:08,190: state.pubsub.sub.0001: umgr.scheduling.0               : MainThread     : INFO    : python.interpreter   version: 2.7.12 (default, Nov 19 2016, 06:48:10) [GCC 5.4.0 20160609]
2017-09-10 19:46:08,190: state.pubsub.sub.0001: umgr.scheduling.0               : MainThread     : INFO    :                      pid: 14281
2017-09-10 19:46:08,190: state.pubsub.sub.0001: umgr.scheduling.0               : MainThread     : INFO    :                      tid: MainThread
2017-09-10 19:46:08,190: state.pubsub.sub.0001: umgr.scheduling.0               : MainThread     : INFO    : radical.pilot        version: 0.47-v0.46-3-g0f79ca80@devel
2017-09-10 19:46:08,190: state.pubsub.sub.0001: umgr.scheduling.0               : MainThread     : INFO    : create state_pubsub - sub - tcp://138.201.86.166:44244
2017-09-10 19:46:08,190: state.pubsub.sub.0001: umgr.scheduling.0               : MainThread     : DEBUG   : start process
2017-09-10 19:46:08,190: state.pubsub.sub.0001: umgr.scheduling.0               : MainThread     : DEBUG   : ru_initialize_common (NOOP)
2017-09-10 19:46:08,190: state.pubsub.sub.0001: umgr.scheduling.0               : MainThread     : DEBUG   : ru_initialize_parent (NOOP)
2017-09-10 19:46:08,190: state.pubsub.sub.0001: umgr.scheduling.0               : MainThread     : DEBUG   : process class started (no child)
2017-09-10 19:46:08,726: state.pubsub.sub.0001: task-manager                    : MainThread     : INFO    : python.interpreter   version: 2.7.12 (default, Nov 19 2016, 06:48:10) [GCC 5.4.0 20160609]
2017-09-10 19:46:08,726: state.pubsub.sub.0001: task-manager                    : MainThread     : INFO    :                      pid: 14203
2017-09-10 19:46:08,726: state.pubsub.sub.0001: task-manager                    : MainThread     : INFO    :                      tid: MainThread
2017-09-10 19:46:08,726: state.pubsub.sub.0001: task-manager                    : MainThread     : INFO    : radical.pilot        version: 0.47-v0.46-3-g0f79ca80@devel
2017-09-10 19:46:08,726: state.pubsub.sub.0001: task-manager                    : MainThread     : INFO    : create state_pubsub - sub - tcp://138.201.86.166:44244
2017-09-10 19:46:08,727: state.pubsub.sub.0001: task-manager                    : MainThread     : DEBUG   : start process
2017-09-10 19:46:08,727: state.pubsub.sub.0001: task-manager                    : MainThread     : DEBUG   : ru_initialize_common (NOOP)
2017-09-10 19:46:08,727: state.pubsub.sub.0001: task-manager                    : MainThread     : DEBUG   : ru_initialize_parent (NOOP)
2017-09-10 19:46:08,727: state.pubsub.sub.0001: task-manager                    : MainThread     : DEBUG   : process class started (no child)
2017-09-11 05:38:26,318: state.pubsub.sub.0001: umgr.scheduling.0               : MainThread     : INFO    : parent stops child
2017-09-11 05:38:26,318: state.pubsub.sub.0001: umgr.scheduling.0               : MainThread     : DEBUG   : ru_finalize_parent (NOOP)
