2017-10-23 20:18:03,397: state.pubsub.sub.0001: umgr.scheduling.0               : MainThread     : INFO    : python.interpreter   version: 2.7.12 (default, Nov 19 2016, 06:48:10) [GCC 5.4.0 20160609]
2017-10-23 20:18:03,397: state.pubsub.sub.0001: umgr.scheduling.0               : MainThread     : INFO    :                      pid: 26440
2017-10-23 20:18:03,397: state.pubsub.sub.0001: umgr.scheduling.0               : MainThread     : INFO    :                      tid: MainThread
2017-10-23 20:18:03,397: state.pubsub.sub.0001: umgr.scheduling.0               : MainThread     : INFO    : radical.pilot        version: 0.47-v0.46.2-93-g379bd68d@feature-gpu
2017-10-23 20:18:03,397: state.pubsub.sub.0001: umgr.scheduling.0               : MainThread     : INFO    : create state_pubsub - sub - tcp://138.201.86.166:46130
2017-10-23 20:18:03,397: state.pubsub.sub.0001: umgr.scheduling.0               : MainThread     : DEBUG   : start process
2017-10-23 20:18:03,397: state.pubsub.sub.0001: umgr.scheduling.0               : MainThread     : DEBUG   : ru_initialize_common (NOOP)
2017-10-23 20:18:03,397: state.pubsub.sub.0001: umgr.scheduling.0               : MainThread     : DEBUG   : ru_initialize_parent (NOOP)
2017-10-23 20:18:03,397: state.pubsub.sub.0001: umgr.scheduling.0               : MainThread     : DEBUG   : process class started (no child)
2017-10-23 20:18:03,948: state.pubsub.sub.0001: task-manager                    : MainThread     : INFO    : python.interpreter   version: 2.7.12 (default, Nov 19 2016, 06:48:10) [GCC 5.4.0 20160609]
2017-10-23 20:18:03,949: state.pubsub.sub.0001: task-manager                    : MainThread     : INFO    :                      pid: 26352
2017-10-23 20:18:03,949: state.pubsub.sub.0001: task-manager                    : MainThread     : INFO    :                      tid: MainThread
2017-10-23 20:18:03,949: state.pubsub.sub.0001: task-manager                    : MainThread     : INFO    : radical.pilot        version: 0.47-v0.46.2-93-g379bd68d@feature-gpu
2017-10-23 20:18:03,949: state.pubsub.sub.0001: task-manager                    : MainThread     : INFO    : create state_pubsub - sub - tcp://138.201.86.166:46130
2017-10-23 20:18:03,954: state.pubsub.sub.0001: task-manager                    : MainThread     : DEBUG   : start process
2017-10-23 20:18:03,954: state.pubsub.sub.0001: task-manager                    : MainThread     : DEBUG   : ru_initialize_common (NOOP)
2017-10-23 20:18:03,954: state.pubsub.sub.0001: task-manager                    : MainThread     : DEBUG   : ru_initialize_parent (NOOP)
2017-10-23 20:18:03,955: state.pubsub.sub.0001: task-manager                    : MainThread     : DEBUG   : process class started (no child)
2017-10-23 21:15:11,020: state.pubsub.sub.0001: umgr.scheduling.0               : umgr.scheduling.0.child.subscriber._base_state_cb: INFO    : parent stops child
2017-10-23 21:15:11,020: state.pubsub.sub.0001: umgr.scheduling.0               : umgr.scheduling.0.child.subscriber._base_state_cb: DEBUG   : ru_finalize_parent (NOOP)
