2017-09-12 16:26:27,528: log.pubsub.bridge.0000: MainProcess                     : MainThread     : INFO    : python.interpreter   version: 2.7.12 (default, Nov 19 2016, 06:48:10) [GCC 5.4.0 20160609]
2017-09-12 16:26:27,529: log.pubsub.bridge.0000: MainProcess                     : MainThread     : INFO    :                      pid: 31063
2017-09-12 16:26:27,529: log.pubsub.bridge.0000: MainProcess                     : MainThread     : INFO    :                      tid: MainThread
2017-09-12 16:26:27,529: log.pubsub.bridge.0000: MainProcess                     : MainThread     : INFO    : radical.pilot        version: 0.47-v0.46-3-g0f79ca80@devel
2017-09-12 16:26:27,529: log.pubsub.bridge.0000: MainProcess                     : MainThread     : INFO    : create log_pubsub - bridge - tcp://*:*
2017-09-12 16:26:27,530: log.pubsub.bridge.0000: MainProcess                     : MainThread     : DEBUG   : start process
2017-09-12 16:26:27,536: log.pubsub.bridge.0000: log.pubsub.bridge.0000          : MainThread     : DEBUG   : ru_initialize_common (NOOP)
2017-09-12 16:26:27,542: log.pubsub.bridge.0000: log.pubsub.bridge.0000.child    : MainThread     : INFO    : child (me) initializing
2017-09-12 16:26:27,542: log.pubsub.bridge.0000: log.pubsub.bridge.0000.child    : MainThread     : DEBUG   : parent name: log.pubsub.bridge.0000.child.watch
2017-09-12 16:26:27,542: log.pubsub.bridge.0000: log.pubsub.bridge.0000.child    : MainThread     : DEBUG   : start thread
2017-09-12 16:26:27,543: log.pubsub.bridge.0000: log.pubsub.bridge.0000.child    : log.pubsub.bridge.0000.child.watch: DEBUG   : child name: log.pubsub.bridge.0000.child.watch.thread
2017-09-12 16:26:27,543: log.pubsub.bridge.0000: log.pubsub.bridge.0000.child    : log.pubsub.bridge.0000.child.watch: INFO    : child (me) initializing
2017-09-12 16:26:27,543: log.pubsub.bridge.0000: log.pubsub.bridge.0000.child    : log.pubsub.bridge.0000.child.watch: DEBUG   : ru_initialize_common (NOOP)
2017-09-12 16:26:27,543: log.pubsub.bridge.0000: log.pubsub.bridge.0000.child    : log.pubsub.bridge.0000.child.watch: DEBUG   : ru_initialize_child (NOOP)
2017-09-12 16:26:27,543: log.pubsub.bridge.0000: log.pubsub.bridge.0000.child    : log.pubsub.bridge.0000.child.watch: INFO    : send alive
2017-09-12 16:26:27,543: log.pubsub.bridge.0000: log.pubsub.bridge.0000.child    : log.pubsub.bridge.0000.child.watch: INFO    : put message: [log.pubsub.bridge.0000.child.watch.thread] alive
2017-09-12 16:26:27,544: log.pubsub.bridge.0000: log.pubsub.bridge.0000.child    : MainThread     : INFO    : get msg: alive
2017-09-12 16:26:27,544: log.pubsub.bridge.0000: log.pubsub.bridge.0000.child    : MainThread     : DEBUG   : ru_initialize_common (NOOP)
2017-09-12 16:26:27,544: log.pubsub.bridge.0000: log.pubsub.bridge.0000.child    : MainThread     : DEBUG   : ru_initialize_parent (NOOP)
2017-09-12 16:26:27,544: log.pubsub.bridge.0000: log.pubsub.bridge.0000.child    : MainThread     : DEBUG   : child thread log.pubsub.bridge.0000.child.watch started
2017-09-12 16:26:27,544: log.pubsub.bridge.0000: log.pubsub.bridge.0000.child    : MainThread     : INFO    : child (me) is alive
2017-09-12 16:26:27,544: log.pubsub.bridge.0000: log.pubsub.bridge.0000.child    : MainThread     : INFO    : send alive
2017-09-12 16:26:27,545: log.pubsub.bridge.0000: log.pubsub.bridge.0000.child    : MainThread     : INFO    : send message: [log.pubsub.bridge.0000.child] alive
2017-09-12 16:26:27,545: log.pubsub.bridge.0000: MainProcess                     : MainThread     : INFO    : recv message: alive
2017-09-12 16:26:27,545: log.pubsub.bridge.0000: MainProcess                     : MainThread     : DEBUG   : ru_initialize_common (NOOP)
2017-09-12 16:26:27,545: log.pubsub.bridge.0000: MainProcess                     : MainThread     : DEBUG   : ru_initialize_parent (NOOP)
2017-09-12 16:26:27,545: log.pubsub.bridge.0000: MainProcess                     : MainThread     : DEBUG   : parent name: log.pubsub.bridge.0000.watch
2017-09-12 16:26:27,545: log.pubsub.bridge.0000: MainProcess                     : MainThread     : DEBUG   : start thread
2017-09-12 16:26:27,545: log.pubsub.bridge.0000: MainProcess                     : log.pubsub.bridge.0000.watch: DEBUG   : child name: log.pubsub.bridge.0000.watch.thread
2017-09-12 16:26:27,545: log.pubsub.bridge.0000: MainProcess                     : log.pubsub.bridge.0000.watch: INFO    : child (me) initializing
2017-09-12 16:26:27,545: log.pubsub.bridge.0000: MainProcess                     : log.pubsub.bridge.0000.watch: DEBUG   : ru_initialize_common (NOOP)
2017-09-12 16:26:27,545: log.pubsub.bridge.0000: MainProcess                     : log.pubsub.bridge.0000.watch: DEBUG   : ru_initialize_child (NOOP)
2017-09-12 16:26:27,545: log.pubsub.bridge.0000: MainProcess                     : log.pubsub.bridge.0000.watch: INFO    : send alive
2017-09-12 16:26:27,545: log.pubsub.bridge.0000: MainProcess                     : log.pubsub.bridge.0000.watch: INFO    : put message: [log.pubsub.bridge.0000.watch.thread] alive
2017-09-12 16:26:27,546: log.pubsub.bridge.0000: MainProcess                     : MainThread     : INFO    : get msg: alive
2017-09-12 16:26:27,546: log.pubsub.bridge.0000: MainProcess                     : MainThread     : DEBUG   : ru_initialize_common (NOOP)
2017-09-12 16:26:27,547: log.pubsub.bridge.0000: MainProcess                     : MainThread     : DEBUG   : ru_initialize_parent (NOOP)
2017-09-12 16:26:27,547: log.pubsub.bridge.0000: MainProcess                     : MainThread     : DEBUG   : child thread log.pubsub.bridge.0000.watch started
2017-09-12 16:26:27,547: log.pubsub.bridge.0000: MainProcess                     : MainThread     : INFO    : child is alive
2017-09-12 16:26:27,547: log.pubsub.bridge.0000: MainProcess                     : MainThread     : DEBUG   : process class started child
2017-09-13 02:11:52,977: log.pubsub.bridge.0000: MainProcess                     : MainThread     : INFO    : parent stops child
2017-09-13 02:11:52,977: log.pubsub.bridge.0000: MainProcess                     : MainThread     : DEBUG   : ru_finalize_parent (NOOP)
2017-09-13 02:11:52,977: log.pubsub.bridge.0000: MainProcess                     : MainThread     : INFO    : parent stops child
2017-09-13 02:11:52,977: log.pubsub.bridge.0000: MainProcess                     : MainThread     : DEBUG   : ru_finalize_parent (NOOP)
2017-09-13 02:11:52,977: log.pubsub.bridge.0000: MainProcess                     : MainThread     : DEBUG   : ru_finalize_common (NOOP)
2017-09-13 02:11:53,054: log.pubsub.bridge.0000: MainProcess                     : log.pubsub.bridge.0000.watch: INFO    : watcher closes
2017-09-13 02:11:53,054: log.pubsub.bridge.0000: MainProcess                     : log.pubsub.bridge.0000.watch: INFO    : put message: [log.pubsub.bridge.0000.watch.thread] work finished
2017-09-13 02:11:53,054: log.pubsub.bridge.0000: MainProcess                     : log.pubsub.bridge.0000.watch: DEBUG   : ru_finalize_child (NOOP)
2017-09-13 02:11:53,054: log.pubsub.bridge.0000: MainProcess                     : log.pubsub.bridge.0000.watch: DEBUG   : ru_finalize_common (NOOP)
2017-09-13 02:11:53,054: log.pubsub.bridge.0000: MainProcess                     : log.pubsub.bridge.0000.watch: INFO    : put message: [log.pubsub.bridge.0000.watch.thread] terminating
2017-09-13 02:11:53,083: log.pubsub.bridge.0000: log.pubsub.bridge.0000.child    : log.pubsub.bridge.0000.child.watch: WARNING : endpoint disappeard
2017-09-13 02:11:53,083: log.pubsub.bridge.0000: log.pubsub.bridge.0000.child    : log.pubsub.bridge.0000.child.watch: INFO    : watcher closes
2017-09-13 02:11:53,083: log.pubsub.bridge.0000: log.pubsub.bridge.0000.child    : log.pubsub.bridge.0000.child.watch: INFO    : put message: [log.pubsub.bridge.0000.child.watch.thread] work finished
2017-09-13 02:11:53,083: log.pubsub.bridge.0000: log.pubsub.bridge.0000.child    : log.pubsub.bridge.0000.child.watch: DEBUG   : ru_finalize_child (NOOP)
2017-09-13 02:11:53,083: log.pubsub.bridge.0000: log.pubsub.bridge.0000.child    : log.pubsub.bridge.0000.child.watch: DEBUG   : ru_finalize_common (NOOP)
2017-09-13 02:11:53,083: log.pubsub.bridge.0000: log.pubsub.bridge.0000.child    : log.pubsub.bridge.0000.child.watch: INFO    : put message: [log.pubsub.bridge.0000.child.watch.thread] terminating
2017-09-13 02:11:53,191: log.pubsub.bridge.0000: MainProcess                     : MainThread     : WARNING : failed to stop child - terminate
