2017-09-05 15:59:24,025: pmgr.launching.0.child: pmgr.launching.0                : MainThread     : INFO    : python.interpreter   version: 2.7.12 (default, Nov 19 2016, 06:48:10) [GCC 5.4.0 20160609]
2017-09-05 15:59:24,025: pmgr.launching.0.child: pmgr.launching.0                : MainThread     : INFO    :                      pid: 13983
2017-09-05 15:59:24,025: pmgr.launching.0.child: pmgr.launching.0                : MainThread     : INFO    :                      tid: MainThread
2017-09-05 15:59:24,025: pmgr.launching.0.child: pmgr.launching.0                : MainThread     : INFO    : radical.pilot        version: 0.47-v0.46-3-g0f79ca80@devel
2017-09-05 15:59:24,028: pmgr.launching.0.child: pmgr.launching.0                : MainThread     : INFO    : initialize pmgr.launching.0.child
2017-09-05 15:59:24,029: pmgr.launching.0.child: pmgr.launching.0                : MainThread     : INFO    : cfg: {'agents': {},
 u'bridges': {u'control_pubsub': {'addr_in': 'tcp://138.201.86.166:37188',
                                  'addr_out': 'tcp://138.201.86.166:43814',
                                  u'bulk_size': 0,
                                  u'log_level': u'debug',
                                  u'stall_hwm': 1},
              u'log_pubsub': {'addr_in': 'tcp://138.201.86.166:45270',
                              'addr_out': 'tcp://138.201.86.166:32929',
                              u'bulk_size': 0,
                              u'log_level': u'debug',
                              u'stall_hwm': 1},
              u'pmgr_launching_queue': {'addr_in': 'tcp://138.201.86.166:39667',
                                        'addr_out': 'tcp://138.201.86.166:42132',
                                        u'bulk_size': 0,
                                        u'log_level': u'debug',
                                        u'stall_hwm': 1},
              u'state_pubsub': {'addr_in': 'tcp://138.201.86.166:41237',
                                'addr_out': 'tcp://138.201.86.166:41589',
                                u'bulk_size': 0,
                                u'log_level': u'debug',
                                u'stall_hwm': 1}},
 'cname': u'PMGRLaunchingComponent',
 u'components': {},
 u'count': 1,
 u'db_poll_sleeptime': 1.0,
 'number': 0,
 'owner': 'pmgr.0000',
 'uid': 'pmgr.0000'}
2017-09-05 15:59:24,029: pmgr.launching.0.child: pmgr.launching.0                : MainThread     : DEBUG   : start components: {}
2017-09-05 15:59:24,029: pmgr.launching.0.child: pmgr.launching.0                : MainThread     : DEBUG   : alive check in term
2017-09-05 15:59:24,029: pmgr.launching.0.child: pmgr.launching.0                : MainThread     : DEBUG   : START: pmgr.launching.0.child register publisher log_pubsub
2017-09-05 15:59:24,029: pmgr.launching.0.child: pmgr.launching.0                : MainThread     : DEBUG   : using addr tcp://138.201.86.166:45270 for pubsub log_pubsub
2017-09-05 15:59:24,030: pmgr.launching.0.child: pmgr.launching.0                : MainThread     : DEBUG   : registered publisher : log_pubsub : log.pubsub.pub.0001
2017-09-05 15:59:24,030: pmgr.launching.0.child: pmgr.launching.0                : MainThread     : DEBUG   : alive check in term
2017-09-05 15:59:24,030: pmgr.launching.0.child: pmgr.launching.0                : MainThread     : DEBUG   : START: pmgr.launching.0.child register publisher state_pubsub
2017-09-05 15:59:24,031: pmgr.launching.0.child: pmgr.launching.0                : MainThread     : DEBUG   : using addr tcp://138.201.86.166:41237 for pubsub state_pubsub
2017-09-05 15:59:24,032: pmgr.launching.0.child: pmgr.launching.0                : MainThread     : DEBUG   : registered publisher : state_pubsub : state.pubsub.pub.0001
2017-09-05 15:59:24,032: pmgr.launching.0.child: pmgr.launching.0                : MainThread     : DEBUG   : alive check in term
2017-09-05 15:59:24,032: pmgr.launching.0.child: pmgr.launching.0                : MainThread     : DEBUG   : START: pmgr.launching.0.child register publisher control_pubsub
2017-09-05 15:59:24,032: pmgr.launching.0.child: pmgr.launching.0                : MainThread     : DEBUG   : using addr tcp://138.201.86.166:37188 for pubsub control_pubsub
2017-09-05 15:59:24,033: pmgr.launching.0.child: pmgr.launching.0                : MainThread     : DEBUG   : registered publisher : control_pubsub : control.pubsub.pub.0001
2017-09-05 15:59:24,033: pmgr.launching.0.child: pmgr.launching.0                : MainThread     : DEBUG   : alive check in term
2017-09-05 15:59:24,033: pmgr.launching.0.child: pmgr.launching.0                : MainThread     : DEBUG   : START: pmgr.launching.0.child register subscriber pmgr.launching.0.child.subscriber._cancel_monitor_cb
2017-09-05 15:59:24,033: pmgr.launching.0.child: pmgr.launching.0                : MainThread     : DEBUG   : using addr tcp://138.201.86.166:43814 for pubsub control_pubsub
2017-09-05 15:59:24,048: pmgr.launching.0.child: pmgr.launching.0                : MainThread     : DEBUG   : parent name: pmgr.launching.0.child.subscriber._cancel_monitor_cb
2017-09-05 15:59:24,048: pmgr.launching.0.child: pmgr.launching.0                : MainThread     : DEBUG   : start thread
2017-09-05 15:59:24,049: pmgr.launching.0.child: pmgr.launching.0                : pmgr.launching.0.child.subscriber._cancel_monitor_cb: DEBUG   : child name: pmgr.launching.0.child.subscriber._cancel_monitor_cb.thread
2017-09-05 15:59:24,049: pmgr.launching.0.child: pmgr.launching.0                : pmgr.launching.0.child.subscriber._cancel_monitor_cb: INFO    : child (me) initializing
2017-09-05 15:59:24,049: pmgr.launching.0.child: pmgr.launching.0                : pmgr.launching.0.child.subscriber._cancel_monitor_cb: DEBUG   : ru_initialize_common (NOOP)
2017-09-05 15:59:24,049: pmgr.launching.0.child: pmgr.launching.0                : pmgr.launching.0.child.subscriber._cancel_monitor_cb: DEBUG   : ru_initialize_child (NOOP)
2017-09-05 15:59:24,050: pmgr.launching.0.child: pmgr.launching.0                : pmgr.launching.0.child.subscriber._cancel_monitor_cb: INFO    : send alive
2017-09-05 15:59:24,050: pmgr.launching.0.child: pmgr.launching.0                : pmgr.launching.0.child.subscriber._cancel_monitor_cb: INFO    : put message: [pmgr.launching.0.child.subscriber._cancel_monitor_cb.thread] alive
2017-09-05 15:59:24,050: pmgr.launching.0.child: pmgr.launching.0                : MainThread     : INFO    : get msg: alive
2017-09-05 15:59:24,051: pmgr.launching.0.child: pmgr.launching.0                : MainThread     : DEBUG   : ru_initialize_common (NOOP)
2017-09-05 15:59:24,051: pmgr.launching.0.child: pmgr.launching.0                : MainThread     : DEBUG   : ru_initialize_parent (NOOP)
2017-09-05 15:59:24,051: pmgr.launching.0.child: pmgr.launching.0                : MainThread     : DEBUG   : child thread pmgr.launching.0.child.subscriber._cancel_monitor_cb started
2017-09-05 15:59:24,051: pmgr.launching.0.child: pmgr.launching.0                : MainThread     : DEBUG   : pmgr.launching.0.child registered control_pubsub subscriber pmgr.launching.0.child.subscriber._cancel_monitor_cb
2017-09-05 15:59:24,051: pmgr.launching.0.child: pmgr.launching.0                : MainThread     : DEBUG   : alive check in term
2017-09-05 15:59:24,052: pmgr.launching.0.child: pmgr.launching.0                : MainThread     : DEBUG   : using addr tcp://138.201.86.166:42132 for input pmgr_launching_queue
2017-09-05 15:59:24,055: pmgr.launching.0.child: pmgr.launching.0                : MainThread     : DEBUG   : registered input pmgr.launching.0.child.work.PMGR_LAUNCHING_PENDING
2017-09-05 15:59:24,055: pmgr.launching.0.child: pmgr.launching.0                : MainThread     : DEBUG   : START: pmgr.launching.0.child register input PMGR_LAUNCHING_PENDING: pmgr.launching.0.child.work.PMGR_LAUNCHING_PENDING
2017-09-05 15:59:24,055: pmgr.launching.0.child: pmgr.launching.0                : MainThread     : DEBUG   : registered worker work [PMGR_LAUNCHING_PENDING]
2017-09-05 15:59:24,055: pmgr.launching.0.child: pmgr.launching.0                : MainThread     : DEBUG   : alive check in term
2017-09-05 15:59:24,055: pmgr.launching.0.child: pmgr.launching.0                : MainThread     : DEBUG   : START: pmgr.launching.0.child register idler pmgr.launching.0.child.idler._pilot_watcher_cb
2017-09-05 15:59:24,055: pmgr.launching.0.child: pmgr.launching.0                : MainThread     : DEBUG   : parent name: pmgr.launching.0.child.idler._pilot_watcher_cb
2017-09-05 15:59:24,056: pmgr.launching.0.child: pmgr.launching.0                : MainThread     : DEBUG   : start thread
2017-09-05 15:59:24,056: pmgr.launching.0.child: pmgr.launching.0                : pmgr.launching.0.child.idler._pilot_watcher_cb: DEBUG   : child name: pmgr.launching.0.child.idler._pilot_watcher_cb.thread
2017-09-05 15:59:24,056: pmgr.launching.0.child: pmgr.launching.0                : pmgr.launching.0.child.idler._pilot_watcher_cb: INFO    : child (me) initializing
2017-09-05 15:59:24,057: pmgr.launching.0.child: pmgr.launching.0                : pmgr.launching.0.child.idler._pilot_watcher_cb: DEBUG   : ru_initialize_common (NOOP)
2017-09-05 15:59:24,057: pmgr.launching.0.child: pmgr.launching.0                : pmgr.launching.0.child.idler._pilot_watcher_cb: DEBUG   : ru_initialize_child (NOOP)
2017-09-05 15:59:24,057: pmgr.launching.0.child: pmgr.launching.0                : pmgr.launching.0.child.idler._pilot_watcher_cb: INFO    : send alive
2017-09-05 15:59:24,057: pmgr.launching.0.child: pmgr.launching.0                : pmgr.launching.0.child.idler._pilot_watcher_cb: INFO    : put message: [pmgr.launching.0.child.idler._pilot_watcher_cb.thread] alive
2017-09-05 15:59:24,058: pmgr.launching.0.child: pmgr.launching.0                : MainThread     : INFO    : get msg: alive
2017-09-05 15:59:24,058: pmgr.launching.0.child: pmgr.launching.0                : MainThread     : DEBUG   : ru_initialize_common (NOOP)
2017-09-05 15:59:24,058: pmgr.launching.0.child: pmgr.launching.0                : MainThread     : DEBUG   : ru_initialize_parent (NOOP)
2017-09-05 15:59:24,058: pmgr.launching.0.child: pmgr.launching.0                : MainThread     : DEBUG   : child thread pmgr.launching.0.child.idler._pilot_watcher_cb started
2017-09-05 15:59:24,058: pmgr.launching.0.child: pmgr.launching.0                : MainThread     : DEBUG   : pmgr.launching.0.child registered idler pmgr.launching.0.child.idler._pilot_watcher_cb
2017-09-05 15:59:24,059: pmgr.launching.0.child: pmgr.launching.0                : MainThread     : DEBUG   : alive check in term
2017-09-05 15:59:24,059: pmgr.launching.0.child: pmgr.launching.0                : MainThread     : DEBUG   : START: pmgr.launching.0.child register subscriber pmgr.launching.0.child.subscriber._pmgr_control_cb
2017-09-05 15:59:24,060: pmgr.launching.0.child: pmgr.launching.0                : MainThread     : DEBUG   : using addr tcp://138.201.86.166:43814 for pubsub control_pubsub
2017-09-05 15:59:24,064: pmgr.launching.0.child: pmgr.launching.0                : MainThread     : DEBUG   : parent name: pmgr.launching.0.child.subscriber._pmgr_control_cb
2017-09-05 15:59:24,065: pmgr.launching.0.child: pmgr.launching.0                : MainThread     : DEBUG   : start thread
2017-09-05 15:59:24,065: pmgr.launching.0.child: pmgr.launching.0                : pmgr.launching.0.child.subscriber._pmgr_control_cb: DEBUG   : child name: pmgr.launching.0.child.subscriber._pmgr_control_cb.thread
2017-09-05 15:59:24,066: pmgr.launching.0.child: pmgr.launching.0                : pmgr.launching.0.child.subscriber._pmgr_control_cb: INFO    : child (me) initializing
2017-09-05 15:59:24,066: pmgr.launching.0.child: pmgr.launching.0                : pmgr.launching.0.child.subscriber._pmgr_control_cb: DEBUG   : ru_initialize_common (NOOP)
2017-09-05 15:59:24,066: pmgr.launching.0.child: pmgr.launching.0                : pmgr.launching.0.child.subscriber._pmgr_control_cb: DEBUG   : ru_initialize_child (NOOP)
2017-09-05 15:59:24,066: pmgr.launching.0.child: pmgr.launching.0                : pmgr.launching.0.child.subscriber._pmgr_control_cb: INFO    : send alive
2017-09-05 15:59:24,067: pmgr.launching.0.child: pmgr.launching.0                : pmgr.launching.0.child.subscriber._pmgr_control_cb: INFO    : put message: [pmgr.launching.0.child.subscriber._pmgr_control_cb.thread] alive
2017-09-05 15:59:24,068: pmgr.launching.0.child: pmgr.launching.0                : MainThread     : INFO    : get msg: alive
2017-09-05 15:59:24,068: pmgr.launching.0.child: pmgr.launching.0                : MainThread     : DEBUG   : ru_initialize_common (NOOP)
2017-09-05 15:59:24,068: pmgr.launching.0.child: pmgr.launching.0                : MainThread     : DEBUG   : ru_initialize_parent (NOOP)
2017-09-05 15:59:24,068: pmgr.launching.0.child: pmgr.launching.0                : MainThread     : DEBUG   : child thread pmgr.launching.0.child.subscriber._pmgr_control_cb started
2017-09-05 15:59:24,071: pmgr.launching.0.child: pmgr.launching.0                : MainThread     : DEBUG   : pmgr.launching.0.child registered control_pubsub subscriber pmgr.launching.0.child.subscriber._pmgr_control_cb
2017-09-05 15:59:24,073: pmgr.launching.0.child: pmgr.launching.0                : MainThread     : INFO    : ('0.47', '0.47-v0.46-3-g0f79ca80@devel', '-v0.46', '@devel', 'radical.pilot-0.47-v0.46-3-g0f79ca80-devel.tar.gz', '/home/vivek/ves/test-htbac/local/lib/python2.7/site-packages/radical/pilot/pmgr/launching/../..//radical.pilot-0.47-v0.46-3-g0f79ca80-devel.tar.gz')
2017-09-05 15:59:24,073: pmgr.launching.0.child: pmgr.launching.0                : MainThread     : INFO    : child (me) initializing
2017-09-05 15:59:24,073: pmgr.launching.0.child: pmgr.launching.0                : MainThread     : DEBUG   : parent name: pmgr.launching.0.child.watch
2017-09-05 15:59:24,073: pmgr.launching.0.child: pmgr.launching.0                : MainThread     : DEBUG   : start thread
2017-09-05 15:59:24,074: pmgr.launching.0.child: pmgr.launching.0                : pmgr.launching.0.child.watch: DEBUG   : child name: pmgr.launching.0.child.watch.thread
2017-09-05 15:59:24,074: pmgr.launching.0.child: pmgr.launching.0                : pmgr.launching.0.child.watch: INFO    : child (me) initializing
2017-09-05 15:59:24,074: pmgr.launching.0.child: pmgr.launching.0                : pmgr.launching.0.child.watch: DEBUG   : ru_initialize_common (NOOP)
2017-09-05 15:59:24,074: pmgr.launching.0.child: pmgr.launching.0                : pmgr.launching.0.child.watch: DEBUG   : ru_initialize_child (NOOP)
2017-09-05 15:59:24,074: pmgr.launching.0.child: pmgr.launching.0                : pmgr.launching.0.child.watch: INFO    : send alive
2017-09-05 15:59:24,075: pmgr.launching.0.child: pmgr.launching.0                : pmgr.launching.0.child.watch: INFO    : put message: [pmgr.launching.0.child.watch.thread] alive
2017-09-05 15:59:24,075: pmgr.launching.0.child: pmgr.launching.0                : MainThread     : INFO    : get msg: alive
2017-09-05 15:59:24,075: pmgr.launching.0.child: pmgr.launching.0                : MainThread     : DEBUG   : ru_initialize_common (NOOP)
2017-09-05 15:59:24,076: pmgr.launching.0.child: pmgr.launching.0                : MainThread     : DEBUG   : ru_initialize_parent (NOOP)
2017-09-05 15:59:24,076: pmgr.launching.0.child: pmgr.launching.0                : MainThread     : DEBUG   : child thread pmgr.launching.0.child.watch started
2017-09-05 15:59:24,076: pmgr.launching.0.child: pmgr.launching.0                : MainThread     : INFO    : child (me) is alive
2017-09-05 15:59:24,076: pmgr.launching.0.child: pmgr.launching.0                : MainThread     : INFO    : send alive
2017-09-05 15:59:24,076: pmgr.launching.0.child: pmgr.launching.0                : MainThread     : INFO    : send message: [pmgr.launching.0.child] alive
2017-09-05 15:59:30,023: pmgr.launching.0.child: pmgr.launching.0                : MainThread     : DEBUG   : got pilot (pilot.0000)
2017-09-05 15:59:30,023: pmgr.launching.0.child: pmgr.launching.0                : MainThread     : DEBUG   : advance bulk size: 1 [False, True]
2017-09-05 15:59:30,023: pmgr.launching.0.child: pmgr.launching.0                : MainThread     : DEBUG   : advance bulk: pilot.0000 [1]
2017-09-05 15:59:30,024: pmgr.launching.0.child: pmgr.launching.0                : MainThread     : INFO    : Launching pilots on ncsa.bw_aprun: ['pilot.0000']
2017-09-05 15:59:35,510: pmgr.launching.0.child: pmgr.launching.0                : MainThread     : INFO    : Read agent config file: /home/vivek/ves/test-htbac/local/lib/python2.7/site-packages/radical/pilot/pmgr/launching/../..//configs/agent_default.json
2017-09-05 15:59:35,512: pmgr.launching.0.child: pmgr.launching.0                : MainThread     : DEBUG   : Write agent cfg to '/tmp/rp.agent_cfg.kre_fy'.
2017-09-05 15:59:35,516: pmgr.launching.0.child: pmgr.launching.0                : MainThread     : DEBUG   : {'agent_launch_method': 'APRUN',
 u'bridges': {u'agent_executing_queue': {u'bulk_size': 0,
                                         u'log_level': u'debug',
                                         u'stall_hwm': 1},
              u'agent_reschedule_pubsub': {u'bulk_size': 0,
                                           u'log_level': u'debug',
                                           u'stall_hwm': 1},
              u'agent_scheduling_queue': {u'bulk_size': 0,
                                          u'log_level': u'debug',
                                          u'stall_hwm': 1},
              u'agent_staging_input_queue': {u'bulk_size': 0,
                                             u'log_level': u'debug',
                                             u'stall_hwm': 1},
              u'agent_staging_output_queue': {u'bulk_size': 0,
                                              u'log_level': u'debug',
                                              u'stall_hwm': 1},
              u'agent_unschedule_pubsub': {u'bulk_size': 0,
                                           u'log_level': u'debug',
                                           u'stall_hwm': 1},
              u'control_pubsub': {u'bulk_size': 0,
                                  u'log_level': u'debug',
                                  u'stall_hwm': 1},
              u'log_pubsub': {u'bulk_size': 0,
                              u'log_level': u'debug',
                              u'stall_hwm': 1},
              u'state_pubsub': {u'bulk_size': 0,
                                u'log_level': u'debug',
                                u'stall_hwm': 1}},
 u'bulk_collection_size': 100,
 u'bulk_collection_time': 1.0,
 u'components': {u'AgentExecutingComponent': {u'count': 1},
                 u'AgentSchedulingComponent': {u'count': 1},
                 u'AgentStagingInputComponent': {u'count': 1},
                 u'AgentStagingOutputComponent': {u'count': 1},
                 u'UpdateWorker': {u'count': 1}},
 'cores': 64,
 'cores_per_node': 0,
 'cu_post_exec': None,
 'cu_pre_exec': None,
 'cu_tmp': None,
 u'db_poll_sleeptime': 1.0,
 'dburl': 'mongodb://user:user@ds153652.mlab.com:53652/test_08_08',
 'debug': 10,
 'export_to_cu': None,
 'logdir': '.',
 'lrms': 'TORQUE',
 u'max_io_loglength': 1024,
 u'mode': u'shared',
 'mpi_launch_method': 'APRUN',
 'owner': 'agent_0',
 'pilot_id': 'pilot.0000',
 'pilot_sandbox': '/scratch/sciteam/balasubr/radical.pilot.sandbox/rp.session.two.vivek.017414.0002/pilot.0000/',
 'resource_cfg': {'agent_launch_method': 'APRUN',
                  'agent_scheduler': 'CONTINUOUS',
                  'agent_spawner': 'POPEN',
                  'default_queue': 'normal',
                  'default_remote_workdir': '/scratch/sciteam/$USER',
                  'description': 'The NCSA Blue Waters Cray XE6/XK7 system (https://bluewaters.ncsa.illinois.edu/)',
                  'filesystem_endpoint': 'gsisftp://bw.ncsa.illinois.edu/',
                  'gsissh': {'filesystem_endpoint': 'gsisftp://bw.ncsa.illinois.edu/',
                             'job_manager_endpoint': 'torque+gsissh://bw.ncsa.illinois.edu'},
                  'job_manager_endpoint': 'torque+gsissh://bw.ncsa.illinois.edu',
                  'label': 'ncsa.bw_aprun',
                  'lrms': 'TORQUE',
                  'mpi_launch_method': 'APRUN',
                  'notes': "Running 'touch .hushlogin' on the login node will reduce the likelihood of prompt detection issues.",
                  'pre_bootstrap_1': ['module switch PrgEnv-cray PrgEnv-gnu',
                                      'module load bwpy'],
                  'python_dist': 'default',
                  'rp_version': 'local',
                  'schemas': ['gsissh'],
                  'stage_cacerts': 'True',
                  'task_launch_method': 'APRUN',
                  'valid_roots': ['/scratch/sciteam'],
                  'virtenv_mode': 'create'},
 'resource_sandbox': '/scratch/sciteam/balasubr/radical.pilot.sandbox',
 'runtime': 400,
 'scheduler': 'CONTINUOUS',
 'session_id': 'rp.session.two.vivek.017414.0002',
 'session_sandbox': '/scratch/sciteam/balasubr/radical.pilot.sandbox/rp.session.two.vivek.017414.0002',
 'spawner': 'POPEN',
 u'staging_area': u'staging_area',
 u'staging_schema': u'staging',
 u'target': u'local',
 'task_launch_method': 'APRUN'}
2017-09-05 15:59:35,551: pmgr.launching.0.child: pmgr.launching.0                : MainThread     : DEBUG   : use bootstrapper /home/vivek/ves/test-htbac/local/lib/python2.7/site-packages/radical/pilot/agent/bootstrap_1.sh
2017-09-05 15:59:35,551: pmgr.launching.0.child: pmgr.launching.0                : MainThread     : DEBUG   : use CAs /home/vivek/ves/test-htbac/local/lib/python2.7/site-packages/radical/pilot/agent/cacert.pem.gz
2017-09-05 15:59:35,554: pmgr.launching.0.child: pmgr.launching.0                : MainThread     : DEBUG   : Bootstrap command line: /bin/bash ['-l /scratch/sciteam/balasubr/radical.pilot.sandbox/rp.session.two.vivek.017414.0002/bootstrap_1.sh', " -d 'radical.utils-0.47-v0.46-10-gc515db1-devel.tar.gz:saga-python-0.47-v0.46-2-ga48f5f0c-devel.tar.gz:radical.pilot-0.47-v0.46-3-g0f79ca80-devel.tar.gz' -p 'pilot.0000' -s 'rp.session.two.vivek.017414.0002' -m 'create' -r 'local' -b 'default' -g 'default' -v '/scratch/sciteam/balasubr/radical.pilot.sandbox/ve.ncsa.bw_aprun.0.47' -y '400' -e 'module switch PrgEnv-cray PrgEnv-gnu' -e 'module load bwpy'"]
2017-09-05 15:59:35,556: pmgr.launching.0.child: pmgr.launching.0                : MainThread     : DEBUG   : cmd: cd /tmp/rp_agent_tar_dirEpp8Ir && tar zchf /tmp/rp_agent_tar_dirEpp8Ir/rp.session.two.vivek.017414.0002.pmgr.launching.0.child.tgz *
2017-09-05 15:59:35,607: pmgr.launching.0.child: pmgr.launching.0                : MainThread     : DEBUG   : out: 
2017-09-05 15:59:35,607: pmgr.launching.0.child: pmgr.launching.0                : MainThread     : DEBUG   : rs.file.Directory ('gsisftp://bw.ncsa.illinois.edu/')
2017-09-05 15:59:50,969: pmgr.launching.0.child: pmgr.launching.0                : MainThread     : DEBUG   : tar cmd : tar zmxvf /scratch/sciteam/balasubr/radical.pilot.sandbox/rp.session.two.vivek.017414.0002/rp.session.two.vivek.017414.0002.pmgr.launching.0.child.tgz -C /scratch/sciteam/balasubr/radical.pilot.sandbox/rp.session.two.vivek.017414.0002
2017-09-05 15:59:51,414: pmgr.launching.0.child: pmgr.launching.0                : MainThread     : DEBUG   : tar done: Done, bootstrap_1.sh
cacert.pem.gz
pilot.0000/
pilot.0000/agent_0.cfg
pilot.0000/pilot.0000.prof.tgz
pilot.0000/pilot.0000.log.tgz
radical.pilot-0.47-v0.46-3-g0f79ca80-devel.tar.gz
radical.utils-0.47-v0.46-10-gc515db1-devel.tar.gz
saga-python-0.47-v0.46-2-ga48f5f0c-devel.tar.gz
, 
2017-09-05 16:00:01,262: pmgr.launching.0.child: pmgr.launching.0                : MainThread     : DEBUG   : jd: {'Arguments': ['-l /scratch/sciteam/balasubr/radical.pilot.sandbox/rp.session.two.vivek.017414.0002/bootstrap_1.sh',
               " -d 'radical.utils-0.47-v0.46-10-gc515db1-devel.tar.gz:saga-python-0.47-v0.46-2-ga48f5f0c-devel.tar.gz:radical.pilot-0.47-v0.46-3-g0f79ca80-devel.tar.gz' -p 'pilot.0000' -s 'rp.session.two.vivek.017414.0002' -m 'create' -r 'local' -b 'default' -g 'default' -v '/scratch/sciteam/balasubr/radical.pilot.sandbox/ve.ncsa.bw_aprun.0.47' -y '400' -e 'module switch PrgEnv-cray PrgEnv-gnu' -e 'module load bwpy'"],
 'CandidateHosts': None,
 'Environment': {'RADICAL_PILOT_PROFILE': 'TRUE'},
 'Error': 'bootstrap_1.err',
 'Executable': '/bin/bash',
 'FileTransfer': [],
 'Name': 'pilot.0000',
 'Output': 'bootstrap_1.out',
 'ProcessesPerHost': 0,
 'Project': 'bamm',
 'Queue': 'high',
 'SPMDVariation': None,
 'TotalCPUCount': 64,
 'TotalPhysicalMemory': None,
 'WallTimeLimit': 400,
 'WorkingDirectory': '/scratch/sciteam/balasubr/radical.pilot.sandbox/rp.session.two.vivek.017414.0002/pilot.0000/'}
2017-09-05 16:00:02,651: pmgr.launching.0.child: pmgr.launching.0                : MainThread     : DEBUG   : pilot job: pilot.0000 : [torque+gsissh://bw.ncsa.illinois.edu]-[7427204] : pilot.0000 : Pending
2017-09-05 16:00:02,651: pmgr.launching.0.child: pmgr.launching.0                : MainThread     : DEBUG   : advance bulk size: 1 [False, True]
2017-09-05 16:00:02,652: pmgr.launching.0.child: pmgr.launching.0                : MainThread     : DEBUG   : advance bulk: pilot.0000 [1]
2017-09-05 16:05:53,478: pmgr.launching.0.child: pmgr.launching.0                : pmgr.launching.0.child.subscriber._pmgr_control_cb: DEBUG   : launcher got {'cmd': 'add_pilots', 'arg': {'pilots': [{'resource_sandbox': 'gsisftp://bw.ncsa.illinois.edu/scratch/sciteam/balasubr/radical.pilot.sandbox', 'resource_details': {'lm_detail': None, 'lm_info': None}, 'resource': 'ncsa.bw_aprun', 'description': {'queue': 'high', 'resource': 'ncsa.bw_aprun', 'exit_on_error': False, 'candidate_hosts': None, 'project': 'bamm', 'sandbox': None, 'cleanup': None, 'access_schema': 'gsissh', 'memory': None, 'cores': 64, 'runtime': 400}, 'pmgr': 'pmgr.0000', 'stdout': None, 'state': 'PMGR_ACTIVE', 'sandbox': 'gsisftp://bw.ncsa.illinois.edu/scratch/sciteam/balasubr/radical.pilot.sandbox/rp.session.two.vivek.017414.0002/pilot.0000/', 'session': 'rp.session.two.vivek.017414.0002', 'log': None, 'stderr': None, 'client_sandbox': '/home/vivek/repos/GB-SC18/scripts', 'type': 'pilot', 'pilot_sandbox': 'gsisftp://bw.ncsa.illinois.edu/scratch/sciteam/balasubr/radical.pilot.sandbox/rp.session.two.vivek.017414.0002/pilot.0000/', 'uid': 'pilot.0000'}], 'umgr': 'umgr.0000'}}
2017-09-05 17:52:45,807: pmgr.launching.0.child: pmgr.launching.0                : MainThread     : ERROR   : abort: KeyboardInterrupt()
Traceback (most recent call last):
  File "/home/vivek/ves/test-htbac/local/lib/python2.7/site-packages/radical/utils/process.py", line 599, in _run
    if not self.work_cb():
  File "/home/vivek/ves/test-htbac/local/lib/python2.7/site-packages/radical/pilot/utils/component.py", line 1191, in work_cb
    things = input.get_nowait(1000) # timeout in microseconds
  File "/home/vivek/ves/test-htbac/local/lib/python2.7/site-packages/radical/pilot/utils/queue.py", line 437, in get_nowait
    if _uninterruptible(self._q.poll, flags=zmq.POLLIN, timeout=timeout):
  File "/home/vivek/ves/test-htbac/local/lib/python2.7/site-packages/radical/pilot/utils/queue.py", line 50, in _uninterruptible
    return f(*args, **kwargs)
  File "/home/vivek/ves/test-htbac/local/lib/python2.7/site-packages/zmq/sugar/socket.py", line 558, in poll
    evts = dict(p.poll(timeout))
  File "/home/vivek/ves/test-htbac/local/lib/python2.7/site-packages/zmq/sugar/poll.py", line 99, in poll
    return zmq_poll(self.sockets, timeout=timeout)
  File "zmq/backend/cython/_poll.pyx", line 116, in zmq.backend.cython._poll.zmq_poll (zmq/backend/cython/_poll.c:2036)
  File "zmq/backend/cython/checkrc.pxd", line 12, in zmq.backend.cython.checkrc._check_rc (zmq/backend/cython/_poll.c:2418)
    PyErr_CheckSignals()
KeyboardInterrupt
2017-09-05 17:52:45,808: pmgr.launching.0.child: pmgr.launching.0                : MainThread     : INFO    : send message: [pmgr.launching.0.child] abort: KeyboardInterrupt()
2017-09-05 17:52:45,809: pmgr.launching.0.child: pmgr.launching.0                : MainThread     : DEBUG   : TERM : pmgr.launching.0.child unregister idler pmgr.launching.0.child.idler._pilot_watcher_cb
2017-09-05 17:52:45,809: pmgr.launching.0.child: pmgr.launching.0                : MainThread     : INFO    : parent stops child
2017-09-05 17:52:45,809: pmgr.launching.0.child: pmgr.launching.0                : MainThread     : DEBUG   : ru_finalize_parent (NOOP)
2017-09-05 17:52:45,809: pmgr.launching.0.child: pmgr.launching.0                : MainThread     : DEBUG   : ru_finalize_common (NOOP)
2017-09-05 17:52:45,825: pmgr.launching.0.child: pmgr.launching.0                : pmgr.launching.0.child.idler._pilot_watcher_cb: DEBUG   : ru_finalize_child (NOOP)
2017-09-05 17:52:45,825: pmgr.launching.0.child: pmgr.launching.0                : pmgr.launching.0.child.idler._pilot_watcher_cb: DEBUG   : ru_finalize_common (NOOP)
2017-09-05 17:52:45,825: pmgr.launching.0.child: pmgr.launching.0                : pmgr.launching.0.child.idler._pilot_watcher_cb: INFO    : put message: [pmgr.launching.0.child.idler._pilot_watcher_cb.thread] terminating
2017-09-05 17:52:45,841: pmgr.launching.0.child: pmgr.launching.0                : MainThread     : DEBUG   : TERM : pmgr.launching.0.child unregistered idler pmgr.launching.0.child.idler._pilot_watcher_cb
2017-09-05 17:52:45,841: pmgr.launching.0.child: pmgr.launching.0                : MainThread     : DEBUG   : TERM : pmgr.launching.0.child unregister subscriber pmgr.launching.0.child.subscriber._pmgr_control_cb
2017-09-05 17:52:45,841: pmgr.launching.0.child: pmgr.launching.0                : MainThread     : DEBUG   : unregistered subscriber pmgr.launching.0.child.subscriber._pmgr_control_cb
2017-09-05 17:52:46,203: pmgr.launching.0.child: pmgr.launching.0                : MainThread     : DEBUG   : advance bulk size: 1 [False, True]
2017-09-05 17:52:46,203: pmgr.launching.0.child: pmgr.launching.0                : MainThread     : DEBUG   : advance bulk: pilot.0000 [1]
2017-09-05 17:52:46,203: pmgr.launching.0.child: pmgr.launching.0                : MainThread     : DEBUG   : close  js to gsissh://bw.ncsa.illinois.edu
2017-09-05 17:52:46,227: pmgr.launching.0.child: pmgr.launching.0                : pmgr.launching.0.child.watch: WARNING : %s died
2017-09-05 17:52:46,227: pmgr.launching.0.child: pmgr.launching.0                : pmgr.launching.0.child.watch: INFO    : watcher closes
2017-09-05 17:52:46,227: pmgr.launching.0.child: pmgr.launching.0                : pmgr.launching.0.child.watch: INFO    : put message: [pmgr.launching.0.child.watch.thread] work finished
2017-09-05 17:52:46,227: pmgr.launching.0.child: pmgr.launching.0                : pmgr.launching.0.child.watch: DEBUG   : ru_finalize_child (NOOP)
2017-09-05 17:52:46,227: pmgr.launching.0.child: pmgr.launching.0                : pmgr.launching.0.child.watch: DEBUG   : ru_finalize_common (NOOP)
2017-09-05 17:52:46,227: pmgr.launching.0.child: pmgr.launching.0                : pmgr.launching.0.child.watch: INFO    : put message: [pmgr.launching.0.child.watch.thread] terminating
2017-09-05 17:52:46,405: pmgr.launching.0.child: pmgr.launching.0                : MainThread     : DEBUG   : closed js to gsissh://bw.ncsa.illinois.edu
2017-09-05 17:52:46,405: pmgr.launching.0.child: pmgr.launching.0                : MainThread     : DEBUG   : close  js to torque+gsissh://bw.ncsa.illinois.edu
