2017-09-05 16:05:51,671: umgr.staging.output.0.child: umgr.staging.output.0           : MainThread     : INFO    : python.interpreter   version: 2.7.12 (default, Nov 19 2016, 06:48:10) [GCC 5.4.0 20160609]
2017-09-05 16:05:51,671: umgr.staging.output.0.child: umgr.staging.output.0           : MainThread     : INFO    :                      pid: 15424
2017-09-05 16:05:51,671: umgr.staging.output.0.child: umgr.staging.output.0           : MainThread     : INFO    :                      tid: MainThread
2017-09-05 16:05:51,671: umgr.staging.output.0.child: umgr.staging.output.0           : MainThread     : INFO    : radical.pilot        version: 0.47-v0.46-3-g0f79ca80@devel
2017-09-05 16:05:52,674: umgr.staging.output.0.child: umgr.staging.output.0           : MainThread     : INFO    : initialize umgr.staging.output.0.child
2017-09-05 16:05:52,676: umgr.staging.output.0.child: umgr.staging.output.0           : MainThread     : INFO    : cfg: {'agents': {},
 u'bridges': {u'control_pubsub': {'addr_in': 'tcp://138.201.86.166:37188',
                                  'addr_out': 'tcp://138.201.86.166:43814',
                                  u'bulk_size': 0,
                                  u'log_level': u'debug',
                                  u'stall_hwm': 1},
              u'log_pubsub': {'addr_in': 'tcp://138.201.86.166:45270',
                              'addr_out': 'tcp://138.201.86.166:32929',
                              u'bulk_size': 0,
                              u'log_level': u'debug',
                              u'stall_hwm': 1},
              u'state_pubsub': {'addr_in': 'tcp://138.201.86.166:41237',
                                'addr_out': 'tcp://138.201.86.166:41589',
                                u'bulk_size': 0,
                                u'log_level': u'debug',
                                u'stall_hwm': 1},
              u'umgr_reschedule_pubsub': {'addr_in': 'tcp://138.201.86.166:43252',
                                          'addr_out': 'tcp://138.201.86.166:34405',
                                          u'bulk_size': 0,
                                          u'log_level': u'debug',
                                          u'stall_hwm': 1},
              u'umgr_scheduling_queue': {'addr_in': 'tcp://138.201.86.166:35712',
                                         'addr_out': 'tcp://138.201.86.166:33798',
                                         u'bulk_size': 0,
                                         u'log_level': u'debug',
                                         u'stall_hwm': 1},
              u'umgr_staging_input_queue': {'addr_in': 'tcp://138.201.86.166:45875',
                                            'addr_out': 'tcp://138.201.86.166:37751',
                                            u'bulk_size': 0,
                                            u'log_level': u'debug',
                                            u'stall_hwm': 1},
              u'umgr_staging_output_queue': {'addr_in': 'tcp://138.201.86.166:38835',
                                             'addr_out': 'tcp://138.201.86.166:35470',
                                             u'bulk_size': 0,
                                             u'log_level': u'debug',
                                             u'stall_hwm': 1},
              u'umgr_unschedule_pubsub': {'addr_in': 'tcp://138.201.86.166:34490',
                                          'addr_out': 'tcp://138.201.86.166:42341',
                                          u'bulk_size': 0,
                                          u'log_level': u'debug',
                                          u'stall_hwm': 1}},
 u'bulk_collection_size': 100,
 u'bulk_collection_time': 1.0,
 'cname': u'UMGRStagingOutputComponent',
 u'components': {},
 u'count': 1,
 u'db_poll_sleeptime': 1.0,
 'number': 0,
 'owner': 'umgr.0000',
 u'scheduler': u'round_robin',
 'uid': 'umgr.0000'}
2017-09-05 16:05:52,676: umgr.staging.output.0.child: umgr.staging.output.0           : MainThread     : DEBUG   : start components: {}
2017-09-05 16:05:52,676: umgr.staging.output.0.child: umgr.staging.output.0           : MainThread     : DEBUG   : alive check in term
2017-09-05 16:05:52,676: umgr.staging.output.0.child: umgr.staging.output.0           : MainThread     : DEBUG   : START: umgr.staging.output.0.child register publisher log_pubsub
2017-09-05 16:05:52,676: umgr.staging.output.0.child: umgr.staging.output.0           : MainThread     : DEBUG   : using addr tcp://138.201.86.166:45270 for pubsub log_pubsub
2017-09-05 16:05:52,678: umgr.staging.output.0.child: umgr.staging.output.0           : MainThread     : DEBUG   : registered publisher : log_pubsub : log.pubsub.pub.0004
2017-09-05 16:05:52,678: umgr.staging.output.0.child: umgr.staging.output.0           : MainThread     : DEBUG   : alive check in term
2017-09-05 16:05:52,678: umgr.staging.output.0.child: umgr.staging.output.0           : MainThread     : DEBUG   : START: umgr.staging.output.0.child register publisher state_pubsub
2017-09-05 16:05:52,678: umgr.staging.output.0.child: umgr.staging.output.0           : MainThread     : DEBUG   : using addr tcp://138.201.86.166:41237 for pubsub state_pubsub
2017-09-05 16:05:52,679: umgr.staging.output.0.child: umgr.staging.output.0           : MainThread     : DEBUG   : registered publisher : state_pubsub : state.pubsub.pub.0004
2017-09-05 16:05:52,679: umgr.staging.output.0.child: umgr.staging.output.0           : MainThread     : DEBUG   : alive check in term
2017-09-05 16:05:52,679: umgr.staging.output.0.child: umgr.staging.output.0           : MainThread     : DEBUG   : START: umgr.staging.output.0.child register publisher control_pubsub
2017-09-05 16:05:52,679: umgr.staging.output.0.child: umgr.staging.output.0           : MainThread     : DEBUG   : using addr tcp://138.201.86.166:37188 for pubsub control_pubsub
2017-09-05 16:05:52,680: umgr.staging.output.0.child: umgr.staging.output.0           : MainThread     : DEBUG   : registered publisher : control_pubsub : control.pubsub.pub.0004
2017-09-05 16:05:52,680: umgr.staging.output.0.child: umgr.staging.output.0           : MainThread     : DEBUG   : alive check in term
2017-09-05 16:05:52,680: umgr.staging.output.0.child: umgr.staging.output.0           : MainThread     : DEBUG   : START: umgr.staging.output.0.child register subscriber umgr.staging.output.0.child.subscriber._cancel_monitor_cb
2017-09-05 16:05:52,680: umgr.staging.output.0.child: umgr.staging.output.0           : MainThread     : DEBUG   : using addr tcp://138.201.86.166:43814 for pubsub control_pubsub
2017-09-05 16:05:52,681: umgr.staging.output.0.child: umgr.staging.output.0           : MainThread     : DEBUG   : parent name: umgr.staging.output.0.child.subscriber._cancel_monitor_cb
2017-09-05 16:05:52,681: umgr.staging.output.0.child: umgr.staging.output.0           : MainThread     : DEBUG   : start thread
2017-09-05 16:05:52,681: umgr.staging.output.0.child: umgr.staging.output.0           : umgr.staging.output.0.child.subscriber._cancel_monitor_cb: DEBUG   : child name: umgr.staging.output.0.child.subscriber._cancel_monitor_cb.thread
2017-09-05 16:05:52,681: umgr.staging.output.0.child: umgr.staging.output.0           : umgr.staging.output.0.child.subscriber._cancel_monitor_cb: INFO    : child (me) initializing
2017-09-05 16:05:52,681: umgr.staging.output.0.child: umgr.staging.output.0           : umgr.staging.output.0.child.subscriber._cancel_monitor_cb: DEBUG   : ru_initialize_common (NOOP)
2017-09-05 16:05:52,681: umgr.staging.output.0.child: umgr.staging.output.0           : umgr.staging.output.0.child.subscriber._cancel_monitor_cb: DEBUG   : ru_initialize_child (NOOP)
2017-09-05 16:05:52,681: umgr.staging.output.0.child: umgr.staging.output.0           : umgr.staging.output.0.child.subscriber._cancel_monitor_cb: INFO    : send alive
2017-09-05 16:05:52,681: umgr.staging.output.0.child: umgr.staging.output.0           : umgr.staging.output.0.child.subscriber._cancel_monitor_cb: INFO    : put message: [umgr.staging.output.0.child.subscriber._cancel_monitor_cb.thread] alive
2017-09-05 16:05:52,682: umgr.staging.output.0.child: umgr.staging.output.0           : MainThread     : INFO    : get msg: alive
2017-09-05 16:05:52,682: umgr.staging.output.0.child: umgr.staging.output.0           : MainThread     : DEBUG   : ru_initialize_common (NOOP)
2017-09-05 16:05:52,682: umgr.staging.output.0.child: umgr.staging.output.0           : MainThread     : DEBUG   : ru_initialize_parent (NOOP)
2017-09-05 16:05:52,682: umgr.staging.output.0.child: umgr.staging.output.0           : MainThread     : DEBUG   : child thread umgr.staging.output.0.child.subscriber._cancel_monitor_cb started
2017-09-05 16:05:52,682: umgr.staging.output.0.child: umgr.staging.output.0           : MainThread     : DEBUG   : umgr.staging.output.0.child registered control_pubsub subscriber umgr.staging.output.0.child.subscriber._cancel_monitor_cb
2017-09-05 16:05:52,682: umgr.staging.output.0.child: umgr.staging.output.0           : MainThread     : DEBUG   : alive check in term
2017-09-05 16:05:52,682: umgr.staging.output.0.child: umgr.staging.output.0           : MainThread     : DEBUG   : using addr tcp://138.201.86.166:35470 for input umgr_staging_output_queue
2017-09-05 16:05:52,683: umgr.staging.output.0.child: umgr.staging.output.0           : MainThread     : DEBUG   : registered input umgr.staging.output.0.child.work.UMGR_STAGING_OUTPUT_PENDING
2017-09-05 16:05:52,683: umgr.staging.output.0.child: umgr.staging.output.0           : MainThread     : DEBUG   : START: umgr.staging.output.0.child register input UMGR_STAGING_OUTPUT_PENDING: umgr.staging.output.0.child.work.UMGR_STAGING_OUTPUT_PENDING
2017-09-05 16:05:52,683: umgr.staging.output.0.child: umgr.staging.output.0           : MainThread     : DEBUG   : registered worker work [UMGR_STAGING_OUTPUT_PENDING]
2017-09-05 16:05:52,683: umgr.staging.output.0.child: umgr.staging.output.0           : MainThread     : INFO    : child (me) initializing
2017-09-05 16:05:52,683: umgr.staging.output.0.child: umgr.staging.output.0           : MainThread     : DEBUG   : parent name: umgr.staging.output.0.child.watch
2017-09-05 16:05:52,683: umgr.staging.output.0.child: umgr.staging.output.0           : MainThread     : DEBUG   : start thread
2017-09-05 16:05:52,683: umgr.staging.output.0.child: umgr.staging.output.0           : umgr.staging.output.0.child.watch: DEBUG   : child name: umgr.staging.output.0.child.watch.thread
2017-09-05 16:05:52,683: umgr.staging.output.0.child: umgr.staging.output.0           : umgr.staging.output.0.child.watch: INFO    : child (me) initializing
2017-09-05 16:05:52,683: umgr.staging.output.0.child: umgr.staging.output.0           : umgr.staging.output.0.child.watch: DEBUG   : ru_initialize_common (NOOP)
2017-09-05 16:05:52,683: umgr.staging.output.0.child: umgr.staging.output.0           : umgr.staging.output.0.child.watch: DEBUG   : ru_initialize_child (NOOP)
2017-09-05 16:05:52,684: umgr.staging.output.0.child: umgr.staging.output.0           : umgr.staging.output.0.child.watch: INFO    : send alive
2017-09-05 16:05:52,684: umgr.staging.output.0.child: umgr.staging.output.0           : umgr.staging.output.0.child.watch: INFO    : put message: [umgr.staging.output.0.child.watch.thread] alive
2017-09-05 16:05:52,684: umgr.staging.output.0.child: umgr.staging.output.0           : MainThread     : INFO    : get msg: alive
2017-09-05 16:05:52,685: umgr.staging.output.0.child: umgr.staging.output.0           : MainThread     : DEBUG   : ru_initialize_common (NOOP)
2017-09-05 16:05:52,685: umgr.staging.output.0.child: umgr.staging.output.0           : MainThread     : DEBUG   : ru_initialize_parent (NOOP)
2017-09-05 16:05:52,685: umgr.staging.output.0.child: umgr.staging.output.0           : MainThread     : DEBUG   : child thread umgr.staging.output.0.child.watch started
2017-09-05 16:05:52,685: umgr.staging.output.0.child: umgr.staging.output.0           : MainThread     : INFO    : child (me) is alive
2017-09-05 16:05:52,685: umgr.staging.output.0.child: umgr.staging.output.0           : MainThread     : INFO    : send alive
2017-09-05 16:05:52,685: umgr.staging.output.0.child: umgr.staging.output.0           : MainThread     : INFO    : send message: [umgr.staging.output.0.child] alive
2017-09-05 16:06:04,237: umgr.staging.output.0.child: umgr.staging.output.0           : MainThread     : DEBUG   : got unit (unit.000000)
2017-09-05 16:06:04,237: umgr.staging.output.0.child: umgr.staging.output.0           : MainThread     : DEBUG   : got unit (unit.000001)
2017-09-05 16:06:04,237: umgr.staging.output.0.child: umgr.staging.output.0           : MainThread     : DEBUG   : advance bulk size: 2 [False, True]
2017-09-05 16:06:04,237: umgr.staging.output.0.child: umgr.staging.output.0           : MainThread     : DEBUG   : advance bulk: unit.000000 [2]
2017-09-05 16:06:04,237: umgr.staging.output.0.child: umgr.staging.output.0           : MainThread     : DEBUG   : advance bulk: unit.000001 [2]
2017-09-05 16:06:04,237: umgr.staging.output.0.child: umgr.staging.output.0           : MainThread     : DEBUG   : advance bulk size: 2 [True, True]
2017-09-05 16:06:04,237: umgr.staging.output.0.child: umgr.staging.output.0           : MainThread     : DEBUG   : advance bulk: unit.000000 [2]
2017-09-05 16:06:04,237: umgr.staging.output.0.child: umgr.staging.output.0           : MainThread     : DEBUG   : advance bulk: unit.000001 [2]
2017-09-05 16:06:04,238: umgr.staging.output.0.child: umgr.staging.output.0           : MainThread     : DEBUG   : bucket: DONE : ['unit.000000', 'unit.000001']
2017-09-05 16:06:04,238: umgr.staging.output.0.child: umgr.staging.output.0           : MainThread     : DEBUG   : push unit.000000 ===| DONE
2017-09-05 16:06:04,238: umgr.staging.output.0.child: umgr.staging.output.0           : MainThread     : DEBUG   : push unit.000001 ===| DONE
2017-09-05 16:06:09,119: umgr.staging.output.0.child: umgr.staging.output.0           : MainThread     : DEBUG   : got unit (unit.000002)
2017-09-05 16:06:09,119: umgr.staging.output.0.child: umgr.staging.output.0           : MainThread     : DEBUG   : got unit (unit.000003)
2017-09-05 16:06:09,119: umgr.staging.output.0.child: umgr.staging.output.0           : MainThread     : DEBUG   : advance bulk size: 2 [False, True]
2017-09-05 16:06:09,119: umgr.staging.output.0.child: umgr.staging.output.0           : MainThread     : DEBUG   : advance bulk: unit.000002 [2]
2017-09-05 16:06:09,119: umgr.staging.output.0.child: umgr.staging.output.0           : MainThread     : DEBUG   : advance bulk: unit.000003 [2]
2017-09-05 16:06:09,119: umgr.staging.output.0.child: umgr.staging.output.0           : MainThread     : DEBUG   : advance bulk size: 2 [True, True]
2017-09-05 16:06:09,120: umgr.staging.output.0.child: umgr.staging.output.0           : MainThread     : DEBUG   : advance bulk: unit.000002 [2]
2017-09-05 16:06:09,120: umgr.staging.output.0.child: umgr.staging.output.0           : MainThread     : DEBUG   : advance bulk: unit.000003 [2]
2017-09-05 16:06:09,120: umgr.staging.output.0.child: umgr.staging.output.0           : MainThread     : DEBUG   : bucket: DONE : ['unit.000002', 'unit.000003']
2017-09-05 16:06:09,120: umgr.staging.output.0.child: umgr.staging.output.0           : MainThread     : DEBUG   : push unit.000002 ===| DONE
2017-09-05 16:06:09,120: umgr.staging.output.0.child: umgr.staging.output.0           : MainThread     : DEBUG   : push unit.000003 ===| DONE
2017-09-05 16:06:17,064: umgr.staging.output.0.child: umgr.staging.output.0           : MainThread     : DEBUG   : got unit (unit.000004)
2017-09-05 16:06:17,064: umgr.staging.output.0.child: umgr.staging.output.0           : MainThread     : DEBUG   : got unit (unit.000005)
2017-09-05 16:06:17,064: umgr.staging.output.0.child: umgr.staging.output.0           : MainThread     : DEBUG   : advance bulk size: 2 [False, True]
2017-09-05 16:06:17,064: umgr.staging.output.0.child: umgr.staging.output.0           : MainThread     : DEBUG   : advance bulk: unit.000004 [2]
2017-09-05 16:06:17,064: umgr.staging.output.0.child: umgr.staging.output.0           : MainThread     : DEBUG   : advance bulk: unit.000005 [2]
2017-09-05 16:06:17,064: umgr.staging.output.0.child: umgr.staging.output.0           : MainThread     : DEBUG   : advance bulk size: 2 [True, True]
2017-09-05 16:06:17,064: umgr.staging.output.0.child: umgr.staging.output.0           : MainThread     : DEBUG   : advance bulk: unit.000004 [2]
2017-09-05 16:06:17,064: umgr.staging.output.0.child: umgr.staging.output.0           : MainThread     : DEBUG   : advance bulk: unit.000005 [2]
2017-09-05 16:06:17,065: umgr.staging.output.0.child: umgr.staging.output.0           : MainThread     : DEBUG   : bucket: DONE : ['unit.000004', 'unit.000005']
2017-09-05 16:06:17,065: umgr.staging.output.0.child: umgr.staging.output.0           : MainThread     : DEBUG   : push unit.000004 ===| DONE
2017-09-05 16:06:17,065: umgr.staging.output.0.child: umgr.staging.output.0           : MainThread     : DEBUG   : push unit.000005 ===| DONE
2017-09-05 16:06:21,015: umgr.staging.output.0.child: umgr.staging.output.0           : MainThread     : DEBUG   : got unit (unit.000006)
2017-09-05 16:06:21,015: umgr.staging.output.0.child: umgr.staging.output.0           : MainThread     : DEBUG   : advance bulk size: 1 [False, True]
2017-09-05 16:06:21,015: umgr.staging.output.0.child: umgr.staging.output.0           : MainThread     : DEBUG   : advance bulk: unit.000006 [1]
2017-09-05 16:06:21,015: umgr.staging.output.0.child: umgr.staging.output.0           : MainThread     : DEBUG   : advance bulk size: 1 [True, True]
2017-09-05 16:06:21,015: umgr.staging.output.0.child: umgr.staging.output.0           : MainThread     : DEBUG   : advance bulk: unit.000006 [1]
2017-09-05 16:06:21,015: umgr.staging.output.0.child: umgr.staging.output.0           : MainThread     : DEBUG   : bucket: DONE : ['unit.000006']
2017-09-05 16:06:21,015: umgr.staging.output.0.child: umgr.staging.output.0           : MainThread     : DEBUG   : push unit.000006 ===| DONE
2017-09-05 16:06:27,694: umgr.staging.output.0.child: umgr.staging.output.0           : MainThread     : DEBUG   : got unit (unit.000007)
2017-09-05 16:06:27,694: umgr.staging.output.0.child: umgr.staging.output.0           : MainThread     : DEBUG   : advance bulk size: 1 [False, True]
2017-09-05 16:06:27,694: umgr.staging.output.0.child: umgr.staging.output.0           : MainThread     : DEBUG   : advance bulk: unit.000007 [1]
2017-09-05 16:06:27,694: umgr.staging.output.0.child: umgr.staging.output.0           : MainThread     : DEBUG   : advance bulk size: 1 [True, True]
2017-09-05 16:06:27,694: umgr.staging.output.0.child: umgr.staging.output.0           : MainThread     : DEBUG   : advance bulk: unit.000007 [1]
2017-09-05 16:06:27,694: umgr.staging.output.0.child: umgr.staging.output.0           : MainThread     : DEBUG   : bucket: DONE : ['unit.000007']
2017-09-05 16:06:27,694: umgr.staging.output.0.child: umgr.staging.output.0           : MainThread     : DEBUG   : push unit.000007 ===| DONE
2017-09-05 16:06:30,355: umgr.staging.output.0.child: umgr.staging.output.0           : MainThread     : DEBUG   : got unit (unit.000008)
2017-09-05 16:06:30,355: umgr.staging.output.0.child: umgr.staging.output.0           : MainThread     : DEBUG   : advance bulk size: 1 [False, True]
2017-09-05 16:06:30,355: umgr.staging.output.0.child: umgr.staging.output.0           : MainThread     : DEBUG   : advance bulk: unit.000008 [1]
2017-09-05 16:06:30,355: umgr.staging.output.0.child: umgr.staging.output.0           : MainThread     : DEBUG   : advance bulk size: 1 [True, True]
2017-09-05 16:06:30,355: umgr.staging.output.0.child: umgr.staging.output.0           : MainThread     : DEBUG   : advance bulk: unit.000008 [1]
2017-09-05 16:06:30,356: umgr.staging.output.0.child: umgr.staging.output.0           : MainThread     : DEBUG   : bucket: DONE : ['unit.000008']
2017-09-05 16:06:30,356: umgr.staging.output.0.child: umgr.staging.output.0           : MainThread     : DEBUG   : push unit.000008 ===| DONE
2017-09-05 16:06:40,303: umgr.staging.output.0.child: umgr.staging.output.0           : MainThread     : DEBUG   : got unit (unit.000014)
2017-09-05 16:06:40,303: umgr.staging.output.0.child: umgr.staging.output.0           : MainThread     : DEBUG   : advance bulk size: 1 [False, True]
2017-09-05 16:06:40,303: umgr.staging.output.0.child: umgr.staging.output.0           : MainThread     : DEBUG   : advance bulk: unit.000014 [1]
2017-09-05 16:06:40,303: umgr.staging.output.0.child: umgr.staging.output.0           : MainThread     : DEBUG   : advance bulk size: 1 [True, True]
2017-09-05 16:06:40,303: umgr.staging.output.0.child: umgr.staging.output.0           : MainThread     : DEBUG   : advance bulk: unit.000014 [1]
2017-09-05 16:06:40,304: umgr.staging.output.0.child: umgr.staging.output.0           : MainThread     : DEBUG   : bucket: DONE : ['unit.000014']
2017-09-05 16:06:40,304: umgr.staging.output.0.child: umgr.staging.output.0           : MainThread     : DEBUG   : push unit.000014 ===| DONE
2017-09-05 16:06:41,741: umgr.staging.output.0.child: umgr.staging.output.0           : MainThread     : DEBUG   : got unit (unit.000012)
2017-09-05 16:06:41,741: umgr.staging.output.0.child: umgr.staging.output.0           : MainThread     : DEBUG   : advance bulk size: 1 [False, True]
2017-09-05 16:06:41,741: umgr.staging.output.0.child: umgr.staging.output.0           : MainThread     : DEBUG   : advance bulk: unit.000012 [1]
2017-09-05 16:06:41,741: umgr.staging.output.0.child: umgr.staging.output.0           : MainThread     : DEBUG   : advance bulk size: 1 [True, True]
2017-09-05 16:06:41,741: umgr.staging.output.0.child: umgr.staging.output.0           : MainThread     : DEBUG   : advance bulk: unit.000012 [1]
2017-09-05 16:06:41,742: umgr.staging.output.0.child: umgr.staging.output.0           : MainThread     : DEBUG   : bucket: DONE : ['unit.000012']
2017-09-05 16:06:41,742: umgr.staging.output.0.child: umgr.staging.output.0           : MainThread     : DEBUG   : push unit.000012 ===| DONE
2017-09-05 16:06:54,555: umgr.staging.output.0.child: umgr.staging.output.0           : MainThread     : DEBUG   : got unit (unit.000009)
2017-09-05 16:06:54,556: umgr.staging.output.0.child: umgr.staging.output.0           : MainThread     : DEBUG   : advance bulk size: 1 [False, True]
2017-09-05 16:06:54,556: umgr.staging.output.0.child: umgr.staging.output.0           : MainThread     : DEBUG   : advance bulk: unit.000009 [1]
2017-09-05 16:06:54,556: umgr.staging.output.0.child: umgr.staging.output.0           : MainThread     : DEBUG   : advance bulk size: 1 [True, True]
2017-09-05 16:06:54,556: umgr.staging.output.0.child: umgr.staging.output.0           : MainThread     : DEBUG   : advance bulk: unit.000009 [1]
2017-09-05 16:06:54,557: umgr.staging.output.0.child: umgr.staging.output.0           : MainThread     : DEBUG   : bucket: DONE : ['unit.000009']
2017-09-05 16:06:54,557: umgr.staging.output.0.child: umgr.staging.output.0           : MainThread     : DEBUG   : push unit.000009 ===| DONE
2017-09-05 16:19:11,361: umgr.staging.output.0.child: umgr.staging.output.0           : MainThread     : DEBUG   : got unit (unit.000016)
2017-09-05 16:19:11,361: umgr.staging.output.0.child: umgr.staging.output.0           : MainThread     : DEBUG   : advance bulk size: 1 [False, True]
2017-09-05 16:19:11,361: umgr.staging.output.0.child: umgr.staging.output.0           : MainThread     : DEBUG   : advance bulk: unit.000016 [1]
2017-09-05 16:19:11,361: umgr.staging.output.0.child: umgr.staging.output.0           : MainThread     : DEBUG   : advance bulk size: 1 [True, True]
2017-09-05 16:19:11,361: umgr.staging.output.0.child: umgr.staging.output.0           : MainThread     : DEBUG   : advance bulk: unit.000016 [1]
2017-09-05 16:19:11,362: umgr.staging.output.0.child: umgr.staging.output.0           : MainThread     : DEBUG   : bucket: DONE : ['unit.000016']
2017-09-05 16:19:11,363: umgr.staging.output.0.child: umgr.staging.output.0           : MainThread     : DEBUG   : push unit.000016 ===| DONE
2017-09-05 16:19:22,760: umgr.staging.output.0.child: umgr.staging.output.0           : MainThread     : DEBUG   : got unit (unit.000018)
2017-09-05 16:19:22,760: umgr.staging.output.0.child: umgr.staging.output.0           : MainThread     : DEBUG   : advance bulk size: 1 [False, True]
2017-09-05 16:19:22,760: umgr.staging.output.0.child: umgr.staging.output.0           : MainThread     : DEBUG   : advance bulk: unit.000018 [1]
2017-09-05 16:19:22,760: umgr.staging.output.0.child: umgr.staging.output.0           : MainThread     : DEBUG   : advance bulk size: 1 [True, True]
2017-09-05 16:19:22,760: umgr.staging.output.0.child: umgr.staging.output.0           : MainThread     : DEBUG   : advance bulk: unit.000018 [1]
2017-09-05 16:19:22,762: umgr.staging.output.0.child: umgr.staging.output.0           : MainThread     : DEBUG   : bucket: DONE : ['unit.000018']
2017-09-05 16:19:22,762: umgr.staging.output.0.child: umgr.staging.output.0           : MainThread     : DEBUG   : push unit.000018 ===| DONE
2017-09-05 16:19:24,196: umgr.staging.output.0.child: umgr.staging.output.0           : MainThread     : DEBUG   : got unit (unit.000013)
2017-09-05 16:19:24,196: umgr.staging.output.0.child: umgr.staging.output.0           : MainThread     : DEBUG   : advance bulk size: 1 [False, True]
2017-09-05 16:19:24,196: umgr.staging.output.0.child: umgr.staging.output.0           : MainThread     : DEBUG   : advance bulk: unit.000013 [1]
2017-09-05 16:19:24,196: umgr.staging.output.0.child: umgr.staging.output.0           : MainThread     : DEBUG   : advance bulk size: 1 [True, True]
2017-09-05 16:19:24,196: umgr.staging.output.0.child: umgr.staging.output.0           : MainThread     : DEBUG   : advance bulk: unit.000013 [1]
2017-09-05 16:19:24,197: umgr.staging.output.0.child: umgr.staging.output.0           : MainThread     : DEBUG   : bucket: DONE : ['unit.000013']
2017-09-05 16:19:24,197: umgr.staging.output.0.child: umgr.staging.output.0           : MainThread     : DEBUG   : push unit.000013 ===| DONE
2017-09-05 16:19:38,473: umgr.staging.output.0.child: umgr.staging.output.0           : MainThread     : DEBUG   : got unit (unit.000010)
2017-09-05 16:19:38,473: umgr.staging.output.0.child: umgr.staging.output.0           : MainThread     : DEBUG   : advance bulk size: 1 [False, True]
2017-09-05 16:19:38,473: umgr.staging.output.0.child: umgr.staging.output.0           : MainThread     : DEBUG   : advance bulk: unit.000010 [1]
2017-09-05 16:19:38,473: umgr.staging.output.0.child: umgr.staging.output.0           : MainThread     : DEBUG   : advance bulk size: 1 [True, True]
2017-09-05 16:19:38,473: umgr.staging.output.0.child: umgr.staging.output.0           : MainThread     : DEBUG   : advance bulk: unit.000010 [1]
2017-09-05 16:19:38,474: umgr.staging.output.0.child: umgr.staging.output.0           : MainThread     : DEBUG   : bucket: DONE : ['unit.000010']
2017-09-05 16:19:38,474: umgr.staging.output.0.child: umgr.staging.output.0           : MainThread     : DEBUG   : push unit.000010 ===| DONE
2017-09-05 16:19:51,365: umgr.staging.output.0.child: umgr.staging.output.0           : MainThread     : DEBUG   : got unit (unit.000015)
2017-09-05 16:19:51,365: umgr.staging.output.0.child: umgr.staging.output.0           : MainThread     : DEBUG   : advance bulk size: 1 [False, True]
2017-09-05 16:19:51,365: umgr.staging.output.0.child: umgr.staging.output.0           : MainThread     : DEBUG   : advance bulk: unit.000015 [1]
2017-09-05 16:19:51,365: umgr.staging.output.0.child: umgr.staging.output.0           : MainThread     : DEBUG   : advance bulk size: 1 [True, True]
2017-09-05 16:19:51,365: umgr.staging.output.0.child: umgr.staging.output.0           : MainThread     : DEBUG   : advance bulk: unit.000015 [1]
2017-09-05 16:19:51,367: umgr.staging.output.0.child: umgr.staging.output.0           : MainThread     : DEBUG   : bucket: DONE : ['unit.000015']
2017-09-05 16:19:51,367: umgr.staging.output.0.child: umgr.staging.output.0           : MainThread     : DEBUG   : push unit.000015 ===| DONE
2017-09-05 16:31:50,170: umgr.staging.output.0.child: umgr.staging.output.0           : MainThread     : DEBUG   : got unit (unit.000017)
2017-09-05 16:31:50,170: umgr.staging.output.0.child: umgr.staging.output.0           : MainThread     : DEBUG   : advance bulk size: 1 [False, True]
2017-09-05 16:31:50,170: umgr.staging.output.0.child: umgr.staging.output.0           : MainThread     : DEBUG   : advance bulk: unit.000017 [1]
2017-09-05 16:31:50,170: umgr.staging.output.0.child: umgr.staging.output.0           : MainThread     : DEBUG   : advance bulk size: 1 [True, True]
2017-09-05 16:31:50,170: umgr.staging.output.0.child: umgr.staging.output.0           : MainThread     : DEBUG   : advance bulk: unit.000017 [1]
2017-09-05 16:31:50,171: umgr.staging.output.0.child: umgr.staging.output.0           : MainThread     : DEBUG   : bucket: DONE : ['unit.000017']
2017-09-05 16:31:50,171: umgr.staging.output.0.child: umgr.staging.output.0           : MainThread     : DEBUG   : push unit.000017 ===| DONE
2017-09-05 16:32:18,830: umgr.staging.output.0.child: umgr.staging.output.0           : MainThread     : DEBUG   : got unit (unit.000021)
2017-09-05 16:32:18,830: umgr.staging.output.0.child: umgr.staging.output.0           : MainThread     : DEBUG   : advance bulk size: 1 [False, True]
2017-09-05 16:32:18,830: umgr.staging.output.0.child: umgr.staging.output.0           : MainThread     : DEBUG   : advance bulk: unit.000021 [1]
2017-09-05 16:32:18,830: umgr.staging.output.0.child: umgr.staging.output.0           : MainThread     : DEBUG   : advance bulk size: 1 [True, True]
2017-09-05 16:32:18,830: umgr.staging.output.0.child: umgr.staging.output.0           : MainThread     : DEBUG   : advance bulk: unit.000021 [1]
2017-09-05 16:32:18,835: umgr.staging.output.0.child: umgr.staging.output.0           : MainThread     : DEBUG   : bucket: DONE : ['unit.000021']
2017-09-05 16:32:18,835: umgr.staging.output.0.child: umgr.staging.output.0           : MainThread     : DEBUG   : push unit.000021 ===| DONE
2017-09-05 16:32:31,706: umgr.staging.output.0.child: umgr.staging.output.0           : MainThread     : DEBUG   : got unit (unit.000011)
2017-09-05 16:32:31,706: umgr.staging.output.0.child: umgr.staging.output.0           : MainThread     : DEBUG   : advance bulk size: 1 [False, True]
2017-09-05 16:32:31,706: umgr.staging.output.0.child: umgr.staging.output.0           : MainThread     : DEBUG   : advance bulk: unit.000011 [1]
2017-09-05 16:32:31,706: umgr.staging.output.0.child: umgr.staging.output.0           : MainThread     : DEBUG   : advance bulk size: 1 [True, True]
2017-09-05 16:32:31,706: umgr.staging.output.0.child: umgr.staging.output.0           : MainThread     : DEBUG   : advance bulk: unit.000011 [1]
2017-09-05 16:32:31,707: umgr.staging.output.0.child: umgr.staging.output.0           : MainThread     : DEBUG   : bucket: DONE : ['unit.000011']
2017-09-05 16:32:31,707: umgr.staging.output.0.child: umgr.staging.output.0           : MainThread     : DEBUG   : push unit.000011 ===| DONE
2017-09-05 16:44:19,922: umgr.staging.output.0.child: umgr.staging.output.0           : MainThread     : DEBUG   : got unit (unit.000023)
2017-09-05 16:44:19,922: umgr.staging.output.0.child: umgr.staging.output.0           : MainThread     : DEBUG   : advance bulk size: 1 [False, True]
2017-09-05 16:44:19,922: umgr.staging.output.0.child: umgr.staging.output.0           : MainThread     : DEBUG   : advance bulk: unit.000023 [1]
2017-09-05 16:44:19,922: umgr.staging.output.0.child: umgr.staging.output.0           : MainThread     : DEBUG   : advance bulk size: 1 [True, True]
2017-09-05 16:44:19,922: umgr.staging.output.0.child: umgr.staging.output.0           : MainThread     : DEBUG   : advance bulk: unit.000023 [1]
2017-09-05 16:44:19,924: umgr.staging.output.0.child: umgr.staging.output.0           : MainThread     : DEBUG   : bucket: DONE : ['unit.000023']
2017-09-05 16:44:19,924: umgr.staging.output.0.child: umgr.staging.output.0           : MainThread     : DEBUG   : push unit.000023 ===| DONE
2017-09-05 16:45:00,088: umgr.staging.output.0.child: umgr.staging.output.0           : MainThread     : DEBUG   : got unit (unit.000025)
2017-09-05 16:45:00,088: umgr.staging.output.0.child: umgr.staging.output.0           : MainThread     : DEBUG   : advance bulk size: 1 [False, True]
2017-09-05 16:45:00,088: umgr.staging.output.0.child: umgr.staging.output.0           : MainThread     : DEBUG   : advance bulk: unit.000025 [1]
2017-09-05 16:45:00,088: umgr.staging.output.0.child: umgr.staging.output.0           : MainThread     : DEBUG   : advance bulk size: 1 [True, True]
2017-09-05 16:45:00,089: umgr.staging.output.0.child: umgr.staging.output.0           : MainThread     : DEBUG   : advance bulk: unit.000025 [1]
2017-09-05 16:45:00,089: umgr.staging.output.0.child: umgr.staging.output.0           : MainThread     : DEBUG   : bucket: DONE : ['unit.000025']
2017-09-05 16:45:00,090: umgr.staging.output.0.child: umgr.staging.output.0           : MainThread     : DEBUG   : push unit.000025 ===| DONE
2017-09-05 16:56:48,628: umgr.staging.output.0.child: umgr.staging.output.0           : MainThread     : DEBUG   : got unit (unit.000024)
2017-09-05 16:56:48,628: umgr.staging.output.0.child: umgr.staging.output.0           : MainThread     : DEBUG   : advance bulk size: 1 [False, True]
2017-09-05 16:56:48,628: umgr.staging.output.0.child: umgr.staging.output.0           : MainThread     : DEBUG   : advance bulk: unit.000024 [1]
2017-09-05 16:56:48,628: umgr.staging.output.0.child: umgr.staging.output.0           : MainThread     : DEBUG   : advance bulk size: 1 [True, True]
2017-09-05 16:56:48,628: umgr.staging.output.0.child: umgr.staging.output.0           : MainThread     : DEBUG   : advance bulk: unit.000024 [1]
2017-09-05 16:56:48,629: umgr.staging.output.0.child: umgr.staging.output.0           : MainThread     : DEBUG   : bucket: DONE : ['unit.000024']
2017-09-05 16:56:48,630: umgr.staging.output.0.child: umgr.staging.output.0           : MainThread     : DEBUG   : push unit.000024 ===| DONE
2017-09-05 16:57:27,426: umgr.staging.output.0.child: umgr.staging.output.0           : MainThread     : DEBUG   : got unit (unit.000020)
2017-09-05 16:57:27,428: umgr.staging.output.0.child: umgr.staging.output.0           : MainThread     : DEBUG   : advance bulk size: 1 [False, True]
2017-09-05 16:57:27,428: umgr.staging.output.0.child: umgr.staging.output.0           : MainThread     : DEBUG   : advance bulk: unit.000020 [1]
2017-09-05 16:57:27,428: umgr.staging.output.0.child: umgr.staging.output.0           : MainThread     : DEBUG   : advance bulk size: 1 [True, True]
2017-09-05 16:57:27,428: umgr.staging.output.0.child: umgr.staging.output.0           : MainThread     : DEBUG   : advance bulk: unit.000020 [1]
2017-09-05 16:57:27,434: umgr.staging.output.0.child: umgr.staging.output.0           : MainThread     : DEBUG   : bucket: DONE : ['unit.000020']
2017-09-05 16:57:27,434: umgr.staging.output.0.child: umgr.staging.output.0           : MainThread     : DEBUG   : push unit.000020 ===| DONE
2017-09-05 17:09:12,466: umgr.staging.output.0.child: umgr.staging.output.0           : MainThread     : DEBUG   : got unit (unit.000029)
2017-09-05 17:09:12,466: umgr.staging.output.0.child: umgr.staging.output.0           : MainThread     : DEBUG   : advance bulk size: 1 [False, True]
2017-09-05 17:09:12,466: umgr.staging.output.0.child: umgr.staging.output.0           : MainThread     : DEBUG   : advance bulk: unit.000029 [1]
2017-09-05 17:09:12,466: umgr.staging.output.0.child: umgr.staging.output.0           : MainThread     : DEBUG   : advance bulk size: 1 [True, True]
2017-09-05 17:09:12,466: umgr.staging.output.0.child: umgr.staging.output.0           : MainThread     : DEBUG   : advance bulk: unit.000029 [1]
2017-09-05 17:09:12,467: umgr.staging.output.0.child: umgr.staging.output.0           : MainThread     : DEBUG   : bucket: DONE : ['unit.000029']
2017-09-05 17:09:12,467: umgr.staging.output.0.child: umgr.staging.output.0           : MainThread     : DEBUG   : push unit.000029 ===| DONE
2017-09-05 17:09:55,682: umgr.staging.output.0.child: umgr.staging.output.0           : MainThread     : DEBUG   : got unit (unit.000030)
2017-09-05 17:09:55,682: umgr.staging.output.0.child: umgr.staging.output.0           : MainThread     : DEBUG   : advance bulk size: 1 [False, True]
2017-09-05 17:09:55,682: umgr.staging.output.0.child: umgr.staging.output.0           : MainThread     : DEBUG   : advance bulk: unit.000030 [1]
2017-09-05 17:09:55,682: umgr.staging.output.0.child: umgr.staging.output.0           : MainThread     : DEBUG   : advance bulk size: 1 [True, True]
2017-09-05 17:09:55,682: umgr.staging.output.0.child: umgr.staging.output.0           : MainThread     : DEBUG   : advance bulk: unit.000030 [1]
2017-09-05 17:09:55,684: umgr.staging.output.0.child: umgr.staging.output.0           : MainThread     : DEBUG   : bucket: DONE : ['unit.000030']
2017-09-05 17:09:55,684: umgr.staging.output.0.child: umgr.staging.output.0           : MainThread     : DEBUG   : push unit.000030 ===| DONE
2017-09-05 17:21:41,647: umgr.staging.output.0.child: umgr.staging.output.0           : MainThread     : DEBUG   : got unit (unit.000022)
2017-09-05 17:21:41,647: umgr.staging.output.0.child: umgr.staging.output.0           : MainThread     : DEBUG   : advance bulk size: 1 [False, True]
2017-09-05 17:21:41,647: umgr.staging.output.0.child: umgr.staging.output.0           : MainThread     : DEBUG   : advance bulk: unit.000022 [1]
2017-09-05 17:21:41,647: umgr.staging.output.0.child: umgr.staging.output.0           : MainThread     : DEBUG   : advance bulk size: 1 [True, True]
2017-09-05 17:21:41,647: umgr.staging.output.0.child: umgr.staging.output.0           : MainThread     : DEBUG   : advance bulk: unit.000022 [1]
2017-09-05 17:21:41,648: umgr.staging.output.0.child: umgr.staging.output.0           : MainThread     : DEBUG   : bucket: DONE : ['unit.000022']
2017-09-05 17:21:41,648: umgr.staging.output.0.child: umgr.staging.output.0           : MainThread     : DEBUG   : push unit.000022 ===| DONE
2017-09-05 17:22:23,486: umgr.staging.output.0.child: umgr.staging.output.0           : MainThread     : DEBUG   : got unit (unit.000026)
2017-09-05 17:22:23,486: umgr.staging.output.0.child: umgr.staging.output.0           : MainThread     : DEBUG   : advance bulk size: 1 [False, True]
2017-09-05 17:22:23,486: umgr.staging.output.0.child: umgr.staging.output.0           : MainThread     : DEBUG   : advance bulk: unit.000026 [1]
2017-09-05 17:22:23,486: umgr.staging.output.0.child: umgr.staging.output.0           : MainThread     : DEBUG   : advance bulk size: 1 [True, True]
2017-09-05 17:22:23,486: umgr.staging.output.0.child: umgr.staging.output.0           : MainThread     : DEBUG   : advance bulk: unit.000026 [1]
2017-09-05 17:22:23,487: umgr.staging.output.0.child: umgr.staging.output.0           : MainThread     : DEBUG   : bucket: DONE : ['unit.000026']
2017-09-05 17:22:23,487: umgr.staging.output.0.child: umgr.staging.output.0           : MainThread     : DEBUG   : push unit.000026 ===| DONE
2017-09-05 17:34:08,985: umgr.staging.output.0.child: umgr.staging.output.0           : MainThread     : DEBUG   : got unit (unit.000033)
2017-09-05 17:34:08,985: umgr.staging.output.0.child: umgr.staging.output.0           : MainThread     : DEBUG   : advance bulk size: 1 [False, True]
2017-09-05 17:34:08,985: umgr.staging.output.0.child: umgr.staging.output.0           : MainThread     : DEBUG   : advance bulk: unit.000033 [1]
2017-09-05 17:34:08,986: umgr.staging.output.0.child: umgr.staging.output.0           : MainThread     : DEBUG   : advance bulk size: 1 [True, True]
2017-09-05 17:34:08,986: umgr.staging.output.0.child: umgr.staging.output.0           : MainThread     : DEBUG   : advance bulk: unit.000033 [1]
2017-09-05 17:34:08,987: umgr.staging.output.0.child: umgr.staging.output.0           : MainThread     : DEBUG   : bucket: DONE : ['unit.000033']
2017-09-05 17:34:08,987: umgr.staging.output.0.child: umgr.staging.output.0           : MainThread     : DEBUG   : push unit.000033 ===| DONE
2017-09-05 17:34:50,870: umgr.staging.output.0.child: umgr.staging.output.0           : MainThread     : DEBUG   : got unit (unit.000028)
2017-09-05 17:34:50,870: umgr.staging.output.0.child: umgr.staging.output.0           : MainThread     : DEBUG   : advance bulk size: 1 [False, True]
2017-09-05 17:34:50,870: umgr.staging.output.0.child: umgr.staging.output.0           : MainThread     : DEBUG   : advance bulk: unit.000028 [1]
2017-09-05 17:34:50,870: umgr.staging.output.0.child: umgr.staging.output.0           : MainThread     : DEBUG   : advance bulk size: 1 [True, True]
2017-09-05 17:34:50,870: umgr.staging.output.0.child: umgr.staging.output.0           : MainThread     : DEBUG   : advance bulk: unit.000028 [1]
2017-09-05 17:34:50,871: umgr.staging.output.0.child: umgr.staging.output.0           : MainThread     : DEBUG   : bucket: DONE : ['unit.000028']
2017-09-05 17:34:50,871: umgr.staging.output.0.child: umgr.staging.output.0           : MainThread     : DEBUG   : push unit.000028 ===| DONE
2017-09-05 17:46:35,302: umgr.staging.output.0.child: umgr.staging.output.0           : MainThread     : DEBUG   : got unit (unit.000035)
2017-09-05 17:46:35,302: umgr.staging.output.0.child: umgr.staging.output.0           : MainThread     : DEBUG   : advance bulk size: 1 [False, True]
2017-09-05 17:46:35,302: umgr.staging.output.0.child: umgr.staging.output.0           : MainThread     : DEBUG   : advance bulk: unit.000035 [1]
2017-09-05 17:46:35,302: umgr.staging.output.0.child: umgr.staging.output.0           : MainThread     : DEBUG   : advance bulk size: 1 [True, True]
2017-09-05 17:46:35,302: umgr.staging.output.0.child: umgr.staging.output.0           : MainThread     : DEBUG   : advance bulk: unit.000035 [1]
2017-09-05 17:46:35,303: umgr.staging.output.0.child: umgr.staging.output.0           : MainThread     : DEBUG   : bucket: DONE : ['unit.000035']
2017-09-05 17:46:35,303: umgr.staging.output.0.child: umgr.staging.output.0           : MainThread     : DEBUG   : push unit.000035 ===| DONE
2017-09-05 17:47:20,130: umgr.staging.output.0.child: umgr.staging.output.0           : MainThread     : DEBUG   : got unit (unit.000036)
2017-09-05 17:47:20,130: umgr.staging.output.0.child: umgr.staging.output.0           : MainThread     : DEBUG   : advance bulk size: 1 [False, True]
2017-09-05 17:47:20,130: umgr.staging.output.0.child: umgr.staging.output.0           : MainThread     : DEBUG   : advance bulk: unit.000036 [1]
2017-09-05 17:47:20,131: umgr.staging.output.0.child: umgr.staging.output.0           : MainThread     : DEBUG   : advance bulk size: 1 [True, True]
2017-09-05 17:47:20,131: umgr.staging.output.0.child: umgr.staging.output.0           : MainThread     : DEBUG   : advance bulk: unit.000036 [1]
2017-09-05 17:47:20,132: umgr.staging.output.0.child: umgr.staging.output.0           : MainThread     : DEBUG   : bucket: DONE : ['unit.000036']
2017-09-05 17:47:20,132: umgr.staging.output.0.child: umgr.staging.output.0           : MainThread     : DEBUG   : push unit.000036 ===| DONE
2017-09-05 17:47:25,096: umgr.staging.output.0.child: umgr.staging.output.0           : MainThread     : DEBUG   : got unit (unit.000038)
2017-09-05 17:47:25,096: umgr.staging.output.0.child: umgr.staging.output.0           : MainThread     : DEBUG   : advance bulk size: 1 [False, True]
2017-09-05 17:47:25,096: umgr.staging.output.0.child: umgr.staging.output.0           : MainThread     : DEBUG   : advance bulk: unit.000038 [1]
2017-09-05 17:47:31,533: umgr.staging.output.0.child: umgr.staging.output.0           : MainThread     : DEBUG   : src: 2j6m-a698g.tgz
2017-09-05 17:47:31,533: umgr.staging.output.0.child: umgr.staging.output.0           : MainThread     : DEBUG   : tgt: 2j6m-a698g.tgz
2017-09-05 17:47:31,533: umgr.staging.output.0.child: umgr.staging.output.0           : MainThread     : DEBUG   : <- 2j6m-a698g.tgz (<type 'str'>)
2017-09-05 17:47:31,533: umgr.staging.output.0.child: umgr.staging.output.0           : MainThread     : DEBUG   :    2j6m-a698g.tgz
2017-09-05 17:47:31,533: umgr.staging.output.0.child: umgr.staging.output.0           : MainThread     : DEBUG   :    pwd
2017-09-05 17:47:31,534: umgr.staging.output.0.child: umgr.staging.output.0           : MainThread     : DEBUG   :    expand with gsisftp://bw.ncsa.illinois.edu/scratch/sciteam/balasubr/radical.pilot.sandbox/rp.session.two.vivek.017414.0002/pilot.0000//unit.000038/
2017-09-05 17:47:31,534: umgr.staging.output.0.child: umgr.staging.output.0           : MainThread     : DEBUG   : -> gsisftp://bw.ncsa.illinois.edu/scratch/sciteam/balasubr/radical.pilot.sandbox/rp.session.two.vivek.017414.0002/pilot.0000/unit.000038/2j6m-a698g.tgz
2017-09-05 17:47:31,534: umgr.staging.output.0.child: umgr.staging.output.0           : MainThread     : DEBUG   : <- 2j6m-a698g.tgz (<type 'str'>)
2017-09-05 17:47:31,534: umgr.staging.output.0.child: umgr.staging.output.0           : MainThread     : DEBUG   :    2j6m-a698g.tgz
2017-09-05 17:47:31,534: umgr.staging.output.0.child: umgr.staging.output.0           : MainThread     : DEBUG   :    pwd
2017-09-05 17:47:31,534: umgr.staging.output.0.child: umgr.staging.output.0           : MainThread     : DEBUG   :    expand with /home/vivek/repos/GB-SC18/scripts
2017-09-05 17:47:31,534: umgr.staging.output.0.child: umgr.staging.output.0           : MainThread     : DEBUG   : -> file:///home/vivek/repos/GB-SC18/scripts/2j6m-a698g.tgz
2017-09-05 17:47:31,534: umgr.staging.output.0.child: umgr.staging.output.0           : MainThread     : DEBUG   : src: gsisftp://bw.ncsa.illinois.edu/scratch/sciteam/balasubr/radical.pilot.sandbox/rp.session.two.vivek.017414.0002/pilot.0000/unit.000038/2j6m-a698g.tgz
2017-09-05 17:47:31,534: umgr.staging.output.0.child: umgr.staging.output.0           : MainThread     : DEBUG   : tgt: file:///home/vivek/repos/GB-SC18/scripts/2j6m-a698g.tgz
2017-09-05 17:47:38,678: umgr.staging.output.0.child: umgr.staging.output.0           : MainThread     : DEBUG   : advance bulk size: 1 [True, True]
2017-09-05 17:47:38,678: umgr.staging.output.0.child: umgr.staging.output.0           : MainThread     : DEBUG   : advance bulk: unit.000038 [1]
2017-09-05 17:47:38,679: umgr.staging.output.0.child: umgr.staging.output.0           : MainThread     : DEBUG   : bucket: DONE : ['unit.000038']
2017-09-05 17:47:38,679: umgr.staging.output.0.child: umgr.staging.output.0           : MainThread     : DEBUG   : push unit.000038 ===| DONE
2017-09-05 17:52:45,806: umgr.staging.output.0.child: umgr.staging.output.0           : MainThread     : ERROR   : abort: KeyboardInterrupt()
Traceback (most recent call last):
  File "/home/vivek/ves/test-htbac/local/lib/python2.7/site-packages/radical/utils/process.py", line 599, in _run
    if not self.work_cb():
  File "/home/vivek/ves/test-htbac/local/lib/python2.7/site-packages/radical/pilot/utils/component.py", line 1191, in work_cb
    things = input.get_nowait(1000) # timeout in microseconds
  File "/home/vivek/ves/test-htbac/local/lib/python2.7/site-packages/radical/pilot/utils/queue.py", line 437, in get_nowait
    if _uninterruptible(self._q.poll, flags=zmq.POLLIN, timeout=timeout):
  File "/home/vivek/ves/test-htbac/local/lib/python2.7/site-packages/radical/pilot/utils/queue.py", line 50, in _uninterruptible
    return f(*args, **kwargs)
  File "/home/vivek/ves/test-htbac/local/lib/python2.7/site-packages/zmq/sugar/socket.py", line 558, in poll
    evts = dict(p.poll(timeout))
  File "/home/vivek/ves/test-htbac/local/lib/python2.7/site-packages/zmq/sugar/poll.py", line 99, in poll
    return zmq_poll(self.sockets, timeout=timeout)
  File "zmq/backend/cython/_poll.pyx", line 116, in zmq.backend.cython._poll.zmq_poll (zmq/backend/cython/_poll.c:2036)
  File "zmq/backend/cython/checkrc.pxd", line 12, in zmq.backend.cython.checkrc._check_rc (zmq/backend/cython/_poll.c:2418)
    PyErr_CheckSignals()
KeyboardInterrupt
2017-09-05 17:52:45,812: umgr.staging.output.0.child: umgr.staging.output.0           : MainThread     : INFO    : send message: [umgr.staging.output.0.child] abort: KeyboardInterrupt()
2017-09-05 17:52:45,812: umgr.staging.output.0.child: umgr.staging.output.0           : MainThread     : DEBUG   : ru_finalize_common()
2017-09-05 17:52:45,812: umgr.staging.output.0.child: umgr.staging.output.0           : MainThread     : DEBUG   : TERM : umgr.staging.output.0.child unregister publisher log_pubsub
2017-09-05 17:52:45,813: umgr.staging.output.0.child: umgr.staging.output.0           : MainThread     : DEBUG   : unregistered publisher log_pubsub
2017-09-05 17:52:45,813: umgr.staging.output.0.child: umgr.staging.output.0           : MainThread     : DEBUG   : TERM : umgr.staging.output.0.child unregister publisher state_pubsub
2017-09-05 17:52:45,813: umgr.staging.output.0.child: umgr.staging.output.0           : MainThread     : DEBUG   : unregistered publisher state_pubsub
2017-09-05 17:52:45,813: umgr.staging.output.0.child: umgr.staging.output.0           : MainThread     : DEBUG   : TERM : umgr.staging.output.0.child unregister publisher control_pubsub
2017-09-05 17:52:45,813: umgr.staging.output.0.child: umgr.staging.output.0           : MainThread     : DEBUG   : unregistered publisher control_pubsub
2017-09-05 17:52:45,813: umgr.staging.output.0.child: umgr.staging.output.0           : MainThread     : DEBUG   : umgr.staging.output.0.child close prof
2017-09-05 17:52:45,813: umgr.staging.output.0.child: umgr.staging.output.0           : MainThread     : INFO    : send message: [umgr.staging.output.0.child] terminating
2017-09-05 17:52:45,900: umgr.staging.output.0.child: umgr.staging.output.0           : umgr.staging.output.0.child.watch: INFO    : watcher closes
2017-09-05 17:52:45,900: umgr.staging.output.0.child: umgr.staging.output.0           : umgr.staging.output.0.child.watch: INFO    : put message: [umgr.staging.output.0.child.watch.thread] work finished
2017-09-05 17:52:45,900: umgr.staging.output.0.child: umgr.staging.output.0           : umgr.staging.output.0.child.watch: DEBUG   : ru_finalize_child (NOOP)
2017-09-05 17:52:45,900: umgr.staging.output.0.child: umgr.staging.output.0           : umgr.staging.output.0.child.watch: DEBUG   : ru_finalize_common (NOOP)
2017-09-05 17:52:45,901: umgr.staging.output.0.child: umgr.staging.output.0           : umgr.staging.output.0.child.watch: INFO    : put message: [umgr.staging.output.0.child.watch.thread] terminating
2017-09-05 17:52:45,913: umgr.staging.output.0.child: umgr.staging.output.0           : MainThread     : INFO    : parent stops child
2017-09-05 17:52:45,914: umgr.staging.output.0.child: umgr.staging.output.0           : MainThread     : DEBUG   : ru_finalize_parent (NOOP)
2017-09-05 17:52:45,914: umgr.staging.output.0.child: umgr.staging.output.0           : umgr.staging.output.0.child.subscriber._cancel_monitor_cb: ERROR   : abort: ZMQError('Socket operation on non-socket')
Traceback (most recent call last):
  File "/home/vivek/ves/test-htbac/local/lib/python2.7/site-packages/radical/utils/threads.py", line 375, in _run
    if not self.work_cb():
  File "/home/vivek/ves/test-htbac/local/lib/python2.7/site-packages/radical/pilot/utils/component.py", line 1088, in work_cb
    topic, msg = self._q.get_nowait(500)  # timout in ms
  File "/home/vivek/ves/test-htbac/local/lib/python2.7/site-packages/radical/pilot/utils/pubsub.py", line 352, in get_nowait
    if _uninterruptible(self._q.poll, flags=zmq.POLLIN, timeout=timeout):
  File "/home/vivek/ves/test-htbac/local/lib/python2.7/site-packages/radical/pilot/utils/pubsub.py", line 50, in _uninterruptible
    return f(*args, **kwargs)
  File "/home/vivek/ves/test-htbac/local/lib/python2.7/site-packages/zmq/sugar/socket.py", line 558, in poll
    evts = dict(p.poll(timeout))
  File "/home/vivek/ves/test-htbac/local/lib/python2.7/site-packages/zmq/sugar/poll.py", line 99, in poll
    return zmq_poll(self.sockets, timeout=timeout)
  File "zmq/backend/cython/_poll.pyx", line 123, in zmq.backend.cython._poll.zmq_poll (zmq/backend/cython/_poll.c:2186)
  File "zmq/backend/cython/_poll.pyx", line 116, in zmq.backend.cython._poll.zmq_poll (zmq/backend/cython/_poll.c:2036)
  File "zmq/backend/cython/checkrc.pxd", line 25, in zmq.backend.cython.checkrc._check_rc (zmq/backend/cython/_poll.c:2811)
    raise ZMQError(errno)
ZMQError: Socket operation on non-socket
2017-09-05 17:52:45,914: umgr.staging.output.0.child: umgr.staging.output.0           : umgr.staging.output.0.child.subscriber._cancel_monitor_cb: INFO    : put message: [umgr.staging.output.0.child.subscriber._cancel_monitor_cb.thread] ZMQError('Socket operation on non-socket')
2017-09-05 17:52:45,914: umgr.staging.output.0.child: umgr.staging.output.0           : umgr.staging.output.0.child.subscriber._cancel_monitor_cb: DEBUG   : ru_finalize_child (NOOP)
2017-09-05 17:52:45,914: umgr.staging.output.0.child: umgr.staging.output.0           : umgr.staging.output.0.child.subscriber._cancel_monitor_cb: INFO    : put message: [umgr.staging.output.0.child.subscriber._cancel_monitor_cb.thread] terminating
