2017-09-05 16:05:51,596: umgr.staging.input.0.child: umgr.staging.input.0            : MainThread     : INFO    : python.interpreter   version: 2.7.12 (default, Nov 19 2016, 06:48:10) [GCC 5.4.0 20160609]
2017-09-05 16:05:51,596: umgr.staging.input.0.child: umgr.staging.input.0            : MainThread     : INFO    :                      pid: 15404
2017-09-05 16:05:51,596: umgr.staging.input.0.child: umgr.staging.input.0            : MainThread     : INFO    :                      tid: MainThread
2017-09-05 16:05:51,597: umgr.staging.input.0.child: umgr.staging.input.0            : MainThread     : INFO    : radical.pilot        version: 0.47-v0.46-3-g0f79ca80@devel
2017-09-05 16:05:51,604: umgr.staging.input.0.child: umgr.staging.input.0            : MainThread     : INFO    : initialize umgr.staging.input.0.child
2017-09-05 16:05:51,605: umgr.staging.input.0.child: umgr.staging.input.0            : MainThread     : INFO    : cfg: {'agents': {},
 u'bridges': {u'control_pubsub': {'addr_in': 'tcp://138.201.86.166:37188',
                                  'addr_out': 'tcp://138.201.86.166:43814',
                                  u'bulk_size': 0,
                                  u'log_level': u'debug',
                                  u'stall_hwm': 1},
              u'log_pubsub': {'addr_in': 'tcp://138.201.86.166:45270',
                              'addr_out': 'tcp://138.201.86.166:32929',
                              u'bulk_size': 0,
                              u'log_level': u'debug',
                              u'stall_hwm': 1},
              u'state_pubsub': {'addr_in': 'tcp://138.201.86.166:41237',
                                'addr_out': 'tcp://138.201.86.166:41589',
                                u'bulk_size': 0,
                                u'log_level': u'debug',
                                u'stall_hwm': 1},
              u'umgr_reschedule_pubsub': {'addr_in': 'tcp://138.201.86.166:43252',
                                          'addr_out': 'tcp://138.201.86.166:34405',
                                          u'bulk_size': 0,
                                          u'log_level': u'debug',
                                          u'stall_hwm': 1},
              u'umgr_scheduling_queue': {'addr_in': 'tcp://138.201.86.166:35712',
                                         'addr_out': 'tcp://138.201.86.166:33798',
                                         u'bulk_size': 0,
                                         u'log_level': u'debug',
                                         u'stall_hwm': 1},
              u'umgr_staging_input_queue': {'addr_in': 'tcp://138.201.86.166:45875',
                                            'addr_out': 'tcp://138.201.86.166:37751',
                                            u'bulk_size': 0,
                                            u'log_level': u'debug',
                                            u'stall_hwm': 1},
              u'umgr_staging_output_queue': {'addr_in': 'tcp://138.201.86.166:38835',
                                             'addr_out': 'tcp://138.201.86.166:35470',
                                             u'bulk_size': 0,
                                             u'log_level': u'debug',
                                             u'stall_hwm': 1},
              u'umgr_unschedule_pubsub': {'addr_in': 'tcp://138.201.86.166:34490',
                                          'addr_out': 'tcp://138.201.86.166:42341',
                                          u'bulk_size': 0,
                                          u'log_level': u'debug',
                                          u'stall_hwm': 1}},
 u'bulk_collection_size': 100,
 u'bulk_collection_time': 1.0,
 'cname': u'UMGRStagingInputComponent',
 u'components': {},
 u'count': 1,
 u'db_poll_sleeptime': 1.0,
 'number': 0,
 'owner': 'umgr.0000',
 u'scheduler': u'round_robin',
 'uid': 'umgr.0000'}
2017-09-05 16:05:51,605: umgr.staging.input.0.child: umgr.staging.input.0            : MainThread     : DEBUG   : start components: {}
2017-09-05 16:05:51,606: umgr.staging.input.0.child: umgr.staging.input.0            : MainThread     : DEBUG   : alive check in term
2017-09-05 16:05:51,606: umgr.staging.input.0.child: umgr.staging.input.0            : MainThread     : DEBUG   : START: umgr.staging.input.0.child register publisher log_pubsub
2017-09-05 16:05:51,606: umgr.staging.input.0.child: umgr.staging.input.0            : MainThread     : DEBUG   : using addr tcp://138.201.86.166:45270 for pubsub log_pubsub
2017-09-05 16:05:51,607: umgr.staging.input.0.child: umgr.staging.input.0            : MainThread     : DEBUG   : registered publisher : log_pubsub : log.pubsub.pub.0003
2017-09-05 16:05:51,607: umgr.staging.input.0.child: umgr.staging.input.0            : MainThread     : DEBUG   : alive check in term
2017-09-05 16:05:51,607: umgr.staging.input.0.child: umgr.staging.input.0            : MainThread     : DEBUG   : START: umgr.staging.input.0.child register publisher state_pubsub
2017-09-05 16:05:51,607: umgr.staging.input.0.child: umgr.staging.input.0            : MainThread     : DEBUG   : using addr tcp://138.201.86.166:41237 for pubsub state_pubsub
2017-09-05 16:05:51,608: umgr.staging.input.0.child: umgr.staging.input.0            : MainThread     : DEBUG   : registered publisher : state_pubsub : state.pubsub.pub.0003
2017-09-05 16:05:51,608: umgr.staging.input.0.child: umgr.staging.input.0            : MainThread     : DEBUG   : alive check in term
2017-09-05 16:05:51,608: umgr.staging.input.0.child: umgr.staging.input.0            : MainThread     : DEBUG   : START: umgr.staging.input.0.child register publisher control_pubsub
2017-09-05 16:05:51,608: umgr.staging.input.0.child: umgr.staging.input.0            : MainThread     : DEBUG   : using addr tcp://138.201.86.166:37188 for pubsub control_pubsub
2017-09-05 16:05:51,609: umgr.staging.input.0.child: umgr.staging.input.0            : MainThread     : DEBUG   : registered publisher : control_pubsub : control.pubsub.pub.0003
2017-09-05 16:05:51,609: umgr.staging.input.0.child: umgr.staging.input.0            : MainThread     : DEBUG   : alive check in term
2017-09-05 16:05:51,609: umgr.staging.input.0.child: umgr.staging.input.0            : MainThread     : DEBUG   : START: umgr.staging.input.0.child register subscriber umgr.staging.input.0.child.subscriber._cancel_monitor_cb
2017-09-05 16:05:51,609: umgr.staging.input.0.child: umgr.staging.input.0            : MainThread     : DEBUG   : using addr tcp://138.201.86.166:43814 for pubsub control_pubsub
2017-09-05 16:05:51,627: umgr.staging.input.0.child: umgr.staging.input.0            : MainThread     : DEBUG   : parent name: umgr.staging.input.0.child.subscriber._cancel_monitor_cb
2017-09-05 16:05:51,627: umgr.staging.input.0.child: umgr.staging.input.0            : MainThread     : DEBUG   : start thread
2017-09-05 16:05:51,627: umgr.staging.input.0.child: umgr.staging.input.0            : umgr.staging.input.0.child.subscriber._cancel_monitor_cb: DEBUG   : child name: umgr.staging.input.0.child.subscriber._cancel_monitor_cb.thread
2017-09-05 16:05:51,627: umgr.staging.input.0.child: umgr.staging.input.0            : umgr.staging.input.0.child.subscriber._cancel_monitor_cb: INFO    : child (me) initializing
2017-09-05 16:05:51,627: umgr.staging.input.0.child: umgr.staging.input.0            : umgr.staging.input.0.child.subscriber._cancel_monitor_cb: DEBUG   : ru_initialize_common (NOOP)
2017-09-05 16:05:51,628: umgr.staging.input.0.child: umgr.staging.input.0            : umgr.staging.input.0.child.subscriber._cancel_monitor_cb: DEBUG   : ru_initialize_child (NOOP)
2017-09-05 16:05:51,628: umgr.staging.input.0.child: umgr.staging.input.0            : umgr.staging.input.0.child.subscriber._cancel_monitor_cb: INFO    : send alive
2017-09-05 16:05:51,628: umgr.staging.input.0.child: umgr.staging.input.0            : umgr.staging.input.0.child.subscriber._cancel_monitor_cb: INFO    : put message: [umgr.staging.input.0.child.subscriber._cancel_monitor_cb.thread] alive
2017-09-05 16:05:51,628: umgr.staging.input.0.child: umgr.staging.input.0            : MainThread     : INFO    : get msg: alive
2017-09-05 16:05:51,629: umgr.staging.input.0.child: umgr.staging.input.0            : MainThread     : DEBUG   : ru_initialize_common (NOOP)
2017-09-05 16:05:51,629: umgr.staging.input.0.child: umgr.staging.input.0            : MainThread     : DEBUG   : ru_initialize_parent (NOOP)
2017-09-05 16:05:51,629: umgr.staging.input.0.child: umgr.staging.input.0            : MainThread     : DEBUG   : child thread umgr.staging.input.0.child.subscriber._cancel_monitor_cb started
2017-09-05 16:05:51,629: umgr.staging.input.0.child: umgr.staging.input.0            : MainThread     : DEBUG   : umgr.staging.input.0.child registered control_pubsub subscriber umgr.staging.input.0.child.subscriber._cancel_monitor_cb
2017-09-05 16:05:51,629: umgr.staging.input.0.child: umgr.staging.input.0            : MainThread     : DEBUG   : alive check in term
2017-09-05 16:05:51,629: umgr.staging.input.0.child: umgr.staging.input.0            : MainThread     : DEBUG   : using addr tcp://138.201.86.166:37751 for input umgr_staging_input_queue
2017-09-05 16:05:51,630: umgr.staging.input.0.child: umgr.staging.input.0            : MainThread     : DEBUG   : registered input umgr.staging.input.0.child.work.UMGR_STAGING_INPUT_PENDING
2017-09-05 16:05:51,630: umgr.staging.input.0.child: umgr.staging.input.0            : MainThread     : DEBUG   : START: umgr.staging.input.0.child register input UMGR_STAGING_INPUT_PENDING: umgr.staging.input.0.child.work.UMGR_STAGING_INPUT_PENDING
2017-09-05 16:05:51,630: umgr.staging.input.0.child: umgr.staging.input.0            : MainThread     : DEBUG   : registered worker work [UMGR_STAGING_INPUT_PENDING]
2017-09-05 16:05:51,630: umgr.staging.input.0.child: umgr.staging.input.0            : MainThread     : DEBUG   : alive check in term
2017-09-05 16:05:51,630: umgr.staging.input.0.child: umgr.staging.input.0            : MainThread     : DEBUG   : START: umgr.staging.input.0.child register output AGENT_STAGING_INPUT_PENDING
2017-09-05 16:05:51,630: umgr.staging.input.0.child: umgr.staging.input.0            : MainThread     : INFO    : child (me) initializing
2017-09-05 16:05:51,630: umgr.staging.input.0.child: umgr.staging.input.0            : MainThread     : DEBUG   : parent name: umgr.staging.input.0.child.watch
2017-09-05 16:05:51,630: umgr.staging.input.0.child: umgr.staging.input.0            : MainThread     : DEBUG   : start thread
2017-09-05 16:05:51,630: umgr.staging.input.0.child: umgr.staging.input.0            : umgr.staging.input.0.child.watch: DEBUG   : child name: umgr.staging.input.0.child.watch.thread
2017-09-05 16:05:51,630: umgr.staging.input.0.child: umgr.staging.input.0            : umgr.staging.input.0.child.watch: INFO    : child (me) initializing
2017-09-05 16:05:51,630: umgr.staging.input.0.child: umgr.staging.input.0            : umgr.staging.input.0.child.watch: DEBUG   : ru_initialize_common (NOOP)
2017-09-05 16:05:51,630: umgr.staging.input.0.child: umgr.staging.input.0            : umgr.staging.input.0.child.watch: DEBUG   : ru_initialize_child (NOOP)
2017-09-05 16:05:51,630: umgr.staging.input.0.child: umgr.staging.input.0            : umgr.staging.input.0.child.watch: INFO    : send alive
2017-09-05 16:05:51,630: umgr.staging.input.0.child: umgr.staging.input.0            : umgr.staging.input.0.child.watch: INFO    : put message: [umgr.staging.input.0.child.watch.thread] alive
2017-09-05 16:05:51,631: umgr.staging.input.0.child: umgr.staging.input.0            : MainThread     : INFO    : get msg: alive
2017-09-05 16:05:51,631: umgr.staging.input.0.child: umgr.staging.input.0            : MainThread     : DEBUG   : ru_initialize_common (NOOP)
2017-09-05 16:05:51,631: umgr.staging.input.0.child: umgr.staging.input.0            : MainThread     : DEBUG   : ru_initialize_parent (NOOP)
2017-09-05 16:05:51,631: umgr.staging.input.0.child: umgr.staging.input.0            : MainThread     : DEBUG   : child thread umgr.staging.input.0.child.watch started
2017-09-05 16:05:51,632: umgr.staging.input.0.child: umgr.staging.input.0            : MainThread     : INFO    : child (me) is alive
2017-09-05 16:05:51,632: umgr.staging.input.0.child: umgr.staging.input.0            : MainThread     : INFO    : send alive
2017-09-05 16:05:51,632: umgr.staging.input.0.child: umgr.staging.input.0            : MainThread     : INFO    : send message: [umgr.staging.input.0.child] alive
2017-09-05 16:05:53,593: umgr.staging.input.0.child: umgr.staging.input.0            : MainThread     : DEBUG   : got unit (unit.000000)
2017-09-05 16:05:53,593: umgr.staging.input.0.child: umgr.staging.input.0            : MainThread     : DEBUG   : advance bulk size: 1 [False, True]
2017-09-05 16:05:53,593: umgr.staging.input.0.child: umgr.staging.input.0            : MainThread     : DEBUG   : advance bulk: unit.000000 [1]
2017-09-05 16:05:53,593: umgr.staging.input.0.child: umgr.staging.input.0            : MainThread     : DEBUG   : advance bulk size: 1 [True, True]
2017-09-05 16:05:53,593: umgr.staging.input.0.child: umgr.staging.input.0            : MainThread     : DEBUG   : advance bulk: unit.000000 [1]
2017-09-05 16:05:53,593: umgr.staging.input.0.child: umgr.staging.input.0            : MainThread     : DEBUG   : bucket: AGENT_STAGING_INPUT_PENDING : ['unit.000000']
2017-09-05 16:05:53,593: umgr.staging.input.0.child: umgr.staging.input.0            : MainThread     : DEBUG   : push unit.000000 ~~~| AGENT_STAGING_INPUT_PENDING
2017-09-05 16:05:53,722: umgr.staging.input.0.child: umgr.staging.input.0            : MainThread     : DEBUG   : got unit (unit.000001)
2017-09-05 16:05:53,722: umgr.staging.input.0.child: umgr.staging.input.0            : MainThread     : DEBUG   : advance bulk size: 1 [False, True]
2017-09-05 16:05:53,722: umgr.staging.input.0.child: umgr.staging.input.0            : MainThread     : DEBUG   : advance bulk: unit.000001 [1]
2017-09-05 16:05:53,722: umgr.staging.input.0.child: umgr.staging.input.0            : MainThread     : DEBUG   : advance bulk size: 1 [True, True]
2017-09-05 16:05:53,722: umgr.staging.input.0.child: umgr.staging.input.0            : MainThread     : DEBUG   : advance bulk: unit.000001 [1]
2017-09-05 16:05:53,723: umgr.staging.input.0.child: umgr.staging.input.0            : MainThread     : DEBUG   : bucket: AGENT_STAGING_INPUT_PENDING : ['unit.000001']
2017-09-05 16:05:53,723: umgr.staging.input.0.child: umgr.staging.input.0            : MainThread     : DEBUG   : push unit.000001 ~~~| AGENT_STAGING_INPUT_PENDING
2017-09-05 16:05:53,835: umgr.staging.input.0.child: umgr.staging.input.0            : MainThread     : DEBUG   : got unit (unit.000002)
2017-09-05 16:05:53,835: umgr.staging.input.0.child: umgr.staging.input.0            : MainThread     : DEBUG   : advance bulk size: 1 [False, True]
2017-09-05 16:05:53,835: umgr.staging.input.0.child: umgr.staging.input.0            : MainThread     : DEBUG   : advance bulk: unit.000002 [1]
2017-09-05 16:05:53,835: umgr.staging.input.0.child: umgr.staging.input.0            : MainThread     : DEBUG   : advance bulk size: 1 [True, True]
2017-09-05 16:05:53,835: umgr.staging.input.0.child: umgr.staging.input.0            : MainThread     : DEBUG   : advance bulk: unit.000002 [1]
2017-09-05 16:05:53,835: umgr.staging.input.0.child: umgr.staging.input.0            : MainThread     : DEBUG   : bucket: AGENT_STAGING_INPUT_PENDING : ['unit.000002']
2017-09-05 16:05:53,835: umgr.staging.input.0.child: umgr.staging.input.0            : MainThread     : DEBUG   : push unit.000002 ~~~| AGENT_STAGING_INPUT_PENDING
2017-09-05 16:05:53,947: umgr.staging.input.0.child: umgr.staging.input.0            : MainThread     : DEBUG   : got unit (unit.000003)
2017-09-05 16:05:53,948: umgr.staging.input.0.child: umgr.staging.input.0            : MainThread     : DEBUG   : advance bulk size: 1 [False, True]
2017-09-05 16:05:53,948: umgr.staging.input.0.child: umgr.staging.input.0            : MainThread     : DEBUG   : advance bulk: unit.000003 [1]
2017-09-05 16:05:53,948: umgr.staging.input.0.child: umgr.staging.input.0            : MainThread     : DEBUG   : advance bulk size: 1 [True, True]
2017-09-05 16:05:53,948: umgr.staging.input.0.child: umgr.staging.input.0            : MainThread     : DEBUG   : advance bulk: unit.000003 [1]
2017-09-05 16:05:53,948: umgr.staging.input.0.child: umgr.staging.input.0            : MainThread     : DEBUG   : bucket: AGENT_STAGING_INPUT_PENDING : ['unit.000003']
2017-09-05 16:05:53,948: umgr.staging.input.0.child: umgr.staging.input.0            : MainThread     : DEBUG   : push unit.000003 ~~~| AGENT_STAGING_INPUT_PENDING
2017-09-05 16:05:54,066: umgr.staging.input.0.child: umgr.staging.input.0            : MainThread     : DEBUG   : got unit (unit.000004)
2017-09-05 16:05:54,066: umgr.staging.input.0.child: umgr.staging.input.0            : MainThread     : DEBUG   : advance bulk size: 1 [False, True]
2017-09-05 16:05:54,066: umgr.staging.input.0.child: umgr.staging.input.0            : MainThread     : DEBUG   : advance bulk: unit.000004 [1]
2017-09-05 16:05:54,066: umgr.staging.input.0.child: umgr.staging.input.0            : MainThread     : DEBUG   : advance bulk size: 1 [True, True]
2017-09-05 16:05:54,066: umgr.staging.input.0.child: umgr.staging.input.0            : MainThread     : DEBUG   : advance bulk: unit.000004 [1]
2017-09-05 16:05:54,067: umgr.staging.input.0.child: umgr.staging.input.0            : MainThread     : DEBUG   : bucket: AGENT_STAGING_INPUT_PENDING : ['unit.000004']
2017-09-05 16:05:54,067: umgr.staging.input.0.child: umgr.staging.input.0            : MainThread     : DEBUG   : push unit.000004 ~~~| AGENT_STAGING_INPUT_PENDING
2017-09-05 16:05:54,182: umgr.staging.input.0.child: umgr.staging.input.0            : MainThread     : DEBUG   : got unit (unit.000005)
2017-09-05 16:05:54,182: umgr.staging.input.0.child: umgr.staging.input.0            : MainThread     : DEBUG   : advance bulk size: 1 [False, True]
2017-09-05 16:05:54,182: umgr.staging.input.0.child: umgr.staging.input.0            : MainThread     : DEBUG   : advance bulk: unit.000005 [1]
2017-09-05 16:05:54,182: umgr.staging.input.0.child: umgr.staging.input.0            : MainThread     : DEBUG   : advance bulk size: 1 [True, True]
2017-09-05 16:05:54,182: umgr.staging.input.0.child: umgr.staging.input.0            : MainThread     : DEBUG   : advance bulk: unit.000005 [1]
2017-09-05 16:05:54,182: umgr.staging.input.0.child: umgr.staging.input.0            : MainThread     : DEBUG   : bucket: AGENT_STAGING_INPUT_PENDING : ['unit.000005']
2017-09-05 16:05:54,182: umgr.staging.input.0.child: umgr.staging.input.0            : MainThread     : DEBUG   : push unit.000005 ~~~| AGENT_STAGING_INPUT_PENDING
2017-09-05 16:05:54,301: umgr.staging.input.0.child: umgr.staging.input.0            : MainThread     : DEBUG   : got unit (unit.000006)
2017-09-05 16:05:54,302: umgr.staging.input.0.child: umgr.staging.input.0            : MainThread     : DEBUG   : advance bulk size: 1 [False, True]
2017-09-05 16:05:54,302: umgr.staging.input.0.child: umgr.staging.input.0            : MainThread     : DEBUG   : advance bulk: unit.000006 [1]
2017-09-05 16:05:54,302: umgr.staging.input.0.child: umgr.staging.input.0            : MainThread     : DEBUG   : advance bulk size: 1 [True, True]
2017-09-05 16:05:54,302: umgr.staging.input.0.child: umgr.staging.input.0            : MainThread     : DEBUG   : advance bulk: unit.000006 [1]
2017-09-05 16:05:54,306: umgr.staging.input.0.child: umgr.staging.input.0            : MainThread     : DEBUG   : bucket: AGENT_STAGING_INPUT_PENDING : ['unit.000006']
2017-09-05 16:05:54,306: umgr.staging.input.0.child: umgr.staging.input.0            : MainThread     : DEBUG   : push unit.000006 ~~~| AGENT_STAGING_INPUT_PENDING
2017-09-05 16:05:54,407: umgr.staging.input.0.child: umgr.staging.input.0            : MainThread     : DEBUG   : got unit (unit.000007)
2017-09-05 16:05:54,407: umgr.staging.input.0.child: umgr.staging.input.0            : MainThread     : DEBUG   : advance bulk size: 1 [False, True]
2017-09-05 16:05:54,407: umgr.staging.input.0.child: umgr.staging.input.0            : MainThread     : DEBUG   : advance bulk: unit.000007 [1]
2017-09-05 16:05:54,407: umgr.staging.input.0.child: umgr.staging.input.0            : MainThread     : DEBUG   : advance bulk size: 1 [True, True]
2017-09-05 16:05:54,407: umgr.staging.input.0.child: umgr.staging.input.0            : MainThread     : DEBUG   : advance bulk: unit.000007 [1]
2017-09-05 16:05:54,408: umgr.staging.input.0.child: umgr.staging.input.0            : MainThread     : DEBUG   : bucket: AGENT_STAGING_INPUT_PENDING : ['unit.000007']
2017-09-05 16:05:54,408: umgr.staging.input.0.child: umgr.staging.input.0            : MainThread     : DEBUG   : push unit.000007 ~~~| AGENT_STAGING_INPUT_PENDING
2017-09-05 16:06:04,398: umgr.staging.input.0.child: umgr.staging.input.0            : MainThread     : DEBUG   : got unit (unit.000008)
2017-09-05 16:06:04,398: umgr.staging.input.0.child: umgr.staging.input.0            : MainThread     : DEBUG   : advance bulk size: 1 [False, True]
2017-09-05 16:06:04,398: umgr.staging.input.0.child: umgr.staging.input.0            : MainThread     : DEBUG   : advance bulk: unit.000008 [1]
2017-09-05 16:06:04,398: umgr.staging.input.0.child: umgr.staging.input.0            : MainThread     : DEBUG   : advance bulk size: 1 [True, True]
2017-09-05 16:06:04,398: umgr.staging.input.0.child: umgr.staging.input.0            : MainThread     : DEBUG   : advance bulk: unit.000008 [1]
2017-09-05 16:06:04,399: umgr.staging.input.0.child: umgr.staging.input.0            : MainThread     : DEBUG   : bucket: AGENT_STAGING_INPUT_PENDING : ['unit.000008']
2017-09-05 16:06:04,399: umgr.staging.input.0.child: umgr.staging.input.0            : MainThread     : DEBUG   : push unit.000008 ~~~| AGENT_STAGING_INPUT_PENDING
2017-09-05 16:06:04,506: umgr.staging.input.0.child: umgr.staging.input.0            : MainThread     : DEBUG   : got unit (unit.000009)
2017-09-05 16:06:04,506: umgr.staging.input.0.child: umgr.staging.input.0            : MainThread     : DEBUG   : advance bulk size: 1 [False, True]
2017-09-05 16:06:04,506: umgr.staging.input.0.child: umgr.staging.input.0            : MainThread     : DEBUG   : advance bulk: unit.000009 [1]
2017-09-05 16:06:04,506: umgr.staging.input.0.child: umgr.staging.input.0            : MainThread     : DEBUG   : advance bulk size: 1 [True, True]
2017-09-05 16:06:04,506: umgr.staging.input.0.child: umgr.staging.input.0            : MainThread     : DEBUG   : advance bulk: unit.000009 [1]
2017-09-05 16:06:04,507: umgr.staging.input.0.child: umgr.staging.input.0            : MainThread     : DEBUG   : bucket: AGENT_STAGING_INPUT_PENDING : ['unit.000009']
2017-09-05 16:06:04,507: umgr.staging.input.0.child: umgr.staging.input.0            : MainThread     : DEBUG   : push unit.000009 ~~~| AGENT_STAGING_INPUT_PENDING
2017-09-05 16:06:09,295: umgr.staging.input.0.child: umgr.staging.input.0            : MainThread     : DEBUG   : got unit (unit.000010)
2017-09-05 16:06:09,295: umgr.staging.input.0.child: umgr.staging.input.0            : MainThread     : DEBUG   : advance bulk size: 1 [False, True]
2017-09-05 16:06:09,295: umgr.staging.input.0.child: umgr.staging.input.0            : MainThread     : DEBUG   : advance bulk: unit.000010 [1]
2017-09-05 16:06:09,295: umgr.staging.input.0.child: umgr.staging.input.0            : MainThread     : DEBUG   : advance bulk size: 1 [True, True]
2017-09-05 16:06:09,295: umgr.staging.input.0.child: umgr.staging.input.0            : MainThread     : DEBUG   : advance bulk: unit.000010 [1]
2017-09-05 16:06:09,297: umgr.staging.input.0.child: umgr.staging.input.0            : MainThread     : DEBUG   : bucket: AGENT_STAGING_INPUT_PENDING : ['unit.000010']
2017-09-05 16:06:09,297: umgr.staging.input.0.child: umgr.staging.input.0            : MainThread     : DEBUG   : push unit.000010 ~~~| AGENT_STAGING_INPUT_PENDING
2017-09-05 16:06:09,422: umgr.staging.input.0.child: umgr.staging.input.0            : MainThread     : DEBUG   : got unit (unit.000011)
2017-09-05 16:06:09,422: umgr.staging.input.0.child: umgr.staging.input.0            : MainThread     : DEBUG   : advance bulk size: 1 [False, True]
2017-09-05 16:06:09,422: umgr.staging.input.0.child: umgr.staging.input.0            : MainThread     : DEBUG   : advance bulk: unit.000011 [1]
2017-09-05 16:06:09,422: umgr.staging.input.0.child: umgr.staging.input.0            : MainThread     : DEBUG   : advance bulk size: 1 [True, True]
2017-09-05 16:06:09,422: umgr.staging.input.0.child: umgr.staging.input.0            : MainThread     : DEBUG   : advance bulk: unit.000011 [1]
2017-09-05 16:06:09,423: umgr.staging.input.0.child: umgr.staging.input.0            : MainThread     : DEBUG   : bucket: AGENT_STAGING_INPUT_PENDING : ['unit.000011']
2017-09-05 16:06:09,423: umgr.staging.input.0.child: umgr.staging.input.0            : MainThread     : DEBUG   : push unit.000011 ~~~| AGENT_STAGING_INPUT_PENDING
2017-09-05 16:06:17,228: umgr.staging.input.0.child: umgr.staging.input.0            : MainThread     : DEBUG   : got unit (unit.000012)
2017-09-05 16:06:17,228: umgr.staging.input.0.child: umgr.staging.input.0            : MainThread     : DEBUG   : advance bulk size: 1 [False, True]
2017-09-05 16:06:17,228: umgr.staging.input.0.child: umgr.staging.input.0            : MainThread     : DEBUG   : advance bulk: unit.000012 [1]
2017-09-05 16:06:17,229: umgr.staging.input.0.child: umgr.staging.input.0            : MainThread     : DEBUG   : advance bulk size: 1 [True, True]
2017-09-05 16:06:17,229: umgr.staging.input.0.child: umgr.staging.input.0            : MainThread     : DEBUG   : advance bulk: unit.000012 [1]
2017-09-05 16:06:17,229: umgr.staging.input.0.child: umgr.staging.input.0            : MainThread     : DEBUG   : bucket: AGENT_STAGING_INPUT_PENDING : ['unit.000012']
2017-09-05 16:06:17,230: umgr.staging.input.0.child: umgr.staging.input.0            : MainThread     : DEBUG   : push unit.000012 ~~~| AGENT_STAGING_INPUT_PENDING
2017-09-05 16:06:17,350: umgr.staging.input.0.child: umgr.staging.input.0            : MainThread     : DEBUG   : got unit (unit.000013)
2017-09-05 16:06:17,350: umgr.staging.input.0.child: umgr.staging.input.0            : MainThread     : DEBUG   : advance bulk size: 1 [False, True]
2017-09-05 16:06:17,350: umgr.staging.input.0.child: umgr.staging.input.0            : MainThread     : DEBUG   : advance bulk: unit.000013 [1]
2017-09-05 16:06:17,350: umgr.staging.input.0.child: umgr.staging.input.0            : MainThread     : DEBUG   : advance bulk size: 1 [True, True]
2017-09-05 16:06:17,350: umgr.staging.input.0.child: umgr.staging.input.0            : MainThread     : DEBUG   : advance bulk: unit.000013 [1]
2017-09-05 16:06:17,351: umgr.staging.input.0.child: umgr.staging.input.0            : MainThread     : DEBUG   : bucket: AGENT_STAGING_INPUT_PENDING : ['unit.000013']
2017-09-05 16:06:17,351: umgr.staging.input.0.child: umgr.staging.input.0            : MainThread     : DEBUG   : push unit.000013 ~~~| AGENT_STAGING_INPUT_PENDING
2017-09-05 16:06:21,167: umgr.staging.input.0.child: umgr.staging.input.0            : MainThread     : DEBUG   : got unit (unit.000014)
2017-09-05 16:06:21,167: umgr.staging.input.0.child: umgr.staging.input.0            : MainThread     : DEBUG   : advance bulk size: 1 [False, True]
2017-09-05 16:06:21,167: umgr.staging.input.0.child: umgr.staging.input.0            : MainThread     : DEBUG   : advance bulk: unit.000014 [1]
2017-09-05 16:06:21,167: umgr.staging.input.0.child: umgr.staging.input.0            : MainThread     : DEBUG   : advance bulk size: 1 [True, True]
2017-09-05 16:06:21,167: umgr.staging.input.0.child: umgr.staging.input.0            : MainThread     : DEBUG   : advance bulk: unit.000014 [1]
2017-09-05 16:06:21,168: umgr.staging.input.0.child: umgr.staging.input.0            : MainThread     : DEBUG   : bucket: AGENT_STAGING_INPUT_PENDING : ['unit.000014']
2017-09-05 16:06:21,168: umgr.staging.input.0.child: umgr.staging.input.0            : MainThread     : DEBUG   : push unit.000014 ~~~| AGENT_STAGING_INPUT_PENDING
2017-09-05 16:06:27,837: umgr.staging.input.0.child: umgr.staging.input.0            : MainThread     : DEBUG   : got unit (unit.000015)
2017-09-05 16:06:27,837: umgr.staging.input.0.child: umgr.staging.input.0            : MainThread     : DEBUG   : advance bulk size: 1 [False, True]
2017-09-05 16:06:27,837: umgr.staging.input.0.child: umgr.staging.input.0            : MainThread     : DEBUG   : advance bulk: unit.000015 [1]
2017-09-05 16:06:27,837: umgr.staging.input.0.child: umgr.staging.input.0            : MainThread     : DEBUG   : advance bulk size: 1 [True, True]
2017-09-05 16:06:27,837: umgr.staging.input.0.child: umgr.staging.input.0            : MainThread     : DEBUG   : advance bulk: unit.000015 [1]
2017-09-05 16:06:27,838: umgr.staging.input.0.child: umgr.staging.input.0            : MainThread     : DEBUG   : bucket: AGENT_STAGING_INPUT_PENDING : ['unit.000015']
2017-09-05 16:06:27,839: umgr.staging.input.0.child: umgr.staging.input.0            : MainThread     : DEBUG   : push unit.000015 ~~~| AGENT_STAGING_INPUT_PENDING
2017-09-05 16:06:30,501: umgr.staging.input.0.child: umgr.staging.input.0            : MainThread     : DEBUG   : got unit (unit.000016)
2017-09-05 16:06:30,501: umgr.staging.input.0.child: umgr.staging.input.0            : MainThread     : DEBUG   : advance bulk size: 1 [False, True]
2017-09-05 16:06:30,501: umgr.staging.input.0.child: umgr.staging.input.0            : MainThread     : DEBUG   : advance bulk: unit.000016 [1]
2017-09-05 16:06:30,501: umgr.staging.input.0.child: umgr.staging.input.0            : MainThread     : DEBUG   : advance bulk size: 1 [True, True]
2017-09-05 16:06:30,501: umgr.staging.input.0.child: umgr.staging.input.0            : MainThread     : DEBUG   : advance bulk: unit.000016 [1]
2017-09-05 16:06:30,502: umgr.staging.input.0.child: umgr.staging.input.0            : MainThread     : DEBUG   : bucket: AGENT_STAGING_INPUT_PENDING : ['unit.000016']
2017-09-05 16:06:30,502: umgr.staging.input.0.child: umgr.staging.input.0            : MainThread     : DEBUG   : push unit.000016 ~~~| AGENT_STAGING_INPUT_PENDING
2017-09-05 16:06:40,464: umgr.staging.input.0.child: umgr.staging.input.0            : MainThread     : DEBUG   : got unit (unit.000017)
2017-09-05 16:06:40,464: umgr.staging.input.0.child: umgr.staging.input.0            : MainThread     : DEBUG   : advance bulk size: 1 [False, True]
2017-09-05 16:06:40,465: umgr.staging.input.0.child: umgr.staging.input.0            : MainThread     : DEBUG   : advance bulk: unit.000017 [1]
2017-09-05 16:06:40,468: umgr.staging.input.0.child: umgr.staging.input.0            : MainThread     : DEBUG   : advance bulk size: 1 [True, True]
2017-09-05 16:06:40,468: umgr.staging.input.0.child: umgr.staging.input.0            : MainThread     : DEBUG   : advance bulk: unit.000017 [1]
2017-09-05 16:06:40,475: umgr.staging.input.0.child: umgr.staging.input.0            : MainThread     : DEBUG   : bucket: AGENT_STAGING_INPUT_PENDING : ['unit.000017']
2017-09-05 16:06:40,475: umgr.staging.input.0.child: umgr.staging.input.0            : MainThread     : DEBUG   : push unit.000017 ~~~| AGENT_STAGING_INPUT_PENDING
2017-09-05 16:06:41,887: umgr.staging.input.0.child: umgr.staging.input.0            : MainThread     : DEBUG   : got unit (unit.000018)
2017-09-05 16:06:41,887: umgr.staging.input.0.child: umgr.staging.input.0            : MainThread     : DEBUG   : advance bulk size: 1 [False, True]
2017-09-05 16:06:41,887: umgr.staging.input.0.child: umgr.staging.input.0            : MainThread     : DEBUG   : advance bulk: unit.000018 [1]
2017-09-05 16:06:41,888: umgr.staging.input.0.child: umgr.staging.input.0            : MainThread     : DEBUG   : advance bulk size: 1 [True, True]
2017-09-05 16:06:41,888: umgr.staging.input.0.child: umgr.staging.input.0            : MainThread     : DEBUG   : advance bulk: unit.000018 [1]
2017-09-05 16:06:41,888: umgr.staging.input.0.child: umgr.staging.input.0            : MainThread     : DEBUG   : bucket: AGENT_STAGING_INPUT_PENDING : ['unit.000018']
2017-09-05 16:06:41,888: umgr.staging.input.0.child: umgr.staging.input.0            : MainThread     : DEBUG   : push unit.000018 ~~~| AGENT_STAGING_INPUT_PENDING
2017-09-05 16:06:54,712: umgr.staging.input.0.child: umgr.staging.input.0            : MainThread     : DEBUG   : got unit (unit.000019)
2017-09-05 16:06:54,712: umgr.staging.input.0.child: umgr.staging.input.0            : MainThread     : DEBUG   : advance bulk size: 1 [False, True]
2017-09-05 16:06:54,712: umgr.staging.input.0.child: umgr.staging.input.0            : MainThread     : DEBUG   : advance bulk: unit.000019 [1]
2017-09-05 16:06:54,712: umgr.staging.input.0.child: umgr.staging.input.0            : MainThread     : DEBUG   : advance bulk size: 1 [True, True]
2017-09-05 16:06:54,712: umgr.staging.input.0.child: umgr.staging.input.0            : MainThread     : DEBUG   : advance bulk: unit.000019 [1]
2017-09-05 16:06:54,713: umgr.staging.input.0.child: umgr.staging.input.0            : MainThread     : DEBUG   : bucket: AGENT_STAGING_INPUT_PENDING : ['unit.000019']
2017-09-05 16:06:54,713: umgr.staging.input.0.child: umgr.staging.input.0            : MainThread     : DEBUG   : push unit.000019 ~~~| AGENT_STAGING_INPUT_PENDING
2017-09-05 16:19:11,522: umgr.staging.input.0.child: umgr.staging.input.0            : MainThread     : DEBUG   : got unit (unit.000020)
2017-09-05 16:19:11,522: umgr.staging.input.0.child: umgr.staging.input.0            : MainThread     : DEBUG   : advance bulk size: 1 [False, True]
2017-09-05 16:19:11,522: umgr.staging.input.0.child: umgr.staging.input.0            : MainThread     : DEBUG   : advance bulk: unit.000020 [1]
2017-09-05 16:19:11,522: umgr.staging.input.0.child: umgr.staging.input.0            : MainThread     : DEBUG   : advance bulk size: 1 [True, True]
2017-09-05 16:19:11,522: umgr.staging.input.0.child: umgr.staging.input.0            : MainThread     : DEBUG   : advance bulk: unit.000020 [1]
2017-09-05 16:19:11,523: umgr.staging.input.0.child: umgr.staging.input.0            : MainThread     : DEBUG   : bucket: AGENT_STAGING_INPUT_PENDING : ['unit.000020']
2017-09-05 16:19:11,523: umgr.staging.input.0.child: umgr.staging.input.0            : MainThread     : DEBUG   : push unit.000020 ~~~| AGENT_STAGING_INPUT_PENDING
2017-09-05 16:19:22,909: umgr.staging.input.0.child: umgr.staging.input.0            : MainThread     : DEBUG   : got unit (unit.000021)
2017-09-05 16:19:22,909: umgr.staging.input.0.child: umgr.staging.input.0            : MainThread     : DEBUG   : advance bulk size: 1 [False, True]
2017-09-05 16:19:22,909: umgr.staging.input.0.child: umgr.staging.input.0            : MainThread     : DEBUG   : advance bulk: unit.000021 [1]
2017-09-05 16:19:22,910: umgr.staging.input.0.child: umgr.staging.input.0            : MainThread     : DEBUG   : advance bulk size: 1 [True, True]
2017-09-05 16:19:22,910: umgr.staging.input.0.child: umgr.staging.input.0            : MainThread     : DEBUG   : advance bulk: unit.000021 [1]
2017-09-05 16:19:22,911: umgr.staging.input.0.child: umgr.staging.input.0            : MainThread     : DEBUG   : bucket: AGENT_STAGING_INPUT_PENDING : ['unit.000021']
2017-09-05 16:19:22,911: umgr.staging.input.0.child: umgr.staging.input.0            : MainThread     : DEBUG   : push unit.000021 ~~~| AGENT_STAGING_INPUT_PENDING
2017-09-05 16:19:24,355: umgr.staging.input.0.child: umgr.staging.input.0            : MainThread     : DEBUG   : got unit (unit.000022)
2017-09-05 16:19:24,355: umgr.staging.input.0.child: umgr.staging.input.0            : MainThread     : DEBUG   : advance bulk size: 1 [False, True]
2017-09-05 16:19:24,355: umgr.staging.input.0.child: umgr.staging.input.0            : MainThread     : DEBUG   : advance bulk: unit.000022 [1]
2017-09-05 16:19:24,356: umgr.staging.input.0.child: umgr.staging.input.0            : MainThread     : DEBUG   : advance bulk size: 1 [True, True]
2017-09-05 16:19:24,356: umgr.staging.input.0.child: umgr.staging.input.0            : MainThread     : DEBUG   : advance bulk: unit.000022 [1]
2017-09-05 16:19:24,356: umgr.staging.input.0.child: umgr.staging.input.0            : MainThread     : DEBUG   : bucket: AGENT_STAGING_INPUT_PENDING : ['unit.000022']
2017-09-05 16:19:24,356: umgr.staging.input.0.child: umgr.staging.input.0            : MainThread     : DEBUG   : push unit.000022 ~~~| AGENT_STAGING_INPUT_PENDING
2017-09-05 16:19:38,618: umgr.staging.input.0.child: umgr.staging.input.0            : MainThread     : DEBUG   : got unit (unit.000023)
2017-09-05 16:19:38,618: umgr.staging.input.0.child: umgr.staging.input.0            : MainThread     : DEBUG   : advance bulk size: 1 [False, True]
2017-09-05 16:19:38,618: umgr.staging.input.0.child: umgr.staging.input.0            : MainThread     : DEBUG   : advance bulk: unit.000023 [1]
2017-09-05 16:19:38,618: umgr.staging.input.0.child: umgr.staging.input.0            : MainThread     : DEBUG   : advance bulk size: 1 [True, True]
2017-09-05 16:19:38,618: umgr.staging.input.0.child: umgr.staging.input.0            : MainThread     : DEBUG   : advance bulk: unit.000023 [1]
2017-09-05 16:19:38,619: umgr.staging.input.0.child: umgr.staging.input.0            : MainThread     : DEBUG   : bucket: AGENT_STAGING_INPUT_PENDING : ['unit.000023']
2017-09-05 16:19:38,619: umgr.staging.input.0.child: umgr.staging.input.0            : MainThread     : DEBUG   : push unit.000023 ~~~| AGENT_STAGING_INPUT_PENDING
2017-09-05 16:19:51,520: umgr.staging.input.0.child: umgr.staging.input.0            : MainThread     : DEBUG   : got unit (unit.000024)
2017-09-05 16:19:51,520: umgr.staging.input.0.child: umgr.staging.input.0            : MainThread     : DEBUG   : advance bulk size: 1 [False, True]
2017-09-05 16:19:51,520: umgr.staging.input.0.child: umgr.staging.input.0            : MainThread     : DEBUG   : advance bulk: unit.000024 [1]
2017-09-05 16:19:51,520: umgr.staging.input.0.child: umgr.staging.input.0            : MainThread     : DEBUG   : advance bulk size: 1 [True, True]
2017-09-05 16:19:51,520: umgr.staging.input.0.child: umgr.staging.input.0            : MainThread     : DEBUG   : advance bulk: unit.000024 [1]
2017-09-05 16:19:51,521: umgr.staging.input.0.child: umgr.staging.input.0            : MainThread     : DEBUG   : bucket: AGENT_STAGING_INPUT_PENDING : ['unit.000024']
2017-09-05 16:19:51,521: umgr.staging.input.0.child: umgr.staging.input.0            : MainThread     : DEBUG   : push unit.000024 ~~~| AGENT_STAGING_INPUT_PENDING
2017-09-05 16:31:50,328: umgr.staging.input.0.child: umgr.staging.input.0            : MainThread     : DEBUG   : got unit (unit.000025)
2017-09-05 16:31:50,328: umgr.staging.input.0.child: umgr.staging.input.0            : MainThread     : DEBUG   : advance bulk size: 1 [False, True]
2017-09-05 16:31:50,328: umgr.staging.input.0.child: umgr.staging.input.0            : MainThread     : DEBUG   : advance bulk: unit.000025 [1]
2017-09-05 16:31:50,328: umgr.staging.input.0.child: umgr.staging.input.0            : MainThread     : DEBUG   : advance bulk size: 1 [True, True]
2017-09-05 16:31:50,328: umgr.staging.input.0.child: umgr.staging.input.0            : MainThread     : DEBUG   : advance bulk: unit.000025 [1]
2017-09-05 16:31:50,329: umgr.staging.input.0.child: umgr.staging.input.0            : MainThread     : DEBUG   : bucket: AGENT_STAGING_INPUT_PENDING : ['unit.000025']
2017-09-05 16:31:50,329: umgr.staging.input.0.child: umgr.staging.input.0            : MainThread     : DEBUG   : push unit.000025 ~~~| AGENT_STAGING_INPUT_PENDING
2017-09-05 16:32:18,989: umgr.staging.input.0.child: umgr.staging.input.0            : MainThread     : DEBUG   : got unit (unit.000026)
2017-09-05 16:32:18,989: umgr.staging.input.0.child: umgr.staging.input.0            : MainThread     : DEBUG   : advance bulk size: 1 [False, True]
2017-09-05 16:32:18,989: umgr.staging.input.0.child: umgr.staging.input.0            : MainThread     : DEBUG   : advance bulk: unit.000026 [1]
2017-09-05 16:32:18,989: umgr.staging.input.0.child: umgr.staging.input.0            : MainThread     : DEBUG   : advance bulk size: 1 [True, True]
2017-09-05 16:32:18,989: umgr.staging.input.0.child: umgr.staging.input.0            : MainThread     : DEBUG   : advance bulk: unit.000026 [1]
2017-09-05 16:32:18,990: umgr.staging.input.0.child: umgr.staging.input.0            : MainThread     : DEBUG   : bucket: AGENT_STAGING_INPUT_PENDING : ['unit.000026']
2017-09-05 16:32:18,990: umgr.staging.input.0.child: umgr.staging.input.0            : MainThread     : DEBUG   : push unit.000026 ~~~| AGENT_STAGING_INPUT_PENDING
2017-09-05 16:32:31,853: umgr.staging.input.0.child: umgr.staging.input.0            : MainThread     : DEBUG   : got unit (unit.000027)
2017-09-05 16:32:31,853: umgr.staging.input.0.child: umgr.staging.input.0            : MainThread     : DEBUG   : advance bulk size: 1 [False, True]
2017-09-05 16:32:31,853: umgr.staging.input.0.child: umgr.staging.input.0            : MainThread     : DEBUG   : advance bulk: unit.000027 [1]
2017-09-05 16:32:31,853: umgr.staging.input.0.child: umgr.staging.input.0            : MainThread     : DEBUG   : advance bulk size: 1 [True, True]
2017-09-05 16:32:31,853: umgr.staging.input.0.child: umgr.staging.input.0            : MainThread     : DEBUG   : advance bulk: unit.000027 [1]
2017-09-05 16:32:31,854: umgr.staging.input.0.child: umgr.staging.input.0            : MainThread     : DEBUG   : bucket: AGENT_STAGING_INPUT_PENDING : ['unit.000027']
2017-09-05 16:32:31,854: umgr.staging.input.0.child: umgr.staging.input.0            : MainThread     : DEBUG   : push unit.000027 ~~~| AGENT_STAGING_INPUT_PENDING
2017-09-05 16:44:20,080: umgr.staging.input.0.child: umgr.staging.input.0            : MainThread     : DEBUG   : got unit (unit.000028)
2017-09-05 16:44:20,080: umgr.staging.input.0.child: umgr.staging.input.0            : MainThread     : DEBUG   : advance bulk size: 1 [False, True]
2017-09-05 16:44:20,080: umgr.staging.input.0.child: umgr.staging.input.0            : MainThread     : DEBUG   : advance bulk: unit.000028 [1]
2017-09-05 16:44:20,080: umgr.staging.input.0.child: umgr.staging.input.0            : MainThread     : DEBUG   : advance bulk size: 1 [True, True]
2017-09-05 16:44:20,080: umgr.staging.input.0.child: umgr.staging.input.0            : MainThread     : DEBUG   : advance bulk: unit.000028 [1]
2017-09-05 16:44:20,081: umgr.staging.input.0.child: umgr.staging.input.0            : MainThread     : DEBUG   : bucket: AGENT_STAGING_INPUT_PENDING : ['unit.000028']
2017-09-05 16:44:20,081: umgr.staging.input.0.child: umgr.staging.input.0            : MainThread     : DEBUG   : push unit.000028 ~~~| AGENT_STAGING_INPUT_PENDING
2017-09-05 16:45:00,245: umgr.staging.input.0.child: umgr.staging.input.0            : MainThread     : DEBUG   : got unit (unit.000029)
2017-09-05 16:45:00,245: umgr.staging.input.0.child: umgr.staging.input.0            : MainThread     : DEBUG   : advance bulk size: 1 [False, True]
2017-09-05 16:45:00,245: umgr.staging.input.0.child: umgr.staging.input.0            : MainThread     : DEBUG   : advance bulk: unit.000029 [1]
2017-09-05 16:45:00,245: umgr.staging.input.0.child: umgr.staging.input.0            : MainThread     : DEBUG   : advance bulk size: 1 [True, True]
2017-09-05 16:45:00,245: umgr.staging.input.0.child: umgr.staging.input.0            : MainThread     : DEBUG   : advance bulk: unit.000029 [1]
2017-09-05 16:45:00,246: umgr.staging.input.0.child: umgr.staging.input.0            : MainThread     : DEBUG   : bucket: AGENT_STAGING_INPUT_PENDING : ['unit.000029']
2017-09-05 16:45:00,246: umgr.staging.input.0.child: umgr.staging.input.0            : MainThread     : DEBUG   : push unit.000029 ~~~| AGENT_STAGING_INPUT_PENDING
2017-09-05 16:56:48,780: umgr.staging.input.0.child: umgr.staging.input.0            : MainThread     : DEBUG   : got unit (unit.000030)
2017-09-05 16:56:48,781: umgr.staging.input.0.child: umgr.staging.input.0            : MainThread     : DEBUG   : advance bulk size: 1 [False, True]
2017-09-05 16:56:48,781: umgr.staging.input.0.child: umgr.staging.input.0            : MainThread     : DEBUG   : advance bulk: unit.000030 [1]
2017-09-05 16:56:48,781: umgr.staging.input.0.child: umgr.staging.input.0            : MainThread     : DEBUG   : advance bulk size: 1 [True, True]
2017-09-05 16:56:48,781: umgr.staging.input.0.child: umgr.staging.input.0            : MainThread     : DEBUG   : advance bulk: unit.000030 [1]
2017-09-05 16:56:48,782: umgr.staging.input.0.child: umgr.staging.input.0            : MainThread     : DEBUG   : bucket: AGENT_STAGING_INPUT_PENDING : ['unit.000030']
2017-09-05 16:56:48,782: umgr.staging.input.0.child: umgr.staging.input.0            : MainThread     : DEBUG   : push unit.000030 ~~~| AGENT_STAGING_INPUT_PENDING
2017-09-05 16:57:27,577: umgr.staging.input.0.child: umgr.staging.input.0            : MainThread     : DEBUG   : got unit (unit.000031)
2017-09-05 16:57:27,578: umgr.staging.input.0.child: umgr.staging.input.0            : MainThread     : DEBUG   : advance bulk size: 1 [False, True]
2017-09-05 16:57:27,578: umgr.staging.input.0.child: umgr.staging.input.0            : MainThread     : DEBUG   : advance bulk: unit.000031 [1]
2017-09-05 16:57:27,578: umgr.staging.input.0.child: umgr.staging.input.0            : MainThread     : DEBUG   : advance bulk size: 1 [True, True]
2017-09-05 16:57:27,578: umgr.staging.input.0.child: umgr.staging.input.0            : MainThread     : DEBUG   : advance bulk: unit.000031 [1]
2017-09-05 16:57:27,579: umgr.staging.input.0.child: umgr.staging.input.0            : MainThread     : DEBUG   : bucket: AGENT_STAGING_INPUT_PENDING : ['unit.000031']
2017-09-05 16:57:27,579: umgr.staging.input.0.child: umgr.staging.input.0            : MainThread     : DEBUG   : push unit.000031 ~~~| AGENT_STAGING_INPUT_PENDING
2017-09-05 17:09:12,679: umgr.staging.input.0.child: umgr.staging.input.0            : MainThread     : DEBUG   : got unit (unit.000032)
2017-09-05 17:09:12,680: umgr.staging.input.0.child: umgr.staging.input.0            : MainThread     : DEBUG   : advance bulk size: 1 [False, True]
2017-09-05 17:09:12,680: umgr.staging.input.0.child: umgr.staging.input.0            : MainThread     : DEBUG   : advance bulk: unit.000032 [1]
2017-09-05 17:09:12,680: umgr.staging.input.0.child: umgr.staging.input.0            : MainThread     : DEBUG   : advance bulk size: 1 [True, True]
2017-09-05 17:09:12,680: umgr.staging.input.0.child: umgr.staging.input.0            : MainThread     : DEBUG   : advance bulk: unit.000032 [1]
2017-09-05 17:09:12,681: umgr.staging.input.0.child: umgr.staging.input.0            : MainThread     : DEBUG   : bucket: AGENT_STAGING_INPUT_PENDING : ['unit.000032']
2017-09-05 17:09:12,681: umgr.staging.input.0.child: umgr.staging.input.0            : MainThread     : DEBUG   : push unit.000032 ~~~| AGENT_STAGING_INPUT_PENDING
2017-09-05 17:09:55,840: umgr.staging.input.0.child: umgr.staging.input.0            : MainThread     : DEBUG   : got unit (unit.000033)
2017-09-05 17:09:55,840: umgr.staging.input.0.child: umgr.staging.input.0            : MainThread     : DEBUG   : advance bulk size: 1 [False, True]
2017-09-05 17:09:55,840: umgr.staging.input.0.child: umgr.staging.input.0            : MainThread     : DEBUG   : advance bulk: unit.000033 [1]
2017-09-05 17:09:55,840: umgr.staging.input.0.child: umgr.staging.input.0            : MainThread     : DEBUG   : advance bulk size: 1 [True, True]
2017-09-05 17:09:55,840: umgr.staging.input.0.child: umgr.staging.input.0            : MainThread     : DEBUG   : advance bulk: unit.000033 [1]
2017-09-05 17:09:55,841: umgr.staging.input.0.child: umgr.staging.input.0            : MainThread     : DEBUG   : bucket: AGENT_STAGING_INPUT_PENDING : ['unit.000033']
2017-09-05 17:09:55,841: umgr.staging.input.0.child: umgr.staging.input.0            : MainThread     : DEBUG   : push unit.000033 ~~~| AGENT_STAGING_INPUT_PENDING
2017-09-05 17:21:41,825: umgr.staging.input.0.child: umgr.staging.input.0            : MainThread     : DEBUG   : got unit (unit.000034)
2017-09-05 17:21:41,825: umgr.staging.input.0.child: umgr.staging.input.0            : MainThread     : DEBUG   : advance bulk size: 1 [False, True]
2017-09-05 17:21:41,825: umgr.staging.input.0.child: umgr.staging.input.0            : MainThread     : DEBUG   : advance bulk: unit.000034 [1]
2017-09-05 17:21:41,825: umgr.staging.input.0.child: umgr.staging.input.0            : MainThread     : DEBUG   : advance bulk size: 1 [True, True]
2017-09-05 17:21:41,825: umgr.staging.input.0.child: umgr.staging.input.0            : MainThread     : DEBUG   : advance bulk: unit.000034 [1]
2017-09-05 17:21:41,826: umgr.staging.input.0.child: umgr.staging.input.0            : MainThread     : DEBUG   : bucket: AGENT_STAGING_INPUT_PENDING : ['unit.000034']
2017-09-05 17:21:41,827: umgr.staging.input.0.child: umgr.staging.input.0            : MainThread     : DEBUG   : push unit.000034 ~~~| AGENT_STAGING_INPUT_PENDING
2017-09-05 17:22:23,630: umgr.staging.input.0.child: umgr.staging.input.0            : MainThread     : DEBUG   : got unit (unit.000035)
2017-09-05 17:22:23,630: umgr.staging.input.0.child: umgr.staging.input.0            : MainThread     : DEBUG   : advance bulk size: 1 [False, True]
2017-09-05 17:22:23,630: umgr.staging.input.0.child: umgr.staging.input.0            : MainThread     : DEBUG   : advance bulk: unit.000035 [1]
2017-09-05 17:22:23,631: umgr.staging.input.0.child: umgr.staging.input.0            : MainThread     : DEBUG   : advance bulk size: 1 [True, True]
2017-09-05 17:22:23,631: umgr.staging.input.0.child: umgr.staging.input.0            : MainThread     : DEBUG   : advance bulk: unit.000035 [1]
2017-09-05 17:22:23,631: umgr.staging.input.0.child: umgr.staging.input.0            : MainThread     : DEBUG   : bucket: AGENT_STAGING_INPUT_PENDING : ['unit.000035']
2017-09-05 17:22:23,632: umgr.staging.input.0.child: umgr.staging.input.0            : MainThread     : DEBUG   : push unit.000035 ~~~| AGENT_STAGING_INPUT_PENDING
2017-09-05 17:34:09,265: umgr.staging.input.0.child: umgr.staging.input.0            : MainThread     : DEBUG   : got unit (unit.000036)
2017-09-05 17:34:09,265: umgr.staging.input.0.child: umgr.staging.input.0            : MainThread     : DEBUG   : advance bulk size: 1 [False, True]
2017-09-05 17:34:09,266: umgr.staging.input.0.child: umgr.staging.input.0            : MainThread     : DEBUG   : advance bulk: unit.000036 [1]
2017-09-05 17:34:09,266: umgr.staging.input.0.child: umgr.staging.input.0            : MainThread     : DEBUG   : advance bulk size: 1 [True, True]
2017-09-05 17:34:09,266: umgr.staging.input.0.child: umgr.staging.input.0            : MainThread     : DEBUG   : advance bulk: unit.000036 [1]
2017-09-05 17:34:09,267: umgr.staging.input.0.child: umgr.staging.input.0            : MainThread     : DEBUG   : bucket: AGENT_STAGING_INPUT_PENDING : ['unit.000036']
2017-09-05 17:34:09,267: umgr.staging.input.0.child: umgr.staging.input.0            : MainThread     : DEBUG   : push unit.000036 ~~~| AGENT_STAGING_INPUT_PENDING
2017-09-05 17:34:51,023: umgr.staging.input.0.child: umgr.staging.input.0            : MainThread     : DEBUG   : got unit (unit.000037)
2017-09-05 17:34:51,023: umgr.staging.input.0.child: umgr.staging.input.0            : MainThread     : DEBUG   : advance bulk size: 1 [False, True]
2017-09-05 17:34:51,023: umgr.staging.input.0.child: umgr.staging.input.0            : MainThread     : DEBUG   : advance bulk: unit.000037 [1]
2017-09-05 17:34:51,024: umgr.staging.input.0.child: umgr.staging.input.0            : MainThread     : DEBUG   : advance bulk size: 1 [True, True]
2017-09-05 17:34:51,024: umgr.staging.input.0.child: umgr.staging.input.0            : MainThread     : DEBUG   : advance bulk: unit.000037 [1]
2017-09-05 17:34:51,024: umgr.staging.input.0.child: umgr.staging.input.0            : MainThread     : DEBUG   : bucket: AGENT_STAGING_INPUT_PENDING : ['unit.000037']
2017-09-05 17:34:51,024: umgr.staging.input.0.child: umgr.staging.input.0            : MainThread     : DEBUG   : push unit.000037 ~~~| AGENT_STAGING_INPUT_PENDING
2017-09-05 17:46:35,477: umgr.staging.input.0.child: umgr.staging.input.0            : MainThread     : DEBUG   : got unit (unit.000038)
2017-09-05 17:46:35,477: umgr.staging.input.0.child: umgr.staging.input.0            : MainThread     : DEBUG   : advance bulk size: 1 [False, True]
2017-09-05 17:46:35,477: umgr.staging.input.0.child: umgr.staging.input.0            : MainThread     : DEBUG   : advance bulk: unit.000038 [1]
2017-09-05 17:46:35,478: umgr.staging.input.0.child: umgr.staging.input.0            : MainThread     : DEBUG   : advance bulk size: 1 [True, True]
2017-09-05 17:46:35,478: umgr.staging.input.0.child: umgr.staging.input.0            : MainThread     : DEBUG   : advance bulk: unit.000038 [1]
2017-09-05 17:46:35,478: umgr.staging.input.0.child: umgr.staging.input.0            : MainThread     : DEBUG   : bucket: AGENT_STAGING_INPUT_PENDING : ['unit.000038']
2017-09-05 17:46:35,478: umgr.staging.input.0.child: umgr.staging.input.0            : MainThread     : DEBUG   : push unit.000038 ~~~| AGENT_STAGING_INPUT_PENDING
2017-09-05 17:47:20,272: umgr.staging.input.0.child: umgr.staging.input.0            : MainThread     : DEBUG   : got unit (unit.000039)
2017-09-05 17:47:20,272: umgr.staging.input.0.child: umgr.staging.input.0            : MainThread     : DEBUG   : advance bulk size: 1 [False, True]
2017-09-05 17:47:20,272: umgr.staging.input.0.child: umgr.staging.input.0            : MainThread     : DEBUG   : advance bulk: unit.000039 [1]
2017-09-05 17:47:20,272: umgr.staging.input.0.child: umgr.staging.input.0            : MainThread     : DEBUG   : advance bulk size: 1 [True, True]
2017-09-05 17:47:20,272: umgr.staging.input.0.child: umgr.staging.input.0            : MainThread     : DEBUG   : advance bulk: unit.000039 [1]
2017-09-05 17:47:20,272: umgr.staging.input.0.child: umgr.staging.input.0            : MainThread     : DEBUG   : bucket: AGENT_STAGING_INPUT_PENDING : ['unit.000039']
2017-09-05 17:47:20,272: umgr.staging.input.0.child: umgr.staging.input.0            : MainThread     : DEBUG   : push unit.000039 ~~~| AGENT_STAGING_INPUT_PENDING
2017-09-05 17:52:45,808: umgr.staging.input.0.child: umgr.staging.input.0            : MainThread     : ERROR   : abort: KeyboardInterrupt()
Traceback (most recent call last):
  File "/home/vivek/ves/test-htbac/local/lib/python2.7/site-packages/radical/utils/process.py", line 599, in _run
    if not self.work_cb():
  File "/home/vivek/ves/test-htbac/local/lib/python2.7/site-packages/radical/pilot/utils/component.py", line 1191, in work_cb
    things = input.get_nowait(1000) # timeout in microseconds
  File "/home/vivek/ves/test-htbac/local/lib/python2.7/site-packages/radical/pilot/utils/queue.py", line 437, in get_nowait
    if _uninterruptible(self._q.poll, flags=zmq.POLLIN, timeout=timeout):
  File "/home/vivek/ves/test-htbac/local/lib/python2.7/site-packages/radical/pilot/utils/queue.py", line 50, in _uninterruptible
    return f(*args, **kwargs)
  File "/home/vivek/ves/test-htbac/local/lib/python2.7/site-packages/zmq/sugar/socket.py", line 558, in poll
    evts = dict(p.poll(timeout))
  File "/home/vivek/ves/test-htbac/local/lib/python2.7/site-packages/zmq/sugar/poll.py", line 99, in poll
    return zmq_poll(self.sockets, timeout=timeout)
  File "zmq/backend/cython/_poll.pyx", line 116, in zmq.backend.cython._poll.zmq_poll (zmq/backend/cython/_poll.c:2036)
  File "zmq/backend/cython/checkrc.pxd", line 12, in zmq.backend.cython.checkrc._check_rc (zmq/backend/cython/_poll.c:2418)
    PyErr_CheckSignals()
KeyboardInterrupt
2017-09-05 17:52:45,809: umgr.staging.input.0.child: umgr.staging.input.0            : MainThread     : INFO    : send message: [umgr.staging.input.0.child] abort: KeyboardInterrupt()
2017-09-05 17:52:45,809: umgr.staging.input.0.child: umgr.staging.input.0            : MainThread     : DEBUG   : ru_finalize_common()
2017-09-05 17:52:45,810: umgr.staging.input.0.child: umgr.staging.input.0            : MainThread     : DEBUG   : TERM : umgr.staging.input.0.child unregister publisher log_pubsub
2017-09-05 17:52:45,810: umgr.staging.input.0.child: umgr.staging.input.0            : MainThread     : DEBUG   : unregistered publisher log_pubsub
2017-09-05 17:52:45,810: umgr.staging.input.0.child: umgr.staging.input.0            : MainThread     : DEBUG   : TERM : umgr.staging.input.0.child unregister publisher state_pubsub
2017-09-05 17:52:45,810: umgr.staging.input.0.child: umgr.staging.input.0            : MainThread     : DEBUG   : unregistered publisher state_pubsub
2017-09-05 17:52:45,810: umgr.staging.input.0.child: umgr.staging.input.0            : MainThread     : DEBUG   : TERM : umgr.staging.input.0.child unregister publisher control_pubsub
2017-09-05 17:52:45,810: umgr.staging.input.0.child: umgr.staging.input.0            : MainThread     : DEBUG   : unregistered publisher control_pubsub
2017-09-05 17:52:45,810: umgr.staging.input.0.child: umgr.staging.input.0            : MainThread     : DEBUG   : umgr.staging.input.0.child close prof
2017-09-05 17:52:45,811: umgr.staging.input.0.child: umgr.staging.input.0            : MainThread     : INFO    : send message: [umgr.staging.input.0.child] terminating
2017-09-05 17:52:45,863: umgr.staging.input.0.child: umgr.staging.input.0            : umgr.staging.input.0.child.watch: INFO    : watcher closes
2017-09-05 17:52:45,863: umgr.staging.input.0.child: umgr.staging.input.0            : umgr.staging.input.0.child.watch: INFO    : put message: [umgr.staging.input.0.child.watch.thread] work finished
2017-09-05 17:52:45,863: umgr.staging.input.0.child: umgr.staging.input.0            : umgr.staging.input.0.child.watch: DEBUG   : ru_finalize_child (NOOP)
2017-09-05 17:52:45,863: umgr.staging.input.0.child: umgr.staging.input.0            : umgr.staging.input.0.child.watch: DEBUG   : ru_finalize_common (NOOP)
2017-09-05 17:52:45,863: umgr.staging.input.0.child: umgr.staging.input.0            : umgr.staging.input.0.child.watch: INFO    : put message: [umgr.staging.input.0.child.watch.thread] terminating
2017-09-05 17:52:45,874: umgr.staging.input.0.child: umgr.staging.input.0            : MainThread     : INFO    : parent stops child
2017-09-05 17:52:45,874: umgr.staging.input.0.child: umgr.staging.input.0            : MainThread     : DEBUG   : ru_finalize_parent (NOOP)
2017-09-05 17:52:45,942: umgr.staging.input.0.child: umgr.staging.input.0            : umgr.staging.input.0.child.subscriber._cancel_monitor_cb: ERROR   : abort: ZMQError('Socket operation on non-socket')
Traceback (most recent call last):
  File "/home/vivek/ves/test-htbac/local/lib/python2.7/site-packages/radical/utils/threads.py", line 375, in _run
    if not self.work_cb():
  File "/home/vivek/ves/test-htbac/local/lib/python2.7/site-packages/radical/pilot/utils/component.py", line 1088, in work_cb
    topic, msg = self._q.get_nowait(500)  # timout in ms
  File "/home/vivek/ves/test-htbac/local/lib/python2.7/site-packages/radical/pilot/utils/pubsub.py", line 352, in get_nowait
    if _uninterruptible(self._q.poll, flags=zmq.POLLIN, timeout=timeout):
  File "/home/vivek/ves/test-htbac/local/lib/python2.7/site-packages/radical/pilot/utils/pubsub.py", line 50, in _uninterruptible
    return f(*args, **kwargs)
  File "/home/vivek/ves/test-htbac/local/lib/python2.7/site-packages/zmq/sugar/socket.py", line 558, in poll
    evts = dict(p.poll(timeout))
  File "/home/vivek/ves/test-htbac/local/lib/python2.7/site-packages/zmq/sugar/poll.py", line 99, in poll
    return zmq_poll(self.sockets, timeout=timeout)
  File "zmq/backend/cython/_poll.pyx", line 123, in zmq.backend.cython._poll.zmq_poll (zmq/backend/cython/_poll.c:2186)
  File "zmq/backend/cython/_poll.pyx", line 116, in zmq.backend.cython._poll.zmq_poll (zmq/backend/cython/_poll.c:2036)
  File "zmq/backend/cython/checkrc.pxd", line 25, in zmq.backend.cython.checkrc._check_rc (zmq/backend/cython/_poll.c:2811)
    raise ZMQError(errno)
ZMQError: Socket operation on non-socket
2017-09-05 17:52:45,942: umgr.staging.input.0.child: umgr.staging.input.0            : umgr.staging.input.0.child.subscriber._cancel_monitor_cb: INFO    : put message: [umgr.staging.input.0.child.subscriber._cancel_monitor_cb.thread] ZMQError('Socket operation on non-socket')
2017-09-05 17:52:45,942: umgr.staging.input.0.child: umgr.staging.input.0            : umgr.staging.input.0.child.subscriber._cancel_monitor_cb: DEBUG   : ru_finalize_child (NOOP)
2017-09-05 17:52:45,943: umgr.staging.input.0.child: umgr.staging.input.0            : umgr.staging.input.0.child.subscriber._cancel_monitor_cb: INFO    : put message: [umgr.staging.input.0.child.subscriber._cancel_monitor_cb.thread] terminating
