2017-09-05 16:05:52,713: log.pubsub.pub.0005 : umgr.scheduling.0               : MainThread     : INFO    : python.interpreter   version: 2.7.12 (default, Nov 19 2016, 06:48:10) [GCC 5.4.0 20160609]
2017-09-05 16:05:52,713: log.pubsub.pub.0005 : umgr.scheduling.0               : MainThread     : INFO    :                      pid: 15448
2017-09-05 16:05:52,713: log.pubsub.pub.0005 : umgr.scheduling.0               : MainThread     : INFO    :                      tid: MainThread
2017-09-05 16:05:52,713: log.pubsub.pub.0005 : umgr.scheduling.0               : MainThread     : INFO    : radical.pilot        version: 0.47-v0.46-3-g0f79ca80@devel
2017-09-05 16:05:52,713: log.pubsub.pub.0005 : umgr.scheduling.0               : MainThread     : INFO    : create log_pubsub - pub - tcp://138.201.86.166:45270
2017-09-05 16:05:52,714: log.pubsub.pub.0005 : umgr.scheduling.0               : MainThread     : DEBUG   : start process
2017-09-05 16:05:52,714: log.pubsub.pub.0005 : umgr.scheduling.0               : MainThread     : DEBUG   : ru_initialize_common (NOOP)
2017-09-05 16:05:52,714: log.pubsub.pub.0005 : umgr.scheduling.0               : MainThread     : DEBUG   : ru_initialize_parent (NOOP)
2017-09-05 16:05:52,714: log.pubsub.pub.0005 : umgr.scheduling.0               : MainThread     : DEBUG   : process class started (no child)
2017-09-05 16:05:52,738: log.pubsub.pub.0005 : task-manager                    : MainThread     : INFO    : python.interpreter   version: 2.7.12 (default, Nov 19 2016, 06:48:10) [GCC 5.4.0 20160609]
2017-09-05 16:05:52,738: log.pubsub.pub.0005 : task-manager                    : MainThread     : INFO    :                      pid: 15370
2017-09-05 16:05:52,739: log.pubsub.pub.0005 : task-manager                    : MainThread     : INFO    :                      tid: MainThread
2017-09-05 16:05:52,739: log.pubsub.pub.0005 : task-manager                    : MainThread     : INFO    : radical.pilot        version: 0.47-v0.46-3-g0f79ca80@devel
2017-09-05 16:05:52,739: log.pubsub.pub.0005 : task-manager                    : MainThread     : INFO    : create log_pubsub - pub - tcp://138.201.86.166:45270
2017-09-05 16:05:52,739: log.pubsub.pub.0005 : task-manager                    : MainThread     : DEBUG   : start process
2017-09-05 16:05:52,739: log.pubsub.pub.0005 : task-manager                    : MainThread     : DEBUG   : ru_initialize_common (NOOP)
2017-09-05 16:05:52,739: log.pubsub.pub.0005 : task-manager                    : MainThread     : DEBUG   : ru_initialize_parent (NOOP)
2017-09-05 16:05:52,739: log.pubsub.pub.0005 : task-manager                    : MainThread     : DEBUG   : process class started (no child)
2017-09-05 17:52:45,807: log.pubsub.pub.0005 : umgr.scheduling.0               : MainThread     : INFO    : parent stops child
2017-09-05 17:52:45,808: log.pubsub.pub.0005 : umgr.scheduling.0               : MainThread     : DEBUG   : ru_finalize_parent (NOOP)
