2017-09-05 15:59:22,182: rp.session.two.vivek.017414.0002: MainProcess                     : MainThread     : INFO    : python.interpreter   version: 2.7.12 (default, Nov 19 2016, 06:48:10) [GCC 5.4.0 20160609]
2017-09-05 15:59:22,182: rp.session.two.vivek.017414.0002: MainProcess                     : MainThread     : INFO    :                      pid: 13910
2017-09-05 15:59:22,182: rp.session.two.vivek.017414.0002: MainProcess                     : MainThread     : INFO    :                      tid: MainThread
2017-09-05 15:59:22,182: rp.session.two.vivek.017414.0002: MainProcess                     : MainThread     : INFO    : radical.pilot        version: 0.47-v0.46-3-g0f79ca80@devel
2017-09-05 15:59:22,182: rp.session.two.vivek.017414.0002: MainProcess                     : MainThread     : INFO    : using database mongodb://user:user@ds153652.mlab.com:53652/test_08_08
2017-09-05 15:59:22,184: rp.session.two.vivek.017414.0002: MainProcess                     : MainThread     : INFO    : Load resource configurations from /home/vivek/ves/test-htbac/local/lib/python2.7/site-packages/radical/pilot/configs/resource_fub.json
2017-09-05 15:59:22,185: rp.session.two.vivek.017414.0002: MainProcess                     : MainThread     : INFO    : Load resource configurations for fub.allegro_rsh
2017-09-05 15:59:22,186: rp.session.two.vivek.017414.0002: MainProcess                     : MainThread     : INFO    : Load resource configurations from /home/vivek/ves/test-htbac/local/lib/python2.7/site-packages/radical/pilot/configs/resource_yale.json
2017-09-05 15:59:22,186: rp.session.two.vivek.017414.0002: MainProcess                     : MainThread     : INFO    : Load resource configurations for yale.grace_ssh
2017-09-05 15:59:22,187: rp.session.two.vivek.017414.0002: MainProcess                     : MainThread     : INFO    : Load resource configurations from /home/vivek/ves/test-htbac/local/lib/python2.7/site-packages/radical/pilot/configs/resource_stfc.json
2017-09-05 15:59:22,187: rp.session.two.vivek.017414.0002: MainProcess                     : MainThread     : INFO    : Load resource configurations for stfc.joule_runjob
2017-09-05 15:59:22,188: rp.session.two.vivek.017414.0002: MainProcess                     : MainThread     : INFO    : Load resource configurations from /home/vivek/ves/test-htbac/local/lib/python2.7/site-packages/radical/pilot/configs/resource_osg.json
2017-09-05 15:59:22,189: rp.session.two.vivek.017414.0002: MainProcess                     : MainThread     : INFO    : Load resource configurations for osg.xsede-virt-clust
2017-09-05 15:59:22,190: rp.session.two.vivek.017414.0002: MainProcess                     : MainThread     : INFO    : Load resource configurations for osg.connect
2017-09-05 15:59:22,190: rp.session.two.vivek.017414.0002: MainProcess                     : MainThread     : INFO    : Load resource configurations from /home/vivek/ves/test-htbac/local/lib/python2.7/site-packages/radical/pilot/configs/resource_xsede.json
2017-09-05 15:59:22,206: rp.session.two.vivek.017414.0002: MainProcess                     : MainThread     : INFO    : Load resource configurations for xsede.stampede2_ssh
2017-09-05 15:59:22,206: rp.session.two.vivek.017414.0002: MainProcess                     : MainThread     : INFO    : Load resource configurations for xsede.wrangler_spark
2017-09-05 15:59:22,206: rp.session.two.vivek.017414.0002: MainProcess                     : MainThread     : INFO    : Load resource configurations for xsede.stampede_yarn
2017-09-05 15:59:22,207: rp.session.two.vivek.017414.0002: MainProcess                     : MainThread     : INFO    : Load resource configurations for xsede.gordon_ssh
2017-09-05 15:59:22,207: rp.session.two.vivek.017414.0002: MainProcess                     : MainThread     : INFO    : Load resource configurations for xsede.stampede_ssh
2017-09-05 15:59:22,207: rp.session.two.vivek.017414.0002: MainProcess                     : MainThread     : INFO    : Load resource configurations for xsede.lonestar_ssh
2017-09-05 15:59:22,207: rp.session.two.vivek.017414.0002: MainProcess                     : MainThread     : INFO    : Load resource configurations for xsede.supermic_spark
2017-09-05 15:59:22,207: rp.session.two.vivek.017414.0002: MainProcess                     : MainThread     : INFO    : Load resource configurations for xsede.wrangler_ssh
2017-09-05 15:59:22,208: rp.session.two.vivek.017414.0002: MainProcess                     : MainThread     : INFO    : Load resource configurations for xsede.wrangler_yarn
2017-09-05 15:59:22,208: rp.session.two.vivek.017414.0002: MainProcess                     : MainThread     : INFO    : Load resource configurations for xsede.bridges
2017-09-05 15:59:22,208: rp.session.two.vivek.017414.0002: MainProcess                     : MainThread     : INFO    : Load resource configurations for xsede.supermic_ssh
2017-09-05 15:59:22,208: rp.session.two.vivek.017414.0002: MainProcess                     : MainThread     : INFO    : Load resource configurations for xsede.stampede_orte
2017-09-05 15:59:22,208: rp.session.two.vivek.017414.0002: MainProcess                     : MainThread     : INFO    : Load resource configurations for xsede.greenfield
2017-09-05 15:59:22,209: rp.session.two.vivek.017414.0002: MainProcess                     : MainThread     : INFO    : Load resource configurations for xsede.comet_spark
2017-09-05 15:59:22,209: rp.session.two.vivek.017414.0002: MainProcess                     : MainThread     : INFO    : Load resource configurations for xsede.trestles_ssh
2017-09-05 15:59:22,209: rp.session.two.vivek.017414.0002: MainProcess                     : MainThread     : INFO    : Load resource configurations for xsede.comet_ssh
2017-09-05 15:59:22,209: rp.session.two.vivek.017414.0002: MainProcess                     : MainThread     : INFO    : Load resource configurations for xsede.stampede_spark
2017-09-05 15:59:22,210: rp.session.two.vivek.017414.0002: MainProcess                     : MainThread     : INFO    : Load resource configurations for xsede.comet_orte
2017-09-05 15:59:22,210: rp.session.two.vivek.017414.0002: MainProcess                     : MainThread     : INFO    : Load resource configurations for xsede.comet_ortelib
2017-09-05 15:59:22,210: rp.session.two.vivek.017414.0002: MainProcess                     : MainThread     : INFO    : Load resource configurations for xsede.blacklight_ssh
2017-09-05 15:59:22,210: rp.session.two.vivek.017414.0002: MainProcess                     : MainThread     : INFO    : Load resource configurations for xsede.stampede_ortelib
2017-09-05 15:59:22,210: rp.session.two.vivek.017414.0002: MainProcess                     : MainThread     : INFO    : Load resource configurations from /home/vivek/ves/test-htbac/local/lib/python2.7/site-packages/radical/pilot/configs/resource_nersc.json
2017-09-05 15:59:22,215: rp.session.two.vivek.017414.0002: MainProcess                     : MainThread     : INFO    : Load resource configurations for nersc.edison_ccm_ssh
2017-09-05 15:59:22,215: rp.session.two.vivek.017414.0002: MainProcess                     : MainThread     : INFO    : Load resource configurations for nersc.hopper_orte
2017-09-05 15:59:22,216: rp.session.two.vivek.017414.0002: MainProcess                     : MainThread     : INFO    : Load resource configurations for nersc.hopper_ccm_ssh
2017-09-05 15:59:22,216: rp.session.two.vivek.017414.0002: MainProcess                     : MainThread     : INFO    : Load resource configurations for nersc.edison_aprun
2017-09-05 15:59:22,216: rp.session.two.vivek.017414.0002: MainProcess                     : MainThread     : INFO    : Load resource configurations for nersc.hopper_aprun
2017-09-05 15:59:22,216: rp.session.two.vivek.017414.0002: MainProcess                     : MainThread     : INFO    : Load resource configurations for nersc.edison_orte
2017-09-05 15:59:22,216: rp.session.two.vivek.017414.0002: MainProcess                     : MainThread     : INFO    : Load resource configurations from /home/vivek/ves/test-htbac/local/lib/python2.7/site-packages/radical/pilot/configs/resource_lrz.json
2017-09-05 15:59:22,217: rp.session.two.vivek.017414.0002: MainProcess                     : MainThread     : INFO    : Load resource configurations for lrz.supermuc_ssh
2017-09-05 15:59:22,217: rp.session.two.vivek.017414.0002: MainProcess                     : MainThread     : INFO    : Load resource configurations from /home/vivek/ves/test-htbac/local/lib/python2.7/site-packages/radical/pilot/configs/resource_epsrc.json
2017-09-05 15:59:22,219: rp.session.two.vivek.017414.0002: MainProcess                     : MainThread     : INFO    : Load resource configurations for epsrc.archer_orte
2017-09-05 15:59:22,219: rp.session.two.vivek.017414.0002: MainProcess                     : MainThread     : INFO    : Load resource configurations for epsrc.archer_aprun
2017-09-05 15:59:22,219: rp.session.two.vivek.017414.0002: MainProcess                     : MainThread     : INFO    : Load resource configurations from /home/vivek/ves/test-htbac/local/lib/python2.7/site-packages/radical/pilot/configs/resource_ncsa.json
2017-09-05 15:59:22,223: rp.session.two.vivek.017414.0002: MainProcess                     : MainThread     : INFO    : Load resource configurations for ncsa.bw_orte
2017-09-05 15:59:22,223: rp.session.two.vivek.017414.0002: MainProcess                     : MainThread     : INFO    : Load resource configurations for ncsa.bw_ccm_ssh
2017-09-05 15:59:22,224: rp.session.two.vivek.017414.0002: MainProcess                     : MainThread     : INFO    : Load resource configurations for ncsa.bw_ortelib
2017-09-05 15:59:22,224: rp.session.two.vivek.017414.0002: MainProcess                     : MainThread     : INFO    : Load resource configurations for ncsa.bw_aprun
2017-09-05 15:59:22,224: rp.session.two.vivek.017414.0002: MainProcess                     : MainThread     : INFO    : Load resource configurations for ncsa.bw_local_orte
2017-09-05 15:59:22,224: rp.session.two.vivek.017414.0002: MainProcess                     : MainThread     : INFO    : Load resource configurations from /home/vivek/ves/test-htbac/local/lib/python2.7/site-packages/radical/pilot/configs/resource_lumc.json
2017-09-05 15:59:22,226: rp.session.two.vivek.017414.0002: MainProcess                     : MainThread     : INFO    : Load resource configurations for lumc.gb-ui_ssh
2017-09-05 15:59:22,226: rp.session.two.vivek.017414.0002: MainProcess                     : MainThread     : INFO    : Load resource configurations for lumc.shark_ssh
2017-09-05 15:59:22,226: rp.session.two.vivek.017414.0002: MainProcess                     : MainThread     : INFO    : Load resource configurations from /home/vivek/ves/test-htbac/local/lib/python2.7/site-packages/radical/pilot/configs/resource_das4.json
2017-09-05 15:59:22,227: rp.session.two.vivek.017414.0002: MainProcess                     : MainThread     : INFO    : Load resource configurations for das4.fs2_ssh
2017-09-05 15:59:22,227: rp.session.two.vivek.017414.0002: MainProcess                     : MainThread     : INFO    : Load resource configurations from /home/vivek/ves/test-htbac/local/lib/python2.7/site-packages/radical/pilot/configs/resource_aliases.json
2017-09-05 15:59:22,227: rp.session.two.vivek.017414.0002: MainProcess                     : MainThread     : INFO    : Load resource configurations from /home/vivek/ves/test-htbac/local/lib/python2.7/site-packages/radical/pilot/configs/resource_futuregrid.json
2017-09-05 15:59:22,231: rp.session.two.vivek.017414.0002: MainProcess                     : MainThread     : INFO    : Load resource configurations for futuregrid.delta_ssh
2017-09-05 15:59:22,231: rp.session.two.vivek.017414.0002: MainProcess                     : MainThread     : INFO    : Load resource configurations for futuregrid.india_ssh
2017-09-05 15:59:22,231: rp.session.two.vivek.017414.0002: MainProcess                     : MainThread     : INFO    : Load resource configurations for futuregrid.echo_ssh
2017-09-05 15:59:22,232: rp.session.two.vivek.017414.0002: MainProcess                     : MainThread     : INFO    : Load resource configurations for futuregrid.xray_ccm
2017-09-05 15:59:22,232: rp.session.two.vivek.017414.0002: MainProcess                     : MainThread     : INFO    : Load resource configurations for futuregrid.bravo_ssh
2017-09-05 15:59:22,232: rp.session.two.vivek.017414.0002: MainProcess                     : MainThread     : INFO    : Load resource configurations for futuregrid.xray_aprun
2017-09-05 15:59:22,232: rp.session.two.vivek.017414.0002: MainProcess                     : MainThread     : INFO    : Load resource configurations from /home/vivek/ves/test-htbac/local/lib/python2.7/site-packages/radical/pilot/configs/resource_ornl.json
2017-09-05 15:59:22,235: rp.session.two.vivek.017414.0002: MainProcess                     : MainThread     : INFO    : Load resource configurations for ornl.titan_orte
2017-09-05 15:59:22,235: rp.session.two.vivek.017414.0002: MainProcess                     : MainThread     : INFO    : Load resource configurations for ornl.titan_aprun
2017-09-05 15:59:22,235: rp.session.two.vivek.017414.0002: MainProcess                     : MainThread     : INFO    : Load resource configurations for ornl.titan_ortelib
2017-09-05 15:59:22,235: rp.session.two.vivek.017414.0002: MainProcess                     : MainThread     : INFO    : Load resource configurations from /home/vivek/ves/test-htbac/local/lib/python2.7/site-packages/radical/pilot/configs/resource_chameleon.json
2017-09-05 15:59:22,236: rp.session.two.vivek.017414.0002: MainProcess                     : MainThread     : INFO    : Load resource configurations for chameleon.cloud_vm_yarn
2017-09-05 15:59:22,236: rp.session.two.vivek.017414.0002: MainProcess                     : MainThread     : INFO    : Load resource configurations from /home/vivek/ves/test-htbac/local/lib/python2.7/site-packages/radical/pilot/configs/resource_iu.json
2017-09-05 15:59:22,238: rp.session.two.vivek.017414.0002: MainProcess                     : MainThread     : INFO    : Load resource configurations for iu.bigred2_ccm_ssh
2017-09-05 15:59:22,238: rp.session.two.vivek.017414.0002: MainProcess                     : MainThread     : INFO    : Load resource configurations for iu.bigred2_aprun
2017-09-05 15:59:22,238: rp.session.two.vivek.017414.0002: MainProcess                     : MainThread     : INFO    : Load resource configurations from /home/vivek/ves/test-htbac/local/lib/python2.7/site-packages/radical/pilot/configs/resource_local.json
2017-09-05 15:59:22,242: rp.session.two.vivek.017414.0002: MainProcess                     : MainThread     : INFO    : Load resource configurations for local.localhost_orte
2017-09-05 15:59:22,243: rp.session.two.vivek.017414.0002: MainProcess                     : MainThread     : INFO    : Load resource configurations for local.localhost_anaconda
2017-09-05 15:59:22,243: rp.session.two.vivek.017414.0002: MainProcess                     : MainThread     : INFO    : Load resource configurations for local.localhost_ortelib
2017-09-05 15:59:22,243: rp.session.two.vivek.017414.0002: MainProcess                     : MainThread     : INFO    : Load resource configurations for local.localhost
2017-09-05 15:59:22,243: rp.session.two.vivek.017414.0002: MainProcess                     : MainThread     : INFO    : Load resource configurations for local.localhost_spark
2017-09-05 15:59:22,243: rp.session.two.vivek.017414.0002: MainProcess                     : MainThread     : INFO    : Load resource configurations for local.localhost_spark_anaconda
2017-09-05 15:59:22,243: rp.session.two.vivek.017414.0002: MainProcess                     : MainThread     : INFO    : Load resource configurations for local.localhost_yarn
2017-09-05 15:59:22,244: rp.session.two.vivek.017414.0002: MainProcess                     : MainThread     : INFO    : Load resource configurations from /home/vivek/ves/test-htbac/local/lib/python2.7/site-packages/radical/pilot/configs/resource_radical.json
2017-09-05 15:59:22,246: rp.session.two.vivek.017414.0002: MainProcess                     : MainThread     : INFO    : Load resource configurations for radical.two
2017-09-05 15:59:22,246: rp.session.two.vivek.017414.0002: MainProcess                     : MainThread     : INFO    : Load resource configurations for radical.tutorial
2017-09-05 15:59:22,246: rp.session.two.vivek.017414.0002: MainProcess                     : MainThread     : INFO    : Load resource configurations for radical.one
2017-09-05 15:59:22,246: rp.session.two.vivek.017414.0002: MainProcess                     : MainThread     : INFO    : Load resource configurations from /home/vivek/ves/test-htbac/local/lib/python2.7/site-packages/radical/pilot/configs/resource_ncar.json
2017-09-05 15:59:22,247: rp.session.two.vivek.017414.0002: MainProcess                     : MainThread     : INFO    : Load resource configurations for ncar.yellowstone_ssh
2017-09-05 15:59:22,247: rp.session.two.vivek.017414.0002: MainProcess                     : MainThread     : INFO    : Load resource configurations from /home/vivek/ves/test-htbac/local/lib/python2.7/site-packages/radical/pilot/configs/resource_rice.json
2017-09-05 15:59:22,249: rp.session.two.vivek.017414.0002: MainProcess                     : MainThread     : INFO    : Load resource configurations for rice.davinci_ssh
2017-09-05 15:59:22,249: rp.session.two.vivek.017414.0002: MainProcess                     : MainThread     : INFO    : Load resource configurations for rice.biou_ssh
2017-09-05 15:59:22,249: rp.session.two.vivek.017414.0002: MainProcess                     : MainThread     : INFO    : Load resource configurations from /home/vivek/ves/test-htbac/local/lib/python2.7/site-packages/radical/pilot/configs/resource_das5.json
2017-09-05 15:59:22,250: rp.session.two.vivek.017414.0002: MainProcess                     : MainThread     : INFO    : Load resource configurations for das5.fs1_ssh
2017-09-05 15:59:23,312: rp.session.two.vivek.017414.0002: MainProcess                     : MainThread     : INFO    : New Session created: rp.session.two.vivek.017414.0002.
2017-09-05 15:59:23,313: rp.session.two.vivek.017414.0002: MainProcess                     : MainThread     : DEBUG   : start bridges   : {u'control_pubsub': {u'bulk_size': 0, u'log_level': u'debug', u'stall_hwm': 1},
 u'log_pubsub': {u'bulk_size': 0, u'log_level': u'debug', u'stall_hwm': 1},
 u'state_pubsub': {u'bulk_size': 0, u'log_level': u'debug', u'stall_hwm': 1}}
2017-09-05 15:59:23,314: rp.session.two.vivek.017414.0002: MainProcess                     : MainThread     : INFO    : create bridge control_pubsub
2017-09-05 15:59:23,329: rp.session.two.vivek.017414.0002: MainProcess                     : MainThread     : INFO    : created bridge control_pubsub (control.pubsub.bridge.0000)
2017-09-05 15:59:23,329: rp.session.two.vivek.017414.0002: MainProcess                     : MainThread     : INFO    : create bridge state_pubsub
2017-09-05 15:59:23,342: rp.session.two.vivek.017414.0002: MainProcess                     : MainThread     : INFO    : created bridge state_pubsub (state.pubsub.bridge.0000)
2017-09-05 15:59:23,342: rp.session.two.vivek.017414.0002: MainProcess                     : MainThread     : INFO    : create bridge log_pubsub
2017-09-05 15:59:23,353: rp.session.two.vivek.017414.0002: MainProcess                     : MainThread     : INFO    : created bridge log_pubsub (log.pubsub.bridge.0000)
2017-09-05 15:59:23,353: rp.session.two.vivek.017414.0002: MainProcess                     : MainThread     : DEBUG   : start components: {u'UpdateWorker': {u'count': 1}}
2017-09-05 15:59:23,353: rp.session.two.vivek.017414.0002: MainProcess                     : MainThread     : DEBUG   : start 1 component(s) UpdateWorker
2017-09-05 15:59:23,993: rp.session.two.vivek.017414.0002: MainProcess                     : MainThread     : INFO    : rp.session.two.vivek.017414.0002 starts update.0
2017-09-05 15:59:24,322: rp.session.two.vivek.017414.0002: MainProcess                     : MainThread     : DEBUG   : rsup.PTYShell('gsissh://bw.ncsa.illinois.edu')
2017-09-05 15:59:29,811: rp.session.two.vivek.017414.0002: MainProcess                     : MainThread     : DEBUG   : sandbox base gsissh://bw.ncsa.illinois.edu: '/scratch/sciteam/balasubr'
2017-09-05 15:59:30,016: rp.session.two.vivek.017414.0002: MainProcess                     : MainThread     : DEBUG   : bulk pilot insert result: {'nModified': 0, 'nUpserted': 0, 'nMatched': 0, 'writeErrors': [], 'upserted': [], 'writeConcernErrors': [], 'nRemoved': 0, 'nInserted': 1}
2017-09-05 15:59:30,028: rp.session.two.vivek.017414.0002: pmgr.launching.0                : MainThread     : DEBUG   : rsup.PTYShell('gsissh://bw.ncsa.illinois.edu')
2017-09-05 15:59:35,407: rp.session.two.vivek.017414.0002: pmgr.launching.0                : MainThread     : DEBUG   : sandbox base gsissh://bw.ncsa.illinois.edu: '/scratch/sciteam/balasubr'
2017-09-05 16:05:53,588: rp.session.two.vivek.017414.0002: task-manager                    : MainThread     : DEBUG   : bulk unit insert result: {'nModified': 0, 'nUpserted': 0, 'nMatched': 0, 'writeErrors': [], 'upserted': [], 'writeConcernErrors': [], 'nRemoved': 0, 'nInserted': 1}
2017-09-05 16:05:53,718: rp.session.two.vivek.017414.0002: task-manager                    : MainThread     : DEBUG   : bulk unit insert result: {'nModified': 0, 'nUpserted': 0, 'nMatched': 0, 'writeErrors': [], 'upserted': [], 'writeConcernErrors': [], 'nRemoved': 0, 'nInserted': 1}
2017-09-05 16:05:53,831: rp.session.two.vivek.017414.0002: task-manager                    : MainThread     : DEBUG   : bulk unit insert result: {'nModified': 0, 'nUpserted': 0, 'nMatched': 0, 'writeErrors': [], 'upserted': [], 'writeConcernErrors': [], 'nRemoved': 0, 'nInserted': 1}
2017-09-05 16:05:53,944: rp.session.two.vivek.017414.0002: task-manager                    : MainThread     : DEBUG   : bulk unit insert result: {'nModified': 0, 'nUpserted': 0, 'nMatched': 0, 'writeErrors': [], 'upserted': [], 'writeConcernErrors': [], 'nRemoved': 0, 'nInserted': 1}
2017-09-05 16:05:54,062: rp.session.two.vivek.017414.0002: task-manager                    : MainThread     : DEBUG   : bulk unit insert result: {'nModified': 0, 'nUpserted': 0, 'nMatched': 0, 'writeErrors': [], 'upserted': [], 'writeConcernErrors': [], 'nRemoved': 0, 'nInserted': 1}
2017-09-05 16:05:54,179: rp.session.two.vivek.017414.0002: task-manager                    : MainThread     : DEBUG   : bulk unit insert result: {'nModified': 0, 'nUpserted': 0, 'nMatched': 0, 'writeErrors': [], 'upserted': [], 'writeConcernErrors': [], 'nRemoved': 0, 'nInserted': 1}
2017-09-05 16:05:54,295: rp.session.two.vivek.017414.0002: task-manager                    : MainThread     : DEBUG   : bulk unit insert result: {'nModified': 0, 'nUpserted': 0, 'nMatched': 0, 'writeErrors': [], 'upserted': [], 'writeConcernErrors': [], 'nRemoved': 0, 'nInserted': 1}
2017-09-05 16:05:54,403: rp.session.two.vivek.017414.0002: task-manager                    : MainThread     : DEBUG   : bulk unit insert result: {'nModified': 0, 'nUpserted': 0, 'nMatched': 0, 'writeErrors': [], 'upserted': [], 'writeConcernErrors': [], 'nRemoved': 0, 'nInserted': 1}
2017-09-05 16:06:04,383: rp.session.two.vivek.017414.0002: task-manager                    : MainThread     : DEBUG   : bulk unit insert result: {'nModified': 0, 'nUpserted': 0, 'nMatched': 0, 'writeErrors': [], 'upserted': [], 'writeConcernErrors': [], 'nRemoved': 0, 'nInserted': 1}
2017-09-05 16:06:04,497: rp.session.two.vivek.017414.0002: task-manager                    : MainThread     : DEBUG   : bulk unit insert result: {'nModified': 0, 'nUpserted': 0, 'nMatched': 0, 'writeErrors': [], 'upserted': [], 'writeConcernErrors': [], 'nRemoved': 0, 'nInserted': 1}
2017-09-05 16:06:09,286: rp.session.two.vivek.017414.0002: task-manager                    : MainThread     : DEBUG   : bulk unit insert result: {'nModified': 0, 'nUpserted': 0, 'nMatched': 0, 'writeErrors': [], 'upserted': [], 'writeConcernErrors': [], 'nRemoved': 0, 'nInserted': 1}
2017-09-05 16:06:09,411: rp.session.two.vivek.017414.0002: task-manager                    : MainThread     : DEBUG   : bulk unit insert result: {'nModified': 0, 'nUpserted': 0, 'nMatched': 0, 'writeErrors': [], 'upserted': [], 'writeConcernErrors': [], 'nRemoved': 0, 'nInserted': 1}
2017-09-05 16:06:17,218: rp.session.two.vivek.017414.0002: task-manager                    : MainThread     : DEBUG   : bulk unit insert result: {'nModified': 0, 'nUpserted': 0, 'nMatched': 0, 'writeErrors': [], 'upserted': [], 'writeConcernErrors': [], 'nRemoved': 0, 'nInserted': 1}
2017-09-05 16:06:17,341: rp.session.two.vivek.017414.0002: task-manager                    : MainThread     : DEBUG   : bulk unit insert result: {'nModified': 0, 'nUpserted': 0, 'nMatched': 0, 'writeErrors': [], 'upserted': [], 'writeConcernErrors': [], 'nRemoved': 0, 'nInserted': 1}
2017-09-05 16:06:21,158: rp.session.two.vivek.017414.0002: task-manager                    : MainThread     : DEBUG   : bulk unit insert result: {'nModified': 0, 'nUpserted': 0, 'nMatched': 0, 'writeErrors': [], 'upserted': [], 'writeConcernErrors': [], 'nRemoved': 0, 'nInserted': 1}
2017-09-05 16:06:27,828: rp.session.two.vivek.017414.0002: task-manager                    : MainThread     : DEBUG   : bulk unit insert result: {'nModified': 0, 'nUpserted': 0, 'nMatched': 0, 'writeErrors': [], 'upserted': [], 'writeConcernErrors': [], 'nRemoved': 0, 'nInserted': 1}
2017-09-05 16:06:30,492: rp.session.two.vivek.017414.0002: task-manager                    : MainThread     : DEBUG   : bulk unit insert result: {'nModified': 0, 'nUpserted': 0, 'nMatched': 0, 'writeErrors': [], 'upserted': [], 'writeConcernErrors': [], 'nRemoved': 0, 'nInserted': 1}
2017-09-05 16:06:40,451: rp.session.two.vivek.017414.0002: task-manager                    : MainThread     : DEBUG   : bulk unit insert result: {'nModified': 0, 'nUpserted': 0, 'nMatched': 0, 'writeErrors': [], 'upserted': [], 'writeConcernErrors': [], 'nRemoved': 0, 'nInserted': 1}
2017-09-05 16:06:41,876: rp.session.two.vivek.017414.0002: task-manager                    : MainThread     : DEBUG   : bulk unit insert result: {'nModified': 0, 'nUpserted': 0, 'nMatched': 0, 'writeErrors': [], 'upserted': [], 'writeConcernErrors': [], 'nRemoved': 0, 'nInserted': 1}
2017-09-05 16:06:54,700: rp.session.two.vivek.017414.0002: task-manager                    : MainThread     : DEBUG   : bulk unit insert result: {'nModified': 0, 'nUpserted': 0, 'nMatched': 0, 'writeErrors': [], 'upserted': [], 'writeConcernErrors': [], 'nRemoved': 0, 'nInserted': 1}
2017-09-05 16:19:11,513: rp.session.two.vivek.017414.0002: task-manager                    : MainThread     : DEBUG   : bulk unit insert result: {'nModified': 0, 'nUpserted': 0, 'nMatched': 0, 'writeErrors': [], 'upserted': [], 'writeConcernErrors': [], 'nRemoved': 0, 'nInserted': 1}
2017-09-05 16:19:22,900: rp.session.two.vivek.017414.0002: task-manager                    : MainThread     : DEBUG   : bulk unit insert result: {'nModified': 0, 'nUpserted': 0, 'nMatched': 0, 'writeErrors': [], 'upserted': [], 'writeConcernErrors': [], 'nRemoved': 0, 'nInserted': 1}
2017-09-05 16:19:24,332: rp.session.two.vivek.017414.0002: task-manager                    : MainThread     : DEBUG   : bulk unit insert result: {'nModified': 0, 'nUpserted': 0, 'nMatched': 0, 'writeErrors': [], 'upserted': [], 'writeConcernErrors': [], 'nRemoved': 0, 'nInserted': 1}
2017-09-05 16:19:38,607: rp.session.two.vivek.017414.0002: task-manager                    : MainThread     : DEBUG   : bulk unit insert result: {'nModified': 0, 'nUpserted': 0, 'nMatched': 0, 'writeErrors': [], 'upserted': [], 'writeConcernErrors': [], 'nRemoved': 0, 'nInserted': 1}
2017-09-05 16:19:51,510: rp.session.two.vivek.017414.0002: task-manager                    : MainThread     : DEBUG   : bulk unit insert result: {'nModified': 0, 'nUpserted': 0, 'nMatched': 0, 'writeErrors': [], 'upserted': [], 'writeConcernErrors': [], 'nRemoved': 0, 'nInserted': 1}
2017-09-05 16:31:50,318: rp.session.two.vivek.017414.0002: task-manager                    : MainThread     : DEBUG   : bulk unit insert result: {'nModified': 0, 'nUpserted': 0, 'nMatched': 0, 'writeErrors': [], 'upserted': [], 'writeConcernErrors': [], 'nRemoved': 0, 'nInserted': 1}
2017-09-05 16:32:18,980: rp.session.two.vivek.017414.0002: task-manager                    : MainThread     : DEBUG   : bulk unit insert result: {'nModified': 0, 'nUpserted': 0, 'nMatched': 0, 'writeErrors': [], 'upserted': [], 'writeConcernErrors': [], 'nRemoved': 0, 'nInserted': 1}
2017-09-05 16:32:31,844: rp.session.two.vivek.017414.0002: task-manager                    : MainThread     : DEBUG   : bulk unit insert result: {'nModified': 0, 'nUpserted': 0, 'nMatched': 0, 'writeErrors': [], 'upserted': [], 'writeConcernErrors': [], 'nRemoved': 0, 'nInserted': 1}
2017-09-05 16:44:20,068: rp.session.two.vivek.017414.0002: task-manager                    : MainThread     : DEBUG   : bulk unit insert result: {'nModified': 0, 'nUpserted': 0, 'nMatched': 0, 'writeErrors': [], 'upserted': [], 'writeConcernErrors': [], 'nRemoved': 0, 'nInserted': 1}
2017-09-05 16:45:00,235: rp.session.two.vivek.017414.0002: task-manager                    : MainThread     : DEBUG   : bulk unit insert result: {'nModified': 0, 'nUpserted': 0, 'nMatched': 0, 'writeErrors': [], 'upserted': [], 'writeConcernErrors': [], 'nRemoved': 0, 'nInserted': 1}
2017-09-05 16:56:48,772: rp.session.two.vivek.017414.0002: task-manager                    : MainThread     : DEBUG   : bulk unit insert result: {'nModified': 0, 'nUpserted': 0, 'nMatched': 0, 'writeErrors': [], 'upserted': [], 'writeConcernErrors': [], 'nRemoved': 0, 'nInserted': 1}
2017-09-05 16:57:27,567: rp.session.two.vivek.017414.0002: task-manager                    : MainThread     : DEBUG   : bulk unit insert result: {'nModified': 0, 'nUpserted': 0, 'nMatched': 0, 'writeErrors': [], 'upserted': [], 'writeConcernErrors': [], 'nRemoved': 0, 'nInserted': 1}
2017-09-05 17:09:12,670: rp.session.two.vivek.017414.0002: task-manager                    : MainThread     : DEBUG   : bulk unit insert result: {'nModified': 0, 'nUpserted': 0, 'nMatched': 0, 'writeErrors': [], 'upserted': [], 'writeConcernErrors': [], 'nRemoved': 0, 'nInserted': 1}
2017-09-05 17:09:55,829: rp.session.two.vivek.017414.0002: task-manager                    : MainThread     : DEBUG   : bulk unit insert result: {'nModified': 0, 'nUpserted': 0, 'nMatched': 0, 'writeErrors': [], 'upserted': [], 'writeConcernErrors': [], 'nRemoved': 0, 'nInserted': 1}
2017-09-05 17:21:41,816: rp.session.two.vivek.017414.0002: task-manager                    : MainThread     : DEBUG   : bulk unit insert result: {'nModified': 0, 'nUpserted': 0, 'nMatched': 0, 'writeErrors': [], 'upserted': [], 'writeConcernErrors': [], 'nRemoved': 0, 'nInserted': 1}
2017-09-05 17:22:23,620: rp.session.two.vivek.017414.0002: task-manager                    : MainThread     : DEBUG   : bulk unit insert result: {'nModified': 0, 'nUpserted': 0, 'nMatched': 0, 'writeErrors': [], 'upserted': [], 'writeConcernErrors': [], 'nRemoved': 0, 'nInserted': 1}
2017-09-05 17:34:09,255: rp.session.two.vivek.017414.0002: task-manager                    : MainThread     : DEBUG   : bulk unit insert result: {'nModified': 0, 'nUpserted': 0, 'nMatched': 0, 'writeErrors': [], 'upserted': [], 'writeConcernErrors': [], 'nRemoved': 0, 'nInserted': 1}
2017-09-05 17:34:51,014: rp.session.two.vivek.017414.0002: task-manager                    : MainThread     : DEBUG   : bulk unit insert result: {'nModified': 0, 'nUpserted': 0, 'nMatched': 0, 'writeErrors': [], 'upserted': [], 'writeConcernErrors': [], 'nRemoved': 0, 'nInserted': 1}
2017-09-05 17:46:35,474: rp.session.two.vivek.017414.0002: task-manager                    : MainThread     : DEBUG   : bulk unit insert result: {'nModified': 0, 'nUpserted': 0, 'nMatched': 0, 'writeErrors': [], 'upserted': [], 'writeConcernErrors': [], 'nRemoved': 0, 'nInserted': 1}
2017-09-05 17:47:20,268: rp.session.two.vivek.017414.0002: task-manager                    : MainThread     : DEBUG   : bulk unit insert result: {'nModified': 0, 'nUpserted': 0, 'nMatched': 0, 'writeErrors': [], 'upserted': [], 'writeConcernErrors': [], 'nRemoved': 0, 'nInserted': 1}
