2017-09-05 15:59:23,960: state.pubsub.sub.0000: update.0                        : MainThread     : INFO    : python.interpreter   version: 2.7.12 (default, Nov 19 2016, 06:48:10) [GCC 5.4.0 20160609]
2017-09-05 15:59:23,961: state.pubsub.sub.0000: update.0                        : MainThread     : INFO    :                      pid: 13953
2017-09-05 15:59:23,961: state.pubsub.sub.0000: update.0                        : MainThread     : INFO    :                      tid: MainThread
2017-09-05 15:59:23,961: state.pubsub.sub.0000: update.0                        : MainThread     : INFO    : radical.pilot        version: 0.47-v0.46-3-g0f79ca80@devel
2017-09-05 15:59:23,961: state.pubsub.sub.0000: update.0                        : MainThread     : INFO    : create state_pubsub - sub - tcp://138.201.86.166:41589
2017-09-05 15:59:23,963: state.pubsub.sub.0000: update.0                        : MainThread     : DEBUG   : start process
2017-09-05 15:59:23,963: state.pubsub.sub.0000: update.0                        : MainThread     : DEBUG   : ru_initialize_common (NOOP)
2017-09-05 15:59:23,963: state.pubsub.sub.0000: update.0                        : MainThread     : DEBUG   : ru_initialize_parent (NOOP)
2017-09-05 15:59:23,963: state.pubsub.sub.0000: update.0                        : MainThread     : DEBUG   : process class started (no child)
2017-09-05 15:59:24,116: state.pubsub.sub.0000: MainProcess                     : MainThread     : INFO    : python.interpreter   version: 2.7.12 (default, Nov 19 2016, 06:48:10) [GCC 5.4.0 20160609]
2017-09-05 15:59:24,116: state.pubsub.sub.0000: MainProcess                     : MainThread     : INFO    :                      pid: 13910
2017-09-05 15:59:24,116: state.pubsub.sub.0000: MainProcess                     : MainThread     : INFO    :                      tid: MainThread
2017-09-05 15:59:24,116: state.pubsub.sub.0000: MainProcess                     : MainThread     : INFO    : radical.pilot        version: 0.47-v0.46-3-g0f79ca80@devel
2017-09-05 15:59:24,117: state.pubsub.sub.0000: MainProcess                     : MainThread     : INFO    : create state_pubsub - sub - tcp://138.201.86.166:41589
2017-09-05 15:59:24,117: state.pubsub.sub.0000: MainProcess                     : MainThread     : DEBUG   : start process
2017-09-05 15:59:24,118: state.pubsub.sub.0000: MainProcess                     : MainThread     : DEBUG   : ru_initialize_common (NOOP)
2017-09-05 15:59:24,118: state.pubsub.sub.0000: MainProcess                     : MainThread     : DEBUG   : ru_initialize_parent (NOOP)
2017-09-05 15:59:24,118: state.pubsub.sub.0000: MainProcess                     : MainThread     : DEBUG   : process class started (no child)
2017-09-05 17:52:46,226: state.pubsub.sub.0000: update.0                        : MainThread     : INFO    : parent stops child
2017-09-05 17:52:46,226: state.pubsub.sub.0000: update.0                        : MainThread     : DEBUG   : ru_finalize_parent (NOOP)
2017-09-05 17:52:47,725: state.pubsub.sub.0000: MainProcess                     : MainThread     : INFO    : parent stops child
2017-09-05 17:52:47,725: state.pubsub.sub.0000: MainProcess                     : MainThread     : DEBUG   : ru_finalize_parent (NOOP)
