2017-11-06 03:07:31,097: control.pubsub.pub.0001: pmgr.0000.launching.0           : MainThread     : INFO    : python.interpreter   version: 2.7.12 (default, Nov 19 2016, 06:48:10) [GCC 5.4.0 20160609]
2017-11-06 03:07:31,097: control.pubsub.pub.0001: pmgr.0000.launching.0           : MainThread     : INFO    :                      pid: 5589
2017-11-06 03:07:31,098: control.pubsub.pub.0001: pmgr.0000.launching.0           : MainThread     : INFO    :                      tid: MainThread
2017-11-06 03:07:31,098: control.pubsub.pub.0001: pmgr.0000.launching.0           : MainThread     : INFO    : radical.pilot        version: 0.47-v0.46.2-181-g138b1e15@HEAD-detached-at-origin-rc-v0.46.3
2017-11-06 03:07:31,098: control.pubsub.pub.0001: pmgr.0000.launching.0           : MainThread     : INFO    : create control_pubsub - pub - tcp://138.201.86.166:36565
2017-11-06 03:07:31,098: control.pubsub.pub.0001: pmgr.0000.launching.0           : MainThread     : DEBUG   : start process
2017-11-06 03:07:31,098: control.pubsub.pub.0001: pmgr.0000.launching.0           : MainThread     : DEBUG   : ru_initialize_common (NOOP)
2017-11-06 03:07:31,098: control.pubsub.pub.0001: pmgr.0000.launching.0           : MainThread     : DEBUG   : ru_initialize_parent (NOOP)
2017-11-06 03:07:31,098: control.pubsub.pub.0001: pmgr.0000.launching.0           : MainThread     : DEBUG   : process class started (no child)
2017-11-06 03:07:31,134: control.pubsub.pub.0001: MainProcess                     : MainThread     : INFO    : python.interpreter   version: 2.7.12 (default, Nov 19 2016, 06:48:10) [GCC 5.4.0 20160609]
2017-11-06 03:07:31,134: control.pubsub.pub.0001: MainProcess                     : MainThread     : INFO    :                      pid: 5475
2017-11-06 03:07:31,134: control.pubsub.pub.0001: MainProcess                     : MainThread     : INFO    :                      tid: MainThread
2017-11-06 03:07:31,135: control.pubsub.pub.0001: MainProcess                     : MainThread     : INFO    : radical.pilot        version: 0.47-v0.46.2-181-g138b1e15@HEAD-detached-at-origin-rc-v0.46.3
2017-11-06 03:07:31,135: control.pubsub.pub.0001: MainProcess                     : MainThread     : INFO    : create control_pubsub - pub - tcp://138.201.86.166:36565
2017-11-06 03:07:31,135: control.pubsub.pub.0001: MainProcess                     : MainThread     : DEBUG   : start process
2017-11-06 03:07:31,135: control.pubsub.pub.0001: MainProcess                     : MainThread     : DEBUG   : ru_initialize_common (NOOP)
2017-11-06 03:07:31,135: control.pubsub.pub.0001: MainProcess                     : MainThread     : DEBUG   : ru_initialize_parent (NOOP)
2017-11-06 03:07:31,135: control.pubsub.pub.0001: MainProcess                     : MainThread     : DEBUG   : process class started (no child)
2017-11-06 11:05:54,384: control.pubsub.pub.0001: MainProcess                     : MainThread     : INFO    : parent stops child  5475 -> None [control.pubsub.pub.0001]
2017-11-06 11:05:54,384: control.pubsub.pub.0001: MainProcess                     : MainThread     : DEBUG   : ru_finalize_parent (NOOP)
