2017-09-13 16:57:07,271: control.pubsub.pub.0005: umgr.scheduling.0               : MainThread     : INFO    : python.interpreter   version: 2.7.12 (default, Nov 19 2016, 06:48:10) [GCC 5.4.0 20160609]
2017-09-13 16:57:07,272: control.pubsub.pub.0005: umgr.scheduling.0               : MainThread     : INFO    :                      pid: 9889
2017-09-13 16:57:07,272: control.pubsub.pub.0005: umgr.scheduling.0               : MainThread     : INFO    :                      tid: MainThread
2017-09-13 16:57:07,273: control.pubsub.pub.0005: umgr.scheduling.0               : MainThread     : INFO    : radical.pilot        version: 0.47-v0.46.2-4-g7e7e2855@devel
2017-09-13 16:57:07,273: control.pubsub.pub.0005: umgr.scheduling.0               : MainThread     : INFO    : create control_pubsub - pub - tcp://138.201.86.166:32870
2017-09-13 16:57:07,273: control.pubsub.pub.0005: umgr.scheduling.0               : MainThread     : DEBUG   : start process
2017-09-13 16:57:07,273: control.pubsub.pub.0005: umgr.scheduling.0               : MainThread     : DEBUG   : ru_initialize_common (NOOP)
2017-09-13 16:57:07,273: control.pubsub.pub.0005: umgr.scheduling.0               : MainThread     : DEBUG   : ru_initialize_parent (NOOP)
2017-09-13 16:57:07,273: control.pubsub.pub.0005: umgr.scheduling.0               : MainThread     : DEBUG   : process class started (no child)
2017-09-13 16:57:07,305: control.pubsub.pub.0005: task-manager                    : MainThread     : INFO    : python.interpreter   version: 2.7.12 (default, Nov 19 2016, 06:48:10) [GCC 5.4.0 20160609]
2017-09-13 16:57:07,305: control.pubsub.pub.0005: task-manager                    : MainThread     : INFO    :                      pid: 9809
2017-09-13 16:57:07,305: control.pubsub.pub.0005: task-manager                    : MainThread     : INFO    :                      tid: MainThread
2017-09-13 16:57:07,305: control.pubsub.pub.0005: task-manager                    : MainThread     : INFO    : radical.pilot        version: 0.47-v0.46.2-4-g7e7e2855@devel
2017-09-13 16:57:07,305: control.pubsub.pub.0005: task-manager                    : MainThread     : INFO    : create control_pubsub - pub - tcp://138.201.86.166:32870
2017-09-13 16:57:07,305: control.pubsub.pub.0005: task-manager                    : MainThread     : DEBUG   : start process
2017-09-13 16:57:07,306: control.pubsub.pub.0005: task-manager                    : MainThread     : DEBUG   : ru_initialize_common (NOOP)
2017-09-13 16:57:07,306: control.pubsub.pub.0005: task-manager                    : MainThread     : DEBUG   : ru_initialize_parent (NOOP)
2017-09-13 16:57:07,306: control.pubsub.pub.0005: task-manager                    : MainThread     : DEBUG   : process class started (no child)
2017-09-14 02:45:03,382: control.pubsub.pub.0005: umgr.scheduling.0               : MainThread     : INFO    : parent stops child
2017-09-14 02:45:03,382: control.pubsub.pub.0005: umgr.scheduling.0               : MainThread     : DEBUG   : ru_finalize_parent (NOOP)
