2017-09-13 16:57:06,930: umgr.staging.output.queue.bridge.0000.child: umgr.staging.output.queue.bridge.0000.child: MainThread     : INFO    : python.interpreter   version: 2.7.12 (default, Nov 19 2016, 06:48:10) [GCC 5.4.0 20160609]
2017-09-13 16:57:06,931: umgr.staging.output.queue.bridge.0000.child: umgr.staging.output.queue.bridge.0000.child: MainThread     : INFO    :                      pid: 9826
2017-09-13 16:57:06,931: umgr.staging.output.queue.bridge.0000.child: umgr.staging.output.queue.bridge.0000.child: MainThread     : INFO    :                      tid: MainThread
2017-09-13 16:57:06,931: umgr.staging.output.queue.bridge.0000.child: umgr.staging.output.queue.bridge.0000.child: MainThread     : INFO    : radical.pilot        version: 0.47-v0.46.2-4-g7e7e2855@devel
2017-09-13 16:57:06,931: umgr.staging.output.queue.bridge.0000.child: umgr.staging.output.queue.bridge.0000.child: MainThread     : INFO    : start bridge umgr.staging.output.queue.bridge.0000.child on tcp://*:*
2017-09-13 16:57:06,932: umgr.staging.output.queue.bridge.0000.child: umgr.staging.output.queue.bridge.0000.child: MainThread     : INFO    : bound bridge umgr.staging.output.queue.bridge.0000.child to tcp://0.0.0.0:40784 : tcp://0.0.0.0:43415
2017-09-13 16:57:17,809: umgr.staging.output.queue.bridge.0000.child: umgr.staging.output.queue.bridge.0000.child: MainThread     : DEBUG   : sent  1 [hwm: 1]
2017-09-13 16:57:19,293: umgr.staging.output.queue.bridge.0000.child: umgr.staging.output.queue.bridge.0000.child: MainThread     : DEBUG   : sent  1 [hwm: 1]
2017-09-13 16:57:21,434: umgr.staging.output.queue.bridge.0000.child: umgr.staging.output.queue.bridge.0000.child: MainThread     : DEBUG   : sent  1 [hwm: 1]
2017-09-13 16:57:23,847: umgr.staging.output.queue.bridge.0000.child: umgr.staging.output.queue.bridge.0000.child: MainThread     : DEBUG   : sent  1 [hwm: 1]
2017-09-13 16:57:26,331: umgr.staging.output.queue.bridge.0000.child: umgr.staging.output.queue.bridge.0000.child: MainThread     : DEBUG   : sent  1 [hwm: 1]
2017-09-13 16:57:29,497: umgr.staging.output.queue.bridge.0000.child: umgr.staging.output.queue.bridge.0000.child: MainThread     : DEBUG   : sent  1 [hwm: 1]
2017-09-13 16:57:31,360: umgr.staging.output.queue.bridge.0000.child: umgr.staging.output.queue.bridge.0000.child: MainThread     : DEBUG   : sent  1 [hwm: 1]
2017-09-13 16:57:33,356: umgr.staging.output.queue.bridge.0000.child: umgr.staging.output.queue.bridge.0000.child: MainThread     : DEBUG   : sent  1 [hwm: 1]
2017-09-13 16:57:35,437: umgr.staging.output.queue.bridge.0000.child: umgr.staging.output.queue.bridge.0000.child: MainThread     : DEBUG   : sent  1 [hwm: 1]
2017-09-13 16:57:37,914: umgr.staging.output.queue.bridge.0000.child: umgr.staging.output.queue.bridge.0000.child: MainThread     : DEBUG   : sent  1 [hwm: 1]
2017-09-13 16:57:39,812: umgr.staging.output.queue.bridge.0000.child: umgr.staging.output.queue.bridge.0000.child: MainThread     : DEBUG   : sent  1 [hwm: 1]
2017-09-13 16:57:42,379: umgr.staging.output.queue.bridge.0000.child: umgr.staging.output.queue.bridge.0000.child: MainThread     : DEBUG   : sent  1 [hwm: 1]
2017-09-13 16:58:03,721: umgr.staging.output.queue.bridge.0000.child: umgr.staging.output.queue.bridge.0000.child: MainThread     : DEBUG   : sent  1 [hwm: 1]
2017-09-13 16:58:05,955: umgr.staging.output.queue.bridge.0000.child: umgr.staging.output.queue.bridge.0000.child: MainThread     : DEBUG   : sent  1 [hwm: 1]
2017-09-13 16:58:10,456: umgr.staging.output.queue.bridge.0000.child: umgr.staging.output.queue.bridge.0000.child: MainThread     : DEBUG   : sent  1 [hwm: 1]
2017-09-13 16:58:12,774: umgr.staging.output.queue.bridge.0000.child: umgr.staging.output.queue.bridge.0000.child: MainThread     : DEBUG   : sent  1 [hwm: 1]
2017-09-13 16:58:14,915: umgr.staging.output.queue.bridge.0000.child: umgr.staging.output.queue.bridge.0000.child: MainThread     : DEBUG   : sent  1 [hwm: 1]
2017-09-13 16:58:17,102: umgr.staging.output.queue.bridge.0000.child: umgr.staging.output.queue.bridge.0000.child: MainThread     : DEBUG   : sent  1 [hwm: 1]
2017-09-13 16:58:19,353: umgr.staging.output.queue.bridge.0000.child: umgr.staging.output.queue.bridge.0000.child: MainThread     : DEBUG   : sent  1 [hwm: 1]
2017-09-13 16:58:21,500: umgr.staging.output.queue.bridge.0000.child: umgr.staging.output.queue.bridge.0000.child: MainThread     : DEBUG   : sent  1 [hwm: 1]
2017-09-13 16:58:23,707: umgr.staging.output.queue.bridge.0000.child: umgr.staging.output.queue.bridge.0000.child: MainThread     : DEBUG   : sent  1 [hwm: 1]
2017-09-13 16:58:25,902: umgr.staging.output.queue.bridge.0000.child: umgr.staging.output.queue.bridge.0000.child: MainThread     : DEBUG   : sent  1 [hwm: 1]
2017-09-13 16:58:28,177: umgr.staging.output.queue.bridge.0000.child: umgr.staging.output.queue.bridge.0000.child: MainThread     : DEBUG   : sent  1 [hwm: 1]
2017-09-13 16:58:30,306: umgr.staging.output.queue.bridge.0000.child: umgr.staging.output.queue.bridge.0000.child: MainThread     : DEBUG   : sent  1 [hwm: 1]
2017-09-13 16:58:32,632: umgr.staging.output.queue.bridge.0000.child: umgr.staging.output.queue.bridge.0000.child: MainThread     : DEBUG   : sent  1 [hwm: 1]
2017-09-13 16:58:34,786: umgr.staging.output.queue.bridge.0000.child: umgr.staging.output.queue.bridge.0000.child: MainThread     : DEBUG   : sent  1 [hwm: 1]
2017-09-13 16:58:36,955: umgr.staging.output.queue.bridge.0000.child: umgr.staging.output.queue.bridge.0000.child: MainThread     : DEBUG   : sent  1 [hwm: 1]
2017-09-13 16:58:39,078: umgr.staging.output.queue.bridge.0000.child: umgr.staging.output.queue.bridge.0000.child: MainThread     : DEBUG   : sent  1 [hwm: 1]
2017-09-13 16:58:41,363: umgr.staging.output.queue.bridge.0000.child: umgr.staging.output.queue.bridge.0000.child: MainThread     : DEBUG   : sent  1 [hwm: 1]
2017-09-13 16:58:43,670: umgr.staging.output.queue.bridge.0000.child: umgr.staging.output.queue.bridge.0000.child: MainThread     : DEBUG   : sent  1 [hwm: 1]
2017-09-13 16:58:45,821: umgr.staging.output.queue.bridge.0000.child: umgr.staging.output.queue.bridge.0000.child: MainThread     : DEBUG   : sent  1 [hwm: 1]
2017-09-13 16:58:48,072: umgr.staging.output.queue.bridge.0000.child: umgr.staging.output.queue.bridge.0000.child: MainThread     : DEBUG   : sent  1 [hwm: 1]
2017-09-13 16:58:50,298: umgr.staging.output.queue.bridge.0000.child: umgr.staging.output.queue.bridge.0000.child: MainThread     : DEBUG   : sent  1 [hwm: 1]
2017-09-13 16:58:52,427: umgr.staging.output.queue.bridge.0000.child: umgr.staging.output.queue.bridge.0000.child: MainThread     : DEBUG   : sent  1 [hwm: 1]
2017-09-13 16:58:54,623: umgr.staging.output.queue.bridge.0000.child: umgr.staging.output.queue.bridge.0000.child: MainThread     : DEBUG   : sent  1 [hwm: 1]
2017-09-13 16:58:56,763: umgr.staging.output.queue.bridge.0000.child: umgr.staging.output.queue.bridge.0000.child: MainThread     : DEBUG   : sent  1 [hwm: 1]
2017-09-13 16:58:58,968: umgr.staging.output.queue.bridge.0000.child: umgr.staging.output.queue.bridge.0000.child: MainThread     : DEBUG   : sent  1 [hwm: 1]
2017-09-13 16:59:01,190: umgr.staging.output.queue.bridge.0000.child: umgr.staging.output.queue.bridge.0000.child: MainThread     : DEBUG   : sent  1 [hwm: 1]
2017-09-13 16:59:03,538: umgr.staging.output.queue.bridge.0000.child: umgr.staging.output.queue.bridge.0000.child: MainThread     : DEBUG   : sent  1 [hwm: 1]
2017-09-13 16:59:05,766: umgr.staging.output.queue.bridge.0000.child: umgr.staging.output.queue.bridge.0000.child: MainThread     : DEBUG   : sent  1 [hwm: 1]
2017-09-13 16:59:08,003: umgr.staging.output.queue.bridge.0000.child: umgr.staging.output.queue.bridge.0000.child: MainThread     : DEBUG   : sent  1 [hwm: 1]
2017-09-13 16:59:10,309: umgr.staging.output.queue.bridge.0000.child: umgr.staging.output.queue.bridge.0000.child: MainThread     : DEBUG   : sent  1 [hwm: 1]
2017-09-13 16:59:12,529: umgr.staging.output.queue.bridge.0000.child: umgr.staging.output.queue.bridge.0000.child: MainThread     : DEBUG   : sent  1 [hwm: 1]
2017-09-13 16:59:14,849: umgr.staging.output.queue.bridge.0000.child: umgr.staging.output.queue.bridge.0000.child: MainThread     : DEBUG   : sent  1 [hwm: 1]
2017-09-13 16:59:17,080: umgr.staging.output.queue.bridge.0000.child: umgr.staging.output.queue.bridge.0000.child: MainThread     : DEBUG   : sent  1 [hwm: 1]
2017-09-13 16:59:19,245: umgr.staging.output.queue.bridge.0000.child: umgr.staging.output.queue.bridge.0000.child: MainThread     : DEBUG   : sent  1 [hwm: 1]
2017-09-13 16:59:21,439: umgr.staging.output.queue.bridge.0000.child: umgr.staging.output.queue.bridge.0000.child: MainThread     : DEBUG   : sent  1 [hwm: 1]
2017-09-13 16:59:23,572: umgr.staging.output.queue.bridge.0000.child: umgr.staging.output.queue.bridge.0000.child: MainThread     : DEBUG   : sent  1 [hwm: 1]
2017-09-13 16:59:26,015: umgr.staging.output.queue.bridge.0000.child: umgr.staging.output.queue.bridge.0000.child: MainThread     : DEBUG   : sent  1 [hwm: 1]
2017-09-13 16:59:28,150: umgr.staging.output.queue.bridge.0000.child: umgr.staging.output.queue.bridge.0000.child: MainThread     : DEBUG   : sent  1 [hwm: 1]
2017-09-13 16:59:30,305: umgr.staging.output.queue.bridge.0000.child: umgr.staging.output.queue.bridge.0000.child: MainThread     : DEBUG   : sent  1 [hwm: 1]
2017-09-13 16:59:32,539: umgr.staging.output.queue.bridge.0000.child: umgr.staging.output.queue.bridge.0000.child: MainThread     : DEBUG   : sent  1 [hwm: 1]
2017-09-13 16:59:34,711: umgr.staging.output.queue.bridge.0000.child: umgr.staging.output.queue.bridge.0000.child: MainThread     : DEBUG   : sent  1 [hwm: 1]
2017-09-13 16:59:36,826: umgr.staging.output.queue.bridge.0000.child: umgr.staging.output.queue.bridge.0000.child: MainThread     : DEBUG   : sent  1 [hwm: 1]
2017-09-13 16:59:39,016: umgr.staging.output.queue.bridge.0000.child: umgr.staging.output.queue.bridge.0000.child: MainThread     : DEBUG   : sent  1 [hwm: 1]
2017-09-13 16:59:41,147: umgr.staging.output.queue.bridge.0000.child: umgr.staging.output.queue.bridge.0000.child: MainThread     : DEBUG   : sent  1 [hwm: 1]
2017-09-13 16:59:43,291: umgr.staging.output.queue.bridge.0000.child: umgr.staging.output.queue.bridge.0000.child: MainThread     : DEBUG   : sent  1 [hwm: 1]
2017-09-13 16:59:45,457: umgr.staging.output.queue.bridge.0000.child: umgr.staging.output.queue.bridge.0000.child: MainThread     : DEBUG   : sent  1 [hwm: 1]
2017-09-13 16:59:47,617: umgr.staging.output.queue.bridge.0000.child: umgr.staging.output.queue.bridge.0000.child: MainThread     : DEBUG   : sent  1 [hwm: 1]
2017-09-13 16:59:49,711: umgr.staging.output.queue.bridge.0000.child: umgr.staging.output.queue.bridge.0000.child: MainThread     : DEBUG   : sent  1 [hwm: 1]
2017-09-13 16:59:53,766: umgr.staging.output.queue.bridge.0000.child: umgr.staging.output.queue.bridge.0000.child: MainThread     : DEBUG   : sent  1 [hwm: 1]
2017-09-13 16:59:55,724: umgr.staging.output.queue.bridge.0000.child: umgr.staging.output.queue.bridge.0000.child: MainThread     : DEBUG   : sent  1 [hwm: 1]
2017-09-13 16:59:59,843: umgr.staging.output.queue.bridge.0000.child: umgr.staging.output.queue.bridge.0000.child: MainThread     : DEBUG   : sent  1 [hwm: 1]
2017-09-13 17:00:01,922: umgr.staging.output.queue.bridge.0000.child: umgr.staging.output.queue.bridge.0000.child: MainThread     : DEBUG   : sent  1 [hwm: 1]
2017-09-13 17:12:33,568: umgr.staging.output.queue.bridge.0000.child: umgr.staging.output.queue.bridge.0000.child: MainThread     : DEBUG   : sent  1 [hwm: 1]
2017-09-13 17:12:38,279: umgr.staging.output.queue.bridge.0000.child: umgr.staging.output.queue.bridge.0000.child: MainThread     : DEBUG   : sent  1 [hwm: 1]
2017-09-13 17:12:40,580: umgr.staging.output.queue.bridge.0000.child: umgr.staging.output.queue.bridge.0000.child: MainThread     : DEBUG   : sent  1 [hwm: 1]
2017-09-13 17:12:42,946: umgr.staging.output.queue.bridge.0000.child: umgr.staging.output.queue.bridge.0000.child: MainThread     : DEBUG   : sent  1 [hwm: 1]
2017-09-13 17:12:47,733: umgr.staging.output.queue.bridge.0000.child: umgr.staging.output.queue.bridge.0000.child: MainThread     : DEBUG   : sent  1 [hwm: 1]
2017-09-13 17:12:50,036: umgr.staging.output.queue.bridge.0000.child: umgr.staging.output.queue.bridge.0000.child: MainThread     : DEBUG   : sent  1 [hwm: 1]
2017-09-13 17:12:54,817: umgr.staging.output.queue.bridge.0000.child: umgr.staging.output.queue.bridge.0000.child: MainThread     : DEBUG   : sent  1 [hwm: 1]
2017-09-13 17:12:57,193: umgr.staging.output.queue.bridge.0000.child: umgr.staging.output.queue.bridge.0000.child: MainThread     : DEBUG   : sent  1 [hwm: 1]
2017-09-13 17:12:59,626: umgr.staging.output.queue.bridge.0000.child: umgr.staging.output.queue.bridge.0000.child: MainThread     : DEBUG   : sent  1 [hwm: 1]
2017-09-13 17:13:02,057: umgr.staging.output.queue.bridge.0000.child: umgr.staging.output.queue.bridge.0000.child: MainThread     : DEBUG   : sent  1 [hwm: 1]
2017-09-13 17:13:07,043: umgr.staging.output.queue.bridge.0000.child: umgr.staging.output.queue.bridge.0000.child: MainThread     : DEBUG   : sent  1 [hwm: 1]
2017-09-13 17:25:01,482: umgr.staging.output.queue.bridge.0000.child: umgr.staging.output.queue.bridge.0000.child: MainThread     : DEBUG   : sent  1 [hwm: 1]
2017-09-13 17:25:03,857: umgr.staging.output.queue.bridge.0000.child: umgr.staging.output.queue.bridge.0000.child: MainThread     : DEBUG   : sent  1 [hwm: 1]
2017-09-13 17:25:06,362: umgr.staging.output.queue.bridge.0000.child: umgr.staging.output.queue.bridge.0000.child: MainThread     : DEBUG   : sent  1 [hwm: 1]
2017-09-13 17:25:08,628: umgr.staging.output.queue.bridge.0000.child: umgr.staging.output.queue.bridge.0000.child: MainThread     : DEBUG   : sent  1 [hwm: 1]
2017-09-13 17:25:10,914: umgr.staging.output.queue.bridge.0000.child: umgr.staging.output.queue.bridge.0000.child: MainThread     : DEBUG   : sent  1 [hwm: 1]
2017-09-13 17:25:13,248: umgr.staging.output.queue.bridge.0000.child: umgr.staging.output.queue.bridge.0000.child: MainThread     : DEBUG   : sent  1 [hwm: 1]
2017-09-13 17:25:15,582: umgr.staging.output.queue.bridge.0000.child: umgr.staging.output.queue.bridge.0000.child: MainThread     : DEBUG   : sent  1 [hwm: 1]
2017-09-13 17:25:17,864: umgr.staging.output.queue.bridge.0000.child: umgr.staging.output.queue.bridge.0000.child: MainThread     : DEBUG   : sent  1 [hwm: 1]
2017-09-13 17:25:20,125: umgr.staging.output.queue.bridge.0000.child: umgr.staging.output.queue.bridge.0000.child: MainThread     : DEBUG   : sent  1 [hwm: 1]
2017-09-13 17:25:22,448: umgr.staging.output.queue.bridge.0000.child: umgr.staging.output.queue.bridge.0000.child: MainThread     : DEBUG   : sent  1 [hwm: 1]
2017-09-13 17:25:24,832: umgr.staging.output.queue.bridge.0000.child: umgr.staging.output.queue.bridge.0000.child: MainThread     : DEBUG   : sent  1 [hwm: 1]
2017-09-13 17:25:27,128: umgr.staging.output.queue.bridge.0000.child: umgr.staging.output.queue.bridge.0000.child: MainThread     : DEBUG   : sent  1 [hwm: 1]
2017-09-13 17:25:29,404: umgr.staging.output.queue.bridge.0000.child: umgr.staging.output.queue.bridge.0000.child: MainThread     : DEBUG   : sent  1 [hwm: 1]
2017-09-13 17:25:31,721: umgr.staging.output.queue.bridge.0000.child: umgr.staging.output.queue.bridge.0000.child: MainThread     : DEBUG   : sent  1 [hwm: 1]
2017-09-13 17:37:29,681: umgr.staging.output.queue.bridge.0000.child: umgr.staging.output.queue.bridge.0000.child: MainThread     : DEBUG   : sent  1 [hwm: 1]
2017-09-13 17:37:31,963: umgr.staging.output.queue.bridge.0000.child: umgr.staging.output.queue.bridge.0000.child: MainThread     : DEBUG   : sent  1 [hwm: 1]
2017-09-13 17:37:34,270: umgr.staging.output.queue.bridge.0000.child: umgr.staging.output.queue.bridge.0000.child: MainThread     : DEBUG   : sent  1 [hwm: 1]
2017-09-13 17:37:36,564: umgr.staging.output.queue.bridge.0000.child: umgr.staging.output.queue.bridge.0000.child: MainThread     : DEBUG   : sent  1 [hwm: 1]
2017-09-13 17:37:38,897: umgr.staging.output.queue.bridge.0000.child: umgr.staging.output.queue.bridge.0000.child: MainThread     : DEBUG   : sent  1 [hwm: 1]
2017-09-13 17:37:43,621: umgr.staging.output.queue.bridge.0000.child: umgr.staging.output.queue.bridge.0000.child: MainThread     : DEBUG   : sent  1 [hwm: 1]
2017-09-13 17:37:45,876: umgr.staging.output.queue.bridge.0000.child: umgr.staging.output.queue.bridge.0000.child: MainThread     : DEBUG   : sent  1 [hwm: 1]
2017-09-13 17:37:48,178: umgr.staging.output.queue.bridge.0000.child: umgr.staging.output.queue.bridge.0000.child: MainThread     : DEBUG   : sent  1 [hwm: 1]
2017-09-13 17:37:50,466: umgr.staging.output.queue.bridge.0000.child: umgr.staging.output.queue.bridge.0000.child: MainThread     : DEBUG   : sent  1 [hwm: 1]
2017-09-13 17:37:52,809: umgr.staging.output.queue.bridge.0000.child: umgr.staging.output.queue.bridge.0000.child: MainThread     : DEBUG   : sent  1 [hwm: 1]
2017-09-13 17:37:55,259: umgr.staging.output.queue.bridge.0000.child: umgr.staging.output.queue.bridge.0000.child: MainThread     : DEBUG   : sent  1 [hwm: 1]
2017-09-13 17:37:57,515: umgr.staging.output.queue.bridge.0000.child: umgr.staging.output.queue.bridge.0000.child: MainThread     : DEBUG   : sent  1 [hwm: 1]
2017-09-13 17:37:59,822: umgr.staging.output.queue.bridge.0000.child: umgr.staging.output.queue.bridge.0000.child: MainThread     : DEBUG   : sent  1 [hwm: 1]
2017-09-13 17:49:57,357: umgr.staging.output.queue.bridge.0000.child: umgr.staging.output.queue.bridge.0000.child: MainThread     : DEBUG   : sent  1 [hwm: 1]
2017-09-13 17:49:59,746: umgr.staging.output.queue.bridge.0000.child: umgr.staging.output.queue.bridge.0000.child: MainThread     : DEBUG   : sent  1 [hwm: 1]
2017-09-13 17:50:04,449: umgr.staging.output.queue.bridge.0000.child: umgr.staging.output.queue.bridge.0000.child: MainThread     : DEBUG   : sent  1 [hwm: 1]
2017-09-13 17:50:06,968: umgr.staging.output.queue.bridge.0000.child: umgr.staging.output.queue.bridge.0000.child: MainThread     : DEBUG   : sent  1 [hwm: 1]
2017-09-13 17:50:09,383: umgr.staging.output.queue.bridge.0000.child: umgr.staging.output.queue.bridge.0000.child: MainThread     : DEBUG   : sent  1 [hwm: 1]
2017-09-13 17:50:11,696: umgr.staging.output.queue.bridge.0000.child: umgr.staging.output.queue.bridge.0000.child: MainThread     : DEBUG   : sent  1 [hwm: 1]
2017-09-13 17:50:16,419: umgr.staging.output.queue.bridge.0000.child: umgr.staging.output.queue.bridge.0000.child: MainThread     : DEBUG   : sent  1 [hwm: 1]
2017-09-13 17:50:18,775: umgr.staging.output.queue.bridge.0000.child: umgr.staging.output.queue.bridge.0000.child: MainThread     : DEBUG   : sent  1 [hwm: 1]
2017-09-13 17:50:21,213: umgr.staging.output.queue.bridge.0000.child: umgr.staging.output.queue.bridge.0000.child: MainThread     : DEBUG   : sent  1 [hwm: 1]
2017-09-13 17:50:23,586: umgr.staging.output.queue.bridge.0000.child: umgr.staging.output.queue.bridge.0000.child: MainThread     : DEBUG   : sent  1 [hwm: 1]
2017-09-13 17:50:28,246: umgr.staging.output.queue.bridge.0000.child: umgr.staging.output.queue.bridge.0000.child: MainThread     : DEBUG   : sent  1 [hwm: 1]
2017-09-13 17:59:52,992: umgr.staging.output.queue.bridge.0000.child: umgr.staging.output.queue.bridge.0000.child: MainThread     : DEBUG   : sent  1 [hwm: 1]
2017-09-13 17:59:55,440: umgr.staging.output.queue.bridge.0000.child: umgr.staging.output.queue.bridge.0000.child: MainThread     : DEBUG   : sent  1 [hwm: 1]
2017-09-13 17:59:57,894: umgr.staging.output.queue.bridge.0000.child: umgr.staging.output.queue.bridge.0000.child: MainThread     : DEBUG   : sent  1 [hwm: 1]
2017-09-13 18:00:00,370: umgr.staging.output.queue.bridge.0000.child: umgr.staging.output.queue.bridge.0000.child: MainThread     : DEBUG   : sent  1 [hwm: 1]
2017-09-13 18:00:02,795: umgr.staging.output.queue.bridge.0000.child: umgr.staging.output.queue.bridge.0000.child: MainThread     : DEBUG   : sent  1 [hwm: 1]
2017-09-13 18:00:05,086: umgr.staging.output.queue.bridge.0000.child: umgr.staging.output.queue.bridge.0000.child: MainThread     : DEBUG   : sent  1 [hwm: 1]
2017-09-13 18:00:07,471: umgr.staging.output.queue.bridge.0000.child: umgr.staging.output.queue.bridge.0000.child: MainThread     : DEBUG   : sent  1 [hwm: 1]
2017-09-13 18:00:09,826: umgr.staging.output.queue.bridge.0000.child: umgr.staging.output.queue.bridge.0000.child: MainThread     : DEBUG   : sent  1 [hwm: 1]
2017-09-13 18:00:12,225: umgr.staging.output.queue.bridge.0000.child: umgr.staging.output.queue.bridge.0000.child: MainThread     : DEBUG   : sent  1 [hwm: 1]
2017-09-13 18:00:14,611: umgr.staging.output.queue.bridge.0000.child: umgr.staging.output.queue.bridge.0000.child: MainThread     : DEBUG   : sent  1 [hwm: 1]
2017-09-13 18:00:17,097: umgr.staging.output.queue.bridge.0000.child: umgr.staging.output.queue.bridge.0000.child: MainThread     : DEBUG   : sent  1 [hwm: 1]
2017-09-13 18:00:19,640: umgr.staging.output.queue.bridge.0000.child: umgr.staging.output.queue.bridge.0000.child: MainThread     : DEBUG   : sent  1 [hwm: 1]
2017-09-13 18:00:22,053: umgr.staging.output.queue.bridge.0000.child: umgr.staging.output.queue.bridge.0000.child: MainThread     : DEBUG   : sent  1 [hwm: 1]
2017-09-13 18:00:24,516: umgr.staging.output.queue.bridge.0000.child: umgr.staging.output.queue.bridge.0000.child: MainThread     : DEBUG   : sent  1 [hwm: 1]
2017-09-13 18:09:12,038: umgr.staging.output.queue.bridge.0000.child: umgr.staging.output.queue.bridge.0000.child: MainThread     : DEBUG   : sent  1 [hwm: 1]
2017-09-13 18:09:14,371: umgr.staging.output.queue.bridge.0000.child: umgr.staging.output.queue.bridge.0000.child: MainThread     : DEBUG   : sent  1 [hwm: 1]
2017-09-13 18:09:16,812: umgr.staging.output.queue.bridge.0000.child: umgr.staging.output.queue.bridge.0000.child: MainThread     : DEBUG   : sent  1 [hwm: 1]
2017-09-13 18:09:19,209: umgr.staging.output.queue.bridge.0000.child: umgr.staging.output.queue.bridge.0000.child: MainThread     : DEBUG   : sent  1 [hwm: 1]
2017-09-13 18:09:21,675: umgr.staging.output.queue.bridge.0000.child: umgr.staging.output.queue.bridge.0000.child: MainThread     : DEBUG   : sent  1 [hwm: 1]
2017-09-13 18:09:26,633: umgr.staging.output.queue.bridge.0000.child: umgr.staging.output.queue.bridge.0000.child: MainThread     : DEBUG   : sent  1 [hwm: 1]
2017-09-13 18:09:29,035: umgr.staging.output.queue.bridge.0000.child: umgr.staging.output.queue.bridge.0000.child: MainThread     : DEBUG   : sent  1 [hwm: 1]
2017-09-13 18:09:31,555: umgr.staging.output.queue.bridge.0000.child: umgr.staging.output.queue.bridge.0000.child: MainThread     : DEBUG   : sent  1 [hwm: 1]
2017-09-13 18:09:34,012: umgr.staging.output.queue.bridge.0000.child: umgr.staging.output.queue.bridge.0000.child: MainThread     : DEBUG   : sent  1 [hwm: 1]
2017-09-13 18:09:36,430: umgr.staging.output.queue.bridge.0000.child: umgr.staging.output.queue.bridge.0000.child: MainThread     : DEBUG   : sent  1 [hwm: 1]
2017-09-13 18:09:38,729: umgr.staging.output.queue.bridge.0000.child: umgr.staging.output.queue.bridge.0000.child: MainThread     : DEBUG   : sent  1 [hwm: 1]
2017-09-13 18:09:41,255: umgr.staging.output.queue.bridge.0000.child: umgr.staging.output.queue.bridge.0000.child: MainThread     : DEBUG   : sent  1 [hwm: 1]
2017-09-13 18:09:43,728: umgr.staging.output.queue.bridge.0000.child: umgr.staging.output.queue.bridge.0000.child: MainThread     : DEBUG   : sent  1 [hwm: 1]
2017-09-13 18:18:30,190: umgr.staging.output.queue.bridge.0000.child: umgr.staging.output.queue.bridge.0000.child: MainThread     : DEBUG   : sent  1 [hwm: 1]
2017-09-13 18:18:32,535: umgr.staging.output.queue.bridge.0000.child: umgr.staging.output.queue.bridge.0000.child: MainThread     : DEBUG   : sent  1 [hwm: 1]
2017-09-13 18:18:34,957: umgr.staging.output.queue.bridge.0000.child: umgr.staging.output.queue.bridge.0000.child: MainThread     : DEBUG   : sent  1 [hwm: 1]
2017-09-13 18:18:37,275: umgr.staging.output.queue.bridge.0000.child: umgr.staging.output.queue.bridge.0000.child: MainThread     : DEBUG   : sent  1 [hwm: 1]
2017-09-13 18:18:39,703: umgr.staging.output.queue.bridge.0000.child: umgr.staging.output.queue.bridge.0000.child: MainThread     : DEBUG   : sent  1 [hwm: 1]
2017-09-13 18:18:42,141: umgr.staging.output.queue.bridge.0000.child: umgr.staging.output.queue.bridge.0000.child: MainThread     : DEBUG   : sent  1 [hwm: 1]
2017-09-13 18:18:44,646: umgr.staging.output.queue.bridge.0000.child: umgr.staging.output.queue.bridge.0000.child: MainThread     : DEBUG   : sent  1 [hwm: 1]
2017-09-13 18:18:48,452: umgr.staging.output.queue.bridge.0000.child: umgr.staging.output.queue.bridge.0000.child: MainThread     : DEBUG   : sent  1 [hwm: 1]
2017-09-13 18:18:51,130: umgr.staging.output.queue.bridge.0000.child: umgr.staging.output.queue.bridge.0000.child: MainThread     : DEBUG   : sent  1 [hwm: 1]
2017-09-13 18:18:54,644: umgr.staging.output.queue.bridge.0000.child: umgr.staging.output.queue.bridge.0000.child: MainThread     : DEBUG   : sent  1 [hwm: 1]
2017-09-13 18:18:57,230: umgr.staging.output.queue.bridge.0000.child: umgr.staging.output.queue.bridge.0000.child: MainThread     : DEBUG   : sent  1 [hwm: 1]
2017-09-13 18:19:00,304: umgr.staging.output.queue.bridge.0000.child: umgr.staging.output.queue.bridge.0000.child: MainThread     : DEBUG   : sent  1 [hwm: 1]
2017-09-13 18:19:02,712: umgr.staging.output.queue.bridge.0000.child: umgr.staging.output.queue.bridge.0000.child: MainThread     : DEBUG   : sent  1 [hwm: 1]
2017-09-13 18:19:05,497: umgr.staging.output.queue.bridge.0000.child: umgr.staging.output.queue.bridge.0000.child: MainThread     : DEBUG   : sent  1 [hwm: 1]
2017-09-13 18:27:50,032: umgr.staging.output.queue.bridge.0000.child: umgr.staging.output.queue.bridge.0000.child: MainThread     : DEBUG   : sent  1 [hwm: 1]
2017-09-13 18:27:52,421: umgr.staging.output.queue.bridge.0000.child: umgr.staging.output.queue.bridge.0000.child: MainThread     : DEBUG   : sent  1 [hwm: 1]
2017-09-13 18:27:55,022: umgr.staging.output.queue.bridge.0000.child: umgr.staging.output.queue.bridge.0000.child: MainThread     : DEBUG   : sent  1 [hwm: 1]
2017-09-13 18:27:57,551: umgr.staging.output.queue.bridge.0000.child: umgr.staging.output.queue.bridge.0000.child: MainThread     : DEBUG   : sent  1 [hwm: 1]
2017-09-13 18:28:00,132: umgr.staging.output.queue.bridge.0000.child: umgr.staging.output.queue.bridge.0000.child: MainThread     : DEBUG   : sent  1 [hwm: 1]
2017-09-13 18:28:02,689: umgr.staging.output.queue.bridge.0000.child: umgr.staging.output.queue.bridge.0000.child: MainThread     : DEBUG   : sent  1 [hwm: 1]
2017-09-13 18:28:07,892: umgr.staging.output.queue.bridge.0000.child: umgr.staging.output.queue.bridge.0000.child: MainThread     : DEBUG   : sent  1 [hwm: 1]
2017-09-13 18:28:10,493: umgr.staging.output.queue.bridge.0000.child: umgr.staging.output.queue.bridge.0000.child: MainThread     : DEBUG   : sent  1 [hwm: 1]
2017-09-13 18:28:12,956: umgr.staging.output.queue.bridge.0000.child: umgr.staging.output.queue.bridge.0000.child: MainThread     : DEBUG   : sent  1 [hwm: 1]
2017-09-13 18:28:18,099: umgr.staging.output.queue.bridge.0000.child: umgr.staging.output.queue.bridge.0000.child: MainThread     : DEBUG   : sent  1 [hwm: 1]
2017-09-13 18:28:20,734: umgr.staging.output.queue.bridge.0000.child: umgr.staging.output.queue.bridge.0000.child: MainThread     : DEBUG   : sent  1 [hwm: 1]
2017-09-13 18:28:23,256: umgr.staging.output.queue.bridge.0000.child: umgr.staging.output.queue.bridge.0000.child: MainThread     : DEBUG   : sent  1 [hwm: 1]
2017-09-13 18:28:28,197: umgr.staging.output.queue.bridge.0000.child: umgr.staging.output.queue.bridge.0000.child: MainThread     : DEBUG   : sent  1 [hwm: 1]
2017-09-13 20:18:50,156: umgr.staging.output.queue.bridge.0000.child: umgr.staging.output.queue.bridge.0000.child: MainThread     : DEBUG   : sent  1 [hwm: 1]
2017-09-13 20:19:03,176: umgr.staging.output.queue.bridge.0000.child: umgr.staging.output.queue.bridge.0000.child: MainThread     : DEBUG   : sent  1 [hwm: 1]
2017-09-13 20:19:08,408: umgr.staging.output.queue.bridge.0000.child: umgr.staging.output.queue.bridge.0000.child: MainThread     : DEBUG   : sent  1 [hwm: 1]
2017-09-13 20:19:13,649: umgr.staging.output.queue.bridge.0000.child: umgr.staging.output.queue.bridge.0000.child: MainThread     : DEBUG   : sent  1 [hwm: 1]
2017-09-13 20:19:18,839: umgr.staging.output.queue.bridge.0000.child: umgr.staging.output.queue.bridge.0000.child: MainThread     : DEBUG   : sent  1 [hwm: 1]
2017-09-13 20:19:24,260: umgr.staging.output.queue.bridge.0000.child: umgr.staging.output.queue.bridge.0000.child: MainThread     : DEBUG   : sent  1 [hwm: 1]
2017-09-13 20:19:29,619: umgr.staging.output.queue.bridge.0000.child: umgr.staging.output.queue.bridge.0000.child: MainThread     : DEBUG   : sent  1 [hwm: 1]
2017-09-13 20:19:34,823: umgr.staging.output.queue.bridge.0000.child: umgr.staging.output.queue.bridge.0000.child: MainThread     : DEBUG   : sent  1 [hwm: 1]
2017-09-13 20:19:38,360: umgr.staging.output.queue.bridge.0000.child: umgr.staging.output.queue.bridge.0000.child: MainThread     : DEBUG   : sent  1 [hwm: 1]
2017-09-13 20:19:41,280: umgr.staging.output.queue.bridge.0000.child: umgr.staging.output.queue.bridge.0000.child: MainThread     : DEBUG   : sent  1 [hwm: 1]
2017-09-13 20:19:44,633: umgr.staging.output.queue.bridge.0000.child: umgr.staging.output.queue.bridge.0000.child: MainThread     : DEBUG   : sent  1 [hwm: 1]
2017-09-13 20:19:47,246: umgr.staging.output.queue.bridge.0000.child: umgr.staging.output.queue.bridge.0000.child: MainThread     : DEBUG   : sent  1 [hwm: 1]
2017-09-13 20:19:50,311: umgr.staging.output.queue.bridge.0000.child: umgr.staging.output.queue.bridge.0000.child: MainThread     : DEBUG   : sent  1 [hwm: 1]
2017-09-13 20:19:52,968: umgr.staging.output.queue.bridge.0000.child: umgr.staging.output.queue.bridge.0000.child: MainThread     : DEBUG   : sent  1 [hwm: 1]
2017-09-13 20:19:55,729: umgr.staging.output.queue.bridge.0000.child: umgr.staging.output.queue.bridge.0000.child: MainThread     : DEBUG   : sent  1 [hwm: 1]
2017-09-13 20:19:58,259: umgr.staging.output.queue.bridge.0000.child: umgr.staging.output.queue.bridge.0000.child: MainThread     : DEBUG   : sent  1 [hwm: 1]
2017-09-13 20:20:03,467: umgr.staging.output.queue.bridge.0000.child: umgr.staging.output.queue.bridge.0000.child: MainThread     : DEBUG   : sent  1 [hwm: 1]
2017-09-13 22:09:36,307: umgr.staging.output.queue.bridge.0000.child: umgr.staging.output.queue.bridge.0000.child: MainThread     : DEBUG   : sent  1 [hwm: 1]
2017-09-13 22:09:41,573: umgr.staging.output.queue.bridge.0000.child: umgr.staging.output.queue.bridge.0000.child: MainThread     : DEBUG   : sent  1 [hwm: 1]
2017-09-13 22:09:49,688: umgr.staging.output.queue.bridge.0000.child: umgr.staging.output.queue.bridge.0000.child: MainThread     : DEBUG   : sent  1 [hwm: 1]
2017-09-13 22:09:52,229: umgr.staging.output.queue.bridge.0000.child: umgr.staging.output.queue.bridge.0000.child: MainThread     : DEBUG   : sent  1 [hwm: 1]
2017-09-13 22:09:57,701: umgr.staging.output.queue.bridge.0000.child: umgr.staging.output.queue.bridge.0000.child: MainThread     : DEBUG   : sent  1 [hwm: 1]
2017-09-13 22:10:03,231: umgr.staging.output.queue.bridge.0000.child: umgr.staging.output.queue.bridge.0000.child: MainThread     : DEBUG   : sent  1 [hwm: 1]
2017-09-13 22:10:08,846: umgr.staging.output.queue.bridge.0000.child: umgr.staging.output.queue.bridge.0000.child: MainThread     : DEBUG   : sent  1 [hwm: 1]
2017-09-13 22:10:11,500: umgr.staging.output.queue.bridge.0000.child: umgr.staging.output.queue.bridge.0000.child: MainThread     : DEBUG   : sent  1 [hwm: 1]
2017-09-13 22:10:16,915: umgr.staging.output.queue.bridge.0000.child: umgr.staging.output.queue.bridge.0000.child: MainThread     : DEBUG   : sent  1 [hwm: 1]
2017-09-13 22:10:19,572: umgr.staging.output.queue.bridge.0000.child: umgr.staging.output.queue.bridge.0000.child: MainThread     : DEBUG   : sent  1 [hwm: 1]
2017-09-13 22:10:22,154: umgr.staging.output.queue.bridge.0000.child: umgr.staging.output.queue.bridge.0000.child: MainThread     : DEBUG   : sent  1 [hwm: 1]
2017-09-13 22:10:25,100: umgr.staging.output.queue.bridge.0000.child: umgr.staging.output.queue.bridge.0000.child: MainThread     : DEBUG   : sent  1 [hwm: 1]
2017-09-13 22:10:30,617: umgr.staging.output.queue.bridge.0000.child: umgr.staging.output.queue.bridge.0000.child: MainThread     : DEBUG   : sent  1 [hwm: 1]
2017-09-13 22:10:33,235: umgr.staging.output.queue.bridge.0000.child: umgr.staging.output.queue.bridge.0000.child: MainThread     : DEBUG   : sent  1 [hwm: 1]
2017-09-13 22:10:35,906: umgr.staging.output.queue.bridge.0000.child: umgr.staging.output.queue.bridge.0000.child: MainThread     : DEBUG   : sent  1 [hwm: 1]
2017-09-13 22:10:38,845: umgr.staging.output.queue.bridge.0000.child: umgr.staging.output.queue.bridge.0000.child: MainThread     : DEBUG   : sent  1 [hwm: 1]
2017-09-13 22:10:41,522: umgr.staging.output.queue.bridge.0000.child: umgr.staging.output.queue.bridge.0000.child: MainThread     : DEBUG   : sent  1 [hwm: 1]
2017-09-13 22:10:46,686: umgr.staging.output.queue.bridge.0000.child: umgr.staging.output.queue.bridge.0000.child: MainThread     : DEBUG   : sent  1 [hwm: 1]
2017-09-13 22:10:49,290: umgr.staging.output.queue.bridge.0000.child: umgr.staging.output.queue.bridge.0000.child: MainThread     : DEBUG   : sent  1 [hwm: 1]
2017-09-13 22:10:57,710: umgr.staging.output.queue.bridge.0000.child: umgr.staging.output.queue.bridge.0000.child: MainThread     : DEBUG   : sent  1 [hwm: 1]
2017-09-13 22:11:08,644: umgr.staging.output.queue.bridge.0000.child: umgr.staging.output.queue.bridge.0000.child: MainThread     : DEBUG   : sent  1 [hwm: 1]
2017-09-14 00:00:06,579: umgr.staging.output.queue.bridge.0000.child: umgr.staging.output.queue.bridge.0000.child: MainThread     : DEBUG   : sent  1 [hwm: 1]
2017-09-14 00:00:23,083: umgr.staging.output.queue.bridge.0000.child: umgr.staging.output.queue.bridge.0000.child: MainThread     : DEBUG   : sent  1 [hwm: 1]
2017-09-14 00:00:31,083: umgr.staging.output.queue.bridge.0000.child: umgr.staging.output.queue.bridge.0000.child: MainThread     : DEBUG   : sent  1 [hwm: 1]
2017-09-14 00:00:42,416: umgr.staging.output.queue.bridge.0000.child: umgr.staging.output.queue.bridge.0000.child: MainThread     : DEBUG   : sent  1 [hwm: 1]
2017-09-14 00:00:53,534: umgr.staging.output.queue.bridge.0000.child: umgr.staging.output.queue.bridge.0000.child: MainThread     : DEBUG   : sent  1 [hwm: 1]
2017-09-14 00:00:56,390: umgr.staging.output.queue.bridge.0000.child: umgr.staging.output.queue.bridge.0000.child: MainThread     : DEBUG   : sent  1 [hwm: 1]
2017-09-14 00:00:59,164: umgr.staging.output.queue.bridge.0000.child: umgr.staging.output.queue.bridge.0000.child: MainThread     : DEBUG   : sent  1 [hwm: 1]
2017-09-14 00:01:01,900: umgr.staging.output.queue.bridge.0000.child: umgr.staging.output.queue.bridge.0000.child: MainThread     : DEBUG   : sent  1 [hwm: 1]
2017-09-14 00:01:12,762: umgr.staging.output.queue.bridge.0000.child: umgr.staging.output.queue.bridge.0000.child: MainThread     : DEBUG   : sent  1 [hwm: 1]
2017-09-14 00:01:15,341: umgr.staging.output.queue.bridge.0000.child: umgr.staging.output.queue.bridge.0000.child: MainThread     : DEBUG   : sent  1 [hwm: 1]
2017-09-14 00:01:17,918: umgr.staging.output.queue.bridge.0000.child: umgr.staging.output.queue.bridge.0000.child: MainThread     : DEBUG   : sent  1 [hwm: 1]
2017-09-14 00:01:20,478: umgr.staging.output.queue.bridge.0000.child: umgr.staging.output.queue.bridge.0000.child: MainThread     : DEBUG   : sent  1 [hwm: 1]
2017-09-14 00:01:23,284: umgr.staging.output.queue.bridge.0000.child: umgr.staging.output.queue.bridge.0000.child: MainThread     : DEBUG   : sent  1 [hwm: 1]
2017-09-14 00:01:26,010: umgr.staging.output.queue.bridge.0000.child: umgr.staging.output.queue.bridge.0000.child: MainThread     : DEBUG   : sent  1 [hwm: 1]
2017-09-14 00:01:33,897: umgr.staging.output.queue.bridge.0000.child: umgr.staging.output.queue.bridge.0000.child: MainThread     : DEBUG   : sent  1 [hwm: 1]
2017-09-14 00:01:39,131: umgr.staging.output.queue.bridge.0000.child: umgr.staging.output.queue.bridge.0000.child: MainThread     : DEBUG   : sent  1 [hwm: 1]
2017-09-14 00:01:44,323: umgr.staging.output.queue.bridge.0000.child: umgr.staging.output.queue.bridge.0000.child: MainThread     : DEBUG   : sent  1 [hwm: 1]
2017-09-14 00:01:46,937: umgr.staging.output.queue.bridge.0000.child: umgr.staging.output.queue.bridge.0000.child: MainThread     : DEBUG   : sent  1 [hwm: 1]
2017-09-14 00:01:49,614: umgr.staging.output.queue.bridge.0000.child: umgr.staging.output.queue.bridge.0000.child: MainThread     : DEBUG   : sent  1 [hwm: 1]
2017-09-14 00:02:03,166: umgr.staging.output.queue.bridge.0000.child: umgr.staging.output.queue.bridge.0000.child: MainThread     : DEBUG   : sent  1 [hwm: 1]
2017-09-14 00:02:08,271: umgr.staging.output.queue.bridge.0000.child: umgr.staging.output.queue.bridge.0000.child: MainThread     : DEBUG   : sent  1 [hwm: 1]
2017-09-14 00:02:46,063: umgr.staging.output.queue.bridge.0000.child: umgr.staging.output.queue.bridge.0000.child: MainThread     : DEBUG   : sent  1 [hwm: 1]
2017-09-14 00:02:51,551: umgr.staging.output.queue.bridge.0000.child: umgr.staging.output.queue.bridge.0000.child: MainThread     : DEBUG   : sent  1 [hwm: 1]
2017-09-14 00:06:38,009: umgr.staging.output.queue.bridge.0000.child: umgr.staging.output.queue.bridge.0000.child: MainThread     : DEBUG   : sent  1 [hwm: 1]
2017-09-14 01:50:28,325: umgr.staging.output.queue.bridge.0000.child: umgr.staging.output.queue.bridge.0000.child: MainThread     : DEBUG   : sent  1 [hwm: 1]
2017-09-14 01:50:50,109: umgr.staging.output.queue.bridge.0000.child: umgr.staging.output.queue.bridge.0000.child: MainThread     : DEBUG   : sent  1 [hwm: 1]
2017-09-14 01:50:55,465: umgr.staging.output.queue.bridge.0000.child: umgr.staging.output.queue.bridge.0000.child: MainThread     : DEBUG   : sent  1 [hwm: 1]
2017-09-14 01:51:06,284: umgr.staging.output.queue.bridge.0000.child: umgr.staging.output.queue.bridge.0000.child: MainThread     : DEBUG   : sent  1 [hwm: 1]
2017-09-14 01:51:19,552: umgr.staging.output.queue.bridge.0000.child: umgr.staging.output.queue.bridge.0000.child: MainThread     : DEBUG   : sent  1 [hwm: 1]
2017-09-14 01:51:30,759: umgr.staging.output.queue.bridge.0000.child: umgr.staging.output.queue.bridge.0000.child: MainThread     : DEBUG   : sent  1 [hwm: 1]
2017-09-14 01:51:33,734: umgr.staging.output.queue.bridge.0000.child: umgr.staging.output.queue.bridge.0000.child: MainThread     : DEBUG   : sent  1 [hwm: 1]
2017-09-14 01:51:45,275: umgr.staging.output.queue.bridge.0000.child: umgr.staging.output.queue.bridge.0000.child: MainThread     : DEBUG   : sent  1 [hwm: 1]
2017-09-14 01:51:53,478: umgr.staging.output.queue.bridge.0000.child: umgr.staging.output.queue.bridge.0000.child: MainThread     : DEBUG   : sent  1 [hwm: 1]
2017-09-14 01:51:56,095: umgr.staging.output.queue.bridge.0000.child: umgr.staging.output.queue.bridge.0000.child: MainThread     : DEBUG   : sent  1 [hwm: 1]
2017-09-14 01:52:01,767: umgr.staging.output.queue.bridge.0000.child: umgr.staging.output.queue.bridge.0000.child: MainThread     : DEBUG   : sent  1 [hwm: 1]
2017-09-14 01:52:12,216: umgr.staging.output.queue.bridge.0000.child: umgr.staging.output.queue.bridge.0000.child: MainThread     : DEBUG   : sent  1 [hwm: 1]
2017-09-14 01:52:17,422: umgr.staging.output.queue.bridge.0000.child: umgr.staging.output.queue.bridge.0000.child: MainThread     : DEBUG   : sent  1 [hwm: 1]
2017-09-14 01:52:28,145: umgr.staging.output.queue.bridge.0000.child: umgr.staging.output.queue.bridge.0000.child: MainThread     : DEBUG   : sent  1 [hwm: 1]
2017-09-14 01:52:30,858: umgr.staging.output.queue.bridge.0000.child: umgr.staging.output.queue.bridge.0000.child: MainThread     : DEBUG   : sent  1 [hwm: 1]
2017-09-14 01:52:33,526: umgr.staging.output.queue.bridge.0000.child: umgr.staging.output.queue.bridge.0000.child: MainThread     : DEBUG   : sent  1 [hwm: 1]
2017-09-14 01:52:41,427: umgr.staging.output.queue.bridge.0000.child: umgr.staging.output.queue.bridge.0000.child: MainThread     : DEBUG   : sent  1 [hwm: 1]
2017-09-14 01:52:44,138: umgr.staging.output.queue.bridge.0000.child: umgr.staging.output.queue.bridge.0000.child: MainThread     : DEBUG   : sent  1 [hwm: 1]
2017-09-14 01:52:54,973: umgr.staging.output.queue.bridge.0000.child: umgr.staging.output.queue.bridge.0000.child: MainThread     : DEBUG   : sent  1 [hwm: 1]
2017-09-14 01:53:24,179: umgr.staging.output.queue.bridge.0000.child: umgr.staging.output.queue.bridge.0000.child: MainThread     : DEBUG   : sent  1 [hwm: 1]
2017-09-14 01:53:32,442: umgr.staging.output.queue.bridge.0000.child: umgr.staging.output.queue.bridge.0000.child: MainThread     : DEBUG   : sent  1 [hwm: 1]
2017-09-14 01:57:25,760: umgr.staging.output.queue.bridge.0000.child: umgr.staging.output.queue.bridge.0000.child: MainThread     : DEBUG   : sent  1 [hwm: 1]
2017-09-14 02:07:59,821: umgr.staging.output.queue.bridge.0000.child: umgr.staging.output.queue.bridge.0000.child: MainThread     : DEBUG   : sent  1 [hwm: 1]
2017-09-14 02:08:02,721: umgr.staging.output.queue.bridge.0000.child: umgr.staging.output.queue.bridge.0000.child: MainThread     : DEBUG   : sent  1 [hwm: 1]
2017-09-14 02:08:05,544: umgr.staging.output.queue.bridge.0000.child: umgr.staging.output.queue.bridge.0000.child: MainThread     : DEBUG   : sent  1 [hwm: 1]
2017-09-14 02:08:08,392: umgr.staging.output.queue.bridge.0000.child: umgr.staging.output.queue.bridge.0000.child: MainThread     : DEBUG   : sent  1 [hwm: 1]
2017-09-14 02:08:14,183: umgr.staging.output.queue.bridge.0000.child: umgr.staging.output.queue.bridge.0000.child: MainThread     : DEBUG   : sent  1 [hwm: 1]
2017-09-14 02:08:17,069: umgr.staging.output.queue.bridge.0000.child: umgr.staging.output.queue.bridge.0000.child: MainThread     : DEBUG   : sent  1 [hwm: 1]
2017-09-14 02:08:22,548: umgr.staging.output.queue.bridge.0000.child: umgr.staging.output.queue.bridge.0000.child: MainThread     : DEBUG   : sent  1 [hwm: 1]
2017-09-14 02:08:25,424: umgr.staging.output.queue.bridge.0000.child: umgr.staging.output.queue.bridge.0000.child: MainThread     : DEBUG   : sent  1 [hwm: 1]
2017-09-14 02:08:31,020: umgr.staging.output.queue.bridge.0000.child: umgr.staging.output.queue.bridge.0000.child: MainThread     : DEBUG   : sent  1 [hwm: 1]
2017-09-14 02:08:36,660: umgr.staging.output.queue.bridge.0000.child: umgr.staging.output.queue.bridge.0000.child: MainThread     : DEBUG   : sent  1 [hwm: 1]
2017-09-14 02:08:39,499: umgr.staging.output.queue.bridge.0000.child: umgr.staging.output.queue.bridge.0000.child: MainThread     : DEBUG   : sent  1 [hwm: 1]
2017-09-14 02:08:45,146: umgr.staging.output.queue.bridge.0000.child: umgr.staging.output.queue.bridge.0000.child: MainThread     : DEBUG   : sent  1 [hwm: 1]
2017-09-14 02:08:50,738: umgr.staging.output.queue.bridge.0000.child: umgr.staging.output.queue.bridge.0000.child: MainThread     : DEBUG   : sent  1 [hwm: 1]
2017-09-14 02:08:56,296: umgr.staging.output.queue.bridge.0000.child: umgr.staging.output.queue.bridge.0000.child: MainThread     : DEBUG   : sent  1 [hwm: 1]
2017-09-14 02:18:31,283: umgr.staging.output.queue.bridge.0000.child: umgr.staging.output.queue.bridge.0000.child: MainThread     : DEBUG   : sent  1 [hwm: 1]
2017-09-14 02:18:33,953: umgr.staging.output.queue.bridge.0000.child: umgr.staging.output.queue.bridge.0000.child: MainThread     : DEBUG   : sent  1 [hwm: 1]
2017-09-14 02:18:36,571: umgr.staging.output.queue.bridge.0000.child: umgr.staging.output.queue.bridge.0000.child: MainThread     : DEBUG   : sent  1 [hwm: 1]
2017-09-14 02:18:39,206: umgr.staging.output.queue.bridge.0000.child: umgr.staging.output.queue.bridge.0000.child: MainThread     : DEBUG   : sent  1 [hwm: 1]
2017-09-14 02:18:44,445: umgr.staging.output.queue.bridge.0000.child: umgr.staging.output.queue.bridge.0000.child: MainThread     : DEBUG   : sent  1 [hwm: 1]
2017-09-14 02:18:47,278: umgr.staging.output.queue.bridge.0000.child: umgr.staging.output.queue.bridge.0000.child: MainThread     : DEBUG   : sent  1 [hwm: 1]
2017-09-14 02:18:52,658: umgr.staging.output.queue.bridge.0000.child: umgr.staging.output.queue.bridge.0000.child: MainThread     : DEBUG   : sent  1 [hwm: 1]
2017-09-14 02:18:55,318: umgr.staging.output.queue.bridge.0000.child: umgr.staging.output.queue.bridge.0000.child: MainThread     : DEBUG   : sent  1 [hwm: 1]
2017-09-14 02:18:57,962: umgr.staging.output.queue.bridge.0000.child: umgr.staging.output.queue.bridge.0000.child: MainThread     : DEBUG   : sent  1 [hwm: 1]
2017-09-14 02:19:00,621: umgr.staging.output.queue.bridge.0000.child: umgr.staging.output.queue.bridge.0000.child: MainThread     : DEBUG   : sent  1 [hwm: 1]
2017-09-14 02:19:03,232: umgr.staging.output.queue.bridge.0000.child: umgr.staging.output.queue.bridge.0000.child: MainThread     : DEBUG   : sent  1 [hwm: 1]
2017-09-14 02:19:05,902: umgr.staging.output.queue.bridge.0000.child: umgr.staging.output.queue.bridge.0000.child: MainThread     : DEBUG   : sent  1 [hwm: 1]
2017-09-14 02:19:08,704: umgr.staging.output.queue.bridge.0000.child: umgr.staging.output.queue.bridge.0000.child: MainThread     : DEBUG   : sent  1 [hwm: 1]
2017-09-14 02:19:11,533: umgr.staging.output.queue.bridge.0000.child: umgr.staging.output.queue.bridge.0000.child: MainThread     : DEBUG   : sent  1 [hwm: 1]
2017-09-14 02:19:14,130: umgr.staging.output.queue.bridge.0000.child: umgr.staging.output.queue.bridge.0000.child: MainThread     : DEBUG   : sent  1 [hwm: 1]
2017-09-14 02:19:16,746: umgr.staging.output.queue.bridge.0000.child: umgr.staging.output.queue.bridge.0000.child: MainThread     : DEBUG   : sent  1 [hwm: 1]
2017-09-14 02:19:21,923: umgr.staging.output.queue.bridge.0000.child: umgr.staging.output.queue.bridge.0000.child: MainThread     : DEBUG   : sent  1 [hwm: 1]
2017-09-14 02:28:58,258: umgr.staging.output.queue.bridge.0000.child: umgr.staging.output.queue.bridge.0000.child: MainThread     : DEBUG   : sent  1 [hwm: 1]
2017-09-14 02:29:00,808: umgr.staging.output.queue.bridge.0000.child: umgr.staging.output.queue.bridge.0000.child: MainThread     : DEBUG   : sent  1 [hwm: 1]
2017-09-14 02:29:03,468: umgr.staging.output.queue.bridge.0000.child: umgr.staging.output.queue.bridge.0000.child: MainThread     : DEBUG   : sent  1 [hwm: 1]
2017-09-14 02:29:08,669: umgr.staging.output.queue.bridge.0000.child: umgr.staging.output.queue.bridge.0000.child: MainThread     : DEBUG   : sent  1 [hwm: 1]
2017-09-14 02:29:11,311: umgr.staging.output.queue.bridge.0000.child: umgr.staging.output.queue.bridge.0000.child: MainThread     : DEBUG   : sent  1 [hwm: 1]
2017-09-14 02:29:14,100: umgr.staging.output.queue.bridge.0000.child: umgr.staging.output.queue.bridge.0000.child: MainThread     : DEBUG   : sent  1 [hwm: 1]
2017-09-14 02:29:16,808: umgr.staging.output.queue.bridge.0000.child: umgr.staging.output.queue.bridge.0000.child: MainThread     : DEBUG   : sent  1 [hwm: 1]
2017-09-14 02:29:19,607: umgr.staging.output.queue.bridge.0000.child: umgr.staging.output.queue.bridge.0000.child: MainThread     : DEBUG   : sent  1 [hwm: 1]
2017-09-14 02:29:22,369: umgr.staging.output.queue.bridge.0000.child: umgr.staging.output.queue.bridge.0000.child: MainThread     : DEBUG   : sent  1 [hwm: 1]
2017-09-14 02:29:25,154: umgr.staging.output.queue.bridge.0000.child: umgr.staging.output.queue.bridge.0000.child: MainThread     : DEBUG   : sent  1 [hwm: 1]
2017-09-14 02:29:27,928: umgr.staging.output.queue.bridge.0000.child: umgr.staging.output.queue.bridge.0000.child: MainThread     : DEBUG   : sent  1 [hwm: 1]
2017-09-14 02:29:33,359: umgr.staging.output.queue.bridge.0000.child: umgr.staging.output.queue.bridge.0000.child: MainThread     : DEBUG   : sent  1 [hwm: 1]
2017-09-14 02:29:36,258: umgr.staging.output.queue.bridge.0000.child: umgr.staging.output.queue.bridge.0000.child: MainThread     : DEBUG   : sent  1 [hwm: 1]
2017-09-14 02:29:39,085: umgr.staging.output.queue.bridge.0000.child: umgr.staging.output.queue.bridge.0000.child: MainThread     : DEBUG   : sent  1 [hwm: 1]
2017-09-14 02:29:42,084: umgr.staging.output.queue.bridge.0000.child: umgr.staging.output.queue.bridge.0000.child: MainThread     : DEBUG   : sent  1 [hwm: 1]
2017-09-14 02:29:45,083: umgr.staging.output.queue.bridge.0000.child: umgr.staging.output.queue.bridge.0000.child: MainThread     : DEBUG   : sent  1 [hwm: 1]
2017-09-14 02:29:48,034: umgr.staging.output.queue.bridge.0000.child: umgr.staging.output.queue.bridge.0000.child: MainThread     : DEBUG   : sent  1 [hwm: 1]
2017-09-14 02:29:53,809: umgr.staging.output.queue.bridge.0000.child: umgr.staging.output.queue.bridge.0000.child: MainThread     : DEBUG   : sent  1 [hwm: 1]
2017-09-14 02:39:26,440: umgr.staging.output.queue.bridge.0000.child: umgr.staging.output.queue.bridge.0000.child: MainThread     : DEBUG   : sent  1 [hwm: 1]
2017-09-14 02:39:29,324: umgr.staging.output.queue.bridge.0000.child: umgr.staging.output.queue.bridge.0000.child: MainThread     : DEBUG   : sent  1 [hwm: 1]
2017-09-14 02:39:34,807: umgr.staging.output.queue.bridge.0000.child: umgr.staging.output.queue.bridge.0000.child: MainThread     : DEBUG   : sent  1 [hwm: 1]
2017-09-14 02:39:37,776: umgr.staging.output.queue.bridge.0000.child: umgr.staging.output.queue.bridge.0000.child: MainThread     : DEBUG   : sent  1 [hwm: 1]
2017-09-14 02:39:40,489: umgr.staging.output.queue.bridge.0000.child: umgr.staging.output.queue.bridge.0000.child: MainThread     : DEBUG   : sent  1 [hwm: 1]
2017-09-14 02:39:43,441: umgr.staging.output.queue.bridge.0000.child: umgr.staging.output.queue.bridge.0000.child: MainThread     : DEBUG   : sent  1 [hwm: 1]
2017-09-14 02:39:49,118: umgr.staging.output.queue.bridge.0000.child: umgr.staging.output.queue.bridge.0000.child: MainThread     : DEBUG   : sent  1 [hwm: 1]
2017-09-14 02:39:51,846: umgr.staging.output.queue.bridge.0000.child: umgr.staging.output.queue.bridge.0000.child: MainThread     : DEBUG   : sent  1 [hwm: 1]
2017-09-14 02:39:54,714: umgr.staging.output.queue.bridge.0000.child: umgr.staging.output.queue.bridge.0000.child: MainThread     : DEBUG   : sent  1 [hwm: 1]
2017-09-14 02:39:57,496: umgr.staging.output.queue.bridge.0000.child: umgr.staging.output.queue.bridge.0000.child: MainThread     : DEBUG   : sent  1 [hwm: 1]
2017-09-14 02:40:03,037: umgr.staging.output.queue.bridge.0000.child: umgr.staging.output.queue.bridge.0000.child: MainThread     : DEBUG   : sent  1 [hwm: 1]
2017-09-14 02:40:05,736: umgr.staging.output.queue.bridge.0000.child: umgr.staging.output.queue.bridge.0000.child: MainThread     : DEBUG   : sent  1 [hwm: 1]
2017-09-14 02:40:11,031: umgr.staging.output.queue.bridge.0000.child: umgr.staging.output.queue.bridge.0000.child: MainThread     : DEBUG   : sent  1 [hwm: 1]
2017-09-14 02:40:13,636: umgr.staging.output.queue.bridge.0000.child: umgr.staging.output.queue.bridge.0000.child: MainThread     : DEBUG   : sent  1 [hwm: 1]
2017-09-14 02:40:16,434: umgr.staging.output.queue.bridge.0000.child: umgr.staging.output.queue.bridge.0000.child: MainThread     : DEBUG   : sent  1 [hwm: 1]
2017-09-14 02:40:21,880: umgr.staging.output.queue.bridge.0000.child: umgr.staging.output.queue.bridge.0000.child: MainThread     : DEBUG   : sent  1 [hwm: 1]
2017-09-14 02:40:34,725: umgr.staging.output.queue.bridge.0000.child: umgr.staging.output.queue.bridge.0000.child: MainThread     : DEBUG   : sent  1 [hwm: 1]
2017-09-14 02:40:55,437: umgr.staging.output.queue.bridge.0000.child: umgr.staging.output.queue.bridge.0000.child: MainThread     : DEBUG   : sent  1 [hwm: 1]
2017-09-14 02:41:13,047: umgr.staging.output.queue.bridge.0000.child: umgr.staging.output.queue.bridge.0000.child: MainThread     : DEBUG   : sent  1 [hwm: 1]
2017-09-14 02:41:28,837: umgr.staging.output.queue.bridge.0000.child: umgr.staging.output.queue.bridge.0000.child: MainThread     : DEBUG   : sent  1 [hwm: 1]
2017-09-14 02:41:46,397: umgr.staging.output.queue.bridge.0000.child: umgr.staging.output.queue.bridge.0000.child: MainThread     : DEBUG   : sent  1 [hwm: 1]
2017-09-14 02:41:57,864: umgr.staging.output.queue.bridge.0000.child: umgr.staging.output.queue.bridge.0000.child: MainThread     : DEBUG   : sent  1 [hwm: 1]
2017-09-14 02:42:09,285: umgr.staging.output.queue.bridge.0000.child: umgr.staging.output.queue.bridge.0000.child: MainThread     : DEBUG   : sent  1 [hwm: 1]
2017-09-14 02:42:20,846: umgr.staging.output.queue.bridge.0000.child: umgr.staging.output.queue.bridge.0000.child: MainThread     : DEBUG   : sent  1 [hwm: 1]
2017-09-14 02:42:30,408: umgr.staging.output.queue.bridge.0000.child: umgr.staging.output.queue.bridge.0000.child: MainThread     : DEBUG   : sent  1 [hwm: 1]
2017-09-14 02:42:40,032: umgr.staging.output.queue.bridge.0000.child: umgr.staging.output.queue.bridge.0000.child: MainThread     : DEBUG   : sent  1 [hwm: 1]
2017-09-14 02:42:56,513: umgr.staging.output.queue.bridge.0000.child: umgr.staging.output.queue.bridge.0000.child: MainThread     : DEBUG   : sent  1 [hwm: 1]
2017-09-14 02:43:02,740: umgr.staging.output.queue.bridge.0000.child: umgr.staging.output.queue.bridge.0000.child: MainThread     : DEBUG   : sent  1 [hwm: 1]
2017-09-14 02:43:16,332: umgr.staging.output.queue.bridge.0000.child: umgr.staging.output.queue.bridge.0000.child: MainThread     : DEBUG   : sent  1 [hwm: 1]
2017-09-14 02:43:26,013: umgr.staging.output.queue.bridge.0000.child: umgr.staging.output.queue.bridge.0000.child: MainThread     : DEBUG   : sent  1 [hwm: 1]
2017-09-14 02:43:33,835: umgr.staging.output.queue.bridge.0000.child: umgr.staging.output.queue.bridge.0000.child: MainThread     : DEBUG   : sent  1 [hwm: 1]
2017-09-14 02:43:47,620: umgr.staging.output.queue.bridge.0000.child: umgr.staging.output.queue.bridge.0000.child: MainThread     : DEBUG   : sent  1 [hwm: 1]
2017-09-14 02:43:57,388: umgr.staging.output.queue.bridge.0000.child: umgr.staging.output.queue.bridge.0000.child: MainThread     : DEBUG   : sent  1 [hwm: 1]
2017-09-14 02:44:14,576: umgr.staging.output.queue.bridge.0000.child: umgr.staging.output.queue.bridge.0000.child: MainThread     : DEBUG   : sent  1 [hwm: 1]
2017-09-14 02:44:22,516: umgr.staging.output.queue.bridge.0000.child: umgr.staging.output.queue.bridge.0000.child: MainThread     : DEBUG   : sent  1 [hwm: 1]
2017-09-14 02:44:34,051: umgr.staging.output.queue.bridge.0000.child: umgr.staging.output.queue.bridge.0000.child: MainThread     : DEBUG   : sent  1 [hwm: 1]
2017-09-14 02:44:43,956: umgr.staging.output.queue.bridge.0000.child: umgr.staging.output.queue.bridge.0000.child: MainThread     : DEBUG   : sent  1 [hwm: 1]
2017-09-14 02:44:53,889: umgr.staging.output.queue.bridge.0000.child: umgr.staging.output.queue.bridge.0000.child: MainThread     : DEBUG   : sent  1 [hwm: 1]
2017-09-14 02:45:04,898: umgr.staging.output.queue.bridge.0000.child: umgr.staging.output.queue.bridge.0000.child: MainThread     : WARNING : not alive anymore?
2017-09-14 02:45:04,898: umgr.staging.output.queue.bridge.0000.child: umgr.staging.output.queue.bridge.0000.child: MainThread     : WARNING : send failed ([Errno 9] Bad file descriptor) - terminate
2017-09-14 02:45:04,899: umgr.staging.output.queue.bridge.0000.child: umgr.staging.output.queue.bridge.0000.child: MainThread     : WARNING : send failed ([Errno 9] Bad file descriptor) - terminate
