2017-11-03 02:28:33,337: control.pubsub.sub.0000: update.0                        : MainThread     : INFO    : python.interpreter   version: 2.7.12 (default, Nov 19 2016, 06:48:10) [GCC 5.4.0 20160609]
2017-11-03 02:28:33,337: control.pubsub.sub.0000: update.0                        : MainThread     : INFO    :                      pid: 7006
2017-11-03 02:28:33,337: control.pubsub.sub.0000: update.0                        : MainThread     : INFO    :                      tid: MainThread
2017-11-03 02:28:33,338: control.pubsub.sub.0000: update.0                        : MainThread     : INFO    : radical.pilot        version: 0.47-v0.46.2-181-g138b1e15@HEAD-detached-at-origin-rc-v0.46.3
2017-11-03 02:28:33,338: control.pubsub.sub.0000: update.0                        : MainThread     : INFO    : create control_pubsub - sub - tcp://138.201.86.166:44666
2017-11-03 02:28:33,339: control.pubsub.sub.0000: update.0                        : MainThread     : DEBUG   : start process
2017-11-03 02:28:33,339: control.pubsub.sub.0000: update.0                        : MainThread     : DEBUG   : ru_initialize_common (NOOP)
2017-11-03 02:28:33,339: control.pubsub.sub.0000: update.0                        : MainThread     : DEBUG   : ru_initialize_parent (NOOP)
2017-11-03 02:28:33,339: control.pubsub.sub.0000: update.0                        : MainThread     : DEBUG   : process class started (no child)
2017-11-03 02:28:34,038: control.pubsub.sub.0000: pmgr.0000.launching.0           : MainThread     : INFO    : python.interpreter   version: 2.7.12 (default, Nov 19 2016, 06:48:10) [GCC 5.4.0 20160609]
2017-11-03 02:28:34,038: control.pubsub.sub.0000: pmgr.0000.launching.0           : MainThread     : INFO    :                      pid: 7044
2017-11-03 02:28:34,038: control.pubsub.sub.0000: pmgr.0000.launching.0           : MainThread     : INFO    :                      tid: MainThread
2017-11-03 02:28:34,039: control.pubsub.sub.0000: pmgr.0000.launching.0           : MainThread     : INFO    : radical.pilot        version: 0.47-v0.46.2-181-g138b1e15@HEAD-detached-at-origin-rc-v0.46.3
2017-11-03 02:28:34,039: control.pubsub.sub.0000: pmgr.0000.launching.0           : MainThread     : INFO    : create control_pubsub - sub - tcp://138.201.86.166:44666
2017-11-03 02:28:34,055: control.pubsub.sub.0000: pmgr.0000.launching.0           : MainThread     : DEBUG   : start process
2017-11-03 02:28:34,055: control.pubsub.sub.0000: pmgr.0000.launching.0           : MainThread     : DEBUG   : ru_initialize_common (NOOP)
2017-11-03 02:28:34,055: control.pubsub.sub.0000: pmgr.0000.launching.0           : MainThread     : DEBUG   : ru_initialize_parent (NOOP)
2017-11-03 02:28:34,055: control.pubsub.sub.0000: pmgr.0000.launching.0           : MainThread     : DEBUG   : process class started (no child)
2017-11-03 02:41:52,406: control.pubsub.sub.0000: umgr.0000.staging.input.0       : MainThread     : INFO    : python.interpreter   version: 2.7.12 (default, Nov 19 2016, 06:48:10) [GCC 5.4.0 20160609]
2017-11-03 02:41:52,406: control.pubsub.sub.0000: umgr.0000.staging.input.0       : MainThread     : INFO    :                      pid: 24645
2017-11-03 02:41:52,407: control.pubsub.sub.0000: umgr.0000.staging.input.0       : MainThread     : INFO    :                      tid: MainThread
2017-11-03 02:41:52,407: control.pubsub.sub.0000: umgr.0000.staging.input.0       : MainThread     : INFO    : radical.pilot        version: 0.47-v0.46.2-181-g138b1e15@HEAD-detached-at-origin-rc-v0.46.3
2017-11-03 02:41:52,407: control.pubsub.sub.0000: umgr.0000.staging.input.0       : MainThread     : INFO    : create control_pubsub - sub - tcp://138.201.86.166:44666
2017-11-03 02:41:52,430: control.pubsub.sub.0000: umgr.0000.staging.input.0       : MainThread     : DEBUG   : start process
2017-11-03 02:41:52,430: control.pubsub.sub.0000: umgr.0000.staging.input.0       : MainThread     : DEBUG   : ru_initialize_common (NOOP)
2017-11-03 02:41:52,430: control.pubsub.sub.0000: umgr.0000.staging.input.0       : MainThread     : DEBUG   : ru_initialize_parent (NOOP)
2017-11-03 02:41:52,430: control.pubsub.sub.0000: umgr.0000.staging.input.0       : MainThread     : DEBUG   : process class started (no child)
2017-11-03 02:41:52,556: control.pubsub.sub.0000: umgr.0000.staging.output.0      : MainThread     : INFO    : python.interpreter   version: 2.7.12 (default, Nov 19 2016, 06:48:10) [GCC 5.4.0 20160609]
2017-11-03 02:41:52,556: control.pubsub.sub.0000: umgr.0000.staging.output.0      : MainThread     : INFO    :                      pid: 24670
2017-11-03 02:41:52,556: control.pubsub.sub.0000: umgr.0000.staging.output.0      : MainThread     : INFO    :                      tid: MainThread
2017-11-03 02:41:52,556: control.pubsub.sub.0000: umgr.0000.staging.output.0      : MainThread     : INFO    : radical.pilot        version: 0.47-v0.46.2-181-g138b1e15@HEAD-detached-at-origin-rc-v0.46.3
2017-11-03 02:41:52,556: control.pubsub.sub.0000: umgr.0000.staging.output.0      : MainThread     : INFO    : create control_pubsub - sub - tcp://138.201.86.166:44666
2017-11-03 02:41:52,557: control.pubsub.sub.0000: umgr.0000.staging.output.0      : MainThread     : DEBUG   : start process
2017-11-03 02:41:52,557: control.pubsub.sub.0000: umgr.0000.staging.output.0      : MainThread     : DEBUG   : ru_initialize_common (NOOP)
2017-11-03 02:41:52,557: control.pubsub.sub.0000: umgr.0000.staging.output.0      : MainThread     : DEBUG   : ru_initialize_parent (NOOP)
2017-11-03 02:41:52,557: control.pubsub.sub.0000: umgr.0000.staging.output.0      : MainThread     : DEBUG   : process class started (no child)
2017-11-03 02:41:52,632: control.pubsub.sub.0000: umgr.0000.scheduling.0          : MainThread     : INFO    : python.interpreter   version: 2.7.12 (default, Nov 19 2016, 06:48:10) [GCC 5.4.0 20160609]
2017-11-03 02:41:52,632: control.pubsub.sub.0000: umgr.0000.scheduling.0          : MainThread     : INFO    :                      pid: 24692
2017-11-03 02:41:52,632: control.pubsub.sub.0000: umgr.0000.scheduling.0          : MainThread     : INFO    :                      tid: MainThread
2017-11-03 02:41:52,632: control.pubsub.sub.0000: umgr.0000.scheduling.0          : MainThread     : INFO    : radical.pilot        version: 0.47-v0.46.2-181-g138b1e15@HEAD-detached-at-origin-rc-v0.46.3
2017-11-03 02:41:52,632: control.pubsub.sub.0000: umgr.0000.scheduling.0          : MainThread     : INFO    : create control_pubsub - sub - tcp://138.201.86.166:44666
2017-11-03 02:41:52,632: control.pubsub.sub.0000: umgr.0000.scheduling.0          : MainThread     : DEBUG   : start process
2017-11-03 02:41:52,632: control.pubsub.sub.0000: umgr.0000.scheduling.0          : MainThread     : DEBUG   : ru_initialize_common (NOOP)
2017-11-03 02:41:52,632: control.pubsub.sub.0000: umgr.0000.scheduling.0          : MainThread     : DEBUG   : ru_initialize_parent (NOOP)
2017-11-03 02:41:52,632: control.pubsub.sub.0000: umgr.0000.scheduling.0          : MainThread     : DEBUG   : process class started (no child)
2017-11-03 02:43:03,092: control.pubsub.sub.0000: umgr.0000.scheduling.0          : umgr.0000.scheduling.0.child.subscriber._cancel_monitor_cb: INFO    : parent stops child  24692 -> None [control.pubsub.sub.0000]
2017-11-03 02:43:03,092: control.pubsub.sub.0000: umgr.0000.scheduling.0          : umgr.0000.scheduling.0.child.subscriber._cancel_monitor_cb: DEBUG   : ru_finalize_parent (NOOP)
2017-11-03 02:43:03,771: control.pubsub.sub.0000: umgr.0000.staging.output.0      : MainThread     : INFO    : parent stops child  24670 -> None [control.pubsub.sub.0000]
2017-11-03 02:43:03,772: control.pubsub.sub.0000: umgr.0000.staging.output.0      : MainThread     : DEBUG   : ru_finalize_parent (NOOP)
2017-11-03 02:43:03,810: control.pubsub.sub.0000: umgr.0000.staging.input.0       : MainThread     : INFO    : parent stops child  24645 -> None [control.pubsub.sub.0000]
2017-11-03 02:43:03,810: control.pubsub.sub.0000: umgr.0000.staging.input.0       : MainThread     : DEBUG   : ru_finalize_parent (NOOP)
2017-11-03 02:43:13,961: control.pubsub.sub.0000: update.0                        : MainThread     : INFO    : parent stops child  7006 -> None [control.pubsub.sub.0000]
2017-11-03 02:43:13,961: control.pubsub.sub.0000: update.0                        : MainThread     : DEBUG   : ru_finalize_parent (NOOP)
