2017-11-03 02:41:52,630: control.pubsub.pub.0005: umgr.0000.scheduling.0          : MainThread     : INFO    : python.interpreter   version: 2.7.12 (default, Nov 19 2016, 06:48:10) [GCC 5.4.0 20160609]
2017-11-03 02:41:52,631: control.pubsub.pub.0005: umgr.0000.scheduling.0          : MainThread     : INFO    :                      pid: 24692
2017-11-03 02:41:52,631: control.pubsub.pub.0005: umgr.0000.scheduling.0          : MainThread     : INFO    :                      tid: MainThread
2017-11-03 02:41:52,631: control.pubsub.pub.0005: umgr.0000.scheduling.0          : MainThread     : INFO    : radical.pilot        version: 0.47-v0.46.2-181-g138b1e15@HEAD-detached-at-origin-rc-v0.46.3
2017-11-03 02:41:52,631: control.pubsub.pub.0005: umgr.0000.scheduling.0          : MainThread     : INFO    : create control_pubsub - pub - tcp://138.201.86.166:42611
2017-11-03 02:41:52,631: control.pubsub.pub.0005: umgr.0000.scheduling.0          : MainThread     : DEBUG   : start process
2017-11-03 02:41:52,631: control.pubsub.pub.0005: umgr.0000.scheduling.0          : MainThread     : DEBUG   : ru_initialize_common (NOOP)
2017-11-03 02:41:52,631: control.pubsub.pub.0005: umgr.0000.scheduling.0          : MainThread     : DEBUG   : ru_initialize_parent (NOOP)
2017-11-03 02:41:52,631: control.pubsub.pub.0005: umgr.0000.scheduling.0          : MainThread     : DEBUG   : process class started (no child)
2017-11-03 02:41:52,648: control.pubsub.pub.0005: task-manager                    : MainThread     : INFO    : python.interpreter   version: 2.7.12 (default, Nov 19 2016, 06:48:10) [GCC 5.4.0 20160609]
2017-11-03 02:41:52,649: control.pubsub.pub.0005: task-manager                    : MainThread     : INFO    :                      pid: 24608
2017-11-03 02:41:52,649: control.pubsub.pub.0005: task-manager                    : MainThread     : INFO    :                      tid: MainThread
2017-11-03 02:41:52,649: control.pubsub.pub.0005: task-manager                    : MainThread     : INFO    : radical.pilot        version: 0.47-v0.46.2-181-g138b1e15@HEAD-detached-at-origin-rc-v0.46.3
2017-11-03 02:41:52,649: control.pubsub.pub.0005: task-manager                    : MainThread     : INFO    : create control_pubsub - pub - tcp://138.201.86.166:42611
2017-11-03 02:41:52,649: control.pubsub.pub.0005: task-manager                    : MainThread     : DEBUG   : start process
2017-11-03 02:41:52,649: control.pubsub.pub.0005: task-manager                    : MainThread     : DEBUG   : ru_initialize_common (NOOP)
2017-11-03 02:41:52,649: control.pubsub.pub.0005: task-manager                    : MainThread     : DEBUG   : ru_initialize_parent (NOOP)
2017-11-03 02:41:52,649: control.pubsub.pub.0005: task-manager                    : MainThread     : DEBUG   : process class started (no child)
2017-11-03 02:43:03,028: control.pubsub.pub.0005: umgr.0000.scheduling.0          : umgr.0000.scheduling.0.child.subscriber._cancel_monitor_cb: INFO    : parent stops child  24692 -> None [control.pubsub.pub.0005]
2017-11-03 02:43:03,028: control.pubsub.pub.0005: umgr.0000.scheduling.0          : umgr.0000.scheduling.0.child.subscriber._cancel_monitor_cb: DEBUG   : ru_finalize_parent (NOOP)
