2017-11-03 02:28:31,748: rp.session.two.jdakka.017473.0002: MainProcess                     : MainThread     : INFO    : python.interpreter   version: 2.7.12 (default, Nov 19 2016, 06:48:10) [GCC 5.4.0 20160609]
2017-11-03 02:28:31,748: rp.session.two.jdakka.017473.0002: MainProcess                     : MainThread     : INFO    :                      pid: 6928
2017-11-03 02:28:31,748: rp.session.two.jdakka.017473.0002: MainProcess                     : MainThread     : INFO    :                      tid: MainThread
2017-11-03 02:28:31,748: rp.session.two.jdakka.017473.0002: MainProcess                     : MainThread     : INFO    : radical.pilot        version: 0.47-v0.46.2-181-g138b1e15@HEAD-detached-at-origin-rc-v0.46.3
2017-11-03 02:28:31,748: rp.session.two.jdakka.017473.0002: MainProcess                     : MainThread     : INFO    : using database mongodb://jdakka:mongo@ds231715.mlab.com:31715/new_htbac
2017-11-03 02:28:31,751: rp.session.two.jdakka.017473.0002: MainProcess                     : MainThread     : INFO    : Load resource configurations from /home/jdakka/UCL/ties_null_workload/venv/local/lib/python2.7/site-packages/radical/pilot/configs/resource_fub.json
2017-11-03 02:28:31,752: rp.session.two.jdakka.017473.0002: MainProcess                     : MainThread     : INFO    : Load resource configurations for fub.allegro_rsh
2017-11-03 02:28:31,752: rp.session.two.jdakka.017473.0002: MainProcess                     : MainThread     : INFO    : Load resource configurations from /home/jdakka/UCL/ties_null_workload/venv/local/lib/python2.7/site-packages/radical/pilot/configs/resource_yale.json
2017-11-03 02:28:31,753: rp.session.two.jdakka.017473.0002: MainProcess                     : MainThread     : INFO    : Load resource configurations for yale.grace_ssh
2017-11-03 02:28:31,753: rp.session.two.jdakka.017473.0002: MainProcess                     : MainThread     : INFO    : Load resource configurations from /home/jdakka/UCL/ties_null_workload/venv/local/lib/python2.7/site-packages/radical/pilot/configs/resource_stfc.json
2017-11-03 02:28:31,754: rp.session.two.jdakka.017473.0002: MainProcess                     : MainThread     : INFO    : Load resource configurations for stfc.joule_runjob
2017-11-03 02:28:31,754: rp.session.two.jdakka.017473.0002: MainProcess                     : MainThread     : INFO    : Load resource configurations from /home/jdakka/UCL/ties_null_workload/venv/local/lib/python2.7/site-packages/radical/pilot/configs/resource_osg.json
2017-11-03 02:28:31,756: rp.session.two.jdakka.017473.0002: MainProcess                     : MainThread     : INFO    : Load resource configurations for osg.xsede-virt-clust
2017-11-03 02:28:31,756: rp.session.two.jdakka.017473.0002: MainProcess                     : MainThread     : INFO    : Load resource configurations for osg.connect
2017-11-03 02:28:31,756: rp.session.two.jdakka.017473.0002: MainProcess                     : MainThread     : INFO    : Load resource configurations from /home/jdakka/UCL/ties_null_workload/venv/local/lib/python2.7/site-packages/radical/pilot/configs/resource_xsede.json
2017-11-03 02:28:31,774: rp.session.two.jdakka.017473.0002: MainProcess                     : MainThread     : INFO    : Load resource configurations for xsede.gordon_ssh
2017-11-03 02:28:31,775: rp.session.two.jdakka.017473.0002: MainProcess                     : MainThread     : INFO    : Load resource configurations for xsede.lonestar_ssh
2017-11-03 02:28:31,775: rp.session.two.jdakka.017473.0002: MainProcess                     : MainThread     : INFO    : Load resource configurations for xsede.supermic_spark
2017-11-03 02:28:31,775: rp.session.two.jdakka.017473.0002: MainProcess                     : MainThread     : INFO    : Load resource configurations for xsede.wrangler_yarn
2017-11-03 02:28:31,775: rp.session.two.jdakka.017473.0002: MainProcess                     : MainThread     : INFO    : Load resource configurations for xsede.blacklight_ssh
2017-11-03 02:28:31,775: rp.session.two.jdakka.017473.0002: MainProcess                     : MainThread     : INFO    : Load resource configurations for xsede.stampede_ortelib
2017-11-03 02:28:31,776: rp.session.two.jdakka.017473.0002: MainProcess                     : MainThread     : INFO    : Load resource configurations for xsede.stampede_yarn
2017-11-03 02:28:31,776: rp.session.two.jdakka.017473.0002: MainProcess                     : MainThread     : INFO    : Load resource configurations for xsede.stampede_ssh
2017-11-03 02:28:31,776: rp.session.two.jdakka.017473.0002: MainProcess                     : MainThread     : INFO    : Load resource configurations for xsede.greenfield
2017-11-03 02:28:31,776: rp.session.two.jdakka.017473.0002: MainProcess                     : MainThread     : INFO    : Load resource configurations for xsede.bridges
2017-11-03 02:28:31,776: rp.session.two.jdakka.017473.0002: MainProcess                     : MainThread     : INFO    : Load resource configurations for xsede.trestles_ssh
2017-11-03 02:28:31,777: rp.session.two.jdakka.017473.0002: MainProcess                     : MainThread     : INFO    : Load resource configurations for xsede.supermic_ortelib
2017-11-03 02:28:31,777: rp.session.two.jdakka.017473.0002: MainProcess                     : MainThread     : INFO    : Load resource configurations for xsede.stampede2_ssh
2017-11-03 02:28:31,777: rp.session.two.jdakka.017473.0002: MainProcess                     : MainThread     : INFO    : Load resource configurations for xsede.supermic_ssh
2017-11-03 02:28:31,777: rp.session.two.jdakka.017473.0002: MainProcess                     : MainThread     : INFO    : Load resource configurations for xsede.wrangler_ssh
2017-11-03 02:28:31,777: rp.session.two.jdakka.017473.0002: MainProcess                     : MainThread     : INFO    : Load resource configurations for xsede.supermic_orte
2017-11-03 02:28:31,778: rp.session.two.jdakka.017473.0002: MainProcess                     : MainThread     : INFO    : Load resource configurations for xsede.wrangler_spark
2017-11-03 02:28:31,778: rp.session.two.jdakka.017473.0002: MainProcess                     : MainThread     : INFO    : Load resource configurations for xsede.stampede_orte
2017-11-03 02:28:31,778: rp.session.two.jdakka.017473.0002: MainProcess                     : MainThread     : INFO    : Load resource configurations for xsede.comet_ortelib
2017-11-03 02:28:31,778: rp.session.two.jdakka.017473.0002: MainProcess                     : MainThread     : INFO    : Load resource configurations for xsede.comet_orte
2017-11-03 02:28:31,778: rp.session.two.jdakka.017473.0002: MainProcess                     : MainThread     : INFO    : Load resource configurations for xsede.comet_spark
2017-11-03 02:28:31,779: rp.session.two.jdakka.017473.0002: MainProcess                     : MainThread     : INFO    : Load resource configurations for xsede.comet_ssh
2017-11-03 02:28:31,779: rp.session.two.jdakka.017473.0002: MainProcess                     : MainThread     : INFO    : Load resource configurations for xsede.stampede_spark
2017-11-03 02:28:31,779: rp.session.two.jdakka.017473.0002: MainProcess                     : MainThread     : INFO    : Load resource configurations from /home/jdakka/UCL/ties_null_workload/venv/local/lib/python2.7/site-packages/radical/pilot/configs/resource_nersc.json
2017-11-03 02:28:31,784: rp.session.two.jdakka.017473.0002: MainProcess                     : MainThread     : INFO    : Load resource configurations for nersc.edison_ccm_ssh
2017-11-03 02:28:31,784: rp.session.two.jdakka.017473.0002: MainProcess                     : MainThread     : INFO    : Load resource configurations for nersc.hopper_orte
2017-11-03 02:28:31,784: rp.session.two.jdakka.017473.0002: MainProcess                     : MainThread     : INFO    : Load resource configurations for nersc.hopper_ccm_ssh
2017-11-03 02:28:31,785: rp.session.two.jdakka.017473.0002: MainProcess                     : MainThread     : INFO    : Load resource configurations for nersc.edison_aprun
2017-11-03 02:28:31,785: rp.session.two.jdakka.017473.0002: MainProcess                     : MainThread     : INFO    : Load resource configurations for nersc.hopper_aprun
2017-11-03 02:28:31,785: rp.session.two.jdakka.017473.0002: MainProcess                     : MainThread     : INFO    : Load resource configurations for nersc.edison_orte
2017-11-03 02:28:31,785: rp.session.two.jdakka.017473.0002: MainProcess                     : MainThread     : INFO    : Load resource configurations from /home/jdakka/UCL/ties_null_workload/venv/local/lib/python2.7/site-packages/radical/pilot/configs/resource_lrz.json
2017-11-03 02:28:31,786: rp.session.two.jdakka.017473.0002: MainProcess                     : MainThread     : INFO    : Load resource configurations for lrz.supermuc_ssh
2017-11-03 02:28:31,786: rp.session.two.jdakka.017473.0002: MainProcess                     : MainThread     : INFO    : Load resource configurations from /home/jdakka/UCL/ties_null_workload/venv/local/lib/python2.7/site-packages/radical/pilot/configs/resource_epsrc.json
2017-11-03 02:28:31,788: rp.session.two.jdakka.017473.0002: MainProcess                     : MainThread     : INFO    : Load resource configurations for epsrc.archer_orte
2017-11-03 02:28:31,788: rp.session.two.jdakka.017473.0002: MainProcess                     : MainThread     : INFO    : Load resource configurations for epsrc.archer_aprun
2017-11-03 02:28:31,788: rp.session.two.jdakka.017473.0002: MainProcess                     : MainThread     : INFO    : Load resource configurations from /home/jdakka/UCL/ties_null_workload/venv/local/lib/python2.7/site-packages/radical/pilot/configs/resource_ncsa.json
2017-11-03 02:28:31,792: rp.session.two.jdakka.017473.0002: MainProcess                     : MainThread     : INFO    : Load resource configurations for ncsa.bw_orte
2017-11-03 02:28:31,792: rp.session.two.jdakka.017473.0002: MainProcess                     : MainThread     : INFO    : Load resource configurations for ncsa.bw_ccm_ssh
2017-11-03 02:28:31,793: rp.session.two.jdakka.017473.0002: MainProcess                     : MainThread     : INFO    : Load resource configurations for ncsa.bw_ortelib
2017-11-03 02:28:31,793: rp.session.two.jdakka.017473.0002: MainProcess                     : MainThread     : INFO    : Load resource configurations for ncsa.bw_aprun
2017-11-03 02:28:31,793: rp.session.two.jdakka.017473.0002: MainProcess                     : MainThread     : INFO    : Load resource configurations for ncsa.bw_local_orte
2017-11-03 02:28:31,793: rp.session.two.jdakka.017473.0002: MainProcess                     : MainThread     : INFO    : Load resource configurations from /home/jdakka/UCL/ties_null_workload/venv/local/lib/python2.7/site-packages/radical/pilot/configs/resource_lumc.json
2017-11-03 02:28:31,795: rp.session.two.jdakka.017473.0002: MainProcess                     : MainThread     : INFO    : Load resource configurations for lumc.gb-ui_ssh
2017-11-03 02:28:31,795: rp.session.two.jdakka.017473.0002: MainProcess                     : MainThread     : INFO    : Load resource configurations for lumc.shark_ssh
2017-11-03 02:28:31,795: rp.session.two.jdakka.017473.0002: MainProcess                     : MainThread     : INFO    : Load resource configurations from /home/jdakka/UCL/ties_null_workload/venv/local/lib/python2.7/site-packages/radical/pilot/configs/resource_das4.json
2017-11-03 02:28:31,796: rp.session.two.jdakka.017473.0002: MainProcess                     : MainThread     : INFO    : Load resource configurations for das4.fs2_ssh
2017-11-03 02:28:31,796: rp.session.two.jdakka.017473.0002: MainProcess                     : MainThread     : INFO    : Load resource configurations from /home/jdakka/UCL/ties_null_workload/venv/local/lib/python2.7/site-packages/radical/pilot/configs/resource_aliases.json
2017-11-03 02:28:31,796: rp.session.two.jdakka.017473.0002: MainProcess                     : MainThread     : INFO    : Load resource configurations from /home/jdakka/UCL/ties_null_workload/venv/local/lib/python2.7/site-packages/radical/pilot/configs/resource_futuregrid.json
2017-11-03 02:28:31,800: rp.session.two.jdakka.017473.0002: MainProcess                     : MainThread     : INFO    : Load resource configurations for futuregrid.delta_ssh
2017-11-03 02:28:31,800: rp.session.two.jdakka.017473.0002: MainProcess                     : MainThread     : INFO    : Load resource configurations for futuregrid.india_ssh
2017-11-03 02:28:31,801: rp.session.two.jdakka.017473.0002: MainProcess                     : MainThread     : INFO    : Load resource configurations for futuregrid.echo_ssh
2017-11-03 02:28:31,801: rp.session.two.jdakka.017473.0002: MainProcess                     : MainThread     : INFO    : Load resource configurations for futuregrid.xray_ccm
2017-11-03 02:28:31,801: rp.session.two.jdakka.017473.0002: MainProcess                     : MainThread     : INFO    : Load resource configurations for futuregrid.bravo_ssh
2017-11-03 02:28:31,801: rp.session.two.jdakka.017473.0002: MainProcess                     : MainThread     : INFO    : Load resource configurations for futuregrid.xray_aprun
2017-11-03 02:28:31,801: rp.session.two.jdakka.017473.0002: MainProcess                     : MainThread     : INFO    : Load resource configurations from /home/jdakka/UCL/ties_null_workload/venv/local/lib/python2.7/site-packages/radical/pilot/configs/resource_ornl.json
2017-11-03 02:28:31,804: rp.session.two.jdakka.017473.0002: MainProcess                     : MainThread     : INFO    : Load resource configurations for ornl.titan_orte
2017-11-03 02:28:31,804: rp.session.two.jdakka.017473.0002: MainProcess                     : MainThread     : INFO    : Load resource configurations for ornl.titan_aprun
2017-11-03 02:28:31,804: rp.session.two.jdakka.017473.0002: MainProcess                     : MainThread     : INFO    : Load resource configurations for ornl.titan_ortelib
2017-11-03 02:28:31,805: rp.session.two.jdakka.017473.0002: MainProcess                     : MainThread     : INFO    : Load resource configurations from /home/jdakka/UCL/ties_null_workload/venv/local/lib/python2.7/site-packages/radical/pilot/configs/resource_chameleon.json
2017-11-03 02:28:31,805: rp.session.two.jdakka.017473.0002: MainProcess                     : MainThread     : INFO    : Load resource configurations for chameleon.cloud_vm_yarn
2017-11-03 02:28:31,806: rp.session.two.jdakka.017473.0002: MainProcess                     : MainThread     : INFO    : Load resource configurations from /home/jdakka/UCL/ties_null_workload/venv/local/lib/python2.7/site-packages/radical/pilot/configs/resource_iu.json
2017-11-03 02:28:31,807: rp.session.two.jdakka.017473.0002: MainProcess                     : MainThread     : INFO    : Load resource configurations for iu.bigred2_ccm_ssh
2017-11-03 02:28:31,807: rp.session.two.jdakka.017473.0002: MainProcess                     : MainThread     : INFO    : Load resource configurations for iu.bigred2_aprun
2017-11-03 02:28:31,807: rp.session.two.jdakka.017473.0002: MainProcess                     : MainThread     : INFO    : Load resource configurations from /home/jdakka/UCL/ties_null_workload/venv/local/lib/python2.7/site-packages/radical/pilot/configs/resource_local.json
2017-11-03 02:28:31,812: rp.session.two.jdakka.017473.0002: MainProcess                     : MainThread     : INFO    : Load resource configurations for local.localhost_orte
2017-11-03 02:28:31,812: rp.session.two.jdakka.017473.0002: MainProcess                     : MainThread     : INFO    : Load resource configurations for local.localhost_anaconda
2017-11-03 02:28:31,812: rp.session.two.jdakka.017473.0002: MainProcess                     : MainThread     : INFO    : Load resource configurations for local.localhost_ortelib
2017-11-03 02:28:31,812: rp.session.two.jdakka.017473.0002: MainProcess                     : MainThread     : INFO    : Load resource configurations for local.localhost
2017-11-03 02:28:31,813: rp.session.two.jdakka.017473.0002: MainProcess                     : MainThread     : INFO    : Load resource configurations for local.localhost_spark
2017-11-03 02:28:31,813: rp.session.two.jdakka.017473.0002: MainProcess                     : MainThread     : INFO    : Load resource configurations for local.localhost_spark_anaconda
2017-11-03 02:28:31,813: rp.session.two.jdakka.017473.0002: MainProcess                     : MainThread     : INFO    : Load resource configurations for local.localhost_yarn
2017-11-03 02:28:31,813: rp.session.two.jdakka.017473.0002: MainProcess                     : MainThread     : INFO    : Load resource configurations from /home/jdakka/UCL/ties_null_workload/venv/local/lib/python2.7/site-packages/radical/pilot/configs/resource_radical.json
2017-11-03 02:28:31,815: rp.session.two.jdakka.017473.0002: MainProcess                     : MainThread     : INFO    : Load resource configurations for radical.two
2017-11-03 02:28:31,816: rp.session.two.jdakka.017473.0002: MainProcess                     : MainThread     : INFO    : Load resource configurations for radical.tutorial
2017-11-03 02:28:31,816: rp.session.two.jdakka.017473.0002: MainProcess                     : MainThread     : INFO    : Load resource configurations for radical.one
2017-11-03 02:28:31,816: rp.session.two.jdakka.017473.0002: MainProcess                     : MainThread     : INFO    : Load resource configurations from /home/jdakka/UCL/ties_null_workload/venv/local/lib/python2.7/site-packages/radical/pilot/configs/resource_ncar.json
2017-11-03 02:28:31,817: rp.session.two.jdakka.017473.0002: MainProcess                     : MainThread     : INFO    : Load resource configurations for ncar.yellowstone_ssh
2017-11-03 02:28:31,817: rp.session.two.jdakka.017473.0002: MainProcess                     : MainThread     : INFO    : Load resource configurations from /home/jdakka/UCL/ties_null_workload/venv/local/lib/python2.7/site-packages/radical/pilot/configs/resource_rice.json
2017-11-03 02:28:31,818: rp.session.two.jdakka.017473.0002: MainProcess                     : MainThread     : INFO    : Load resource configurations for rice.davinci_ssh
2017-11-03 02:28:31,819: rp.session.two.jdakka.017473.0002: MainProcess                     : MainThread     : INFO    : Load resource configurations for rice.biou_ssh
2017-11-03 02:28:31,819: rp.session.two.jdakka.017473.0002: MainProcess                     : MainThread     : INFO    : Load resource configurations from /home/jdakka/UCL/ties_null_workload/venv/local/lib/python2.7/site-packages/radical/pilot/configs/resource_das5.json
2017-11-03 02:28:31,819: rp.session.two.jdakka.017473.0002: MainProcess                     : MainThread     : INFO    : Load resource configurations for das5.fs1_ssh
2017-11-03 02:28:33,137: rp.session.two.jdakka.017473.0002: MainProcess                     : MainThread     : INFO    : New Session created: rp.session.two.jdakka.017473.0002.
2017-11-03 02:28:33,138: rp.session.two.jdakka.017473.0002: MainProcess                     : MainThread     : DEBUG   : start bridges   : {u'control_pubsub': {u'bulk_size': 0, u'log_level': u'debug', u'stall_hwm': 1},
 u'log_pubsub': {u'bulk_size': 0, u'log_level': u'debug', u'stall_hwm': 1},
 u'state_pubsub': {u'bulk_size': 0, u'log_level': u'debug', u'stall_hwm': 1}}
2017-11-03 02:28:33,138: rp.session.two.jdakka.017473.0002: MainProcess                     : MainThread     : INFO    : create bridge control_pubsub
2017-11-03 02:28:33,154: rp.session.two.jdakka.017473.0002: MainProcess                     : MainThread     : INFO    : created bridge control_pubsub (control.pubsub.bridge.0000)
2017-11-03 02:28:33,154: rp.session.two.jdakka.017473.0002: MainProcess                     : MainThread     : INFO    : create bridge state_pubsub
2017-11-03 02:28:33,167: rp.session.two.jdakka.017473.0002: MainProcess                     : MainThread     : INFO    : created bridge state_pubsub (state.pubsub.bridge.0000)
2017-11-03 02:28:33,167: rp.session.two.jdakka.017473.0002: MainProcess                     : MainThread     : INFO    : create bridge log_pubsub
2017-11-03 02:28:33,181: rp.session.two.jdakka.017473.0002: MainProcess                     : MainThread     : INFO    : created bridge log_pubsub (log.pubsub.bridge.0000)
2017-11-03 02:28:33,181: rp.session.two.jdakka.017473.0002: MainProcess                     : MainThread     : DEBUG   : start components: {u'UpdateWorker': {u'count': 1}}
2017-11-03 02:28:33,182: rp.session.two.jdakka.017473.0002: MainProcess                     : MainThread     : DEBUG   : start 1 component(s) UpdateWorker
2017-11-03 02:28:33,901: rp.session.two.jdakka.017473.0002: MainProcess                     : MainThread     : INFO    : rp.session.two.jdakka.017473.0002 starts update.0
2017-11-03 02:28:34,338: rp.session.two.jdakka.017473.0002: MainProcess                     : MainThread     : DEBUG   : rsup.PTYShell('gsissh://bw.ncsa.illinois.edu')
2017-11-03 02:28:42,509: rp.session.two.jdakka.017473.0002: MainProcess                     : MainThread     : DEBUG   : sandbox base gsissh://bw.ncsa.illinois.edu: '/scratch/sciteam/dakka'
2017-11-03 02:28:42,719: rp.session.two.jdakka.017473.0002: MainProcess                     : MainThread     : DEBUG   : bulk pilot insert result: {'nModified': 0, 'nUpserted': 0, 'nMatched': 0, 'writeErrors': [], 'upserted': [], 'writeConcernErrors': [], 'nRemoved': 0, 'nInserted': 1}
2017-11-03 02:28:42,728: rp.session.two.jdakka.017473.0002: pmgr.0000.launching.0           : MainThread     : DEBUG   : rsup.PTYShell('gsissh://bw.ncsa.illinois.edu')
2017-11-03 02:28:47,393: rp.session.two.jdakka.017473.0002: pmgr.0000.launching.0           : MainThread     : DEBUG   : sandbox base gsissh://bw.ncsa.illinois.edu: '/scratch/sciteam/dakka'
2017-11-03 02:41:53,490: rp.session.two.jdakka.017473.0002: task-manager                    : MainThread     : DEBUG   : bulk unit insert result: {'nModified': 0, 'nUpserted': 0, 'nMatched': 0, 'writeErrors': [], 'upserted': [], 'writeConcernErrors': [], 'nRemoved': 0, 'nInserted': 1}
2017-11-03 02:41:53,607: rp.session.two.jdakka.017473.0002: task-manager                    : MainThread     : DEBUG   : bulk unit insert result: {'nModified': 0, 'nUpserted': 0, 'nMatched': 0, 'writeErrors': [], 'upserted': [], 'writeConcernErrors': [], 'nRemoved': 0, 'nInserted': 1}
2017-11-03 02:41:53,726: rp.session.two.jdakka.017473.0002: task-manager                    : MainThread     : DEBUG   : bulk unit insert result: {'nModified': 0, 'nUpserted': 0, 'nMatched': 0, 'writeErrors': [], 'upserted': [], 'writeConcernErrors': [], 'nRemoved': 0, 'nInserted': 1}
2017-11-03 02:41:53,838: rp.session.two.jdakka.017473.0002: task-manager                    : MainThread     : DEBUG   : bulk unit insert result: {'nModified': 0, 'nUpserted': 0, 'nMatched': 0, 'writeErrors': [], 'upserted': [], 'writeConcernErrors': [], 'nRemoved': 0, 'nInserted': 1}
2017-11-03 02:41:53,949: rp.session.two.jdakka.017473.0002: task-manager                    : MainThread     : DEBUG   : bulk unit insert result: {'nModified': 0, 'nUpserted': 0, 'nMatched': 0, 'writeErrors': [], 'upserted': [], 'writeConcernErrors': [], 'nRemoved': 0, 'nInserted': 1}
2017-11-03 02:41:54,078: rp.session.two.jdakka.017473.0002: task-manager                    : MainThread     : DEBUG   : bulk unit insert result: {'nModified': 0, 'nUpserted': 0, 'nMatched': 0, 'writeErrors': [], 'upserted': [], 'writeConcernErrors': [], 'nRemoved': 0, 'nInserted': 1}
2017-11-03 02:41:54,193: rp.session.two.jdakka.017473.0002: task-manager                    : MainThread     : DEBUG   : bulk unit insert result: {'nModified': 0, 'nUpserted': 0, 'nMatched': 0, 'writeErrors': [], 'upserted': [], 'writeConcernErrors': [], 'nRemoved': 0, 'nInserted': 1}
2017-11-03 02:41:54,299: rp.session.two.jdakka.017473.0002: task-manager                    : MainThread     : DEBUG   : bulk unit insert result: {'nModified': 0, 'nUpserted': 0, 'nMatched': 0, 'writeErrors': [], 'upserted': [], 'writeConcernErrors': [], 'nRemoved': 0, 'nInserted': 1}
2017-11-03 02:42:02,149: rp.session.two.jdakka.017473.0002: task-manager                    : MainThread     : DEBUG   : bulk unit insert result: {'nModified': 0, 'nUpserted': 0, 'nMatched': 0, 'writeErrors': [], 'upserted': [], 'writeConcernErrors': [], 'nRemoved': 0, 'nInserted': 1}
2017-11-03 02:42:02,270: rp.session.two.jdakka.017473.0002: task-manager                    : MainThread     : DEBUG   : bulk unit insert result: {'nModified': 0, 'nUpserted': 0, 'nMatched': 0, 'writeErrors': [], 'upserted': [], 'writeConcernErrors': [], 'nRemoved': 0, 'nInserted': 1}
2017-11-03 02:42:02,385: rp.session.two.jdakka.017473.0002: task-manager                    : MainThread     : DEBUG   : bulk unit insert result: {'nModified': 0, 'nUpserted': 0, 'nMatched': 0, 'writeErrors': [], 'upserted': [], 'writeConcernErrors': [], 'nRemoved': 0, 'nInserted': 1}
2017-11-03 02:42:02,502: rp.session.two.jdakka.017473.0002: task-manager                    : MainThread     : DEBUG   : bulk unit insert result: {'nModified': 0, 'nUpserted': 0, 'nMatched': 0, 'writeErrors': [], 'upserted': [], 'writeConcernErrors': [], 'nRemoved': 0, 'nInserted': 1}
2017-11-03 02:42:04,609: rp.session.two.jdakka.017473.0002: task-manager                    : MainThread     : DEBUG   : bulk unit insert result: {'nModified': 0, 'nUpserted': 0, 'nMatched': 0, 'writeErrors': [], 'upserted': [], 'writeConcernErrors': [], 'nRemoved': 0, 'nInserted': 1}
2017-11-03 02:42:04,730: rp.session.two.jdakka.017473.0002: task-manager                    : MainThread     : DEBUG   : bulk unit insert result: {'nModified': 0, 'nUpserted': 0, 'nMatched': 0, 'writeErrors': [], 'upserted': [], 'writeConcernErrors': [], 'nRemoved': 0, 'nInserted': 1}
2017-11-03 02:42:04,841: rp.session.two.jdakka.017473.0002: task-manager                    : MainThread     : DEBUG   : bulk unit insert result: {'nModified': 0, 'nUpserted': 0, 'nMatched': 0, 'writeErrors': [], 'upserted': [], 'writeConcernErrors': [], 'nRemoved': 0, 'nInserted': 1}
2017-11-03 02:42:04,959: rp.session.two.jdakka.017473.0002: task-manager                    : MainThread     : DEBUG   : bulk unit insert result: {'nModified': 0, 'nUpserted': 0, 'nMatched': 0, 'writeErrors': [], 'upserted': [], 'writeConcernErrors': [], 'nRemoved': 0, 'nInserted': 1}
2017-11-03 02:42:09,637: rp.session.two.jdakka.017473.0002: task-manager                    : MainThread     : DEBUG   : bulk unit insert result: {'nModified': 0, 'nUpserted': 0, 'nMatched': 0, 'writeErrors': [], 'upserted': [], 'writeConcernErrors': [], 'nRemoved': 0, 'nInserted': 1}
2017-11-03 02:42:09,756: rp.session.two.jdakka.017473.0002: task-manager                    : MainThread     : DEBUG   : bulk unit insert result: {'nModified': 0, 'nUpserted': 0, 'nMatched': 0, 'writeErrors': [], 'upserted': [], 'writeConcernErrors': [], 'nRemoved': 0, 'nInserted': 1}
2017-11-03 02:42:13,491: rp.session.two.jdakka.017473.0002: task-manager                    : MainThread     : DEBUG   : bulk unit insert result: {'nModified': 0, 'nUpserted': 0, 'nMatched': 0, 'writeErrors': [], 'upserted': [], 'writeConcernErrors': [], 'nRemoved': 0, 'nInserted': 1}
2017-11-03 02:42:13,614: rp.session.two.jdakka.017473.0002: task-manager                    : MainThread     : DEBUG   : bulk unit insert result: {'nModified': 0, 'nUpserted': 0, 'nMatched': 0, 'writeErrors': [], 'upserted': [], 'writeConcernErrors': [], 'nRemoved': 0, 'nInserted': 1}
2017-11-03 02:42:13,740: rp.session.two.jdakka.017473.0002: task-manager                    : MainThread     : DEBUG   : bulk unit insert result: {'nModified': 0, 'nUpserted': 0, 'nMatched': 0, 'writeErrors': [], 'upserted': [], 'writeConcernErrors': [], 'nRemoved': 0, 'nInserted': 1}
2017-11-03 02:42:17,520: rp.session.two.jdakka.017473.0002: task-manager                    : MainThread     : DEBUG   : bulk unit insert result: {'nModified': 0, 'nUpserted': 0, 'nMatched': 0, 'writeErrors': [], 'upserted': [], 'writeConcernErrors': [], 'nRemoved': 0, 'nInserted': 1}
2017-11-03 02:42:17,631: rp.session.two.jdakka.017473.0002: task-manager                    : MainThread     : DEBUG   : bulk unit insert result: {'nModified': 0, 'nUpserted': 0, 'nMatched': 0, 'writeErrors': [], 'upserted': [], 'writeConcernErrors': [], 'nRemoved': 0, 'nInserted': 1}
2017-11-03 02:42:17,755: rp.session.two.jdakka.017473.0002: task-manager                    : MainThread     : DEBUG   : bulk unit insert result: {'nModified': 0, 'nUpserted': 0, 'nMatched': 0, 'writeErrors': [], 'upserted': [], 'writeConcernErrors': [], 'nRemoved': 0, 'nInserted': 1}
2017-11-03 02:42:18,869: rp.session.two.jdakka.017473.0002: task-manager                    : MainThread     : DEBUG   : bulk unit insert result: {'nModified': 0, 'nUpserted': 0, 'nMatched': 0, 'writeErrors': [], 'upserted': [], 'writeConcernErrors': [], 'nRemoved': 0, 'nInserted': 1}
2017-11-03 02:42:20,222: rp.session.two.jdakka.017473.0002: task-manager                    : MainThread     : DEBUG   : bulk unit insert result: {'nModified': 0, 'nUpserted': 0, 'nMatched': 0, 'writeErrors': [], 'upserted': [], 'writeConcernErrors': [], 'nRemoved': 0, 'nInserted': 1}
2017-11-03 02:42:20,333: rp.session.two.jdakka.017473.0002: task-manager                    : MainThread     : DEBUG   : bulk unit insert result: {'nModified': 0, 'nUpserted': 0, 'nMatched': 0, 'writeErrors': [], 'upserted': [], 'writeConcernErrors': [], 'nRemoved': 0, 'nInserted': 1}
2017-11-03 02:42:21,601: rp.session.two.jdakka.017473.0002: task-manager                    : MainThread     : DEBUG   : bulk unit insert result: {'nModified': 0, 'nUpserted': 0, 'nMatched': 0, 'writeErrors': [], 'upserted': [], 'writeConcernErrors': [], 'nRemoved': 0, 'nInserted': 1}
2017-11-03 02:42:24,497: rp.session.two.jdakka.017473.0002: task-manager                    : MainThread     : DEBUG   : bulk unit insert result: {'nModified': 0, 'nUpserted': 0, 'nMatched': 0, 'writeErrors': [], 'upserted': [], 'writeConcernErrors': [], 'nRemoved': 0, 'nInserted': 1}
2017-11-03 02:42:24,615: rp.session.two.jdakka.017473.0002: task-manager                    : MainThread     : DEBUG   : bulk unit insert result: {'nModified': 0, 'nUpserted': 0, 'nMatched': 0, 'writeErrors': [], 'upserted': [], 'writeConcernErrors': [], 'nRemoved': 0, 'nInserted': 1}
2017-11-03 02:42:28,668: rp.session.two.jdakka.017473.0002: task-manager                    : MainThread     : DEBUG   : bulk unit insert result: {'nModified': 0, 'nUpserted': 0, 'nMatched': 0, 'writeErrors': [], 'upserted': [], 'writeConcernErrors': [], 'nRemoved': 0, 'nInserted': 1}
2017-11-03 02:42:39,737: rp.session.two.jdakka.017473.0002: task-manager                    : MainThread     : DEBUG   : bulk unit insert result: {'nModified': 0, 'nUpserted': 0, 'nMatched': 0, 'writeErrors': [], 'upserted': [], 'writeConcernErrors': [], 'nRemoved': 0, 'nInserted': 1}
2017-11-03 02:43:10,844: rp.session.two.jdakka.017473.0002: MainProcess                     : MainThread     : DEBUG   : session rp.session.two.jdakka.017473.0002 closing
2017-11-03 02:43:10,844: rp.session.two.jdakka.017473.0002: MainProcess                     : MainThread     : DEBUG   : session rp.session.two.jdakka.017473.0002 closes pmgr   pmgr.0000
2017-11-03 02:43:13,656: rp.session.two.jdakka.017473.0002: MainProcess                     : MainThread     : DEBUG   : session rp.session.two.jdakka.017473.0002 closed pmgr   pmgr.0000
2017-11-03 02:43:13,656: rp.session.two.jdakka.017473.0002: MainProcess                     : MainThread     : DEBUG   : session rp.session.two.jdakka.017473.0002 closes comp   update.0
2017-11-03 02:43:13,657: rp.session.two.jdakka.017473.0002: MainProcess                     : MainThread     : DEBUG   :  === update.0 stop called
2017-11-03 02:43:13,764: rp.session.two.jdakka.017473.0002: update.0                        : MainThread     : DEBUG   :  === update.0.child stop called
2017-11-03 02:43:13,965: rp.session.two.jdakka.017473.0002: update.0                        : MainThread     : DEBUG   :  === update.0.child stop called
2017-11-03 02:43:14,001: rp.session.two.jdakka.017473.0002: MainProcess                     : MainThread     : DEBUG   : session rp.session.two.jdakka.017473.0002 closed comp   update.0
2017-11-03 02:43:14,001: rp.session.two.jdakka.017473.0002: MainProcess                     : MainThread     : DEBUG   : session rp.session.two.jdakka.017473.0002 closes bridge control.pubsub.bridge.0000
2017-11-03 02:43:14,983: rp.session.two.jdakka.017473.0002: MainProcess                     : MainThread     : DEBUG   : session rp.session.two.jdakka.017473.0002 closed bridge control.pubsub.bridge.0000
2017-11-03 02:43:14,983: rp.session.two.jdakka.017473.0002: MainProcess                     : MainThread     : DEBUG   : session rp.session.two.jdakka.017473.0002 closes bridge state.pubsub.bridge.0000
2017-11-03 02:43:16,015: rp.session.two.jdakka.017473.0002: MainProcess                     : MainThread     : DEBUG   : session rp.session.two.jdakka.017473.0002 closed bridge state.pubsub.bridge.0000
2017-11-03 02:43:16,016: rp.session.two.jdakka.017473.0002: MainProcess                     : MainThread     : DEBUG   : session rp.session.two.jdakka.017473.0002 closes bridge log.pubsub.bridge.0000
2017-11-03 02:43:17,048: rp.session.two.jdakka.017473.0002: MainProcess                     : MainThread     : DEBUG   : session rp.session.two.jdakka.017473.0002 closed bridge log.pubsub.bridge.0000
2017-11-03 02:43:17,048: rp.session.two.jdakka.017473.0002: MainProcess                     : MainThread     : DEBUG   : session rp.session.two.jdakka.017473.0002 closes db (False)
2017-11-03 02:43:17,049: rp.session.two.jdakka.017473.0002: MainProcess                     : MainThread     : DEBUG   : session rp.session.two.jdakka.017473.0002 closed (delete=False)
2017-11-03 02:43:17,127: rp.session.two.jdakka.017473.0002: MainProcess                     : MainThread     : DEBUG   :  === update.0 stop called
