2017-11-03 02:28:33,315: state.pubsub.pub.0000: update.0                        : MainThread     : INFO    : python.interpreter   version: 2.7.12 (default, Nov 19 2016, 06:48:10) [GCC 5.4.0 20160609]
2017-11-03 02:28:33,315: state.pubsub.pub.0000: update.0                        : MainThread     : INFO    :                      pid: 7006
2017-11-03 02:28:33,315: state.pubsub.pub.0000: update.0                        : MainThread     : INFO    :                      tid: MainThread
2017-11-03 02:28:33,315: state.pubsub.pub.0000: update.0                        : MainThread     : INFO    : radical.pilot        version: 0.47-v0.46.2-181-g138b1e15@HEAD-detached-at-origin-rc-v0.46.3
2017-11-03 02:28:33,316: state.pubsub.pub.0000: update.0                        : MainThread     : INFO    : create state_pubsub - pub - tcp://138.201.86.166:39395
2017-11-03 02:28:33,316: state.pubsub.pub.0000: update.0                        : MainThread     : DEBUG   : start process
2017-11-03 02:28:33,316: state.pubsub.pub.0000: update.0                        : MainThread     : DEBUG   : ru_initialize_common (NOOP)
2017-11-03 02:28:33,316: state.pubsub.pub.0000: update.0                        : MainThread     : DEBUG   : ru_initialize_parent (NOOP)
2017-11-03 02:28:33,317: state.pubsub.pub.0000: update.0                        : MainThread     : DEBUG   : process class started (no child)
2017-11-03 02:28:33,892: state.pubsub.pub.0000: MainProcess                     : MainThread     : INFO    : python.interpreter   version: 2.7.12 (default, Nov 19 2016, 06:48:10) [GCC 5.4.0 20160609]
2017-11-03 02:28:33,892: state.pubsub.pub.0000: MainProcess                     : MainThread     : INFO    :                      pid: 6928
2017-11-03 02:28:33,892: state.pubsub.pub.0000: MainProcess                     : MainThread     : INFO    :                      tid: MainThread
2017-11-03 02:28:33,892: state.pubsub.pub.0000: MainProcess                     : MainThread     : INFO    : radical.pilot        version: 0.47-v0.46.2-181-g138b1e15@HEAD-detached-at-origin-rc-v0.46.3
2017-11-03 02:28:33,893: state.pubsub.pub.0000: MainProcess                     : MainThread     : INFO    : create state_pubsub - pub - tcp://138.201.86.166:39395
2017-11-03 02:28:33,894: state.pubsub.pub.0000: MainProcess                     : MainThread     : DEBUG   : start process
2017-11-03 02:28:33,894: state.pubsub.pub.0000: MainProcess                     : MainThread     : DEBUG   : ru_initialize_common (NOOP)
2017-11-03 02:28:33,894: state.pubsub.pub.0000: MainProcess                     : MainThread     : DEBUG   : ru_initialize_parent (NOOP)
2017-11-03 02:28:33,894: state.pubsub.pub.0000: MainProcess                     : MainThread     : DEBUG   : process class started (no child)
2017-11-03 02:43:13,697: state.pubsub.pub.0000: MainProcess                     : MainThread     : INFO    : parent stops child  6928 -> None [state.pubsub.pub.0000]
2017-11-03 02:43:13,697: state.pubsub.pub.0000: MainProcess                     : MainThread     : DEBUG   : ru_finalize_parent (NOOP)
2017-11-03 02:43:13,927: state.pubsub.pub.0000: update.0                        : MainThread     : INFO    : parent stops child  7006 -> None [state.pubsub.pub.0000]
2017-11-03 02:43:13,927: state.pubsub.pub.0000: update.0                        : MainThread     : DEBUG   : ru_finalize_parent (NOOP)
