2017-11-03 02:41:52,285: umgr.scheduling.queue.bridge.0000.child: umgr.scheduling.queue.bridge.0000.child: MainThread     : INFO    : python.interpreter   version: 2.7.12 (default, Nov 19 2016, 06:48:10) [GCC 5.4.0 20160609]
2017-11-03 02:41:52,285: umgr.scheduling.queue.bridge.0000.child: umgr.scheduling.queue.bridge.0000.child: MainThread     : INFO    :                      pid: 24637
2017-11-03 02:41:52,286: umgr.scheduling.queue.bridge.0000.child: umgr.scheduling.queue.bridge.0000.child: MainThread     : INFO    :                      tid: MainThread
2017-11-03 02:41:52,286: umgr.scheduling.queue.bridge.0000.child: umgr.scheduling.queue.bridge.0000.child: MainThread     : INFO    : radical.pilot        version: 0.47-v0.46.2-181-g138b1e15@HEAD-detached-at-origin-rc-v0.46.3
2017-11-03 02:41:52,286: umgr.scheduling.queue.bridge.0000.child: umgr.scheduling.queue.bridge.0000.child: MainThread     : INFO    : start bridge umgr.scheduling.queue.bridge.0000.child on tcp://*:*
2017-11-03 02:41:52,286: umgr.scheduling.queue.bridge.0000.child: umgr.scheduling.queue.bridge.0000.child: MainThread     : INFO    : bound bridge umgr.scheduling.queue.bridge.0000.child to tcp://0.0.0.0:33248 : tcp://0.0.0.0:43700
2017-11-03 02:41:53,491: umgr.scheduling.queue.bridge.0000.child: umgr.scheduling.queue.bridge.0000.child: MainThread     : DEBUG   : sent  1 [hwm: 1]
2017-11-03 02:41:53,608: umgr.scheduling.queue.bridge.0000.child: umgr.scheduling.queue.bridge.0000.child: MainThread     : DEBUG   : sent  1 [hwm: 1]
2017-11-03 02:41:53,727: umgr.scheduling.queue.bridge.0000.child: umgr.scheduling.queue.bridge.0000.child: MainThread     : DEBUG   : sent  1 [hwm: 1]
2017-11-03 02:41:53,839: umgr.scheduling.queue.bridge.0000.child: umgr.scheduling.queue.bridge.0000.child: MainThread     : DEBUG   : sent  1 [hwm: 1]
2017-11-03 02:41:53,949: umgr.scheduling.queue.bridge.0000.child: umgr.scheduling.queue.bridge.0000.child: MainThread     : DEBUG   : sent  1 [hwm: 1]
2017-11-03 02:41:54,079: umgr.scheduling.queue.bridge.0000.child: umgr.scheduling.queue.bridge.0000.child: MainThread     : DEBUG   : sent  1 [hwm: 1]
2017-11-03 02:41:54,193: umgr.scheduling.queue.bridge.0000.child: umgr.scheduling.queue.bridge.0000.child: MainThread     : DEBUG   : sent  1 [hwm: 1]
2017-11-03 02:41:54,299: umgr.scheduling.queue.bridge.0000.child: umgr.scheduling.queue.bridge.0000.child: MainThread     : DEBUG   : sent  1 [hwm: 1]
2017-11-03 02:42:02,149: umgr.scheduling.queue.bridge.0000.child: umgr.scheduling.queue.bridge.0000.child: MainThread     : DEBUG   : sent  1 [hwm: 1]
2017-11-03 02:42:02,271: umgr.scheduling.queue.bridge.0000.child: umgr.scheduling.queue.bridge.0000.child: MainThread     : DEBUG   : sent  1 [hwm: 1]
2017-11-03 02:42:02,386: umgr.scheduling.queue.bridge.0000.child: umgr.scheduling.queue.bridge.0000.child: MainThread     : DEBUG   : sent  1 [hwm: 1]
2017-11-03 02:42:02,503: umgr.scheduling.queue.bridge.0000.child: umgr.scheduling.queue.bridge.0000.child: MainThread     : DEBUG   : sent  1 [hwm: 1]
2017-11-03 02:42:04,609: umgr.scheduling.queue.bridge.0000.child: umgr.scheduling.queue.bridge.0000.child: MainThread     : DEBUG   : sent  1 [hwm: 1]
2017-11-03 02:42:04,731: umgr.scheduling.queue.bridge.0000.child: umgr.scheduling.queue.bridge.0000.child: MainThread     : DEBUG   : sent  1 [hwm: 1]
2017-11-03 02:42:04,841: umgr.scheduling.queue.bridge.0000.child: umgr.scheduling.queue.bridge.0000.child: MainThread     : DEBUG   : sent  1 [hwm: 1]
2017-11-03 02:42:04,959: umgr.scheduling.queue.bridge.0000.child: umgr.scheduling.queue.bridge.0000.child: MainThread     : DEBUG   : sent  1 [hwm: 1]
2017-11-03 02:42:09,637: umgr.scheduling.queue.bridge.0000.child: umgr.scheduling.queue.bridge.0000.child: MainThread     : DEBUG   : sent  1 [hwm: 1]
2017-11-03 02:42:09,757: umgr.scheduling.queue.bridge.0000.child: umgr.scheduling.queue.bridge.0000.child: MainThread     : DEBUG   : sent  1 [hwm: 1]
2017-11-03 02:42:13,491: umgr.scheduling.queue.bridge.0000.child: umgr.scheduling.queue.bridge.0000.child: MainThread     : DEBUG   : sent  1 [hwm: 1]
2017-11-03 02:42:13,615: umgr.scheduling.queue.bridge.0000.child: umgr.scheduling.queue.bridge.0000.child: MainThread     : DEBUG   : sent  1 [hwm: 1]
2017-11-03 02:42:13,741: umgr.scheduling.queue.bridge.0000.child: umgr.scheduling.queue.bridge.0000.child: MainThread     : DEBUG   : sent  1 [hwm: 1]
2017-11-03 02:42:17,521: umgr.scheduling.queue.bridge.0000.child: umgr.scheduling.queue.bridge.0000.child: MainThread     : DEBUG   : sent  1 [hwm: 1]
2017-11-03 02:42:17,633: umgr.scheduling.queue.bridge.0000.child: umgr.scheduling.queue.bridge.0000.child: MainThread     : DEBUG   : sent  1 [hwm: 1]
2017-11-03 02:42:17,755: umgr.scheduling.queue.bridge.0000.child: umgr.scheduling.queue.bridge.0000.child: MainThread     : DEBUG   : sent  1 [hwm: 1]
2017-11-03 02:42:18,870: umgr.scheduling.queue.bridge.0000.child: umgr.scheduling.queue.bridge.0000.child: MainThread     : DEBUG   : sent  1 [hwm: 1]
2017-11-03 02:42:20,223: umgr.scheduling.queue.bridge.0000.child: umgr.scheduling.queue.bridge.0000.child: MainThread     : DEBUG   : sent  1 [hwm: 1]
2017-11-03 02:42:20,334: umgr.scheduling.queue.bridge.0000.child: umgr.scheduling.queue.bridge.0000.child: MainThread     : DEBUG   : sent  1 [hwm: 1]
2017-11-03 02:42:21,601: umgr.scheduling.queue.bridge.0000.child: umgr.scheduling.queue.bridge.0000.child: MainThread     : DEBUG   : sent  1 [hwm: 1]
2017-11-03 02:42:24,498: umgr.scheduling.queue.bridge.0000.child: umgr.scheduling.queue.bridge.0000.child: MainThread     : DEBUG   : sent  1 [hwm: 1]
2017-11-03 02:42:24,616: umgr.scheduling.queue.bridge.0000.child: umgr.scheduling.queue.bridge.0000.child: MainThread     : DEBUG   : sent  1 [hwm: 1]
2017-11-03 02:42:28,669: umgr.scheduling.queue.bridge.0000.child: umgr.scheduling.queue.bridge.0000.child: MainThread     : DEBUG   : sent  1 [hwm: 1]
2017-11-03 02:42:39,738: umgr.scheduling.queue.bridge.0000.child: umgr.scheduling.queue.bridge.0000.child: MainThread     : DEBUG   : sent  1 [hwm: 1]
2017-11-03 02:43:04,759: umgr.scheduling.queue.bridge.0000.child: umgr.scheduling.queue.bridge.0000.child: MainThread     : WARNING : not alive anymore?
