2017-11-03 02:28:33,189: update.0.child      : update.0                        : MainThread     : INFO    : python.interpreter   version: 2.7.12 (default, Nov 19 2016, 06:48:10) [GCC 5.4.0 20160609]
2017-11-03 02:28:33,190: update.0.child      : update.0                        : MainThread     : INFO    :                      pid: 7006
2017-11-03 02:28:33,190: update.0.child      : update.0                        : MainThread     : INFO    :                      tid: MainThread
2017-11-03 02:28:33,190: update.0.child      : update.0                        : MainThread     : INFO    : radical.pilot        version: 0.47-v0.46.2-181-g138b1e15@HEAD-detached-at-origin-rc-v0.46.3
2017-11-03 02:28:33,304: update.0.child      : update.0                        : MainThread     : INFO    : initialize update.0.child
2017-11-03 02:28:33,308: update.0.child      : update.0                        : MainThread     : INFO    : cfg: {'agents': {},
 u'bridges': {u'control_pubsub': {'addr_in': 'tcp://138.201.86.166:42611',
                                  'addr_out': 'tcp://138.201.86.166:44666',
                                  u'bulk_size': 0,
                                  u'log_level': u'debug',
                                  u'stall_hwm': 1},
              u'log_pubsub': {'addr_in': 'tcp://138.201.86.166:42234',
                              'addr_out': 'tcp://138.201.86.166:35823',
                              u'bulk_size': 0,
                              u'log_level': u'debug',
                              u'stall_hwm': 1},
              u'state_pubsub': {'addr_in': 'tcp://138.201.86.166:39395',
                                'addr_out': 'tcp://138.201.86.166:44128',
                                u'bulk_size': 0,
                                u'log_level': u'debug',
                                u'stall_hwm': 1}},
 'cname': u'UpdateWorker',
 u'components': {},
 u'count': 1,
 'dburl': 'mongodb://jdakka:mongo@ds231715.mlab.com:31715/new_htbac',
 'debug': 'DEBUG',
 u'default_dburl': u'mongodb://rp:rp@ds015335.mlab.com:15335/rp',
 'logdir': '/home/jdakka/UCL/ties_null_workload/GB-SC18/scripts/ties/null_workload_8_replicas/rp.session.two.jdakka.017473.0002',
 'number': 0,
 'owner': 'rp.session.two.jdakka.017473.0002',
 'session_id': 'rp.session.two.jdakka.017473.0002'}
2017-11-03 02:28:33,308: update.0.child      : update.0                        : MainThread     : DEBUG   : start components: {}
2017-11-03 02:28:33,309: update.0.child      : update.0                        : MainThread     : DEBUG   : alive check in term
2017-11-03 02:28:33,309: update.0.child      : update.0                        : MainThread     : DEBUG   : START: update.0.child register publisher log_pubsub
2017-11-03 02:28:33,309: update.0.child      : update.0                        : MainThread     : DEBUG   : using addr tcp://138.201.86.166:42234 for pubsub log_pubsub
2017-11-03 02:28:33,313: update.0.child      : update.0                        : MainThread     : DEBUG   : registered publisher : log_pubsub : log.pubsub.pub.0000
2017-11-03 02:28:33,313: update.0.child      : update.0                        : MainThread     : DEBUG   : alive check in term
2017-11-03 02:28:33,314: update.0.child      : update.0                        : MainThread     : DEBUG   : START: update.0.child register publisher state_pubsub
2017-11-03 02:28:33,314: update.0.child      : update.0                        : MainThread     : DEBUG   : using addr tcp://138.201.86.166:39395 for pubsub state_pubsub
2017-11-03 02:28:33,317: update.0.child      : update.0                        : MainThread     : DEBUG   : registered publisher : state_pubsub : state.pubsub.pub.0000
2017-11-03 02:28:33,317: update.0.child      : update.0                        : MainThread     : DEBUG   : alive check in term
2017-11-03 02:28:33,317: update.0.child      : update.0                        : MainThread     : DEBUG   : START: update.0.child register publisher control_pubsub
2017-11-03 02:28:33,317: update.0.child      : update.0                        : MainThread     : DEBUG   : using addr tcp://138.201.86.166:42611 for pubsub control_pubsub
2017-11-03 02:28:33,335: update.0.child      : update.0                        : MainThread     : DEBUG   : registered publisher : control_pubsub : control.pubsub.pub.0000
2017-11-03 02:28:33,336: update.0.child      : update.0                        : MainThread     : DEBUG   : alive check in term
2017-11-03 02:28:33,336: update.0.child      : update.0                        : MainThread     : DEBUG   : START: update.0.child register subscriber update.0.child.subscriber._cancel_monitor_cb
2017-11-03 02:28:33,336: update.0.child      : update.0                        : MainThread     : DEBUG   : using addr tcp://138.201.86.166:44666 for pubsub control_pubsub
2017-11-03 02:28:33,340: update.0.child      : update.0                        : MainThread     : DEBUG   : parent name: update.0.child.subscriber._cancel_monitor_cb
2017-11-03 02:28:33,340: update.0.child      : update.0                        : MainThread     : DEBUG   : start thread
2017-11-03 02:28:33,340: update.0.child      : update.0                        : update.0.child.subscriber._cancel_monitor_cb: DEBUG   : child name: update.0.child.subscriber._cancel_monitor_cb.thread
2017-11-03 02:28:33,341: update.0.child      : update.0                        : update.0.child.subscriber._cancel_monitor_cb: INFO    : child (me) initializing
2017-11-03 02:28:33,341: update.0.child      : update.0                        : update.0.child.subscriber._cancel_monitor_cb: DEBUG   : ru_initialize_common (NOOP)
2017-11-03 02:28:33,341: update.0.child      : update.0                        : update.0.child.subscriber._cancel_monitor_cb: DEBUG   : ru_initialize_child (NOOP)
2017-11-03 02:28:33,341: update.0.child      : update.0                        : update.0.child.subscriber._cancel_monitor_cb: INFO    : send alive
2017-11-03 02:28:33,341: update.0.child      : update.0                        : update.0.child.subscriber._cancel_monitor_cb: INFO    : put message: [update.0.child.subscriber._cancel_monitor_cb.thread] alive
2017-11-03 02:28:33,342: update.0.child      : update.0                        : MainThread     : INFO    : get msg: alive
2017-11-03 02:28:33,342: update.0.child      : update.0                        : MainThread     : DEBUG   : ru_initialize_common (NOOP)
2017-11-03 02:28:33,342: update.0.child      : update.0                        : MainThread     : DEBUG   : ru_initialize_parent (NOOP)
2017-11-03 02:28:33,342: update.0.child      : update.0                        : MainThread     : DEBUG   : child thread update.0.child.subscriber._cancel_monitor_cb started
2017-11-03 02:28:33,343: update.0.child      : update.0                        : MainThread     : DEBUG   : update.0.child registered control_pubsub subscriber update.0.child.subscriber._cancel_monitor_cb
2017-11-03 02:28:33,867: update.0.child      : update.0                        : MainThread     : DEBUG   : alive check in term
2017-11-03 02:28:33,867: update.0.child      : update.0                        : MainThread     : DEBUG   : START: update.0.child register subscriber update.0.child.subscriber._state_cb
2017-11-03 02:28:33,867: update.0.child      : update.0                        : MainThread     : DEBUG   : using addr tcp://138.201.86.166:44128 for pubsub state_pubsub
2017-11-03 02:28:33,871: update.0.child      : update.0                        : MainThread     : DEBUG   : parent name: update.0.child.subscriber._state_cb
2017-11-03 02:28:33,871: update.0.child      : update.0                        : MainThread     : DEBUG   : start thread
2017-11-03 02:28:33,872: update.0.child      : update.0                        : update.0.child.subscriber._state_cb: DEBUG   : child name: update.0.child.subscriber._state_cb.thread
2017-11-03 02:28:33,872: update.0.child      : update.0                        : update.0.child.subscriber._state_cb: INFO    : child (me) initializing
2017-11-03 02:28:33,872: update.0.child      : update.0                        : update.0.child.subscriber._state_cb: DEBUG   : ru_initialize_common (NOOP)
2017-11-03 02:28:33,872: update.0.child      : update.0                        : update.0.child.subscriber._state_cb: DEBUG   : ru_initialize_child (NOOP)
2017-11-03 02:28:33,873: update.0.child      : update.0                        : update.0.child.subscriber._state_cb: INFO    : send alive
2017-11-03 02:28:33,873: update.0.child      : update.0                        : update.0.child.subscriber._state_cb: INFO    : put message: [update.0.child.subscriber._state_cb.thread] alive
2017-11-03 02:28:33,873: update.0.child      : update.0                        : MainThread     : INFO    : get msg: alive
2017-11-03 02:28:33,873: update.0.child      : update.0                        : MainThread     : DEBUG   : ru_initialize_common (NOOP)
2017-11-03 02:28:33,873: update.0.child      : update.0                        : MainThread     : DEBUG   : ru_initialize_parent (NOOP)
2017-11-03 02:28:33,874: update.0.child      : update.0                        : MainThread     : DEBUG   : child thread update.0.child.subscriber._state_cb started
2017-11-03 02:28:33,874: update.0.child      : update.0                        : MainThread     : DEBUG   : update.0.child registered state_pubsub subscriber update.0.child.subscriber._state_cb
2017-11-03 02:28:33,874: update.0.child      : update.0                        : MainThread     : DEBUG   : alive check in term
2017-11-03 02:28:33,874: update.0.child      : update.0                        : MainThread     : DEBUG   : START: update.0.child register idler update.0.child.idler._idle_cb
2017-11-03 02:28:33,874: update.0.child      : update.0                        : MainThread     : DEBUG   : parent name: update.0.child.idler._idle_cb
2017-11-03 02:28:33,875: update.0.child      : update.0                        : MainThread     : DEBUG   : start thread
2017-11-03 02:28:33,875: update.0.child      : update.0                        : update.0.child.idler._idle_cb: DEBUG   : child name: update.0.child.idler._idle_cb.thread
2017-11-03 02:28:33,875: update.0.child      : update.0                        : update.0.child.idler._idle_cb: INFO    : child (me) initializing
2017-11-03 02:28:33,875: update.0.child      : update.0                        : update.0.child.idler._idle_cb: DEBUG   : ru_initialize_common (NOOP)
2017-11-03 02:28:33,876: update.0.child      : update.0                        : update.0.child.idler._idle_cb: DEBUG   : ru_initialize_child (NOOP)
2017-11-03 02:28:33,876: update.0.child      : update.0                        : update.0.child.idler._idle_cb: INFO    : send alive
2017-11-03 02:28:33,876: update.0.child      : update.0                        : update.0.child.idler._idle_cb: INFO    : put message: [update.0.child.idler._idle_cb.thread] alive
2017-11-03 02:28:33,877: update.0.child      : update.0                        : MainThread     : INFO    : get msg: alive
2017-11-03 02:28:33,877: update.0.child      : update.0                        : MainThread     : DEBUG   : ru_initialize_common (NOOP)
2017-11-03 02:28:33,877: update.0.child      : update.0                        : MainThread     : DEBUG   : ru_initialize_parent (NOOP)
2017-11-03 02:28:33,877: update.0.child      : update.0                        : MainThread     : DEBUG   : child thread update.0.child.idler._idle_cb started
2017-11-03 02:28:33,877: update.0.child      : update.0                        : MainThread     : DEBUG   : update.0.child registered idler update.0.child.idler._idle_cb
2017-11-03 02:28:33,878: update.0.child      : update.0                        : MainThread     : INFO    : child (me) initializing
2017-11-03 02:28:33,878: update.0.child      : update.0                        : MainThread     : DEBUG   : parent name: update.0.child.watch
2017-11-03 02:28:33,878: update.0.child      : update.0                        : MainThread     : DEBUG   : start thread
2017-11-03 02:28:33,879: update.0.child      : update.0                        : update.0.child.watch: DEBUG   : child name: update.0.child.watch.thread
2017-11-03 02:28:33,880: update.0.child      : update.0                        : update.0.child.watch: INFO    : child (me) initializing
2017-11-03 02:28:33,880: update.0.child      : update.0                        : update.0.child.watch: DEBUG   : ru_initialize_common (NOOP)
2017-11-03 02:28:33,880: update.0.child      : update.0                        : update.0.child.watch: DEBUG   : ru_initialize_child (NOOP)
2017-11-03 02:28:33,880: update.0.child      : update.0                        : update.0.child.watch: INFO    : send alive
2017-11-03 02:28:33,880: update.0.child      : update.0                        : update.0.child.watch: INFO    : put message: [update.0.child.watch.thread] alive
2017-11-03 02:28:33,881: update.0.child      : update.0                        : MainThread     : INFO    : get msg: alive
2017-11-03 02:28:33,881: update.0.child      : update.0                        : MainThread     : DEBUG   : ru_initialize_common (NOOP)
2017-11-03 02:28:33,881: update.0.child      : update.0                        : MainThread     : DEBUG   : ru_initialize_parent (NOOP)
2017-11-03 02:28:33,882: update.0.child      : update.0                        : MainThread     : DEBUG   : child thread update.0.child.watch started
2017-11-03 02:28:33,882: update.0.child      : update.0                        : MainThread     : INFO    : child (me) is alive
2017-11-03 02:28:33,882: update.0.child      : update.0                        : MainThread     : INFO    : send alive
2017-11-03 02:28:33,882: update.0.child      : update.0                        : MainThread     : INFO    : send message: [update.0.child] alive
2017-11-03 02:28:42,823: update.0.child      : update.0                        : update.0.child.subscriber._state_cb: DEBUG   : bulk update result: {'nModified': 1, 'nUpserted': 0, 'nMatched': 1, 'writeErrors': [], 'upserted': [], 'writeConcernErrors': [], 'nRemoved': 0, 'nInserted': 0}
2017-11-03 02:28:44,002: update.0.child      : update.0                        : update.0.child.idler._idle_cb: DEBUG   : bulk update result: {'nModified': 1, 'nUpserted': 0, 'nMatched': 1, 'writeErrors': [], 'upserted': [], 'writeConcernErrors': [], 'nRemoved': 0, 'nInserted': 0}
2017-11-03 02:29:09,710: update.0.child      : update.0                        : update.0.child.subscriber._state_cb: DEBUG   : bulk update result: {'nModified': 1, 'nUpserted': 0, 'nMatched': 1, 'writeErrors': [], 'upserted': [], 'writeConcernErrors': [], 'nRemoved': 0, 'nInserted': 0}
2017-11-03 02:41:52,186: update.0.child      : update.0                        : update.0.child.subscriber._state_cb: DEBUG   : bulk update result: {'nModified': 1, 'nUpserted': 0, 'nMatched': 1, 'writeErrors': [], 'upserted': [], 'writeConcernErrors': [], 'nRemoved': 0, 'nInserted': 0}
2017-11-03 02:41:53,381: update.0.child      : update.0                        : update.0.child.subscriber._cancel_monitor_cb: DEBUG   : command ignored: add_pilots
2017-11-03 02:41:53,591: update.0.child      : update.0                        : update.0.child.subscriber._state_cb: DEBUG   : bulk update result: {'nModified': 1, 'nUpserted': 0, 'nMatched': 1, 'writeErrors': [], 'upserted': [], 'writeConcernErrors': [], 'nRemoved': 0, 'nInserted': 0}
2017-11-03 02:41:55,041: update.0.child      : update.0                        : update.0.child.idler._idle_cb: DEBUG   : bulk update result: {'nModified': 39, 'nUpserted': 0, 'nMatched': 39, 'writeErrors': [], 'upserted': [], 'writeConcernErrors': [], 'nRemoved': 0, 'nInserted': 0}
2017-11-03 02:42:02,049: update.0.child      : update.0                        : update.0.child.subscriber._state_cb: DEBUG   : bulk update result: {'nModified': 4, 'nUpserted': 0, 'nMatched': 4, 'writeErrors': [], 'upserted': [], 'writeConcernErrors': [], 'nRemoved': 0, 'nInserted': 0}
2017-11-03 02:42:03,258: update.0.child      : update.0                        : update.0.child.idler._idle_cb: DEBUG   : bulk update result: {'nModified': 28, 'nUpserted': 0, 'nMatched': 28, 'writeErrors': [], 'upserted': [], 'writeConcernErrors': [], 'nRemoved': 0, 'nInserted': 0}
2017-11-03 02:42:04,470: update.0.child      : update.0                        : update.0.child.subscriber._state_cb: DEBUG   : bulk update result: {'nModified': 4, 'nUpserted': 0, 'nMatched': 4, 'writeErrors': [], 'upserted': [], 'writeConcernErrors': [], 'nRemoved': 0, 'nInserted': 0}
2017-11-03 02:42:06,468: update.0.child      : update.0                        : update.0.child.idler._idle_cb: DEBUG   : bulk update result: {'nModified': 28, 'nUpserted': 0, 'nMatched': 28, 'writeErrors': [], 'upserted': [], 'writeConcernErrors': [], 'nRemoved': 0, 'nInserted': 0}
2017-11-03 02:42:09,579: update.0.child      : update.0                        : update.0.child.subscriber._state_cb: DEBUG   : bulk update result: {'nModified': 2, 'nUpserted': 0, 'nMatched': 2, 'writeErrors': [], 'upserted': [], 'writeConcernErrors': [], 'nRemoved': 0, 'nInserted': 0}
2017-11-03 02:42:11,578: update.0.child      : update.0                        : update.0.child.idler._idle_cb: DEBUG   : bulk update result: {'nModified': 14, 'nUpserted': 0, 'nMatched': 14, 'writeErrors': [], 'upserted': [], 'writeConcernErrors': [], 'nRemoved': 0, 'nInserted': 0}
2017-11-03 02:42:13,430: update.0.child      : update.0                        : update.0.child.subscriber._state_cb: DEBUG   : bulk update result: {'nModified': 3, 'nUpserted': 0, 'nMatched': 3, 'writeErrors': [], 'upserted': [], 'writeConcernErrors': [], 'nRemoved': 0, 'nInserted': 0}
2017-11-03 02:42:14,687: update.0.child      : update.0                        : update.0.child.idler._idle_cb: DEBUG   : bulk update result: {'nModified': 21, 'nUpserted': 0, 'nMatched': 21, 'writeErrors': [], 'upserted': [], 'writeConcernErrors': [], 'nRemoved': 0, 'nInserted': 0}
2017-11-03 02:42:17,417: update.0.child      : update.0                        : update.0.child.subscriber._state_cb: DEBUG   : bulk update result: {'nModified': 3, 'nUpserted': 0, 'nMatched': 3, 'writeErrors': [], 'upserted': [], 'writeConcernErrors': [], 'nRemoved': 0, 'nInserted': 0}
2017-11-03 02:42:18,797: update.0.child      : update.0                        : update.0.child.idler._idle_cb: DEBUG   : bulk update result: {'nModified': 21, 'nUpserted': 0, 'nMatched': 21, 'writeErrors': [], 'upserted': [], 'writeConcernErrors': [], 'nRemoved': 0, 'nInserted': 0}
2017-11-03 02:42:19,900: update.0.child      : update.0                        : update.0.child.idler._idle_cb: DEBUG   : bulk update result: {'nModified': 8, 'nUpserted': 0, 'nMatched': 8, 'writeErrors': [], 'upserted': [], 'writeConcernErrors': [], 'nRemoved': 0, 'nInserted': 0}
2017-11-03 02:42:21,005: update.0.child      : update.0                        : update.0.child.idler._idle_cb: DEBUG   : bulk update result: {'nModified': 16, 'nUpserted': 0, 'nMatched': 16, 'writeErrors': [], 'upserted': [], 'writeConcernErrors': [], 'nRemoved': 0, 'nInserted': 0}
2017-11-03 02:42:22,108: update.0.child      : update.0                        : update.0.child.idler._idle_cb: DEBUG   : bulk update result: {'nModified': 8, 'nUpserted': 0, 'nMatched': 8, 'writeErrors': [], 'upserted': [], 'writeConcernErrors': [], 'nRemoved': 0, 'nInserted': 0}
2017-11-03 02:42:24,377: update.0.child      : update.0                        : update.0.child.subscriber._state_cb: DEBUG   : bulk update result: {'nModified': 3, 'nUpserted': 0, 'nMatched': 3, 'writeErrors': [], 'upserted': [], 'writeConcernErrors': [], 'nRemoved': 0, 'nInserted': 0}
2017-11-03 02:42:25,689: update.0.child      : update.0                        : update.0.child.subscriber._state_cb: DEBUG   : bulk update result: {'nModified': 17, 'nUpserted': 0, 'nMatched': 17, 'writeErrors': [], 'upserted': [], 'writeConcernErrors': [], 'nRemoved': 0, 'nInserted': 0}
2017-11-03 02:42:27,072: update.0.child      : update.0                        : update.0.child.subscriber._state_cb: DEBUG   : bulk update result: {'nModified': 3, 'nUpserted': 0, 'nMatched': 3, 'writeErrors': [], 'upserted': [], 'writeConcernErrors': [], 'nRemoved': 0, 'nInserted': 0}
2017-11-03 02:42:28,216: update.0.child      : update.0                        : update.0.child.idler._idle_cb: DEBUG   : bulk update result: {'nModified': 2, 'nUpserted': 0, 'nMatched': 2, 'writeErrors': [], 'upserted': [], 'writeConcernErrors': [], 'nRemoved': 0, 'nInserted': 0}
2017-11-03 02:42:29,319: update.0.child      : update.0                        : update.0.child.idler._idle_cb: DEBUG   : bulk update result: {'nModified': 11, 'nUpserted': 0, 'nMatched': 11, 'writeErrors': [], 'upserted': [], 'writeConcernErrors': [], 'nRemoved': 0, 'nInserted': 0}
2017-11-03 02:42:31,334: update.0.child      : update.0                        : update.0.child.subscriber._state_cb: DEBUG   : bulk update result: {'nModified': 1, 'nUpserted': 0, 'nMatched': 1, 'writeErrors': [], 'upserted': [], 'writeConcernErrors': [], 'nRemoved': 0, 'nInserted': 0}
2017-11-03 02:42:32,469: update.0.child      : update.0                        : update.0.child.idler._idle_cb: DEBUG   : bulk update result: {'nModified': 2, 'nUpserted': 0, 'nMatched': 2, 'writeErrors': [], 'upserted': [], 'writeConcernErrors': [], 'nRemoved': 0, 'nInserted': 0}
2017-11-03 02:42:33,571: update.0.child      : update.0                        : update.0.child.idler._idle_cb: DEBUG   : bulk update result: {'nModified': 3, 'nUpserted': 0, 'nMatched': 3, 'writeErrors': [], 'upserted': [], 'writeConcernErrors': [], 'nRemoved': 0, 'nInserted': 0}
2017-11-03 02:42:35,634: update.0.child      : update.0                        : update.0.child.subscriber._state_cb: DEBUG   : bulk update result: {'nModified': 1, 'nUpserted': 0, 'nMatched': 1, 'writeErrors': [], 'upserted': [], 'writeConcernErrors': [], 'nRemoved': 0, 'nInserted': 0}
2017-11-03 02:42:36,736: update.0.child      : update.0                        : update.0.child.idler._idle_cb: DEBUG   : bulk update result: {'nModified': 2, 'nUpserted': 0, 'nMatched': 2, 'writeErrors': [], 'upserted': [], 'writeConcernErrors': [], 'nRemoved': 0, 'nInserted': 0}
2017-11-03 02:42:39,700: update.0.child      : update.0                        : update.0.child.subscriber._state_cb: DEBUG   : bulk update result: {'nModified': 1, 'nUpserted': 0, 'nMatched': 1, 'writeErrors': [], 'upserted': [], 'writeConcernErrors': [], 'nRemoved': 0, 'nInserted': 0}
2017-11-03 02:42:40,842: update.0.child      : update.0                        : update.0.child.idler._idle_cb: DEBUG   : bulk update result: {'nModified': 7, 'nUpserted': 0, 'nMatched': 7, 'writeErrors': [], 'upserted': [], 'writeConcernErrors': [], 'nRemoved': 0, 'nInserted': 0}
2017-11-03 02:42:46,755: update.0.child      : update.0                        : update.0.child.subscriber._state_cb: DEBUG   : bulk update result: {'nModified': 1, 'nUpserted': 0, 'nMatched': 1, 'writeErrors': [], 'upserted': [], 'writeConcernErrors': [], 'nRemoved': 0, 'nInserted': 0}
2017-11-03 02:42:47,952: update.0.child      : update.0                        : update.0.child.idler._idle_cb: DEBUG   : bulk update result: {'nModified': 2, 'nUpserted': 0, 'nMatched': 2, 'writeErrors': [], 'upserted': [], 'writeConcernErrors': [], 'nRemoved': 0, 'nInserted': 0}
2017-11-03 02:43:02,917: update.0.child      : update.0                        : update.0.child.subscriber._cancel_monitor_cb: DEBUG   : command ignored: cancel_pilots
2017-11-03 02:43:10,908: update.0.child      : update.0                        : update.0.child.subscriber._state_cb: DEBUG   : bulk update result: {'nModified': 1, 'nUpserted': 0, 'nMatched': 1, 'writeErrors': [], 'upserted': [], 'writeConcernErrors': [], 'nRemoved': 0, 'nInserted': 0}
2017-11-03 02:43:10,908: update.0.child      : update.0                        : update.0.child.subscriber._cancel_monitor_cb: DEBUG   : command ignored: cancel_pilots
2017-11-03 02:43:13,694: update.0.child      : update.0                        : update.0.child.watch: INFO    : recv message: STOP
2017-11-03 02:43:13,695: update.0.child      : update.0                        : update.0.child.watch: INFO    : message received: STOP
2017-11-03 02:43:13,695: update.0.child      : update.0                        : update.0.child.watch: INFO    : STOP received: STOP
2017-11-03 02:43:13,695: update.0.child      : update.0                        : update.0.child.watch: INFO    : watcher closes
2017-11-03 02:43:13,695: update.0.child      : update.0                        : update.0.child.watch: INFO    : put message: [update.0.child.watch.thread] work finished
2017-11-03 02:43:13,695: update.0.child      : update.0                        : update.0.child.watch: DEBUG   : ru_finalize_child (NOOP)
2017-11-03 02:43:13,696: update.0.child      : update.0                        : update.0.child.watch: DEBUG   : ru_finalize_common (NOOP)
2017-11-03 02:43:13,696: update.0.child      : update.0                        : update.0.child.watch: INFO    : put message: [update.0.child.watch.thread] terminating
2017-11-03 02:43:13,764: update.0.child      : update.0                        : MainThread     : WARNING : alive check: proc invalid - stop [False - True]
2017-11-03 02:43:13,821: update.0.child      : update.0                        : MainThread     : INFO    : stop update.0.child (7006 : 7006 : MainThread) [radical.pilot.worker.update.Update.stop]
2017-11-03 02:43:13,861: update.0.child      : update.0                        : MainThread     : INFO    : parent stops child  7006 -> 7006 [update.0.child]
2017-11-03 02:43:13,861: update.0.child      : update.0                        : MainThread     : INFO    : send message: [update.0.child] STOP
2017-11-03 02:43:13,861: update.0.child      : update.0                        : MainThread     : WARNING : send failed ([Errno 9] Bad file descriptor) - terminate
2017-11-03 02:43:13,861: update.0.child      : update.0                        : MainThread     : DEBUG   : TERM : update.0.child unregister idler update.0.child.idler._idle_cb
2017-11-03 02:43:13,861: update.0.child      : update.0                        : MainThread     : INFO    : parent stops child
2017-11-03 02:43:13,861: update.0.child      : update.0                        : MainThread     : DEBUG   : ru_finalize_parent (NOOP)
2017-11-03 02:43:13,861: update.0.child      : update.0                        : MainThread     : DEBUG   : ru_finalize_common (NOOP)
2017-11-03 02:43:13,915: update.0.child      : update.0                        : update.0.child.idler._idle_cb: DEBUG   : ru_finalize_child (NOOP)
2017-11-03 02:43:13,916: update.0.child      : update.0                        : update.0.child.idler._idle_cb: DEBUG   : ru_finalize_common (NOOP)
2017-11-03 02:43:13,916: update.0.child      : update.0                        : update.0.child.idler._idle_cb: INFO    : put message: [update.0.child.idler._idle_cb.thread] terminating
2017-11-03 02:43:13,925: update.0.child      : update.0                        : MainThread     : DEBUG   : TERM : update.0.child unregistered idler update.0.child.idler._idle_cb
2017-11-03 02:43:13,925: update.0.child      : update.0                        : MainThread     : DEBUG   : TERM : update.0.child unregister subscriber update.0.child.subscriber._state_cb
2017-11-03 02:43:13,926: update.0.child      : update.0                        : MainThread     : DEBUG   : unregistered subscriber update.0.child.subscriber._state_cb
2017-11-03 02:43:13,926: update.0.child      : update.0                        : MainThread     : DEBUG   : ru_finalize_common()
2017-11-03 02:43:13,926: update.0.child      : update.0                        : MainThread     : DEBUG   : TERM : update.0.child unregister publisher log_pubsub
2017-11-03 02:43:13,927: update.0.child      : update.0                        : MainThread     : DEBUG   : unregistered publisher log_pubsub
2017-11-03 02:43:13,927: update.0.child      : update.0                        : MainThread     : DEBUG   : TERM : update.0.child unregister publisher state_pubsub
2017-11-03 02:43:13,928: update.0.child      : update.0                        : MainThread     : DEBUG   : unregistered publisher state_pubsub
2017-11-03 02:43:13,928: update.0.child      : update.0                        : MainThread     : DEBUG   : TERM : update.0.child unregister publisher control_pubsub
2017-11-03 02:43:13,929: update.0.child      : update.0                        : MainThread     : DEBUG   : unregistered publisher control_pubsub
2017-11-03 02:43:13,929: update.0.child      : update.0                        : MainThread     : DEBUG   : update.0.child close prof
2017-11-03 02:43:13,961: update.0.child      : update.0                        : MainThread     : INFO    : parent stops child
2017-11-03 02:43:13,961: update.0.child      : update.0                        : MainThread     : DEBUG   : ru_finalize_parent (NOOP)
2017-11-03 02:43:13,961: update.0.child      : update.0                        : MainThread     : DEBUG   : ru_finalize_common (NOOP)
2017-11-03 02:43:13,961: update.0.child      : update.0                        : MainThread     : INFO    : parent stops child
2017-11-03 02:43:13,961: update.0.child      : update.0                        : MainThread     : DEBUG   : ru_finalize_parent (NOOP)
2017-11-03 02:43:13,962: update.0.child      : update.0                        : update.0.child.subscriber._cancel_monitor_cb: DEBUG   : ru_finalize_child (NOOP)
2017-11-03 02:43:13,962: update.0.child      : update.0                        : update.0.child.subscriber._cancel_monitor_cb: INFO    : put message: [update.0.child.subscriber._cancel_monitor_cb.thread] terminating
2017-11-03 02:43:13,963: update.0.child      : update.0                        : MainThread     : INFO    : parent stops child
2017-11-03 02:43:13,963: update.0.child      : update.0                        : MainThread     : DEBUG   : ru_finalize_parent (NOOP)
2017-11-03 02:43:13,964: update.0.child      : update.0                        : update.0.child.subscriber._state_cb: DEBUG   : ru_finalize_child (NOOP)
2017-11-03 02:43:13,964: update.0.child      : update.0                        : update.0.child.subscriber._state_cb: INFO    : put message: [update.0.child.subscriber._state_cb.thread] terminating
2017-11-03 02:43:13,965: update.0.child      : update.0                        : MainThread     : INFO    : parent stops child
2017-11-03 02:43:13,965: update.0.child      : update.0                        : MainThread     : WARNING : super update.0.child is invalid
2017-11-03 02:43:13,965: update.0.child      : update.0                        : MainThread     : WARNING : component update.0.child is invalid
2017-11-03 02:43:13,966: update.0.child      : update.0                        : MainThread     : INFO    : stop update.0.child (7006 : 7006 : MainThread) [radical.pilot.worker.update.Update.stop]
2017-11-03 02:43:13,966: update.0.child      : update.0                        : MainThread     : DEBUG   : TERM : update.0.child unregister idler update.0.child.idler._idle_cb
2017-11-03 02:43:13,967: update.0.child      : update.0                        : MainThread     : WARNING : timed cb update.0.child.idler._idle_cb is not registered
2017-11-03 02:43:13,967: update.0.child      : update.0                        : MainThread     : DEBUG   : TERM : update.0.child unregister subscriber update.0.child.subscriber._state_cb
2017-11-03 02:43:13,967: update.0.child      : update.0                        : MainThread     : WARNING : subscriber _state_cb is not registered
2017-11-03 02:43:13,967: update.0.child      : update.0                        : MainThread     : DEBUG   : ru_finalize_common()
2017-11-03 02:43:13,967: update.0.child      : update.0                        : MainThread     : WARNING : publisher log_pubsub is not registered
2017-11-03 02:43:13,967: update.0.child      : update.0                        : MainThread     : WARNING : publisher state_pubsub is not registered
2017-11-03 02:43:13,967: update.0.child      : update.0                        : MainThread     : WARNING : publisher control_pubsub is not registered
2017-11-03 02:43:13,967: update.0.child      : update.0                        : MainThread     : DEBUG   : update.0.child close prof
2017-11-03 02:43:13,967: update.0.child      : update.0                        : MainThread     : INFO    : send message: [update.0.child] terminating
2017-11-03 02:43:13,967: update.0.child      : update.0                        : MainThread     : WARNING : send failed ([Errno 9] Bad file descriptor) - terminate
2017-11-03 02:43:13,967: update.0.child      : update.0                        : MainThread     : INFO    : parent stops child
2017-11-03 02:43:13,967: update.0.child      : update.0                        : MainThread     : INFO    : parent stops child
2017-11-03 02:43:13,967: update.0.child      : update.0                        : MainThread     : INFO    : parent stops child
