2017-11-03 19:06:33,381: control.pubsub.sub.0000: update.0                        : MainThread     : INFO    : python.interpreter   version: 2.7.12 (default, Nov 19 2016, 06:48:10) [GCC 5.4.0 20160609]
2017-11-03 19:06:33,381: control.pubsub.sub.0000: update.0                        : MainThread     : INFO    :                      pid: 12719
2017-11-03 19:06:33,382: control.pubsub.sub.0000: update.0                        : MainThread     : INFO    :                      tid: MainThread
2017-11-03 19:06:33,382: control.pubsub.sub.0000: update.0                        : MainThread     : INFO    : radical.pilot        version: 0.47-v0.46.2-181-g138b1e15@HEAD-detached-at-origin-rc-v0.46.3
2017-11-03 19:06:33,382: control.pubsub.sub.0000: update.0                        : MainThread     : INFO    : create control_pubsub - sub - tcp://138.201.86.166:35215
2017-11-03 19:06:33,383: control.pubsub.sub.0000: update.0                        : MainThread     : DEBUG   : start process
2017-11-03 19:06:33,383: control.pubsub.sub.0000: update.0                        : MainThread     : DEBUG   : ru_initialize_common (NOOP)
2017-11-03 19:06:33,383: control.pubsub.sub.0000: update.0                        : MainThread     : DEBUG   : ru_initialize_parent (NOOP)
2017-11-03 19:06:33,383: control.pubsub.sub.0000: update.0                        : MainThread     : DEBUG   : process class started (no child)
2017-11-03 19:06:34,102: control.pubsub.sub.0000: pmgr.0000.launching.0           : MainThread     : INFO    : python.interpreter   version: 2.7.12 (default, Nov 19 2016, 06:48:10) [GCC 5.4.0 20160609]
2017-11-03 19:06:34,103: control.pubsub.sub.0000: pmgr.0000.launching.0           : MainThread     : INFO    :                      pid: 12759
2017-11-03 19:06:34,103: control.pubsub.sub.0000: pmgr.0000.launching.0           : MainThread     : INFO    :                      tid: MainThread
2017-11-03 19:06:34,103: control.pubsub.sub.0000: pmgr.0000.launching.0           : MainThread     : INFO    : radical.pilot        version: 0.47-v0.46.2-181-g138b1e15@HEAD-detached-at-origin-rc-v0.46.3
2017-11-03 19:06:34,103: control.pubsub.sub.0000: pmgr.0000.launching.0           : MainThread     : INFO    : create control_pubsub - sub - tcp://138.201.86.166:35215
2017-11-03 19:06:34,122: control.pubsub.sub.0000: pmgr.0000.launching.0           : MainThread     : DEBUG   : start process
2017-11-03 19:06:34,123: control.pubsub.sub.0000: pmgr.0000.launching.0           : MainThread     : DEBUG   : ru_initialize_common (NOOP)
2017-11-03 19:06:34,123: control.pubsub.sub.0000: pmgr.0000.launching.0           : MainThread     : DEBUG   : ru_initialize_parent (NOOP)
2017-11-03 19:06:34,123: control.pubsub.sub.0000: pmgr.0000.launching.0           : MainThread     : DEBUG   : process class started (no child)
2017-11-03 19:17:17,343: control.pubsub.sub.0000: umgr.0000.staging.input.0       : MainThread     : INFO    : python.interpreter   version: 2.7.12 (default, Nov 19 2016, 06:48:10) [GCC 5.4.0 20160609]
2017-11-03 19:17:17,343: control.pubsub.sub.0000: umgr.0000.staging.input.0       : MainThread     : INFO    :                      pid: 26964
2017-11-03 19:17:17,343: control.pubsub.sub.0000: umgr.0000.staging.input.0       : MainThread     : INFO    :                      tid: MainThread
2017-11-03 19:17:17,343: control.pubsub.sub.0000: umgr.0000.staging.input.0       : MainThread     : INFO    : radical.pilot        version: 0.47-v0.46.2-181-g138b1e15@HEAD-detached-at-origin-rc-v0.46.3
2017-11-03 19:17:17,343: control.pubsub.sub.0000: umgr.0000.staging.input.0       : MainThread     : INFO    : create control_pubsub - sub - tcp://138.201.86.166:35215
2017-11-03 19:17:17,358: control.pubsub.sub.0000: umgr.0000.staging.input.0       : MainThread     : DEBUG   : start process
2017-11-03 19:17:17,358: control.pubsub.sub.0000: umgr.0000.staging.input.0       : MainThread     : DEBUG   : ru_initialize_common (NOOP)
2017-11-03 19:17:17,359: control.pubsub.sub.0000: umgr.0000.staging.input.0       : MainThread     : DEBUG   : ru_initialize_parent (NOOP)
2017-11-03 19:17:17,359: control.pubsub.sub.0000: umgr.0000.staging.input.0       : MainThread     : DEBUG   : process class started (no child)
2017-11-03 19:17:17,439: control.pubsub.sub.0000: umgr.0000.staging.output.0      : MainThread     : INFO    : python.interpreter   version: 2.7.12 (default, Nov 19 2016, 06:48:10) [GCC 5.4.0 20160609]
2017-11-03 19:17:17,439: control.pubsub.sub.0000: umgr.0000.staging.output.0      : MainThread     : INFO    :                      pid: 26991
2017-11-03 19:17:17,439: control.pubsub.sub.0000: umgr.0000.staging.output.0      : MainThread     : INFO    :                      tid: MainThread
2017-11-03 19:17:17,439: control.pubsub.sub.0000: umgr.0000.staging.output.0      : MainThread     : INFO    : radical.pilot        version: 0.47-v0.46.2-181-g138b1e15@HEAD-detached-at-origin-rc-v0.46.3
2017-11-03 19:17:17,439: control.pubsub.sub.0000: umgr.0000.staging.output.0      : MainThread     : INFO    : create control_pubsub - sub - tcp://138.201.86.166:35215
2017-11-03 19:17:17,440: control.pubsub.sub.0000: umgr.0000.staging.output.0      : MainThread     : DEBUG   : start process
2017-11-03 19:17:17,440: control.pubsub.sub.0000: umgr.0000.staging.output.0      : MainThread     : DEBUG   : ru_initialize_common (NOOP)
2017-11-03 19:17:17,440: control.pubsub.sub.0000: umgr.0000.staging.output.0      : MainThread     : DEBUG   : ru_initialize_parent (NOOP)
2017-11-03 19:17:17,440: control.pubsub.sub.0000: umgr.0000.staging.output.0      : MainThread     : DEBUG   : process class started (no child)
2017-11-03 19:17:17,538: control.pubsub.sub.0000: umgr.0000.scheduling.0          : MainThread     : INFO    : python.interpreter   version: 2.7.12 (default, Nov 19 2016, 06:48:10) [GCC 5.4.0 20160609]
2017-11-03 19:17:17,538: control.pubsub.sub.0000: umgr.0000.scheduling.0          : MainThread     : INFO    :                      pid: 27024
2017-11-03 19:17:17,538: control.pubsub.sub.0000: umgr.0000.scheduling.0          : MainThread     : INFO    :                      tid: MainThread
2017-11-03 19:17:17,538: control.pubsub.sub.0000: umgr.0000.scheduling.0          : MainThread     : INFO    : radical.pilot        version: 0.47-v0.46.2-181-g138b1e15@HEAD-detached-at-origin-rc-v0.46.3
2017-11-03 19:17:17,538: control.pubsub.sub.0000: umgr.0000.scheduling.0          : MainThread     : INFO    : create control_pubsub - sub - tcp://138.201.86.166:35215
2017-11-03 19:17:17,539: control.pubsub.sub.0000: umgr.0000.scheduling.0          : MainThread     : DEBUG   : start process
2017-11-03 19:17:17,539: control.pubsub.sub.0000: umgr.0000.scheduling.0          : MainThread     : DEBUG   : ru_initialize_common (NOOP)
2017-11-03 19:17:17,539: control.pubsub.sub.0000: umgr.0000.scheduling.0          : MainThread     : DEBUG   : ru_initialize_parent (NOOP)
2017-11-03 19:17:17,539: control.pubsub.sub.0000: umgr.0000.scheduling.0          : MainThread     : DEBUG   : process class started (no child)
2017-11-03 19:18:37,312: control.pubsub.sub.0000: umgr.0000.scheduling.0          : MainThread     : INFO    : parent stops child  27024 -> None [control.pubsub.sub.0000]
2017-11-03 19:18:37,312: control.pubsub.sub.0000: umgr.0000.scheduling.0          : MainThread     : DEBUG   : ru_finalize_parent (NOOP)
2017-11-03 19:18:37,852: control.pubsub.sub.0000: umgr.0000.staging.output.0      : MainThread     : INFO    : parent stops child  26991 -> None [control.pubsub.sub.0000]
2017-11-03 19:18:37,852: control.pubsub.sub.0000: umgr.0000.staging.output.0      : MainThread     : DEBUG   : ru_finalize_parent (NOOP)
2017-11-03 19:18:40,346: control.pubsub.sub.0000: umgr.0000.staging.input.0       : MainThread     : INFO    : parent stops child  26964 -> None [control.pubsub.sub.0000]
2017-11-03 19:18:40,346: control.pubsub.sub.0000: umgr.0000.staging.input.0       : MainThread     : DEBUG   : ru_finalize_parent (NOOP)
2017-11-03 19:18:51,481: control.pubsub.sub.0000: update.0                        : MainThread     : INFO    : parent stops child  12719 -> None [control.pubsub.sub.0000]
2017-11-03 19:18:51,482: control.pubsub.sub.0000: update.0                        : MainThread     : DEBUG   : ru_finalize_parent (NOOP)
