2017-11-03 19:06:32,031: rp.session.two.jdakka.017473.0004: MainProcess                     : MainThread     : INFO    : python.interpreter   version: 2.7.12 (default, Nov 19 2016, 06:48:10) [GCC 5.4.0 20160609]
2017-11-03 19:06:32,031: rp.session.two.jdakka.017473.0004: MainProcess                     : MainThread     : INFO    :                      pid: 12647
2017-11-03 19:06:32,031: rp.session.two.jdakka.017473.0004: MainProcess                     : MainThread     : INFO    :                      tid: MainThread
2017-11-03 19:06:32,031: rp.session.two.jdakka.017473.0004: MainProcess                     : MainThread     : INFO    : radical.pilot        version: 0.47-v0.46.2-181-g138b1e15@HEAD-detached-at-origin-rc-v0.46.3
2017-11-03 19:06:32,031: rp.session.two.jdakka.017473.0004: MainProcess                     : MainThread     : INFO    : using database mongodb://jdakka:mongo@ds231715.mlab.com:31715/new_htbac
2017-11-03 19:06:32,033: rp.session.two.jdakka.017473.0004: MainProcess                     : MainThread     : INFO    : Load resource configurations from /home/jdakka/UCL/ties_null_workload/venv/local/lib/python2.7/site-packages/radical/pilot/configs/resource_fub.json
2017-11-03 19:06:32,034: rp.session.two.jdakka.017473.0004: MainProcess                     : MainThread     : INFO    : Load resource configurations for fub.allegro_rsh
2017-11-03 19:06:32,034: rp.session.two.jdakka.017473.0004: MainProcess                     : MainThread     : INFO    : Load resource configurations from /home/jdakka/UCL/ties_null_workload/venv/local/lib/python2.7/site-packages/radical/pilot/configs/resource_yale.json
2017-11-03 19:06:32,035: rp.session.two.jdakka.017473.0004: MainProcess                     : MainThread     : INFO    : Load resource configurations for yale.grace_ssh
2017-11-03 19:06:32,036: rp.session.two.jdakka.017473.0004: MainProcess                     : MainThread     : INFO    : Load resource configurations from /home/jdakka/UCL/ties_null_workload/venv/local/lib/python2.7/site-packages/radical/pilot/configs/resource_stfc.json
2017-11-03 19:06:32,036: rp.session.two.jdakka.017473.0004: MainProcess                     : MainThread     : INFO    : Load resource configurations for stfc.joule_runjob
2017-11-03 19:06:32,037: rp.session.two.jdakka.017473.0004: MainProcess                     : MainThread     : INFO    : Load resource configurations from /home/jdakka/UCL/ties_null_workload/venv/local/lib/python2.7/site-packages/radical/pilot/configs/resource_osg.json
2017-11-03 19:06:32,038: rp.session.two.jdakka.017473.0004: MainProcess                     : MainThread     : INFO    : Load resource configurations for osg.xsede-virt-clust
2017-11-03 19:06:32,039: rp.session.two.jdakka.017473.0004: MainProcess                     : MainThread     : INFO    : Load resource configurations for osg.connect
2017-11-03 19:06:32,039: rp.session.two.jdakka.017473.0004: MainProcess                     : MainThread     : INFO    : Load resource configurations from /home/jdakka/UCL/ties_null_workload/venv/local/lib/python2.7/site-packages/radical/pilot/configs/resource_xsede.json
2017-11-03 19:06:32,057: rp.session.two.jdakka.017473.0004: MainProcess                     : MainThread     : INFO    : Load resource configurations for xsede.gordon_ssh
2017-11-03 19:06:32,058: rp.session.two.jdakka.017473.0004: MainProcess                     : MainThread     : INFO    : Load resource configurations for xsede.lonestar_ssh
2017-11-03 19:06:32,058: rp.session.two.jdakka.017473.0004: MainProcess                     : MainThread     : INFO    : Load resource configurations for xsede.supermic_spark
2017-11-03 19:06:32,058: rp.session.two.jdakka.017473.0004: MainProcess                     : MainThread     : INFO    : Load resource configurations for xsede.wrangler_yarn
2017-11-03 19:06:32,058: rp.session.two.jdakka.017473.0004: MainProcess                     : MainThread     : INFO    : Load resource configurations for xsede.blacklight_ssh
2017-11-03 19:06:32,058: rp.session.two.jdakka.017473.0004: MainProcess                     : MainThread     : INFO    : Load resource configurations for xsede.stampede_ortelib
2017-11-03 19:06:32,059: rp.session.two.jdakka.017473.0004: MainProcess                     : MainThread     : INFO    : Load resource configurations for xsede.stampede_yarn
2017-11-03 19:06:32,059: rp.session.two.jdakka.017473.0004: MainProcess                     : MainThread     : INFO    : Load resource configurations for xsede.stampede_ssh
2017-11-03 19:06:32,059: rp.session.two.jdakka.017473.0004: MainProcess                     : MainThread     : INFO    : Load resource configurations for xsede.greenfield
2017-11-03 19:06:32,059: rp.session.two.jdakka.017473.0004: MainProcess                     : MainThread     : INFO    : Load resource configurations for xsede.bridges
2017-11-03 19:06:32,060: rp.session.two.jdakka.017473.0004: MainProcess                     : MainThread     : INFO    : Load resource configurations for xsede.trestles_ssh
2017-11-03 19:06:32,060: rp.session.two.jdakka.017473.0004: MainProcess                     : MainThread     : INFO    : Load resource configurations for xsede.supermic_ortelib
2017-11-03 19:06:32,060: rp.session.two.jdakka.017473.0004: MainProcess                     : MainThread     : INFO    : Load resource configurations for xsede.stampede2_ssh
2017-11-03 19:06:32,060: rp.session.two.jdakka.017473.0004: MainProcess                     : MainThread     : INFO    : Load resource configurations for xsede.supermic_ssh
2017-11-03 19:06:32,060: rp.session.two.jdakka.017473.0004: MainProcess                     : MainThread     : INFO    : Load resource configurations for xsede.wrangler_ssh
2017-11-03 19:06:32,061: rp.session.two.jdakka.017473.0004: MainProcess                     : MainThread     : INFO    : Load resource configurations for xsede.supermic_orte
2017-11-03 19:06:32,061: rp.session.two.jdakka.017473.0004: MainProcess                     : MainThread     : INFO    : Load resource configurations for xsede.wrangler_spark
2017-11-03 19:06:32,061: rp.session.two.jdakka.017473.0004: MainProcess                     : MainThread     : INFO    : Load resource configurations for xsede.stampede_orte
2017-11-03 19:06:32,061: rp.session.two.jdakka.017473.0004: MainProcess                     : MainThread     : INFO    : Load resource configurations for xsede.comet_ortelib
2017-11-03 19:06:32,061: rp.session.two.jdakka.017473.0004: MainProcess                     : MainThread     : INFO    : Load resource configurations for xsede.comet_orte
2017-11-03 19:06:32,062: rp.session.two.jdakka.017473.0004: MainProcess                     : MainThread     : INFO    : Load resource configurations for xsede.comet_spark
2017-11-03 19:06:32,062: rp.session.two.jdakka.017473.0004: MainProcess                     : MainThread     : INFO    : Load resource configurations for xsede.comet_ssh
2017-11-03 19:06:32,062: rp.session.two.jdakka.017473.0004: MainProcess                     : MainThread     : INFO    : Load resource configurations for xsede.stampede_spark
2017-11-03 19:06:32,062: rp.session.two.jdakka.017473.0004: MainProcess                     : MainThread     : INFO    : Load resource configurations from /home/jdakka/UCL/ties_null_workload/venv/local/lib/python2.7/site-packages/radical/pilot/configs/resource_nersc.json
2017-11-03 19:06:32,067: rp.session.two.jdakka.017473.0004: MainProcess                     : MainThread     : INFO    : Load resource configurations for nersc.edison_ccm_ssh
2017-11-03 19:06:32,068: rp.session.two.jdakka.017473.0004: MainProcess                     : MainThread     : INFO    : Load resource configurations for nersc.hopper_orte
2017-11-03 19:06:32,068: rp.session.two.jdakka.017473.0004: MainProcess                     : MainThread     : INFO    : Load resource configurations for nersc.hopper_ccm_ssh
2017-11-03 19:06:32,068: rp.session.two.jdakka.017473.0004: MainProcess                     : MainThread     : INFO    : Load resource configurations for nersc.edison_aprun
2017-11-03 19:06:32,068: rp.session.two.jdakka.017473.0004: MainProcess                     : MainThread     : INFO    : Load resource configurations for nersc.hopper_aprun
2017-11-03 19:06:32,069: rp.session.two.jdakka.017473.0004: MainProcess                     : MainThread     : INFO    : Load resource configurations for nersc.edison_orte
2017-11-03 19:06:32,069: rp.session.two.jdakka.017473.0004: MainProcess                     : MainThread     : INFO    : Load resource configurations from /home/jdakka/UCL/ties_null_workload/venv/local/lib/python2.7/site-packages/radical/pilot/configs/resource_lrz.json
2017-11-03 19:06:32,070: rp.session.two.jdakka.017473.0004: MainProcess                     : MainThread     : INFO    : Load resource configurations for lrz.supermuc_ssh
2017-11-03 19:06:32,070: rp.session.two.jdakka.017473.0004: MainProcess                     : MainThread     : INFO    : Load resource configurations from /home/jdakka/UCL/ties_null_workload/venv/local/lib/python2.7/site-packages/radical/pilot/configs/resource_epsrc.json
2017-11-03 19:06:32,072: rp.session.two.jdakka.017473.0004: MainProcess                     : MainThread     : INFO    : Load resource configurations for epsrc.archer_orte
2017-11-03 19:06:32,072: rp.session.two.jdakka.017473.0004: MainProcess                     : MainThread     : INFO    : Load resource configurations for epsrc.archer_aprun
2017-11-03 19:06:32,072: rp.session.two.jdakka.017473.0004: MainProcess                     : MainThread     : INFO    : Load resource configurations from /home/jdakka/UCL/ties_null_workload/venv/local/lib/python2.7/site-packages/radical/pilot/configs/resource_ncsa.json
2017-11-03 19:06:32,076: rp.session.two.jdakka.017473.0004: MainProcess                     : MainThread     : INFO    : Load resource configurations for ncsa.bw_orte
2017-11-03 19:06:32,076: rp.session.two.jdakka.017473.0004: MainProcess                     : MainThread     : INFO    : Load resource configurations for ncsa.bw_ccm_ssh
2017-11-03 19:06:32,077: rp.session.two.jdakka.017473.0004: MainProcess                     : MainThread     : INFO    : Load resource configurations for ncsa.bw_ortelib
2017-11-03 19:06:32,077: rp.session.two.jdakka.017473.0004: MainProcess                     : MainThread     : INFO    : Load resource configurations for ncsa.bw_aprun
2017-11-03 19:06:32,077: rp.session.two.jdakka.017473.0004: MainProcess                     : MainThread     : INFO    : Load resource configurations for ncsa.bw_local_orte
2017-11-03 19:06:32,077: rp.session.two.jdakka.017473.0004: MainProcess                     : MainThread     : INFO    : Load resource configurations from /home/jdakka/UCL/ties_null_workload/venv/local/lib/python2.7/site-packages/radical/pilot/configs/resource_lumc.json
2017-11-03 19:06:32,079: rp.session.two.jdakka.017473.0004: MainProcess                     : MainThread     : INFO    : Load resource configurations for lumc.gb-ui_ssh
2017-11-03 19:06:32,079: rp.session.two.jdakka.017473.0004: MainProcess                     : MainThread     : INFO    : Load resource configurations for lumc.shark_ssh
2017-11-03 19:06:32,079: rp.session.two.jdakka.017473.0004: MainProcess                     : MainThread     : INFO    : Load resource configurations from /home/jdakka/UCL/ties_null_workload/venv/local/lib/python2.7/site-packages/radical/pilot/configs/resource_das4.json
2017-11-03 19:06:32,080: rp.session.two.jdakka.017473.0004: MainProcess                     : MainThread     : INFO    : Load resource configurations for das4.fs2_ssh
2017-11-03 19:06:32,080: rp.session.two.jdakka.017473.0004: MainProcess                     : MainThread     : INFO    : Load resource configurations from /home/jdakka/UCL/ties_null_workload/venv/local/lib/python2.7/site-packages/radical/pilot/configs/resource_aliases.json
2017-11-03 19:06:32,080: rp.session.two.jdakka.017473.0004: MainProcess                     : MainThread     : INFO    : Load resource configurations from /home/jdakka/UCL/ties_null_workload/venv/local/lib/python2.7/site-packages/radical/pilot/configs/resource_futuregrid.json
2017-11-03 19:06:32,085: rp.session.two.jdakka.017473.0004: MainProcess                     : MainThread     : INFO    : Load resource configurations for futuregrid.delta_ssh
2017-11-03 19:06:32,085: rp.session.two.jdakka.017473.0004: MainProcess                     : MainThread     : INFO    : Load resource configurations for futuregrid.india_ssh
2017-11-03 19:06:32,085: rp.session.two.jdakka.017473.0004: MainProcess                     : MainThread     : INFO    : Load resource configurations for futuregrid.echo_ssh
2017-11-03 19:06:32,085: rp.session.two.jdakka.017473.0004: MainProcess                     : MainThread     : INFO    : Load resource configurations for futuregrid.xray_ccm
2017-11-03 19:06:32,086: rp.session.two.jdakka.017473.0004: MainProcess                     : MainThread     : INFO    : Load resource configurations for futuregrid.bravo_ssh
2017-11-03 19:06:32,086: rp.session.two.jdakka.017473.0004: MainProcess                     : MainThread     : INFO    : Load resource configurations for futuregrid.xray_aprun
2017-11-03 19:06:32,086: rp.session.two.jdakka.017473.0004: MainProcess                     : MainThread     : INFO    : Load resource configurations from /home/jdakka/UCL/ties_null_workload/venv/local/lib/python2.7/site-packages/radical/pilot/configs/resource_ornl.json
2017-11-03 19:06:32,089: rp.session.two.jdakka.017473.0004: MainProcess                     : MainThread     : INFO    : Load resource configurations for ornl.titan_orte
2017-11-03 19:06:32,089: rp.session.two.jdakka.017473.0004: MainProcess                     : MainThread     : INFO    : Load resource configurations for ornl.titan_aprun
2017-11-03 19:06:32,089: rp.session.two.jdakka.017473.0004: MainProcess                     : MainThread     : INFO    : Load resource configurations for ornl.titan_ortelib
2017-11-03 19:06:32,089: rp.session.two.jdakka.017473.0004: MainProcess                     : MainThread     : INFO    : Load resource configurations from /home/jdakka/UCL/ties_null_workload/venv/local/lib/python2.7/site-packages/radical/pilot/configs/resource_chameleon.json
2017-11-03 19:06:32,090: rp.session.two.jdakka.017473.0004: MainProcess                     : MainThread     : INFO    : Load resource configurations for chameleon.cloud_vm_yarn
2017-11-03 19:06:32,090: rp.session.two.jdakka.017473.0004: MainProcess                     : MainThread     : INFO    : Load resource configurations from /home/jdakka/UCL/ties_null_workload/venv/local/lib/python2.7/site-packages/radical/pilot/configs/resource_iu.json
2017-11-03 19:06:32,092: rp.session.two.jdakka.017473.0004: MainProcess                     : MainThread     : INFO    : Load resource configurations for iu.bigred2_ccm_ssh
2017-11-03 19:06:32,092: rp.session.two.jdakka.017473.0004: MainProcess                     : MainThread     : INFO    : Load resource configurations for iu.bigred2_aprun
2017-11-03 19:06:32,092: rp.session.two.jdakka.017473.0004: MainProcess                     : MainThread     : INFO    : Load resource configurations from /home/jdakka/UCL/ties_null_workload/venv/local/lib/python2.7/site-packages/radical/pilot/configs/resource_local.json
2017-11-03 19:06:32,097: rp.session.two.jdakka.017473.0004: MainProcess                     : MainThread     : INFO    : Load resource configurations for local.localhost_orte
2017-11-03 19:06:32,097: rp.session.two.jdakka.017473.0004: MainProcess                     : MainThread     : INFO    : Load resource configurations for local.localhost_anaconda
2017-11-03 19:06:32,097: rp.session.two.jdakka.017473.0004: MainProcess                     : MainThread     : INFO    : Load resource configurations for local.localhost_ortelib
2017-11-03 19:06:32,097: rp.session.two.jdakka.017473.0004: MainProcess                     : MainThread     : INFO    : Load resource configurations for local.localhost
2017-11-03 19:06:32,098: rp.session.two.jdakka.017473.0004: MainProcess                     : MainThread     : INFO    : Load resource configurations for local.localhost_spark
2017-11-03 19:06:32,098: rp.session.two.jdakka.017473.0004: MainProcess                     : MainThread     : INFO    : Load resource configurations for local.localhost_spark_anaconda
2017-11-03 19:06:32,098: rp.session.two.jdakka.017473.0004: MainProcess                     : MainThread     : INFO    : Load resource configurations for local.localhost_yarn
2017-11-03 19:06:32,098: rp.session.two.jdakka.017473.0004: MainProcess                     : MainThread     : INFO    : Load resource configurations from /home/jdakka/UCL/ties_null_workload/venv/local/lib/python2.7/site-packages/radical/pilot/configs/resource_radical.json
2017-11-03 19:06:32,100: rp.session.two.jdakka.017473.0004: MainProcess                     : MainThread     : INFO    : Load resource configurations for radical.two
2017-11-03 19:06:32,101: rp.session.two.jdakka.017473.0004: MainProcess                     : MainThread     : INFO    : Load resource configurations for radical.tutorial
2017-11-03 19:06:32,101: rp.session.two.jdakka.017473.0004: MainProcess                     : MainThread     : INFO    : Load resource configurations for radical.one
2017-11-03 19:06:32,101: rp.session.two.jdakka.017473.0004: MainProcess                     : MainThread     : INFO    : Load resource configurations from /home/jdakka/UCL/ties_null_workload/venv/local/lib/python2.7/site-packages/radical/pilot/configs/resource_ncar.json
2017-11-03 19:06:32,102: rp.session.two.jdakka.017473.0004: MainProcess                     : MainThread     : INFO    : Load resource configurations for ncar.yellowstone_ssh
2017-11-03 19:06:32,102: rp.session.two.jdakka.017473.0004: MainProcess                     : MainThread     : INFO    : Load resource configurations from /home/jdakka/UCL/ties_null_workload/venv/local/lib/python2.7/site-packages/radical/pilot/configs/resource_rice.json
2017-11-03 19:06:32,104: rp.session.two.jdakka.017473.0004: MainProcess                     : MainThread     : INFO    : Load resource configurations for rice.davinci_ssh
2017-11-03 19:06:32,104: rp.session.two.jdakka.017473.0004: MainProcess                     : MainThread     : INFO    : Load resource configurations for rice.biou_ssh
2017-11-03 19:06:32,104: rp.session.two.jdakka.017473.0004: MainProcess                     : MainThread     : INFO    : Load resource configurations from /home/jdakka/UCL/ties_null_workload/venv/local/lib/python2.7/site-packages/radical/pilot/configs/resource_das5.json
2017-11-03 19:06:32,105: rp.session.two.jdakka.017473.0004: MainProcess                     : MainThread     : INFO    : Load resource configurations for das5.fs1_ssh
2017-11-03 19:06:33,199: rp.session.two.jdakka.017473.0004: MainProcess                     : MainThread     : INFO    : New Session created: rp.session.two.jdakka.017473.0004.
2017-11-03 19:06:33,200: rp.session.two.jdakka.017473.0004: MainProcess                     : MainThread     : DEBUG   : start bridges   : {u'control_pubsub': {u'bulk_size': 0, u'log_level': u'debug', u'stall_hwm': 1},
 u'log_pubsub': {u'bulk_size': 0, u'log_level': u'debug', u'stall_hwm': 1},
 u'state_pubsub': {u'bulk_size': 0, u'log_level': u'debug', u'stall_hwm': 1}}
2017-11-03 19:06:33,201: rp.session.two.jdakka.017473.0004: MainProcess                     : MainThread     : INFO    : create bridge control_pubsub
2017-11-03 19:06:33,221: rp.session.two.jdakka.017473.0004: MainProcess                     : MainThread     : INFO    : created bridge control_pubsub (control.pubsub.bridge.0000)
2017-11-03 19:06:33,221: rp.session.two.jdakka.017473.0004: MainProcess                     : MainThread     : INFO    : create bridge state_pubsub
2017-11-03 19:06:33,232: rp.session.two.jdakka.017473.0004: MainProcess                     : MainThread     : INFO    : created bridge state_pubsub (state.pubsub.bridge.0000)
2017-11-03 19:06:33,232: rp.session.two.jdakka.017473.0004: MainProcess                     : MainThread     : INFO    : create bridge log_pubsub
2017-11-03 19:06:33,247: rp.session.two.jdakka.017473.0004: MainProcess                     : MainThread     : INFO    : created bridge log_pubsub (log.pubsub.bridge.0000)
2017-11-03 19:06:33,247: rp.session.two.jdakka.017473.0004: MainProcess                     : MainThread     : DEBUG   : start components: {u'UpdateWorker': {u'count': 1}}
2017-11-03 19:06:33,247: rp.session.two.jdakka.017473.0004: MainProcess                     : MainThread     : DEBUG   : start 1 component(s) UpdateWorker
2017-11-03 19:06:33,973: rp.session.two.jdakka.017473.0004: MainProcess                     : MainThread     : INFO    : rp.session.two.jdakka.017473.0004 starts update.0
2017-11-03 19:06:34,388: rp.session.two.jdakka.017473.0004: MainProcess                     : MainThread     : DEBUG   : rsup.PTYShell('gsissh://bw.ncsa.illinois.edu')
2017-11-03 19:06:42,069: rp.session.two.jdakka.017473.0004: MainProcess                     : MainThread     : DEBUG   : sandbox base gsissh://bw.ncsa.illinois.edu: '/scratch/sciteam/dakka'
2017-11-03 19:06:42,275: rp.session.two.jdakka.017473.0004: MainProcess                     : MainThread     : DEBUG   : bulk pilot insert result: {'nModified': 0, 'nUpserted': 0, 'nMatched': 0, 'writeErrors': [], 'upserted': [], 'writeConcernErrors': [], 'nRemoved': 0, 'nInserted': 1}
2017-11-03 19:06:42,286: rp.session.two.jdakka.017473.0004: pmgr.0000.launching.0           : MainThread     : DEBUG   : rsup.PTYShell('gsissh://bw.ncsa.illinois.edu')
2017-11-03 19:06:47,029: rp.session.two.jdakka.017473.0004: pmgr.0000.launching.0           : MainThread     : DEBUG   : sandbox base gsissh://bw.ncsa.illinois.edu: '/scratch/sciteam/dakka'
2017-11-03 19:17:18,431: rp.session.two.jdakka.017473.0004: task-manager                    : MainThread     : DEBUG   : bulk unit insert result: {'nModified': 0, 'nUpserted': 0, 'nMatched': 0, 'writeErrors': [], 'upserted': [], 'writeConcernErrors': [], 'nRemoved': 0, 'nInserted': 1}
2017-11-03 19:17:18,569: rp.session.two.jdakka.017473.0004: task-manager                    : MainThread     : DEBUG   : bulk unit insert result: {'nModified': 0, 'nUpserted': 0, 'nMatched': 0, 'writeErrors': [], 'upserted': [], 'writeConcernErrors': [], 'nRemoved': 0, 'nInserted': 1}
2017-11-03 19:17:18,687: rp.session.two.jdakka.017473.0004: task-manager                    : MainThread     : DEBUG   : bulk unit insert result: {'nModified': 0, 'nUpserted': 0, 'nMatched': 0, 'writeErrors': [], 'upserted': [], 'writeConcernErrors': [], 'nRemoved': 0, 'nInserted': 1}
2017-11-03 19:17:18,819: rp.session.two.jdakka.017473.0004: task-manager                    : MainThread     : DEBUG   : bulk unit insert result: {'nModified': 0, 'nUpserted': 0, 'nMatched': 0, 'writeErrors': [], 'upserted': [], 'writeConcernErrors': [], 'nRemoved': 0, 'nInserted': 1}
2017-11-03 19:17:18,938: rp.session.two.jdakka.017473.0004: task-manager                    : MainThread     : DEBUG   : bulk unit insert result: {'nModified': 0, 'nUpserted': 0, 'nMatched': 0, 'writeErrors': [], 'upserted': [], 'writeConcernErrors': [], 'nRemoved': 0, 'nInserted': 1}
2017-11-03 19:17:19,061: rp.session.two.jdakka.017473.0004: task-manager                    : MainThread     : DEBUG   : bulk unit insert result: {'nModified': 0, 'nUpserted': 0, 'nMatched': 0, 'writeErrors': [], 'upserted': [], 'writeConcernErrors': [], 'nRemoved': 0, 'nInserted': 1}
2017-11-03 19:17:19,177: rp.session.two.jdakka.017473.0004: task-manager                    : MainThread     : DEBUG   : bulk unit insert result: {'nModified': 0, 'nUpserted': 0, 'nMatched': 0, 'writeErrors': [], 'upserted': [], 'writeConcernErrors': [], 'nRemoved': 0, 'nInserted': 1}
2017-11-03 19:17:19,289: rp.session.two.jdakka.017473.0004: task-manager                    : MainThread     : DEBUG   : bulk unit insert result: {'nModified': 0, 'nUpserted': 0, 'nMatched': 0, 'writeErrors': [], 'upserted': [], 'writeConcernErrors': [], 'nRemoved': 0, 'nInserted': 1}
2017-11-03 19:17:19,402: rp.session.two.jdakka.017473.0004: task-manager                    : MainThread     : DEBUG   : bulk unit insert result: {'nModified': 0, 'nUpserted': 0, 'nMatched': 0, 'writeErrors': [], 'upserted': [], 'writeConcernErrors': [], 'nRemoved': 0, 'nInserted': 1}
2017-11-03 19:17:19,512: rp.session.two.jdakka.017473.0004: task-manager                    : MainThread     : DEBUG   : bulk unit insert result: {'nModified': 0, 'nUpserted': 0, 'nMatched': 0, 'writeErrors': [], 'upserted': [], 'writeConcernErrors': [], 'nRemoved': 0, 'nInserted': 1}
2017-11-03 19:17:19,620: rp.session.two.jdakka.017473.0004: task-manager                    : MainThread     : DEBUG   : bulk unit insert result: {'nModified': 0, 'nUpserted': 0, 'nMatched': 0, 'writeErrors': [], 'upserted': [], 'writeConcernErrors': [], 'nRemoved': 0, 'nInserted': 1}
2017-11-03 19:17:19,728: rp.session.two.jdakka.017473.0004: task-manager                    : MainThread     : DEBUG   : bulk unit insert result: {'nModified': 0, 'nUpserted': 0, 'nMatched': 0, 'writeErrors': [], 'upserted': [], 'writeConcernErrors': [], 'nRemoved': 0, 'nInserted': 1}
2017-11-03 19:17:19,835: rp.session.two.jdakka.017473.0004: task-manager                    : MainThread     : DEBUG   : bulk unit insert result: {'nModified': 0, 'nUpserted': 0, 'nMatched': 0, 'writeErrors': [], 'upserted': [], 'writeConcernErrors': [], 'nRemoved': 0, 'nInserted': 1}
2017-11-03 19:17:19,955: rp.session.two.jdakka.017473.0004: task-manager                    : MainThread     : DEBUG   : bulk unit insert result: {'nModified': 0, 'nUpserted': 0, 'nMatched': 0, 'writeErrors': [], 'upserted': [], 'writeConcernErrors': [], 'nRemoved': 0, 'nInserted': 1}
2017-11-03 19:17:20,087: rp.session.two.jdakka.017473.0004: task-manager                    : MainThread     : DEBUG   : bulk unit insert result: {'nModified': 0, 'nUpserted': 0, 'nMatched': 0, 'writeErrors': [], 'upserted': [], 'writeConcernErrors': [], 'nRemoved': 0, 'nInserted': 1}
2017-11-03 19:17:20,212: rp.session.two.jdakka.017473.0004: task-manager                    : MainThread     : DEBUG   : bulk unit insert result: {'nModified': 0, 'nUpserted': 0, 'nMatched': 0, 'writeErrors': [], 'upserted': [], 'writeConcernErrors': [], 'nRemoved': 0, 'nInserted': 1}
2017-11-03 19:17:20,339: rp.session.two.jdakka.017473.0004: task-manager                    : MainThread     : DEBUG   : bulk unit insert result: {'nModified': 0, 'nUpserted': 0, 'nMatched': 0, 'writeErrors': [], 'upserted': [], 'writeConcernErrors': [], 'nRemoved': 0, 'nInserted': 1}
2017-11-03 19:17:20,468: rp.session.two.jdakka.017473.0004: task-manager                    : MainThread     : DEBUG   : bulk unit insert result: {'nModified': 0, 'nUpserted': 0, 'nMatched': 0, 'writeErrors': [], 'upserted': [], 'writeConcernErrors': [], 'nRemoved': 0, 'nInserted': 1}
2017-11-03 19:17:20,586: rp.session.two.jdakka.017473.0004: task-manager                    : MainThread     : DEBUG   : bulk unit insert result: {'nModified': 0, 'nUpserted': 0, 'nMatched': 0, 'writeErrors': [], 'upserted': [], 'writeConcernErrors': [], 'nRemoved': 0, 'nInserted': 1}
2017-11-03 19:17:20,710: rp.session.two.jdakka.017473.0004: task-manager                    : MainThread     : DEBUG   : bulk unit insert result: {'nModified': 0, 'nUpserted': 0, 'nMatched': 0, 'writeErrors': [], 'upserted': [], 'writeConcernErrors': [], 'nRemoved': 0, 'nInserted': 1}
2017-11-03 19:17:20,826: rp.session.two.jdakka.017473.0004: task-manager                    : MainThread     : DEBUG   : bulk unit insert result: {'nModified': 0, 'nUpserted': 0, 'nMatched': 0, 'writeErrors': [], 'upserted': [], 'writeConcernErrors': [], 'nRemoved': 0, 'nInserted': 1}
2017-11-03 19:17:20,943: rp.session.two.jdakka.017473.0004: task-manager                    : MainThread     : DEBUG   : bulk unit insert result: {'nModified': 0, 'nUpserted': 0, 'nMatched': 0, 'writeErrors': [], 'upserted': [], 'writeConcernErrors': [], 'nRemoved': 0, 'nInserted': 1}
2017-11-03 19:17:21,060: rp.session.two.jdakka.017473.0004: task-manager                    : MainThread     : DEBUG   : bulk unit insert result: {'nModified': 0, 'nUpserted': 0, 'nMatched': 0, 'writeErrors': [], 'upserted': [], 'writeConcernErrors': [], 'nRemoved': 0, 'nInserted': 1}
2017-11-03 19:17:21,174: rp.session.two.jdakka.017473.0004: task-manager                    : MainThread     : DEBUG   : bulk unit insert result: {'nModified': 0, 'nUpserted': 0, 'nMatched': 0, 'writeErrors': [], 'upserted': [], 'writeConcernErrors': [], 'nRemoved': 0, 'nInserted': 1}
2017-11-03 19:17:21,298: rp.session.two.jdakka.017473.0004: task-manager                    : MainThread     : DEBUG   : bulk unit insert result: {'nModified': 0, 'nUpserted': 0, 'nMatched': 0, 'writeErrors': [], 'upserted': [], 'writeConcernErrors': [], 'nRemoved': 0, 'nInserted': 1}
2017-11-03 19:17:21,409: rp.session.two.jdakka.017473.0004: task-manager                    : MainThread     : DEBUG   : bulk unit insert result: {'nModified': 0, 'nUpserted': 0, 'nMatched': 0, 'writeErrors': [], 'upserted': [], 'writeConcernErrors': [], 'nRemoved': 0, 'nInserted': 1}
2017-11-03 19:17:21,536: rp.session.two.jdakka.017473.0004: task-manager                    : MainThread     : DEBUG   : bulk unit insert result: {'nModified': 0, 'nUpserted': 0, 'nMatched': 0, 'writeErrors': [], 'upserted': [], 'writeConcernErrors': [], 'nRemoved': 0, 'nInserted': 1}
2017-11-03 19:17:21,655: rp.session.two.jdakka.017473.0004: task-manager                    : MainThread     : DEBUG   : bulk unit insert result: {'nModified': 0, 'nUpserted': 0, 'nMatched': 0, 'writeErrors': [], 'upserted': [], 'writeConcernErrors': [], 'nRemoved': 0, 'nInserted': 1}
2017-11-03 19:17:21,782: rp.session.two.jdakka.017473.0004: task-manager                    : MainThread     : DEBUG   : bulk unit insert result: {'nModified': 0, 'nUpserted': 0, 'nMatched': 0, 'writeErrors': [], 'upserted': [], 'writeConcernErrors': [], 'nRemoved': 0, 'nInserted': 1}
2017-11-03 19:17:21,901: rp.session.two.jdakka.017473.0004: task-manager                    : MainThread     : DEBUG   : bulk unit insert result: {'nModified': 0, 'nUpserted': 0, 'nMatched': 0, 'writeErrors': [], 'upserted': [], 'writeConcernErrors': [], 'nRemoved': 0, 'nInserted': 1}
2017-11-03 19:17:22,015: rp.session.two.jdakka.017473.0004: task-manager                    : MainThread     : DEBUG   : bulk unit insert result: {'nModified': 0, 'nUpserted': 0, 'nMatched': 0, 'writeErrors': [], 'upserted': [], 'writeConcernErrors': [], 'nRemoved': 0, 'nInserted': 1}
2017-11-03 19:17:22,130: rp.session.two.jdakka.017473.0004: task-manager                    : MainThread     : DEBUG   : bulk unit insert result: {'nModified': 0, 'nUpserted': 0, 'nMatched': 0, 'writeErrors': [], 'upserted': [], 'writeConcernErrors': [], 'nRemoved': 0, 'nInserted': 1}
2017-11-03 19:17:24,739: rp.session.two.jdakka.017473.0004: task-manager                    : MainThread     : DEBUG   : bulk unit insert result: {'nModified': 0, 'nUpserted': 0, 'nMatched': 0, 'writeErrors': [], 'upserted': [], 'writeConcernErrors': [], 'nRemoved': 0, 'nInserted': 1}
2017-11-03 19:17:24,875: rp.session.two.jdakka.017473.0004: task-manager                    : MainThread     : DEBUG   : bulk unit insert result: {'nModified': 0, 'nUpserted': 0, 'nMatched': 0, 'writeErrors': [], 'upserted': [], 'writeConcernErrors': [], 'nRemoved': 0, 'nInserted': 1}
2017-11-03 19:17:24,999: rp.session.two.jdakka.017473.0004: task-manager                    : MainThread     : DEBUG   : bulk unit insert result: {'nModified': 0, 'nUpserted': 0, 'nMatched': 0, 'writeErrors': [], 'upserted': [], 'writeConcernErrors': [], 'nRemoved': 0, 'nInserted': 1}
2017-11-03 19:17:25,119: rp.session.two.jdakka.017473.0004: task-manager                    : MainThread     : DEBUG   : bulk unit insert result: {'nModified': 0, 'nUpserted': 0, 'nMatched': 0, 'writeErrors': [], 'upserted': [], 'writeConcernErrors': [], 'nRemoved': 0, 'nInserted': 1}
2017-11-03 19:17:25,246: rp.session.two.jdakka.017473.0004: task-manager                    : MainThread     : DEBUG   : bulk unit insert result: {'nModified': 0, 'nUpserted': 0, 'nMatched': 0, 'writeErrors': [], 'upserted': [], 'writeConcernErrors': [], 'nRemoved': 0, 'nInserted': 1}
2017-11-03 19:17:26,240: rp.session.two.jdakka.017473.0004: task-manager                    : MainThread     : DEBUG   : bulk unit insert result: {'nModified': 0, 'nUpserted': 0, 'nMatched': 0, 'writeErrors': [], 'upserted': [], 'writeConcernErrors': [], 'nRemoved': 0, 'nInserted': 1}
2017-11-03 19:17:26,360: rp.session.two.jdakka.017473.0004: task-manager                    : MainThread     : DEBUG   : bulk unit insert result: {'nModified': 0, 'nUpserted': 0, 'nMatched': 0, 'writeErrors': [], 'upserted': [], 'writeConcernErrors': [], 'nRemoved': 0, 'nInserted': 1}
2017-11-03 19:17:26,482: rp.session.two.jdakka.017473.0004: task-manager                    : MainThread     : DEBUG   : bulk unit insert result: {'nModified': 0, 'nUpserted': 0, 'nMatched': 0, 'writeErrors': [], 'upserted': [], 'writeConcernErrors': [], 'nRemoved': 0, 'nInserted': 1}
2017-11-03 19:17:26,616: rp.session.two.jdakka.017473.0004: task-manager                    : MainThread     : DEBUG   : bulk unit insert result: {'nModified': 0, 'nUpserted': 0, 'nMatched': 0, 'writeErrors': [], 'upserted': [], 'writeConcernErrors': [], 'nRemoved': 0, 'nInserted': 1}
2017-11-03 19:17:27,717: rp.session.two.jdakka.017473.0004: task-manager                    : MainThread     : DEBUG   : bulk unit insert result: {'nModified': 0, 'nUpserted': 0, 'nMatched': 0, 'writeErrors': [], 'upserted': [], 'writeConcernErrors': [], 'nRemoved': 0, 'nInserted': 1}
2017-11-03 19:17:27,836: rp.session.two.jdakka.017473.0004: task-manager                    : MainThread     : DEBUG   : bulk unit insert result: {'nModified': 0, 'nUpserted': 0, 'nMatched': 0, 'writeErrors': [], 'upserted': [], 'writeConcernErrors': [], 'nRemoved': 0, 'nInserted': 1}
2017-11-03 19:17:27,959: rp.session.two.jdakka.017473.0004: task-manager                    : MainThread     : DEBUG   : bulk unit insert result: {'nModified': 0, 'nUpserted': 0, 'nMatched': 0, 'writeErrors': [], 'upserted': [], 'writeConcernErrors': [], 'nRemoved': 0, 'nInserted': 1}
2017-11-03 19:17:28,079: rp.session.two.jdakka.017473.0004: task-manager                    : MainThread     : DEBUG   : bulk unit insert result: {'nModified': 0, 'nUpserted': 0, 'nMatched': 0, 'writeErrors': [], 'upserted': [], 'writeConcernErrors': [], 'nRemoved': 0, 'nInserted': 1}
2017-11-03 19:17:28,202: rp.session.two.jdakka.017473.0004: task-manager                    : MainThread     : DEBUG   : bulk unit insert result: {'nModified': 0, 'nUpserted': 0, 'nMatched': 0, 'writeErrors': [], 'upserted': [], 'writeConcernErrors': [], 'nRemoved': 0, 'nInserted': 1}
2017-11-03 19:17:29,376: rp.session.two.jdakka.017473.0004: task-manager                    : MainThread     : DEBUG   : bulk unit insert result: {'nModified': 0, 'nUpserted': 0, 'nMatched': 0, 'writeErrors': [], 'upserted': [], 'writeConcernErrors': [], 'nRemoved': 0, 'nInserted': 1}
2017-11-03 19:17:29,504: rp.session.two.jdakka.017473.0004: task-manager                    : MainThread     : DEBUG   : bulk unit insert result: {'nModified': 0, 'nUpserted': 0, 'nMatched': 0, 'writeErrors': [], 'upserted': [], 'writeConcernErrors': [], 'nRemoved': 0, 'nInserted': 1}
2017-11-03 19:17:29,626: rp.session.two.jdakka.017473.0004: task-manager                    : MainThread     : DEBUG   : bulk unit insert result: {'nModified': 0, 'nUpserted': 0, 'nMatched': 0, 'writeErrors': [], 'upserted': [], 'writeConcernErrors': [], 'nRemoved': 0, 'nInserted': 1}
2017-11-03 19:17:29,754: rp.session.two.jdakka.017473.0004: task-manager                    : MainThread     : DEBUG   : bulk unit insert result: {'nModified': 0, 'nUpserted': 0, 'nMatched': 0, 'writeErrors': [], 'upserted': [], 'writeConcernErrors': [], 'nRemoved': 0, 'nInserted': 1}
2017-11-03 19:17:29,875: rp.session.two.jdakka.017473.0004: task-manager                    : MainThread     : DEBUG   : bulk unit insert result: {'nModified': 0, 'nUpserted': 0, 'nMatched': 0, 'writeErrors': [], 'upserted': [], 'writeConcernErrors': [], 'nRemoved': 0, 'nInserted': 1}
2017-11-03 19:17:29,999: rp.session.two.jdakka.017473.0004: task-manager                    : MainThread     : DEBUG   : bulk unit insert result: {'nModified': 0, 'nUpserted': 0, 'nMatched': 0, 'writeErrors': [], 'upserted': [], 'writeConcernErrors': [], 'nRemoved': 0, 'nInserted': 1}
2017-11-03 19:17:31,273: rp.session.two.jdakka.017473.0004: task-manager                    : MainThread     : DEBUG   : bulk unit insert result: {'nModified': 0, 'nUpserted': 0, 'nMatched': 0, 'writeErrors': [], 'upserted': [], 'writeConcernErrors': [], 'nRemoved': 0, 'nInserted': 1}
2017-11-03 19:17:31,405: rp.session.two.jdakka.017473.0004: task-manager                    : MainThread     : DEBUG   : bulk unit insert result: {'nModified': 0, 'nUpserted': 0, 'nMatched': 0, 'writeErrors': [], 'upserted': [], 'writeConcernErrors': [], 'nRemoved': 0, 'nInserted': 1}
2017-11-03 19:17:31,528: rp.session.two.jdakka.017473.0004: task-manager                    : MainThread     : DEBUG   : bulk unit insert result: {'nModified': 0, 'nUpserted': 0, 'nMatched': 0, 'writeErrors': [], 'upserted': [], 'writeConcernErrors': [], 'nRemoved': 0, 'nInserted': 1}
2017-11-03 19:17:31,646: rp.session.two.jdakka.017473.0004: task-manager                    : MainThread     : DEBUG   : bulk unit insert result: {'nModified': 0, 'nUpserted': 0, 'nMatched': 0, 'writeErrors': [], 'upserted': [], 'writeConcernErrors': [], 'nRemoved': 0, 'nInserted': 1}
2017-11-03 19:17:31,766: rp.session.two.jdakka.017473.0004: task-manager                    : MainThread     : DEBUG   : bulk unit insert result: {'nModified': 0, 'nUpserted': 0, 'nMatched': 0, 'writeErrors': [], 'upserted': [], 'writeConcernErrors': [], 'nRemoved': 0, 'nInserted': 1}
2017-11-03 19:17:31,887: rp.session.two.jdakka.017473.0004: task-manager                    : MainThread     : DEBUG   : bulk unit insert result: {'nModified': 0, 'nUpserted': 0, 'nMatched': 0, 'writeErrors': [], 'upserted': [], 'writeConcernErrors': [], 'nRemoved': 0, 'nInserted': 1}
2017-11-03 19:17:32,009: rp.session.two.jdakka.017473.0004: task-manager                    : MainThread     : DEBUG   : bulk unit insert result: {'nModified': 0, 'nUpserted': 0, 'nMatched': 0, 'writeErrors': [], 'upserted': [], 'writeConcernErrors': [], 'nRemoved': 0, 'nInserted': 1}
2017-11-03 19:17:32,127: rp.session.two.jdakka.017473.0004: task-manager                    : MainThread     : DEBUG   : bulk unit insert result: {'nModified': 0, 'nUpserted': 0, 'nMatched': 0, 'writeErrors': [], 'upserted': [], 'writeConcernErrors': [], 'nRemoved': 0, 'nInserted': 1}
2017-11-03 19:17:32,244: rp.session.two.jdakka.017473.0004: task-manager                    : MainThread     : DEBUG   : bulk unit insert result: {'nModified': 0, 'nUpserted': 0, 'nMatched': 0, 'writeErrors': [], 'upserted': [], 'writeConcernErrors': [], 'nRemoved': 0, 'nInserted': 1}
2017-11-03 19:17:32,660: rp.session.two.jdakka.017473.0004: task-manager                    : MainThread     : DEBUG   : bulk unit insert result: {'nModified': 0, 'nUpserted': 0, 'nMatched': 0, 'writeErrors': [], 'upserted': [], 'writeConcernErrors': [], 'nRemoved': 0, 'nInserted': 1}
2017-11-03 19:17:32,802: rp.session.two.jdakka.017473.0004: task-manager                    : MainThread     : DEBUG   : bulk unit insert result: {'nModified': 0, 'nUpserted': 0, 'nMatched': 0, 'writeErrors': [], 'upserted': [], 'writeConcernErrors': [], 'nRemoved': 0, 'nInserted': 1}
2017-11-03 19:17:32,936: rp.session.two.jdakka.017473.0004: task-manager                    : MainThread     : DEBUG   : bulk unit insert result: {'nModified': 0, 'nUpserted': 0, 'nMatched': 0, 'writeErrors': [], 'upserted': [], 'writeConcernErrors': [], 'nRemoved': 0, 'nInserted': 1}
2017-11-03 19:17:33,043: rp.session.two.jdakka.017473.0004: task-manager                    : MainThread     : DEBUG   : bulk unit insert result: {'nModified': 0, 'nUpserted': 0, 'nMatched': 0, 'writeErrors': [], 'upserted': [], 'writeConcernErrors': [], 'nRemoved': 0, 'nInserted': 1}
2017-11-03 19:17:34,310: rp.session.two.jdakka.017473.0004: task-manager                    : MainThread     : DEBUG   : bulk unit insert result: {'nModified': 0, 'nUpserted': 0, 'nMatched': 0, 'writeErrors': [], 'upserted': [], 'writeConcernErrors': [], 'nRemoved': 0, 'nInserted': 1}
2017-11-03 19:17:34,434: rp.session.two.jdakka.017473.0004: task-manager                    : MainThread     : DEBUG   : bulk unit insert result: {'nModified': 0, 'nUpserted': 0, 'nMatched': 0, 'writeErrors': [], 'upserted': [], 'writeConcernErrors': [], 'nRemoved': 0, 'nInserted': 1}
2017-11-03 19:17:34,553: rp.session.two.jdakka.017473.0004: task-manager                    : MainThread     : DEBUG   : bulk unit insert result: {'nModified': 0, 'nUpserted': 0, 'nMatched': 0, 'writeErrors': [], 'upserted': [], 'writeConcernErrors': [], 'nRemoved': 0, 'nInserted': 1}
2017-11-03 19:17:34,680: rp.session.two.jdakka.017473.0004: task-manager                    : MainThread     : DEBUG   : bulk unit insert result: {'nModified': 0, 'nUpserted': 0, 'nMatched': 0, 'writeErrors': [], 'upserted': [], 'writeConcernErrors': [], 'nRemoved': 0, 'nInserted': 1}
2017-11-03 19:17:34,807: rp.session.two.jdakka.017473.0004: task-manager                    : MainThread     : DEBUG   : bulk unit insert result: {'nModified': 0, 'nUpserted': 0, 'nMatched': 0, 'writeErrors': [], 'upserted': [], 'writeConcernErrors': [], 'nRemoved': 0, 'nInserted': 1}
2017-11-03 19:17:36,234: rp.session.two.jdakka.017473.0004: task-manager                    : MainThread     : DEBUG   : bulk unit insert result: {'nModified': 0, 'nUpserted': 0, 'nMatched': 0, 'writeErrors': [], 'upserted': [], 'writeConcernErrors': [], 'nRemoved': 0, 'nInserted': 1}
2017-11-03 19:17:36,347: rp.session.two.jdakka.017473.0004: task-manager                    : MainThread     : DEBUG   : bulk unit insert result: {'nModified': 0, 'nUpserted': 0, 'nMatched': 0, 'writeErrors': [], 'upserted': [], 'writeConcernErrors': [], 'nRemoved': 0, 'nInserted': 1}
2017-11-03 19:17:36,474: rp.session.two.jdakka.017473.0004: task-manager                    : MainThread     : DEBUG   : bulk unit insert result: {'nModified': 0, 'nUpserted': 0, 'nMatched': 0, 'writeErrors': [], 'upserted': [], 'writeConcernErrors': [], 'nRemoved': 0, 'nInserted': 1}
2017-11-03 19:17:36,588: rp.session.two.jdakka.017473.0004: task-manager                    : MainThread     : DEBUG   : bulk unit insert result: {'nModified': 0, 'nUpserted': 0, 'nMatched': 0, 'writeErrors': [], 'upserted': [], 'writeConcernErrors': [], 'nRemoved': 0, 'nInserted': 1}
2017-11-03 19:17:36,713: rp.session.two.jdakka.017473.0004: task-manager                    : MainThread     : DEBUG   : bulk unit insert result: {'nModified': 0, 'nUpserted': 0, 'nMatched': 0, 'writeErrors': [], 'upserted': [], 'writeConcernErrors': [], 'nRemoved': 0, 'nInserted': 1}
2017-11-03 19:17:37,821: rp.session.two.jdakka.017473.0004: task-manager                    : MainThread     : DEBUG   : bulk unit insert result: {'nModified': 0, 'nUpserted': 0, 'nMatched': 0, 'writeErrors': [], 'upserted': [], 'writeConcernErrors': [], 'nRemoved': 0, 'nInserted': 1}
2017-11-03 19:17:37,949: rp.session.two.jdakka.017473.0004: task-manager                    : MainThread     : DEBUG   : bulk unit insert result: {'nModified': 0, 'nUpserted': 0, 'nMatched': 0, 'writeErrors': [], 'upserted': [], 'writeConcernErrors': [], 'nRemoved': 0, 'nInserted': 1}
2017-11-03 19:17:39,547: rp.session.two.jdakka.017473.0004: task-manager                    : MainThread     : DEBUG   : bulk unit insert result: {'nModified': 0, 'nUpserted': 0, 'nMatched': 0, 'writeErrors': [], 'upserted': [], 'writeConcernErrors': [], 'nRemoved': 0, 'nInserted': 1}
2017-11-03 19:17:39,670: rp.session.two.jdakka.017473.0004: task-manager                    : MainThread     : DEBUG   : bulk unit insert result: {'nModified': 0, 'nUpserted': 0, 'nMatched': 0, 'writeErrors': [], 'upserted': [], 'writeConcernErrors': [], 'nRemoved': 0, 'nInserted': 1}
2017-11-03 19:17:39,785: rp.session.two.jdakka.017473.0004: task-manager                    : MainThread     : DEBUG   : bulk unit insert result: {'nModified': 0, 'nUpserted': 0, 'nMatched': 0, 'writeErrors': [], 'upserted': [], 'writeConcernErrors': [], 'nRemoved': 0, 'nInserted': 1}
2017-11-03 19:17:39,905: rp.session.two.jdakka.017473.0004: task-manager                    : MainThread     : DEBUG   : bulk unit insert result: {'nModified': 0, 'nUpserted': 0, 'nMatched': 0, 'writeErrors': [], 'upserted': [], 'writeConcernErrors': [], 'nRemoved': 0, 'nInserted': 1}
2017-11-03 19:17:40,017: rp.session.two.jdakka.017473.0004: task-manager                    : MainThread     : DEBUG   : bulk unit insert result: {'nModified': 0, 'nUpserted': 0, 'nMatched': 0, 'writeErrors': [], 'upserted': [], 'writeConcernErrors': [], 'nRemoved': 0, 'nInserted': 1}
2017-11-03 19:17:40,126: rp.session.two.jdakka.017473.0004: task-manager                    : MainThread     : DEBUG   : bulk unit insert result: {'nModified': 0, 'nUpserted': 0, 'nMatched': 0, 'writeErrors': [], 'upserted': [], 'writeConcernErrors': [], 'nRemoved': 0, 'nInserted': 1}
2017-11-03 19:17:40,243: rp.session.two.jdakka.017473.0004: task-manager                    : MainThread     : DEBUG   : bulk unit insert result: {'nModified': 0, 'nUpserted': 0, 'nMatched': 0, 'writeErrors': [], 'upserted': [], 'writeConcernErrors': [], 'nRemoved': 0, 'nInserted': 1}
2017-11-03 19:17:41,434: rp.session.two.jdakka.017473.0004: task-manager                    : MainThread     : DEBUG   : bulk unit insert result: {'nModified': 0, 'nUpserted': 0, 'nMatched': 0, 'writeErrors': [], 'upserted': [], 'writeConcernErrors': [], 'nRemoved': 0, 'nInserted': 1}
2017-11-03 19:17:41,580: rp.session.two.jdakka.017473.0004: task-manager                    : MainThread     : DEBUG   : bulk unit insert result: {'nModified': 0, 'nUpserted': 0, 'nMatched': 0, 'writeErrors': [], 'upserted': [], 'writeConcernErrors': [], 'nRemoved': 0, 'nInserted': 1}
2017-11-03 19:17:41,707: rp.session.two.jdakka.017473.0004: task-manager                    : MainThread     : DEBUG   : bulk unit insert result: {'nModified': 0, 'nUpserted': 0, 'nMatched': 0, 'writeErrors': [], 'upserted': [], 'writeConcernErrors': [], 'nRemoved': 0, 'nInserted': 1}
2017-11-03 19:17:41,839: rp.session.two.jdakka.017473.0004: task-manager                    : MainThread     : DEBUG   : bulk unit insert result: {'nModified': 0, 'nUpserted': 0, 'nMatched': 0, 'writeErrors': [], 'upserted': [], 'writeConcernErrors': [], 'nRemoved': 0, 'nInserted': 1}
2017-11-03 19:17:41,958: rp.session.two.jdakka.017473.0004: task-manager                    : MainThread     : DEBUG   : bulk unit insert result: {'nModified': 0, 'nUpserted': 0, 'nMatched': 0, 'writeErrors': [], 'upserted': [], 'writeConcernErrors': [], 'nRemoved': 0, 'nInserted': 1}
2017-11-03 19:17:42,076: rp.session.two.jdakka.017473.0004: task-manager                    : MainThread     : DEBUG   : bulk unit insert result: {'nModified': 0, 'nUpserted': 0, 'nMatched': 0, 'writeErrors': [], 'upserted': [], 'writeConcernErrors': [], 'nRemoved': 0, 'nInserted': 1}
2017-11-03 19:17:42,994: rp.session.two.jdakka.017473.0004: task-manager                    : MainThread     : DEBUG   : bulk unit insert result: {'nModified': 0, 'nUpserted': 0, 'nMatched': 0, 'writeErrors': [], 'upserted': [], 'writeConcernErrors': [], 'nRemoved': 0, 'nInserted': 1}
2017-11-03 19:17:43,108: rp.session.two.jdakka.017473.0004: task-manager                    : MainThread     : DEBUG   : bulk unit insert result: {'nModified': 0, 'nUpserted': 0, 'nMatched': 0, 'writeErrors': [], 'upserted': [], 'writeConcernErrors': [], 'nRemoved': 0, 'nInserted': 1}
2017-11-03 19:17:43,230: rp.session.two.jdakka.017473.0004: task-manager                    : MainThread     : DEBUG   : bulk unit insert result: {'nModified': 0, 'nUpserted': 0, 'nMatched': 0, 'writeErrors': [], 'upserted': [], 'writeConcernErrors': [], 'nRemoved': 0, 'nInserted': 1}
2017-11-03 19:17:43,348: rp.session.two.jdakka.017473.0004: task-manager                    : MainThread     : DEBUG   : bulk unit insert result: {'nModified': 0, 'nUpserted': 0, 'nMatched': 0, 'writeErrors': [], 'upserted': [], 'writeConcernErrors': [], 'nRemoved': 0, 'nInserted': 1}
2017-11-03 19:17:43,455: rp.session.two.jdakka.017473.0004: task-manager                    : MainThread     : DEBUG   : bulk unit insert result: {'nModified': 0, 'nUpserted': 0, 'nMatched': 0, 'writeErrors': [], 'upserted': [], 'writeConcernErrors': [], 'nRemoved': 0, 'nInserted': 1}
2017-11-03 19:17:44,963: rp.session.two.jdakka.017473.0004: task-manager                    : MainThread     : DEBUG   : bulk unit insert result: {'nModified': 0, 'nUpserted': 0, 'nMatched': 0, 'writeErrors': [], 'upserted': [], 'writeConcernErrors': [], 'nRemoved': 0, 'nInserted': 1}
2017-11-03 19:17:45,095: rp.session.two.jdakka.017473.0004: task-manager                    : MainThread     : DEBUG   : bulk unit insert result: {'nModified': 0, 'nUpserted': 0, 'nMatched': 0, 'writeErrors': [], 'upserted': [], 'writeConcernErrors': [], 'nRemoved': 0, 'nInserted': 1}
2017-11-03 19:17:45,225: rp.session.two.jdakka.017473.0004: task-manager                    : MainThread     : DEBUG   : bulk unit insert result: {'nModified': 0, 'nUpserted': 0, 'nMatched': 0, 'writeErrors': [], 'upserted': [], 'writeConcernErrors': [], 'nRemoved': 0, 'nInserted': 1}
2017-11-03 19:17:45,352: rp.session.two.jdakka.017473.0004: task-manager                    : MainThread     : DEBUG   : bulk unit insert result: {'nModified': 0, 'nUpserted': 0, 'nMatched': 0, 'writeErrors': [], 'upserted': [], 'writeConcernErrors': [], 'nRemoved': 0, 'nInserted': 1}
2017-11-03 19:17:45,484: rp.session.two.jdakka.017473.0004: task-manager                    : MainThread     : DEBUG   : bulk unit insert result: {'nModified': 0, 'nUpserted': 0, 'nMatched': 0, 'writeErrors': [], 'upserted': [], 'writeConcernErrors': [], 'nRemoved': 0, 'nInserted': 1}
2017-11-03 19:17:45,604: rp.session.two.jdakka.017473.0004: task-manager                    : MainThread     : DEBUG   : bulk unit insert result: {'nModified': 0, 'nUpserted': 0, 'nMatched': 0, 'writeErrors': [], 'upserted': [], 'writeConcernErrors': [], 'nRemoved': 0, 'nInserted': 1}
2017-11-03 19:17:46,814: rp.session.two.jdakka.017473.0004: task-manager                    : MainThread     : DEBUG   : bulk unit insert result: {'nModified': 0, 'nUpserted': 0, 'nMatched': 0, 'writeErrors': [], 'upserted': [], 'writeConcernErrors': [], 'nRemoved': 0, 'nInserted': 1}
2017-11-03 19:17:46,932: rp.session.two.jdakka.017473.0004: task-manager                    : MainThread     : DEBUG   : bulk unit insert result: {'nModified': 0, 'nUpserted': 0, 'nMatched': 0, 'writeErrors': [], 'upserted': [], 'writeConcernErrors': [], 'nRemoved': 0, 'nInserted': 1}
2017-11-03 19:17:47,059: rp.session.two.jdakka.017473.0004: task-manager                    : MainThread     : DEBUG   : bulk unit insert result: {'nModified': 0, 'nUpserted': 0, 'nMatched': 0, 'writeErrors': [], 'upserted': [], 'writeConcernErrors': [], 'nRemoved': 0, 'nInserted': 1}
2017-11-03 19:17:47,194: rp.session.two.jdakka.017473.0004: task-manager                    : MainThread     : DEBUG   : bulk unit insert result: {'nModified': 0, 'nUpserted': 0, 'nMatched': 0, 'writeErrors': [], 'upserted': [], 'writeConcernErrors': [], 'nRemoved': 0, 'nInserted': 1}
2017-11-03 19:17:48,531: rp.session.two.jdakka.017473.0004: task-manager                    : MainThread     : DEBUG   : bulk unit insert result: {'nModified': 0, 'nUpserted': 0, 'nMatched': 0, 'writeErrors': [], 'upserted': [], 'writeConcernErrors': [], 'nRemoved': 0, 'nInserted': 1}
2017-11-03 19:17:48,662: rp.session.two.jdakka.017473.0004: task-manager                    : MainThread     : DEBUG   : bulk unit insert result: {'nModified': 0, 'nUpserted': 0, 'nMatched': 0, 'writeErrors': [], 'upserted': [], 'writeConcernErrors': [], 'nRemoved': 0, 'nInserted': 1}
2017-11-03 19:17:48,775: rp.session.two.jdakka.017473.0004: task-manager                    : MainThread     : DEBUG   : bulk unit insert result: {'nModified': 0, 'nUpserted': 0, 'nMatched': 0, 'writeErrors': [], 'upserted': [], 'writeConcernErrors': [], 'nRemoved': 0, 'nInserted': 1}
2017-11-03 19:17:48,903: rp.session.two.jdakka.017473.0004: task-manager                    : MainThread     : DEBUG   : bulk unit insert result: {'nModified': 0, 'nUpserted': 0, 'nMatched': 0, 'writeErrors': [], 'upserted': [], 'writeConcernErrors': [], 'nRemoved': 0, 'nInserted': 1}
2017-11-03 19:17:49,018: rp.session.two.jdakka.017473.0004: task-manager                    : MainThread     : DEBUG   : bulk unit insert result: {'nModified': 0, 'nUpserted': 0, 'nMatched': 0, 'writeErrors': [], 'upserted': [], 'writeConcernErrors': [], 'nRemoved': 0, 'nInserted': 1}
2017-11-03 19:17:50,375: rp.session.two.jdakka.017473.0004: task-manager                    : MainThread     : DEBUG   : bulk unit insert result: {'nModified': 0, 'nUpserted': 0, 'nMatched': 0, 'writeErrors': [], 'upserted': [], 'writeConcernErrors': [], 'nRemoved': 0, 'nInserted': 1}
2017-11-03 19:17:50,510: rp.session.two.jdakka.017473.0004: task-manager                    : MainThread     : DEBUG   : bulk unit insert result: {'nModified': 0, 'nUpserted': 0, 'nMatched': 0, 'writeErrors': [], 'upserted': [], 'writeConcernErrors': [], 'nRemoved': 0, 'nInserted': 1}
2017-11-03 19:17:52,370: rp.session.two.jdakka.017473.0004: task-manager                    : MainThread     : DEBUG   : bulk unit insert result: {'nModified': 0, 'nUpserted': 0, 'nMatched': 0, 'writeErrors': [], 'upserted': [], 'writeConcernErrors': [], 'nRemoved': 0, 'nInserted': 1}
2017-11-03 19:17:52,490: rp.session.two.jdakka.017473.0004: task-manager                    : MainThread     : DEBUG   : bulk unit insert result: {'nModified': 0, 'nUpserted': 0, 'nMatched': 0, 'writeErrors': [], 'upserted': [], 'writeConcernErrors': [], 'nRemoved': 0, 'nInserted': 1}
2017-11-03 19:17:52,616: rp.session.two.jdakka.017473.0004: task-manager                    : MainThread     : DEBUG   : bulk unit insert result: {'nModified': 0, 'nUpserted': 0, 'nMatched': 0, 'writeErrors': [], 'upserted': [], 'writeConcernErrors': [], 'nRemoved': 0, 'nInserted': 1}
2017-11-03 19:17:52,736: rp.session.two.jdakka.017473.0004: task-manager                    : MainThread     : DEBUG   : bulk unit insert result: {'nModified': 0, 'nUpserted': 0, 'nMatched': 0, 'writeErrors': [], 'upserted': [], 'writeConcernErrors': [], 'nRemoved': 0, 'nInserted': 1}
2017-11-03 19:17:54,264: rp.session.two.jdakka.017473.0004: task-manager                    : MainThread     : DEBUG   : bulk unit insert result: {'nModified': 0, 'nUpserted': 0, 'nMatched': 0, 'writeErrors': [], 'upserted': [], 'writeConcernErrors': [], 'nRemoved': 0, 'nInserted': 1}
2017-11-03 19:17:54,386: rp.session.two.jdakka.017473.0004: task-manager                    : MainThread     : DEBUG   : bulk unit insert result: {'nModified': 0, 'nUpserted': 0, 'nMatched': 0, 'writeErrors': [], 'upserted': [], 'writeConcernErrors': [], 'nRemoved': 0, 'nInserted': 1}
2017-11-03 19:17:54,505: rp.session.two.jdakka.017473.0004: task-manager                    : MainThread     : DEBUG   : bulk unit insert result: {'nModified': 0, 'nUpserted': 0, 'nMatched': 0, 'writeErrors': [], 'upserted': [], 'writeConcernErrors': [], 'nRemoved': 0, 'nInserted': 1}
2017-11-03 19:17:56,257: rp.session.two.jdakka.017473.0004: task-manager                    : MainThread     : DEBUG   : bulk unit insert result: {'nModified': 0, 'nUpserted': 0, 'nMatched': 0, 'writeErrors': [], 'upserted': [], 'writeConcernErrors': [], 'nRemoved': 0, 'nInserted': 1}
2017-11-03 19:17:56,378: rp.session.two.jdakka.017473.0004: task-manager                    : MainThread     : DEBUG   : bulk unit insert result: {'nModified': 0, 'nUpserted': 0, 'nMatched': 0, 'writeErrors': [], 'upserted': [], 'writeConcernErrors': [], 'nRemoved': 0, 'nInserted': 1}
2017-11-03 19:17:56,492: rp.session.two.jdakka.017473.0004: task-manager                    : MainThread     : DEBUG   : bulk unit insert result: {'nModified': 0, 'nUpserted': 0, 'nMatched': 0, 'writeErrors': [], 'upserted': [], 'writeConcernErrors': [], 'nRemoved': 0, 'nInserted': 1}
2017-11-03 19:17:58,256: rp.session.two.jdakka.017473.0004: task-manager                    : MainThread     : DEBUG   : bulk unit insert result: {'nModified': 0, 'nUpserted': 0, 'nMatched': 0, 'writeErrors': [], 'upserted': [], 'writeConcernErrors': [], 'nRemoved': 0, 'nInserted': 1}
2017-11-03 19:17:58,379: rp.session.two.jdakka.017473.0004: task-manager                    : MainThread     : DEBUG   : bulk unit insert result: {'nModified': 0, 'nUpserted': 0, 'nMatched': 0, 'writeErrors': [], 'upserted': [], 'writeConcernErrors': [], 'nRemoved': 0, 'nInserted': 1}
2017-11-03 19:17:58,512: rp.session.two.jdakka.017473.0004: task-manager                    : MainThread     : DEBUG   : bulk unit insert result: {'nModified': 0, 'nUpserted': 0, 'nMatched': 0, 'writeErrors': [], 'upserted': [], 'writeConcernErrors': [], 'nRemoved': 0, 'nInserted': 1}
2017-11-03 19:18:00,421: rp.session.two.jdakka.017473.0004: task-manager                    : MainThread     : DEBUG   : bulk unit insert result: {'nModified': 0, 'nUpserted': 0, 'nMatched': 0, 'writeErrors': [], 'upserted': [], 'writeConcernErrors': [], 'nRemoved': 0, 'nInserted': 1}
2017-11-03 19:18:04,312: rp.session.two.jdakka.017473.0004: task-manager                    : MainThread     : DEBUG   : bulk unit insert result: {'nModified': 0, 'nUpserted': 0, 'nMatched': 0, 'writeErrors': [], 'upserted': [], 'writeConcernErrors': [], 'nRemoved': 0, 'nInserted': 1}
2017-11-03 19:18:08,102: rp.session.two.jdakka.017473.0004: task-manager                    : MainThread     : DEBUG   : bulk unit insert result: {'nModified': 0, 'nUpserted': 0, 'nMatched': 0, 'writeErrors': [], 'upserted': [], 'writeConcernErrors': [], 'nRemoved': 0, 'nInserted': 1}
2017-11-03 19:18:48,544: rp.session.two.jdakka.017473.0004: MainProcess                     : MainThread     : DEBUG   : session rp.session.two.jdakka.017473.0004 closing
2017-11-03 19:18:48,544: rp.session.two.jdakka.017473.0004: MainProcess                     : MainThread     : DEBUG   : session rp.session.two.jdakka.017473.0004 closes pmgr   pmgr.0000
2017-11-03 19:18:51,091: rp.session.two.jdakka.017473.0004: MainProcess                     : MainThread     : DEBUG   : session rp.session.two.jdakka.017473.0004 closed pmgr   pmgr.0000
2017-11-03 19:18:51,091: rp.session.two.jdakka.017473.0004: MainProcess                     : MainThread     : DEBUG   : session rp.session.two.jdakka.017473.0004 closes comp   update.0
2017-11-03 19:18:51,091: rp.session.two.jdakka.017473.0004: MainProcess                     : MainThread     : DEBUG   :  === update.0 stop called
2017-11-03 19:18:51,218: rp.session.two.jdakka.017473.0004: update.0                        : MainThread     : DEBUG   :  === update.0.child stop called
2017-11-03 19:18:51,487: rp.session.two.jdakka.017473.0004: update.0                        : MainThread     : DEBUG   :  === update.0.child stop called
2017-11-03 19:18:51,538: rp.session.two.jdakka.017473.0004: MainProcess                     : MainThread     : DEBUG   : session rp.session.two.jdakka.017473.0004 closed comp   update.0
2017-11-03 19:18:51,538: rp.session.two.jdakka.017473.0004: MainProcess                     : MainThread     : DEBUG   : session rp.session.two.jdakka.017473.0004 closes bridge control.pubsub.bridge.0000
2017-11-03 19:18:52,538: rp.session.two.jdakka.017473.0004: MainProcess                     : MainThread     : DEBUG   : session rp.session.two.jdakka.017473.0004 closed bridge control.pubsub.bridge.0000
2017-11-03 19:18:52,538: rp.session.two.jdakka.017473.0004: MainProcess                     : MainThread     : DEBUG   : session rp.session.two.jdakka.017473.0004 closes bridge state.pubsub.bridge.0000
2017-11-03 19:18:53,511: rp.session.two.jdakka.017473.0004: MainProcess                     : MainThread     : DEBUG   : session rp.session.two.jdakka.017473.0004 closed bridge state.pubsub.bridge.0000
2017-11-03 19:18:53,511: rp.session.two.jdakka.017473.0004: MainProcess                     : MainThread     : DEBUG   : session rp.session.two.jdakka.017473.0004 closes bridge log.pubsub.bridge.0000
2017-11-03 19:18:53,992: rp.session.two.jdakka.017473.0004: MainProcess                     : MainThread     : DEBUG   : session rp.session.two.jdakka.017473.0004 closed bridge log.pubsub.bridge.0000
2017-11-03 19:18:53,992: rp.session.two.jdakka.017473.0004: MainProcess                     : MainThread     : DEBUG   : session rp.session.two.jdakka.017473.0004 closes db (False)
2017-11-03 19:18:53,993: rp.session.two.jdakka.017473.0004: MainProcess                     : MainThread     : DEBUG   : session rp.session.two.jdakka.017473.0004 closed (delete=False)
2017-11-03 19:18:54,056: rp.session.two.jdakka.017473.0004: MainProcess                     : MainThread     : DEBUG   :  === update.0 stop called
