2017-11-03 19:17:17,543: state.pubsub.sub.0001: umgr.0000.scheduling.0          : MainThread     : INFO    : python.interpreter   version: 2.7.12 (default, Nov 19 2016, 06:48:10) [GCC 5.4.0 20160609]
2017-11-03 19:17:17,543: state.pubsub.sub.0001: umgr.0000.scheduling.0          : MainThread     : INFO    :                      pid: 27024
2017-11-03 19:17:17,543: state.pubsub.sub.0001: umgr.0000.scheduling.0          : MainThread     : INFO    :                      tid: MainThread
2017-11-03 19:17:17,543: state.pubsub.sub.0001: umgr.0000.scheduling.0          : MainThread     : INFO    : radical.pilot        version: 0.47-v0.46.2-181-g138b1e15@HEAD-detached-at-origin-rc-v0.46.3
2017-11-03 19:17:17,543: state.pubsub.sub.0001: umgr.0000.scheduling.0          : MainThread     : INFO    : create state_pubsub - sub - tcp://138.201.86.166:34681
2017-11-03 19:17:17,544: state.pubsub.sub.0001: umgr.0000.scheduling.0          : MainThread     : DEBUG   : start process
2017-11-03 19:17:17,544: state.pubsub.sub.0001: umgr.0000.scheduling.0          : MainThread     : DEBUG   : ru_initialize_common (NOOP)
2017-11-03 19:17:17,544: state.pubsub.sub.0001: umgr.0000.scheduling.0          : MainThread     : DEBUG   : ru_initialize_parent (NOOP)
2017-11-03 19:17:17,544: state.pubsub.sub.0001: umgr.0000.scheduling.0          : MainThread     : DEBUG   : process class started (no child)
2017-11-03 19:17:18,110: state.pubsub.sub.0001: task-manager                    : MainThread     : INFO    : python.interpreter   version: 2.7.12 (default, Nov 19 2016, 06:48:10) [GCC 5.4.0 20160609]
2017-11-03 19:17:18,110: state.pubsub.sub.0001: task-manager                    : MainThread     : INFO    :                      pid: 26930
2017-11-03 19:17:18,110: state.pubsub.sub.0001: task-manager                    : MainThread     : INFO    :                      tid: MainThread
2017-11-03 19:17:18,110: state.pubsub.sub.0001: task-manager                    : MainThread     : INFO    : radical.pilot        version: 0.47-v0.46.2-181-g138b1e15@HEAD-detached-at-origin-rc-v0.46.3
2017-11-03 19:17:18,110: state.pubsub.sub.0001: task-manager                    : MainThread     : INFO    : create state_pubsub - sub - tcp://138.201.86.166:34681
2017-11-03 19:17:18,111: state.pubsub.sub.0001: task-manager                    : MainThread     : DEBUG   : start process
2017-11-03 19:17:18,112: state.pubsub.sub.0001: task-manager                    : MainThread     : DEBUG   : ru_initialize_common (NOOP)
2017-11-03 19:17:18,112: state.pubsub.sub.0001: task-manager                    : MainThread     : DEBUG   : ru_initialize_parent (NOOP)
2017-11-03 19:17:18,112: state.pubsub.sub.0001: task-manager                    : MainThread     : DEBUG   : process class started (no child)
2017-11-03 19:18:37,307: state.pubsub.sub.0001: umgr.0000.scheduling.0          : MainThread     : INFO    : parent stops child  27024 -> None [state.pubsub.sub.0001]
2017-11-03 19:18:37,307: state.pubsub.sub.0001: umgr.0000.scheduling.0          : MainThread     : DEBUG   : ru_finalize_parent (NOOP)
