2017-11-03 19:06:33,256: update.0.child      : update.0                        : MainThread     : INFO    : python.interpreter   version: 2.7.12 (default, Nov 19 2016, 06:48:10) [GCC 5.4.0 20160609]
2017-11-03 19:06:33,257: update.0.child      : update.0                        : MainThread     : INFO    :                      pid: 12719
2017-11-03 19:06:33,257: update.0.child      : update.0                        : MainThread     : INFO    :                      tid: MainThread
2017-11-03 19:06:33,257: update.0.child      : update.0                        : MainThread     : INFO    : radical.pilot        version: 0.47-v0.46.2-181-g138b1e15@HEAD-detached-at-origin-rc-v0.46.3
2017-11-03 19:06:33,351: update.0.child      : update.0                        : MainThread     : INFO    : initialize update.0.child
2017-11-03 19:06:33,355: update.0.child      : update.0                        : MainThread     : INFO    : cfg: {'agents': {},
 u'bridges': {u'control_pubsub': {'addr_in': 'tcp://138.201.86.166:43499',
                                  'addr_out': 'tcp://138.201.86.166:35215',
                                  u'bulk_size': 0,
                                  u'log_level': u'debug',
                                  u'stall_hwm': 1},
              u'log_pubsub': {'addr_in': 'tcp://138.201.86.166:43668',
                              'addr_out': 'tcp://138.201.86.166:37713',
                              u'bulk_size': 0,
                              u'log_level': u'debug',
                              u'stall_hwm': 1},
              u'state_pubsub': {'addr_in': 'tcp://138.201.86.166:41882',
                                'addr_out': 'tcp://138.201.86.166:34681',
                                u'bulk_size': 0,
                                u'log_level': u'debug',
                                u'stall_hwm': 1}},
 'cname': u'UpdateWorker',
 u'components': {},
 u'count': 1,
 'dburl': 'mongodb://jdakka:mongo@ds231715.mlab.com:31715/new_htbac',
 'debug': 'DEBUG',
 u'default_dburl': u'mongodb://rp:rp@ds015335.mlab.com:15335/rp',
 'logdir': '/home/jdakka/UCL/ties_null_workload/GB-SC18/scripts/ties/null_workload_32_replicas/rp.session.two.jdakka.017473.0004',
 'number': 0,
 'owner': 'rp.session.two.jdakka.017473.0004',
 'session_id': 'rp.session.two.jdakka.017473.0004'}
2017-11-03 19:06:33,355: update.0.child      : update.0                        : MainThread     : DEBUG   : start components: {}
2017-11-03 19:06:33,356: update.0.child      : update.0                        : MainThread     : DEBUG   : alive check in term
2017-11-03 19:06:33,356: update.0.child      : update.0                        : MainThread     : DEBUG   : START: update.0.child register publisher log_pubsub
2017-11-03 19:06:33,356: update.0.child      : update.0                        : MainThread     : DEBUG   : using addr tcp://138.201.86.166:43668 for pubsub log_pubsub
2017-11-03 19:06:33,360: update.0.child      : update.0                        : MainThread     : DEBUG   : registered publisher : log_pubsub : log.pubsub.pub.0000
2017-11-03 19:06:33,360: update.0.child      : update.0                        : MainThread     : DEBUG   : alive check in term
2017-11-03 19:06:33,360: update.0.child      : update.0                        : MainThread     : DEBUG   : START: update.0.child register publisher state_pubsub
2017-11-03 19:06:33,361: update.0.child      : update.0                        : MainThread     : DEBUG   : using addr tcp://138.201.86.166:41882 for pubsub state_pubsub
2017-11-03 19:06:33,363: update.0.child      : update.0                        : MainThread     : DEBUG   : registered publisher : state_pubsub : state.pubsub.pub.0000
2017-11-03 19:06:33,364: update.0.child      : update.0                        : MainThread     : DEBUG   : alive check in term
2017-11-03 19:06:33,364: update.0.child      : update.0                        : MainThread     : DEBUG   : START: update.0.child register publisher control_pubsub
2017-11-03 19:06:33,364: update.0.child      : update.0                        : MainThread     : DEBUG   : using addr tcp://138.201.86.166:43499 for pubsub control_pubsub
2017-11-03 19:06:33,379: update.0.child      : update.0                        : MainThread     : DEBUG   : registered publisher : control_pubsub : control.pubsub.pub.0000
2017-11-03 19:06:33,380: update.0.child      : update.0                        : MainThread     : DEBUG   : alive check in term
2017-11-03 19:06:33,380: update.0.child      : update.0                        : MainThread     : DEBUG   : START: update.0.child register subscriber update.0.child.subscriber._cancel_monitor_cb
2017-11-03 19:06:33,380: update.0.child      : update.0                        : MainThread     : DEBUG   : using addr tcp://138.201.86.166:35215 for pubsub control_pubsub
2017-11-03 19:06:33,383: update.0.child      : update.0                        : MainThread     : DEBUG   : parent name: update.0.child.subscriber._cancel_monitor_cb
2017-11-03 19:06:33,384: update.0.child      : update.0                        : MainThread     : DEBUG   : start thread
2017-11-03 19:06:33,384: update.0.child      : update.0                        : update.0.child.subscriber._cancel_monitor_cb: DEBUG   : child name: update.0.child.subscriber._cancel_monitor_cb.thread
2017-11-03 19:06:33,384: update.0.child      : update.0                        : update.0.child.subscriber._cancel_monitor_cb: INFO    : child (me) initializing
2017-11-03 19:06:33,385: update.0.child      : update.0                        : update.0.child.subscriber._cancel_monitor_cb: DEBUG   : ru_initialize_common (NOOP)
2017-11-03 19:06:33,385: update.0.child      : update.0                        : update.0.child.subscriber._cancel_monitor_cb: DEBUG   : ru_initialize_child (NOOP)
2017-11-03 19:06:33,385: update.0.child      : update.0                        : update.0.child.subscriber._cancel_monitor_cb: INFO    : send alive
2017-11-03 19:06:33,385: update.0.child      : update.0                        : update.0.child.subscriber._cancel_monitor_cb: INFO    : put message: [update.0.child.subscriber._cancel_monitor_cb.thread] alive
2017-11-03 19:06:33,386: update.0.child      : update.0                        : MainThread     : INFO    : get msg: alive
2017-11-03 19:06:33,386: update.0.child      : update.0                        : MainThread     : DEBUG   : ru_initialize_common (NOOP)
2017-11-03 19:06:33,386: update.0.child      : update.0                        : MainThread     : DEBUG   : ru_initialize_parent (NOOP)
2017-11-03 19:06:33,386: update.0.child      : update.0                        : MainThread     : DEBUG   : child thread update.0.child.subscriber._cancel_monitor_cb started
2017-11-03 19:06:33,386: update.0.child      : update.0                        : MainThread     : DEBUG   : update.0.child registered control_pubsub subscriber update.0.child.subscriber._cancel_monitor_cb
2017-11-03 19:06:33,951: update.0.child      : update.0                        : MainThread     : DEBUG   : alive check in term
2017-11-03 19:06:33,951: update.0.child      : update.0                        : MainThread     : DEBUG   : START: update.0.child register subscriber update.0.child.subscriber._state_cb
2017-11-03 19:06:33,951: update.0.child      : update.0                        : MainThread     : DEBUG   : using addr tcp://138.201.86.166:34681 for pubsub state_pubsub
2017-11-03 19:06:33,954: update.0.child      : update.0                        : MainThread     : DEBUG   : parent name: update.0.child.subscriber._state_cb
2017-11-03 19:06:33,954: update.0.child      : update.0                        : MainThread     : DEBUG   : start thread
2017-11-03 19:06:33,955: update.0.child      : update.0                        : update.0.child.subscriber._state_cb: DEBUG   : child name: update.0.child.subscriber._state_cb.thread
2017-11-03 19:06:33,955: update.0.child      : update.0                        : update.0.child.subscriber._state_cb: INFO    : child (me) initializing
2017-11-03 19:06:33,955: update.0.child      : update.0                        : update.0.child.subscriber._state_cb: DEBUG   : ru_initialize_common (NOOP)
2017-11-03 19:06:33,955: update.0.child      : update.0                        : update.0.child.subscriber._state_cb: DEBUG   : ru_initialize_child (NOOP)
2017-11-03 19:06:33,955: update.0.child      : update.0                        : update.0.child.subscriber._state_cb: INFO    : send alive
2017-11-03 19:06:33,955: update.0.child      : update.0                        : update.0.child.subscriber._state_cb: INFO    : put message: [update.0.child.subscriber._state_cb.thread] alive
2017-11-03 19:06:33,956: update.0.child      : update.0                        : MainThread     : INFO    : get msg: alive
2017-11-03 19:06:33,956: update.0.child      : update.0                        : MainThread     : DEBUG   : ru_initialize_common (NOOP)
2017-11-03 19:06:33,956: update.0.child      : update.0                        : MainThread     : DEBUG   : ru_initialize_parent (NOOP)
2017-11-03 19:06:33,956: update.0.child      : update.0                        : MainThread     : DEBUG   : child thread update.0.child.subscriber._state_cb started
2017-11-03 19:06:33,957: update.0.child      : update.0                        : MainThread     : DEBUG   : update.0.child registered state_pubsub subscriber update.0.child.subscriber._state_cb
2017-11-03 19:06:33,957: update.0.child      : update.0                        : MainThread     : DEBUG   : alive check in term
2017-11-03 19:06:33,957: update.0.child      : update.0                        : MainThread     : DEBUG   : START: update.0.child register idler update.0.child.idler._idle_cb
2017-11-03 19:06:33,957: update.0.child      : update.0                        : MainThread     : DEBUG   : parent name: update.0.child.idler._idle_cb
2017-11-03 19:06:33,957: update.0.child      : update.0                        : MainThread     : DEBUG   : start thread
2017-11-03 19:06:33,957: update.0.child      : update.0                        : update.0.child.idler._idle_cb: DEBUG   : child name: update.0.child.idler._idle_cb.thread
2017-11-03 19:06:33,957: update.0.child      : update.0                        : update.0.child.idler._idle_cb: INFO    : child (me) initializing
2017-11-03 19:06:33,958: update.0.child      : update.0                        : update.0.child.idler._idle_cb: DEBUG   : ru_initialize_common (NOOP)
2017-11-03 19:06:33,958: update.0.child      : update.0                        : update.0.child.idler._idle_cb: DEBUG   : ru_initialize_child (NOOP)
2017-11-03 19:06:33,958: update.0.child      : update.0                        : update.0.child.idler._idle_cb: INFO    : send alive
2017-11-03 19:06:33,958: update.0.child      : update.0                        : update.0.child.idler._idle_cb: INFO    : put message: [update.0.child.idler._idle_cb.thread] alive
2017-11-03 19:06:33,958: update.0.child      : update.0                        : MainThread     : INFO    : get msg: alive
2017-11-03 19:06:33,959: update.0.child      : update.0                        : MainThread     : DEBUG   : ru_initialize_common (NOOP)
2017-11-03 19:06:33,959: update.0.child      : update.0                        : MainThread     : DEBUG   : ru_initialize_parent (NOOP)
2017-11-03 19:06:33,959: update.0.child      : update.0                        : MainThread     : DEBUG   : child thread update.0.child.idler._idle_cb started
2017-11-03 19:06:33,959: update.0.child      : update.0                        : MainThread     : DEBUG   : update.0.child registered idler update.0.child.idler._idle_cb
2017-11-03 19:06:33,959: update.0.child      : update.0                        : MainThread     : INFO    : child (me) initializing
2017-11-03 19:06:33,959: update.0.child      : update.0                        : MainThread     : DEBUG   : parent name: update.0.child.watch
2017-11-03 19:06:33,959: update.0.child      : update.0                        : MainThread     : DEBUG   : start thread
2017-11-03 19:06:33,960: update.0.child      : update.0                        : update.0.child.watch: DEBUG   : child name: update.0.child.watch.thread
2017-11-03 19:06:33,960: update.0.child      : update.0                        : update.0.child.watch: INFO    : child (me) initializing
2017-11-03 19:06:33,960: update.0.child      : update.0                        : update.0.child.watch: DEBUG   : ru_initialize_common (NOOP)
2017-11-03 19:06:33,960: update.0.child      : update.0                        : update.0.child.watch: DEBUG   : ru_initialize_child (NOOP)
2017-11-03 19:06:33,960: update.0.child      : update.0                        : update.0.child.watch: INFO    : send alive
2017-11-03 19:06:33,960: update.0.child      : update.0                        : update.0.child.watch: INFO    : put message: [update.0.child.watch.thread] alive
2017-11-03 19:06:33,961: update.0.child      : update.0                        : MainThread     : INFO    : get msg: alive
2017-11-03 19:06:33,961: update.0.child      : update.0                        : MainThread     : DEBUG   : ru_initialize_common (NOOP)
2017-11-03 19:06:33,961: update.0.child      : update.0                        : MainThread     : DEBUG   : ru_initialize_parent (NOOP)
2017-11-03 19:06:33,961: update.0.child      : update.0                        : MainThread     : DEBUG   : child thread update.0.child.watch started
2017-11-03 19:06:33,961: update.0.child      : update.0                        : MainThread     : INFO    : child (me) is alive
2017-11-03 19:06:33,962: update.0.child      : update.0                        : MainThread     : INFO    : send alive
2017-11-03 19:06:33,962: update.0.child      : update.0                        : MainThread     : INFO    : send message: [update.0.child] alive
2017-11-03 19:06:42,387: update.0.child      : update.0                        : update.0.child.subscriber._state_cb: DEBUG   : bulk update result: {'nModified': 1, 'nUpserted': 0, 'nMatched': 1, 'writeErrors': [], 'upserted': [], 'writeConcernErrors': [], 'nRemoved': 0, 'nInserted': 0}
2017-11-03 19:06:44,092: update.0.child      : update.0                        : update.0.child.idler._idle_cb: DEBUG   : bulk update result: {'nModified': 1, 'nUpserted': 0, 'nMatched': 1, 'writeErrors': [], 'upserted': [], 'writeConcernErrors': [], 'nRemoved': 0, 'nInserted': 0}
2017-11-03 19:07:09,211: update.0.child      : update.0                        : update.0.child.subscriber._state_cb: DEBUG   : bulk update result: {'nModified': 1, 'nUpserted': 0, 'nMatched': 1, 'writeErrors': [], 'upserted': [], 'writeConcernErrors': [], 'nRemoved': 0, 'nInserted': 0}
2017-11-03 19:17:17,165: update.0.child      : update.0                        : update.0.child.subscriber._state_cb: DEBUG   : bulk update result: {'nModified': 1, 'nUpserted': 0, 'nMatched': 1, 'writeErrors': [], 'upserted': [], 'writeConcernErrors': [], 'nRemoved': 0, 'nInserted': 0}
2017-11-03 19:17:18,318: update.0.child      : update.0                        : update.0.child.subscriber._cancel_monitor_cb: DEBUG   : command ignored: add_pilots
2017-11-03 19:17:18,541: update.0.child      : update.0                        : update.0.child.subscriber._state_cb: DEBUG   : bulk update result: {'nModified': 1, 'nUpserted': 0, 'nMatched': 1, 'writeErrors': [], 'upserted': [], 'writeConcernErrors': [], 'nRemoved': 0, 'nInserted': 0}
2017-11-03 19:17:19,739: update.0.child      : update.0                        : update.0.child.subscriber._state_cb: DEBUG   : bulk update result: {'nModified': 45, 'nUpserted': 0, 'nMatched': 45, 'writeErrors': [], 'upserted': [], 'writeConcernErrors': [], 'nRemoved': 0, 'nInserted': 0}
2017-11-03 19:17:20,812: update.0.child      : update.0                        : update.0.child.subscriber._state_cb: DEBUG   : bulk update result: {'nModified': 45, 'nUpserted': 0, 'nMatched': 45, 'writeErrors': [], 'upserted': [], 'writeConcernErrors': [], 'nRemoved': 0, 'nInserted': 0}
2017-11-03 19:17:21,875: update.0.child      : update.0                        : update.0.child.subscriber._state_cb: DEBUG   : bulk update result: {'nModified': 45, 'nUpserted': 0, 'nMatched': 45, 'writeErrors': [], 'upserted': [], 'writeConcernErrors': [], 'nRemoved': 0, 'nInserted': 0}
2017-11-03 19:17:22,989: update.0.child      : update.0                        : update.0.child.idler._idle_cb: DEBUG   : bulk update result: {'nModified': 24, 'nUpserted': 0, 'nMatched': 24, 'writeErrors': [], 'upserted': [], 'writeConcernErrors': [], 'nRemoved': 0, 'nInserted': 0}
2017-11-03 19:17:24,625: update.0.child      : update.0                        : update.0.child.subscriber._state_cb: DEBUG   : bulk update result: {'nModified': 5, 'nUpserted': 0, 'nMatched': 5, 'writeErrors': [], 'upserted': [], 'writeConcernErrors': [], 'nRemoved': 0, 'nInserted': 0}
2017-11-03 19:17:26,196: update.0.child      : update.0                        : update.0.child.subscriber._state_cb: DEBUG   : bulk update result: {'nModified': 39, 'nUpserted': 0, 'nMatched': 39, 'writeErrors': [], 'upserted': [], 'writeConcernErrors': [], 'nRemoved': 0, 'nInserted': 0}
2017-11-03 19:17:27,418: update.0.child      : update.0                        : update.0.child.idler._idle_cb: DEBUG   : bulk update result: {'nModified': 28, 'nUpserted': 0, 'nMatched': 28, 'writeErrors': [], 'upserted': [], 'writeConcernErrors': [], 'nRemoved': 0, 'nInserted': 0}
2017-11-03 19:17:28,422: update.0.child      : update.0                        : update.0.child.subscriber._state_cb: DEBUG   : bulk update result: {'nModified': 36, 'nUpserted': 0, 'nMatched': 36, 'writeErrors': [], 'upserted': [], 'writeConcernErrors': [], 'nRemoved': 0, 'nInserted': 0}
2017-11-03 19:17:29,595: update.0.child      : update.0                        : update.0.child.subscriber._state_cb: DEBUG   : bulk update result: {'nModified': 23, 'nUpserted': 0, 'nMatched': 23, 'writeErrors': [], 'upserted': [], 'writeConcernErrors': [], 'nRemoved': 0, 'nInserted': 0}
2017-11-03 19:17:30,709: update.0.child      : update.0                        : update.0.child.idler._idle_cb: DEBUG   : bulk update result: {'nModified': 29, 'nUpserted': 0, 'nMatched': 29, 'writeErrors': [], 'upserted': [], 'writeConcernErrors': [], 'nRemoved': 0, 'nInserted': 0}
2017-11-03 19:17:31,868: update.0.child      : update.0                        : update.0.child.subscriber._state_cb: DEBUG   : bulk update result: {'nModified': 43, 'nUpserted': 0, 'nMatched': 43, 'writeErrors': [], 'upserted': [], 'writeConcernErrors': [], 'nRemoved': 0, 'nInserted': 0}
2017-11-03 19:17:32,887: update.0.child      : update.0                        : update.0.child.subscriber._state_cb: DEBUG   : bulk update result: {'nModified': 42, 'nUpserted': 0, 'nMatched': 42, 'writeErrors': [], 'upserted': [], 'writeConcernErrors': [], 'nRemoved': 0, 'nInserted': 0}
2017-11-03 19:17:34,002: update.0.child      : update.0                        : update.0.child.idler._idle_cb: DEBUG   : bulk update result: {'nModified': 19, 'nUpserted': 0, 'nMatched': 19, 'writeErrors': [], 'upserted': [], 'writeConcernErrors': [], 'nRemoved': 0, 'nInserted': 0}
2017-11-03 19:17:35,223: update.0.child      : update.0                        : update.0.child.idler._idle_cb: DEBUG   : bulk update result: {'nModified': 40, 'nUpserted': 0, 'nMatched': 40, 'writeErrors': [], 'upserted': [], 'writeConcernErrors': [], 'nRemoved': 0, 'nInserted': 0}
2017-11-03 19:17:36,334: update.0.child      : update.0                        : update.0.child.idler._idle_cb: DEBUG   : bulk update result: {'nModified': 15, 'nUpserted': 0, 'nMatched': 15, 'writeErrors': [], 'upserted': [], 'writeConcernErrors': [], 'nRemoved': 0, 'nInserted': 0}
2017-11-03 19:17:37,449: update.0.child      : update.0                        : update.0.child.idler._idle_cb: DEBUG   : bulk update result: {'nModified': 25, 'nUpserted': 0, 'nMatched': 25, 'writeErrors': [], 'upserted': [], 'writeConcernErrors': [], 'nRemoved': 0, 'nInserted': 0}
2017-11-03 19:17:38,563: update.0.child      : update.0                        : update.0.child.idler._idle_cb: DEBUG   : bulk update result: {'nModified': 16, 'nUpserted': 0, 'nMatched': 16, 'writeErrors': [], 'upserted': [], 'writeConcernErrors': [], 'nRemoved': 0, 'nInserted': 0}
2017-11-03 19:17:39,765: update.0.child      : update.0                        : update.0.child.subscriber._state_cb: DEBUG   : bulk update result: {'nModified': 22, 'nUpserted': 0, 'nMatched': 22, 'writeErrors': [], 'upserted': [], 'writeConcernErrors': [], 'nRemoved': 0, 'nInserted': 0}
2017-11-03 19:17:40,881: update.0.child      : update.0                        : update.0.child.idler._idle_cb: DEBUG   : bulk update result: {'nModified': 34, 'nUpserted': 0, 'nMatched': 34, 'writeErrors': [], 'upserted': [], 'writeConcernErrors': [], 'nRemoved': 0, 'nInserted': 0}
2017-11-03 19:17:42,070: update.0.child      : update.0                        : update.0.child.subscriber._state_cb: DEBUG   : bulk update result: {'nModified': 34, 'nUpserted': 0, 'nMatched': 34, 'writeErrors': [], 'upserted': [], 'writeConcernErrors': [], 'nRemoved': 0, 'nInserted': 0}
2017-11-03 19:17:43,213: update.0.child      : update.0                        : update.0.child.subscriber._state_cb: DEBUG   : bulk update result: {'nModified': 30, 'nUpserted': 0, 'nMatched': 30, 'writeErrors': [], 'upserted': [], 'writeConcernErrors': [], 'nRemoved': 0, 'nInserted': 0}
2017-11-03 19:17:44,328: update.0.child      : update.0                        : update.0.child.idler._idle_cb: DEBUG   : bulk update result: {'nModified': 24, 'nUpserted': 0, 'nMatched': 24, 'writeErrors': [], 'upserted': [], 'writeConcernErrors': [], 'nRemoved': 0, 'nInserted': 0}
2017-11-03 19:17:45,444: update.0.child      : update.0                        : update.0.child.subscriber._state_cb: DEBUG   : bulk update result: {'nModified': 29, 'nUpserted': 0, 'nMatched': 29, 'writeErrors': [], 'upserted': [], 'writeConcernErrors': [], 'nRemoved': 0, 'nInserted': 0}
2017-11-03 19:17:46,505: update.0.child      : update.0                        : update.0.child.subscriber._state_cb: DEBUG   : bulk update result: {'nModified': 25, 'nUpserted': 0, 'nMatched': 25, 'writeErrors': [], 'upserted': [], 'writeConcernErrors': [], 'nRemoved': 0, 'nInserted': 0}
2017-11-03 19:17:47,724: update.0.child      : update.0                        : update.0.child.idler._idle_cb: DEBUG   : bulk update result: {'nModified': 32, 'nUpserted': 0, 'nMatched': 32, 'writeErrors': [], 'upserted': [], 'writeConcernErrors': [], 'nRemoved': 0, 'nInserted': 0}
2017-11-03 19:17:48,746: update.0.child      : update.0                        : update.0.child.subscriber._state_cb: DEBUG   : bulk update result: {'nModified': 22, 'nUpserted': 0, 'nMatched': 22, 'writeErrors': [], 'upserted': [], 'writeConcernErrors': [], 'nRemoved': 0, 'nInserted': 0}
2017-11-03 19:17:49,858: update.0.child      : update.0                        : update.0.child.idler._idle_cb: DEBUG   : bulk update result: {'nModified': 24, 'nUpserted': 0, 'nMatched': 24, 'writeErrors': [], 'upserted': [], 'writeConcernErrors': [], 'nRemoved': 0, 'nInserted': 0}
2017-11-03 19:17:50,972: update.0.child      : update.0                        : update.0.child.idler._idle_cb: DEBUG   : bulk update result: {'nModified': 19, 'nUpserted': 0, 'nMatched': 19, 'writeErrors': [], 'upserted': [], 'writeConcernErrors': [], 'nRemoved': 0, 'nInserted': 0}
2017-11-03 19:17:52,212: update.0.child      : update.0                        : update.0.child.subscriber._state_cb: DEBUG   : bulk update result: {'nModified': 6, 'nUpserted': 0, 'nMatched': 6, 'writeErrors': [], 'upserted': [], 'writeConcernErrors': [], 'nRemoved': 0, 'nInserted': 0}
2017-11-03 19:17:54,197: update.0.child      : update.0                        : update.0.child.idler._idle_cb: DEBUG   : bulk update result: {'nModified': 32, 'nUpserted': 0, 'nMatched': 32, 'writeErrors': [], 'upserted': [], 'writeConcernErrors': [], 'nRemoved': 0, 'nInserted': 0}
2017-11-03 19:17:55,422: update.0.child      : update.0                        : update.0.child.idler._idle_cb: DEBUG   : bulk update result: {'nModified': 27, 'nUpserted': 0, 'nMatched': 27, 'writeErrors': [], 'upserted': [], 'writeConcernErrors': [], 'nRemoved': 0, 'nInserted': 0}
2017-11-03 19:17:56,481: update.0.child      : update.0                        : update.0.child.subscriber._state_cb: DEBUG   : bulk update result: {'nModified': 22, 'nUpserted': 0, 'nMatched': 22, 'writeErrors': [], 'upserted': [], 'writeConcernErrors': [], 'nRemoved': 0, 'nInserted': 0}
2017-11-03 19:17:57,591: update.0.child      : update.0                        : update.0.child.idler._idle_cb: DEBUG   : bulk update result: {'nModified': 14, 'nUpserted': 0, 'nMatched': 14, 'writeErrors': [], 'upserted': [], 'writeConcernErrors': [], 'nRemoved': 0, 'nInserted': 0}
2017-11-03 19:17:58,627: update.0.child      : update.0                        : update.0.child.subscriber._state_cb: DEBUG   : bulk update result: {'nModified': 20, 'nUpserted': 0, 'nMatched': 20, 'writeErrors': [], 'upserted': [], 'writeConcernErrors': [], 'nRemoved': 0, 'nInserted': 0}
2017-11-03 19:17:59,734: update.0.child      : update.0                        : update.0.child.idler._idle_cb: DEBUG   : bulk update result: {'nModified': 4, 'nUpserted': 0, 'nMatched': 4, 'writeErrors': [], 'upserted': [], 'writeConcernErrors': [], 'nRemoved': 0, 'nInserted': 0}
2017-11-03 19:18:00,952: update.0.child      : update.0                        : update.0.child.idler._idle_cb: DEBUG   : bulk update result: {'nModified': 23, 'nUpserted': 0, 'nMatched': 23, 'writeErrors': [], 'upserted': [], 'writeConcernErrors': [], 'nRemoved': 0, 'nInserted': 0}
2017-11-03 19:18:02,243: update.0.child      : update.0                        : update.0.child.subscriber._state_cb: DEBUG   : bulk update result: {'nModified': 2, 'nUpserted': 0, 'nMatched': 2, 'writeErrors': [], 'upserted': [], 'writeConcernErrors': [], 'nRemoved': 0, 'nInserted': 0}
2017-11-03 19:18:04,063: update.0.child      : update.0                        : update.0.child.idler._idle_cb: DEBUG   : bulk update result: {'nModified': 4, 'nUpserted': 0, 'nMatched': 4, 'writeErrors': [], 'upserted': [], 'writeConcernErrors': [], 'nRemoved': 0, 'nInserted': 0}
2017-11-03 19:18:05,174: update.0.child      : update.0                        : update.0.child.idler._idle_cb: DEBUG   : bulk update result: {'nModified': 17, 'nUpserted': 0, 'nMatched': 17, 'writeErrors': [], 'upserted': [], 'writeConcernErrors': [], 'nRemoved': 0, 'nInserted': 0}
2017-11-03 19:18:06,283: update.0.child      : update.0                        : update.0.child.idler._idle_cb: DEBUG   : bulk update result: {'nModified': 9, 'nUpserted': 0, 'nMatched': 9, 'writeErrors': [], 'upserted': [], 'writeConcernErrors': [], 'nRemoved': 0, 'nInserted': 0}
2017-11-03 19:18:07,980: update.0.child      : update.0                        : update.0.child.subscriber._state_cb: DEBUG   : bulk update result: {'nModified': 3, 'nUpserted': 0, 'nMatched': 3, 'writeErrors': [], 'upserted': [], 'writeConcernErrors': [], 'nRemoved': 0, 'nInserted': 0}
2017-11-03 19:18:09,394: update.0.child      : update.0                        : update.0.child.idler._idle_cb: DEBUG   : bulk update result: {'nModified': 11, 'nUpserted': 0, 'nMatched': 11, 'writeErrors': [], 'upserted': [], 'writeConcernErrors': [], 'nRemoved': 0, 'nInserted': 0}
2017-11-03 19:18:10,503: update.0.child      : update.0                        : update.0.child.idler._idle_cb: DEBUG   : bulk update result: {'nModified': 9, 'nUpserted': 0, 'nMatched': 9, 'writeErrors': [], 'upserted': [], 'writeConcernErrors': [], 'nRemoved': 0, 'nInserted': 0}
2017-11-03 19:18:15,439: update.0.child      : update.0                        : update.0.child.subscriber._state_cb: DEBUG   : bulk update result: {'nModified': 1, 'nUpserted': 0, 'nMatched': 1, 'writeErrors': [], 'upserted': [], 'writeConcernErrors': [], 'nRemoved': 0, 'nInserted': 0}
2017-11-03 19:18:16,615: update.0.child      : update.0                        : update.0.child.idler._idle_cb: DEBUG   : bulk update result: {'nModified': 2, 'nUpserted': 0, 'nMatched': 2, 'writeErrors': [], 'upserted': [], 'writeConcernErrors': [], 'nRemoved': 0, 'nInserted': 0}
2017-11-03 19:18:18,766: update.0.child      : update.0                        : update.0.child.subscriber._state_cb: DEBUG   : bulk update result: {'nModified': 1, 'nUpserted': 0, 'nMatched': 1, 'writeErrors': [], 'upserted': [], 'writeConcernErrors': [], 'nRemoved': 0, 'nInserted': 0}
2017-11-03 19:18:20,424: update.0.child      : update.0                        : update.0.child.idler._idle_cb: DEBUG   : bulk update result: {'nModified': 2, 'nUpserted': 0, 'nMatched': 2, 'writeErrors': [], 'upserted': [], 'writeConcernErrors': [], 'nRemoved': 0, 'nInserted': 0}
2017-11-03 19:18:37,309: update.0.child      : update.0                        : update.0.child.subscriber._cancel_monitor_cb: DEBUG   : command ignored: cancel_pilots
2017-11-03 19:18:48,619: update.0.child      : update.0                        : update.0.child.subscriber._state_cb: DEBUG   : bulk update result: {'nModified': 1, 'nUpserted': 0, 'nMatched': 1, 'writeErrors': [], 'upserted': [], 'writeConcernErrors': [], 'nRemoved': 0, 'nInserted': 0}
2017-11-03 19:18:48,619: update.0.child      : update.0                        : update.0.child.subscriber._cancel_monitor_cb: DEBUG   : command ignored: cancel_pilots
2017-11-03 19:18:51,139: update.0.child      : update.0                        : update.0.child.watch: INFO    : recv message: STOP
2017-11-03 19:18:51,139: update.0.child      : update.0                        : update.0.child.watch: INFO    : message received: STOP
2017-11-03 19:18:51,139: update.0.child      : update.0                        : update.0.child.watch: INFO    : STOP received: STOP
2017-11-03 19:18:51,140: update.0.child      : update.0                        : update.0.child.watch: INFO    : watcher closes
2017-11-03 19:18:51,140: update.0.child      : update.0                        : update.0.child.watch: INFO    : put message: [update.0.child.watch.thread] work finished
2017-11-03 19:18:51,140: update.0.child      : update.0                        : update.0.child.watch: DEBUG   : ru_finalize_child (NOOP)
2017-11-03 19:18:51,140: update.0.child      : update.0                        : update.0.child.watch: DEBUG   : ru_finalize_common (NOOP)
2017-11-03 19:18:51,140: update.0.child      : update.0                        : update.0.child.watch: INFO    : put message: [update.0.child.watch.thread] terminating
2017-11-03 19:18:51,218: update.0.child      : update.0                        : MainThread     : WARNING : alive check: proc invalid - stop [False - True]
2017-11-03 19:18:51,273: update.0.child      : update.0                        : MainThread     : INFO    : stop update.0.child (12719 : 12719 : MainThread) [radical.pilot.worker.update.Update.stop]
2017-11-03 19:18:51,322: update.0.child      : update.0                        : MainThread     : INFO    : parent stops child  12719 -> 12719 [update.0.child]
2017-11-03 19:18:51,322: update.0.child      : update.0                        : MainThread     : INFO    : send message: [update.0.child] STOP
2017-11-03 19:18:51,322: update.0.child      : update.0                        : MainThread     : WARNING : send failed ([Errno 9] Bad file descriptor) - terminate
2017-11-03 19:18:51,322: update.0.child      : update.0                        : MainThread     : DEBUG   : TERM : update.0.child unregister idler update.0.child.idler._idle_cb
2017-11-03 19:18:51,323: update.0.child      : update.0                        : MainThread     : INFO    : parent stops child
2017-11-03 19:18:51,323: update.0.child      : update.0                        : MainThread     : DEBUG   : ru_finalize_parent (NOOP)
2017-11-03 19:18:51,323: update.0.child      : update.0                        : MainThread     : DEBUG   : ru_finalize_common (NOOP)
2017-11-03 19:18:51,392: update.0.child      : update.0                        : update.0.child.idler._idle_cb: DEBUG   : ru_finalize_child (NOOP)
2017-11-03 19:18:51,392: update.0.child      : update.0                        : update.0.child.idler._idle_cb: DEBUG   : ru_finalize_common (NOOP)
2017-11-03 19:18:51,393: update.0.child      : update.0                        : update.0.child.idler._idle_cb: INFO    : put message: [update.0.child.idler._idle_cb.thread] terminating
2017-11-03 19:18:51,437: update.0.child      : update.0                        : MainThread     : DEBUG   : TERM : update.0.child unregistered idler update.0.child.idler._idle_cb
2017-11-03 19:18:51,437: update.0.child      : update.0                        : MainThread     : DEBUG   : TERM : update.0.child unregister subscriber update.0.child.subscriber._state_cb
2017-11-03 19:18:51,437: update.0.child      : update.0                        : MainThread     : DEBUG   : unregistered subscriber update.0.child.subscriber._state_cb
2017-11-03 19:18:51,438: update.0.child      : update.0                        : MainThread     : DEBUG   : ru_finalize_common()
2017-11-03 19:18:51,438: update.0.child      : update.0                        : MainThread     : DEBUG   : TERM : update.0.child unregister publisher log_pubsub
2017-11-03 19:18:51,439: update.0.child      : update.0                        : MainThread     : DEBUG   : unregistered publisher log_pubsub
2017-11-03 19:18:51,439: update.0.child      : update.0                        : MainThread     : DEBUG   : TERM : update.0.child unregister publisher state_pubsub
2017-11-03 19:18:51,440: update.0.child      : update.0                        : MainThread     : DEBUG   : unregistered publisher state_pubsub
2017-11-03 19:18:51,440: update.0.child      : update.0                        : MainThread     : DEBUG   : TERM : update.0.child unregister publisher control_pubsub
2017-11-03 19:18:51,442: update.0.child      : update.0                        : MainThread     : DEBUG   : unregistered publisher control_pubsub
2017-11-03 19:18:51,442: update.0.child      : update.0                        : MainThread     : DEBUG   : update.0.child close prof
2017-11-03 19:18:51,481: update.0.child      : update.0                        : MainThread     : INFO    : parent stops child
2017-11-03 19:18:51,481: update.0.child      : update.0                        : MainThread     : DEBUG   : ru_finalize_parent (NOOP)
2017-11-03 19:18:51,481: update.0.child      : update.0                        : MainThread     : DEBUG   : ru_finalize_common (NOOP)
2017-11-03 19:18:51,481: update.0.child      : update.0                        : MainThread     : INFO    : parent stops child
2017-11-03 19:18:51,481: update.0.child      : update.0                        : MainThread     : DEBUG   : ru_finalize_parent (NOOP)
2017-11-03 19:18:51,482: update.0.child      : update.0                        : update.0.child.subscriber._cancel_monitor_cb: DEBUG   : ru_finalize_child (NOOP)
2017-11-03 19:18:51,482: update.0.child      : update.0                        : update.0.child.subscriber._cancel_monitor_cb: INFO    : put message: [update.0.child.subscriber._cancel_monitor_cb.thread] terminating
2017-11-03 19:18:51,484: update.0.child      : update.0                        : MainThread     : INFO    : parent stops child
2017-11-03 19:18:51,484: update.0.child      : update.0                        : MainThread     : DEBUG   : ru_finalize_parent (NOOP)
2017-11-03 19:18:51,485: update.0.child      : update.0                        : update.0.child.subscriber._state_cb: DEBUG   : ru_finalize_child (NOOP)
2017-11-03 19:18:51,485: update.0.child      : update.0                        : update.0.child.subscriber._state_cb: INFO    : put message: [update.0.child.subscriber._state_cb.thread] terminating
2017-11-03 19:18:51,486: update.0.child      : update.0                        : MainThread     : INFO    : parent stops child
2017-11-03 19:18:51,486: update.0.child      : update.0                        : MainThread     : WARNING : super update.0.child is invalid
2017-11-03 19:18:51,486: update.0.child      : update.0                        : MainThread     : WARNING : component update.0.child is invalid
2017-11-03 19:18:51,489: update.0.child      : update.0                        : MainThread     : INFO    : stop update.0.child (12719 : 12719 : MainThread) [radical.pilot.worker.update.Update.stop]
2017-11-03 19:18:51,489: update.0.child      : update.0                        : MainThread     : DEBUG   : TERM : update.0.child unregister idler update.0.child.idler._idle_cb
2017-11-03 19:18:51,489: update.0.child      : update.0                        : MainThread     : WARNING : timed cb update.0.child.idler._idle_cb is not registered
2017-11-03 19:18:51,489: update.0.child      : update.0                        : MainThread     : DEBUG   : TERM : update.0.child unregister subscriber update.0.child.subscriber._state_cb
2017-11-03 19:18:51,489: update.0.child      : update.0                        : MainThread     : WARNING : subscriber _state_cb is not registered
2017-11-03 19:18:51,489: update.0.child      : update.0                        : MainThread     : DEBUG   : ru_finalize_common()
2017-11-03 19:18:51,490: update.0.child      : update.0                        : MainThread     : WARNING : publisher log_pubsub is not registered
2017-11-03 19:18:51,490: update.0.child      : update.0                        : MainThread     : WARNING : publisher state_pubsub is not registered
2017-11-03 19:18:51,490: update.0.child      : update.0                        : MainThread     : WARNING : publisher control_pubsub is not registered
2017-11-03 19:18:51,490: update.0.child      : update.0                        : MainThread     : DEBUG   : update.0.child close prof
2017-11-03 19:18:51,490: update.0.child      : update.0                        : MainThread     : INFO    : send message: [update.0.child] terminating
2017-11-03 19:18:51,490: update.0.child      : update.0                        : MainThread     : WARNING : send failed ([Errno 9] Bad file descriptor) - terminate
2017-11-03 19:18:51,490: update.0.child      : update.0                        : MainThread     : INFO    : parent stops child
2017-11-03 19:18:51,491: update.0.child      : update.0                        : MainThread     : INFO    : parent stops child
2017-11-03 19:18:51,491: update.0.child      : update.0                        : MainThread     : INFO    : parent stops child
