2017-11-03 19:06:33,248: update.0            : MainProcess                     : MainThread     : INFO    : python.interpreter   version: 2.7.12 (default, Nov 19 2016, 06:48:10) [GCC 5.4.0 20160609]
2017-11-03 19:06:33,248: update.0            : MainProcess                     : MainThread     : INFO    :                      pid: 12647
2017-11-03 19:06:33,248: update.0            : MainProcess                     : MainThread     : INFO    :                      tid: MainThread
2017-11-03 19:06:33,249: update.0            : MainProcess                     : MainThread     : INFO    : radical.pilot        version: 0.47-v0.46.2-181-g138b1e15@HEAD-detached-at-origin-rc-v0.46.3
2017-11-03 19:06:33,251: update.0            : MainProcess                     : MainThread     : DEBUG   : alive check in term
2017-11-03 19:06:33,252: update.0            : MainProcess                     : MainThread     : DEBUG   : start process
2017-11-03 19:06:33,962: update.0            : MainProcess                     : MainThread     : INFO    : recv message: alive
2017-11-03 19:06:33,962: update.0            : MainProcess                     : MainThread     : INFO    : initialize update.0
2017-11-03 19:06:33,964: update.0            : MainProcess                     : MainThread     : INFO    : cfg: {'agents': {},
 u'bridges': {u'control_pubsub': {'addr_in': 'tcp://138.201.86.166:43499',
                                  'addr_out': 'tcp://138.201.86.166:35215',
                                  u'bulk_size': 0,
                                  u'log_level': u'debug',
                                  u'stall_hwm': 1},
              u'log_pubsub': {'addr_in': 'tcp://138.201.86.166:43668',
                              'addr_out': 'tcp://138.201.86.166:37713',
                              u'bulk_size': 0,
                              u'log_level': u'debug',
                              u'stall_hwm': 1},
              u'state_pubsub': {'addr_in': 'tcp://138.201.86.166:41882',
                                'addr_out': 'tcp://138.201.86.166:34681',
                                u'bulk_size': 0,
                                u'log_level': u'debug',
                                u'stall_hwm': 1}},
 'cname': u'UpdateWorker',
 u'components': {},
 u'count': 1,
 'dburl': 'mongodb://jdakka:mongo@ds231715.mlab.com:31715/new_htbac',
 'debug': 'DEBUG',
 u'default_dburl': u'mongodb://rp:rp@ds015335.mlab.com:15335/rp',
 'logdir': '/home/jdakka/UCL/ties_null_workload/GB-SC18/scripts/ties/null_workload_32_replicas/rp.session.two.jdakka.017473.0004',
 'number': 0,
 'owner': 'rp.session.two.jdakka.017473.0004',
 'session_id': 'rp.session.two.jdakka.017473.0004'}
2017-11-03 19:06:33,964: update.0            : MainProcess                     : MainThread     : DEBUG   : alive check in term
2017-11-03 19:06:33,964: update.0            : MainProcess                     : MainThread     : DEBUG   : START: update.0 register publisher log_pubsub
2017-11-03 19:06:33,964: update.0            : MainProcess                     : MainThread     : DEBUG   : using addr tcp://138.201.86.166:43668 for pubsub log_pubsub
2017-11-03 19:06:33,966: update.0            : MainProcess                     : MainThread     : DEBUG   : registered publisher : log_pubsub : log.pubsub.pub.0000
2017-11-03 19:06:33,966: update.0            : MainProcess                     : MainThread     : DEBUG   : alive check in term
2017-11-03 19:06:33,967: update.0            : MainProcess                     : MainThread     : DEBUG   : START: update.0 register publisher state_pubsub
2017-11-03 19:06:33,967: update.0            : MainProcess                     : MainThread     : DEBUG   : using addr tcp://138.201.86.166:41882 for pubsub state_pubsub
2017-11-03 19:06:33,968: update.0            : MainProcess                     : MainThread     : DEBUG   : registered publisher : state_pubsub : state.pubsub.pub.0000
2017-11-03 19:06:33,968: update.0            : MainProcess                     : MainThread     : DEBUG   : alive check in term
2017-11-03 19:06:33,968: update.0            : MainProcess                     : MainThread     : DEBUG   : START: update.0 register publisher control_pubsub
2017-11-03 19:06:33,969: update.0            : MainProcess                     : MainThread     : DEBUG   : using addr tcp://138.201.86.166:43499 for pubsub control_pubsub
2017-11-03 19:06:33,970: update.0            : MainProcess                     : MainThread     : DEBUG   : registered publisher : control_pubsub : control.pubsub.pub.0000
2017-11-03 19:06:33,970: update.0            : MainProcess                     : MainThread     : DEBUG   : parent name: update.0.watch
2017-11-03 19:06:33,970: update.0            : MainProcess                     : MainThread     : DEBUG   : start thread
2017-11-03 19:06:33,971: update.0            : MainProcess                     : update.0.watch : DEBUG   : child name: update.0.watch.thread
2017-11-03 19:06:33,971: update.0            : MainProcess                     : update.0.watch : INFO    : child (me) initializing
2017-11-03 19:06:33,971: update.0            : MainProcess                     : update.0.watch : DEBUG   : ru_initialize_common (NOOP)
2017-11-03 19:06:33,971: update.0            : MainProcess                     : update.0.watch : DEBUG   : ru_initialize_child (NOOP)
2017-11-03 19:06:33,971: update.0            : MainProcess                     : update.0.watch : INFO    : send alive
2017-11-03 19:06:33,971: update.0            : MainProcess                     : update.0.watch : INFO    : put message: [update.0.watch.thread] alive
2017-11-03 19:06:33,972: update.0            : MainProcess                     : MainThread     : INFO    : get msg: alive
2017-11-03 19:06:33,972: update.0            : MainProcess                     : MainThread     : DEBUG   : ru_initialize_common (NOOP)
2017-11-03 19:06:33,972: update.0            : MainProcess                     : MainThread     : DEBUG   : ru_initialize_parent (NOOP)
2017-11-03 19:06:33,972: update.0            : MainProcess                     : MainThread     : DEBUG   : child thread update.0.watch started
2017-11-03 19:06:33,972: update.0            : MainProcess                     : MainThread     : INFO    : child is alive
2017-11-03 19:06:33,972: update.0            : MainProcess                     : MainThread     : DEBUG   : process class started child
2017-11-03 19:18:51,092: update.0            : MainProcess                     : MainThread     : INFO    : stop update.0 (12647 : 12719 : MainThread) [radical.pilot.worker.update.Update.stop]
2017-11-03 19:18:51,138: update.0            : MainProcess                     : MainThread     : INFO    : parent stops child  12647 -> 12719 [update.0]
2017-11-03 19:18:51,139: update.0            : MainProcess                     : MainThread     : INFO    : send message: [update.0] STOP
2017-11-03 19:18:51,139: update.0            : MainProcess                     : MainThread     : DEBUG   : ru_finalize_common()
2017-11-03 19:18:51,139: update.0            : MainProcess                     : MainThread     : DEBUG   : TERM : update.0 unregister publisher log_pubsub
2017-11-03 19:18:51,140: update.0            : MainProcess                     : update.0.watch : INFO    : recv message: 
2017-11-03 19:18:51,140: update.0            : MainProcess                     : update.0.watch : INFO    : message received: 
2017-11-03 19:18:51,140: update.0            : MainProcess                     : MainThread     : DEBUG   : unregistered publisher log_pubsub
2017-11-03 19:18:51,141: update.0            : MainProcess                     : update.0.watch : WARNING : message received is an empty string, assuming parent closed endpoint
2017-11-03 19:18:51,141: update.0            : MainProcess                     : MainThread     : DEBUG   : TERM : update.0 unregister publisher state_pubsub
2017-11-03 19:18:51,141: update.0            : MainProcess                     : update.0.watch : INFO    : watcher closes
2017-11-03 19:18:51,142: update.0            : MainProcess                     : update.0.watch : INFO    : put message: [update.0.watch.thread] work finished
2017-11-03 19:18:51,142: update.0            : MainProcess                     : update.0.watch : DEBUG   : ru_finalize_child (NOOP)
2017-11-03 19:18:51,142: update.0            : MainProcess                     : update.0.watch : DEBUG   : ru_finalize_common (NOOP)
2017-11-03 19:18:51,143: update.0            : MainProcess                     : MainThread     : DEBUG   : unregistered publisher state_pubsub
2017-11-03 19:18:51,143: update.0            : MainProcess                     : update.0.watch : INFO    : put message: [update.0.watch.thread] terminating
2017-11-03 19:18:51,143: update.0            : MainProcess                     : MainThread     : DEBUG   : TERM : update.0 unregister publisher control_pubsub
2017-11-03 19:18:51,144: update.0            : MainProcess                     : MainThread     : DEBUG   : unregistered publisher control_pubsub
2017-11-03 19:18:51,144: update.0            : MainProcess                     : MainThread     : DEBUG   : update.0 close prof
2017-11-03 19:18:51,172: update.0            : MainProcess                     : MainThread     : INFO    : parent stops child
2017-11-03 19:18:51,172: update.0            : MainProcess                     : MainThread     : DEBUG   : ru_finalize_parent (NOOP)
2017-11-03 19:18:51,172: update.0            : MainProcess                     : MainThread     : DEBUG   : ru_finalize_common (NOOP)
2017-11-03 19:18:54,058: update.0            : MainProcess                     : MainThread     : INFO    : stop update.0 (12647 : 12719 : MainThread) [radical.pilot.worker.update.Update.stop]
