2017-10-23 19:09:29,201: control.pubsub.sub.0000: update.0                        : MainThread     : INFO    : python.interpreter   version: 2.7.12 (default, Nov 19 2016, 06:48:10) [GCC 5.4.0 20160609]
2017-10-23 19:09:29,201: control.pubsub.sub.0000: update.0                        : MainThread     : INFO    :                      pid: 2024
2017-10-23 19:09:29,201: control.pubsub.sub.0000: update.0                        : MainThread     : INFO    :                      tid: MainThread
2017-10-23 19:09:29,202: control.pubsub.sub.0000: update.0                        : MainThread     : INFO    : radical.pilot        version: 0.47-v0.46.2-93-g379bd68d@feature-gpu
2017-10-23 19:09:29,202: control.pubsub.sub.0000: update.0                        : MainThread     : INFO    : create control_pubsub - sub - tcp://138.201.86.166:36690
2017-10-23 19:09:29,202: control.pubsub.sub.0000: update.0                        : MainThread     : DEBUG   : start process
2017-10-23 19:09:29,203: control.pubsub.sub.0000: update.0                        : MainThread     : DEBUG   : ru_initialize_common (NOOP)
2017-10-23 19:09:29,203: control.pubsub.sub.0000: update.0                        : MainThread     : DEBUG   : ru_initialize_parent (NOOP)
2017-10-23 19:09:29,203: control.pubsub.sub.0000: update.0                        : MainThread     : DEBUG   : process class started (no child)
2017-10-23 19:09:30,612: control.pubsub.sub.0000: pmgr.launching.0                : MainThread     : INFO    : python.interpreter   version: 2.7.12 (default, Nov 19 2016, 06:48:10) [GCC 5.4.0 20160609]
2017-10-23 19:09:30,612: control.pubsub.sub.0000: pmgr.launching.0                : MainThread     : INFO    :                      pid: 2085
2017-10-23 19:09:30,612: control.pubsub.sub.0000: pmgr.launching.0                : MainThread     : INFO    :                      tid: MainThread
2017-10-23 19:09:30,612: control.pubsub.sub.0000: pmgr.launching.0                : MainThread     : INFO    : radical.pilot        version: 0.47-v0.46.2-93-g379bd68d@feature-gpu
2017-10-23 19:09:30,612: control.pubsub.sub.0000: pmgr.launching.0                : MainThread     : INFO    : create control_pubsub - sub - tcp://138.201.86.166:36690
2017-10-23 19:09:30,630: control.pubsub.sub.0000: pmgr.launching.0                : MainThread     : DEBUG   : start process
2017-10-23 19:09:30,631: control.pubsub.sub.0000: pmgr.launching.0                : MainThread     : DEBUG   : ru_initialize_common (NOOP)
2017-10-23 19:09:30,631: control.pubsub.sub.0000: pmgr.launching.0                : MainThread     : DEBUG   : ru_initialize_parent (NOOP)
2017-10-23 19:09:30,631: control.pubsub.sub.0000: pmgr.launching.0                : MainThread     : DEBUG   : process class started (no child)
2017-10-23 20:18:02,222: control.pubsub.sub.0000: umgr.staging.input.0            : MainThread     : INFO    : python.interpreter   version: 2.7.12 (default, Nov 19 2016, 06:48:10) [GCC 5.4.0 20160609]
2017-10-23 20:18:02,222: control.pubsub.sub.0000: umgr.staging.input.0            : MainThread     : INFO    :                      pid: 26394
2017-10-23 20:18:02,222: control.pubsub.sub.0000: umgr.staging.input.0            : MainThread     : INFO    :                      tid: MainThread
2017-10-23 20:18:02,222: control.pubsub.sub.0000: umgr.staging.input.0            : MainThread     : INFO    : radical.pilot        version: 0.47-v0.46.2-93-g379bd68d@feature-gpu
2017-10-23 20:18:02,223: control.pubsub.sub.0000: umgr.staging.input.0            : MainThread     : INFO    : create control_pubsub - sub - tcp://138.201.86.166:36690
2017-10-23 20:18:02,223: control.pubsub.sub.0000: umgr.staging.input.0            : MainThread     : DEBUG   : start process
2017-10-23 20:18:02,223: control.pubsub.sub.0000: umgr.staging.input.0            : MainThread     : DEBUG   : ru_initialize_common (NOOP)
2017-10-23 20:18:02,223: control.pubsub.sub.0000: umgr.staging.input.0            : MainThread     : DEBUG   : ru_initialize_parent (NOOP)
2017-10-23 20:18:02,223: control.pubsub.sub.0000: umgr.staging.input.0            : MainThread     : DEBUG   : process class started (no child)
2017-10-23 20:18:02,321: control.pubsub.sub.0000: umgr.staging.output.0           : MainThread     : INFO    : python.interpreter   version: 2.7.12 (default, Nov 19 2016, 06:48:10) [GCC 5.4.0 20160609]
2017-10-23 20:18:02,321: control.pubsub.sub.0000: umgr.staging.output.0           : MainThread     : INFO    :                      pid: 26416
2017-10-23 20:18:02,321: control.pubsub.sub.0000: umgr.staging.output.0           : MainThread     : INFO    :                      tid: MainThread
2017-10-23 20:18:02,321: control.pubsub.sub.0000: umgr.staging.output.0           : MainThread     : INFO    : radical.pilot        version: 0.47-v0.46.2-93-g379bd68d@feature-gpu
2017-10-23 20:18:02,321: control.pubsub.sub.0000: umgr.staging.output.0           : MainThread     : INFO    : create control_pubsub - sub - tcp://138.201.86.166:36690
2017-10-23 20:18:02,321: control.pubsub.sub.0000: umgr.staging.output.0           : MainThread     : DEBUG   : start process
2017-10-23 20:18:02,321: control.pubsub.sub.0000: umgr.staging.output.0           : MainThread     : DEBUG   : ru_initialize_common (NOOP)
2017-10-23 20:18:02,321: control.pubsub.sub.0000: umgr.staging.output.0           : MainThread     : DEBUG   : ru_initialize_parent (NOOP)
2017-10-23 20:18:02,321: control.pubsub.sub.0000: umgr.staging.output.0           : MainThread     : DEBUG   : process class started (no child)
2017-10-23 20:18:03,391: control.pubsub.sub.0000: umgr.scheduling.0               : MainThread     : INFO    : python.interpreter   version: 2.7.12 (default, Nov 19 2016, 06:48:10) [GCC 5.4.0 20160609]
2017-10-23 20:18:03,392: control.pubsub.sub.0000: umgr.scheduling.0               : MainThread     : INFO    :                      pid: 26440
2017-10-23 20:18:03,392: control.pubsub.sub.0000: umgr.scheduling.0               : MainThread     : INFO    :                      tid: MainThread
2017-10-23 20:18:03,392: control.pubsub.sub.0000: umgr.scheduling.0               : MainThread     : INFO    : radical.pilot        version: 0.47-v0.46.2-93-g379bd68d@feature-gpu
2017-10-23 20:18:03,392: control.pubsub.sub.0000: umgr.scheduling.0               : MainThread     : INFO    : create control_pubsub - sub - tcp://138.201.86.166:36690
2017-10-23 20:18:03,392: control.pubsub.sub.0000: umgr.scheduling.0               : MainThread     : DEBUG   : start process
2017-10-23 20:18:03,392: control.pubsub.sub.0000: umgr.scheduling.0               : MainThread     : DEBUG   : ru_initialize_common (NOOP)
2017-10-23 20:18:03,392: control.pubsub.sub.0000: umgr.scheduling.0               : MainThread     : DEBUG   : ru_initialize_parent (NOOP)
2017-10-23 20:18:03,392: control.pubsub.sub.0000: umgr.scheduling.0               : MainThread     : DEBUG   : process class started (no child)
2017-10-23 21:15:10,599: control.pubsub.sub.0000: umgr.scheduling.0               : umgr.scheduling.0.child.subscriber._cancel_monitor_cb: INFO    : parent stops child
2017-10-23 21:15:10,599: control.pubsub.sub.0000: umgr.scheduling.0               : umgr.scheduling.0.child.subscriber._cancel_monitor_cb: DEBUG   : ru_finalize_parent (NOOP)
2017-10-23 21:15:11,567: control.pubsub.sub.0000: umgr.staging.input.0            : MainThread     : INFO    : parent stops child
2017-10-23 21:15:11,567: control.pubsub.sub.0000: umgr.staging.input.0            : MainThread     : DEBUG   : ru_finalize_parent (NOOP)
2017-10-23 21:15:11,638: control.pubsub.sub.0000: umgr.staging.output.0           : MainThread     : INFO    : parent stops child
2017-10-23 21:15:11,639: control.pubsub.sub.0000: umgr.staging.output.0           : MainThread     : DEBUG   : ru_finalize_parent (NOOP)
2017-10-23 21:15:50,412: control.pubsub.sub.0000: update.0                        : MainThread     : INFO    : parent stops child
2017-10-23 21:15:50,413: control.pubsub.sub.0000: update.0                        : MainThread     : DEBUG   : ru_finalize_parent (NOOP)
