2017-10-23 19:09:30,340: pmgr.launching.0.child: pmgr.launching.0                : MainThread     : INFO    : python.interpreter   version: 2.7.12 (default, Nov 19 2016, 06:48:10) [GCC 5.4.0 20160609]
2017-10-23 19:09:30,341: pmgr.launching.0.child: pmgr.launching.0                : MainThread     : INFO    :                      pid: 2085
2017-10-23 19:09:30,341: pmgr.launching.0.child: pmgr.launching.0                : MainThread     : INFO    :                      tid: MainThread
2017-10-23 19:09:30,342: pmgr.launching.0.child: pmgr.launching.0                : MainThread     : INFO    : radical.pilot        version: 0.47-v0.46.2-93-g379bd68d@feature-gpu
2017-10-23 19:09:30,604: pmgr.launching.0.child: pmgr.launching.0                : MainThread     : INFO    : initialize pmgr.launching.0.child
2017-10-23 19:09:30,607: pmgr.launching.0.child: pmgr.launching.0                : MainThread     : INFO    : cfg: {'agents': {},
 u'bridges': {u'control_pubsub': {'addr_in': 'tcp://138.201.86.166:35283',
                                  'addr_out': 'tcp://138.201.86.166:36690',
                                  u'bulk_size': 0,
                                  u'log_level': u'debug',
                                  u'stall_hwm': 1},
              u'log_pubsub': {'addr_in': 'tcp://138.201.86.166:41630',
                              'addr_out': 'tcp://138.201.86.166:45240',
                              u'bulk_size': 0,
                              u'log_level': u'debug',
                              u'stall_hwm': 1},
              u'pmgr_launching_queue': {'addr_in': 'tcp://138.201.86.166:35536',
                                        'addr_out': 'tcp://138.201.86.166:37750',
                                        u'bulk_size': 0,
                                        u'log_level': u'debug',
                                        u'stall_hwm': 1},
              u'state_pubsub': {'addr_in': 'tcp://138.201.86.166:39298',
                                'addr_out': 'tcp://138.201.86.166:46130',
                                u'bulk_size': 0,
                                u'log_level': u'debug',
                                u'stall_hwm': 1}},
 'cname': u'PMGRLaunchingComponent',
 u'components': {},
 u'count': 1,
 u'db_poll_sleeptime': 10.0,
 'number': 0,
 'owner': 'pmgr.0000',
 'uid': 'pmgr.0000'}
2017-10-23 19:09:30,607: pmgr.launching.0.child: pmgr.launching.0                : MainThread     : DEBUG   : start components: {}
2017-10-23 19:09:30,608: pmgr.launching.0.child: pmgr.launching.0                : MainThread     : DEBUG   : alive check in term
2017-10-23 19:09:30,608: pmgr.launching.0.child: pmgr.launching.0                : MainThread     : DEBUG   : START: pmgr.launching.0.child register publisher log_pubsub
2017-10-23 19:09:30,608: pmgr.launching.0.child: pmgr.launching.0                : MainThread     : DEBUG   : using addr tcp://138.201.86.166:41630 for pubsub log_pubsub
2017-10-23 19:09:30,609: pmgr.launching.0.child: pmgr.launching.0                : MainThread     : DEBUG   : registered publisher : log_pubsub : log.pubsub.pub.0001
2017-10-23 19:09:30,609: pmgr.launching.0.child: pmgr.launching.0                : MainThread     : DEBUG   : alive check in term
2017-10-23 19:09:30,609: pmgr.launching.0.child: pmgr.launching.0                : MainThread     : DEBUG   : START: pmgr.launching.0.child register publisher state_pubsub
2017-10-23 19:09:30,609: pmgr.launching.0.child: pmgr.launching.0                : MainThread     : DEBUG   : using addr tcp://138.201.86.166:39298 for pubsub state_pubsub
2017-10-23 19:09:30,610: pmgr.launching.0.child: pmgr.launching.0                : MainThread     : DEBUG   : registered publisher : state_pubsub : state.pubsub.pub.0001
2017-10-23 19:09:30,610: pmgr.launching.0.child: pmgr.launching.0                : MainThread     : DEBUG   : alive check in term
2017-10-23 19:09:30,610: pmgr.launching.0.child: pmgr.launching.0                : MainThread     : DEBUG   : START: pmgr.launching.0.child register publisher control_pubsub
2017-10-23 19:09:30,611: pmgr.launching.0.child: pmgr.launching.0                : MainThread     : DEBUG   : using addr tcp://138.201.86.166:35283 for pubsub control_pubsub
2017-10-23 19:09:30,611: pmgr.launching.0.child: pmgr.launching.0                : MainThread     : DEBUG   : registered publisher : control_pubsub : control.pubsub.pub.0001
2017-10-23 19:09:30,612: pmgr.launching.0.child: pmgr.launching.0                : MainThread     : DEBUG   : alive check in term
2017-10-23 19:09:30,612: pmgr.launching.0.child: pmgr.launching.0                : MainThread     : DEBUG   : START: pmgr.launching.0.child register subscriber pmgr.launching.0.child.subscriber._cancel_monitor_cb
2017-10-23 19:09:30,612: pmgr.launching.0.child: pmgr.launching.0                : MainThread     : DEBUG   : using addr tcp://138.201.86.166:36690 for pubsub control_pubsub
2017-10-23 19:09:30,631: pmgr.launching.0.child: pmgr.launching.0                : MainThread     : DEBUG   : parent name: pmgr.launching.0.child.subscriber._cancel_monitor_cb
2017-10-23 19:09:30,631: pmgr.launching.0.child: pmgr.launching.0                : MainThread     : DEBUG   : start thread
2017-10-23 19:09:30,631: pmgr.launching.0.child: pmgr.launching.0                : pmgr.launching.0.child.subscriber._cancel_monitor_cb: DEBUG   : child name: pmgr.launching.0.child.subscriber._cancel_monitor_cb.thread
2017-10-23 19:09:30,632: pmgr.launching.0.child: pmgr.launching.0                : pmgr.launching.0.child.subscriber._cancel_monitor_cb: INFO    : child (me) initializing
2017-10-23 19:09:30,632: pmgr.launching.0.child: pmgr.launching.0                : pmgr.launching.0.child.subscriber._cancel_monitor_cb: DEBUG   : ru_initialize_common (NOOP)
2017-10-23 19:09:30,632: pmgr.launching.0.child: pmgr.launching.0                : pmgr.launching.0.child.subscriber._cancel_monitor_cb: DEBUG   : ru_initialize_child (NOOP)
2017-10-23 19:09:30,632: pmgr.launching.0.child: pmgr.launching.0                : pmgr.launching.0.child.subscriber._cancel_monitor_cb: INFO    : send alive
2017-10-23 19:09:30,632: pmgr.launching.0.child: pmgr.launching.0                : pmgr.launching.0.child.subscriber._cancel_monitor_cb: INFO    : put message: [pmgr.launching.0.child.subscriber._cancel_monitor_cb.thread] alive
2017-10-23 19:09:30,633: pmgr.launching.0.child: pmgr.launching.0                : MainThread     : INFO    : get msg: alive
2017-10-23 19:09:30,633: pmgr.launching.0.child: pmgr.launching.0                : MainThread     : DEBUG   : ru_initialize_common (NOOP)
2017-10-23 19:09:30,633: pmgr.launching.0.child: pmgr.launching.0                : MainThread     : DEBUG   : ru_initialize_parent (NOOP)
2017-10-23 19:09:30,633: pmgr.launching.0.child: pmgr.launching.0                : MainThread     : DEBUG   : child thread pmgr.launching.0.child.subscriber._cancel_monitor_cb started
2017-10-23 19:09:30,633: pmgr.launching.0.child: pmgr.launching.0                : MainThread     : DEBUG   : pmgr.launching.0.child registered control_pubsub subscriber pmgr.launching.0.child.subscriber._cancel_monitor_cb
2017-10-23 19:09:30,634: pmgr.launching.0.child: pmgr.launching.0                : MainThread     : DEBUG   : alive check in term
2017-10-23 19:09:30,634: pmgr.launching.0.child: pmgr.launching.0                : MainThread     : DEBUG   : using addr tcp://138.201.86.166:37750 for input pmgr_launching_queue
2017-10-23 19:09:30,636: pmgr.launching.0.child: pmgr.launching.0                : MainThread     : DEBUG   : registered input pmgr.launching.0.child.work.PMGR_LAUNCHING_PENDING
2017-10-23 19:09:30,636: pmgr.launching.0.child: pmgr.launching.0                : MainThread     : DEBUG   : START: pmgr.launching.0.child register input PMGR_LAUNCHING_PENDING: pmgr.launching.0.child.work.PMGR_LAUNCHING_PENDING
2017-10-23 19:09:30,636: pmgr.launching.0.child: pmgr.launching.0                : MainThread     : DEBUG   : registered worker work [PMGR_LAUNCHING_PENDING]
2017-10-23 19:09:30,636: pmgr.launching.0.child: pmgr.launching.0                : MainThread     : DEBUG   : alive check in term
2017-10-23 19:09:30,636: pmgr.launching.0.child: pmgr.launching.0                : MainThread     : DEBUG   : START: pmgr.launching.0.child register idler pmgr.launching.0.child.idler._pilot_watcher_cb
2017-10-23 19:09:30,636: pmgr.launching.0.child: pmgr.launching.0                : MainThread     : DEBUG   : parent name: pmgr.launching.0.child.idler._pilot_watcher_cb
2017-10-23 19:09:30,636: pmgr.launching.0.child: pmgr.launching.0                : MainThread     : DEBUG   : start thread
2017-10-23 19:09:30,636: pmgr.launching.0.child: pmgr.launching.0                : pmgr.launching.0.child.idler._pilot_watcher_cb: DEBUG   : child name: pmgr.launching.0.child.idler._pilot_watcher_cb.thread
2017-10-23 19:09:30,637: pmgr.launching.0.child: pmgr.launching.0                : pmgr.launching.0.child.idler._pilot_watcher_cb: INFO    : child (me) initializing
2017-10-23 19:09:30,637: pmgr.launching.0.child: pmgr.launching.0                : pmgr.launching.0.child.idler._pilot_watcher_cb: DEBUG   : ru_initialize_common (NOOP)
2017-10-23 19:09:30,637: pmgr.launching.0.child: pmgr.launching.0                : pmgr.launching.0.child.idler._pilot_watcher_cb: DEBUG   : ru_initialize_child (NOOP)
2017-10-23 19:09:30,637: pmgr.launching.0.child: pmgr.launching.0                : pmgr.launching.0.child.idler._pilot_watcher_cb: INFO    : send alive
2017-10-23 19:09:30,637: pmgr.launching.0.child: pmgr.launching.0                : pmgr.launching.0.child.idler._pilot_watcher_cb: INFO    : put message: [pmgr.launching.0.child.idler._pilot_watcher_cb.thread] alive
2017-10-23 19:09:30,638: pmgr.launching.0.child: pmgr.launching.0                : MainThread     : INFO    : get msg: alive
2017-10-23 19:09:30,638: pmgr.launching.0.child: pmgr.launching.0                : MainThread     : DEBUG   : ru_initialize_common (NOOP)
2017-10-23 19:09:30,638: pmgr.launching.0.child: pmgr.launching.0                : MainThread     : DEBUG   : ru_initialize_parent (NOOP)
2017-10-23 19:09:30,638: pmgr.launching.0.child: pmgr.launching.0                : MainThread     : DEBUG   : child thread pmgr.launching.0.child.idler._pilot_watcher_cb started
2017-10-23 19:09:30,638: pmgr.launching.0.child: pmgr.launching.0                : MainThread     : DEBUG   : pmgr.launching.0.child registered idler pmgr.launching.0.child.idler._pilot_watcher_cb
2017-10-23 19:09:30,638: pmgr.launching.0.child: pmgr.launching.0                : MainThread     : DEBUG   : alive check in term
2017-10-23 19:09:30,638: pmgr.launching.0.child: pmgr.launching.0                : MainThread     : DEBUG   : START: pmgr.launching.0.child register subscriber pmgr.launching.0.child.subscriber._pmgr_control_cb
2017-10-23 19:09:30,639: pmgr.launching.0.child: pmgr.launching.0                : MainThread     : DEBUG   : using addr tcp://138.201.86.166:36690 for pubsub control_pubsub
2017-10-23 19:09:30,642: pmgr.launching.0.child: pmgr.launching.0                : MainThread     : DEBUG   : parent name: pmgr.launching.0.child.subscriber._pmgr_control_cb
2017-10-23 19:09:30,642: pmgr.launching.0.child: pmgr.launching.0                : MainThread     : DEBUG   : start thread
2017-10-23 19:09:30,643: pmgr.launching.0.child: pmgr.launching.0                : pmgr.launching.0.child.subscriber._pmgr_control_cb: DEBUG   : child name: pmgr.launching.0.child.subscriber._pmgr_control_cb.thread
2017-10-23 19:09:30,643: pmgr.launching.0.child: pmgr.launching.0                : pmgr.launching.0.child.subscriber._pmgr_control_cb: INFO    : child (me) initializing
2017-10-23 19:09:30,643: pmgr.launching.0.child: pmgr.launching.0                : pmgr.launching.0.child.subscriber._pmgr_control_cb: DEBUG   : ru_initialize_common (NOOP)
2017-10-23 19:09:30,644: pmgr.launching.0.child: pmgr.launching.0                : pmgr.launching.0.child.subscriber._pmgr_control_cb: DEBUG   : ru_initialize_child (NOOP)
2017-10-23 19:09:30,644: pmgr.launching.0.child: pmgr.launching.0                : pmgr.launching.0.child.subscriber._pmgr_control_cb: INFO    : send alive
2017-10-23 19:09:30,644: pmgr.launching.0.child: pmgr.launching.0                : pmgr.launching.0.child.subscriber._pmgr_control_cb: INFO    : put message: [pmgr.launching.0.child.subscriber._pmgr_control_cb.thread] alive
2017-10-23 19:09:30,644: pmgr.launching.0.child: pmgr.launching.0                : MainThread     : INFO    : get msg: alive
2017-10-23 19:09:30,644: pmgr.launching.0.child: pmgr.launching.0                : MainThread     : DEBUG   : ru_initialize_common (NOOP)
2017-10-23 19:09:30,645: pmgr.launching.0.child: pmgr.launching.0                : MainThread     : DEBUG   : ru_initialize_parent (NOOP)
2017-10-23 19:09:30,645: pmgr.launching.0.child: pmgr.launching.0                : MainThread     : DEBUG   : child thread pmgr.launching.0.child.subscriber._pmgr_control_cb started
2017-10-23 19:09:30,647: pmgr.launching.0.child: pmgr.launching.0                : MainThread     : DEBUG   : pmgr.launching.0.child registered control_pubsub subscriber pmgr.launching.0.child.subscriber._pmgr_control_cb
2017-10-23 19:09:30,648: pmgr.launching.0.child: pmgr.launching.0                : MainThread     : INFO    : ('0.47', '0.47-v0.46.2-93-g379bd68d@feature-gpu', '-v0.46.2', '@feature-gpu', 'radical.pilot-0.47-v0.46.2-93-g379bd68d-feature-gpu.tar.gz', '/home/jdakka/UCL/gpu_branch_env/venv/local/lib/python2.7/site-packages/radical/pilot/pmgr/launching/../..//radical.pilot-0.47-v0.46.2-93-g379bd68d-feature-gpu.tar.gz')
2017-10-23 19:09:30,648: pmgr.launching.0.child: pmgr.launching.0                : MainThread     : INFO    : child (me) initializing
2017-10-23 19:09:30,648: pmgr.launching.0.child: pmgr.launching.0                : MainThread     : DEBUG   : parent name: pmgr.launching.0.child.watch
2017-10-23 19:09:30,648: pmgr.launching.0.child: pmgr.launching.0                : MainThread     : DEBUG   : start thread
2017-10-23 19:09:30,648: pmgr.launching.0.child: pmgr.launching.0                : pmgr.launching.0.child.watch: DEBUG   : child name: pmgr.launching.0.child.watch.thread
2017-10-23 19:09:30,649: pmgr.launching.0.child: pmgr.launching.0                : pmgr.launching.0.child.watch: INFO    : child (me) initializing
2017-10-23 19:09:30,649: pmgr.launching.0.child: pmgr.launching.0                : pmgr.launching.0.child.watch: DEBUG   : ru_initialize_common (NOOP)
2017-10-23 19:09:30,649: pmgr.launching.0.child: pmgr.launching.0                : pmgr.launching.0.child.watch: DEBUG   : ru_initialize_child (NOOP)
2017-10-23 19:09:30,649: pmgr.launching.0.child: pmgr.launching.0                : pmgr.launching.0.child.watch: INFO    : send alive
2017-10-23 19:09:30,649: pmgr.launching.0.child: pmgr.launching.0                : pmgr.launching.0.child.watch: INFO    : put message: [pmgr.launching.0.child.watch.thread] alive
2017-10-23 19:09:30,650: pmgr.launching.0.child: pmgr.launching.0                : MainThread     : INFO    : get msg: alive
2017-10-23 19:09:30,650: pmgr.launching.0.child: pmgr.launching.0                : MainThread     : DEBUG   : ru_initialize_common (NOOP)
2017-10-23 19:09:30,650: pmgr.launching.0.child: pmgr.launching.0                : MainThread     : DEBUG   : ru_initialize_parent (NOOP)
2017-10-23 19:09:30,650: pmgr.launching.0.child: pmgr.launching.0                : MainThread     : DEBUG   : child thread pmgr.launching.0.child.watch started
2017-10-23 19:09:30,650: pmgr.launching.0.child: pmgr.launching.0                : MainThread     : INFO    : child (me) is alive
2017-10-23 19:09:30,651: pmgr.launching.0.child: pmgr.launching.0                : MainThread     : INFO    : send alive
2017-10-23 19:09:30,651: pmgr.launching.0.child: pmgr.launching.0                : MainThread     : INFO    : send message: [pmgr.launching.0.child] alive
2017-10-23 19:09:39,992: pmgr.launching.0.child: pmgr.launching.0                : MainThread     : DEBUG   : got pilot (pilot.0000)
2017-10-23 19:09:39,993: pmgr.launching.0.child: pmgr.launching.0                : MainThread     : DEBUG   : advance bulk size: 1 [False, True]
2017-10-23 19:09:39,993: pmgr.launching.0.child: pmgr.launching.0                : MainThread     : INFO    : Launching pilots on ncsa.bw_aprun: ['pilot.0000']
2017-10-23 19:09:45,364: pmgr.launching.0.child: pmgr.launching.0                : MainThread     : DEBUG   : 0
2017-10-23 19:09:45,366: pmgr.launching.0.child: pmgr.launching.0                : MainThread     : DEBUG   : {'agent_launch_method': 'APRUN',
 'agent_scheduler': 'CONTINUOUS',
 'agent_spawner': 'POPEN',
 'default_queue': 'normal',
 'default_remote_workdir': '/scratch/sciteam/$USER',
 'description': 'The NCSA Blue Waters Cray XE6/XK7 system (https://bluewaters.ncsa.illinois.edu/)',
 'filesystem_endpoint': 'gsisftp://bw.ncsa.illinois.edu/',
 'gsissh': {'filesystem_endpoint': 'gsisftp://bw.ncsa.illinois.edu/',
            'job_manager_endpoint': 'torque+gsissh://bw.ncsa.illinois.edu'},
 'job_manager_endpoint': 'torque+gsissh://bw.ncsa.illinois.edu',
 'label': 'ncsa.bw_aprun',
 'lrms': 'TORQUE',
 'mpi_launch_method': 'APRUN',
 'notes': "Running 'touch .hushlogin' on the login node will reduce the likelihood of prompt detection issues.",
 'pre_bootstrap_1': ['module switch PrgEnv-cray PrgEnv-gnu',
                     'module load bwpy'],
 'python_dist': 'default',
 'rp_version': 'local',
 'schemas': ['gsissh'],
 'stage_cacerts': 'True',
 'task_launch_method': 'APRUN',
 'valid_roots': ['/scratch/sciteam'],
 'virtenv_mode': 'create'}
2017-10-23 19:09:45,367: pmgr.launching.0.child: pmgr.launching.0                : MainThread     : INFO    : Read agent config file: /home/jdakka/UCL/gpu_branch_env/venv/local/lib/python2.7/site-packages/radical/pilot/pmgr/launching/../..//configs/agent_default.json
2017-10-23 19:09:45,369: pmgr.launching.0.child: pmgr.launching.0                : MainThread     : DEBUG   : Write agent cfg to '/tmp/rp.agent_cfg.JnpDhT'.
2017-10-23 19:09:45,377: pmgr.launching.0.child: pmgr.launching.0                : MainThread     : DEBUG   : {'agent_launch_method': 'APRUN',
 u'bridges': {u'agent_executing_queue': {u'bulk_size': 0,
                                         u'log_level': u'debug',
                                         u'stall_hwm': 1},
              u'agent_schedule_pubsub': {u'bulk_size': 0,
                                         u'log_level': u'debug',
                                         u'stall_hwm': 1},
              u'agent_scheduling_queue': {u'bulk_size': 0,
                                          u'log_level': u'debug',
                                          u'stall_hwm': 1},
              u'agent_staging_input_queue': {u'bulk_size': 0,
                                             u'log_level': u'debug',
                                             u'stall_hwm': 1},
              u'agent_staging_output_queue': {u'bulk_size': 0,
                                              u'log_level': u'debug',
                                              u'stall_hwm': 1},
              u'agent_unschedule_pubsub': {u'bulk_size': 0,
                                           u'log_level': u'debug',
                                           u'stall_hwm': 1},
              u'control_pubsub': {u'bulk_size': 0,
                                  u'log_level': u'debug',
                                  u'stall_hwm': 1},
              u'log_pubsub': {u'bulk_size': 0,
                              u'log_level': u'debug',
                              u'stall_hwm': 1},
              u'state_pubsub': {u'bulk_size': 0,
                                u'log_level': u'debug',
                                u'stall_hwm': 1}},
 u'bulk_collection_size': 100,
 u'bulk_collection_time': 1.0,
 u'components': {u'AgentExecutingComponent': {u'count': 1},
                 u'AgentSchedulingComponent': {u'count': 1},
                 u'AgentStagingInputComponent': {u'count': 1},
                 u'AgentStagingOutputComponent': {u'count': 1},
                 u'UpdateWorker': {u'count': 1}},
 'cores': 1024,
 'cores_per_node': 0,
 'cu_post_exec': None,
 'cu_pre_exec': None,
 'cu_tmp': None,
 u'db_poll_sleeptime': 1.0,
 'dburl': 'mongodb://jdakka:jdakka@ds151993.mlab.com:51993/entk-testing',
 'debug': 10,
 'export_to_cu': None,
 'gpus': 0,
 'gpus_per_node': 0,
 'logdir': '.',
 'lrms': 'TORQUE',
 u'max_io_loglength': 1024,
 u'mode': u'shared',
 'mpi_launch_method': 'APRUN',
 'owner': 'agent_0',
 'pilot_id': 'pilot.0000',
 'pilot_sandbox': '/scratch/sciteam/dakka/radical.pilot.sandbox/rp.session.two.jdakka.017462.0005/pilot.0000/',
 'resource_cfg': {'agent_launch_method': 'APRUN',
                  'agent_scheduler': 'CONTINUOUS',
                  'agent_spawner': 'POPEN',
                  'default_queue': 'normal',
                  'default_remote_workdir': '/scratch/sciteam/$USER',
                  'description': 'The NCSA Blue Waters Cray XE6/XK7 system (https://bluewaters.ncsa.illinois.edu/)',
                  'filesystem_endpoint': 'gsisftp://bw.ncsa.illinois.edu/',
                  'gsissh': {'filesystem_endpoint': 'gsisftp://bw.ncsa.illinois.edu/',
                             'job_manager_endpoint': 'torque+gsissh://bw.ncsa.illinois.edu'},
                  'job_manager_endpoint': 'torque+gsissh://bw.ncsa.illinois.edu',
                  'label': 'ncsa.bw_aprun',
                  'lrms': 'TORQUE',
                  'mpi_launch_method': 'APRUN',
                  'notes': "Running 'touch .hushlogin' on the login node will reduce the likelihood of prompt detection issues.",
                  'pre_bootstrap_1': ['module switch PrgEnv-cray PrgEnv-gnu',
                                      'module load bwpy'],
                  'python_dist': 'default',
                  'rp_version': 'local',
                  'schemas': ['gsissh'],
                  'stage_cacerts': 'True',
                  'task_launch_method': 'APRUN',
                  'valid_roots': ['/scratch/sciteam'],
                  'virtenv_mode': 'create'},
 'resource_sandbox': '/scratch/sciteam/dakka/radical.pilot.sandbox',
 'runtime': 1440,
 'scheduler': 'CONTINUOUS',
 'session_id': 'rp.session.two.jdakka.017462.0005',
 'session_sandbox': '/scratch/sciteam/dakka/radical.pilot.sandbox/rp.session.two.jdakka.017462.0005',
 'spawner': 'POPEN',
 u'staging_area': u'staging_area',
 u'staging_schema': u'staging',
 u'target': u'local',
 'task_launch_method': 'APRUN'}
2017-10-23 19:09:45,429: pmgr.launching.0.child: pmgr.launching.0                : MainThread     : DEBUG   : use bootstrapper /home/jdakka/UCL/gpu_branch_env/venv/local/lib/python2.7/site-packages/radical/pilot/agent/bootstrap_1.sh
2017-10-23 19:09:45,430: pmgr.launching.0.child: pmgr.launching.0                : MainThread     : DEBUG   : use CAs /home/jdakka/UCL/gpu_branch_env/venv/local/lib/python2.7/site-packages/radical/pilot/agent/cacert.pem.gz
2017-10-23 19:09:45,432: pmgr.launching.0.child: pmgr.launching.0                : MainThread     : DEBUG   : Bootstrap command line: /bin/bash ['-l /scratch/sciteam/dakka/radical.pilot.sandbox/rp.session.two.jdakka.017462.0005/bootstrap_1.sh', " -d 'radical.utils-0.47-v0.46-18-g003a153-devel.tar.gz:saga-python-0.47-v0.46-23-g21cb4e9d-feature-gpu.tar.gz:radical.pilot-0.47-v0.46.2-93-g379bd68d-feature-gpu.tar.gz' -p 'pilot.0000' -s 'rp.session.two.jdakka.017462.0005' -m 'create' -r 'local' -b 'default' -g 'default' -v '/scratch/sciteam/dakka/radical.pilot.sandbox/ve.ncsa.bw_aprun.0.47' -y '1440' -e 'module switch PrgEnv-cray PrgEnv-gnu' -e 'module load bwpy'"]
2017-10-23 19:09:45,434: pmgr.launching.0.child: pmgr.launching.0                : MainThread     : DEBUG   : cmd: cd /tmp/rp_agent_tar_dirKS_0M2 && tar zchf /tmp/rp_agent_tar_dirKS_0M2/rp.session.two.jdakka.017462.0005.pmgr.launching.0.child.tgz *
2017-10-23 19:09:45,508: pmgr.launching.0.child: pmgr.launching.0                : MainThread     : DEBUG   : out: 
2017-10-23 19:09:45,508: pmgr.launching.0.child: pmgr.launching.0                : MainThread     : DEBUG   : rs.file.Directory ('gsisftp://bw.ncsa.illinois.edu/')
2017-10-23 19:10:01,994: pmgr.launching.0.child: pmgr.launching.0                : MainThread     : DEBUG   : tar cmd : tar zmxvf /scratch/sciteam/dakka/radical.pilot.sandbox/rp.session.two.jdakka.017462.0005/rp.session.two.jdakka.017462.0005.pmgr.launching.0.child.tgz -C /scratch/sciteam/dakka/radical.pilot.sandbox/rp.session.two.jdakka.017462.0005
2017-10-23 19:10:02,445: pmgr.launching.0.child: pmgr.launching.0                : MainThread     : DEBUG   : tar done: Done, bootstrap_1.sh
cacert.pem.gz
pilot.0000/
pilot.0000/agent_0.cfg
pilot.0000/pilot.0000.prof.tgz
pilot.0000/pilot.0000.log.tgz
radical.pilot-0.47-v0.46.2-93-g379bd68d-feature-gpu.tar.gz
radical.utils-0.47-v0.46-18-g003a153-devel.tar.gz
saga-python-0.47-v0.46-23-g21cb4e9d-feature-gpu.tar.gz
, 
2017-10-23 19:10:08,966: pmgr.launching.0.child: pmgr.launching.0                : MainThread     : DEBUG   : jd: {'Arguments': ['-l /scratch/sciteam/dakka/radical.pilot.sandbox/rp.session.two.jdakka.017462.0005/bootstrap_1.sh',
               " -d 'radical.utils-0.47-v0.46-18-g003a153-devel.tar.gz:saga-python-0.47-v0.46-23-g21cb4e9d-feature-gpu.tar.gz:radical.pilot-0.47-v0.46.2-93-g379bd68d-feature-gpu.tar.gz' -p 'pilot.0000' -s 'rp.session.two.jdakka.017462.0005' -m 'create' -r 'local' -b 'default' -g 'default' -v '/scratch/sciteam/dakka/radical.pilot.sandbox/ve.ncsa.bw_aprun.0.47' -y '1440' -e 'module switch PrgEnv-cray PrgEnv-gnu' -e 'module load bwpy'"],
 'CandidateHosts': None,
 'Environment': {'RADICAL_PILOT_PROFILE': 'TRUE'},
 'Error': 'bootstrap_1.err',
 'Executable': '/bin/bash',
 'FileTransfer': [],
 'Name': 'pilot.0000',
 'Output': 'bootstrap_1.out',
 'ProcessesPerHost': 0,
 'Project': 'bamm',
 'Queue': 'high',
 'SPMDVariation': None,
 'TotalCPUCount': 1024,
 'TotalGPUCount': 0,
 'TotalPhysicalMemory': None,
 'WallTimeLimit': 1440,
 'WorkingDirectory': '/scratch/sciteam/dakka/radical.pilot.sandbox/rp.session.two.jdakka.017462.0005/pilot.0000/'}
2017-10-23 19:10:10,593: pmgr.launching.0.child: pmgr.launching.0                : MainThread     : DEBUG   : pilot job: pilot.0000 : [torque+gsissh://bw.ncsa.illinois.edu]-[7713191] : pilot.0000 : Pending
2017-10-23 19:10:10,593: pmgr.launching.0.child: pmgr.launching.0                : MainThread     : DEBUG   : advance bulk size: 1 [False, True]
2017-10-23 20:18:04,148: pmgr.launching.0.child: pmgr.launching.0                : pmgr.launching.0.child.subscriber._pmgr_control_cb: DEBUG   : launcher got {'cmd': 'add_pilots', 'arg': {'pilots': [{'resource_sandbox': 'gsisftp://bw.ncsa.illinois.edu/scratch/sciteam/dakka/radical.pilot.sandbox', 'resource_details': {'lm_detail': None, 'lm_info': None}, 'resource': 'ncsa.bw_aprun', 'description': {'queue': 'high', 'resource': 'ncsa.bw_aprun', 'exit_on_error': False, 'candidate_hosts': None, 'project': 'bamm', 'sandbox': None, 'cleanup': None, 'access_schema': 'gsissh', 'gpus': 0, 'memory': None, 'cores': 1024, 'runtime': 1440}, 'pmgr': 'pmgr.0000', 'stdout': None, 'state': 'PMGR_ACTIVE', 'sandbox': 'gsisftp://bw.ncsa.illinois.edu/scratch/sciteam/dakka/radical.pilot.sandbox/rp.session.two.jdakka.017462.0005/pilot.0000/', 'session': 'rp.session.two.jdakka.017462.0005', 'log': None, 'stderr': None, 'client_sandbox': '/home/jdakka/UCL/gpu_branch_env/GB-SC18/scripts/esmacs/32_replicas', 'type': 'pilot', 'pilot_sandbox': 'gsisftp://bw.ncsa.illinois.edu/scratch/sciteam/dakka/radical.pilot.sandbox/rp.session.two.jdakka.017462.0005/pilot.0000/', 'uid': 'pilot.0000'}], 'umgr': 'umgr.0000'}}
2017-10-23 21:15:10,547: pmgr.launching.0.child: pmgr.launching.0                : pmgr.launching.0.child.subscriber._pmgr_control_cb: DEBUG   : launcher got {'cmd': 'cancel_pilots', 'arg': {'uids': ['pilot.0000'], 'pmgr': 'pmgr.0000'}}
2017-10-23 21:15:10,548: pmgr.launching.0.child: pmgr.launching.0                : pmgr.launching.0.child.subscriber._pmgr_control_cb: INFO    : received pilot_cancel command (['pilot.0000'])
2017-10-23 21:15:46,224: pmgr.launching.0.child: pmgr.launching.0                : pmgr.launching.0.child.idler._pilot_watcher_cb: DEBUG   : advance bulk size: 1 [False, True]
2017-10-23 21:15:46,266: pmgr.launching.0.child: pmgr.launching.0                : pmgr.launching.0.child.subscriber._pmgr_control_cb: DEBUG   : launcher got {'cmd': 'cancel_pilots', 'arg': {'uids': ['pilot.0000'], 'pmgr': 'pmgr.0000'}}
2017-10-23 21:15:46,267: pmgr.launching.0.child: pmgr.launching.0                : pmgr.launching.0.child.subscriber._pmgr_control_cb: INFO    : received pilot_cancel command (['pilot.0000'])
2017-10-23 21:15:46,586: pmgr.launching.0.child: pmgr.launching.0                : pmgr.launching.0.child.watch: WARNING : endpoint disappeard
2017-10-23 21:15:46,586: pmgr.launching.0.child: pmgr.launching.0                : pmgr.launching.0.child.watch: INFO    : watcher closes
2017-10-23 21:15:46,586: pmgr.launching.0.child: pmgr.launching.0                : pmgr.launching.0.child.watch: INFO    : put message: [pmgr.launching.0.child.watch.thread] work finished
2017-10-23 21:15:46,587: pmgr.launching.0.child: pmgr.launching.0                : pmgr.launching.0.child.watch: DEBUG   : ru_finalize_child (NOOP)
2017-10-23 21:15:46,587: pmgr.launching.0.child: pmgr.launching.0                : pmgr.launching.0.child.watch: DEBUG   : ru_finalize_common (NOOP)
2017-10-23 21:15:46,587: pmgr.launching.0.child: pmgr.launching.0                : pmgr.launching.0.child.watch: INFO    : put message: [pmgr.launching.0.child.watch.thread] terminating
2017-10-23 21:15:46,850: pmgr.launching.0.child: pmgr.launching.0                : MainThread     : WARNING : alive check: proc invalid - stop [False - True]
2017-10-23 21:15:46,908: pmgr.launching.0.child: pmgr.launching.0                : MainThread     : INFO    : stop pmgr.launching.0.child (2085 : 2085 : MainThread) [radical.utils.process.Default.is_valid]
2017-10-23 21:15:46,908: pmgr.launching.0.child: pmgr.launching.0                : MainThread     : INFO    : parent stops child
2017-10-23 21:15:46,908: pmgr.launching.0.child: pmgr.launching.0                : MainThread     : DEBUG   : TERM : pmgr.launching.0.child unregister idler pmgr.launching.0.child.idler._pilot_watcher_cb
2017-10-23 21:15:46,908: pmgr.launching.0.child: pmgr.launching.0                : MainThread     : INFO    : parent stops child
2017-10-23 21:15:46,908: pmgr.launching.0.child: pmgr.launching.0                : MainThread     : DEBUG   : ru_finalize_parent (NOOP)
2017-10-23 21:15:46,908: pmgr.launching.0.child: pmgr.launching.0                : MainThread     : DEBUG   : ru_finalize_common (NOOP)
2017-10-23 21:15:46,927: pmgr.launching.0.child: pmgr.launching.0                : pmgr.launching.0.child.idler._pilot_watcher_cb: DEBUG   : ru_finalize_child (NOOP)
2017-10-23 21:15:46,927: pmgr.launching.0.child: pmgr.launching.0                : pmgr.launching.0.child.idler._pilot_watcher_cb: DEBUG   : ru_finalize_common (NOOP)
2017-10-23 21:15:46,927: pmgr.launching.0.child: pmgr.launching.0                : pmgr.launching.0.child.idler._pilot_watcher_cb: INFO    : put message: [pmgr.launching.0.child.idler._pilot_watcher_cb.thread] terminating
2017-10-23 21:15:46,940: pmgr.launching.0.child: pmgr.launching.0                : MainThread     : DEBUG   : TERM : pmgr.launching.0.child unregistered idler pmgr.launching.0.child.idler._pilot_watcher_cb
2017-10-23 21:15:46,940: pmgr.launching.0.child: pmgr.launching.0                : MainThread     : DEBUG   : TERM : pmgr.launching.0.child unregister subscriber pmgr.launching.0.child.subscriber._pmgr_control_cb
2017-10-23 21:15:46,940: pmgr.launching.0.child: pmgr.launching.0                : MainThread     : DEBUG   : unregistered subscriber pmgr.launching.0.child.subscriber._pmgr_control_cb
2017-10-23 21:15:46,941: pmgr.launching.0.child: pmgr.launching.0                : MainThread     : DEBUG   : advance bulk size: 0 [False, True]
2017-10-23 21:15:46,941: pmgr.launching.0.child: pmgr.launching.0                : MainThread     : DEBUG   : close  js to gsissh://bw.ncsa.illinois.edu
2017-10-23 21:15:47,144: pmgr.launching.0.child: pmgr.launching.0                : MainThread     : DEBUG   : closed js to gsissh://bw.ncsa.illinois.edu
2017-10-23 21:15:47,144: pmgr.launching.0.child: pmgr.launching.0                : MainThread     : DEBUG   : close  js to torque+gsissh://bw.ncsa.illinois.edu
