2017-11-09 01:10:02,101: rp.session.two.jdakka.017479.0000: MainProcess                     : MainThread     : INFO    : python.interpreter   version: 2.7.12 (default, Nov 19 2016, 06:48:10) [GCC 5.4.0 20160609]
2017-11-09 01:10:02,101: rp.session.two.jdakka.017479.0000: MainProcess                     : MainThread     : INFO    :                      pid: 15527
2017-11-09 01:10:02,101: rp.session.two.jdakka.017479.0000: MainProcess                     : MainThread     : INFO    :                      tid: MainThread
2017-11-09 01:10:02,102: rp.session.two.jdakka.017479.0000: MainProcess                     : MainThread     : INFO    : radical.pilot        version: 0.47-v0.46.2-181-g138b1e15@HEAD-detached-at-origin-rc-v0.46.3
2017-11-09 01:10:02,102: rp.session.two.jdakka.017479.0000: MainProcess                     : MainThread     : INFO    : using database mongodb://jdakka:mongo@ds231715.mlab.com:31715/new_htbac
2017-11-09 01:10:02,255: rp.session.two.jdakka.017479.0000: MainProcess                     : MainThread     : INFO    : Load resource configurations from /home/jdakka/UCL/rc_stack/venv/local/lib/python2.7/site-packages/radical/pilot/configs/resource_fub.json
2017-11-09 01:10:02,256: rp.session.two.jdakka.017479.0000: MainProcess                     : MainThread     : INFO    : Load resource configurations for fub.allegro_rsh
2017-11-09 01:10:02,256: rp.session.two.jdakka.017479.0000: MainProcess                     : MainThread     : INFO    : Load resource configurations from /home/jdakka/UCL/rc_stack/venv/local/lib/python2.7/site-packages/radical/pilot/configs/resource_yale.json
2017-11-09 01:10:02,257: rp.session.two.jdakka.017479.0000: MainProcess                     : MainThread     : INFO    : Load resource configurations for yale.grace_ssh
2017-11-09 01:10:02,257: rp.session.two.jdakka.017479.0000: MainProcess                     : MainThread     : INFO    : Load resource configurations from /home/jdakka/UCL/rc_stack/venv/local/lib/python2.7/site-packages/radical/pilot/configs/resource_stfc.json
2017-11-09 01:10:02,258: rp.session.two.jdakka.017479.0000: MainProcess                     : MainThread     : INFO    : Load resource configurations for stfc.joule_runjob
2017-11-09 01:10:02,258: rp.session.two.jdakka.017479.0000: MainProcess                     : MainThread     : INFO    : Load resource configurations from /home/jdakka/UCL/rc_stack/venv/local/lib/python2.7/site-packages/radical/pilot/configs/resource_osg.json
2017-11-09 01:10:02,259: rp.session.two.jdakka.017479.0000: MainProcess                     : MainThread     : INFO    : Load resource configurations for osg.xsede-virt-clust
2017-11-09 01:10:02,260: rp.session.two.jdakka.017479.0000: MainProcess                     : MainThread     : INFO    : Load resource configurations for osg.connect
2017-11-09 01:10:02,260: rp.session.two.jdakka.017479.0000: MainProcess                     : MainThread     : INFO    : Load resource configurations from /home/jdakka/UCL/rc_stack/venv/local/lib/python2.7/site-packages/radical/pilot/configs/resource_xsede.json
2017-11-09 01:10:02,279: rp.session.two.jdakka.017479.0000: MainProcess                     : MainThread     : INFO    : Load resource configurations for xsede.gordon_ssh
2017-11-09 01:10:02,280: rp.session.two.jdakka.017479.0000: MainProcess                     : MainThread     : INFO    : Load resource configurations for xsede.lonestar_ssh
2017-11-09 01:10:02,280: rp.session.two.jdakka.017479.0000: MainProcess                     : MainThread     : INFO    : Load resource configurations for xsede.supermic_spark
2017-11-09 01:10:02,280: rp.session.two.jdakka.017479.0000: MainProcess                     : MainThread     : INFO    : Load resource configurations for xsede.wrangler_yarn
2017-11-09 01:10:02,280: rp.session.two.jdakka.017479.0000: MainProcess                     : MainThread     : INFO    : Load resource configurations for xsede.blacklight_ssh
2017-11-09 01:10:02,280: rp.session.two.jdakka.017479.0000: MainProcess                     : MainThread     : INFO    : Load resource configurations for xsede.stampede_ortelib
2017-11-09 01:10:02,281: rp.session.two.jdakka.017479.0000: MainProcess                     : MainThread     : INFO    : Load resource configurations for xsede.stampede_yarn
2017-11-09 01:10:02,281: rp.session.two.jdakka.017479.0000: MainProcess                     : MainThread     : INFO    : Load resource configurations for xsede.stampede_ssh
2017-11-09 01:10:02,281: rp.session.two.jdakka.017479.0000: MainProcess                     : MainThread     : INFO    : Load resource configurations for xsede.greenfield
2017-11-09 01:10:02,281: rp.session.two.jdakka.017479.0000: MainProcess                     : MainThread     : INFO    : Load resource configurations for xsede.bridges
2017-11-09 01:10:02,282: rp.session.two.jdakka.017479.0000: MainProcess                     : MainThread     : INFO    : Load resource configurations for xsede.trestles_ssh
2017-11-09 01:10:02,282: rp.session.two.jdakka.017479.0000: MainProcess                     : MainThread     : INFO    : Load resource configurations for xsede.supermic_ortelib
2017-11-09 01:10:02,282: rp.session.two.jdakka.017479.0000: MainProcess                     : MainThread     : INFO    : Load resource configurations for xsede.stampede2_ssh
2017-11-09 01:10:02,282: rp.session.two.jdakka.017479.0000: MainProcess                     : MainThread     : INFO    : Load resource configurations for xsede.supermic_ssh
2017-11-09 01:10:02,282: rp.session.two.jdakka.017479.0000: MainProcess                     : MainThread     : INFO    : Load resource configurations for xsede.wrangler_ssh
2017-11-09 01:10:02,283: rp.session.two.jdakka.017479.0000: MainProcess                     : MainThread     : INFO    : Load resource configurations for xsede.supermic_orte
2017-11-09 01:10:02,283: rp.session.two.jdakka.017479.0000: MainProcess                     : MainThread     : INFO    : Load resource configurations for xsede.wrangler_spark
2017-11-09 01:10:02,283: rp.session.two.jdakka.017479.0000: MainProcess                     : MainThread     : INFO    : Load resource configurations for xsede.stampede_orte
2017-11-09 01:10:02,283: rp.session.two.jdakka.017479.0000: MainProcess                     : MainThread     : INFO    : Load resource configurations for xsede.comet_ortelib
2017-11-09 01:10:02,283: rp.session.two.jdakka.017479.0000: MainProcess                     : MainThread     : INFO    : Load resource configurations for xsede.comet_orte
2017-11-09 01:10:02,284: rp.session.two.jdakka.017479.0000: MainProcess                     : MainThread     : INFO    : Load resource configurations for xsede.comet_spark
2017-11-09 01:10:02,284: rp.session.two.jdakka.017479.0000: MainProcess                     : MainThread     : INFO    : Load resource configurations for xsede.comet_ssh
2017-11-09 01:10:02,284: rp.session.two.jdakka.017479.0000: MainProcess                     : MainThread     : INFO    : Load resource configurations for xsede.stampede_spark
2017-11-09 01:10:02,284: rp.session.two.jdakka.017479.0000: MainProcess                     : MainThread     : INFO    : Load resource configurations from /home/jdakka/UCL/rc_stack/venv/local/lib/python2.7/site-packages/radical/pilot/configs/resource_nersc.json
2017-11-09 01:10:02,289: rp.session.two.jdakka.017479.0000: MainProcess                     : MainThread     : INFO    : Load resource configurations for nersc.edison_ccm_ssh
2017-11-09 01:10:02,289: rp.session.two.jdakka.017479.0000: MainProcess                     : MainThread     : INFO    : Load resource configurations for nersc.hopper_orte
2017-11-09 01:10:02,290: rp.session.two.jdakka.017479.0000: MainProcess                     : MainThread     : INFO    : Load resource configurations for nersc.hopper_ccm_ssh
2017-11-09 01:10:02,290: rp.session.two.jdakka.017479.0000: MainProcess                     : MainThread     : INFO    : Load resource configurations for nersc.edison_aprun
2017-11-09 01:10:02,290: rp.session.two.jdakka.017479.0000: MainProcess                     : MainThread     : INFO    : Load resource configurations for nersc.hopper_aprun
2017-11-09 01:10:02,290: rp.session.two.jdakka.017479.0000: MainProcess                     : MainThread     : INFO    : Load resource configurations for nersc.edison_orte
2017-11-09 01:10:02,291: rp.session.two.jdakka.017479.0000: MainProcess                     : MainThread     : INFO    : Load resource configurations from /home/jdakka/UCL/rc_stack/venv/local/lib/python2.7/site-packages/radical/pilot/configs/resource_lrz.json
2017-11-09 01:10:02,292: rp.session.two.jdakka.017479.0000: MainProcess                     : MainThread     : INFO    : Load resource configurations for lrz.supermuc_ssh
2017-11-09 01:10:02,292: rp.session.two.jdakka.017479.0000: MainProcess                     : MainThread     : INFO    : Load resource configurations from /home/jdakka/UCL/rc_stack/venv/local/lib/python2.7/site-packages/radical/pilot/configs/resource_epsrc.json
2017-11-09 01:10:02,294: rp.session.two.jdakka.017479.0000: MainProcess                     : MainThread     : INFO    : Load resource configurations for epsrc.archer_orte
2017-11-09 01:10:02,294: rp.session.two.jdakka.017479.0000: MainProcess                     : MainThread     : INFO    : Load resource configurations for epsrc.archer_aprun
2017-11-09 01:10:02,294: rp.session.two.jdakka.017479.0000: MainProcess                     : MainThread     : INFO    : Load resource configurations from /home/jdakka/UCL/rc_stack/venv/local/lib/python2.7/site-packages/radical/pilot/configs/resource_ncsa.json
2017-11-09 01:10:02,299: rp.session.two.jdakka.017479.0000: MainProcess                     : MainThread     : INFO    : Load resource configurations for ncsa.bw_orte
2017-11-09 01:10:02,299: rp.session.two.jdakka.017479.0000: MainProcess                     : MainThread     : INFO    : Load resource configurations for ncsa.bw_ccm_ssh
2017-11-09 01:10:02,299: rp.session.two.jdakka.017479.0000: MainProcess                     : MainThread     : INFO    : Load resource configurations for ncsa.bw_ortelib
2017-11-09 01:10:02,299: rp.session.two.jdakka.017479.0000: MainProcess                     : MainThread     : INFO    : Load resource configurations for ncsa.bw_aprun
2017-11-09 01:10:02,300: rp.session.two.jdakka.017479.0000: MainProcess                     : MainThread     : INFO    : Load resource configurations for ncsa.bw_local_orte
2017-11-09 01:10:02,300: rp.session.two.jdakka.017479.0000: MainProcess                     : MainThread     : INFO    : Load resource configurations from /home/jdakka/UCL/rc_stack/venv/local/lib/python2.7/site-packages/radical/pilot/configs/resource_lumc.json
2017-11-09 01:10:02,301: rp.session.two.jdakka.017479.0000: MainProcess                     : MainThread     : INFO    : Load resource configurations for lumc.gb-ui_ssh
2017-11-09 01:10:02,302: rp.session.two.jdakka.017479.0000: MainProcess                     : MainThread     : INFO    : Load resource configurations for lumc.shark_ssh
2017-11-09 01:10:02,302: rp.session.two.jdakka.017479.0000: MainProcess                     : MainThread     : INFO    : Load resource configurations from /home/jdakka/UCL/rc_stack/venv/local/lib/python2.7/site-packages/radical/pilot/configs/resource_das4.json
2017-11-09 01:10:02,303: rp.session.two.jdakka.017479.0000: MainProcess                     : MainThread     : INFO    : Load resource configurations for das4.fs2_ssh
2017-11-09 01:10:02,303: rp.session.two.jdakka.017479.0000: MainProcess                     : MainThread     : INFO    : Load resource configurations from /home/jdakka/UCL/rc_stack/venv/local/lib/python2.7/site-packages/radical/pilot/configs/resource_aliases.json
2017-11-09 01:10:02,303: rp.session.two.jdakka.017479.0000: MainProcess                     : MainThread     : INFO    : Load resource configurations from /home/jdakka/UCL/rc_stack/venv/local/lib/python2.7/site-packages/radical/pilot/configs/resource_futuregrid.json
2017-11-09 01:10:02,307: rp.session.two.jdakka.017479.0000: MainProcess                     : MainThread     : INFO    : Load resource configurations for futuregrid.delta_ssh
2017-11-09 01:10:02,307: rp.session.two.jdakka.017479.0000: MainProcess                     : MainThread     : INFO    : Load resource configurations for futuregrid.india_ssh
2017-11-09 01:10:02,307: rp.session.two.jdakka.017479.0000: MainProcess                     : MainThread     : INFO    : Load resource configurations for futuregrid.echo_ssh
2017-11-09 01:10:02,308: rp.session.two.jdakka.017479.0000: MainProcess                     : MainThread     : INFO    : Load resource configurations for futuregrid.xray_ccm
2017-11-09 01:10:02,308: rp.session.two.jdakka.017479.0000: MainProcess                     : MainThread     : INFO    : Load resource configurations for futuregrid.bravo_ssh
2017-11-09 01:10:02,308: rp.session.two.jdakka.017479.0000: MainProcess                     : MainThread     : INFO    : Load resource configurations for futuregrid.xray_aprun
2017-11-09 01:10:02,308: rp.session.two.jdakka.017479.0000: MainProcess                     : MainThread     : INFO    : Load resource configurations from /home/jdakka/UCL/rc_stack/venv/local/lib/python2.7/site-packages/radical/pilot/configs/resource_ornl.json
2017-11-09 01:10:02,311: rp.session.two.jdakka.017479.0000: MainProcess                     : MainThread     : INFO    : Load resource configurations for ornl.titan_orte
2017-11-09 01:10:02,311: rp.session.two.jdakka.017479.0000: MainProcess                     : MainThread     : INFO    : Load resource configurations for ornl.titan_aprun
2017-11-09 01:10:02,312: rp.session.two.jdakka.017479.0000: MainProcess                     : MainThread     : INFO    : Load resource configurations for ornl.titan_ortelib
2017-11-09 01:10:02,312: rp.session.two.jdakka.017479.0000: MainProcess                     : MainThread     : INFO    : Load resource configurations from /home/jdakka/UCL/rc_stack/venv/local/lib/python2.7/site-packages/radical/pilot/configs/resource_chameleon.json
2017-11-09 01:10:02,313: rp.session.two.jdakka.017479.0000: MainProcess                     : MainThread     : INFO    : Load resource configurations for chameleon.cloud_vm_yarn
2017-11-09 01:10:02,313: rp.session.two.jdakka.017479.0000: MainProcess                     : MainThread     : INFO    : Load resource configurations from /home/jdakka/UCL/rc_stack/venv/local/lib/python2.7/site-packages/radical/pilot/configs/resource_iu.json
2017-11-09 01:10:02,314: rp.session.two.jdakka.017479.0000: MainProcess                     : MainThread     : INFO    : Load resource configurations for iu.bigred2_ccm_ssh
2017-11-09 01:10:02,315: rp.session.two.jdakka.017479.0000: MainProcess                     : MainThread     : INFO    : Load resource configurations for iu.bigred2_aprun
2017-11-09 01:10:02,315: rp.session.two.jdakka.017479.0000: MainProcess                     : MainThread     : INFO    : Load resource configurations from /home/jdakka/UCL/rc_stack/venv/local/lib/python2.7/site-packages/radical/pilot/configs/resource_local.json
2017-11-09 01:10:02,320: rp.session.two.jdakka.017479.0000: MainProcess                     : MainThread     : INFO    : Load resource configurations for local.localhost_orte
2017-11-09 01:10:02,320: rp.session.two.jdakka.017479.0000: MainProcess                     : MainThread     : INFO    : Load resource configurations for local.localhost_anaconda
2017-11-09 01:10:02,320: rp.session.two.jdakka.017479.0000: MainProcess                     : MainThread     : INFO    : Load resource configurations for local.localhost_ortelib
2017-11-09 01:10:02,321: rp.session.two.jdakka.017479.0000: MainProcess                     : MainThread     : INFO    : Load resource configurations for local.localhost
2017-11-09 01:10:02,321: rp.session.two.jdakka.017479.0000: MainProcess                     : MainThread     : INFO    : Load resource configurations for local.localhost_spark
2017-11-09 01:10:02,321: rp.session.two.jdakka.017479.0000: MainProcess                     : MainThread     : INFO    : Load resource configurations for local.localhost_spark_anaconda
2017-11-09 01:10:02,321: rp.session.two.jdakka.017479.0000: MainProcess                     : MainThread     : INFO    : Load resource configurations for local.localhost_yarn
2017-11-09 01:10:02,321: rp.session.two.jdakka.017479.0000: MainProcess                     : MainThread     : INFO    : Load resource configurations from /home/jdakka/UCL/rc_stack/venv/local/lib/python2.7/site-packages/radical/pilot/configs/resource_radical.json
2017-11-09 01:10:02,323: rp.session.two.jdakka.017479.0000: MainProcess                     : MainThread     : INFO    : Load resource configurations for radical.two
2017-11-09 01:10:02,324: rp.session.two.jdakka.017479.0000: MainProcess                     : MainThread     : INFO    : Load resource configurations for radical.tutorial
2017-11-09 01:10:02,324: rp.session.two.jdakka.017479.0000: MainProcess                     : MainThread     : INFO    : Load resource configurations for radical.one
2017-11-09 01:10:02,324: rp.session.two.jdakka.017479.0000: MainProcess                     : MainThread     : INFO    : Load resource configurations from /home/jdakka/UCL/rc_stack/venv/local/lib/python2.7/site-packages/radical/pilot/configs/resource_ncar.json
2017-11-09 01:10:02,325: rp.session.two.jdakka.017479.0000: MainProcess                     : MainThread     : INFO    : Load resource configurations for ncar.yellowstone_ssh
2017-11-09 01:10:02,325: rp.session.two.jdakka.017479.0000: MainProcess                     : MainThread     : INFO    : Load resource configurations from /home/jdakka/UCL/rc_stack/venv/local/lib/python2.7/site-packages/radical/pilot/configs/resource_rice.json
2017-11-09 01:10:02,326: rp.session.two.jdakka.017479.0000: MainProcess                     : MainThread     : INFO    : Load resource configurations for rice.davinci_ssh
2017-11-09 01:10:02,327: rp.session.two.jdakka.017479.0000: MainProcess                     : MainThread     : INFO    : Load resource configurations for rice.biou_ssh
2017-11-09 01:10:02,327: rp.session.two.jdakka.017479.0000: MainProcess                     : MainThread     : INFO    : Load resource configurations from /home/jdakka/UCL/rc_stack/venv/local/lib/python2.7/site-packages/radical/pilot/configs/resource_das5.json
2017-11-09 01:10:02,328: rp.session.two.jdakka.017479.0000: MainProcess                     : MainThread     : INFO    : Load resource configurations for das5.fs1_ssh
2017-11-09 01:10:03,712: rp.session.two.jdakka.017479.0000: MainProcess                     : MainThread     : INFO    : New Session created: rp.session.two.jdakka.017479.0000.
2017-11-09 01:10:03,712: rp.session.two.jdakka.017479.0000: MainProcess                     : MainThread     : DEBUG   : start bridges   : {u'control_pubsub': {u'bulk_size': 0, u'log_level': u'debug', u'stall_hwm': 1},
 u'log_pubsub': {u'bulk_size': 0, u'log_level': u'debug', u'stall_hwm': 1},
 u'state_pubsub': {u'bulk_size': 0, u'log_level': u'debug', u'stall_hwm': 1}}
2017-11-09 01:10:03,712: rp.session.two.jdakka.017479.0000: MainProcess                     : MainThread     : INFO    : create bridge control_pubsub
2017-11-09 01:10:03,722: rp.session.two.jdakka.017479.0000: MainProcess                     : MainThread     : INFO    : created bridge control_pubsub (control.pubsub.bridge.0000)
2017-11-09 01:10:03,722: rp.session.two.jdakka.017479.0000: MainProcess                     : MainThread     : INFO    : create bridge state_pubsub
2017-11-09 01:10:03,731: rp.session.two.jdakka.017479.0000: MainProcess                     : MainThread     : INFO    : created bridge state_pubsub (state.pubsub.bridge.0000)
2017-11-09 01:10:03,731: rp.session.two.jdakka.017479.0000: MainProcess                     : MainThread     : INFO    : create bridge log_pubsub
2017-11-09 01:10:03,739: rp.session.two.jdakka.017479.0000: MainProcess                     : MainThread     : INFO    : created bridge log_pubsub (log.pubsub.bridge.0000)
2017-11-09 01:10:03,740: rp.session.two.jdakka.017479.0000: MainProcess                     : MainThread     : DEBUG   : start components: {u'UpdateWorker': {u'count': 1}}
2017-11-09 01:10:03,740: rp.session.two.jdakka.017479.0000: MainProcess                     : MainThread     : DEBUG   : start 1 component(s) UpdateWorker
2017-11-09 01:10:04,533: rp.session.two.jdakka.017479.0000: MainProcess                     : MainThread     : INFO    : rp.session.two.jdakka.017479.0000 starts update.0
2017-11-09 01:10:05,063: rp.session.two.jdakka.017479.0000: MainProcess                     : MainThread     : DEBUG   : rsup.PTYShell('gsissh://bw.ncsa.illinois.edu')
2017-11-09 01:10:13,066: rp.session.two.jdakka.017479.0000: MainProcess                     : MainThread     : DEBUG   : sandbox base gsissh://bw.ncsa.illinois.edu: '/scratch/sciteam/dakka'
2017-11-09 01:10:13,273: rp.session.two.jdakka.017479.0000: MainProcess                     : MainThread     : DEBUG   : bulk pilot insert result: {'nModified': 0, 'nUpserted': 0, 'nMatched': 0, 'writeErrors': [], 'upserted': [], 'writeConcernErrors': [], 'nRemoved': 0, 'nInserted': 1}
2017-11-09 01:10:13,276: rp.session.two.jdakka.017479.0000: pmgr.0000.launching.0           : MainThread     : DEBUG   : rsup.PTYShell('gsissh://bw.ncsa.illinois.edu')
2017-11-09 01:10:18,043: rp.session.two.jdakka.017479.0000: pmgr.0000.launching.0           : MainThread     : DEBUG   : sandbox base gsissh://bw.ncsa.illinois.edu: '/scratch/sciteam/dakka'
2017-11-09 05:43:00,564: rp.session.two.jdakka.017479.0000: task-manager                    : MainThread     : DEBUG   : bulk unit insert result: {'nModified': 0, 'nUpserted': 0, 'nMatched': 0, 'writeErrors': [], 'upserted': [], 'writeConcernErrors': [], 'nRemoved': 0, 'nInserted': 1}
2017-11-09 05:43:00,685: rp.session.two.jdakka.017479.0000: task-manager                    : MainThread     : DEBUG   : bulk unit insert result: {'nModified': 0, 'nUpserted': 0, 'nMatched': 0, 'writeErrors': [], 'upserted': [], 'writeConcernErrors': [], 'nRemoved': 0, 'nInserted': 1}
2017-11-09 05:43:00,796: rp.session.two.jdakka.017479.0000: task-manager                    : MainThread     : DEBUG   : bulk unit insert result: {'nModified': 0, 'nUpserted': 0, 'nMatched': 0, 'writeErrors': [], 'upserted': [], 'writeConcernErrors': [], 'nRemoved': 0, 'nInserted': 1}
2017-11-09 05:43:00,909: rp.session.two.jdakka.017479.0000: task-manager                    : MainThread     : DEBUG   : bulk unit insert result: {'nModified': 0, 'nUpserted': 0, 'nMatched': 0, 'writeErrors': [], 'upserted': [], 'writeConcernErrors': [], 'nRemoved': 0, 'nInserted': 1}
2017-11-09 05:43:01,035: rp.session.two.jdakka.017479.0000: task-manager                    : MainThread     : DEBUG   : bulk unit insert result: {'nModified': 0, 'nUpserted': 0, 'nMatched': 0, 'writeErrors': [], 'upserted': [], 'writeConcernErrors': [], 'nRemoved': 0, 'nInserted': 1}
2017-11-09 05:43:01,163: rp.session.two.jdakka.017479.0000: task-manager                    : MainThread     : DEBUG   : bulk unit insert result: {'nModified': 0, 'nUpserted': 0, 'nMatched': 0, 'writeErrors': [], 'upserted': [], 'writeConcernErrors': [], 'nRemoved': 0, 'nInserted': 1}
2017-11-09 05:43:01,275: rp.session.two.jdakka.017479.0000: task-manager                    : MainThread     : DEBUG   : bulk unit insert result: {'nModified': 0, 'nUpserted': 0, 'nMatched': 0, 'writeErrors': [], 'upserted': [], 'writeConcernErrors': [], 'nRemoved': 0, 'nInserted': 1}
2017-11-09 05:43:01,383: rp.session.two.jdakka.017479.0000: task-manager                    : MainThread     : DEBUG   : bulk unit insert result: {'nModified': 0, 'nUpserted': 0, 'nMatched': 0, 'writeErrors': [], 'upserted': [], 'writeConcernErrors': [], 'nRemoved': 0, 'nInserted': 1}
2017-11-09 05:43:01,489: rp.session.two.jdakka.017479.0000: task-manager                    : MainThread     : DEBUG   : bulk unit insert result: {'nModified': 0, 'nUpserted': 0, 'nMatched': 0, 'writeErrors': [], 'upserted': [], 'writeConcernErrors': [], 'nRemoved': 0, 'nInserted': 1}
2017-11-09 05:43:01,597: rp.session.two.jdakka.017479.0000: task-manager                    : MainThread     : DEBUG   : bulk unit insert result: {'nModified': 0, 'nUpserted': 0, 'nMatched': 0, 'writeErrors': [], 'upserted': [], 'writeConcernErrors': [], 'nRemoved': 0, 'nInserted': 1}
2017-11-09 05:43:01,708: rp.session.two.jdakka.017479.0000: task-manager                    : MainThread     : DEBUG   : bulk unit insert result: {'nModified': 0, 'nUpserted': 0, 'nMatched': 0, 'writeErrors': [], 'upserted': [], 'writeConcernErrors': [], 'nRemoved': 0, 'nInserted': 1}
2017-11-09 05:43:01,820: rp.session.two.jdakka.017479.0000: task-manager                    : MainThread     : DEBUG   : bulk unit insert result: {'nModified': 0, 'nUpserted': 0, 'nMatched': 0, 'writeErrors': [], 'upserted': [], 'writeConcernErrors': [], 'nRemoved': 0, 'nInserted': 1}
2017-11-09 05:43:01,926: rp.session.two.jdakka.017479.0000: task-manager                    : MainThread     : DEBUG   : bulk unit insert result: {'nModified': 0, 'nUpserted': 0, 'nMatched': 0, 'writeErrors': [], 'upserted': [], 'writeConcernErrors': [], 'nRemoved': 0, 'nInserted': 1}
2017-11-09 05:43:02,047: rp.session.two.jdakka.017479.0000: task-manager                    : MainThread     : DEBUG   : bulk unit insert result: {'nModified': 0, 'nUpserted': 0, 'nMatched': 0, 'writeErrors': [], 'upserted': [], 'writeConcernErrors': [], 'nRemoved': 0, 'nInserted': 1}
2017-11-09 05:43:02,166: rp.session.two.jdakka.017479.0000: task-manager                    : MainThread     : DEBUG   : bulk unit insert result: {'nModified': 0, 'nUpserted': 0, 'nMatched': 0, 'writeErrors': [], 'upserted': [], 'writeConcernErrors': [], 'nRemoved': 0, 'nInserted': 1}
2017-11-09 05:43:02,293: rp.session.two.jdakka.017479.0000: task-manager                    : MainThread     : DEBUG   : bulk unit insert result: {'nModified': 0, 'nUpserted': 0, 'nMatched': 0, 'writeErrors': [], 'upserted': [], 'writeConcernErrors': [], 'nRemoved': 0, 'nInserted': 1}
2017-11-09 05:43:02,423: rp.session.two.jdakka.017479.0000: task-manager                    : MainThread     : DEBUG   : bulk unit insert result: {'nModified': 0, 'nUpserted': 0, 'nMatched': 0, 'writeErrors': [], 'upserted': [], 'writeConcernErrors': [], 'nRemoved': 0, 'nInserted': 1}
2017-11-09 05:43:02,544: rp.session.two.jdakka.017479.0000: task-manager                    : MainThread     : DEBUG   : bulk unit insert result: {'nModified': 0, 'nUpserted': 0, 'nMatched': 0, 'writeErrors': [], 'upserted': [], 'writeConcernErrors': [], 'nRemoved': 0, 'nInserted': 1}
2017-11-09 05:43:02,671: rp.session.two.jdakka.017479.0000: task-manager                    : MainThread     : DEBUG   : bulk unit insert result: {'nModified': 0, 'nUpserted': 0, 'nMatched': 0, 'writeErrors': [], 'upserted': [], 'writeConcernErrors': [], 'nRemoved': 0, 'nInserted': 1}
2017-11-09 05:43:02,801: rp.session.two.jdakka.017479.0000: task-manager                    : MainThread     : DEBUG   : bulk unit insert result: {'nModified': 0, 'nUpserted': 0, 'nMatched': 0, 'writeErrors': [], 'upserted': [], 'writeConcernErrors': [], 'nRemoved': 0, 'nInserted': 1}
2017-11-09 05:43:02,941: rp.session.two.jdakka.017479.0000: task-manager                    : MainThread     : DEBUG   : bulk unit insert result: {'nModified': 0, 'nUpserted': 0, 'nMatched': 0, 'writeErrors': [], 'upserted': [], 'writeConcernErrors': [], 'nRemoved': 0, 'nInserted': 1}
2017-11-09 05:43:03,067: rp.session.two.jdakka.017479.0000: task-manager                    : MainThread     : DEBUG   : bulk unit insert result: {'nModified': 0, 'nUpserted': 0, 'nMatched': 0, 'writeErrors': [], 'upserted': [], 'writeConcernErrors': [], 'nRemoved': 0, 'nInserted': 1}
2017-11-09 05:43:03,186: rp.session.two.jdakka.017479.0000: task-manager                    : MainThread     : DEBUG   : bulk unit insert result: {'nModified': 0, 'nUpserted': 0, 'nMatched': 0, 'writeErrors': [], 'upserted': [], 'writeConcernErrors': [], 'nRemoved': 0, 'nInserted': 1}
2017-11-09 05:43:03,328: rp.session.two.jdakka.017479.0000: task-manager                    : MainThread     : DEBUG   : bulk unit insert result: {'nModified': 0, 'nUpserted': 0, 'nMatched': 0, 'writeErrors': [], 'upserted': [], 'writeConcernErrors': [], 'nRemoved': 0, 'nInserted': 1}
2017-11-09 05:43:03,451: rp.session.two.jdakka.017479.0000: task-manager                    : MainThread     : DEBUG   : bulk unit insert result: {'nModified': 0, 'nUpserted': 0, 'nMatched': 0, 'writeErrors': [], 'upserted': [], 'writeConcernErrors': [], 'nRemoved': 0, 'nInserted': 1}
2017-11-09 05:43:03,572: rp.session.two.jdakka.017479.0000: task-manager                    : MainThread     : DEBUG   : bulk unit insert result: {'nModified': 0, 'nUpserted': 0, 'nMatched': 0, 'writeErrors': [], 'upserted': [], 'writeConcernErrors': [], 'nRemoved': 0, 'nInserted': 1}
2017-11-09 05:43:03,702: rp.session.two.jdakka.017479.0000: task-manager                    : MainThread     : DEBUG   : bulk unit insert result: {'nModified': 0, 'nUpserted': 0, 'nMatched': 0, 'writeErrors': [], 'upserted': [], 'writeConcernErrors': [], 'nRemoved': 0, 'nInserted': 1}
2017-11-09 05:43:03,848: rp.session.two.jdakka.017479.0000: task-manager                    : MainThread     : DEBUG   : bulk unit insert result: {'nModified': 0, 'nUpserted': 0, 'nMatched': 0, 'writeErrors': [], 'upserted': [], 'writeConcernErrors': [], 'nRemoved': 0, 'nInserted': 1}
2017-11-09 05:43:03,972: rp.session.two.jdakka.017479.0000: task-manager                    : MainThread     : DEBUG   : bulk unit insert result: {'nModified': 0, 'nUpserted': 0, 'nMatched': 0, 'writeErrors': [], 'upserted': [], 'writeConcernErrors': [], 'nRemoved': 0, 'nInserted': 1}
2017-11-09 05:43:04,091: rp.session.two.jdakka.017479.0000: task-manager                    : MainThread     : DEBUG   : bulk unit insert result: {'nModified': 0, 'nUpserted': 0, 'nMatched': 0, 'writeErrors': [], 'upserted': [], 'writeConcernErrors': [], 'nRemoved': 0, 'nInserted': 1}
2017-11-09 05:43:04,210: rp.session.two.jdakka.017479.0000: task-manager                    : MainThread     : DEBUG   : bulk unit insert result: {'nModified': 0, 'nUpserted': 0, 'nMatched': 0, 'writeErrors': [], 'upserted': [], 'writeConcernErrors': [], 'nRemoved': 0, 'nInserted': 1}
2017-11-09 05:43:04,325: rp.session.two.jdakka.017479.0000: task-manager                    : MainThread     : DEBUG   : bulk unit insert result: {'nModified': 0, 'nUpserted': 0, 'nMatched': 0, 'writeErrors': [], 'upserted': [], 'writeConcernErrors': [], 'nRemoved': 0, 'nInserted': 1}
2017-11-09 05:46:11,381: rp.session.two.jdakka.017479.0000: task-manager                    : MainThread     : DEBUG   : bulk unit insert result: {'nModified': 0, 'nUpserted': 0, 'nMatched': 0, 'writeErrors': [], 'upserted': [], 'writeConcernErrors': [], 'nRemoved': 0, 'nInserted': 1}
2017-11-09 05:46:11,514: rp.session.two.jdakka.017479.0000: task-manager                    : MainThread     : DEBUG   : bulk unit insert result: {'nModified': 0, 'nUpserted': 0, 'nMatched': 0, 'writeErrors': [], 'upserted': [], 'writeConcernErrors': [], 'nRemoved': 0, 'nInserted': 1}
2017-11-09 05:46:11,670: rp.session.two.jdakka.017479.0000: task-manager                    : MainThread     : DEBUG   : bulk unit insert result: {'nModified': 0, 'nUpserted': 0, 'nMatched': 0, 'writeErrors': [], 'upserted': [], 'writeConcernErrors': [], 'nRemoved': 0, 'nInserted': 1}
2017-11-09 05:46:11,805: rp.session.two.jdakka.017479.0000: task-manager                    : MainThread     : DEBUG   : bulk unit insert result: {'nModified': 0, 'nUpserted': 0, 'nMatched': 0, 'writeErrors': [], 'upserted': [], 'writeConcernErrors': [], 'nRemoved': 0, 'nInserted': 1}
2017-11-09 05:46:11,945: rp.session.two.jdakka.017479.0000: task-manager                    : MainThread     : DEBUG   : bulk unit insert result: {'nModified': 0, 'nUpserted': 0, 'nMatched': 0, 'writeErrors': [], 'upserted': [], 'writeConcernErrors': [], 'nRemoved': 0, 'nInserted': 1}
2017-11-09 05:46:12,064: rp.session.two.jdakka.017479.0000: task-manager                    : MainThread     : DEBUG   : bulk unit insert result: {'nModified': 0, 'nUpserted': 0, 'nMatched': 0, 'writeErrors': [], 'upserted': [], 'writeConcernErrors': [], 'nRemoved': 0, 'nInserted': 1}
2017-11-09 05:46:12,182: rp.session.two.jdakka.017479.0000: task-manager                    : MainThread     : DEBUG   : bulk unit insert result: {'nModified': 0, 'nUpserted': 0, 'nMatched': 0, 'writeErrors': [], 'upserted': [], 'writeConcernErrors': [], 'nRemoved': 0, 'nInserted': 1}
2017-11-09 05:46:12,299: rp.session.two.jdakka.017479.0000: task-manager                    : MainThread     : DEBUG   : bulk unit insert result: {'nModified': 0, 'nUpserted': 0, 'nMatched': 0, 'writeErrors': [], 'upserted': [], 'writeConcernErrors': [], 'nRemoved': 0, 'nInserted': 1}
2017-11-09 05:46:12,417: rp.session.two.jdakka.017479.0000: task-manager                    : MainThread     : DEBUG   : bulk unit insert result: {'nModified': 0, 'nUpserted': 0, 'nMatched': 0, 'writeErrors': [], 'upserted': [], 'writeConcernErrors': [], 'nRemoved': 0, 'nInserted': 1}
2017-11-09 05:46:12,541: rp.session.two.jdakka.017479.0000: task-manager                    : MainThread     : DEBUG   : bulk unit insert result: {'nModified': 0, 'nUpserted': 0, 'nMatched': 0, 'writeErrors': [], 'upserted': [], 'writeConcernErrors': [], 'nRemoved': 0, 'nInserted': 1}
2017-11-09 05:46:12,665: rp.session.two.jdakka.017479.0000: task-manager                    : MainThread     : DEBUG   : bulk unit insert result: {'nModified': 0, 'nUpserted': 0, 'nMatched': 0, 'writeErrors': [], 'upserted': [], 'writeConcernErrors': [], 'nRemoved': 0, 'nInserted': 1}
2017-11-09 05:46:12,805: rp.session.two.jdakka.017479.0000: task-manager                    : MainThread     : DEBUG   : bulk unit insert result: {'nModified': 0, 'nUpserted': 0, 'nMatched': 0, 'writeErrors': [], 'upserted': [], 'writeConcernErrors': [], 'nRemoved': 0, 'nInserted': 1}
2017-11-09 05:46:12,937: rp.session.two.jdakka.017479.0000: task-manager                    : MainThread     : DEBUG   : bulk unit insert result: {'nModified': 0, 'nUpserted': 0, 'nMatched': 0, 'writeErrors': [], 'upserted': [], 'writeConcernErrors': [], 'nRemoved': 0, 'nInserted': 1}
2017-11-09 05:46:13,082: rp.session.two.jdakka.017479.0000: task-manager                    : MainThread     : DEBUG   : bulk unit insert result: {'nModified': 0, 'nUpserted': 0, 'nMatched': 0, 'writeErrors': [], 'upserted': [], 'writeConcernErrors': [], 'nRemoved': 0, 'nInserted': 1}
2017-11-09 05:46:13,211: rp.session.two.jdakka.017479.0000: task-manager                    : MainThread     : DEBUG   : bulk unit insert result: {'nModified': 0, 'nUpserted': 0, 'nMatched': 0, 'writeErrors': [], 'upserted': [], 'writeConcernErrors': [], 'nRemoved': 0, 'nInserted': 1}
2017-11-09 05:46:13,350: rp.session.two.jdakka.017479.0000: task-manager                    : MainThread     : DEBUG   : bulk unit insert result: {'nModified': 0, 'nUpserted': 0, 'nMatched': 0, 'writeErrors': [], 'upserted': [], 'writeConcernErrors': [], 'nRemoved': 0, 'nInserted': 1}
2017-11-09 05:46:13,468: rp.session.two.jdakka.017479.0000: task-manager                    : MainThread     : DEBUG   : bulk unit insert result: {'nModified': 0, 'nUpserted': 0, 'nMatched': 0, 'writeErrors': [], 'upserted': [], 'writeConcernErrors': [], 'nRemoved': 0, 'nInserted': 1}
2017-11-09 05:46:13,586: rp.session.two.jdakka.017479.0000: task-manager                    : MainThread     : DEBUG   : bulk unit insert result: {'nModified': 0, 'nUpserted': 0, 'nMatched': 0, 'writeErrors': [], 'upserted': [], 'writeConcernErrors': [], 'nRemoved': 0, 'nInserted': 1}
2017-11-09 05:46:13,703: rp.session.two.jdakka.017479.0000: task-manager                    : MainThread     : DEBUG   : bulk unit insert result: {'nModified': 0, 'nUpserted': 0, 'nMatched': 0, 'writeErrors': [], 'upserted': [], 'writeConcernErrors': [], 'nRemoved': 0, 'nInserted': 1}
2017-11-09 05:46:13,827: rp.session.two.jdakka.017479.0000: task-manager                    : MainThread     : DEBUG   : bulk unit insert result: {'nModified': 0, 'nUpserted': 0, 'nMatched': 0, 'writeErrors': [], 'upserted': [], 'writeConcernErrors': [], 'nRemoved': 0, 'nInserted': 1}
2017-11-09 05:46:13,947: rp.session.two.jdakka.017479.0000: task-manager                    : MainThread     : DEBUG   : bulk unit insert result: {'nModified': 0, 'nUpserted': 0, 'nMatched': 0, 'writeErrors': [], 'upserted': [], 'writeConcernErrors': [], 'nRemoved': 0, 'nInserted': 1}
2017-11-09 05:46:14,069: rp.session.two.jdakka.017479.0000: task-manager                    : MainThread     : DEBUG   : bulk unit insert result: {'nModified': 0, 'nUpserted': 0, 'nMatched': 0, 'writeErrors': [], 'upserted': [], 'writeConcernErrors': [], 'nRemoved': 0, 'nInserted': 1}
2017-11-09 05:46:14,189: rp.session.two.jdakka.017479.0000: task-manager                    : MainThread     : DEBUG   : bulk unit insert result: {'nModified': 0, 'nUpserted': 0, 'nMatched': 0, 'writeErrors': [], 'upserted': [], 'writeConcernErrors': [], 'nRemoved': 0, 'nInserted': 1}
2017-11-09 05:46:14,312: rp.session.two.jdakka.017479.0000: task-manager                    : MainThread     : DEBUG   : bulk unit insert result: {'nModified': 0, 'nUpserted': 0, 'nMatched': 0, 'writeErrors': [], 'upserted': [], 'writeConcernErrors': [], 'nRemoved': 0, 'nInserted': 1}
2017-11-09 05:46:14,438: rp.session.two.jdakka.017479.0000: task-manager                    : MainThread     : DEBUG   : bulk unit insert result: {'nModified': 0, 'nUpserted': 0, 'nMatched': 0, 'writeErrors': [], 'upserted': [], 'writeConcernErrors': [], 'nRemoved': 0, 'nInserted': 1}
2017-11-09 05:46:14,573: rp.session.two.jdakka.017479.0000: task-manager                    : MainThread     : DEBUG   : bulk unit insert result: {'nModified': 0, 'nUpserted': 0, 'nMatched': 0, 'writeErrors': [], 'upserted': [], 'writeConcernErrors': [], 'nRemoved': 0, 'nInserted': 1}
2017-11-09 05:46:14,696: rp.session.two.jdakka.017479.0000: task-manager                    : MainThread     : DEBUG   : bulk unit insert result: {'nModified': 0, 'nUpserted': 0, 'nMatched': 0, 'writeErrors': [], 'upserted': [], 'writeConcernErrors': [], 'nRemoved': 0, 'nInserted': 1}
2017-11-09 05:46:14,836: rp.session.two.jdakka.017479.0000: task-manager                    : MainThread     : DEBUG   : bulk unit insert result: {'nModified': 0, 'nUpserted': 0, 'nMatched': 0, 'writeErrors': [], 'upserted': [], 'writeConcernErrors': [], 'nRemoved': 0, 'nInserted': 1}
2017-11-09 05:46:14,957: rp.session.two.jdakka.017479.0000: task-manager                    : MainThread     : DEBUG   : bulk unit insert result: {'nModified': 0, 'nUpserted': 0, 'nMatched': 0, 'writeErrors': [], 'upserted': [], 'writeConcernErrors': [], 'nRemoved': 0, 'nInserted': 1}
2017-11-09 05:46:15,074: rp.session.two.jdakka.017479.0000: task-manager                    : MainThread     : DEBUG   : bulk unit insert result: {'nModified': 0, 'nUpserted': 0, 'nMatched': 0, 'writeErrors': [], 'upserted': [], 'writeConcernErrors': [], 'nRemoved': 0, 'nInserted': 1}
2017-11-09 05:46:15,194: rp.session.two.jdakka.017479.0000: task-manager                    : MainThread     : DEBUG   : bulk unit insert result: {'nModified': 0, 'nUpserted': 0, 'nMatched': 0, 'writeErrors': [], 'upserted': [], 'writeConcernErrors': [], 'nRemoved': 0, 'nInserted': 1}
2017-11-09 05:46:15,311: rp.session.two.jdakka.017479.0000: task-manager                    : MainThread     : DEBUG   : bulk unit insert result: {'nModified': 0, 'nUpserted': 0, 'nMatched': 0, 'writeErrors': [], 'upserted': [], 'writeConcernErrors': [], 'nRemoved': 0, 'nInserted': 1}
2017-11-09 05:53:13,326: rp.session.two.jdakka.017479.0000: task-manager                    : MainThread     : DEBUG   : bulk unit insert result: {'nModified': 0, 'nUpserted': 0, 'nMatched': 0, 'writeErrors': [], 'upserted': [], 'writeConcernErrors': [], 'nRemoved': 0, 'nInserted': 1}
2017-11-09 05:53:13,453: rp.session.two.jdakka.017479.0000: task-manager                    : MainThread     : DEBUG   : bulk unit insert result: {'nModified': 0, 'nUpserted': 0, 'nMatched': 0, 'writeErrors': [], 'upserted': [], 'writeConcernErrors': [], 'nRemoved': 0, 'nInserted': 1}
2017-11-09 05:53:13,596: rp.session.two.jdakka.017479.0000: task-manager                    : MainThread     : DEBUG   : bulk unit insert result: {'nModified': 0, 'nUpserted': 0, 'nMatched': 0, 'writeErrors': [], 'upserted': [], 'writeConcernErrors': [], 'nRemoved': 0, 'nInserted': 1}
2017-11-09 05:53:13,730: rp.session.two.jdakka.017479.0000: task-manager                    : MainThread     : DEBUG   : bulk unit insert result: {'nModified': 0, 'nUpserted': 0, 'nMatched': 0, 'writeErrors': [], 'upserted': [], 'writeConcernErrors': [], 'nRemoved': 0, 'nInserted': 1}
2017-11-09 05:53:13,866: rp.session.two.jdakka.017479.0000: task-manager                    : MainThread     : DEBUG   : bulk unit insert result: {'nModified': 0, 'nUpserted': 0, 'nMatched': 0, 'writeErrors': [], 'upserted': [], 'writeConcernErrors': [], 'nRemoved': 0, 'nInserted': 1}
2017-11-09 05:53:13,986: rp.session.two.jdakka.017479.0000: task-manager                    : MainThread     : DEBUG   : bulk unit insert result: {'nModified': 0, 'nUpserted': 0, 'nMatched': 0, 'writeErrors': [], 'upserted': [], 'writeConcernErrors': [], 'nRemoved': 0, 'nInserted': 1}
2017-11-09 05:53:14,106: rp.session.two.jdakka.017479.0000: task-manager                    : MainThread     : DEBUG   : bulk unit insert result: {'nModified': 0, 'nUpserted': 0, 'nMatched': 0, 'writeErrors': [], 'upserted': [], 'writeConcernErrors': [], 'nRemoved': 0, 'nInserted': 1}
2017-11-09 05:53:14,225: rp.session.two.jdakka.017479.0000: task-manager                    : MainThread     : DEBUG   : bulk unit insert result: {'nModified': 0, 'nUpserted': 0, 'nMatched': 0, 'writeErrors': [], 'upserted': [], 'writeConcernErrors': [], 'nRemoved': 0, 'nInserted': 1}
2017-11-09 05:53:14,349: rp.session.two.jdakka.017479.0000: task-manager                    : MainThread     : DEBUG   : bulk unit insert result: {'nModified': 0, 'nUpserted': 0, 'nMatched': 0, 'writeErrors': [], 'upserted': [], 'writeConcernErrors': [], 'nRemoved': 0, 'nInserted': 1}
2017-11-09 05:53:14,470: rp.session.two.jdakka.017479.0000: task-manager                    : MainThread     : DEBUG   : bulk unit insert result: {'nModified': 0, 'nUpserted': 0, 'nMatched': 0, 'writeErrors': [], 'upserted': [], 'writeConcernErrors': [], 'nRemoved': 0, 'nInserted': 1}
2017-11-09 05:53:14,696: rp.session.two.jdakka.017479.0000: task-manager                    : MainThread     : DEBUG   : bulk unit insert result: {'nModified': 0, 'nUpserted': 0, 'nMatched': 0, 'writeErrors': [], 'upserted': [], 'writeConcernErrors': [], 'nRemoved': 0, 'nInserted': 1}
2017-11-09 05:53:14,823: rp.session.two.jdakka.017479.0000: task-manager                    : MainThread     : DEBUG   : bulk unit insert result: {'nModified': 0, 'nUpserted': 0, 'nMatched': 0, 'writeErrors': [], 'upserted': [], 'writeConcernErrors': [], 'nRemoved': 0, 'nInserted': 1}
2017-11-09 05:53:14,956: rp.session.two.jdakka.017479.0000: task-manager                    : MainThread     : DEBUG   : bulk unit insert result: {'nModified': 0, 'nUpserted': 0, 'nMatched': 0, 'writeErrors': [], 'upserted': [], 'writeConcernErrors': [], 'nRemoved': 0, 'nInserted': 1}
2017-11-09 05:53:15,084: rp.session.two.jdakka.017479.0000: task-manager                    : MainThread     : DEBUG   : bulk unit insert result: {'nModified': 0, 'nUpserted': 0, 'nMatched': 0, 'writeErrors': [], 'upserted': [], 'writeConcernErrors': [], 'nRemoved': 0, 'nInserted': 1}
2017-11-09 05:53:15,212: rp.session.two.jdakka.017479.0000: task-manager                    : MainThread     : DEBUG   : bulk unit insert result: {'nModified': 0, 'nUpserted': 0, 'nMatched': 0, 'writeErrors': [], 'upserted': [], 'writeConcernErrors': [], 'nRemoved': 0, 'nInserted': 1}
2017-11-09 05:53:15,336: rp.session.two.jdakka.017479.0000: task-manager                    : MainThread     : DEBUG   : bulk unit insert result: {'nModified': 0, 'nUpserted': 0, 'nMatched': 0, 'writeErrors': [], 'upserted': [], 'writeConcernErrors': [], 'nRemoved': 0, 'nInserted': 1}
2017-11-09 05:53:15,453: rp.session.two.jdakka.017479.0000: task-manager                    : MainThread     : DEBUG   : bulk unit insert result: {'nModified': 0, 'nUpserted': 0, 'nMatched': 0, 'writeErrors': [], 'upserted': [], 'writeConcernErrors': [], 'nRemoved': 0, 'nInserted': 1}
2017-11-09 05:53:15,570: rp.session.two.jdakka.017479.0000: task-manager                    : MainThread     : DEBUG   : bulk unit insert result: {'nModified': 0, 'nUpserted': 0, 'nMatched': 0, 'writeErrors': [], 'upserted': [], 'writeConcernErrors': [], 'nRemoved': 0, 'nInserted': 1}
2017-11-09 05:53:15,688: rp.session.two.jdakka.017479.0000: task-manager                    : MainThread     : DEBUG   : bulk unit insert result: {'nModified': 0, 'nUpserted': 0, 'nMatched': 0, 'writeErrors': [], 'upserted': [], 'writeConcernErrors': [], 'nRemoved': 0, 'nInserted': 1}
2017-11-09 05:53:15,825: rp.session.two.jdakka.017479.0000: task-manager                    : MainThread     : DEBUG   : bulk unit insert result: {'nModified': 0, 'nUpserted': 0, 'nMatched': 0, 'writeErrors': [], 'upserted': [], 'writeConcernErrors': [], 'nRemoved': 0, 'nInserted': 1}
2017-11-09 05:53:15,938: rp.session.two.jdakka.017479.0000: task-manager                    : MainThread     : DEBUG   : bulk unit insert result: {'nModified': 0, 'nUpserted': 0, 'nMatched': 0, 'writeErrors': [], 'upserted': [], 'writeConcernErrors': [], 'nRemoved': 0, 'nInserted': 1}
2017-11-09 05:53:16,066: rp.session.two.jdakka.017479.0000: task-manager                    : MainThread     : DEBUG   : bulk unit insert result: {'nModified': 0, 'nUpserted': 0, 'nMatched': 0, 'writeErrors': [], 'upserted': [], 'writeConcernErrors': [], 'nRemoved': 0, 'nInserted': 1}
2017-11-09 05:53:16,189: rp.session.two.jdakka.017479.0000: task-manager                    : MainThread     : DEBUG   : bulk unit insert result: {'nModified': 0, 'nUpserted': 0, 'nMatched': 0, 'writeErrors': [], 'upserted': [], 'writeConcernErrors': [], 'nRemoved': 0, 'nInserted': 1}
2017-11-09 05:53:16,324: rp.session.two.jdakka.017479.0000: task-manager                    : MainThread     : DEBUG   : bulk unit insert result: {'nModified': 0, 'nUpserted': 0, 'nMatched': 0, 'writeErrors': [], 'upserted': [], 'writeConcernErrors': [], 'nRemoved': 0, 'nInserted': 1}
2017-11-09 05:53:16,451: rp.session.two.jdakka.017479.0000: task-manager                    : MainThread     : DEBUG   : bulk unit insert result: {'nModified': 0, 'nUpserted': 0, 'nMatched': 0, 'writeErrors': [], 'upserted': [], 'writeConcernErrors': [], 'nRemoved': 0, 'nInserted': 1}
2017-11-09 05:53:16,577: rp.session.two.jdakka.017479.0000: task-manager                    : MainThread     : DEBUG   : bulk unit insert result: {'nModified': 0, 'nUpserted': 0, 'nMatched': 0, 'writeErrors': [], 'upserted': [], 'writeConcernErrors': [], 'nRemoved': 0, 'nInserted': 1}
2017-11-09 05:53:16,700: rp.session.two.jdakka.017479.0000: task-manager                    : MainThread     : DEBUG   : bulk unit insert result: {'nModified': 0, 'nUpserted': 0, 'nMatched': 0, 'writeErrors': [], 'upserted': [], 'writeConcernErrors': [], 'nRemoved': 0, 'nInserted': 1}
2017-11-09 05:53:16,842: rp.session.two.jdakka.017479.0000: task-manager                    : MainThread     : DEBUG   : bulk unit insert result: {'nModified': 0, 'nUpserted': 0, 'nMatched': 0, 'writeErrors': [], 'upserted': [], 'writeConcernErrors': [], 'nRemoved': 0, 'nInserted': 1}
2017-11-09 05:53:16,960: rp.session.two.jdakka.017479.0000: task-manager                    : MainThread     : DEBUG   : bulk unit insert result: {'nModified': 0, 'nUpserted': 0, 'nMatched': 0, 'writeErrors': [], 'upserted': [], 'writeConcernErrors': [], 'nRemoved': 0, 'nInserted': 1}
2017-11-09 05:53:17,077: rp.session.two.jdakka.017479.0000: task-manager                    : MainThread     : DEBUG   : bulk unit insert result: {'nModified': 0, 'nUpserted': 0, 'nMatched': 0, 'writeErrors': [], 'upserted': [], 'writeConcernErrors': [], 'nRemoved': 0, 'nInserted': 1}
2017-11-09 05:53:17,195: rp.session.two.jdakka.017479.0000: task-manager                    : MainThread     : DEBUG   : bulk unit insert result: {'nModified': 0, 'nUpserted': 0, 'nMatched': 0, 'writeErrors': [], 'upserted': [], 'writeConcernErrors': [], 'nRemoved': 0, 'nInserted': 1}
2017-11-09 05:53:17,315: rp.session.two.jdakka.017479.0000: task-manager                    : MainThread     : DEBUG   : bulk unit insert result: {'nModified': 0, 'nUpserted': 0, 'nMatched': 0, 'writeErrors': [], 'upserted': [], 'writeConcernErrors': [], 'nRemoved': 0, 'nInserted': 1}
2017-11-09 05:57:19,976: rp.session.two.jdakka.017479.0000: task-manager                    : MainThread     : DEBUG   : bulk unit insert result: {'nModified': 0, 'nUpserted': 0, 'nMatched': 0, 'writeErrors': [], 'upserted': [], 'writeConcernErrors': [], 'nRemoved': 0, 'nInserted': 1}
2017-11-09 05:57:20,112: rp.session.two.jdakka.017479.0000: task-manager                    : MainThread     : DEBUG   : bulk unit insert result: {'nModified': 0, 'nUpserted': 0, 'nMatched': 0, 'writeErrors': [], 'upserted': [], 'writeConcernErrors': [], 'nRemoved': 0, 'nInserted': 1}
2017-11-09 05:57:20,246: rp.session.two.jdakka.017479.0000: task-manager                    : MainThread     : DEBUG   : bulk unit insert result: {'nModified': 0, 'nUpserted': 0, 'nMatched': 0, 'writeErrors': [], 'upserted': [], 'writeConcernErrors': [], 'nRemoved': 0, 'nInserted': 1}
2017-11-09 05:57:20,388: rp.session.two.jdakka.017479.0000: task-manager                    : MainThread     : DEBUG   : bulk unit insert result: {'nModified': 0, 'nUpserted': 0, 'nMatched': 0, 'writeErrors': [], 'upserted': [], 'writeConcernErrors': [], 'nRemoved': 0, 'nInserted': 1}
2017-11-09 05:57:20,510: rp.session.two.jdakka.017479.0000: task-manager                    : MainThread     : DEBUG   : bulk unit insert result: {'nModified': 0, 'nUpserted': 0, 'nMatched': 0, 'writeErrors': [], 'upserted': [], 'writeConcernErrors': [], 'nRemoved': 0, 'nInserted': 1}
2017-11-09 05:57:20,630: rp.session.two.jdakka.017479.0000: task-manager                    : MainThread     : DEBUG   : bulk unit insert result: {'nModified': 0, 'nUpserted': 0, 'nMatched': 0, 'writeErrors': [], 'upserted': [], 'writeConcernErrors': [], 'nRemoved': 0, 'nInserted': 1}
2017-11-09 05:57:20,748: rp.session.two.jdakka.017479.0000: task-manager                    : MainThread     : DEBUG   : bulk unit insert result: {'nModified': 0, 'nUpserted': 0, 'nMatched': 0, 'writeErrors': [], 'upserted': [], 'writeConcernErrors': [], 'nRemoved': 0, 'nInserted': 1}
2017-11-09 05:57:20,866: rp.session.two.jdakka.017479.0000: task-manager                    : MainThread     : DEBUG   : bulk unit insert result: {'nModified': 0, 'nUpserted': 0, 'nMatched': 0, 'writeErrors': [], 'upserted': [], 'writeConcernErrors': [], 'nRemoved': 0, 'nInserted': 1}
2017-11-09 05:57:20,999: rp.session.two.jdakka.017479.0000: task-manager                    : MainThread     : DEBUG   : bulk unit insert result: {'nModified': 0, 'nUpserted': 0, 'nMatched': 0, 'writeErrors': [], 'upserted': [], 'writeConcernErrors': [], 'nRemoved': 0, 'nInserted': 1}
2017-11-09 05:57:21,131: rp.session.two.jdakka.017479.0000: task-manager                    : MainThread     : DEBUG   : bulk unit insert result: {'nModified': 0, 'nUpserted': 0, 'nMatched': 0, 'writeErrors': [], 'upserted': [], 'writeConcernErrors': [], 'nRemoved': 0, 'nInserted': 1}
2017-11-09 05:57:21,255: rp.session.two.jdakka.017479.0000: task-manager                    : MainThread     : DEBUG   : bulk unit insert result: {'nModified': 0, 'nUpserted': 0, 'nMatched': 0, 'writeErrors': [], 'upserted': [], 'writeConcernErrors': [], 'nRemoved': 0, 'nInserted': 1}
2017-11-09 05:57:21,381: rp.session.two.jdakka.017479.0000: task-manager                    : MainThread     : DEBUG   : bulk unit insert result: {'nModified': 0, 'nUpserted': 0, 'nMatched': 0, 'writeErrors': [], 'upserted': [], 'writeConcernErrors': [], 'nRemoved': 0, 'nInserted': 1}
2017-11-09 05:57:21,506: rp.session.two.jdakka.017479.0000: task-manager                    : MainThread     : DEBUG   : bulk unit insert result: {'nModified': 0, 'nUpserted': 0, 'nMatched': 0, 'writeErrors': [], 'upserted': [], 'writeConcernErrors': [], 'nRemoved': 0, 'nInserted': 1}
2017-11-09 05:57:21,645: rp.session.two.jdakka.017479.0000: task-manager                    : MainThread     : DEBUG   : bulk unit insert result: {'nModified': 0, 'nUpserted': 0, 'nMatched': 0, 'writeErrors': [], 'upserted': [], 'writeConcernErrors': [], 'nRemoved': 0, 'nInserted': 1}
2017-11-09 05:57:21,769: rp.session.two.jdakka.017479.0000: task-manager                    : MainThread     : DEBUG   : bulk unit insert result: {'nModified': 0, 'nUpserted': 0, 'nMatched': 0, 'writeErrors': [], 'upserted': [], 'writeConcernErrors': [], 'nRemoved': 0, 'nInserted': 1}
2017-11-09 05:57:21,894: rp.session.two.jdakka.017479.0000: task-manager                    : MainThread     : DEBUG   : bulk unit insert result: {'nModified': 0, 'nUpserted': 0, 'nMatched': 0, 'writeErrors': [], 'upserted': [], 'writeConcernErrors': [], 'nRemoved': 0, 'nInserted': 1}
2017-11-09 05:57:22,028: rp.session.two.jdakka.017479.0000: task-manager                    : MainThread     : DEBUG   : bulk unit insert result: {'nModified': 0, 'nUpserted': 0, 'nMatched': 0, 'writeErrors': [], 'upserted': [], 'writeConcernErrors': [], 'nRemoved': 0, 'nInserted': 1}
2017-11-09 05:57:22,146: rp.session.two.jdakka.017479.0000: task-manager                    : MainThread     : DEBUG   : bulk unit insert result: {'nModified': 0, 'nUpserted': 0, 'nMatched': 0, 'writeErrors': [], 'upserted': [], 'writeConcernErrors': [], 'nRemoved': 0, 'nInserted': 1}
2017-11-09 05:57:22,265: rp.session.two.jdakka.017479.0000: task-manager                    : MainThread     : DEBUG   : bulk unit insert result: {'nModified': 0, 'nUpserted': 0, 'nMatched': 0, 'writeErrors': [], 'upserted': [], 'writeConcernErrors': [], 'nRemoved': 0, 'nInserted': 1}
2017-11-09 05:57:22,385: rp.session.two.jdakka.017479.0000: task-manager                    : MainThread     : DEBUG   : bulk unit insert result: {'nModified': 0, 'nUpserted': 0, 'nMatched': 0, 'writeErrors': [], 'upserted': [], 'writeConcernErrors': [], 'nRemoved': 0, 'nInserted': 1}
2017-11-09 05:57:22,496: rp.session.two.jdakka.017479.0000: task-manager                    : MainThread     : DEBUG   : bulk unit insert result: {'nModified': 0, 'nUpserted': 0, 'nMatched': 0, 'writeErrors': [], 'upserted': [], 'writeConcernErrors': [], 'nRemoved': 0, 'nInserted': 1}
2017-11-09 05:57:22,638: rp.session.two.jdakka.017479.0000: task-manager                    : MainThread     : DEBUG   : bulk unit insert result: {'nModified': 0, 'nUpserted': 0, 'nMatched': 0, 'writeErrors': [], 'upserted': [], 'writeConcernErrors': [], 'nRemoved': 0, 'nInserted': 1}
2017-11-09 05:57:22,780: rp.session.two.jdakka.017479.0000: task-manager                    : MainThread     : DEBUG   : bulk unit insert result: {'nModified': 0, 'nUpserted': 0, 'nMatched': 0, 'writeErrors': [], 'upserted': [], 'writeConcernErrors': [], 'nRemoved': 0, 'nInserted': 1}
2017-11-09 05:57:22,904: rp.session.two.jdakka.017479.0000: task-manager                    : MainThread     : DEBUG   : bulk unit insert result: {'nModified': 0, 'nUpserted': 0, 'nMatched': 0, 'writeErrors': [], 'upserted': [], 'writeConcernErrors': [], 'nRemoved': 0, 'nInserted': 1}
2017-11-09 05:57:23,035: rp.session.two.jdakka.017479.0000: task-manager                    : MainThread     : DEBUG   : bulk unit insert result: {'nModified': 0, 'nUpserted': 0, 'nMatched': 0, 'writeErrors': [], 'upserted': [], 'writeConcernErrors': [], 'nRemoved': 0, 'nInserted': 1}
2017-11-09 05:57:23,172: rp.session.two.jdakka.017479.0000: task-manager                    : MainThread     : DEBUG   : bulk unit insert result: {'nModified': 0, 'nUpserted': 0, 'nMatched': 0, 'writeErrors': [], 'upserted': [], 'writeConcernErrors': [], 'nRemoved': 0, 'nInserted': 1}
2017-11-09 05:57:23,296: rp.session.two.jdakka.017479.0000: task-manager                    : MainThread     : DEBUG   : bulk unit insert result: {'nModified': 0, 'nUpserted': 0, 'nMatched': 0, 'writeErrors': [], 'upserted': [], 'writeConcernErrors': [], 'nRemoved': 0, 'nInserted': 1}
2017-11-09 05:57:23,422: rp.session.two.jdakka.017479.0000: task-manager                    : MainThread     : DEBUG   : bulk unit insert result: {'nModified': 0, 'nUpserted': 0, 'nMatched': 0, 'writeErrors': [], 'upserted': [], 'writeConcernErrors': [], 'nRemoved': 0, 'nInserted': 1}
2017-11-09 05:57:23,553: rp.session.two.jdakka.017479.0000: task-manager                    : MainThread     : DEBUG   : bulk unit insert result: {'nModified': 0, 'nUpserted': 0, 'nMatched': 0, 'writeErrors': [], 'upserted': [], 'writeConcernErrors': [], 'nRemoved': 0, 'nInserted': 1}
2017-11-09 05:57:23,669: rp.session.two.jdakka.017479.0000: task-manager                    : MainThread     : DEBUG   : bulk unit insert result: {'nModified': 0, 'nUpserted': 0, 'nMatched': 0, 'writeErrors': [], 'upserted': [], 'writeConcernErrors': [], 'nRemoved': 0, 'nInserted': 1}
2017-11-09 05:57:23,789: rp.session.two.jdakka.017479.0000: task-manager                    : MainThread     : DEBUG   : bulk unit insert result: {'nModified': 0, 'nUpserted': 0, 'nMatched': 0, 'writeErrors': [], 'upserted': [], 'writeConcernErrors': [], 'nRemoved': 0, 'nInserted': 1}
2017-11-09 05:57:23,907: rp.session.two.jdakka.017479.0000: task-manager                    : MainThread     : DEBUG   : bulk unit insert result: {'nModified': 0, 'nUpserted': 0, 'nMatched': 0, 'writeErrors': [], 'upserted': [], 'writeConcernErrors': [], 'nRemoved': 0, 'nInserted': 1}
2017-11-09 06:00:34,341: rp.session.two.jdakka.017479.0000: task-manager                    : MainThread     : DEBUG   : bulk unit insert result: {'nModified': 0, 'nUpserted': 0, 'nMatched': 0, 'writeErrors': [], 'upserted': [], 'writeConcernErrors': [], 'nRemoved': 0, 'nInserted': 1}
2017-11-09 06:00:34,486: rp.session.two.jdakka.017479.0000: task-manager                    : MainThread     : DEBUG   : bulk unit insert result: {'nModified': 0, 'nUpserted': 0, 'nMatched': 0, 'writeErrors': [], 'upserted': [], 'writeConcernErrors': [], 'nRemoved': 0, 'nInserted': 1}
2017-11-09 06:00:34,623: rp.session.two.jdakka.017479.0000: task-manager                    : MainThread     : DEBUG   : bulk unit insert result: {'nModified': 0, 'nUpserted': 0, 'nMatched': 0, 'writeErrors': [], 'upserted': [], 'writeConcernErrors': [], 'nRemoved': 0, 'nInserted': 1}
2017-11-09 06:00:34,758: rp.session.two.jdakka.017479.0000: task-manager                    : MainThread     : DEBUG   : bulk unit insert result: {'nModified': 0, 'nUpserted': 0, 'nMatched': 0, 'writeErrors': [], 'upserted': [], 'writeConcernErrors': [], 'nRemoved': 0, 'nInserted': 1}
2017-11-09 06:00:34,876: rp.session.two.jdakka.017479.0000: task-manager                    : MainThread     : DEBUG   : bulk unit insert result: {'nModified': 0, 'nUpserted': 0, 'nMatched': 0, 'writeErrors': [], 'upserted': [], 'writeConcernErrors': [], 'nRemoved': 0, 'nInserted': 1}
2017-11-09 06:00:34,990: rp.session.two.jdakka.017479.0000: task-manager                    : MainThread     : DEBUG   : bulk unit insert result: {'nModified': 0, 'nUpserted': 0, 'nMatched': 0, 'writeErrors': [], 'upserted': [], 'writeConcernErrors': [], 'nRemoved': 0, 'nInserted': 1}
2017-11-09 06:00:35,116: rp.session.two.jdakka.017479.0000: task-manager                    : MainThread     : DEBUG   : bulk unit insert result: {'nModified': 0, 'nUpserted': 0, 'nMatched': 0, 'writeErrors': [], 'upserted': [], 'writeConcernErrors': [], 'nRemoved': 0, 'nInserted': 1}
2017-11-09 06:00:35,245: rp.session.two.jdakka.017479.0000: task-manager                    : MainThread     : DEBUG   : bulk unit insert result: {'nModified': 0, 'nUpserted': 0, 'nMatched': 0, 'writeErrors': [], 'upserted': [], 'writeConcernErrors': [], 'nRemoved': 0, 'nInserted': 1}
2017-11-09 06:00:35,375: rp.session.two.jdakka.017479.0000: task-manager                    : MainThread     : DEBUG   : bulk unit insert result: {'nModified': 0, 'nUpserted': 0, 'nMatched': 0, 'writeErrors': [], 'upserted': [], 'writeConcernErrors': [], 'nRemoved': 0, 'nInserted': 1}
2017-11-09 06:00:35,496: rp.session.two.jdakka.017479.0000: task-manager                    : MainThread     : DEBUG   : bulk unit insert result: {'nModified': 0, 'nUpserted': 0, 'nMatched': 0, 'writeErrors': [], 'upserted': [], 'writeConcernErrors': [], 'nRemoved': 0, 'nInserted': 1}
2017-11-09 06:00:35,632: rp.session.two.jdakka.017479.0000: task-manager                    : MainThread     : DEBUG   : bulk unit insert result: {'nModified': 0, 'nUpserted': 0, 'nMatched': 0, 'writeErrors': [], 'upserted': [], 'writeConcernErrors': [], 'nRemoved': 0, 'nInserted': 1}
2017-11-09 06:00:35,755: rp.session.two.jdakka.017479.0000: task-manager                    : MainThread     : DEBUG   : bulk unit insert result: {'nModified': 0, 'nUpserted': 0, 'nMatched': 0, 'writeErrors': [], 'upserted': [], 'writeConcernErrors': [], 'nRemoved': 0, 'nInserted': 1}
2017-11-09 06:00:35,885: rp.session.two.jdakka.017479.0000: task-manager                    : MainThread     : DEBUG   : bulk unit insert result: {'nModified': 0, 'nUpserted': 0, 'nMatched': 0, 'writeErrors': [], 'upserted': [], 'writeConcernErrors': [], 'nRemoved': 0, 'nInserted': 1}
2017-11-09 06:00:36,012: rp.session.two.jdakka.017479.0000: task-manager                    : MainThread     : DEBUG   : bulk unit insert result: {'nModified': 0, 'nUpserted': 0, 'nMatched': 0, 'writeErrors': [], 'upserted': [], 'writeConcernErrors': [], 'nRemoved': 0, 'nInserted': 1}
2017-11-09 06:00:36,139: rp.session.two.jdakka.017479.0000: task-manager                    : MainThread     : DEBUG   : bulk unit insert result: {'nModified': 0, 'nUpserted': 0, 'nMatched': 0, 'writeErrors': [], 'upserted': [], 'writeConcernErrors': [], 'nRemoved': 0, 'nInserted': 1}
2017-11-09 06:00:36,266: rp.session.two.jdakka.017479.0000: task-manager                    : MainThread     : DEBUG   : bulk unit insert result: {'nModified': 0, 'nUpserted': 0, 'nMatched': 0, 'writeErrors': [], 'upserted': [], 'writeConcernErrors': [], 'nRemoved': 0, 'nInserted': 1}
2017-11-09 06:00:36,384: rp.session.two.jdakka.017479.0000: task-manager                    : MainThread     : DEBUG   : bulk unit insert result: {'nModified': 0, 'nUpserted': 0, 'nMatched': 0, 'writeErrors': [], 'upserted': [], 'writeConcernErrors': [], 'nRemoved': 0, 'nInserted': 1}
2017-11-09 06:00:36,604: rp.session.two.jdakka.017479.0000: task-manager                    : MainThread     : DEBUG   : bulk unit insert result: {'nModified': 0, 'nUpserted': 0, 'nMatched': 0, 'writeErrors': [], 'upserted': [], 'writeConcernErrors': [], 'nRemoved': 0, 'nInserted': 1}
2017-11-09 06:00:36,724: rp.session.two.jdakka.017479.0000: task-manager                    : MainThread     : DEBUG   : bulk unit insert result: {'nModified': 0, 'nUpserted': 0, 'nMatched': 0, 'writeErrors': [], 'upserted': [], 'writeConcernErrors': [], 'nRemoved': 0, 'nInserted': 1}
2017-11-09 06:00:36,888: rp.session.two.jdakka.017479.0000: task-manager                    : MainThread     : DEBUG   : bulk unit insert result: {'nModified': 0, 'nUpserted': 0, 'nMatched': 0, 'writeErrors': [], 'upserted': [], 'writeConcernErrors': [], 'nRemoved': 0, 'nInserted': 1}
2017-11-09 06:00:37,008: rp.session.two.jdakka.017479.0000: task-manager                    : MainThread     : DEBUG   : bulk unit insert result: {'nModified': 0, 'nUpserted': 0, 'nMatched': 0, 'writeErrors': [], 'upserted': [], 'writeConcernErrors': [], 'nRemoved': 0, 'nInserted': 1}
2017-11-09 06:00:37,129: rp.session.two.jdakka.017479.0000: task-manager                    : MainThread     : DEBUG   : bulk unit insert result: {'nModified': 0, 'nUpserted': 0, 'nMatched': 0, 'writeErrors': [], 'upserted': [], 'writeConcernErrors': [], 'nRemoved': 0, 'nInserted': 1}
2017-11-09 06:00:37,251: rp.session.two.jdakka.017479.0000: task-manager                    : MainThread     : DEBUG   : bulk unit insert result: {'nModified': 0, 'nUpserted': 0, 'nMatched': 0, 'writeErrors': [], 'upserted': [], 'writeConcernErrors': [], 'nRemoved': 0, 'nInserted': 1}
2017-11-09 06:00:37,389: rp.session.two.jdakka.017479.0000: task-manager                    : MainThread     : DEBUG   : bulk unit insert result: {'nModified': 0, 'nUpserted': 0, 'nMatched': 0, 'writeErrors': [], 'upserted': [], 'writeConcernErrors': [], 'nRemoved': 0, 'nInserted': 1}
2017-11-09 06:00:37,518: rp.session.two.jdakka.017479.0000: task-manager                    : MainThread     : DEBUG   : bulk unit insert result: {'nModified': 0, 'nUpserted': 0, 'nMatched': 0, 'writeErrors': [], 'upserted': [], 'writeConcernErrors': [], 'nRemoved': 0, 'nInserted': 1}
2017-11-09 06:00:37,665: rp.session.two.jdakka.017479.0000: task-manager                    : MainThread     : DEBUG   : bulk unit insert result: {'nModified': 0, 'nUpserted': 0, 'nMatched': 0, 'writeErrors': [], 'upserted': [], 'writeConcernErrors': [], 'nRemoved': 0, 'nInserted': 1}
2017-11-09 06:00:37,798: rp.session.two.jdakka.017479.0000: task-manager                    : MainThread     : DEBUG   : bulk unit insert result: {'nModified': 0, 'nUpserted': 0, 'nMatched': 0, 'writeErrors': [], 'upserted': [], 'writeConcernErrors': [], 'nRemoved': 0, 'nInserted': 1}
2017-11-09 06:00:37,940: rp.session.two.jdakka.017479.0000: task-manager                    : MainThread     : DEBUG   : bulk unit insert result: {'nModified': 0, 'nUpserted': 0, 'nMatched': 0, 'writeErrors': [], 'upserted': [], 'writeConcernErrors': [], 'nRemoved': 0, 'nInserted': 1}
2017-11-09 06:00:38,070: rp.session.two.jdakka.017479.0000: task-manager                    : MainThread     : DEBUG   : bulk unit insert result: {'nModified': 0, 'nUpserted': 0, 'nMatched': 0, 'writeErrors': [], 'upserted': [], 'writeConcernErrors': [], 'nRemoved': 0, 'nInserted': 1}
2017-11-09 06:00:38,197: rp.session.two.jdakka.017479.0000: task-manager                    : MainThread     : DEBUG   : bulk unit insert result: {'nModified': 0, 'nUpserted': 0, 'nMatched': 0, 'writeErrors': [], 'upserted': [], 'writeConcernErrors': [], 'nRemoved': 0, 'nInserted': 1}
2017-11-09 06:00:38,316: rp.session.two.jdakka.017479.0000: task-manager                    : MainThread     : DEBUG   : bulk unit insert result: {'nModified': 0, 'nUpserted': 0, 'nMatched': 0, 'writeErrors': [], 'upserted': [], 'writeConcernErrors': [], 'nRemoved': 0, 'nInserted': 1}
2017-11-09 06:00:38,434: rp.session.two.jdakka.017479.0000: task-manager                    : MainThread     : DEBUG   : bulk unit insert result: {'nModified': 0, 'nUpserted': 0, 'nMatched': 0, 'writeErrors': [], 'upserted': [], 'writeConcernErrors': [], 'nRemoved': 0, 'nInserted': 1}
2017-11-09 06:31:06,002: rp.session.two.jdakka.017479.0000: task-manager                    : MainThread     : DEBUG   : bulk unit insert result: {'nModified': 0, 'nUpserted': 0, 'nMatched': 0, 'writeErrors': [], 'upserted': [], 'writeConcernErrors': [], 'nRemoved': 0, 'nInserted': 1}
2017-11-09 06:31:06,153: rp.session.two.jdakka.017479.0000: task-manager                    : MainThread     : DEBUG   : bulk unit insert result: {'nModified': 0, 'nUpserted': 0, 'nMatched': 0, 'writeErrors': [], 'upserted': [], 'writeConcernErrors': [], 'nRemoved': 0, 'nInserted': 1}
2017-11-09 06:31:06,289: rp.session.two.jdakka.017479.0000: task-manager                    : MainThread     : DEBUG   : bulk unit insert result: {'nModified': 0, 'nUpserted': 0, 'nMatched': 0, 'writeErrors': [], 'upserted': [], 'writeConcernErrors': [], 'nRemoved': 0, 'nInserted': 1}
2017-11-09 06:31:06,423: rp.session.two.jdakka.017479.0000: task-manager                    : MainThread     : DEBUG   : bulk unit insert result: {'nModified': 0, 'nUpserted': 0, 'nMatched': 0, 'writeErrors': [], 'upserted': [], 'writeConcernErrors': [], 'nRemoved': 0, 'nInserted': 1}
2017-11-09 06:31:06,559: rp.session.two.jdakka.017479.0000: task-manager                    : MainThread     : DEBUG   : bulk unit insert result: {'nModified': 0, 'nUpserted': 0, 'nMatched': 0, 'writeErrors': [], 'upserted': [], 'writeConcernErrors': [], 'nRemoved': 0, 'nInserted': 1}
2017-11-09 06:31:06,677: rp.session.two.jdakka.017479.0000: task-manager                    : MainThread     : DEBUG   : bulk unit insert result: {'nModified': 0, 'nUpserted': 0, 'nMatched': 0, 'writeErrors': [], 'upserted': [], 'writeConcernErrors': [], 'nRemoved': 0, 'nInserted': 1}
2017-11-09 06:31:06,819: rp.session.two.jdakka.017479.0000: task-manager                    : MainThread     : DEBUG   : bulk unit insert result: {'nModified': 0, 'nUpserted': 0, 'nMatched': 0, 'writeErrors': [], 'upserted': [], 'writeConcernErrors': [], 'nRemoved': 0, 'nInserted': 1}
2017-11-09 06:31:06,939: rp.session.two.jdakka.017479.0000: task-manager                    : MainThread     : DEBUG   : bulk unit insert result: {'nModified': 0, 'nUpserted': 0, 'nMatched': 0, 'writeErrors': [], 'upserted': [], 'writeConcernErrors': [], 'nRemoved': 0, 'nInserted': 1}
2017-11-09 06:31:07,072: rp.session.two.jdakka.017479.0000: task-manager                    : MainThread     : DEBUG   : bulk unit insert result: {'nModified': 0, 'nUpserted': 0, 'nMatched': 0, 'writeErrors': [], 'upserted': [], 'writeConcernErrors': [], 'nRemoved': 0, 'nInserted': 1}
2017-11-09 06:31:07,205: rp.session.two.jdakka.017479.0000: task-manager                    : MainThread     : DEBUG   : bulk unit insert result: {'nModified': 0, 'nUpserted': 0, 'nMatched': 0, 'writeErrors': [], 'upserted': [], 'writeConcernErrors': [], 'nRemoved': 0, 'nInserted': 1}
2017-11-09 06:31:07,320: rp.session.two.jdakka.017479.0000: task-manager                    : MainThread     : DEBUG   : bulk unit insert result: {'nModified': 0, 'nUpserted': 0, 'nMatched': 0, 'writeErrors': [], 'upserted': [], 'writeConcernErrors': [], 'nRemoved': 0, 'nInserted': 1}
2017-11-09 06:31:07,429: rp.session.two.jdakka.017479.0000: task-manager                    : MainThread     : DEBUG   : bulk unit insert result: {'nModified': 0, 'nUpserted': 0, 'nMatched': 0, 'writeErrors': [], 'upserted': [], 'writeConcernErrors': [], 'nRemoved': 0, 'nInserted': 1}
2017-11-09 06:31:07,565: rp.session.two.jdakka.017479.0000: task-manager                    : MainThread     : DEBUG   : bulk unit insert result: {'nModified': 0, 'nUpserted': 0, 'nMatched': 0, 'writeErrors': [], 'upserted': [], 'writeConcernErrors': [], 'nRemoved': 0, 'nInserted': 1}
2017-11-09 06:31:07,692: rp.session.two.jdakka.017479.0000: task-manager                    : MainThread     : DEBUG   : bulk unit insert result: {'nModified': 0, 'nUpserted': 0, 'nMatched': 0, 'writeErrors': [], 'upserted': [], 'writeConcernErrors': [], 'nRemoved': 0, 'nInserted': 1}
2017-11-09 06:31:07,818: rp.session.two.jdakka.017479.0000: task-manager                    : MainThread     : DEBUG   : bulk unit insert result: {'nModified': 0, 'nUpserted': 0, 'nMatched': 0, 'writeErrors': [], 'upserted': [], 'writeConcernErrors': [], 'nRemoved': 0, 'nInserted': 1}
2017-11-09 06:31:07,960: rp.session.two.jdakka.017479.0000: task-manager                    : MainThread     : DEBUG   : bulk unit insert result: {'nModified': 0, 'nUpserted': 0, 'nMatched': 0, 'writeErrors': [], 'upserted': [], 'writeConcernErrors': [], 'nRemoved': 0, 'nInserted': 1}
2017-11-09 06:31:08,090: rp.session.two.jdakka.017479.0000: task-manager                    : MainThread     : DEBUG   : bulk unit insert result: {'nModified': 0, 'nUpserted': 0, 'nMatched': 0, 'writeErrors': [], 'upserted': [], 'writeConcernErrors': [], 'nRemoved': 0, 'nInserted': 1}
2017-11-09 06:31:08,218: rp.session.two.jdakka.017479.0000: task-manager                    : MainThread     : DEBUG   : bulk unit insert result: {'nModified': 0, 'nUpserted': 0, 'nMatched': 0, 'writeErrors': [], 'upserted': [], 'writeConcernErrors': [], 'nRemoved': 0, 'nInserted': 1}
2017-11-09 06:31:08,348: rp.session.two.jdakka.017479.0000: task-manager                    : MainThread     : DEBUG   : bulk unit insert result: {'nModified': 0, 'nUpserted': 0, 'nMatched': 0, 'writeErrors': [], 'upserted': [], 'writeConcernErrors': [], 'nRemoved': 0, 'nInserted': 1}
2017-11-09 06:31:08,466: rp.session.two.jdakka.017479.0000: task-manager                    : MainThread     : DEBUG   : bulk unit insert result: {'nModified': 0, 'nUpserted': 0, 'nMatched': 0, 'writeErrors': [], 'upserted': [], 'writeConcernErrors': [], 'nRemoved': 0, 'nInserted': 1}
2017-11-09 06:31:08,590: rp.session.two.jdakka.017479.0000: task-manager                    : MainThread     : DEBUG   : bulk unit insert result: {'nModified': 0, 'nUpserted': 0, 'nMatched': 0, 'writeErrors': [], 'upserted': [], 'writeConcernErrors': [], 'nRemoved': 0, 'nInserted': 1}
2017-11-09 06:31:08,709: rp.session.two.jdakka.017479.0000: task-manager                    : MainThread     : DEBUG   : bulk unit insert result: {'nModified': 0, 'nUpserted': 0, 'nMatched': 0, 'writeErrors': [], 'upserted': [], 'writeConcernErrors': [], 'nRemoved': 0, 'nInserted': 1}
2017-11-09 06:31:08,830: rp.session.two.jdakka.017479.0000: task-manager                    : MainThread     : DEBUG   : bulk unit insert result: {'nModified': 0, 'nUpserted': 0, 'nMatched': 0, 'writeErrors': [], 'upserted': [], 'writeConcernErrors': [], 'nRemoved': 0, 'nInserted': 1}
2017-11-09 06:31:08,949: rp.session.two.jdakka.017479.0000: task-manager                    : MainThread     : DEBUG   : bulk unit insert result: {'nModified': 0, 'nUpserted': 0, 'nMatched': 0, 'writeErrors': [], 'upserted': [], 'writeConcernErrors': [], 'nRemoved': 0, 'nInserted': 1}
2017-11-09 06:31:09,072: rp.session.two.jdakka.017479.0000: task-manager                    : MainThread     : DEBUG   : bulk unit insert result: {'nModified': 0, 'nUpserted': 0, 'nMatched': 0, 'writeErrors': [], 'upserted': [], 'writeConcernErrors': [], 'nRemoved': 0, 'nInserted': 1}
2017-11-09 06:31:09,182: rp.session.two.jdakka.017479.0000: task-manager                    : MainThread     : DEBUG   : bulk unit insert result: {'nModified': 0, 'nUpserted': 0, 'nMatched': 0, 'writeErrors': [], 'upserted': [], 'writeConcernErrors': [], 'nRemoved': 0, 'nInserted': 1}
2017-11-09 06:31:09,311: rp.session.two.jdakka.017479.0000: task-manager                    : MainThread     : DEBUG   : bulk unit insert result: {'nModified': 0, 'nUpserted': 0, 'nMatched': 0, 'writeErrors': [], 'upserted': [], 'writeConcernErrors': [], 'nRemoved': 0, 'nInserted': 1}
2017-11-09 06:31:09,443: rp.session.two.jdakka.017479.0000: task-manager                    : MainThread     : DEBUG   : bulk unit insert result: {'nModified': 0, 'nUpserted': 0, 'nMatched': 0, 'writeErrors': [], 'upserted': [], 'writeConcernErrors': [], 'nRemoved': 0, 'nInserted': 1}
2017-11-09 06:31:09,565: rp.session.two.jdakka.017479.0000: task-manager                    : MainThread     : DEBUG   : bulk unit insert result: {'nModified': 0, 'nUpserted': 0, 'nMatched': 0, 'writeErrors': [], 'upserted': [], 'writeConcernErrors': [], 'nRemoved': 0, 'nInserted': 1}
2017-11-09 06:31:09,690: rp.session.two.jdakka.017479.0000: task-manager                    : MainThread     : DEBUG   : bulk unit insert result: {'nModified': 0, 'nUpserted': 0, 'nMatched': 0, 'writeErrors': [], 'upserted': [], 'writeConcernErrors': [], 'nRemoved': 0, 'nInserted': 1}
2017-11-09 06:31:09,824: rp.session.two.jdakka.017479.0000: task-manager                    : MainThread     : DEBUG   : bulk unit insert result: {'nModified': 0, 'nUpserted': 0, 'nMatched': 0, 'writeErrors': [], 'upserted': [], 'writeConcernErrors': [], 'nRemoved': 0, 'nInserted': 1}
2017-11-09 06:31:09,951: rp.session.two.jdakka.017479.0000: task-manager                    : MainThread     : DEBUG   : bulk unit insert result: {'nModified': 0, 'nUpserted': 0, 'nMatched': 0, 'writeErrors': [], 'upserted': [], 'writeConcernErrors': [], 'nRemoved': 0, 'nInserted': 1}
2017-11-09 06:34:50,121: rp.session.two.jdakka.017479.0000: task-manager                    : MainThread     : DEBUG   : bulk unit insert result: {'nModified': 0, 'nUpserted': 0, 'nMatched': 0, 'writeErrors': [], 'upserted': [], 'writeConcernErrors': [], 'nRemoved': 0, 'nInserted': 1}
2017-11-09 06:34:50,268: rp.session.two.jdakka.017479.0000: task-manager                    : MainThread     : DEBUG   : bulk unit insert result: {'nModified': 0, 'nUpserted': 0, 'nMatched': 0, 'writeErrors': [], 'upserted': [], 'writeConcernErrors': [], 'nRemoved': 0, 'nInserted': 1}
2017-11-09 06:34:50,396: rp.session.two.jdakka.017479.0000: task-manager                    : MainThread     : DEBUG   : bulk unit insert result: {'nModified': 0, 'nUpserted': 0, 'nMatched': 0, 'writeErrors': [], 'upserted': [], 'writeConcernErrors': [], 'nRemoved': 0, 'nInserted': 1}
2017-11-09 06:34:50,530: rp.session.two.jdakka.017479.0000: task-manager                    : MainThread     : DEBUG   : bulk unit insert result: {'nModified': 0, 'nUpserted': 0, 'nMatched': 0, 'writeErrors': [], 'upserted': [], 'writeConcernErrors': [], 'nRemoved': 0, 'nInserted': 1}
2017-11-09 06:34:50,651: rp.session.two.jdakka.017479.0000: task-manager                    : MainThread     : DEBUG   : bulk unit insert result: {'nModified': 0, 'nUpserted': 0, 'nMatched': 0, 'writeErrors': [], 'upserted': [], 'writeConcernErrors': [], 'nRemoved': 0, 'nInserted': 1}
2017-11-09 06:34:50,768: rp.session.two.jdakka.017479.0000: task-manager                    : MainThread     : DEBUG   : bulk unit insert result: {'nModified': 0, 'nUpserted': 0, 'nMatched': 0, 'writeErrors': [], 'upserted': [], 'writeConcernErrors': [], 'nRemoved': 0, 'nInserted': 1}
2017-11-09 06:34:50,885: rp.session.two.jdakka.017479.0000: task-manager                    : MainThread     : DEBUG   : bulk unit insert result: {'nModified': 0, 'nUpserted': 0, 'nMatched': 0, 'writeErrors': [], 'upserted': [], 'writeConcernErrors': [], 'nRemoved': 0, 'nInserted': 1}
2017-11-09 06:34:51,003: rp.session.two.jdakka.017479.0000: task-manager                    : MainThread     : DEBUG   : bulk unit insert result: {'nModified': 0, 'nUpserted': 0, 'nMatched': 0, 'writeErrors': [], 'upserted': [], 'writeConcernErrors': [], 'nRemoved': 0, 'nInserted': 1}
2017-11-09 06:34:51,123: rp.session.two.jdakka.017479.0000: task-manager                    : MainThread     : DEBUG   : bulk unit insert result: {'nModified': 0, 'nUpserted': 0, 'nMatched': 0, 'writeErrors': [], 'upserted': [], 'writeConcernErrors': [], 'nRemoved': 0, 'nInserted': 1}
2017-11-09 06:34:51,250: rp.session.two.jdakka.017479.0000: task-manager                    : MainThread     : DEBUG   : bulk unit insert result: {'nModified': 0, 'nUpserted': 0, 'nMatched': 0, 'writeErrors': [], 'upserted': [], 'writeConcernErrors': [], 'nRemoved': 0, 'nInserted': 1}
2017-11-09 06:34:51,367: rp.session.two.jdakka.017479.0000: task-manager                    : MainThread     : DEBUG   : bulk unit insert result: {'nModified': 0, 'nUpserted': 0, 'nMatched': 0, 'writeErrors': [], 'upserted': [], 'writeConcernErrors': [], 'nRemoved': 0, 'nInserted': 1}
2017-11-09 06:34:51,486: rp.session.two.jdakka.017479.0000: task-manager                    : MainThread     : DEBUG   : bulk unit insert result: {'nModified': 0, 'nUpserted': 0, 'nMatched': 0, 'writeErrors': [], 'upserted': [], 'writeConcernErrors': [], 'nRemoved': 0, 'nInserted': 1}
2017-11-09 06:34:51,604: rp.session.two.jdakka.017479.0000: task-manager                    : MainThread     : DEBUG   : bulk unit insert result: {'nModified': 0, 'nUpserted': 0, 'nMatched': 0, 'writeErrors': [], 'upserted': [], 'writeConcernErrors': [], 'nRemoved': 0, 'nInserted': 1}
2017-11-09 06:34:51,739: rp.session.two.jdakka.017479.0000: task-manager                    : MainThread     : DEBUG   : bulk unit insert result: {'nModified': 0, 'nUpserted': 0, 'nMatched': 0, 'writeErrors': [], 'upserted': [], 'writeConcernErrors': [], 'nRemoved': 0, 'nInserted': 1}
2017-11-09 06:34:51,859: rp.session.two.jdakka.017479.0000: task-manager                    : MainThread     : DEBUG   : bulk unit insert result: {'nModified': 0, 'nUpserted': 0, 'nMatched': 0, 'writeErrors': [], 'upserted': [], 'writeConcernErrors': [], 'nRemoved': 0, 'nInserted': 1}
2017-11-09 06:34:51,983: rp.session.two.jdakka.017479.0000: task-manager                    : MainThread     : DEBUG   : bulk unit insert result: {'nModified': 0, 'nUpserted': 0, 'nMatched': 0, 'writeErrors': [], 'upserted': [], 'writeConcernErrors': [], 'nRemoved': 0, 'nInserted': 1}
2017-11-09 06:34:52,122: rp.session.two.jdakka.017479.0000: task-manager                    : MainThread     : DEBUG   : bulk unit insert result: {'nModified': 0, 'nUpserted': 0, 'nMatched': 0, 'writeErrors': [], 'upserted': [], 'writeConcernErrors': [], 'nRemoved': 0, 'nInserted': 1}
2017-11-09 06:34:52,249: rp.session.two.jdakka.017479.0000: task-manager                    : MainThread     : DEBUG   : bulk unit insert result: {'nModified': 0, 'nUpserted': 0, 'nMatched': 0, 'writeErrors': [], 'upserted': [], 'writeConcernErrors': [], 'nRemoved': 0, 'nInserted': 1}
2017-11-09 06:34:52,386: rp.session.two.jdakka.017479.0000: task-manager                    : MainThread     : DEBUG   : bulk unit insert result: {'nModified': 0, 'nUpserted': 0, 'nMatched': 0, 'writeErrors': [], 'upserted': [], 'writeConcernErrors': [], 'nRemoved': 0, 'nInserted': 1}
2017-11-09 06:34:52,523: rp.session.two.jdakka.017479.0000: task-manager                    : MainThread     : DEBUG   : bulk unit insert result: {'nModified': 0, 'nUpserted': 0, 'nMatched': 0, 'writeErrors': [], 'upserted': [], 'writeConcernErrors': [], 'nRemoved': 0, 'nInserted': 1}
2017-11-09 06:34:52,723: rp.session.two.jdakka.017479.0000: task-manager                    : MainThread     : DEBUG   : bulk unit insert result: {'nModified': 0, 'nUpserted': 0, 'nMatched': 0, 'writeErrors': [], 'upserted': [], 'writeConcernErrors': [], 'nRemoved': 0, 'nInserted': 1}
2017-11-09 06:34:52,841: rp.session.two.jdakka.017479.0000: task-manager                    : MainThread     : DEBUG   : bulk unit insert result: {'nModified': 0, 'nUpserted': 0, 'nMatched': 0, 'writeErrors': [], 'upserted': [], 'writeConcernErrors': [], 'nRemoved': 0, 'nInserted': 1}
2017-11-09 06:34:52,958: rp.session.two.jdakka.017479.0000: task-manager                    : MainThread     : DEBUG   : bulk unit insert result: {'nModified': 0, 'nUpserted': 0, 'nMatched': 0, 'writeErrors': [], 'upserted': [], 'writeConcernErrors': [], 'nRemoved': 0, 'nInserted': 1}
2017-11-09 06:34:53,076: rp.session.two.jdakka.017479.0000: task-manager                    : MainThread     : DEBUG   : bulk unit insert result: {'nModified': 0, 'nUpserted': 0, 'nMatched': 0, 'writeErrors': [], 'upserted': [], 'writeConcernErrors': [], 'nRemoved': 0, 'nInserted': 1}
2017-11-09 06:34:53,194: rp.session.two.jdakka.017479.0000: task-manager                    : MainThread     : DEBUG   : bulk unit insert result: {'nModified': 0, 'nUpserted': 0, 'nMatched': 0, 'writeErrors': [], 'upserted': [], 'writeConcernErrors': [], 'nRemoved': 0, 'nInserted': 1}
2017-11-09 06:34:53,311: rp.session.two.jdakka.017479.0000: task-manager                    : MainThread     : DEBUG   : bulk unit insert result: {'nModified': 0, 'nUpserted': 0, 'nMatched': 0, 'writeErrors': [], 'upserted': [], 'writeConcernErrors': [], 'nRemoved': 0, 'nInserted': 1}
2017-11-09 06:34:53,429: rp.session.two.jdakka.017479.0000: task-manager                    : MainThread     : DEBUG   : bulk unit insert result: {'nModified': 0, 'nUpserted': 0, 'nMatched': 0, 'writeErrors': [], 'upserted': [], 'writeConcernErrors': [], 'nRemoved': 0, 'nInserted': 1}
2017-11-09 06:34:53,561: rp.session.two.jdakka.017479.0000: task-manager                    : MainThread     : DEBUG   : bulk unit insert result: {'nModified': 0, 'nUpserted': 0, 'nMatched': 0, 'writeErrors': [], 'upserted': [], 'writeConcernErrors': [], 'nRemoved': 0, 'nInserted': 1}
2017-11-09 06:34:53,683: rp.session.two.jdakka.017479.0000: task-manager                    : MainThread     : DEBUG   : bulk unit insert result: {'nModified': 0, 'nUpserted': 0, 'nMatched': 0, 'writeErrors': [], 'upserted': [], 'writeConcernErrors': [], 'nRemoved': 0, 'nInserted': 1}
2017-11-09 06:34:53,819: rp.session.two.jdakka.017479.0000: task-manager                    : MainThread     : DEBUG   : bulk unit insert result: {'nModified': 0, 'nUpserted': 0, 'nMatched': 0, 'writeErrors': [], 'upserted': [], 'writeConcernErrors': [], 'nRemoved': 0, 'nInserted': 1}
2017-11-09 06:34:53,942: rp.session.two.jdakka.017479.0000: task-manager                    : MainThread     : DEBUG   : bulk unit insert result: {'nModified': 0, 'nUpserted': 0, 'nMatched': 0, 'writeErrors': [], 'upserted': [], 'writeConcernErrors': [], 'nRemoved': 0, 'nInserted': 1}
2017-11-09 06:34:54,073: rp.session.two.jdakka.017479.0000: task-manager                    : MainThread     : DEBUG   : bulk unit insert result: {'nModified': 0, 'nUpserted': 0, 'nMatched': 0, 'writeErrors': [], 'upserted': [], 'writeConcernErrors': [], 'nRemoved': 0, 'nInserted': 1}
2017-11-09 06:39:10,179: rp.session.two.jdakka.017479.0000: MainProcess                     : MainThread     : DEBUG   : session rp.session.two.jdakka.017479.0000 closing
2017-11-09 06:39:10,179: rp.session.two.jdakka.017479.0000: MainProcess                     : MainThread     : DEBUG   : session rp.session.two.jdakka.017479.0000 closes pmgr   pmgr.0000
2017-11-09 06:39:13,302: rp.session.two.jdakka.017479.0000: MainProcess                     : MainThread     : DEBUG   : session rp.session.two.jdakka.017479.0000 closed pmgr   pmgr.0000
2017-11-09 06:39:13,302: rp.session.two.jdakka.017479.0000: MainProcess                     : MainThread     : DEBUG   : session rp.session.two.jdakka.017479.0000 closes comp   update.0
2017-11-09 06:39:13,302: rp.session.two.jdakka.017479.0000: MainProcess                     : MainThread     : DEBUG   :  === update.0 stop called
2017-11-09 06:39:13,371: rp.session.two.jdakka.017479.0000: update.0                        : MainThread     : DEBUG   :  === update.0.child stop called
2017-11-09 06:39:13,589: rp.session.two.jdakka.017479.0000: update.0                        : MainThread     : DEBUG   :  === update.0.child stop called
2017-11-09 06:39:13,619: rp.session.two.jdakka.017479.0000: MainProcess                     : MainThread     : DEBUG   : session rp.session.two.jdakka.017479.0000 closed comp   update.0
2017-11-09 06:39:13,619: rp.session.two.jdakka.017479.0000: MainProcess                     : MainThread     : DEBUG   : session rp.session.two.jdakka.017479.0000 closes bridge control.pubsub.bridge.0000
2017-11-09 06:39:14,598: rp.session.two.jdakka.017479.0000: MainProcess                     : MainThread     : DEBUG   : session rp.session.two.jdakka.017479.0000 closed bridge control.pubsub.bridge.0000
2017-11-09 06:39:14,598: rp.session.two.jdakka.017479.0000: MainProcess                     : MainThread     : DEBUG   : session rp.session.two.jdakka.017479.0000 closes bridge state.pubsub.bridge.0000
2017-11-09 06:39:15,627: rp.session.two.jdakka.017479.0000: MainProcess                     : MainThread     : DEBUG   : session rp.session.two.jdakka.017479.0000 closed bridge state.pubsub.bridge.0000
2017-11-09 06:39:15,627: rp.session.two.jdakka.017479.0000: MainProcess                     : MainThread     : DEBUG   : session rp.session.two.jdakka.017479.0000 closes bridge log.pubsub.bridge.0000
2017-11-09 06:39:16,606: rp.session.two.jdakka.017479.0000: MainProcess                     : MainThread     : DEBUG   : session rp.session.two.jdakka.017479.0000 closed bridge log.pubsub.bridge.0000
2017-11-09 06:39:16,606: rp.session.two.jdakka.017479.0000: MainProcess                     : MainThread     : DEBUG   : session rp.session.two.jdakka.017479.0000 closes db (False)
2017-11-09 06:39:16,606: rp.session.two.jdakka.017479.0000: MainProcess                     : MainThread     : DEBUG   : session rp.session.two.jdakka.017479.0000 closed (delete=False)
2017-11-09 06:39:16,785: rp.session.two.jdakka.017479.0000: MainProcess                     : MainThread     : DEBUG   :  === update.0 stop called
