2017-11-09 05:42:58,515: state.pubsub.pub.0004: umgr.0000.staging.output.0      : MainThread     : INFO    : python.interpreter   version: 2.7.12 (default, Nov 19 2016, 06:48:10) [GCC 5.4.0 20160609]
2017-11-09 05:42:58,515: state.pubsub.pub.0004: umgr.0000.staging.output.0      : MainThread     : INFO    :                      pid: 11075
2017-11-09 05:42:58,515: state.pubsub.pub.0004: umgr.0000.staging.output.0      : MainThread     : INFO    :                      tid: MainThread
2017-11-09 05:42:58,515: state.pubsub.pub.0004: umgr.0000.staging.output.0      : MainThread     : INFO    : radical.pilot        version: 0.47-v0.46.2-181-g138b1e15@HEAD-detached-at-origin-rc-v0.46.3
2017-11-09 05:42:58,515: state.pubsub.pub.0004: umgr.0000.staging.output.0      : MainThread     : INFO    : create state_pubsub - pub - tcp://138.201.86.166:40236
2017-11-09 05:42:58,515: state.pubsub.pub.0004: umgr.0000.staging.output.0      : MainThread     : DEBUG   : start process
2017-11-09 05:42:58,515: state.pubsub.pub.0004: umgr.0000.staging.output.0      : MainThread     : DEBUG   : ru_initialize_common (NOOP)
2017-11-09 05:42:58,515: state.pubsub.pub.0004: umgr.0000.staging.output.0      : MainThread     : DEBUG   : ru_initialize_parent (NOOP)
2017-11-09 05:42:58,515: state.pubsub.pub.0004: umgr.0000.staging.output.0      : MainThread     : DEBUG   : process class started (no child)
2017-11-09 05:42:58,525: state.pubsub.pub.0004: task-manager                    : MainThread     : INFO    : python.interpreter   version: 2.7.12 (default, Nov 19 2016, 06:48:10) [GCC 5.4.0 20160609]
2017-11-09 05:42:58,526: state.pubsub.pub.0004: task-manager                    : MainThread     : INFO    :                      pid: 11006
2017-11-09 05:42:58,526: state.pubsub.pub.0004: task-manager                    : MainThread     : INFO    :                      tid: MainThread
2017-11-09 05:42:58,526: state.pubsub.pub.0004: task-manager                    : MainThread     : INFO    : radical.pilot        version: 0.47-v0.46.2-181-g138b1e15@HEAD-detached-at-origin-rc-v0.46.3
2017-11-09 05:42:58,526: state.pubsub.pub.0004: task-manager                    : MainThread     : INFO    : create state_pubsub - pub - tcp://138.201.86.166:40236
2017-11-09 05:42:58,526: state.pubsub.pub.0004: task-manager                    : MainThread     : DEBUG   : start process
2017-11-09 05:42:58,526: state.pubsub.pub.0004: task-manager                    : MainThread     : DEBUG   : ru_initialize_common (NOOP)
2017-11-09 05:42:58,526: state.pubsub.pub.0004: task-manager                    : MainThread     : DEBUG   : ru_initialize_parent (NOOP)
2017-11-09 05:42:58,526: state.pubsub.pub.0004: task-manager                    : MainThread     : DEBUG   : process class started (no child)
2017-11-09 06:39:02,471: state.pubsub.pub.0004: umgr.0000.staging.output.0      : MainThread     : INFO    : parent stops child  11075 -> None [state.pubsub.pub.0004]
2017-11-09 06:39:02,471: state.pubsub.pub.0004: umgr.0000.staging.output.0      : MainThread     : DEBUG   : ru_finalize_parent (NOOP)
