2017-10-24 00:40:32,992: log.pubsub.pub.0001 : pmgr.launching.0                : MainThread     : INFO    : python.interpreter   version: 2.7.12 (default, Nov 19 2016, 06:48:10) [GCC 5.4.0 20160609]
2017-10-24 00:40:32,992: log.pubsub.pub.0001 : pmgr.launching.0                : MainThread     : INFO    :                      pid: 11727
2017-10-24 00:40:32,992: log.pubsub.pub.0001 : pmgr.launching.0                : MainThread     : INFO    :                      tid: MainThread
2017-10-24 00:40:32,994: log.pubsub.pub.0001 : pmgr.launching.0                : MainThread     : INFO    : radical.pilot        version: 0.47-v0.46.2-93-g379bd68d@feature-gpu
2017-10-24 00:40:32,995: log.pubsub.pub.0001 : pmgr.launching.0                : MainThread     : INFO    : create log_pubsub - pub - tcp://138.201.86.166:35478
2017-10-24 00:40:32,996: log.pubsub.pub.0001 : pmgr.launching.0                : MainThread     : DEBUG   : start process
2017-10-24 00:40:32,996: log.pubsub.pub.0001 : pmgr.launching.0                : MainThread     : DEBUG   : ru_initialize_common (NOOP)
2017-10-24 00:40:32,996: log.pubsub.pub.0001 : pmgr.launching.0                : MainThread     : DEBUG   : ru_initialize_parent (NOOP)
2017-10-24 00:40:32,996: log.pubsub.pub.0001 : pmgr.launching.0                : MainThread     : DEBUG   : process class started (no child)
2017-10-24 00:40:33,065: log.pubsub.pub.0001 : MainProcess                     : MainThread     : INFO    : python.interpreter   version: 2.7.12 (default, Nov 19 2016, 06:48:10) [GCC 5.4.0 20160609]
2017-10-24 00:40:33,066: log.pubsub.pub.0001 : MainProcess                     : MainThread     : INFO    :                      pid: 11594
2017-10-24 00:40:33,066: log.pubsub.pub.0001 : MainProcess                     : MainThread     : INFO    :                      tid: MainThread
2017-10-24 00:40:33,066: log.pubsub.pub.0001 : MainProcess                     : MainThread     : INFO    : radical.pilot        version: 0.47-v0.46.2-93-g379bd68d@feature-gpu
2017-10-24 00:40:33,066: log.pubsub.pub.0001 : MainProcess                     : MainThread     : INFO    : create log_pubsub - pub - tcp://138.201.86.166:35478
2017-10-24 00:40:33,067: log.pubsub.pub.0001 : MainProcess                     : MainThread     : DEBUG   : start process
2017-10-24 00:40:33,067: log.pubsub.pub.0001 : MainProcess                     : MainThread     : DEBUG   : ru_initialize_common (NOOP)
2017-10-24 00:40:33,067: log.pubsub.pub.0001 : MainProcess                     : MainThread     : DEBUG   : ru_initialize_parent (NOOP)
2017-10-24 00:40:33,068: log.pubsub.pub.0001 : MainProcess                     : MainThread     : DEBUG   : process class started (no child)
2017-10-24 01:53:12,836: log.pubsub.pub.0001 : MainProcess                     : MainThread     : INFO    : parent stops child
2017-10-24 01:53:12,836: log.pubsub.pub.0001 : MainProcess                     : MainThread     : DEBUG   : ru_finalize_parent (NOOP)
