2017-10-24 00:52:53,821: state.pubsub.sub.0001: umgr.scheduling.0               : MainThread     : INFO    : python.interpreter   version: 2.7.12 (default, Nov 19 2016, 06:48:10) [GCC 5.4.0 20160609]
2017-10-24 00:52:53,821: state.pubsub.sub.0001: umgr.scheduling.0               : MainThread     : INFO    :                      pid: 27941
2017-10-24 00:52:53,821: state.pubsub.sub.0001: umgr.scheduling.0               : MainThread     : INFO    :                      tid: MainThread
2017-10-24 00:52:53,822: state.pubsub.sub.0001: umgr.scheduling.0               : MainThread     : INFO    : radical.pilot        version: 0.47-v0.46.2-93-g379bd68d@feature-gpu
2017-10-24 00:52:53,822: state.pubsub.sub.0001: umgr.scheduling.0               : MainThread     : INFO    : create state_pubsub - sub - tcp://138.201.86.166:33259
2017-10-24 00:52:53,822: state.pubsub.sub.0001: umgr.scheduling.0               : MainThread     : DEBUG   : start process
2017-10-24 00:52:53,822: state.pubsub.sub.0001: umgr.scheduling.0               : MainThread     : DEBUG   : ru_initialize_common (NOOP)
2017-10-24 00:52:53,822: state.pubsub.sub.0001: umgr.scheduling.0               : MainThread     : DEBUG   : ru_initialize_parent (NOOP)
2017-10-24 00:52:53,822: state.pubsub.sub.0001: umgr.scheduling.0               : MainThread     : DEBUG   : process class started (no child)
2017-10-24 00:52:54,372: state.pubsub.sub.0001: task-manager                    : MainThread     : INFO    : python.interpreter   version: 2.7.12 (default, Nov 19 2016, 06:48:10) [GCC 5.4.0 20160609]
2017-10-24 00:52:54,372: state.pubsub.sub.0001: task-manager                    : MainThread     : INFO    :                      pid: 27839
2017-10-24 00:52:54,372: state.pubsub.sub.0001: task-manager                    : MainThread     : INFO    :                      tid: MainThread
2017-10-24 00:52:54,372: state.pubsub.sub.0001: task-manager                    : MainThread     : INFO    : radical.pilot        version: 0.47-v0.46.2-93-g379bd68d@feature-gpu
2017-10-24 00:52:54,372: state.pubsub.sub.0001: task-manager                    : MainThread     : INFO    : create state_pubsub - sub - tcp://138.201.86.166:33259
2017-10-24 00:52:54,373: state.pubsub.sub.0001: task-manager                    : MainThread     : DEBUG   : start process
2017-10-24 00:52:54,373: state.pubsub.sub.0001: task-manager                    : MainThread     : DEBUG   : ru_initialize_common (NOOP)
2017-10-24 00:52:54,373: state.pubsub.sub.0001: task-manager                    : MainThread     : DEBUG   : ru_initialize_parent (NOOP)
2017-10-24 00:52:54,373: state.pubsub.sub.0001: task-manager                    : MainThread     : DEBUG   : process class started (no child)
2017-10-24 01:53:03,659: state.pubsub.sub.0001: umgr.scheduling.0               : MainThread     : INFO    : parent stops child
2017-10-24 01:53:03,659: state.pubsub.sub.0001: umgr.scheduling.0               : MainThread     : DEBUG   : ru_finalize_parent (NOOP)
