2017-09-05 17:53:11,436: control.pubsub.pub.0000: update.0                        : MainThread     : INFO    : python.interpreter   version: 2.7.12 (default, Nov 19 2016, 06:48:10) [GCC 5.4.0 20160609]
2017-09-05 17:53:11,436: control.pubsub.pub.0000: update.0                        : MainThread     : INFO    :                      pid: 6922
2017-09-05 17:53:11,437: control.pubsub.pub.0000: update.0                        : MainThread     : INFO    :                      tid: MainThread
2017-09-05 17:53:11,437: control.pubsub.pub.0000: update.0                        : MainThread     : INFO    : radical.pilot        version: 0.47-v0.46-3-g0f79ca80@devel
2017-09-05 17:53:11,437: control.pubsub.pub.0000: update.0                        : MainThread     : INFO    : create control_pubsub - pub - tcp://138.201.86.166:46808
2017-09-05 17:53:11,451: control.pubsub.pub.0000: update.0                        : MainThread     : DEBUG   : start process
2017-09-05 17:53:11,451: control.pubsub.pub.0000: update.0                        : MainThread     : DEBUG   : ru_initialize_common (NOOP)
2017-09-05 17:53:11,451: control.pubsub.pub.0000: update.0                        : MainThread     : DEBUG   : ru_initialize_parent (NOOP)
2017-09-05 17:53:11,452: control.pubsub.pub.0000: update.0                        : MainThread     : DEBUG   : process class started (no child)
2017-09-05 17:53:12,002: control.pubsub.pub.0000: MainProcess                     : MainThread     : INFO    : python.interpreter   version: 2.7.12 (default, Nov 19 2016, 06:48:10) [GCC 5.4.0 20160609]
2017-09-05 17:53:12,002: control.pubsub.pub.0000: MainProcess                     : MainThread     : INFO    :                      pid: 6877
2017-09-05 17:53:12,002: control.pubsub.pub.0000: MainProcess                     : MainThread     : INFO    :                      tid: MainThread
2017-09-05 17:53:12,002: control.pubsub.pub.0000: MainProcess                     : MainThread     : INFO    : radical.pilot        version: 0.47-v0.46-3-g0f79ca80@devel
2017-09-05 17:53:12,003: control.pubsub.pub.0000: MainProcess                     : MainThread     : INFO    : create control_pubsub - pub - tcp://138.201.86.166:46808
2017-09-05 17:53:12,003: control.pubsub.pub.0000: MainProcess                     : MainThread     : DEBUG   : start process
2017-09-05 17:53:12,003: control.pubsub.pub.0000: MainProcess                     : MainThread     : DEBUG   : ru_initialize_common (NOOP)
2017-09-05 17:53:12,003: control.pubsub.pub.0000: MainProcess                     : MainThread     : DEBUG   : ru_initialize_parent (NOOP)
2017-09-05 17:53:12,004: control.pubsub.pub.0000: MainProcess                     : MainThread     : DEBUG   : process class started (no child)
2017-09-05 21:23:36,705: control.pubsub.pub.0000: MainProcess                     : MainThread     : INFO    : parent stops child
2017-09-05 21:23:36,705: control.pubsub.pub.0000: MainProcess                     : MainThread     : DEBUG   : ru_finalize_parent (NOOP)
