2017-09-05 17:53:12,118: state.pubsub.pub.0001: pmgr.launching.0                : MainThread     : INFO    : python.interpreter   version: 2.7.12 (default, Nov 19 2016, 06:48:10) [GCC 5.4.0 20160609]
2017-09-05 17:53:12,118: state.pubsub.pub.0001: pmgr.launching.0                : MainThread     : INFO    :                      pid: 6956
2017-09-05 17:53:12,118: state.pubsub.pub.0001: pmgr.launching.0                : MainThread     : INFO    :                      tid: MainThread
2017-09-05 17:53:12,118: state.pubsub.pub.0001: pmgr.launching.0                : MainThread     : INFO    : radical.pilot        version: 0.47-v0.46-3-g0f79ca80@devel
2017-09-05 17:53:12,118: state.pubsub.pub.0001: pmgr.launching.0                : MainThread     : INFO    : create state_pubsub - pub - tcp://138.201.86.166:34669
2017-09-05 17:53:12,118: state.pubsub.pub.0001: pmgr.launching.0                : MainThread     : DEBUG   : start process
2017-09-05 17:53:12,118: state.pubsub.pub.0001: pmgr.launching.0                : MainThread     : DEBUG   : ru_initialize_common (NOOP)
2017-09-05 17:53:12,118: state.pubsub.pub.0001: pmgr.launching.0                : MainThread     : DEBUG   : ru_initialize_parent (NOOP)
2017-09-05 17:53:12,118: state.pubsub.pub.0001: pmgr.launching.0                : MainThread     : DEBUG   : process class started (no child)
2017-09-05 17:53:12,174: state.pubsub.pub.0001: MainProcess                     : MainThread     : INFO    : python.interpreter   version: 2.7.12 (default, Nov 19 2016, 06:48:10) [GCC 5.4.0 20160609]
2017-09-05 17:53:12,174: state.pubsub.pub.0001: MainProcess                     : MainThread     : INFO    :                      pid: 6877
2017-09-05 17:53:12,174: state.pubsub.pub.0001: MainProcess                     : MainThread     : INFO    :                      tid: MainThread
2017-09-05 17:53:12,175: state.pubsub.pub.0001: MainProcess                     : MainThread     : INFO    : radical.pilot        version: 0.47-v0.46-3-g0f79ca80@devel
2017-09-05 17:53:12,175: state.pubsub.pub.0001: MainProcess                     : MainThread     : INFO    : create state_pubsub - pub - tcp://138.201.86.166:34669
2017-09-05 17:53:12,175: state.pubsub.pub.0001: MainProcess                     : MainThread     : DEBUG   : start process
2017-09-05 17:53:12,175: state.pubsub.pub.0001: MainProcess                     : MainThread     : DEBUG   : ru_initialize_common (NOOP)
2017-09-05 17:53:12,175: state.pubsub.pub.0001: MainProcess                     : MainThread     : DEBUG   : ru_initialize_parent (NOOP)
2017-09-05 17:53:12,175: state.pubsub.pub.0001: MainProcess                     : MainThread     : DEBUG   : process class started (no child)
2017-09-05 21:23:36,131: state.pubsub.pub.0001: MainProcess                     : MainThread     : INFO    : parent stops child
2017-09-05 21:23:36,131: state.pubsub.pub.0001: MainProcess                     : MainThread     : DEBUG   : ru_finalize_parent (NOOP)
