2017-09-05 22:43:44,480: control.pubsub.pub.0004: umgr.staging.output.0           : MainThread     : INFO    : python.interpreter   version: 2.7.12 (default, Nov 19 2016, 06:48:10) [GCC 5.4.0 20160609]
2017-09-05 22:43:44,480: control.pubsub.pub.0004: umgr.staging.output.0           : MainThread     : INFO    :                      pid: 6600
2017-09-05 22:43:44,480: control.pubsub.pub.0004: umgr.staging.output.0           : MainThread     : INFO    :                      tid: MainThread
2017-09-05 22:43:44,480: control.pubsub.pub.0004: umgr.staging.output.0           : MainThread     : INFO    : radical.pilot        version: 0.47-v0.46-3-g0f79ca80@devel
2017-09-05 22:43:44,480: control.pubsub.pub.0004: umgr.staging.output.0           : MainThread     : INFO    : create control_pubsub - pub - tcp://138.201.86.166:43822
2017-09-05 22:43:44,480: control.pubsub.pub.0004: umgr.staging.output.0           : MainThread     : DEBUG   : start process
2017-09-05 22:43:44,480: control.pubsub.pub.0004: umgr.staging.output.0           : MainThread     : DEBUG   : ru_initialize_common (NOOP)
2017-09-05 22:43:44,480: control.pubsub.pub.0004: umgr.staging.output.0           : MainThread     : DEBUG   : ru_initialize_parent (NOOP)
2017-09-05 22:43:44,480: control.pubsub.pub.0004: umgr.staging.output.0           : MainThread     : DEBUG   : process class started (no child)
2017-09-05 22:43:44,492: control.pubsub.pub.0004: task-manager                    : MainThread     : INFO    : python.interpreter   version: 2.7.12 (default, Nov 19 2016, 06:48:10) [GCC 5.4.0 20160609]
2017-09-05 22:43:44,493: control.pubsub.pub.0004: task-manager                    : MainThread     : INFO    :                      pid: 6546
2017-09-05 22:43:44,493: control.pubsub.pub.0004: task-manager                    : MainThread     : INFO    :                      tid: MainThread
2017-09-05 22:43:44,493: control.pubsub.pub.0004: task-manager                    : MainThread     : INFO    : radical.pilot        version: 0.47-v0.46-3-g0f79ca80@devel
2017-09-05 22:43:44,493: control.pubsub.pub.0004: task-manager                    : MainThread     : INFO    : create control_pubsub - pub - tcp://138.201.86.166:43822
2017-09-05 22:43:44,493: control.pubsub.pub.0004: task-manager                    : MainThread     : DEBUG   : start process
2017-09-05 22:43:44,493: control.pubsub.pub.0004: task-manager                    : MainThread     : DEBUG   : ru_initialize_common (NOOP)
2017-09-05 22:43:44,493: control.pubsub.pub.0004: task-manager                    : MainThread     : DEBUG   : ru_initialize_parent (NOOP)
2017-09-05 22:43:44,493: control.pubsub.pub.0004: task-manager                    : MainThread     : DEBUG   : process class started (no child)
2017-09-06 01:07:25,499: control.pubsub.pub.0004: umgr.staging.output.0           : MainThread     : INFO    : parent stops child
2017-09-06 01:07:25,499: control.pubsub.pub.0004: umgr.staging.output.0           : MainThread     : DEBUG   : ru_finalize_parent (NOOP)
