2017-09-05 22:36:19,873: state.pubsub.sub.0000: update.0                        : MainThread     : INFO    : python.interpreter   version: 2.7.12 (default, Nov 19 2016, 06:48:10) [GCC 5.4.0 20160609]
2017-09-05 22:36:19,874: state.pubsub.sub.0000: update.0                        : MainThread     : INFO    :                      pid: 4863
2017-09-05 22:36:19,874: state.pubsub.sub.0000: update.0                        : MainThread     : INFO    :                      tid: MainThread
2017-09-05 22:36:19,874: state.pubsub.sub.0000: update.0                        : MainThread     : INFO    : radical.pilot        version: 0.47-v0.46-3-g0f79ca80@devel
2017-09-05 22:36:19,874: state.pubsub.sub.0000: update.0                        : MainThread     : INFO    : create state_pubsub - sub - tcp://138.201.86.166:40378
2017-09-05 22:36:19,875: state.pubsub.sub.0000: update.0                        : MainThread     : DEBUG   : start process
2017-09-05 22:36:19,875: state.pubsub.sub.0000: update.0                        : MainThread     : DEBUG   : ru_initialize_common (NOOP)
2017-09-05 22:36:19,876: state.pubsub.sub.0000: update.0                        : MainThread     : DEBUG   : ru_initialize_parent (NOOP)
2017-09-05 22:36:19,876: state.pubsub.sub.0000: update.0                        : MainThread     : DEBUG   : process class started (no child)
2017-09-05 22:36:20,100: state.pubsub.sub.0000: MainProcess                     : MainThread     : INFO    : python.interpreter   version: 2.7.12 (default, Nov 19 2016, 06:48:10) [GCC 5.4.0 20160609]
2017-09-05 22:36:20,101: state.pubsub.sub.0000: MainProcess                     : MainThread     : INFO    :                      pid: 4817
2017-09-05 22:36:20,101: state.pubsub.sub.0000: MainProcess                     : MainThread     : INFO    :                      tid: MainThread
2017-09-05 22:36:20,101: state.pubsub.sub.0000: MainProcess                     : MainThread     : INFO    : radical.pilot        version: 0.47-v0.46-3-g0f79ca80@devel
2017-09-05 22:36:20,101: state.pubsub.sub.0000: MainProcess                     : MainThread     : INFO    : create state_pubsub - sub - tcp://138.201.86.166:40378
2017-09-05 22:36:20,101: state.pubsub.sub.0000: MainProcess                     : MainThread     : DEBUG   : start process
2017-09-05 22:36:20,101: state.pubsub.sub.0000: MainProcess                     : MainThread     : DEBUG   : ru_initialize_common (NOOP)
2017-09-05 22:36:20,102: state.pubsub.sub.0000: MainProcess                     : MainThread     : DEBUG   : ru_initialize_parent (NOOP)
2017-09-05 22:36:20,102: state.pubsub.sub.0000: MainProcess                     : MainThread     : DEBUG   : process class started (no child)
2017-09-06 01:07:33,801: state.pubsub.sub.0000: MainProcess                     : pmgr.0000.subscriber._state_sub_cb: INFO    : parent stops child
2017-09-06 01:07:33,801: state.pubsub.sub.0000: MainProcess                     : pmgr.0000.subscriber._state_sub_cb: DEBUG   : ru_finalize_parent (NOOP)
