2017-11-27 00:48:54,699: control.pubsub.pub.0001: pmgr.launching.0                : MainThread     : INFO    : python.interpreter   version: 2.7.12 (default, Nov 19 2016, 06:48:10) [GCC 5.4.0 20160609]
2017-11-27 00:48:54,699: control.pubsub.pub.0001: pmgr.launching.0                : MainThread     : INFO    :                      pid: 28158
2017-11-27 00:48:54,699: control.pubsub.pub.0001: pmgr.launching.0                : MainThread     : INFO    :                      tid: MainThread
2017-11-27 00:48:54,699: control.pubsub.pub.0001: pmgr.launching.0                : MainThread     : INFO    : radical.pilot        version: 0.47-v0.46.2-110-gfb1120a4@feature-gpu
2017-11-27 00:48:54,699: control.pubsub.pub.0001: pmgr.launching.0                : MainThread     : INFO    : create control_pubsub - pub - tcp://138.201.86.166:35991
2017-11-27 00:48:54,699: control.pubsub.pub.0001: pmgr.launching.0                : MainThread     : DEBUG   : start process
2017-11-27 00:48:54,699: control.pubsub.pub.0001: pmgr.launching.0                : MainThread     : DEBUG   : ru_initialize_common (NOOP)
2017-11-27 00:48:54,699: control.pubsub.pub.0001: pmgr.launching.0                : MainThread     : DEBUG   : ru_initialize_parent (NOOP)
2017-11-27 00:48:54,699: control.pubsub.pub.0001: pmgr.launching.0                : MainThread     : DEBUG   : process class started (no child)
2017-11-27 00:48:54,737: control.pubsub.pub.0001: MainProcess                     : MainThread     : INFO    : python.interpreter   version: 2.7.12 (default, Nov 19 2016, 06:48:10) [GCC 5.4.0 20160609]
2017-11-27 00:48:54,737: control.pubsub.pub.0001: MainProcess                     : MainThread     : INFO    :                      pid: 27993
2017-11-27 00:48:54,737: control.pubsub.pub.0001: MainProcess                     : MainThread     : INFO    :                      tid: MainThread
2017-11-27 00:48:54,738: control.pubsub.pub.0001: MainProcess                     : MainThread     : INFO    : radical.pilot        version: 0.47-v0.46.2-110-gfb1120a4@feature-gpu
2017-11-27 00:48:54,738: control.pubsub.pub.0001: MainProcess                     : MainThread     : INFO    : create control_pubsub - pub - tcp://138.201.86.166:35991
2017-11-27 00:48:54,739: control.pubsub.pub.0001: MainProcess                     : MainThread     : DEBUG   : start process
2017-11-27 00:48:54,739: control.pubsub.pub.0001: MainProcess                     : MainThread     : DEBUG   : ru_initialize_common (NOOP)
2017-11-27 00:48:54,739: control.pubsub.pub.0001: MainProcess                     : MainThread     : DEBUG   : ru_initialize_parent (NOOP)
2017-11-27 00:48:54,740: control.pubsub.pub.0001: MainProcess                     : MainThread     : DEBUG   : process class started (no child)
2017-11-27 04:02:28,630: control.pubsub.pub.0001: MainProcess                     : MainThread     : INFO    : parent stops child  27993 -> None [control.pubsub.pub.0001]
2017-11-27 04:02:28,630: control.pubsub.pub.0001: MainProcess                     : MainThread     : DEBUG   : ru_finalize_parent (NOOP)
