2017-11-27 00:56:22,056: control.pubsub.pub.0003: umgr.staging.input.0            : MainThread     : INFO    : python.interpreter   version: 2.7.12 (default, Nov 19 2016, 06:48:10) [GCC 5.4.0 20160609]
2017-11-27 00:56:22,056: control.pubsub.pub.0003: umgr.staging.input.0            : MainThread     : INFO    :                      pid: 13176
2017-11-27 00:56:22,056: control.pubsub.pub.0003: umgr.staging.input.0            : MainThread     : INFO    :                      tid: MainThread
2017-11-27 00:56:22,056: control.pubsub.pub.0003: umgr.staging.input.0            : MainThread     : INFO    : radical.pilot        version: 0.47-v0.46.2-110-gfb1120a4@feature-gpu
2017-11-27 00:56:22,056: control.pubsub.pub.0003: umgr.staging.input.0            : MainThread     : INFO    : create control_pubsub - pub - tcp://138.201.86.166:35991
2017-11-27 00:56:22,056: control.pubsub.pub.0003: umgr.staging.input.0            : MainThread     : DEBUG   : start process
2017-11-27 00:56:22,056: control.pubsub.pub.0003: umgr.staging.input.0            : MainThread     : DEBUG   : ru_initialize_common (NOOP)
2017-11-27 00:56:22,056: control.pubsub.pub.0003: umgr.staging.input.0            : MainThread     : DEBUG   : ru_initialize_parent (NOOP)
2017-11-27 00:56:22,056: control.pubsub.pub.0003: umgr.staging.input.0            : MainThread     : DEBUG   : process class started (no child)
2017-11-27 00:56:22,089: control.pubsub.pub.0003: task-manager                    : MainThread     : INFO    : python.interpreter   version: 2.7.12 (default, Nov 19 2016, 06:48:10) [GCC 5.4.0 20160609]
2017-11-27 00:56:22,089: control.pubsub.pub.0003: task-manager                    : MainThread     : INFO    :                      pid: 13105
2017-11-27 00:56:22,089: control.pubsub.pub.0003: task-manager                    : MainThread     : INFO    :                      tid: MainThread
2017-11-27 00:56:22,089: control.pubsub.pub.0003: task-manager                    : MainThread     : INFO    : radical.pilot        version: 0.47-v0.46.2-110-gfb1120a4@feature-gpu
2017-11-27 00:56:22,089: control.pubsub.pub.0003: task-manager                    : MainThread     : INFO    : create control_pubsub - pub - tcp://138.201.86.166:35991
2017-11-27 00:56:22,089: control.pubsub.pub.0003: task-manager                    : MainThread     : DEBUG   : start process
2017-11-27 00:56:22,090: control.pubsub.pub.0003: task-manager                    : MainThread     : DEBUG   : ru_initialize_common (NOOP)
2017-11-27 00:56:22,090: control.pubsub.pub.0003: task-manager                    : MainThread     : DEBUG   : ru_initialize_parent (NOOP)
2017-11-27 00:56:22,090: control.pubsub.pub.0003: task-manager                    : MainThread     : DEBUG   : process class started (no child)
2017-11-27 04:01:07,450: control.pubsub.pub.0003: umgr.staging.input.0            : MainThread     : INFO    : parent stops child  13176 -> None [control.pubsub.pub.0003]
2017-11-27 04:01:07,450: control.pubsub.pub.0003: umgr.staging.input.0            : MainThread     : DEBUG   : ru_finalize_parent (NOOP)
