2017-11-27 00:48:54,025: control.pubsub.sub.0000: update.0                        : MainThread     : INFO    : python.interpreter   version: 2.7.12 (default, Nov 19 2016, 06:48:10) [GCC 5.4.0 20160609]
2017-11-27 00:48:54,025: control.pubsub.sub.0000: update.0                        : MainThread     : INFO    :                      pid: 28109
2017-11-27 00:48:54,025: control.pubsub.sub.0000: update.0                        : MainThread     : INFO    :                      tid: MainThread
2017-11-27 00:48:54,026: control.pubsub.sub.0000: update.0                        : MainThread     : INFO    : radical.pilot        version: 0.47-v0.46.2-110-gfb1120a4@feature-gpu
2017-11-27 00:48:54,026: control.pubsub.sub.0000: update.0                        : MainThread     : INFO    : create control_pubsub - sub - tcp://138.201.86.166:39564
2017-11-27 00:48:54,026: control.pubsub.sub.0000: update.0                        : MainThread     : DEBUG   : start process
2017-11-27 00:48:54,027: control.pubsub.sub.0000: update.0                        : MainThread     : DEBUG   : ru_initialize_common (NOOP)
2017-11-27 00:48:54,027: control.pubsub.sub.0000: update.0                        : MainThread     : DEBUG   : ru_initialize_parent (NOOP)
2017-11-27 00:48:54,027: control.pubsub.sub.0000: update.0                        : MainThread     : DEBUG   : process class started (no child)
2017-11-27 00:48:54,700: control.pubsub.sub.0000: pmgr.launching.0                : MainThread     : INFO    : python.interpreter   version: 2.7.12 (default, Nov 19 2016, 06:48:10) [GCC 5.4.0 20160609]
2017-11-27 00:48:54,700: control.pubsub.sub.0000: pmgr.launching.0                : MainThread     : INFO    :                      pid: 28158
2017-11-27 00:48:54,700: control.pubsub.sub.0000: pmgr.launching.0                : MainThread     : INFO    :                      tid: MainThread
2017-11-27 00:48:54,700: control.pubsub.sub.0000: pmgr.launching.0                : MainThread     : INFO    : radical.pilot        version: 0.47-v0.46.2-110-gfb1120a4@feature-gpu
2017-11-27 00:48:54,700: control.pubsub.sub.0000: pmgr.launching.0                : MainThread     : INFO    : create control_pubsub - sub - tcp://138.201.86.166:39564
2017-11-27 00:48:54,710: control.pubsub.sub.0000: pmgr.launching.0                : MainThread     : DEBUG   : start process
2017-11-27 00:48:54,711: control.pubsub.sub.0000: pmgr.launching.0                : MainThread     : DEBUG   : ru_initialize_common (NOOP)
2017-11-27 00:48:54,711: control.pubsub.sub.0000: pmgr.launching.0                : MainThread     : DEBUG   : ru_initialize_parent (NOOP)
2017-11-27 00:48:54,711: control.pubsub.sub.0000: pmgr.launching.0                : MainThread     : DEBUG   : process class started (no child)
2017-11-27 00:56:22,078: control.pubsub.sub.0000: umgr.staging.input.0            : MainThread     : INFO    : python.interpreter   version: 2.7.12 (default, Nov 19 2016, 06:48:10) [GCC 5.4.0 20160609]
2017-11-27 00:56:22,078: control.pubsub.sub.0000: umgr.staging.input.0            : MainThread     : INFO    :                      pid: 13176
2017-11-27 00:56:22,078: control.pubsub.sub.0000: umgr.staging.input.0            : MainThread     : INFO    :                      tid: MainThread
2017-11-27 00:56:22,078: control.pubsub.sub.0000: umgr.staging.input.0            : MainThread     : INFO    : radical.pilot        version: 0.47-v0.46.2-110-gfb1120a4@feature-gpu
2017-11-27 00:56:22,078: control.pubsub.sub.0000: umgr.staging.input.0            : MainThread     : INFO    : create control_pubsub - sub - tcp://138.201.86.166:39564
2017-11-27 00:56:22,079: control.pubsub.sub.0000: umgr.staging.input.0            : MainThread     : DEBUG   : start process
2017-11-27 00:56:22,079: control.pubsub.sub.0000: umgr.staging.input.0            : MainThread     : DEBUG   : ru_initialize_common (NOOP)
2017-11-27 00:56:22,079: control.pubsub.sub.0000: umgr.staging.input.0            : MainThread     : DEBUG   : ru_initialize_parent (NOOP)
2017-11-27 00:56:22,079: control.pubsub.sub.0000: umgr.staging.input.0            : MainThread     : DEBUG   : process class started (no child)
2017-11-27 00:56:22,175: control.pubsub.sub.0000: umgr.staging.output.0           : MainThread     : INFO    : python.interpreter   version: 2.7.12 (default, Nov 19 2016, 06:48:10) [GCC 5.4.0 20160609]
2017-11-27 00:56:22,175: control.pubsub.sub.0000: umgr.staging.output.0           : MainThread     : INFO    :                      pid: 13200
2017-11-27 00:56:22,175: control.pubsub.sub.0000: umgr.staging.output.0           : MainThread     : INFO    :                      tid: MainThread
2017-11-27 00:56:22,175: control.pubsub.sub.0000: umgr.staging.output.0           : MainThread     : INFO    : radical.pilot        version: 0.47-v0.46.2-110-gfb1120a4@feature-gpu
2017-11-27 00:56:22,175: control.pubsub.sub.0000: umgr.staging.output.0           : MainThread     : INFO    : create control_pubsub - sub - tcp://138.201.86.166:39564
2017-11-27 00:56:22,176: control.pubsub.sub.0000: umgr.staging.output.0           : MainThread     : DEBUG   : start process
2017-11-27 00:56:22,176: control.pubsub.sub.0000: umgr.staging.output.0           : MainThread     : DEBUG   : ru_initialize_common (NOOP)
2017-11-27 00:56:22,176: control.pubsub.sub.0000: umgr.staging.output.0           : MainThread     : DEBUG   : ru_initialize_parent (NOOP)
2017-11-27 00:56:22,176: control.pubsub.sub.0000: umgr.staging.output.0           : MainThread     : DEBUG   : process class started (no child)
2017-11-27 00:56:24,400: control.pubsub.sub.0000: umgr.scheduling.0               : MainThread     : INFO    : python.interpreter   version: 2.7.12 (default, Nov 19 2016, 06:48:10) [GCC 5.4.0 20160609]
2017-11-27 00:56:24,400: control.pubsub.sub.0000: umgr.scheduling.0               : MainThread     : INFO    :                      pid: 13270
2017-11-27 00:56:24,400: control.pubsub.sub.0000: umgr.scheduling.0               : MainThread     : INFO    :                      tid: MainThread
2017-11-27 00:56:24,400: control.pubsub.sub.0000: umgr.scheduling.0               : MainThread     : INFO    : radical.pilot        version: 0.47-v0.46.2-110-gfb1120a4@feature-gpu
2017-11-27 00:56:24,400: control.pubsub.sub.0000: umgr.scheduling.0               : MainThread     : INFO    : create control_pubsub - sub - tcp://138.201.86.166:39564
2017-11-27 00:56:24,400: control.pubsub.sub.0000: umgr.scheduling.0               : MainThread     : DEBUG   : start process
2017-11-27 00:56:24,401: control.pubsub.sub.0000: umgr.scheduling.0               : MainThread     : DEBUG   : ru_initialize_common (NOOP)
2017-11-27 00:56:24,401: control.pubsub.sub.0000: umgr.scheduling.0               : MainThread     : DEBUG   : ru_initialize_parent (NOOP)
2017-11-27 00:56:24,401: control.pubsub.sub.0000: umgr.scheduling.0               : MainThread     : DEBUG   : process class started (no child)
2017-11-27 04:01:07,543: control.pubsub.sub.0000: umgr.scheduling.0               : MainThread     : INFO    : parent stops child  13270 -> None [control.pubsub.sub.0000]
2017-11-27 04:01:07,543: control.pubsub.sub.0000: umgr.scheduling.0               : MainThread     : DEBUG   : ru_finalize_parent (NOOP)
2017-11-27 04:01:07,558: control.pubsub.sub.0000: umgr.staging.input.0            : MainThread     : INFO    : parent stops child  13176 -> None [control.pubsub.sub.0000]
2017-11-27 04:01:07,558: control.pubsub.sub.0000: umgr.staging.input.0            : MainThread     : DEBUG   : ru_finalize_parent (NOOP)
2017-11-27 04:01:07,692: control.pubsub.sub.0000: umgr.staging.output.0           : MainThread     : INFO    : parent stops child  13200 -> None [control.pubsub.sub.0000]
2017-11-27 04:01:07,693: control.pubsub.sub.0000: umgr.staging.output.0           : MainThread     : DEBUG   : ru_finalize_parent (NOOP)
2017-11-27 04:02:31,908: control.pubsub.sub.0000: update.0                        : MainThread     : INFO    : parent stops child  28109 -> None [control.pubsub.sub.0000]
2017-11-27 04:02:31,908: control.pubsub.sub.0000: update.0                        : MainThread     : DEBUG   : ru_finalize_parent (NOOP)
