2017-11-27 00:48:54,602: pmgr.launching.0    : MainProcess                     : MainThread     : INFO    : python.interpreter   version: 2.7.12 (default, Nov 19 2016, 06:48:10) [GCC 5.4.0 20160609]
2017-11-27 00:48:54,602: pmgr.launching.0    : MainProcess                     : MainThread     : INFO    :                      pid: 27993
2017-11-27 00:48:54,602: pmgr.launching.0    : MainProcess                     : MainThread     : INFO    :                      tid: MainThread
2017-11-27 00:48:54,603: pmgr.launching.0    : MainProcess                     : MainThread     : INFO    : radical.pilot        version: 0.47-v0.46.2-110-gfb1120a4@feature-gpu
2017-11-27 00:48:54,614: pmgr.launching.0    : MainProcess                     : MainThread     : DEBUG   : alive check in term
2017-11-27 00:48:54,614: pmgr.launching.0    : MainProcess                     : MainThread     : DEBUG   : start process
2017-11-27 00:48:54,727: pmgr.launching.0    : MainProcess                     : MainThread     : INFO    : recv message: alive
2017-11-27 00:48:54,727: pmgr.launching.0    : MainProcess                     : MainThread     : INFO    : initialize pmgr.launching.0
2017-11-27 00:48:54,729: pmgr.launching.0    : MainProcess                     : MainThread     : INFO    : cfg: {'agents': {},
 u'bridges': {u'control_pubsub': {'addr_in': 'tcp://138.201.86.166:35991',
                                  'addr_out': 'tcp://138.201.86.166:39564',
                                  u'bulk_size': 0,
                                  u'log_level': u'debug',
                                  u'stall_hwm': 1},
              u'log_pubsub': {'addr_in': 'tcp://138.201.86.166:37304',
                              'addr_out': 'tcp://138.201.86.166:34370',
                              u'bulk_size': 0,
                              u'log_level': u'debug',
                              u'stall_hwm': 1},
              u'pmgr_launching_queue': {'addr_in': 'tcp://138.201.86.166:34422',
                                        'addr_out': 'tcp://138.201.86.166:44563',
                                        u'bulk_size': 0,
                                        u'log_level': u'debug',
                                        u'stall_hwm': 1},
              u'state_pubsub': {'addr_in': 'tcp://138.201.86.166:46135',
                                'addr_out': 'tcp://138.201.86.166:38582',
                                u'bulk_size': 0,
                                u'log_level': u'debug',
                                u'stall_hwm': 1}},
 'cname': u'PMGRLaunchingComponent',
 u'components': {},
 u'count': 1,
 u'db_poll_sleeptime': 10.0,
 'number': 0,
 'owner': 'pmgr.0000',
 'uid': 'pmgr.0000'}
2017-11-27 00:48:54,730: pmgr.launching.0    : MainProcess                     : MainThread     : DEBUG   : alive check in term
2017-11-27 00:48:54,730: pmgr.launching.0    : MainProcess                     : MainThread     : DEBUG   : START: pmgr.launching.0 register publisher log_pubsub
2017-11-27 00:48:54,730: pmgr.launching.0    : MainProcess                     : MainThread     : DEBUG   : using addr tcp://138.201.86.166:37304 for pubsub log_pubsub
2017-11-27 00:48:54,733: pmgr.launching.0    : MainProcess                     : MainThread     : DEBUG   : registered publisher : log_pubsub : log.pubsub.pub.0001
2017-11-27 00:48:54,733: pmgr.launching.0    : MainProcess                     : MainThread     : DEBUG   : alive check in term
2017-11-27 00:48:54,733: pmgr.launching.0    : MainProcess                     : MainThread     : DEBUG   : START: pmgr.launching.0 register publisher state_pubsub
2017-11-27 00:48:54,733: pmgr.launching.0    : MainProcess                     : MainThread     : DEBUG   : using addr tcp://138.201.86.166:46135 for pubsub state_pubsub
2017-11-27 00:48:54,735: pmgr.launching.0    : MainProcess                     : MainThread     : DEBUG   : registered publisher : state_pubsub : state.pubsub.pub.0001
2017-11-27 00:48:54,735: pmgr.launching.0    : MainProcess                     : MainThread     : DEBUG   : alive check in term
2017-11-27 00:48:54,736: pmgr.launching.0    : MainProcess                     : MainThread     : DEBUG   : START: pmgr.launching.0 register publisher control_pubsub
2017-11-27 00:48:54,736: pmgr.launching.0    : MainProcess                     : MainThread     : DEBUG   : using addr tcp://138.201.86.166:35991 for pubsub control_pubsub
2017-11-27 00:48:54,740: pmgr.launching.0    : MainProcess                     : MainThread     : DEBUG   : registered publisher : control_pubsub : control.pubsub.pub.0001
2017-11-27 00:48:54,740: pmgr.launching.0    : MainProcess                     : MainThread     : DEBUG   : parent name: pmgr.launching.0.watch
2017-11-27 00:48:54,740: pmgr.launching.0    : MainProcess                     : MainThread     : DEBUG   : start thread
2017-11-27 00:48:54,741: pmgr.launching.0    : MainProcess                     : pmgr.launching.0.watch: DEBUG   : child name: pmgr.launching.0.watch.thread
2017-11-27 00:48:54,741: pmgr.launching.0    : MainProcess                     : pmgr.launching.0.watch: INFO    : child (me) initializing
2017-11-27 00:48:54,741: pmgr.launching.0    : MainProcess                     : pmgr.launching.0.watch: DEBUG   : ru_initialize_common (NOOP)
2017-11-27 00:48:54,741: pmgr.launching.0    : MainProcess                     : pmgr.launching.0.watch: DEBUG   : ru_initialize_child (NOOP)
2017-11-27 00:48:54,742: pmgr.launching.0    : MainProcess                     : pmgr.launching.0.watch: INFO    : send alive
2017-11-27 00:48:54,742: pmgr.launching.0    : MainProcess                     : pmgr.launching.0.watch: INFO    : put message: [pmgr.launching.0.watch.thread] alive
2017-11-27 00:48:54,742: pmgr.launching.0    : MainProcess                     : MainThread     : INFO    : get msg: alive
2017-11-27 00:48:54,742: pmgr.launching.0    : MainProcess                     : MainThread     : DEBUG   : ru_initialize_common (NOOP)
2017-11-27 00:48:54,743: pmgr.launching.0    : MainProcess                     : MainThread     : DEBUG   : ru_initialize_parent (NOOP)
2017-11-27 00:48:54,743: pmgr.launching.0    : MainProcess                     : MainThread     : DEBUG   : child thread pmgr.launching.0.watch started
2017-11-27 00:48:54,743: pmgr.launching.0    : MainProcess                     : MainThread     : INFO    : child is alive
2017-11-27 00:48:54,743: pmgr.launching.0    : MainProcess                     : MainThread     : DEBUG   : process class started child
2017-11-27 04:02:28,629: pmgr.launching.0    : MainProcess                     : MainThread     : INFO    : stop pmgr.launching.0 (27993 : 28158 : MainThread) [radical.pilot.pilot_manager.PilotManager.finalize_parent]
2017-11-27 04:02:28,629: pmgr.launching.0    : MainProcess                     : MainThread     : INFO    : parent stops child  27993 -> 28158 [pmgr.launching.0]
2017-11-27 04:02:28,629: pmgr.launching.0    : MainProcess                     : MainThread     : INFO    : send message: [pmgr.launching.0] STOP
2017-11-27 04:02:28,629: pmgr.launching.0    : MainProcess                     : MainThread     : DEBUG   : ru_finalize_common()
2017-11-27 04:02:28,629: pmgr.launching.0    : MainProcess                     : MainThread     : DEBUG   : TERM : pmgr.launching.0 unregister publisher log_pubsub
2017-11-27 04:02:28,629: pmgr.launching.0    : MainProcess                     : MainThread     : DEBUG   : unregistered publisher log_pubsub
2017-11-27 04:02:28,629: pmgr.launching.0    : MainProcess                     : MainThread     : DEBUG   : TERM : pmgr.launching.0 unregister publisher state_pubsub
2017-11-27 04:02:28,630: pmgr.launching.0    : MainProcess                     : MainThread     : DEBUG   : unregistered publisher state_pubsub
2017-11-27 04:02:28,630: pmgr.launching.0    : MainProcess                     : MainThread     : DEBUG   : TERM : pmgr.launching.0 unregister publisher control_pubsub
2017-11-27 04:02:28,631: pmgr.launching.0    : MainProcess                     : MainThread     : DEBUG   : unregistered publisher control_pubsub
2017-11-27 04:02:28,631: pmgr.launching.0    : MainProcess                     : MainThread     : DEBUG   : pmgr.launching.0 close prof
2017-11-27 04:02:28,673: pmgr.launching.0    : MainProcess                     : MainThread     : INFO    : parent stops child
2017-11-27 04:02:28,673: pmgr.launching.0    : MainProcess                     : MainThread     : DEBUG   : ru_finalize_parent (NOOP)
2017-11-27 04:02:28,673: pmgr.launching.0    : MainProcess                     : MainThread     : DEBUG   : ru_finalize_common (NOOP)
2017-11-27 04:02:28,677: pmgr.launching.0    : MainProcess                     : pmgr.launching.0.watch: INFO    : watcher closes
2017-11-27 04:02:28,677: pmgr.launching.0    : MainProcess                     : pmgr.launching.0.watch: INFO    : put message: [pmgr.launching.0.watch.thread] work finished
2017-11-27 04:02:28,677: pmgr.launching.0    : MainProcess                     : pmgr.launching.0.watch: DEBUG   : ru_finalize_child (NOOP)
2017-11-27 04:02:28,677: pmgr.launching.0    : MainProcess                     : pmgr.launching.0.watch: DEBUG   : ru_finalize_common (NOOP)
2017-11-27 04:02:28,677: pmgr.launching.0    : MainProcess                     : pmgr.launching.0.watch: INFO    : put message: [pmgr.launching.0.watch.thread] terminating
2017-11-27 04:02:30,681: pmgr.launching.0    : MainProcess                     : MainThread     : WARNING : failed to stop child - terminate: 27993 -> 28158 [pmgr.launching.0]
2017-11-27 04:02:31,701: pmgr.launching.0    : MainProcess                     : MainThread     : INFO    : stop pmgr.launching.0 (27993 : 28158 : MainThread) [radical.pilot.utils.component.PilotManager.ru_finalize_common]
2017-11-27 04:02:34,970: pmgr.launching.0    : MainProcess                     : MainThread     : INFO    : stop pmgr.launching.0 (27993 : 28158 : MainThread) [radical.pilot.session.Session.close]
