2017-10-24 00:40:32,069: state.pubsub.pub.0000: update.0                        : MainThread     : INFO    : python.interpreter   version: 2.7.12 (default, Nov 19 2016, 06:48:10) [GCC 5.4.0 20160609]
2017-10-24 00:40:32,069: state.pubsub.pub.0000: update.0                        : MainThread     : INFO    :                      pid: 11679
2017-10-24 00:40:32,069: state.pubsub.pub.0000: update.0                        : MainThread     : INFO    :                      tid: MainThread
2017-10-24 00:40:32,070: state.pubsub.pub.0000: update.0                        : MainThread     : INFO    : radical.pilot        version: 0.47-v0.46.2-93-g379bd68d@feature-gpu
2017-10-24 00:40:32,070: state.pubsub.pub.0000: update.0                        : MainThread     : INFO    : create state_pubsub - pub - tcp://138.201.86.166:41532
2017-10-24 00:40:32,070: state.pubsub.pub.0000: update.0                        : MainThread     : DEBUG   : start process
2017-10-24 00:40:32,070: state.pubsub.pub.0000: update.0                        : MainThread     : DEBUG   : ru_initialize_common (NOOP)
2017-10-24 00:40:32,071: state.pubsub.pub.0000: update.0                        : MainThread     : DEBUG   : ru_initialize_parent (NOOP)
2017-10-24 00:40:32,071: state.pubsub.pub.0000: update.0                        : MainThread     : DEBUG   : process class started (no child)
2017-10-24 00:40:32,645: state.pubsub.pub.0000: MainProcess                     : MainThread     : INFO    : python.interpreter   version: 2.7.12 (default, Nov 19 2016, 06:48:10) [GCC 5.4.0 20160609]
2017-10-24 00:40:32,645: state.pubsub.pub.0000: MainProcess                     : MainThread     : INFO    :                      pid: 11594
2017-10-24 00:40:32,646: state.pubsub.pub.0000: MainProcess                     : MainThread     : INFO    :                      tid: MainThread
2017-10-24 00:40:32,646: state.pubsub.pub.0000: MainProcess                     : MainThread     : INFO    : radical.pilot        version: 0.47-v0.46.2-93-g379bd68d@feature-gpu
2017-10-24 00:40:32,646: state.pubsub.pub.0000: MainProcess                     : MainThread     : INFO    : create state_pubsub - pub - tcp://138.201.86.166:41532
2017-10-24 00:40:32,647: state.pubsub.pub.0000: MainProcess                     : MainThread     : DEBUG   : start process
2017-10-24 00:40:32,647: state.pubsub.pub.0000: MainProcess                     : MainThread     : DEBUG   : ru_initialize_common (NOOP)
2017-10-24 00:40:32,647: state.pubsub.pub.0000: MainProcess                     : MainThread     : DEBUG   : ru_initialize_parent (NOOP)
2017-10-24 00:40:32,647: state.pubsub.pub.0000: MainProcess                     : MainThread     : DEBUG   : process class started (no child)
2017-10-24 01:53:15,566: state.pubsub.pub.0000: MainProcess                     : MainThread     : INFO    : parent stops child
2017-10-24 01:53:15,566: state.pubsub.pub.0000: MainProcess                     : MainThread     : DEBUG   : ru_finalize_parent (NOOP)
2017-10-24 01:53:16,160: state.pubsub.pub.0000: update.0                        : MainThread     : INFO    : parent stops child
2017-10-24 01:53:16,160: state.pubsub.pub.0000: update.0                        : MainThread     : DEBUG   : ru_finalize_parent (NOOP)
