2017-09-13 16:57:06,994: log.pubsub.pub.0003 : umgr.staging.input.0            : MainThread     : INFO    : python.interpreter   version: 2.7.12 (default, Nov 19 2016, 06:48:10) [GCC 5.4.0 20160609]
2017-09-13 16:57:06,994: log.pubsub.pub.0003 : umgr.staging.input.0            : MainThread     : INFO    :                      pid: 9844
2017-09-13 16:57:06,994: log.pubsub.pub.0003 : umgr.staging.input.0            : MainThread     : INFO    :                      tid: MainThread
2017-09-13 16:57:06,994: log.pubsub.pub.0003 : umgr.staging.input.0            : MainThread     : INFO    : radical.pilot        version: 0.47-v0.46.2-4-g7e7e2855@devel
2017-09-13 16:57:06,995: log.pubsub.pub.0003 : umgr.staging.input.0            : MainThread     : INFO    : create log_pubsub - pub - tcp://138.201.86.166:42485
2017-09-13 16:57:06,995: log.pubsub.pub.0003 : umgr.staging.input.0            : MainThread     : DEBUG   : start process
2017-09-13 16:57:06,995: log.pubsub.pub.0003 : umgr.staging.input.0            : MainThread     : DEBUG   : ru_initialize_common (NOOP)
2017-09-13 16:57:06,995: log.pubsub.pub.0003 : umgr.staging.input.0            : MainThread     : DEBUG   : ru_initialize_parent (NOOP)
2017-09-13 16:57:06,995: log.pubsub.pub.0003 : umgr.staging.input.0            : MainThread     : DEBUG   : process class started (no child)
2017-09-13 16:57:07,039: log.pubsub.pub.0003 : task-manager                    : MainThread     : INFO    : python.interpreter   version: 2.7.12 (default, Nov 19 2016, 06:48:10) [GCC 5.4.0 20160609]
2017-09-13 16:57:07,039: log.pubsub.pub.0003 : task-manager                    : MainThread     : INFO    :                      pid: 9809
2017-09-13 16:57:07,039: log.pubsub.pub.0003 : task-manager                    : MainThread     : INFO    :                      tid: MainThread
2017-09-13 16:57:07,039: log.pubsub.pub.0003 : task-manager                    : MainThread     : INFO    : radical.pilot        version: 0.47-v0.46.2-4-g7e7e2855@devel
2017-09-13 16:57:07,039: log.pubsub.pub.0003 : task-manager                    : MainThread     : INFO    : create log_pubsub - pub - tcp://138.201.86.166:42485
2017-09-13 16:57:07,040: log.pubsub.pub.0003 : task-manager                    : MainThread     : DEBUG   : start process
2017-09-13 16:57:07,040: log.pubsub.pub.0003 : task-manager                    : MainThread     : DEBUG   : ru_initialize_common (NOOP)
2017-09-13 16:57:07,040: log.pubsub.pub.0003 : task-manager                    : MainThread     : DEBUG   : ru_initialize_parent (NOOP)
2017-09-13 16:57:07,040: log.pubsub.pub.0003 : task-manager                    : MainThread     : DEBUG   : process class started (no child)
2017-09-14 02:45:03,315: log.pubsub.pub.0003 : umgr.staging.input.0            : MainThread     : INFO    : parent stops child
2017-09-14 02:45:03,315: log.pubsub.pub.0003 : umgr.staging.input.0            : MainThread     : DEBUG   : ru_finalize_parent (NOOP)
