2017-09-13 16:50:35,021: update.0            : MainProcess                     : MainThread     : INFO    : python.interpreter   version: 2.7.12 (default, Nov 19 2016, 06:48:10) [GCC 5.4.0 20160609]
2017-09-13 16:50:35,021: update.0            : MainProcess                     : MainThread     : INFO    :                      pid: 7140
2017-09-13 16:50:35,021: update.0            : MainProcess                     : MainThread     : INFO    :                      tid: MainThread
2017-09-13 16:50:35,021: update.0            : MainProcess                     : MainThread     : INFO    : radical.pilot        version: 0.47-v0.46.2-4-g7e7e2855@devel
2017-09-13 16:50:35,044: update.0            : MainProcess                     : MainThread     : DEBUG   : alive check in term
2017-09-13 16:50:35,045: update.0            : MainProcess                     : MainThread     : DEBUG   : start process
2017-09-13 16:50:35,613: update.0            : MainProcess                     : MainThread     : INFO    : recv message: alive
2017-09-13 16:50:35,614: update.0            : MainProcess                     : MainThread     : INFO    : initialize update.0
2017-09-13 16:50:35,621: update.0            : MainProcess                     : MainThread     : INFO    : cfg: {'agents': {},
 u'bridges': {u'control_pubsub': {'addr_in': 'tcp://138.201.86.166:32870',
                                  'addr_out': 'tcp://138.201.86.166:41920',
                                  u'bulk_size': 0,
                                  u'log_level': u'debug',
                                  u'stall_hwm': 1},
              u'log_pubsub': {'addr_in': 'tcp://138.201.86.166:42485',
                              'addr_out': 'tcp://138.201.86.166:34656',
                              u'bulk_size': 0,
                              u'log_level': u'debug',
                              u'stall_hwm': 1},
              u'state_pubsub': {'addr_in': 'tcp://138.201.86.166:43832',
                                'addr_out': 'tcp://138.201.86.166:45981',
                                u'bulk_size': 0,
                                u'log_level': u'debug',
                                u'stall_hwm': 1}},
 'cname': u'UpdateWorker',
 u'components': {},
 u'count': 1,
 'dburl': 'mongodb://jdakka:jdakka@ds151993.mlab.com:51993/entk-testing',
 'debug': 'DEBUG',
 u'default_dburl': u'mongodb://rp:rp@ds015335.mlab.com:15335/rp',
 'logdir': '/home/jdakka/UCL/GB-SC18/scripts/rp.session.two.jdakka.017422.0000',
 'number': 0,
 'owner': 'rp.session.two.jdakka.017422.0000',
 'session_id': 'rp.session.two.jdakka.017422.0000'}
2017-09-13 16:50:35,622: update.0            : MainProcess                     : MainThread     : DEBUG   : alive check in term
2017-09-13 16:50:35,622: update.0            : MainProcess                     : MainThread     : DEBUG   : START: update.0 register publisher log_pubsub
2017-09-13 16:50:35,622: update.0            : MainProcess                     : MainThread     : DEBUG   : using addr tcp://138.201.86.166:42485 for pubsub log_pubsub
2017-09-13 16:50:35,623: update.0            : MainProcess                     : MainThread     : DEBUG   : registered publisher : log_pubsub : log.pubsub.pub.0000
2017-09-13 16:50:35,623: update.0            : MainProcess                     : MainThread     : DEBUG   : alive check in term
2017-09-13 16:50:35,623: update.0            : MainProcess                     : MainThread     : DEBUG   : START: update.0 register publisher state_pubsub
2017-09-13 16:50:35,623: update.0            : MainProcess                     : MainThread     : DEBUG   : using addr tcp://138.201.86.166:43832 for pubsub state_pubsub
2017-09-13 16:50:35,624: update.0            : MainProcess                     : MainThread     : DEBUG   : registered publisher : state_pubsub : state.pubsub.pub.0000
2017-09-13 16:50:35,624: update.0            : MainProcess                     : MainThread     : DEBUG   : alive check in term
2017-09-13 16:50:35,624: update.0            : MainProcess                     : MainThread     : DEBUG   : START: update.0 register publisher control_pubsub
2017-09-13 16:50:35,624: update.0            : MainProcess                     : MainThread     : DEBUG   : using addr tcp://138.201.86.166:32870 for pubsub control_pubsub
2017-09-13 16:50:35,626: update.0            : MainProcess                     : MainThread     : DEBUG   : registered publisher : control_pubsub : control.pubsub.pub.0000
2017-09-13 16:50:35,626: update.0            : MainProcess                     : MainThread     : DEBUG   : parent name: update.0.watch
2017-09-13 16:50:35,626: update.0            : MainProcess                     : MainThread     : DEBUG   : start thread
2017-09-13 16:50:35,626: update.0            : MainProcess                     : update.0.watch : DEBUG   : child name: update.0.watch.thread
2017-09-13 16:50:35,626: update.0            : MainProcess                     : update.0.watch : INFO    : child (me) initializing
2017-09-13 16:50:35,626: update.0            : MainProcess                     : update.0.watch : DEBUG   : ru_initialize_common (NOOP)
2017-09-13 16:50:35,626: update.0            : MainProcess                     : update.0.watch : DEBUG   : ru_initialize_child (NOOP)
2017-09-13 16:50:35,627: update.0            : MainProcess                     : update.0.watch : INFO    : send alive
2017-09-13 16:50:35,627: update.0            : MainProcess                     : update.0.watch : INFO    : put message: [update.0.watch.thread] alive
2017-09-13 16:50:35,627: update.0            : MainProcess                     : MainThread     : INFO    : get msg: alive
2017-09-13 16:50:35,627: update.0            : MainProcess                     : MainThread     : DEBUG   : ru_initialize_common (NOOP)
2017-09-13 16:50:35,627: update.0            : MainProcess                     : MainThread     : DEBUG   : ru_initialize_parent (NOOP)
2017-09-13 16:50:35,628: update.0            : MainProcess                     : MainThread     : DEBUG   : child thread update.0.watch started
2017-09-13 16:50:35,628: update.0            : MainProcess                     : MainThread     : INFO    : child is alive
2017-09-13 16:50:35,628: update.0            : MainProcess                     : MainThread     : DEBUG   : process class started child
2017-09-14 02:46:01,576: update.0            : MainProcess                     : MainThread     : INFO    : stop update.0 (7140 : 7180 : MainThread) [radical.pilot.worker.update.Update.stop]
2017-09-14 02:46:01,576: update.0            : MainProcess                     : MainThread     : INFO    : parent stops child
2017-09-14 02:46:01,576: update.0            : MainProcess                     : MainThread     : DEBUG   : ru_finalize_common()
2017-09-14 02:46:01,576: update.0            : MainProcess                     : MainThread     : DEBUG   : TERM : update.0 unregister publisher log_pubsub
2017-09-14 02:46:01,576: update.0            : MainProcess                     : MainThread     : DEBUG   : unregistered publisher log_pubsub
2017-09-14 02:46:01,577: update.0            : MainProcess                     : MainThread     : DEBUG   : TERM : update.0 unregister publisher state_pubsub
2017-09-14 02:46:01,577: update.0            : MainProcess                     : MainThread     : DEBUG   : unregistered publisher state_pubsub
2017-09-14 02:46:01,577: update.0            : MainProcess                     : MainThread     : DEBUG   : TERM : update.0 unregister publisher control_pubsub
2017-09-14 02:46:01,577: update.0            : MainProcess                     : MainThread     : DEBUG   : unregistered publisher control_pubsub
2017-09-14 02:46:01,577: update.0            : MainProcess                     : MainThread     : DEBUG   : update.0 close prof
2017-09-14 02:46:01,578: update.0            : MainProcess                     : MainThread     : INFO    : parent stops child
2017-09-14 02:46:01,578: update.0            : MainProcess                     : MainThread     : DEBUG   : ru_finalize_parent (NOOP)
2017-09-14 02:46:01,578: update.0            : MainProcess                     : MainThread     : DEBUG   : ru_finalize_common (NOOP)
2017-09-14 02:46:01,652: update.0            : MainProcess                     : update.0.watch : INFO    : watcher closes
2017-09-14 02:46:01,653: update.0            : MainProcess                     : update.0.watch : INFO    : put message: [update.0.watch.thread] work finished
2017-09-14 02:46:01,653: update.0            : MainProcess                     : update.0.watch : DEBUG   : ru_finalize_child (NOOP)
2017-09-14 02:46:01,653: update.0            : MainProcess                     : update.0.watch : DEBUG   : ru_finalize_common (NOOP)
2017-09-14 02:46:01,653: update.0            : MainProcess                     : update.0.watch : INFO    : put message: [update.0.watch.thread] terminating
2017-09-14 02:46:01,791: update.0            : MainProcess                     : MainThread     : WARNING : failed to stop child - terminate
2017-09-14 02:46:02,311: update.0            : MainProcess                     : MainThread     : INFO    : stop update.0 (7140 : 7180 : MainThread) [radical.pilot.worker.update.Update.stop]
