2017-09-12 22:25:54,116: pmgr.launching.0.child: pmgr.launching.0                : MainThread     : INFO    : python.interpreter   version: 2.7.12 (default, Nov 19 2016, 06:48:10) [GCC 5.4.0 20160609]
2017-09-12 22:25:54,117: pmgr.launching.0.child: pmgr.launching.0                : MainThread     : INFO    :                      pid: 25122
2017-09-12 22:25:54,117: pmgr.launching.0.child: pmgr.launching.0                : MainThread     : INFO    :                      tid: MainThread
2017-09-12 22:25:54,117: pmgr.launching.0.child: pmgr.launching.0                : MainThread     : INFO    : radical.pilot        version: 0.47-v0.46.2-4-g7e7e2855@devel
2017-09-12 22:25:54,167: pmgr.launching.0.child: pmgr.launching.0                : MainThread     : INFO    : initialize pmgr.launching.0.child
2017-09-12 22:25:54,168: pmgr.launching.0.child: pmgr.launching.0                : MainThread     : INFO    : cfg: {'agents': {},
 u'bridges': {u'control_pubsub': {'addr_in': 'tcp://138.201.86.166:35866',
                                  'addr_out': 'tcp://138.201.86.166:39170',
                                  u'bulk_size': 0,
                                  u'log_level': u'debug',
                                  u'stall_hwm': 1},
              u'log_pubsub': {'addr_in': 'tcp://138.201.86.166:35459',
                              'addr_out': 'tcp://138.201.86.166:40107',
                              u'bulk_size': 0,
                              u'log_level': u'debug',
                              u'stall_hwm': 1},
              u'pmgr_launching_queue': {'addr_in': 'tcp://138.201.86.166:41526',
                                        'addr_out': 'tcp://138.201.86.166:46770',
                                        u'bulk_size': 0,
                                        u'log_level': u'debug',
                                        u'stall_hwm': 1},
              u'state_pubsub': {'addr_in': 'tcp://138.201.86.166:39936',
                                'addr_out': 'tcp://138.201.86.166:35272',
                                u'bulk_size': 0,
                                u'log_level': u'debug',
                                u'stall_hwm': 1}},
 'cname': u'PMGRLaunchingComponent',
 u'components': {},
 u'count': 1,
 u'db_poll_sleeptime': 1.0,
 'number': 0,
 'owner': 'pmgr.0000',
 'uid': 'pmgr.0000'}
2017-09-12 22:25:54,168: pmgr.launching.0.child: pmgr.launching.0                : MainThread     : DEBUG   : start components: {}
2017-09-12 22:25:54,168: pmgr.launching.0.child: pmgr.launching.0                : MainThread     : DEBUG   : alive check in term
2017-09-12 22:25:54,168: pmgr.launching.0.child: pmgr.launching.0                : MainThread     : DEBUG   : START: pmgr.launching.0.child register publisher log_pubsub
2017-09-12 22:25:54,168: pmgr.launching.0.child: pmgr.launching.0                : MainThread     : DEBUG   : using addr tcp://138.201.86.166:35459 for pubsub log_pubsub
2017-09-12 22:25:54,170: pmgr.launching.0.child: pmgr.launching.0                : MainThread     : DEBUG   : registered publisher : log_pubsub : log.pubsub.pub.0001
2017-09-12 22:25:54,170: pmgr.launching.0.child: pmgr.launching.0                : MainThread     : DEBUG   : alive check in term
2017-09-12 22:25:54,170: pmgr.launching.0.child: pmgr.launching.0                : MainThread     : DEBUG   : START: pmgr.launching.0.child register publisher state_pubsub
2017-09-12 22:25:54,170: pmgr.launching.0.child: pmgr.launching.0                : MainThread     : DEBUG   : using addr tcp://138.201.86.166:39936 for pubsub state_pubsub
2017-09-12 22:25:54,171: pmgr.launching.0.child: pmgr.launching.0                : MainThread     : DEBUG   : registered publisher : state_pubsub : state.pubsub.pub.0001
2017-09-12 22:25:54,171: pmgr.launching.0.child: pmgr.launching.0                : MainThread     : DEBUG   : alive check in term
2017-09-12 22:25:54,171: pmgr.launching.0.child: pmgr.launching.0                : MainThread     : DEBUG   : START: pmgr.launching.0.child register publisher control_pubsub
2017-09-12 22:25:54,171: pmgr.launching.0.child: pmgr.launching.0                : MainThread     : DEBUG   : using addr tcp://138.201.86.166:35866 for pubsub control_pubsub
2017-09-12 22:25:54,172: pmgr.launching.0.child: pmgr.launching.0                : MainThread     : DEBUG   : registered publisher : control_pubsub : control.pubsub.pub.0001
2017-09-12 22:25:54,172: pmgr.launching.0.child: pmgr.launching.0                : MainThread     : DEBUG   : alive check in term
2017-09-12 22:25:54,172: pmgr.launching.0.child: pmgr.launching.0                : MainThread     : DEBUG   : START: pmgr.launching.0.child register subscriber pmgr.launching.0.child.subscriber._cancel_monitor_cb
2017-09-12 22:25:54,172: pmgr.launching.0.child: pmgr.launching.0                : MainThread     : DEBUG   : using addr tcp://138.201.86.166:39170 for pubsub control_pubsub
2017-09-12 22:25:54,191: pmgr.launching.0.child: pmgr.launching.0                : MainThread     : DEBUG   : parent name: pmgr.launching.0.child.subscriber._cancel_monitor_cb
2017-09-12 22:25:54,191: pmgr.launching.0.child: pmgr.launching.0                : MainThread     : DEBUG   : start thread
2017-09-12 22:25:54,191: pmgr.launching.0.child: pmgr.launching.0                : pmgr.launching.0.child.subscriber._cancel_monitor_cb: DEBUG   : child name: pmgr.launching.0.child.subscriber._cancel_monitor_cb.thread
2017-09-12 22:25:54,191: pmgr.launching.0.child: pmgr.launching.0                : pmgr.launching.0.child.subscriber._cancel_monitor_cb: INFO    : child (me) initializing
2017-09-12 22:25:54,191: pmgr.launching.0.child: pmgr.launching.0                : pmgr.launching.0.child.subscriber._cancel_monitor_cb: DEBUG   : ru_initialize_common (NOOP)
2017-09-12 22:25:54,191: pmgr.launching.0.child: pmgr.launching.0                : pmgr.launching.0.child.subscriber._cancel_monitor_cb: DEBUG   : ru_initialize_child (NOOP)
2017-09-12 22:25:54,191: pmgr.launching.0.child: pmgr.launching.0                : pmgr.launching.0.child.subscriber._cancel_monitor_cb: INFO    : send alive
2017-09-12 22:25:54,191: pmgr.launching.0.child: pmgr.launching.0                : pmgr.launching.0.child.subscriber._cancel_monitor_cb: INFO    : put message: [pmgr.launching.0.child.subscriber._cancel_monitor_cb.thread] alive
2017-09-12 22:25:54,192: pmgr.launching.0.child: pmgr.launching.0                : MainThread     : INFO    : get msg: alive
2017-09-12 22:25:54,192: pmgr.launching.0.child: pmgr.launching.0                : MainThread     : DEBUG   : ru_initialize_common (NOOP)
2017-09-12 22:25:54,192: pmgr.launching.0.child: pmgr.launching.0                : MainThread     : DEBUG   : ru_initialize_parent (NOOP)
2017-09-12 22:25:54,192: pmgr.launching.0.child: pmgr.launching.0                : MainThread     : DEBUG   : child thread pmgr.launching.0.child.subscriber._cancel_monitor_cb started
2017-09-12 22:25:54,192: pmgr.launching.0.child: pmgr.launching.0                : MainThread     : DEBUG   : pmgr.launching.0.child registered control_pubsub subscriber pmgr.launching.0.child.subscriber._cancel_monitor_cb
2017-09-12 22:25:54,192: pmgr.launching.0.child: pmgr.launching.0                : MainThread     : DEBUG   : alive check in term
2017-09-12 22:25:54,192: pmgr.launching.0.child: pmgr.launching.0                : MainThread     : DEBUG   : using addr tcp://138.201.86.166:46770 for input pmgr_launching_queue
2017-09-12 22:25:54,193: pmgr.launching.0.child: pmgr.launching.0                : MainThread     : DEBUG   : registered input pmgr.launching.0.child.work.PMGR_LAUNCHING_PENDING
2017-09-12 22:25:54,193: pmgr.launching.0.child: pmgr.launching.0                : MainThread     : DEBUG   : START: pmgr.launching.0.child register input PMGR_LAUNCHING_PENDING: pmgr.launching.0.child.work.PMGR_LAUNCHING_PENDING
2017-09-12 22:25:54,193: pmgr.launching.0.child: pmgr.launching.0                : MainThread     : DEBUG   : registered worker work [PMGR_LAUNCHING_PENDING]
2017-09-12 22:25:54,193: pmgr.launching.0.child: pmgr.launching.0                : MainThread     : DEBUG   : alive check in term
2017-09-12 22:25:54,193: pmgr.launching.0.child: pmgr.launching.0                : MainThread     : DEBUG   : START: pmgr.launching.0.child register idler pmgr.launching.0.child.idler._pilot_watcher_cb
2017-09-12 22:25:54,193: pmgr.launching.0.child: pmgr.launching.0                : MainThread     : DEBUG   : parent name: pmgr.launching.0.child.idler._pilot_watcher_cb
2017-09-12 22:25:54,193: pmgr.launching.0.child: pmgr.launching.0                : MainThread     : DEBUG   : start thread
2017-09-12 22:25:54,194: pmgr.launching.0.child: pmgr.launching.0                : pmgr.launching.0.child.idler._pilot_watcher_cb: DEBUG   : child name: pmgr.launching.0.child.idler._pilot_watcher_cb.thread
2017-09-12 22:25:54,194: pmgr.launching.0.child: pmgr.launching.0                : pmgr.launching.0.child.idler._pilot_watcher_cb: INFO    : child (me) initializing
2017-09-12 22:25:54,194: pmgr.launching.0.child: pmgr.launching.0                : pmgr.launching.0.child.idler._pilot_watcher_cb: DEBUG   : ru_initialize_common (NOOP)
2017-09-12 22:25:54,194: pmgr.launching.0.child: pmgr.launching.0                : pmgr.launching.0.child.idler._pilot_watcher_cb: DEBUG   : ru_initialize_child (NOOP)
2017-09-12 22:25:54,194: pmgr.launching.0.child: pmgr.launching.0                : pmgr.launching.0.child.idler._pilot_watcher_cb: INFO    : send alive
2017-09-12 22:25:54,194: pmgr.launching.0.child: pmgr.launching.0                : pmgr.launching.0.child.idler._pilot_watcher_cb: INFO    : put message: [pmgr.launching.0.child.idler._pilot_watcher_cb.thread] alive
2017-09-12 22:25:54,195: pmgr.launching.0.child: pmgr.launching.0                : MainThread     : INFO    : get msg: alive
2017-09-12 22:25:54,195: pmgr.launching.0.child: pmgr.launching.0                : MainThread     : DEBUG   : ru_initialize_common (NOOP)
2017-09-12 22:25:54,195: pmgr.launching.0.child: pmgr.launching.0                : MainThread     : DEBUG   : ru_initialize_parent (NOOP)
2017-09-12 22:25:54,195: pmgr.launching.0.child: pmgr.launching.0                : MainThread     : DEBUG   : child thread pmgr.launching.0.child.idler._pilot_watcher_cb started
2017-09-12 22:25:54,195: pmgr.launching.0.child: pmgr.launching.0                : MainThread     : DEBUG   : pmgr.launching.0.child registered idler pmgr.launching.0.child.idler._pilot_watcher_cb
2017-09-12 22:25:54,195: pmgr.launching.0.child: pmgr.launching.0                : MainThread     : DEBUG   : alive check in term
2017-09-12 22:25:54,195: pmgr.launching.0.child: pmgr.launching.0                : MainThread     : DEBUG   : START: pmgr.launching.0.child register subscriber pmgr.launching.0.child.subscriber._pmgr_control_cb
2017-09-12 22:25:54,195: pmgr.launching.0.child: pmgr.launching.0                : MainThread     : DEBUG   : using addr tcp://138.201.86.166:39170 for pubsub control_pubsub
2017-09-12 22:25:54,197: pmgr.launching.0.child: pmgr.launching.0                : MainThread     : DEBUG   : parent name: pmgr.launching.0.child.subscriber._pmgr_control_cb
2017-09-12 22:25:54,197: pmgr.launching.0.child: pmgr.launching.0                : MainThread     : DEBUG   : start thread
2017-09-12 22:25:54,197: pmgr.launching.0.child: pmgr.launching.0                : pmgr.launching.0.child.subscriber._pmgr_control_cb: DEBUG   : child name: pmgr.launching.0.child.subscriber._pmgr_control_cb.thread
2017-09-12 22:25:54,197: pmgr.launching.0.child: pmgr.launching.0                : pmgr.launching.0.child.subscriber._pmgr_control_cb: INFO    : child (me) initializing
2017-09-12 22:25:54,197: pmgr.launching.0.child: pmgr.launching.0                : pmgr.launching.0.child.subscriber._pmgr_control_cb: DEBUG   : ru_initialize_common (NOOP)
2017-09-12 22:25:54,197: pmgr.launching.0.child: pmgr.launching.0                : pmgr.launching.0.child.subscriber._pmgr_control_cb: DEBUG   : ru_initialize_child (NOOP)
2017-09-12 22:25:54,197: pmgr.launching.0.child: pmgr.launching.0                : pmgr.launching.0.child.subscriber._pmgr_control_cb: INFO    : send alive
2017-09-12 22:25:54,197: pmgr.launching.0.child: pmgr.launching.0                : pmgr.launching.0.child.subscriber._pmgr_control_cb: INFO    : put message: [pmgr.launching.0.child.subscriber._pmgr_control_cb.thread] alive
2017-09-12 22:25:54,198: pmgr.launching.0.child: pmgr.launching.0                : MainThread     : INFO    : get msg: alive
2017-09-12 22:25:54,198: pmgr.launching.0.child: pmgr.launching.0                : MainThread     : DEBUG   : ru_initialize_common (NOOP)
2017-09-12 22:25:54,198: pmgr.launching.0.child: pmgr.launching.0                : MainThread     : DEBUG   : ru_initialize_parent (NOOP)
2017-09-12 22:25:54,199: pmgr.launching.0.child: pmgr.launching.0                : MainThread     : DEBUG   : child thread pmgr.launching.0.child.subscriber._pmgr_control_cb started
2017-09-12 22:25:54,199: pmgr.launching.0.child: pmgr.launching.0                : MainThread     : DEBUG   : pmgr.launching.0.child registered control_pubsub subscriber pmgr.launching.0.child.subscriber._pmgr_control_cb
2017-09-12 22:25:54,199: pmgr.launching.0.child: pmgr.launching.0                : MainThread     : INFO    : ('0.47', '0.47-v0.46.2-4-g7e7e2855@devel', '-v0.46.2', '@devel', 'radical.pilot-0.47-v0.46.2-4-g7e7e2855-devel.tar.gz', '/home/jdakka/UCL/namd_devel_workload/venv/local/lib/python2.7/site-packages/radical/pilot/pmgr/launching/../..//radical.pilot-0.47-v0.46.2-4-g7e7e2855-devel.tar.gz')
2017-09-12 22:25:54,199: pmgr.launching.0.child: pmgr.launching.0                : MainThread     : INFO    : child (me) initializing
2017-09-12 22:25:54,199: pmgr.launching.0.child: pmgr.launching.0                : MainThread     : DEBUG   : parent name: pmgr.launching.0.child.watch
2017-09-12 22:25:54,199: pmgr.launching.0.child: pmgr.launching.0                : MainThread     : DEBUG   : start thread
2017-09-12 22:25:54,199: pmgr.launching.0.child: pmgr.launching.0                : pmgr.launching.0.child.watch: DEBUG   : child name: pmgr.launching.0.child.watch.thread
2017-09-12 22:25:54,199: pmgr.launching.0.child: pmgr.launching.0                : pmgr.launching.0.child.watch: INFO    : child (me) initializing
2017-09-12 22:25:54,199: pmgr.launching.0.child: pmgr.launching.0                : pmgr.launching.0.child.watch: DEBUG   : ru_initialize_common (NOOP)
2017-09-12 22:25:54,199: pmgr.launching.0.child: pmgr.launching.0                : pmgr.launching.0.child.watch: DEBUG   : ru_initialize_child (NOOP)
2017-09-12 22:25:54,199: pmgr.launching.0.child: pmgr.launching.0                : pmgr.launching.0.child.watch: INFO    : send alive
2017-09-12 22:25:54,199: pmgr.launching.0.child: pmgr.launching.0                : pmgr.launching.0.child.watch: INFO    : put message: [pmgr.launching.0.child.watch.thread] alive
2017-09-12 22:25:54,200: pmgr.launching.0.child: pmgr.launching.0                : MainThread     : INFO    : get msg: alive
2017-09-12 22:25:54,200: pmgr.launching.0.child: pmgr.launching.0                : MainThread     : DEBUG   : ru_initialize_common (NOOP)
2017-09-12 22:25:54,200: pmgr.launching.0.child: pmgr.launching.0                : MainThread     : DEBUG   : ru_initialize_parent (NOOP)
2017-09-12 22:25:54,200: pmgr.launching.0.child: pmgr.launching.0                : MainThread     : DEBUG   : child thread pmgr.launching.0.child.watch started
2017-09-12 22:25:54,200: pmgr.launching.0.child: pmgr.launching.0                : MainThread     : INFO    : child (me) is alive
2017-09-12 22:25:54,200: pmgr.launching.0.child: pmgr.launching.0                : MainThread     : INFO    : send alive
2017-09-12 22:25:54,200: pmgr.launching.0.child: pmgr.launching.0                : MainThread     : INFO    : send message: [pmgr.launching.0.child] alive
2017-09-12 22:26:00,299: pmgr.launching.0.child: pmgr.launching.0                : MainThread     : DEBUG   : got pilot (pilot.0000)
2017-09-12 22:26:00,299: pmgr.launching.0.child: pmgr.launching.0                : MainThread     : DEBUG   : advance bulk size: 1 [False, True]
2017-09-12 22:26:00,299: pmgr.launching.0.child: pmgr.launching.0                : MainThread     : DEBUG   : advance bulk: pilot.0000 [1]
2017-09-12 22:26:00,299: pmgr.launching.0.child: pmgr.launching.0                : MainThread     : INFO    : Launching pilots on ncsa.bw_aprun: ['pilot.0000']
2017-09-12 22:26:05,558: pmgr.launching.0.child: pmgr.launching.0                : MainThread     : INFO    : Read agent config file: /home/jdakka/UCL/namd_devel_workload/venv/local/lib/python2.7/site-packages/radical/pilot/pmgr/launching/../..//configs/agent_default.json
2017-09-12 22:26:05,559: pmgr.launching.0.child: pmgr.launching.0                : MainThread     : DEBUG   : Write agent cfg to '/tmp/rp.agent_cfg.ny4Aw3'.
2017-09-12 22:26:05,562: pmgr.launching.0.child: pmgr.launching.0                : MainThread     : DEBUG   : {'agent_launch_method': 'APRUN',
 u'bridges': {u'agent_executing_queue': {u'bulk_size': 0,
                                         u'log_level': u'debug',
                                         u'stall_hwm': 1},
              u'agent_reschedule_pubsub': {u'bulk_size': 0,
                                           u'log_level': u'debug',
                                           u'stall_hwm': 1},
              u'agent_scheduling_queue': {u'bulk_size': 0,
                                          u'log_level': u'debug',
                                          u'stall_hwm': 1},
              u'agent_staging_input_queue': {u'bulk_size': 0,
                                             u'log_level': u'debug',
                                             u'stall_hwm': 1},
              u'agent_staging_output_queue': {u'bulk_size': 0,
                                              u'log_level': u'debug',
                                              u'stall_hwm': 1},
              u'agent_unschedule_pubsub': {u'bulk_size': 0,
                                           u'log_level': u'debug',
                                           u'stall_hwm': 1},
              u'control_pubsub': {u'bulk_size': 0,
                                  u'log_level': u'debug',
                                  u'stall_hwm': 1},
              u'log_pubsub': {u'bulk_size': 0,
                              u'log_level': u'debug',
                              u'stall_hwm': 1},
              u'state_pubsub': {u'bulk_size': 0,
                                u'log_level': u'debug',
                                u'stall_hwm': 1}},
 u'bulk_collection_size': 100,
 u'bulk_collection_time': 1.0,
 u'components': {u'AgentExecutingComponent': {u'count': 1},
                 u'AgentSchedulingComponent': {u'count': 1},
                 u'AgentStagingInputComponent': {u'count': 1},
                 u'AgentStagingOutputComponent': {u'count': 1},
                 u'UpdateWorker': {u'count': 1}},
 'cores': 256,
 'cores_per_node': 0,
 'cu_post_exec': None,
 'cu_pre_exec': None,
 'cu_tmp': None,
 u'db_poll_sleeptime': 1.0,
 'dburl': 'mongodb://jdakka:jdakka@ds151993.mlab.com:51993/entk-testing',
 'debug': 10,
 'export_to_cu': None,
 'logdir': '.',
 'lrms': 'TORQUE',
 u'max_io_loglength': 1024,
 u'mode': u'shared',
 'mpi_launch_method': 'APRUN',
 'owner': 'agent_0',
 'pilot_id': 'pilot.0000',
 'pilot_sandbox': '/scratch/sciteam/dakka/radical.pilot.sandbox/rp.session.two.jdakka.017421.0000/pilot.0000/',
 'resource_cfg': {'agent_launch_method': 'APRUN',
                  'agent_scheduler': 'CONTINUOUS',
                  'agent_spawner': 'POPEN',
                  'default_queue': 'normal',
                  'default_remote_workdir': '/scratch/sciteam/$USER',
                  'description': 'The NCSA Blue Waters Cray XE6/XK7 system (https://bluewaters.ncsa.illinois.edu/)',
                  'filesystem_endpoint': 'gsisftp://bw.ncsa.illinois.edu/',
                  'gsissh': {'filesystem_endpoint': 'gsisftp://bw.ncsa.illinois.edu/',
                             'job_manager_endpoint': 'torque+gsissh://bw.ncsa.illinois.edu'},
                  'job_manager_endpoint': 'torque+gsissh://bw.ncsa.illinois.edu',
                  'label': 'ncsa.bw_aprun',
                  'lrms': 'TORQUE',
                  'mpi_launch_method': 'APRUN',
                  'notes': "Running 'touch .hushlogin' on the login node will reduce the likelihood of prompt detection issues.",
                  'pre_bootstrap_1': ['module switch PrgEnv-cray PrgEnv-gnu',
                                      'module load bwpy'],
                  'python_dist': 'default',
                  'rp_version': 'local',
                  'schemas': ['gsissh'],
                  'stage_cacerts': 'True',
                  'task_launch_method': 'APRUN',
                  'valid_roots': ['/scratch/sciteam'],
                  'virtenv_mode': 'create'},
 'resource_sandbox': '/scratch/sciteam/dakka/radical.pilot.sandbox',
 'runtime': 1440,
 'scheduler': 'CONTINUOUS',
 'session_id': 'rp.session.two.jdakka.017421.0000',
 'session_sandbox': '/scratch/sciteam/dakka/radical.pilot.sandbox/rp.session.two.jdakka.017421.0000',
 'spawner': 'POPEN',
 u'staging_area': u'staging_area',
 u'staging_schema': u'staging',
 u'target': u'local',
 'task_launch_method': 'APRUN'}
2017-09-12 22:26:05,593: pmgr.launching.0.child: pmgr.launching.0                : MainThread     : DEBUG   : use bootstrapper /home/jdakka/UCL/namd_devel_workload/venv/local/lib/python2.7/site-packages/radical/pilot/agent/bootstrap_1.sh
2017-09-12 22:26:05,593: pmgr.launching.0.child: pmgr.launching.0                : MainThread     : DEBUG   : use CAs /home/jdakka/UCL/namd_devel_workload/venv/local/lib/python2.7/site-packages/radical/pilot/agent/cacert.pem.gz
2017-09-12 22:26:05,594: pmgr.launching.0.child: pmgr.launching.0                : MainThread     : DEBUG   : Bootstrap command line: /bin/bash ['-l /scratch/sciteam/dakka/radical.pilot.sandbox/rp.session.two.jdakka.017421.0000/bootstrap_1.sh', " -d 'radical.utils-0.47-v0.46-10-gc515db1-devel.tar.gz:saga-python-0.47-v0.46-2-ga48f5f0c-devel.tar.gz:radical.pilot-0.47-v0.46.2-4-g7e7e2855-devel.tar.gz' -p 'pilot.0000' -s 'rp.session.two.jdakka.017421.0000' -m 'create' -r 'local' -b 'default' -g 'default' -v '/scratch/sciteam/dakka/radical.pilot.sandbox/ve.ncsa.bw_aprun.0.47' -y '1440' -e 'module switch PrgEnv-cray PrgEnv-gnu' -e 'module load bwpy'"]
2017-09-12 22:26:05,594: pmgr.launching.0.child: pmgr.launching.0                : MainThread     : DEBUG   : cmd: cd /tmp/rp_agent_tar_dirAtOv8I && tar zchf /tmp/rp_agent_tar_dirAtOv8I/rp.session.two.jdakka.017421.0000.pmgr.launching.0.child.tgz *
2017-09-12 22:26:05,637: pmgr.launching.0.child: pmgr.launching.0                : MainThread     : DEBUG   : out: 
2017-09-12 22:26:05,637: pmgr.launching.0.child: pmgr.launching.0                : MainThread     : DEBUG   : rs.file.Directory ('gsisftp://bw.ncsa.illinois.edu/')
2017-09-12 22:26:19,662: pmgr.launching.0.child: pmgr.launching.0                : MainThread     : DEBUG   : tar cmd : tar zmxvf /scratch/sciteam/dakka/radical.pilot.sandbox/rp.session.two.jdakka.017421.0000/rp.session.two.jdakka.017421.0000.pmgr.launching.0.child.tgz -C /scratch/sciteam/dakka/radical.pilot.sandbox/rp.session.two.jdakka.017421.0000
2017-09-12 22:26:20,103: pmgr.launching.0.child: pmgr.launching.0                : MainThread     : DEBUG   : tar done: Done, bootstrap_1.sh
cacert.pem.gz
pilot.0000/
pilot.0000/agent_0.cfg
pilot.0000/pilot.0000.prof.tgz
pilot.0000/pilot.0000.log.tgz
radical.pilot-0.47-v0.46.2-4-g7e7e2855-devel.tar.gz
radical.utils-0.47-v0.46-10-gc515db1-devel.tar.gz
saga-python-0.47-v0.46-2-ga48f5f0c-devel.tar.gz
, 
2017-09-12 22:26:26,431: pmgr.launching.0.child: pmgr.launching.0                : MainThread     : DEBUG   : jd: {'Arguments': ['-l /scratch/sciteam/dakka/radical.pilot.sandbox/rp.session.two.jdakka.017421.0000/bootstrap_1.sh',
               " -d 'radical.utils-0.47-v0.46-10-gc515db1-devel.tar.gz:saga-python-0.47-v0.46-2-ga48f5f0c-devel.tar.gz:radical.pilot-0.47-v0.46.2-4-g7e7e2855-devel.tar.gz' -p 'pilot.0000' -s 'rp.session.two.jdakka.017421.0000' -m 'create' -r 'local' -b 'default' -g 'default' -v '/scratch/sciteam/dakka/radical.pilot.sandbox/ve.ncsa.bw_aprun.0.47' -y '1440' -e 'module switch PrgEnv-cray PrgEnv-gnu' -e 'module load bwpy'"],
 'CandidateHosts': None,
 'Environment': {'RADICAL_PILOT_PROFILE': 'TRUE'},
 'Error': 'bootstrap_1.err',
 'Executable': '/bin/bash',
 'FileTransfer': [],
 'Name': 'pilot.0000',
 'Output': 'bootstrap_1.out',
 'ProcessesPerHost': 0,
 'Project': 'bamm',
 'Queue': 'high',
 'SPMDVariation': None,
 'TotalCPUCount': 256,
 'TotalPhysicalMemory': None,
 'WallTimeLimit': 1440,
 'WorkingDirectory': '/scratch/sciteam/dakka/radical.pilot.sandbox/rp.session.two.jdakka.017421.0000/pilot.0000/'}
2017-09-12 22:26:28,010: pmgr.launching.0.child: pmgr.launching.0                : MainThread     : DEBUG   : pilot job: pilot.0000 : [torque+gsissh://bw.ncsa.illinois.edu]-[7459604] : pilot.0000 : Pending
2017-09-12 22:26:28,010: pmgr.launching.0.child: pmgr.launching.0                : MainThread     : DEBUG   : advance bulk size: 1 [False, True]
2017-09-12 22:26:28,010: pmgr.launching.0.child: pmgr.launching.0                : MainThread     : DEBUG   : advance bulk: pilot.0000 [1]
2017-09-12 22:40:58,114: pmgr.launching.0.child: pmgr.launching.0                : pmgr.launching.0.child.subscriber._pmgr_control_cb: DEBUG   : launcher got {'cmd': 'add_pilots', 'arg': {'pilots': [{'resource_sandbox': 'gsisftp://bw.ncsa.illinois.edu/scratch/sciteam/dakka/radical.pilot.sandbox', 'resource_details': {'lm_detail': None, 'lm_info': None}, 'resource': 'ncsa.bw_aprun', 'description': {'queue': 'high', 'resource': 'ncsa.bw_aprun', 'exit_on_error': False, 'candidate_hosts': None, 'project': 'bamm', 'sandbox': None, 'cleanup': None, 'access_schema': 'gsissh', 'memory': None, 'cores': 256, 'runtime': 1440}, 'pmgr': 'pmgr.0000', 'stdout': None, 'state': 'PMGR_ACTIVE', 'sandbox': 'gsisftp://bw.ncsa.illinois.edu/scratch/sciteam/dakka/radical.pilot.sandbox/rp.session.two.jdakka.017421.0000/pilot.0000/', 'session': 'rp.session.two.jdakka.017421.0000', 'log': None, 'stderr': None, 'client_sandbox': '/home/jdakka/UCL/GB-SC18/scripts', 'type': 'pilot', 'pilot_sandbox': 'gsisftp://bw.ncsa.illinois.edu/scratch/sciteam/dakka/radical.pilot.sandbox/rp.session.two.jdakka.017421.0000/pilot.0000/', 'uid': 'pilot.0000'}], 'umgr': 'umgr.0000'}}
2017-09-13 08:17:43,130: pmgr.launching.0.child: pmgr.launching.0                : pmgr.launching.0.child.subscriber._pmgr_control_cb: DEBUG   : launcher got {'cmd': 'cancel_pilots', 'arg': {'uids': ['pilot.0000'], 'pmgr': 'pmgr.0000'}}
2017-09-13 08:17:43,131: pmgr.launching.0.child: pmgr.launching.0                : pmgr.launching.0.child.subscriber._pmgr_control_cb: INFO    : received pilot_cancel command (['pilot.0000'])
2017-09-13 08:18:13,896: pmgr.launching.0.child: pmgr.launching.0                : pmgr.launching.0.child.idler._pilot_watcher_cb: DEBUG   : advance bulk size: 1 [False, True]
2017-09-13 08:18:13,897: pmgr.launching.0.child: pmgr.launching.0                : pmgr.launching.0.child.idler._pilot_watcher_cb: DEBUG   : advance bulk: pilot.0000 [1]
2017-09-13 08:18:13,950: pmgr.launching.0.child: pmgr.launching.0                : pmgr.launching.0.child.subscriber._pmgr_control_cb: DEBUG   : launcher got {'cmd': 'cancel_pilots', 'arg': {'uids': ['pilot.0000'], 'pmgr': 'pmgr.0000'}}
2017-09-13 08:18:13,950: pmgr.launching.0.child: pmgr.launching.0                : pmgr.launching.0.child.subscriber._pmgr_control_cb: INFO    : received pilot_cancel command (['pilot.0000'])
