2017-09-10 19:37:45,353: rp.session.two.vivek.017419.0001: MainProcess                     : MainThread     : INFO    : python.interpreter   version: 2.7.12 (default, Nov 19 2016, 06:48:10) [GCC 5.4.0 20160609]
2017-09-10 19:37:45,353: rp.session.two.vivek.017419.0001: MainProcess                     : MainThread     : INFO    :                      pid: 12330
2017-09-10 19:37:45,353: rp.session.two.vivek.017419.0001: MainProcess                     : MainThread     : INFO    :                      tid: MainThread
2017-09-10 19:37:45,353: rp.session.two.vivek.017419.0001: MainProcess                     : MainThread     : INFO    : radical.pilot        version: 0.47-v0.46-3-g0f79ca80@devel
2017-09-10 19:37:45,353: rp.session.two.vivek.017419.0001: MainProcess                     : MainThread     : INFO    : using database mongodb://user:user@ds129434.mlab.com:29434/test-htbac
2017-09-10 19:37:45,362: rp.session.two.vivek.017419.0001: MainProcess                     : MainThread     : INFO    : Load resource configurations from /home/vivek/ves/test-htbac/local/lib/python2.7/site-packages/radical/pilot/configs/resource_fub.json
2017-09-10 19:37:45,364: rp.session.two.vivek.017419.0001: MainProcess                     : MainThread     : INFO    : Load resource configurations for fub.allegro_rsh
2017-09-10 19:37:45,364: rp.session.two.vivek.017419.0001: MainProcess                     : MainThread     : INFO    : Load resource configurations from /home/vivek/ves/test-htbac/local/lib/python2.7/site-packages/radical/pilot/configs/resource_yale.json
2017-09-10 19:37:45,366: rp.session.two.vivek.017419.0001: MainProcess                     : MainThread     : INFO    : Load resource configurations for yale.grace_ssh
2017-09-10 19:37:45,366: rp.session.two.vivek.017419.0001: MainProcess                     : MainThread     : INFO    : Load resource configurations from /home/vivek/ves/test-htbac/local/lib/python2.7/site-packages/radical/pilot/configs/resource_stfc.json
2017-09-10 19:37:45,368: rp.session.two.vivek.017419.0001: MainProcess                     : MainThread     : INFO    : Load resource configurations for stfc.joule_runjob
2017-09-10 19:37:45,369: rp.session.two.vivek.017419.0001: MainProcess                     : MainThread     : INFO    : Load resource configurations from /home/vivek/ves/test-htbac/local/lib/python2.7/site-packages/radical/pilot/configs/resource_osg.json
2017-09-10 19:37:45,374: rp.session.two.vivek.017419.0001: MainProcess                     : MainThread     : INFO    : Load resource configurations for osg.xsede-virt-clust
2017-09-10 19:37:45,374: rp.session.two.vivek.017419.0001: MainProcess                     : MainThread     : INFO    : Load resource configurations for osg.connect
2017-09-10 19:37:45,375: rp.session.two.vivek.017419.0001: MainProcess                     : MainThread     : INFO    : Load resource configurations from /home/vivek/ves/test-htbac/local/lib/python2.7/site-packages/radical/pilot/configs/resource_xsede.json
2017-09-10 19:37:45,413: rp.session.two.vivek.017419.0001: MainProcess                     : MainThread     : INFO    : Load resource configurations for xsede.stampede2_ssh
2017-09-10 19:37:45,413: rp.session.two.vivek.017419.0001: MainProcess                     : MainThread     : INFO    : Load resource configurations for xsede.wrangler_spark
2017-09-10 19:37:45,413: rp.session.two.vivek.017419.0001: MainProcess                     : MainThread     : INFO    : Load resource configurations for xsede.stampede_yarn
2017-09-10 19:37:45,414: rp.session.two.vivek.017419.0001: MainProcess                     : MainThread     : INFO    : Load resource configurations for xsede.gordon_ssh
2017-09-10 19:37:45,414: rp.session.two.vivek.017419.0001: MainProcess                     : MainThread     : INFO    : Load resource configurations for xsede.stampede_ssh
2017-09-10 19:37:45,414: rp.session.two.vivek.017419.0001: MainProcess                     : MainThread     : INFO    : Load resource configurations for xsede.lonestar_ssh
2017-09-10 19:37:45,414: rp.session.two.vivek.017419.0001: MainProcess                     : MainThread     : INFO    : Load resource configurations for xsede.supermic_spark
2017-09-10 19:37:45,415: rp.session.two.vivek.017419.0001: MainProcess                     : MainThread     : INFO    : Load resource configurations for xsede.wrangler_ssh
2017-09-10 19:37:45,415: rp.session.two.vivek.017419.0001: MainProcess                     : MainThread     : INFO    : Load resource configurations for xsede.wrangler_yarn
2017-09-10 19:37:45,415: rp.session.two.vivek.017419.0001: MainProcess                     : MainThread     : INFO    : Load resource configurations for xsede.bridges
2017-09-10 19:37:45,415: rp.session.two.vivek.017419.0001: MainProcess                     : MainThread     : INFO    : Load resource configurations for xsede.supermic_ssh
2017-09-10 19:37:45,416: rp.session.two.vivek.017419.0001: MainProcess                     : MainThread     : INFO    : Load resource configurations for xsede.stampede_orte
2017-09-10 19:37:45,416: rp.session.two.vivek.017419.0001: MainProcess                     : MainThread     : INFO    : Load resource configurations for xsede.greenfield
2017-09-10 19:37:45,416: rp.session.two.vivek.017419.0001: MainProcess                     : MainThread     : INFO    : Load resource configurations for xsede.comet_spark
2017-09-10 19:37:45,416: rp.session.two.vivek.017419.0001: MainProcess                     : MainThread     : INFO    : Load resource configurations for xsede.trestles_ssh
2017-09-10 19:37:45,417: rp.session.two.vivek.017419.0001: MainProcess                     : MainThread     : INFO    : Load resource configurations for xsede.comet_ssh
2017-09-10 19:37:45,417: rp.session.two.vivek.017419.0001: MainProcess                     : MainThread     : INFO    : Load resource configurations for xsede.stampede_spark
2017-09-10 19:37:45,417: rp.session.two.vivek.017419.0001: MainProcess                     : MainThread     : INFO    : Load resource configurations for xsede.comet_orte
2017-09-10 19:37:45,417: rp.session.two.vivek.017419.0001: MainProcess                     : MainThread     : INFO    : Load resource configurations for xsede.comet_ortelib
2017-09-10 19:37:45,417: rp.session.two.vivek.017419.0001: MainProcess                     : MainThread     : INFO    : Load resource configurations for xsede.blacklight_ssh
2017-09-10 19:37:45,418: rp.session.two.vivek.017419.0001: MainProcess                     : MainThread     : INFO    : Load resource configurations for xsede.stampede_ortelib
2017-09-10 19:37:45,418: rp.session.two.vivek.017419.0001: MainProcess                     : MainThread     : INFO    : Load resource configurations from /home/vivek/ves/test-htbac/local/lib/python2.7/site-packages/radical/pilot/configs/resource_nersc.json
2017-09-10 19:37:45,423: rp.session.two.vivek.017419.0001: MainProcess                     : MainThread     : INFO    : Load resource configurations for nersc.edison_ccm_ssh
2017-09-10 19:37:45,424: rp.session.two.vivek.017419.0001: MainProcess                     : MainThread     : INFO    : Load resource configurations for nersc.hopper_orte
2017-09-10 19:37:45,424: rp.session.two.vivek.017419.0001: MainProcess                     : MainThread     : INFO    : Load resource configurations for nersc.hopper_ccm_ssh
2017-09-10 19:37:45,424: rp.session.two.vivek.017419.0001: MainProcess                     : MainThread     : INFO    : Load resource configurations for nersc.edison_aprun
2017-09-10 19:37:45,424: rp.session.two.vivek.017419.0001: MainProcess                     : MainThread     : INFO    : Load resource configurations for nersc.hopper_aprun
2017-09-10 19:37:45,424: rp.session.two.vivek.017419.0001: MainProcess                     : MainThread     : INFO    : Load resource configurations for nersc.edison_orte
2017-09-10 19:37:45,425: rp.session.two.vivek.017419.0001: MainProcess                     : MainThread     : INFO    : Load resource configurations from /home/vivek/ves/test-htbac/local/lib/python2.7/site-packages/radical/pilot/configs/resource_lrz.json
2017-09-10 19:37:45,425: rp.session.two.vivek.017419.0001: MainProcess                     : MainThread     : INFO    : Load resource configurations for lrz.supermuc_ssh
2017-09-10 19:37:45,426: rp.session.two.vivek.017419.0001: MainProcess                     : MainThread     : INFO    : Load resource configurations from /home/vivek/ves/test-htbac/local/lib/python2.7/site-packages/radical/pilot/configs/resource_epsrc.json
2017-09-10 19:37:45,427: rp.session.two.vivek.017419.0001: MainProcess                     : MainThread     : INFO    : Load resource configurations for epsrc.archer_orte
2017-09-10 19:37:45,428: rp.session.two.vivek.017419.0001: MainProcess                     : MainThread     : INFO    : Load resource configurations for epsrc.archer_aprun
2017-09-10 19:37:45,428: rp.session.two.vivek.017419.0001: MainProcess                     : MainThread     : INFO    : Load resource configurations from /home/vivek/ves/test-htbac/local/lib/python2.7/site-packages/radical/pilot/configs/resource_ncsa.json
2017-09-10 19:37:45,432: rp.session.two.vivek.017419.0001: MainProcess                     : MainThread     : INFO    : Load resource configurations for ncsa.bw_orte
2017-09-10 19:37:45,432: rp.session.two.vivek.017419.0001: MainProcess                     : MainThread     : INFO    : Load resource configurations for ncsa.bw_ccm_ssh
2017-09-10 19:37:45,432: rp.session.two.vivek.017419.0001: MainProcess                     : MainThread     : INFO    : Load resource configurations for ncsa.bw_ortelib
2017-09-10 19:37:45,432: rp.session.two.vivek.017419.0001: MainProcess                     : MainThread     : INFO    : Load resource configurations for ncsa.bw_aprun
2017-09-10 19:37:45,432: rp.session.two.vivek.017419.0001: MainProcess                     : MainThread     : INFO    : Load resource configurations for ncsa.bw_local_orte
2017-09-10 19:37:45,433: rp.session.two.vivek.017419.0001: MainProcess                     : MainThread     : INFO    : Load resource configurations from /home/vivek/ves/test-htbac/local/lib/python2.7/site-packages/radical/pilot/configs/resource_lumc.json
2017-09-10 19:37:45,434: rp.session.two.vivek.017419.0001: MainProcess                     : MainThread     : INFO    : Load resource configurations for lumc.gb-ui_ssh
2017-09-10 19:37:45,434: rp.session.two.vivek.017419.0001: MainProcess                     : MainThread     : INFO    : Load resource configurations for lumc.shark_ssh
2017-09-10 19:37:45,435: rp.session.two.vivek.017419.0001: MainProcess                     : MainThread     : INFO    : Load resource configurations from /home/vivek/ves/test-htbac/local/lib/python2.7/site-packages/radical/pilot/configs/resource_das4.json
2017-09-10 19:37:45,435: rp.session.two.vivek.017419.0001: MainProcess                     : MainThread     : INFO    : Load resource configurations for das4.fs2_ssh
2017-09-10 19:37:45,436: rp.session.two.vivek.017419.0001: MainProcess                     : MainThread     : INFO    : Load resource configurations from /home/vivek/ves/test-htbac/local/lib/python2.7/site-packages/radical/pilot/configs/resource_aliases.json
2017-09-10 19:37:45,436: rp.session.two.vivek.017419.0001: MainProcess                     : MainThread     : INFO    : Load resource configurations from /home/vivek/ves/test-htbac/local/lib/python2.7/site-packages/radical/pilot/configs/resource_futuregrid.json
2017-09-10 19:37:45,440: rp.session.two.vivek.017419.0001: MainProcess                     : MainThread     : INFO    : Load resource configurations for futuregrid.delta_ssh
2017-09-10 19:37:45,440: rp.session.two.vivek.017419.0001: MainProcess                     : MainThread     : INFO    : Load resource configurations for futuregrid.india_ssh
2017-09-10 19:37:45,440: rp.session.two.vivek.017419.0001: MainProcess                     : MainThread     : INFO    : Load resource configurations for futuregrid.echo_ssh
2017-09-10 19:37:45,440: rp.session.two.vivek.017419.0001: MainProcess                     : MainThread     : INFO    : Load resource configurations for futuregrid.xray_ccm
2017-09-10 19:37:45,440: rp.session.two.vivek.017419.0001: MainProcess                     : MainThread     : INFO    : Load resource configurations for futuregrid.bravo_ssh
2017-09-10 19:37:45,440: rp.session.two.vivek.017419.0001: MainProcess                     : MainThread     : INFO    : Load resource configurations for futuregrid.xray_aprun
2017-09-10 19:37:45,441: rp.session.two.vivek.017419.0001: MainProcess                     : MainThread     : INFO    : Load resource configurations from /home/vivek/ves/test-htbac/local/lib/python2.7/site-packages/radical/pilot/configs/resource_ornl.json
2017-09-10 19:37:45,443: rp.session.two.vivek.017419.0001: MainProcess                     : MainThread     : INFO    : Load resource configurations for ornl.titan_orte
2017-09-10 19:37:45,443: rp.session.two.vivek.017419.0001: MainProcess                     : MainThread     : INFO    : Load resource configurations for ornl.titan_aprun
2017-09-10 19:37:45,444: rp.session.two.vivek.017419.0001: MainProcess                     : MainThread     : INFO    : Load resource configurations for ornl.titan_ortelib
2017-09-10 19:37:45,444: rp.session.two.vivek.017419.0001: MainProcess                     : MainThread     : INFO    : Load resource configurations from /home/vivek/ves/test-htbac/local/lib/python2.7/site-packages/radical/pilot/configs/resource_chameleon.json
2017-09-10 19:37:45,444: rp.session.two.vivek.017419.0001: MainProcess                     : MainThread     : INFO    : Load resource configurations for chameleon.cloud_vm_yarn
2017-09-10 19:37:45,445: rp.session.two.vivek.017419.0001: MainProcess                     : MainThread     : INFO    : Load resource configurations from /home/vivek/ves/test-htbac/local/lib/python2.7/site-packages/radical/pilot/configs/resource_iu.json
2017-09-10 19:37:45,446: rp.session.two.vivek.017419.0001: MainProcess                     : MainThread     : INFO    : Load resource configurations for iu.bigred2_ccm_ssh
2017-09-10 19:37:45,446: rp.session.two.vivek.017419.0001: MainProcess                     : MainThread     : INFO    : Load resource configurations for iu.bigred2_aprun
2017-09-10 19:37:45,446: rp.session.two.vivek.017419.0001: MainProcess                     : MainThread     : INFO    : Load resource configurations from /home/vivek/ves/test-htbac/local/lib/python2.7/site-packages/radical/pilot/configs/resource_local.json
2017-09-10 19:37:45,451: rp.session.two.vivek.017419.0001: MainProcess                     : MainThread     : INFO    : Load resource configurations for local.localhost_orte
2017-09-10 19:37:45,451: rp.session.two.vivek.017419.0001: MainProcess                     : MainThread     : INFO    : Load resource configurations for local.localhost_anaconda
2017-09-10 19:37:45,451: rp.session.two.vivek.017419.0001: MainProcess                     : MainThread     : INFO    : Load resource configurations for local.localhost_ortelib
2017-09-10 19:37:45,451: rp.session.two.vivek.017419.0001: MainProcess                     : MainThread     : INFO    : Load resource configurations for local.localhost
2017-09-10 19:37:45,451: rp.session.two.vivek.017419.0001: MainProcess                     : MainThread     : INFO    : Load resource configurations for local.localhost_spark
2017-09-10 19:37:45,452: rp.session.two.vivek.017419.0001: MainProcess                     : MainThread     : INFO    : Load resource configurations for local.localhost_spark_anaconda
2017-09-10 19:37:45,452: rp.session.two.vivek.017419.0001: MainProcess                     : MainThread     : INFO    : Load resource configurations for local.localhost_yarn
2017-09-10 19:37:45,452: rp.session.two.vivek.017419.0001: MainProcess                     : MainThread     : INFO    : Load resource configurations from /home/vivek/ves/test-htbac/local/lib/python2.7/site-packages/radical/pilot/configs/resource_radical.json
2017-09-10 19:37:45,454: rp.session.two.vivek.017419.0001: MainProcess                     : MainThread     : INFO    : Load resource configurations for radical.two
2017-09-10 19:37:45,454: rp.session.two.vivek.017419.0001: MainProcess                     : MainThread     : INFO    : Load resource configurations for radical.tutorial
2017-09-10 19:37:45,454: rp.session.two.vivek.017419.0001: MainProcess                     : MainThread     : INFO    : Load resource configurations for radical.one
2017-09-10 19:37:45,455: rp.session.two.vivek.017419.0001: MainProcess                     : MainThread     : INFO    : Load resource configurations from /home/vivek/ves/test-htbac/local/lib/python2.7/site-packages/radical/pilot/configs/resource_ncar.json
2017-09-10 19:37:45,455: rp.session.two.vivek.017419.0001: MainProcess                     : MainThread     : INFO    : Load resource configurations for ncar.yellowstone_ssh
2017-09-10 19:37:45,456: rp.session.two.vivek.017419.0001: MainProcess                     : MainThread     : INFO    : Load resource configurations from /home/vivek/ves/test-htbac/local/lib/python2.7/site-packages/radical/pilot/configs/resource_rice.json
2017-09-10 19:37:45,457: rp.session.two.vivek.017419.0001: MainProcess                     : MainThread     : INFO    : Load resource configurations for rice.davinci_ssh
2017-09-10 19:37:45,457: rp.session.two.vivek.017419.0001: MainProcess                     : MainThread     : INFO    : Load resource configurations for rice.biou_ssh
2017-09-10 19:37:45,457: rp.session.two.vivek.017419.0001: MainProcess                     : MainThread     : INFO    : Load resource configurations from /home/vivek/ves/test-htbac/local/lib/python2.7/site-packages/radical/pilot/configs/resource_das5.json
2017-09-10 19:37:45,458: rp.session.two.vivek.017419.0001: MainProcess                     : MainThread     : INFO    : Load resource configurations for das5.fs1_ssh
2017-09-10 19:37:46,575: rp.session.two.vivek.017419.0001: MainProcess                     : MainThread     : INFO    : New Session created: rp.session.two.vivek.017419.0001.
2017-09-10 19:37:46,576: rp.session.two.vivek.017419.0001: MainProcess                     : MainThread     : DEBUG   : start bridges   : {u'control_pubsub': {u'bulk_size': 0, u'log_level': u'debug', u'stall_hwm': 1},
 u'log_pubsub': {u'bulk_size': 0, u'log_level': u'debug', u'stall_hwm': 1},
 u'state_pubsub': {u'bulk_size': 0, u'log_level': u'debug', u'stall_hwm': 1}}
2017-09-10 19:37:46,576: rp.session.two.vivek.017419.0001: MainProcess                     : MainThread     : INFO    : create bridge control_pubsub
2017-09-10 19:37:46,591: rp.session.two.vivek.017419.0001: MainProcess                     : MainThread     : INFO    : created bridge control_pubsub (control.pubsub.bridge.0000)
2017-09-10 19:37:46,591: rp.session.two.vivek.017419.0001: MainProcess                     : MainThread     : INFO    : create bridge state_pubsub
2017-09-10 19:37:46,603: rp.session.two.vivek.017419.0001: MainProcess                     : MainThread     : INFO    : created bridge state_pubsub (state.pubsub.bridge.0000)
2017-09-10 19:37:46,603: rp.session.two.vivek.017419.0001: MainProcess                     : MainThread     : INFO    : create bridge log_pubsub
2017-09-10 19:37:46,614: rp.session.two.vivek.017419.0001: MainProcess                     : MainThread     : INFO    : created bridge log_pubsub (log.pubsub.bridge.0000)
2017-09-10 19:37:46,614: rp.session.two.vivek.017419.0001: MainProcess                     : MainThread     : DEBUG   : start components: {u'UpdateWorker': {u'count': 1}}
2017-09-10 19:37:46,614: rp.session.two.vivek.017419.0001: MainProcess                     : MainThread     : DEBUG   : start 1 component(s) UpdateWorker
2017-09-10 19:37:47,202: rp.session.two.vivek.017419.0001: MainProcess                     : MainThread     : INFO    : rp.session.two.vivek.017419.0001 starts update.0
2017-09-10 19:37:47,528: rp.session.two.vivek.017419.0001: MainProcess                     : MainThread     : DEBUG   : rsup.PTYShell('gsissh://bw.ncsa.illinois.edu')
2017-09-10 19:37:52,926: rp.session.two.vivek.017419.0001: MainProcess                     : MainThread     : DEBUG   : sandbox base gsissh://bw.ncsa.illinois.edu: '/scratch/sciteam/balasubr'
2017-09-10 19:37:53,132: rp.session.two.vivek.017419.0001: MainProcess                     : MainThread     : DEBUG   : bulk pilot insert result: {'nModified': 0, 'nUpserted': 0, 'nMatched': 0, 'writeErrors': [], 'upserted': [], 'writeConcernErrors': [], 'nRemoved': 0, 'nInserted': 1}
2017-09-10 19:37:53,142: rp.session.two.vivek.017419.0001: pmgr.launching.0                : MainThread     : DEBUG   : rsup.PTYShell('gsissh://bw.ncsa.illinois.edu')
2017-09-10 19:37:58,360: rp.session.two.vivek.017419.0001: pmgr.launching.0                : MainThread     : DEBUG   : sandbox base gsissh://bw.ncsa.illinois.edu: '/scratch/sciteam/balasubr'
2017-09-10 19:46:09,031: rp.session.two.vivek.017419.0001: task-manager                    : MainThread     : DEBUG   : bulk unit insert result: {'nModified': 0, 'nUpserted': 0, 'nMatched': 0, 'writeErrors': [], 'upserted': [], 'writeConcernErrors': [], 'nRemoved': 0, 'nInserted': 1}
2017-09-10 19:46:09,143: rp.session.two.vivek.017419.0001: task-manager                    : MainThread     : DEBUG   : bulk unit insert result: {'nModified': 0, 'nUpserted': 0, 'nMatched': 0, 'writeErrors': [], 'upserted': [], 'writeConcernErrors': [], 'nRemoved': 0, 'nInserted': 1}
2017-09-10 19:46:09,258: rp.session.two.vivek.017419.0001: task-manager                    : MainThread     : DEBUG   : bulk unit insert result: {'nModified': 0, 'nUpserted': 0, 'nMatched': 0, 'writeErrors': [], 'upserted': [], 'writeConcernErrors': [], 'nRemoved': 0, 'nInserted': 1}
2017-09-10 19:46:09,368: rp.session.two.vivek.017419.0001: task-manager                    : MainThread     : DEBUG   : bulk unit insert result: {'nModified': 0, 'nUpserted': 0, 'nMatched': 0, 'writeErrors': [], 'upserted': [], 'writeConcernErrors': [], 'nRemoved': 0, 'nInserted': 1}
2017-09-10 19:46:09,478: rp.session.two.vivek.017419.0001: task-manager                    : MainThread     : DEBUG   : bulk unit insert result: {'nModified': 0, 'nUpserted': 0, 'nMatched': 0, 'writeErrors': [], 'upserted': [], 'writeConcernErrors': [], 'nRemoved': 0, 'nInserted': 1}
2017-09-10 19:46:09,589: rp.session.two.vivek.017419.0001: task-manager                    : MainThread     : DEBUG   : bulk unit insert result: {'nModified': 0, 'nUpserted': 0, 'nMatched': 0, 'writeErrors': [], 'upserted': [], 'writeConcernErrors': [], 'nRemoved': 0, 'nInserted': 1}
2017-09-10 19:46:09,700: rp.session.two.vivek.017419.0001: task-manager                    : MainThread     : DEBUG   : bulk unit insert result: {'nModified': 0, 'nUpserted': 0, 'nMatched': 0, 'writeErrors': [], 'upserted': [], 'writeConcernErrors': [], 'nRemoved': 0, 'nInserted': 1}
2017-09-10 19:46:09,810: rp.session.two.vivek.017419.0001: task-manager                    : MainThread     : DEBUG   : bulk unit insert result: {'nModified': 0, 'nUpserted': 0, 'nMatched': 0, 'writeErrors': [], 'upserted': [], 'writeConcernErrors': [], 'nRemoved': 0, 'nInserted': 1}
2017-09-10 19:46:19,841: rp.session.two.vivek.017419.0001: task-manager                    : MainThread     : DEBUG   : bulk unit insert result: {'nModified': 0, 'nUpserted': 0, 'nMatched': 0, 'writeErrors': [], 'upserted': [], 'writeConcernErrors': [], 'nRemoved': 0, 'nInserted': 1}
2017-09-10 19:46:19,958: rp.session.two.vivek.017419.0001: task-manager                    : MainThread     : DEBUG   : bulk unit insert result: {'nModified': 0, 'nUpserted': 0, 'nMatched': 0, 'writeErrors': [], 'upserted': [], 'writeConcernErrors': [], 'nRemoved': 0, 'nInserted': 1}
2017-09-10 19:46:27,142: rp.session.two.vivek.017419.0001: task-manager                    : MainThread     : DEBUG   : bulk unit insert result: {'nModified': 0, 'nUpserted': 0, 'nMatched': 0, 'writeErrors': [], 'upserted': [], 'writeConcernErrors': [], 'nRemoved': 0, 'nInserted': 1}
2017-09-10 19:46:27,260: rp.session.two.vivek.017419.0001: task-manager                    : MainThread     : DEBUG   : bulk unit insert result: {'nModified': 0, 'nUpserted': 0, 'nMatched': 0, 'writeErrors': [], 'upserted': [], 'writeConcernErrors': [], 'nRemoved': 0, 'nInserted': 1}
2017-09-10 19:46:32,417: rp.session.two.vivek.017419.0001: task-manager                    : MainThread     : DEBUG   : bulk unit insert result: {'nModified': 0, 'nUpserted': 0, 'nMatched': 0, 'writeErrors': [], 'upserted': [], 'writeConcernErrors': [], 'nRemoved': 0, 'nInserted': 1}
2017-09-10 19:46:32,536: rp.session.two.vivek.017419.0001: task-manager                    : MainThread     : DEBUG   : bulk unit insert result: {'nModified': 0, 'nUpserted': 0, 'nMatched': 0, 'writeErrors': [], 'upserted': [], 'writeConcernErrors': [], 'nRemoved': 0, 'nInserted': 1}
2017-09-10 19:46:37,696: rp.session.two.vivek.017419.0001: task-manager                    : MainThread     : DEBUG   : bulk unit insert result: {'nModified': 0, 'nUpserted': 0, 'nMatched': 0, 'writeErrors': [], 'upserted': [], 'writeConcernErrors': [], 'nRemoved': 0, 'nInserted': 1}
2017-09-10 19:46:53,441: rp.session.two.vivek.017419.0001: task-manager                    : MainThread     : DEBUG   : bulk unit insert result: {'nModified': 0, 'nUpserted': 0, 'nMatched': 0, 'writeErrors': [], 'upserted': [], 'writeConcernErrors': [], 'nRemoved': 0, 'nInserted': 1}
2017-09-10 19:46:57,424: rp.session.two.vivek.017419.0001: task-manager                    : MainThread     : DEBUG   : bulk unit insert result: {'nModified': 0, 'nUpserted': 0, 'nMatched': 0, 'writeErrors': [], 'upserted': [], 'writeConcernErrors': [], 'nRemoved': 0, 'nInserted': 1}
2017-09-10 19:47:21,427: rp.session.two.vivek.017419.0001: task-manager                    : MainThread     : DEBUG   : bulk unit insert result: {'nModified': 0, 'nUpserted': 0, 'nMatched': 0, 'writeErrors': [], 'upserted': [], 'writeConcernErrors': [], 'nRemoved': 0, 'nInserted': 1}
2017-09-10 19:47:49,677: rp.session.two.vivek.017419.0001: task-manager                    : MainThread     : DEBUG   : bulk unit insert result: {'nModified': 0, 'nUpserted': 0, 'nMatched': 0, 'writeErrors': [], 'upserted': [], 'writeConcernErrors': [], 'nRemoved': 0, 'nInserted': 1}
2017-09-10 19:47:58,156: rp.session.two.vivek.017419.0001: task-manager                    : MainThread     : DEBUG   : bulk unit insert result: {'nModified': 0, 'nUpserted': 0, 'nMatched': 0, 'writeErrors': [], 'upserted': [], 'writeConcernErrors': [], 'nRemoved': 0, 'nInserted': 1}
2017-09-10 19:48:12,301: rp.session.two.vivek.017419.0001: task-manager                    : MainThread     : DEBUG   : bulk unit insert result: {'nModified': 0, 'nUpserted': 0, 'nMatched': 0, 'writeErrors': [], 'upserted': [], 'writeConcernErrors': [], 'nRemoved': 0, 'nInserted': 1}
2017-09-10 20:00:19,769: rp.session.two.vivek.017419.0001: task-manager                    : MainThread     : DEBUG   : bulk unit insert result: {'nModified': 0, 'nUpserted': 0, 'nMatched': 0, 'writeErrors': [], 'upserted': [], 'writeConcernErrors': [], 'nRemoved': 0, 'nInserted': 1}
2017-09-10 20:00:43,830: rp.session.two.vivek.017419.0001: task-manager                    : MainThread     : DEBUG   : bulk unit insert result: {'nModified': 0, 'nUpserted': 0, 'nMatched': 0, 'writeErrors': [], 'upserted': [], 'writeConcernErrors': [], 'nRemoved': 0, 'nInserted': 1}
2017-09-10 20:12:49,929: rp.session.two.vivek.017419.0001: task-manager                    : MainThread     : DEBUG   : bulk unit insert result: {'nModified': 0, 'nUpserted': 0, 'nMatched': 0, 'writeErrors': [], 'upserted': [], 'writeConcernErrors': [], 'nRemoved': 0, 'nInserted': 1}
2017-09-10 20:13:12,673: rp.session.two.vivek.017419.0001: task-manager                    : MainThread     : DEBUG   : bulk unit insert result: {'nModified': 0, 'nUpserted': 0, 'nMatched': 0, 'writeErrors': [], 'upserted': [], 'writeConcernErrors': [], 'nRemoved': 0, 'nInserted': 1}
2017-09-10 20:22:33,969: rp.session.two.vivek.017419.0001: task-manager                    : MainThread     : DEBUG   : bulk unit insert result: {'nModified': 0, 'nUpserted': 0, 'nMatched': 0, 'writeErrors': [], 'upserted': [], 'writeConcernErrors': [], 'nRemoved': 0, 'nInserted': 1}
2017-09-10 20:25:21,531: rp.session.two.vivek.017419.0001: task-manager                    : MainThread     : DEBUG   : bulk unit insert result: {'nModified': 0, 'nUpserted': 0, 'nMatched': 0, 'writeErrors': [], 'upserted': [], 'writeConcernErrors': [], 'nRemoved': 0, 'nInserted': 1}
2017-09-10 20:32:07,882: rp.session.two.vivek.017419.0001: task-manager                    : MainThread     : DEBUG   : bulk unit insert result: {'nModified': 0, 'nUpserted': 0, 'nMatched': 0, 'writeErrors': [], 'upserted': [], 'writeConcernErrors': [], 'nRemoved': 0, 'nInserted': 1}
2017-09-10 20:41:31,910: rp.session.two.vivek.017419.0001: task-manager                    : MainThread     : DEBUG   : bulk unit insert result: {'nModified': 0, 'nUpserted': 0, 'nMatched': 0, 'writeErrors': [], 'upserted': [], 'writeConcernErrors': [], 'nRemoved': 0, 'nInserted': 1}
2017-09-10 22:16:24,858: rp.session.two.vivek.017419.0001: task-manager                    : MainThread     : DEBUG   : bulk unit insert result: {'nModified': 0, 'nUpserted': 0, 'nMatched': 0, 'writeErrors': [], 'upserted': [], 'writeConcernErrors': [], 'nRemoved': 0, 'nInserted': 1}
2017-09-10 22:16:37,089: rp.session.two.vivek.017419.0001: task-manager                    : MainThread     : DEBUG   : bulk unit insert result: {'nModified': 0, 'nUpserted': 0, 'nMatched': 0, 'writeErrors': [], 'upserted': [], 'writeConcernErrors': [], 'nRemoved': 0, 'nInserted': 1}
2017-09-10 22:27:06,904: rp.session.two.vivek.017419.0001: task-manager                    : MainThread     : DEBUG   : bulk unit insert result: {'nModified': 0, 'nUpserted': 0, 'nMatched': 0, 'writeErrors': [], 'upserted': [], 'writeConcernErrors': [], 'nRemoved': 0, 'nInserted': 1}
2017-09-10 22:32:27,367: rp.session.two.vivek.017419.0001: task-manager                    : MainThread     : DEBUG   : bulk unit insert result: {'nModified': 0, 'nUpserted': 0, 'nMatched': 0, 'writeErrors': [], 'upserted': [], 'writeConcernErrors': [], 'nRemoved': 0, 'nInserted': 1}
2017-09-10 22:32:50,449: rp.session.two.vivek.017419.0001: task-manager                    : MainThread     : DEBUG   : bulk unit insert result: {'nModified': 0, 'nUpserted': 0, 'nMatched': 0, 'writeErrors': [], 'upserted': [], 'writeConcernErrors': [], 'nRemoved': 0, 'nInserted': 1}
2017-09-10 22:39:39,009: rp.session.two.vivek.017419.0001: task-manager                    : MainThread     : DEBUG   : bulk unit insert result: {'nModified': 0, 'nUpserted': 0, 'nMatched': 0, 'writeErrors': [], 'upserted': [], 'writeConcernErrors': [], 'nRemoved': 0, 'nInserted': 1}
2017-09-10 22:52:13,989: rp.session.two.vivek.017419.0001: task-manager                    : MainThread     : DEBUG   : bulk unit insert result: {'nModified': 0, 'nUpserted': 0, 'nMatched': 0, 'writeErrors': [], 'upserted': [], 'writeConcernErrors': [], 'nRemoved': 0, 'nInserted': 1}
2017-09-10 22:52:28,696: rp.session.two.vivek.017419.0001: task-manager                    : MainThread     : DEBUG   : bulk unit insert result: {'nModified': 0, 'nUpserted': 0, 'nMatched': 0, 'writeErrors': [], 'upserted': [], 'writeConcernErrors': [], 'nRemoved': 0, 'nInserted': 1}
2017-09-10 23:01:49,056: rp.session.two.vivek.017419.0001: task-manager                    : MainThread     : DEBUG   : bulk unit insert result: {'nModified': 0, 'nUpserted': 0, 'nMatched': 0, 'writeErrors': [], 'upserted': [], 'writeConcernErrors': [], 'nRemoved': 0, 'nInserted': 1}
2017-09-10 23:14:34,352: rp.session.two.vivek.017419.0001: task-manager                    : MainThread     : DEBUG   : bulk unit insert result: {'nModified': 0, 'nUpserted': 0, 'nMatched': 0, 'writeErrors': [], 'upserted': [], 'writeConcernErrors': [], 'nRemoved': 0, 'nInserted': 1}
2017-09-11 00:24:20,151: rp.session.two.vivek.017419.0001: task-manager                    : MainThread     : DEBUG   : bulk unit insert result: {'nModified': 0, 'nUpserted': 0, 'nMatched': 0, 'writeErrors': [], 'upserted': [], 'writeConcernErrors': [], 'nRemoved': 0, 'nInserted': 1}
2017-09-11 00:33:37,621: rp.session.two.vivek.017419.0001: task-manager                    : MainThread     : DEBUG   : bulk unit insert result: {'nModified': 0, 'nUpserted': 0, 'nMatched': 0, 'writeErrors': [], 'upserted': [], 'writeConcernErrors': [], 'nRemoved': 0, 'nInserted': 1}
2017-09-11 00:42:56,944: rp.session.two.vivek.017419.0001: task-manager                    : MainThread     : DEBUG   : bulk unit insert result: {'nModified': 0, 'nUpserted': 0, 'nMatched': 0, 'writeErrors': [], 'upserted': [], 'writeConcernErrors': [], 'nRemoved': 0, 'nInserted': 1}
2017-09-11 01:05:07,051: rp.session.two.vivek.017419.0001: task-manager                    : MainThread     : DEBUG   : bulk unit insert result: {'nModified': 0, 'nUpserted': 0, 'nMatched': 0, 'writeErrors': [], 'upserted': [], 'writeConcernErrors': [], 'nRemoved': 0, 'nInserted': 1}
2017-09-11 01:15:38,183: rp.session.two.vivek.017419.0001: task-manager                    : MainThread     : DEBUG   : bulk unit insert result: {'nModified': 0, 'nUpserted': 0, 'nMatched': 0, 'writeErrors': [], 'upserted': [], 'writeConcernErrors': [], 'nRemoved': 0, 'nInserted': 1}
2017-09-11 01:25:00,795: rp.session.two.vivek.017419.0001: task-manager                    : MainThread     : DEBUG   : bulk unit insert result: {'nModified': 0, 'nUpserted': 0, 'nMatched': 0, 'writeErrors': [], 'upserted': [], 'writeConcernErrors': [], 'nRemoved': 0, 'nInserted': 1}
2017-09-11 02:33:33,569: rp.session.two.vivek.017419.0001: task-manager                    : MainThread     : DEBUG   : bulk unit insert result: {'nModified': 0, 'nUpserted': 0, 'nMatched': 0, 'writeErrors': [], 'upserted': [], 'writeConcernErrors': [], 'nRemoved': 0, 'nInserted': 1}
2017-09-11 02:44:04,815: rp.session.two.vivek.017419.0001: task-manager                    : MainThread     : DEBUG   : bulk unit insert result: {'nModified': 0, 'nUpserted': 0, 'nMatched': 0, 'writeErrors': [], 'upserted': [], 'writeConcernErrors': [], 'nRemoved': 0, 'nInserted': 1}
2017-09-11 02:53:23,658: rp.session.two.vivek.017419.0001: task-manager                    : MainThread     : DEBUG   : bulk unit insert result: {'nModified': 0, 'nUpserted': 0, 'nMatched': 0, 'writeErrors': [], 'upserted': [], 'writeConcernErrors': [], 'nRemoved': 0, 'nInserted': 1}
2017-09-11 03:15:45,609: rp.session.two.vivek.017419.0001: task-manager                    : MainThread     : DEBUG   : bulk unit insert result: {'nModified': 0, 'nUpserted': 0, 'nMatched': 0, 'writeErrors': [], 'upserted': [], 'writeConcernErrors': [], 'nRemoved': 0, 'nInserted': 1}
2017-09-11 03:26:18,528: rp.session.two.vivek.017419.0001: task-manager                    : MainThread     : DEBUG   : bulk unit insert result: {'nModified': 0, 'nUpserted': 0, 'nMatched': 0, 'writeErrors': [], 'upserted': [], 'writeConcernErrors': [], 'nRemoved': 0, 'nInserted': 1}
2017-09-11 03:36:46,243: rp.session.two.vivek.017419.0001: task-manager                    : MainThread     : DEBUG   : bulk unit insert result: {'nModified': 0, 'nUpserted': 0, 'nMatched': 0, 'writeErrors': [], 'upserted': [], 'writeConcernErrors': [], 'nRemoved': 0, 'nInserted': 1}
2017-09-11 04:44:24,598: rp.session.two.vivek.017419.0001: task-manager                    : MainThread     : DEBUG   : bulk unit insert result: {'nModified': 0, 'nUpserted': 0, 'nMatched': 0, 'writeErrors': [], 'upserted': [], 'writeConcernErrors': [], 'nRemoved': 0, 'nInserted': 1}
2017-09-11 04:55:02,437: rp.session.two.vivek.017419.0001: task-manager                    : MainThread     : DEBUG   : bulk unit insert result: {'nModified': 0, 'nUpserted': 0, 'nMatched': 0, 'writeErrors': [], 'upserted': [], 'writeConcernErrors': [], 'nRemoved': 0, 'nInserted': 1}
2017-09-11 05:05:33,152: rp.session.two.vivek.017419.0001: task-manager                    : MainThread     : DEBUG   : bulk unit insert result: {'nModified': 0, 'nUpserted': 0, 'nMatched': 0, 'writeErrors': [], 'upserted': [], 'writeConcernErrors': [], 'nRemoved': 0, 'nInserted': 1}
2017-09-11 05:27:26,004: rp.session.two.vivek.017419.0001: task-manager                    : MainThread     : DEBUG   : bulk unit insert result: {'nModified': 0, 'nUpserted': 0, 'nMatched': 0, 'writeErrors': [], 'upserted': [], 'writeConcernErrors': [], 'nRemoved': 0, 'nInserted': 1}
2017-09-11 05:38:00,215: rp.session.two.vivek.017419.0001: task-manager                    : MainThread     : DEBUG   : bulk unit insert result: {'nModified': 0, 'nUpserted': 0, 'nMatched': 0, 'writeErrors': [], 'upserted': [], 'writeConcernErrors': [], 'nRemoved': 0, 'nInserted': 1}
2017-09-11 05:39:39,141: rp.session.two.vivek.017419.0001: MainProcess                     : MainThread     : DEBUG   : session rp.session.two.vivek.017419.0001 closing
2017-09-11 05:39:39,141: rp.session.two.vivek.017419.0001: MainProcess                     : MainThread     : DEBUG   : session rp.session.two.vivek.017419.0001 closes pmgr   pmgr.0000
2017-09-11 05:39:39,649: rp.session.two.vivek.017419.0001: MainProcess                     : MainThread     : DEBUG   : session rp.session.two.vivek.017419.0001 closed pmgr   pmgr.0000
2017-09-11 05:39:39,649: rp.session.two.vivek.017419.0001: MainProcess                     : MainThread     : DEBUG   : session rp.session.two.vivek.017419.0001 closes comp   update.0
2017-09-11 05:39:39,791: rp.session.two.vivek.017419.0001: MainProcess                     : MainThread     : DEBUG   : session rp.session.two.vivek.017419.0001 closed comp   update.0
2017-09-11 05:39:39,791: rp.session.two.vivek.017419.0001: MainProcess                     : MainThread     : DEBUG   : session rp.session.two.vivek.017419.0001 closes bridge control.pubsub.bridge.0000
2017-09-11 05:39:40,009: rp.session.two.vivek.017419.0001: MainProcess                     : MainThread     : DEBUG   : session rp.session.two.vivek.017419.0001 closed bridge control.pubsub.bridge.0000
2017-09-11 05:39:40,010: rp.session.two.vivek.017419.0001: MainProcess                     : MainThread     : DEBUG   : session rp.session.two.vivek.017419.0001 closes bridge state.pubsub.bridge.0000
2017-09-11 05:39:40,179: rp.session.two.vivek.017419.0001: MainProcess                     : MainThread     : DEBUG   : session rp.session.two.vivek.017419.0001 closed bridge state.pubsub.bridge.0000
2017-09-11 05:39:40,179: rp.session.two.vivek.017419.0001: MainProcess                     : MainThread     : DEBUG   : session rp.session.two.vivek.017419.0001 closes bridge log.pubsub.bridge.0000
2017-09-11 05:39:40,403: rp.session.two.vivek.017419.0001: MainProcess                     : MainThread     : DEBUG   : session rp.session.two.vivek.017419.0001 closed bridge log.pubsub.bridge.0000
2017-09-11 05:39:40,404: rp.session.two.vivek.017419.0001: MainProcess                     : MainThread     : DEBUG   : session rp.session.two.vivek.017419.0001 closes db (False)
2017-09-11 05:39:40,404: rp.session.two.vivek.017419.0001: MainProcess                     : MainThread     : DEBUG   : session rp.session.two.vivek.017419.0001 closed (delete=False)
