2017-09-10 19:46:06,127: umgr.staging.output.0.child: umgr.staging.output.0           : MainThread     : INFO    : python.interpreter   version: 2.7.12 (default, Nov 19 2016, 06:48:10) [GCC 5.4.0 20160609]
2017-09-10 19:46:06,127: umgr.staging.output.0.child: umgr.staging.output.0           : MainThread     : INFO    :                      pid: 14255
2017-09-10 19:46:06,128: umgr.staging.output.0.child: umgr.staging.output.0           : MainThread     : INFO    :                      tid: MainThread
2017-09-10 19:46:06,128: umgr.staging.output.0.child: umgr.staging.output.0           : MainThread     : INFO    : radical.pilot        version: 0.47-v0.46-3-g0f79ca80@devel
2017-09-10 19:46:07,130: umgr.staging.output.0.child: umgr.staging.output.0           : MainThread     : INFO    : initialize umgr.staging.output.0.child
2017-09-10 19:46:07,132: umgr.staging.output.0.child: umgr.staging.output.0           : MainThread     : INFO    : cfg: {'agents': {},
 u'bridges': {u'control_pubsub': {'addr_in': 'tcp://138.201.86.166:44949',
                                  'addr_out': 'tcp://138.201.86.166:42954',
                                  u'bulk_size': 0,
                                  u'log_level': u'debug',
                                  u'stall_hwm': 1},
              u'log_pubsub': {'addr_in': 'tcp://138.201.86.166:40980',
                              'addr_out': 'tcp://138.201.86.166:37066',
                              u'bulk_size': 0,
                              u'log_level': u'debug',
                              u'stall_hwm': 1},
              u'state_pubsub': {'addr_in': 'tcp://138.201.86.166:38479',
                                'addr_out': 'tcp://138.201.86.166:44244',
                                u'bulk_size': 0,
                                u'log_level': u'debug',
                                u'stall_hwm': 1},
              u'umgr_reschedule_pubsub': {'addr_in': 'tcp://138.201.86.166:36173',
                                          'addr_out': 'tcp://138.201.86.166:39430',
                                          u'bulk_size': 0,
                                          u'log_level': u'debug',
                                          u'stall_hwm': 1},
              u'umgr_scheduling_queue': {'addr_in': 'tcp://138.201.86.166:44213',
                                         'addr_out': 'tcp://138.201.86.166:42998',
                                         u'bulk_size': 0,
                                         u'log_level': u'debug',
                                         u'stall_hwm': 1},
              u'umgr_staging_input_queue': {'addr_in': 'tcp://138.201.86.166:45447',
                                            'addr_out': 'tcp://138.201.86.166:37771',
                                            u'bulk_size': 0,
                                            u'log_level': u'debug',
                                            u'stall_hwm': 1},
              u'umgr_staging_output_queue': {'addr_in': 'tcp://138.201.86.166:38702',
                                             'addr_out': 'tcp://138.201.86.166:46391',
                                             u'bulk_size': 0,
                                             u'log_level': u'debug',
                                             u'stall_hwm': 1},
              u'umgr_unschedule_pubsub': {'addr_in': 'tcp://138.201.86.166:46761',
                                          'addr_out': 'tcp://138.201.86.166:36763',
                                          u'bulk_size': 0,
                                          u'log_level': u'debug',
                                          u'stall_hwm': 1}},
 u'bulk_collection_size': 100,
 u'bulk_collection_time': 1.0,
 'cname': u'UMGRStagingOutputComponent',
 u'components': {},
 u'count': 1,
 u'db_poll_sleeptime': 1.0,
 'number': 0,
 'owner': 'umgr.0000',
 u'scheduler': u'round_robin',
 'uid': 'umgr.0000'}
2017-09-10 19:46:07,133: umgr.staging.output.0.child: umgr.staging.output.0           : MainThread     : DEBUG   : start components: {}
2017-09-10 19:46:07,133: umgr.staging.output.0.child: umgr.staging.output.0           : MainThread     : DEBUG   : alive check in term
2017-09-10 19:46:07,133: umgr.staging.output.0.child: umgr.staging.output.0           : MainThread     : DEBUG   : START: umgr.staging.output.0.child register publisher log_pubsub
2017-09-10 19:46:07,133: umgr.staging.output.0.child: umgr.staging.output.0           : MainThread     : DEBUG   : using addr tcp://138.201.86.166:40980 for pubsub log_pubsub
2017-09-10 19:46:07,134: umgr.staging.output.0.child: umgr.staging.output.0           : MainThread     : DEBUG   : registered publisher : log_pubsub : log.pubsub.pub.0004
2017-09-10 19:46:07,134: umgr.staging.output.0.child: umgr.staging.output.0           : MainThread     : DEBUG   : alive check in term
2017-09-10 19:46:07,134: umgr.staging.output.0.child: umgr.staging.output.0           : MainThread     : DEBUG   : START: umgr.staging.output.0.child register publisher state_pubsub
2017-09-10 19:46:07,134: umgr.staging.output.0.child: umgr.staging.output.0           : MainThread     : DEBUG   : using addr tcp://138.201.86.166:38479 for pubsub state_pubsub
2017-09-10 19:46:07,135: umgr.staging.output.0.child: umgr.staging.output.0           : MainThread     : DEBUG   : registered publisher : state_pubsub : state.pubsub.pub.0004
2017-09-10 19:46:07,135: umgr.staging.output.0.child: umgr.staging.output.0           : MainThread     : DEBUG   : alive check in term
2017-09-10 19:46:07,135: umgr.staging.output.0.child: umgr.staging.output.0           : MainThread     : DEBUG   : START: umgr.staging.output.0.child register publisher control_pubsub
2017-09-10 19:46:07,135: umgr.staging.output.0.child: umgr.staging.output.0           : MainThread     : DEBUG   : using addr tcp://138.201.86.166:44949 for pubsub control_pubsub
2017-09-10 19:46:07,136: umgr.staging.output.0.child: umgr.staging.output.0           : MainThread     : DEBUG   : registered publisher : control_pubsub : control.pubsub.pub.0004
2017-09-10 19:46:07,136: umgr.staging.output.0.child: umgr.staging.output.0           : MainThread     : DEBUG   : alive check in term
2017-09-10 19:46:07,136: umgr.staging.output.0.child: umgr.staging.output.0           : MainThread     : DEBUG   : START: umgr.staging.output.0.child register subscriber umgr.staging.output.0.child.subscriber._cancel_monitor_cb
2017-09-10 19:46:07,137: umgr.staging.output.0.child: umgr.staging.output.0           : MainThread     : DEBUG   : using addr tcp://138.201.86.166:42954 for pubsub control_pubsub
2017-09-10 19:46:07,138: umgr.staging.output.0.child: umgr.staging.output.0           : MainThread     : DEBUG   : parent name: umgr.staging.output.0.child.subscriber._cancel_monitor_cb
2017-09-10 19:46:07,138: umgr.staging.output.0.child: umgr.staging.output.0           : MainThread     : DEBUG   : start thread
2017-09-10 19:46:07,138: umgr.staging.output.0.child: umgr.staging.output.0           : umgr.staging.output.0.child.subscriber._cancel_monitor_cb: DEBUG   : child name: umgr.staging.output.0.child.subscriber._cancel_monitor_cb.thread
2017-09-10 19:46:07,138: umgr.staging.output.0.child: umgr.staging.output.0           : umgr.staging.output.0.child.subscriber._cancel_monitor_cb: INFO    : child (me) initializing
2017-09-10 19:46:07,138: umgr.staging.output.0.child: umgr.staging.output.0           : umgr.staging.output.0.child.subscriber._cancel_monitor_cb: DEBUG   : ru_initialize_common (NOOP)
2017-09-10 19:46:07,138: umgr.staging.output.0.child: umgr.staging.output.0           : umgr.staging.output.0.child.subscriber._cancel_monitor_cb: DEBUG   : ru_initialize_child (NOOP)
2017-09-10 19:46:07,138: umgr.staging.output.0.child: umgr.staging.output.0           : umgr.staging.output.0.child.subscriber._cancel_monitor_cb: INFO    : send alive
2017-09-10 19:46:07,138: umgr.staging.output.0.child: umgr.staging.output.0           : umgr.staging.output.0.child.subscriber._cancel_monitor_cb: INFO    : put message: [umgr.staging.output.0.child.subscriber._cancel_monitor_cb.thread] alive
2017-09-10 19:46:07,139: umgr.staging.output.0.child: umgr.staging.output.0           : MainThread     : INFO    : get msg: alive
2017-09-10 19:46:07,139: umgr.staging.output.0.child: umgr.staging.output.0           : MainThread     : DEBUG   : ru_initialize_common (NOOP)
2017-09-10 19:46:07,139: umgr.staging.output.0.child: umgr.staging.output.0           : MainThread     : DEBUG   : ru_initialize_parent (NOOP)
2017-09-10 19:46:07,139: umgr.staging.output.0.child: umgr.staging.output.0           : MainThread     : DEBUG   : child thread umgr.staging.output.0.child.subscriber._cancel_monitor_cb started
2017-09-10 19:46:07,139: umgr.staging.output.0.child: umgr.staging.output.0           : MainThread     : DEBUG   : umgr.staging.output.0.child registered control_pubsub subscriber umgr.staging.output.0.child.subscriber._cancel_monitor_cb
2017-09-10 19:46:07,139: umgr.staging.output.0.child: umgr.staging.output.0           : MainThread     : DEBUG   : alive check in term
2017-09-10 19:46:07,139: umgr.staging.output.0.child: umgr.staging.output.0           : MainThread     : DEBUG   : using addr tcp://138.201.86.166:46391 for input umgr_staging_output_queue
2017-09-10 19:46:07,140: umgr.staging.output.0.child: umgr.staging.output.0           : MainThread     : DEBUG   : registered input umgr.staging.output.0.child.work.UMGR_STAGING_OUTPUT_PENDING
2017-09-10 19:46:07,140: umgr.staging.output.0.child: umgr.staging.output.0           : MainThread     : DEBUG   : START: umgr.staging.output.0.child register input UMGR_STAGING_OUTPUT_PENDING: umgr.staging.output.0.child.work.UMGR_STAGING_OUTPUT_PENDING
2017-09-10 19:46:07,141: umgr.staging.output.0.child: umgr.staging.output.0           : MainThread     : DEBUG   : registered worker work [UMGR_STAGING_OUTPUT_PENDING]
2017-09-10 19:46:07,141: umgr.staging.output.0.child: umgr.staging.output.0           : MainThread     : INFO    : child (me) initializing
2017-09-10 19:46:07,141: umgr.staging.output.0.child: umgr.staging.output.0           : MainThread     : DEBUG   : parent name: umgr.staging.output.0.child.watch
2017-09-10 19:46:07,141: umgr.staging.output.0.child: umgr.staging.output.0           : MainThread     : DEBUG   : start thread
2017-09-10 19:46:07,141: umgr.staging.output.0.child: umgr.staging.output.0           : umgr.staging.output.0.child.watch: DEBUG   : child name: umgr.staging.output.0.child.watch.thread
2017-09-10 19:46:07,141: umgr.staging.output.0.child: umgr.staging.output.0           : umgr.staging.output.0.child.watch: INFO    : child (me) initializing
2017-09-10 19:46:07,141: umgr.staging.output.0.child: umgr.staging.output.0           : umgr.staging.output.0.child.watch: DEBUG   : ru_initialize_common (NOOP)
2017-09-10 19:46:07,141: umgr.staging.output.0.child: umgr.staging.output.0           : umgr.staging.output.0.child.watch: DEBUG   : ru_initialize_child (NOOP)
2017-09-10 19:46:07,141: umgr.staging.output.0.child: umgr.staging.output.0           : umgr.staging.output.0.child.watch: INFO    : send alive
2017-09-10 19:46:07,141: umgr.staging.output.0.child: umgr.staging.output.0           : umgr.staging.output.0.child.watch: INFO    : put message: [umgr.staging.output.0.child.watch.thread] alive
2017-09-10 19:46:07,142: umgr.staging.output.0.child: umgr.staging.output.0           : MainThread     : INFO    : get msg: alive
2017-09-10 19:46:07,142: umgr.staging.output.0.child: umgr.staging.output.0           : MainThread     : DEBUG   : ru_initialize_common (NOOP)
2017-09-10 19:46:07,142: umgr.staging.output.0.child: umgr.staging.output.0           : MainThread     : DEBUG   : ru_initialize_parent (NOOP)
2017-09-10 19:46:07,142: umgr.staging.output.0.child: umgr.staging.output.0           : MainThread     : DEBUG   : child thread umgr.staging.output.0.child.watch started
2017-09-10 19:46:07,142: umgr.staging.output.0.child: umgr.staging.output.0           : MainThread     : INFO    : child (me) is alive
2017-09-10 19:46:07,142: umgr.staging.output.0.child: umgr.staging.output.0           : MainThread     : INFO    : send alive
2017-09-10 19:46:07,142: umgr.staging.output.0.child: umgr.staging.output.0           : MainThread     : INFO    : send message: [umgr.staging.output.0.child] alive
2017-09-10 19:46:19,689: umgr.staging.output.0.child: umgr.staging.output.0           : MainThread     : DEBUG   : got unit (unit.000000)
2017-09-10 19:46:19,689: umgr.staging.output.0.child: umgr.staging.output.0           : MainThread     : DEBUG   : got unit (unit.000001)
2017-09-10 19:46:19,689: umgr.staging.output.0.child: umgr.staging.output.0           : MainThread     : DEBUG   : advance bulk size: 2 [False, True]
2017-09-10 19:46:19,689: umgr.staging.output.0.child: umgr.staging.output.0           : MainThread     : DEBUG   : advance bulk: unit.000000 [2]
2017-09-10 19:46:19,689: umgr.staging.output.0.child: umgr.staging.output.0           : MainThread     : DEBUG   : advance bulk: unit.000001 [2]
2017-09-10 19:46:19,689: umgr.staging.output.0.child: umgr.staging.output.0           : MainThread     : DEBUG   : advance bulk size: 2 [True, True]
2017-09-10 19:46:19,690: umgr.staging.output.0.child: umgr.staging.output.0           : MainThread     : DEBUG   : advance bulk: unit.000000 [2]
2017-09-10 19:46:19,690: umgr.staging.output.0.child: umgr.staging.output.0           : MainThread     : DEBUG   : advance bulk: unit.000001 [2]
2017-09-10 19:46:19,690: umgr.staging.output.0.child: umgr.staging.output.0           : MainThread     : DEBUG   : bucket: DONE : ['unit.000000', 'unit.000001']
2017-09-10 19:46:19,690: umgr.staging.output.0.child: umgr.staging.output.0           : MainThread     : DEBUG   : push unit.000000 ===| DONE
2017-09-10 19:46:19,690: umgr.staging.output.0.child: umgr.staging.output.0           : MainThread     : DEBUG   : push unit.000001 ===| DONE
2017-09-10 19:46:26,990: umgr.staging.output.0.child: umgr.staging.output.0           : MainThread     : DEBUG   : got unit (unit.000002)
2017-09-10 19:46:26,990: umgr.staging.output.0.child: umgr.staging.output.0           : MainThread     : DEBUG   : got unit (unit.000003)
2017-09-10 19:46:26,990: umgr.staging.output.0.child: umgr.staging.output.0           : MainThread     : DEBUG   : advance bulk size: 2 [False, True]
2017-09-10 19:46:26,990: umgr.staging.output.0.child: umgr.staging.output.0           : MainThread     : DEBUG   : advance bulk: unit.000002 [2]
2017-09-10 19:46:26,990: umgr.staging.output.0.child: umgr.staging.output.0           : MainThread     : DEBUG   : advance bulk: unit.000003 [2]
2017-09-10 19:46:26,990: umgr.staging.output.0.child: umgr.staging.output.0           : MainThread     : DEBUG   : advance bulk size: 2 [True, True]
2017-09-10 19:46:26,990: umgr.staging.output.0.child: umgr.staging.output.0           : MainThread     : DEBUG   : advance bulk: unit.000002 [2]
2017-09-10 19:46:26,990: umgr.staging.output.0.child: umgr.staging.output.0           : MainThread     : DEBUG   : advance bulk: unit.000003 [2]
2017-09-10 19:46:26,991: umgr.staging.output.0.child: umgr.staging.output.0           : MainThread     : DEBUG   : bucket: DONE : ['unit.000002', 'unit.000003']
2017-09-10 19:46:26,991: umgr.staging.output.0.child: umgr.staging.output.0           : MainThread     : DEBUG   : push unit.000002 ===| DONE
2017-09-10 19:46:26,991: umgr.staging.output.0.child: umgr.staging.output.0           : MainThread     : DEBUG   : push unit.000003 ===| DONE
2017-09-10 19:46:32,279: umgr.staging.output.0.child: umgr.staging.output.0           : MainThread     : DEBUG   : got unit (unit.000004)
2017-09-10 19:46:32,279: umgr.staging.output.0.child: umgr.staging.output.0           : MainThread     : DEBUG   : got unit (unit.000005)
2017-09-10 19:46:32,279: umgr.staging.output.0.child: umgr.staging.output.0           : MainThread     : DEBUG   : advance bulk size: 2 [False, True]
2017-09-10 19:46:32,279: umgr.staging.output.0.child: umgr.staging.output.0           : MainThread     : DEBUG   : advance bulk: unit.000004 [2]
2017-09-10 19:46:32,279: umgr.staging.output.0.child: umgr.staging.output.0           : MainThread     : DEBUG   : advance bulk: unit.000005 [2]
2017-09-10 19:46:32,279: umgr.staging.output.0.child: umgr.staging.output.0           : MainThread     : DEBUG   : advance bulk size: 2 [True, True]
2017-09-10 19:46:32,279: umgr.staging.output.0.child: umgr.staging.output.0           : MainThread     : DEBUG   : advance bulk: unit.000004 [2]
2017-09-10 19:46:32,279: umgr.staging.output.0.child: umgr.staging.output.0           : MainThread     : DEBUG   : advance bulk: unit.000005 [2]
2017-09-10 19:46:32,280: umgr.staging.output.0.child: umgr.staging.output.0           : MainThread     : DEBUG   : bucket: DONE : ['unit.000004', 'unit.000005']
2017-09-10 19:46:32,280: umgr.staging.output.0.child: umgr.staging.output.0           : MainThread     : DEBUG   : push unit.000004 ===| DONE
2017-09-10 19:46:32,280: umgr.staging.output.0.child: umgr.staging.output.0           : MainThread     : DEBUG   : push unit.000005 ===| DONE
2017-09-10 19:46:37,561: umgr.staging.output.0.child: umgr.staging.output.0           : MainThread     : DEBUG   : got unit (unit.000006)
2017-09-10 19:46:37,561: umgr.staging.output.0.child: umgr.staging.output.0           : MainThread     : DEBUG   : advance bulk size: 1 [False, True]
2017-09-10 19:46:37,561: umgr.staging.output.0.child: umgr.staging.output.0           : MainThread     : DEBUG   : advance bulk: unit.000006 [1]
2017-09-10 19:46:37,561: umgr.staging.output.0.child: umgr.staging.output.0           : MainThread     : DEBUG   : advance bulk size: 1 [True, True]
2017-09-10 19:46:37,561: umgr.staging.output.0.child: umgr.staging.output.0           : MainThread     : DEBUG   : advance bulk: unit.000006 [1]
2017-09-10 19:46:37,562: umgr.staging.output.0.child: umgr.staging.output.0           : MainThread     : DEBUG   : bucket: DONE : ['unit.000006']
2017-09-10 19:46:37,562: umgr.staging.output.0.child: umgr.staging.output.0           : MainThread     : DEBUG   : push unit.000006 ===| DONE
2017-09-10 19:46:53,288: umgr.staging.output.0.child: umgr.staging.output.0           : MainThread     : DEBUG   : got unit (unit.000007)
2017-09-10 19:46:53,288: umgr.staging.output.0.child: umgr.staging.output.0           : MainThread     : DEBUG   : advance bulk size: 1 [False, True]
2017-09-10 19:46:53,288: umgr.staging.output.0.child: umgr.staging.output.0           : MainThread     : DEBUG   : advance bulk: unit.000007 [1]
2017-09-10 19:46:53,288: umgr.staging.output.0.child: umgr.staging.output.0           : MainThread     : DEBUG   : advance bulk size: 1 [True, True]
2017-09-10 19:46:53,288: umgr.staging.output.0.child: umgr.staging.output.0           : MainThread     : DEBUG   : advance bulk: unit.000007 [1]
2017-09-10 19:46:53,288: umgr.staging.output.0.child: umgr.staging.output.0           : MainThread     : DEBUG   : bucket: DONE : ['unit.000007']
2017-09-10 19:46:53,288: umgr.staging.output.0.child: umgr.staging.output.0           : MainThread     : DEBUG   : push unit.000007 ===| DONE
2017-09-10 19:46:57,275: umgr.staging.output.0.child: umgr.staging.output.0           : MainThread     : DEBUG   : got unit (unit.000011)
2017-09-10 19:46:57,276: umgr.staging.output.0.child: umgr.staging.output.0           : MainThread     : DEBUG   : advance bulk size: 1 [False, True]
2017-09-10 19:46:57,276: umgr.staging.output.0.child: umgr.staging.output.0           : MainThread     : DEBUG   : advance bulk: unit.000011 [1]
2017-09-10 19:46:57,276: umgr.staging.output.0.child: umgr.staging.output.0           : MainThread     : DEBUG   : advance bulk size: 1 [True, True]
2017-09-10 19:46:57,276: umgr.staging.output.0.child: umgr.staging.output.0           : MainThread     : DEBUG   : advance bulk: unit.000011 [1]
2017-09-10 19:46:57,277: umgr.staging.output.0.child: umgr.staging.output.0           : MainThread     : DEBUG   : bucket: DONE : ['unit.000011']
2017-09-10 19:46:57,277: umgr.staging.output.0.child: umgr.staging.output.0           : MainThread     : DEBUG   : push unit.000011 ===| DONE
2017-09-10 19:47:21,289: umgr.staging.output.0.child: umgr.staging.output.0           : MainThread     : DEBUG   : got unit (unit.000008)
2017-09-10 19:47:21,289: umgr.staging.output.0.child: umgr.staging.output.0           : MainThread     : DEBUG   : advance bulk size: 1 [False, True]
2017-09-10 19:47:21,289: umgr.staging.output.0.child: umgr.staging.output.0           : MainThread     : DEBUG   : advance bulk: unit.000008 [1]
2017-09-10 19:47:21,289: umgr.staging.output.0.child: umgr.staging.output.0           : MainThread     : DEBUG   : advance bulk size: 1 [True, True]
2017-09-10 19:47:21,289: umgr.staging.output.0.child: umgr.staging.output.0           : MainThread     : DEBUG   : advance bulk: unit.000008 [1]
2017-09-10 19:47:21,291: umgr.staging.output.0.child: umgr.staging.output.0           : MainThread     : DEBUG   : bucket: DONE : ['unit.000008']
2017-09-10 19:47:21,291: umgr.staging.output.0.child: umgr.staging.output.0           : MainThread     : DEBUG   : push unit.000008 ===| DONE
2017-09-10 19:47:49,511: umgr.staging.output.0.child: umgr.staging.output.0           : MainThread     : DEBUG   : got unit (unit.000012)
2017-09-10 19:47:49,512: umgr.staging.output.0.child: umgr.staging.output.0           : MainThread     : DEBUG   : advance bulk size: 1 [False, True]
2017-09-10 19:47:49,512: umgr.staging.output.0.child: umgr.staging.output.0           : MainThread     : DEBUG   : advance bulk: unit.000012 [1]
2017-09-10 19:47:49,512: umgr.staging.output.0.child: umgr.staging.output.0           : MainThread     : DEBUG   : advance bulk size: 1 [True, True]
2017-09-10 19:47:49,512: umgr.staging.output.0.child: umgr.staging.output.0           : MainThread     : DEBUG   : advance bulk: unit.000012 [1]
2017-09-10 19:47:49,513: umgr.staging.output.0.child: umgr.staging.output.0           : MainThread     : DEBUG   : bucket: DONE : ['unit.000012']
2017-09-10 19:47:49,513: umgr.staging.output.0.child: umgr.staging.output.0           : MainThread     : DEBUG   : push unit.000012 ===| DONE
2017-09-10 19:47:58,020: umgr.staging.output.0.child: umgr.staging.output.0           : MainThread     : DEBUG   : got unit (unit.000010)
2017-09-10 19:47:58,020: umgr.staging.output.0.child: umgr.staging.output.0           : MainThread     : DEBUG   : advance bulk size: 1 [False, True]
2017-09-10 19:47:58,021: umgr.staging.output.0.child: umgr.staging.output.0           : MainThread     : DEBUG   : advance bulk: unit.000010 [1]
2017-09-10 19:47:58,021: umgr.staging.output.0.child: umgr.staging.output.0           : MainThread     : DEBUG   : advance bulk size: 1 [True, True]
2017-09-10 19:47:58,021: umgr.staging.output.0.child: umgr.staging.output.0           : MainThread     : DEBUG   : advance bulk: unit.000010 [1]
2017-09-10 19:47:58,022: umgr.staging.output.0.child: umgr.staging.output.0           : MainThread     : DEBUG   : bucket: DONE : ['unit.000010']
2017-09-10 19:47:58,022: umgr.staging.output.0.child: umgr.staging.output.0           : MainThread     : DEBUG   : push unit.000010 ===| DONE
2017-09-10 19:48:12,168: umgr.staging.output.0.child: umgr.staging.output.0           : MainThread     : DEBUG   : got unit (unit.000009)
2017-09-10 19:48:12,168: umgr.staging.output.0.child: umgr.staging.output.0           : MainThread     : DEBUG   : advance bulk size: 1 [False, True]
2017-09-10 19:48:12,168: umgr.staging.output.0.child: umgr.staging.output.0           : MainThread     : DEBUG   : advance bulk: unit.000009 [1]
2017-09-10 19:48:12,168: umgr.staging.output.0.child: umgr.staging.output.0           : MainThread     : DEBUG   : advance bulk size: 1 [True, True]
2017-09-10 19:48:12,168: umgr.staging.output.0.child: umgr.staging.output.0           : MainThread     : DEBUG   : advance bulk: unit.000009 [1]
2017-09-10 19:48:12,169: umgr.staging.output.0.child: umgr.staging.output.0           : MainThread     : DEBUG   : bucket: DONE : ['unit.000009']
2017-09-10 19:48:12,169: umgr.staging.output.0.child: umgr.staging.output.0           : MainThread     : DEBUG   : push unit.000009 ===| DONE
2017-09-10 20:00:19,626: umgr.staging.output.0.child: umgr.staging.output.0           : MainThread     : DEBUG   : got unit (unit.000016)
2017-09-10 20:00:19,626: umgr.staging.output.0.child: umgr.staging.output.0           : MainThread     : DEBUG   : advance bulk size: 1 [False, True]
2017-09-10 20:00:19,627: umgr.staging.output.0.child: umgr.staging.output.0           : MainThread     : DEBUG   : advance bulk: unit.000016 [1]
2017-09-10 20:00:19,627: umgr.staging.output.0.child: umgr.staging.output.0           : MainThread     : DEBUG   : advance bulk size: 1 [True, True]
2017-09-10 20:00:19,627: umgr.staging.output.0.child: umgr.staging.output.0           : MainThread     : DEBUG   : advance bulk: unit.000016 [1]
2017-09-10 20:00:19,628: umgr.staging.output.0.child: umgr.staging.output.0           : MainThread     : DEBUG   : bucket: DONE : ['unit.000016']
2017-09-10 20:00:19,628: umgr.staging.output.0.child: umgr.staging.output.0           : MainThread     : DEBUG   : push unit.000016 ===| DONE
2017-09-10 20:00:43,691: umgr.staging.output.0.child: umgr.staging.output.0           : MainThread     : DEBUG   : got unit (unit.000017)
2017-09-10 20:00:43,691: umgr.staging.output.0.child: umgr.staging.output.0           : MainThread     : DEBUG   : advance bulk size: 1 [False, True]
2017-09-10 20:00:43,691: umgr.staging.output.0.child: umgr.staging.output.0           : MainThread     : DEBUG   : advance bulk: unit.000017 [1]
2017-09-10 20:00:43,691: umgr.staging.output.0.child: umgr.staging.output.0           : MainThread     : DEBUG   : advance bulk size: 1 [True, True]
2017-09-10 20:00:43,691: umgr.staging.output.0.child: umgr.staging.output.0           : MainThread     : DEBUG   : advance bulk: unit.000017 [1]
2017-09-10 20:00:43,692: umgr.staging.output.0.child: umgr.staging.output.0           : MainThread     : DEBUG   : bucket: DONE : ['unit.000017']
2017-09-10 20:00:43,692: umgr.staging.output.0.child: umgr.staging.output.0           : MainThread     : DEBUG   : push unit.000017 ===| DONE
2017-09-10 20:12:49,785: umgr.staging.output.0.child: umgr.staging.output.0           : MainThread     : DEBUG   : got unit (unit.000018)
2017-09-10 20:12:49,785: umgr.staging.output.0.child: umgr.staging.output.0           : MainThread     : DEBUG   : advance bulk size: 1 [False, True]
2017-09-10 20:12:49,785: umgr.staging.output.0.child: umgr.staging.output.0           : MainThread     : DEBUG   : advance bulk: unit.000018 [1]
2017-09-10 20:12:49,786: umgr.staging.output.0.child: umgr.staging.output.0           : MainThread     : DEBUG   : advance bulk size: 1 [True, True]
2017-09-10 20:12:49,786: umgr.staging.output.0.child: umgr.staging.output.0           : MainThread     : DEBUG   : advance bulk: unit.000018 [1]
2017-09-10 20:12:49,787: umgr.staging.output.0.child: umgr.staging.output.0           : MainThread     : DEBUG   : bucket: DONE : ['unit.000018']
2017-09-10 20:12:49,787: umgr.staging.output.0.child: umgr.staging.output.0           : MainThread     : DEBUG   : push unit.000018 ===| DONE
2017-09-10 20:13:12,538: umgr.staging.output.0.child: umgr.staging.output.0           : MainThread     : DEBUG   : got unit (unit.000020)
2017-09-10 20:13:12,538: umgr.staging.output.0.child: umgr.staging.output.0           : MainThread     : DEBUG   : advance bulk size: 1 [False, True]
2017-09-10 20:13:12,538: umgr.staging.output.0.child: umgr.staging.output.0           : MainThread     : DEBUG   : advance bulk: unit.000020 [1]
2017-09-10 20:13:12,538: umgr.staging.output.0.child: umgr.staging.output.0           : MainThread     : DEBUG   : advance bulk size: 1 [True, True]
2017-09-10 20:13:12,538: umgr.staging.output.0.child: umgr.staging.output.0           : MainThread     : DEBUG   : advance bulk: unit.000020 [1]
2017-09-10 20:13:12,539: umgr.staging.output.0.child: umgr.staging.output.0           : MainThread     : DEBUG   : bucket: DONE : ['unit.000020']
2017-09-10 20:13:12,539: umgr.staging.output.0.child: umgr.staging.output.0           : MainThread     : DEBUG   : push unit.000020 ===| DONE
2017-09-10 20:22:33,822: umgr.staging.output.0.child: umgr.staging.output.0           : MainThread     : DEBUG   : got unit (unit.000023)
2017-09-10 20:22:33,822: umgr.staging.output.0.child: umgr.staging.output.0           : MainThread     : DEBUG   : advance bulk size: 1 [False, True]
2017-09-10 20:22:33,822: umgr.staging.output.0.child: umgr.staging.output.0           : MainThread     : DEBUG   : advance bulk: unit.000023 [1]
2017-09-10 20:22:33,823: umgr.staging.output.0.child: umgr.staging.output.0           : MainThread     : DEBUG   : advance bulk size: 1 [True, True]
2017-09-10 20:22:33,826: umgr.staging.output.0.child: umgr.staging.output.0           : MainThread     : DEBUG   : advance bulk: unit.000023 [1]
2017-09-10 20:22:33,828: umgr.staging.output.0.child: umgr.staging.output.0           : MainThread     : DEBUG   : bucket: DONE : ['unit.000023']
2017-09-10 20:22:33,828: umgr.staging.output.0.child: umgr.staging.output.0           : MainThread     : DEBUG   : push unit.000023 ===| DONE
2017-09-10 20:25:21,391: umgr.staging.output.0.child: umgr.staging.output.0           : MainThread     : DEBUG   : got unit (unit.000019)
2017-09-10 20:25:21,391: umgr.staging.output.0.child: umgr.staging.output.0           : MainThread     : DEBUG   : advance bulk size: 1 [False, True]
2017-09-10 20:25:21,391: umgr.staging.output.0.child: umgr.staging.output.0           : MainThread     : DEBUG   : advance bulk: unit.000019 [1]
2017-09-10 20:25:21,391: umgr.staging.output.0.child: umgr.staging.output.0           : MainThread     : DEBUG   : advance bulk size: 1 [True, True]
2017-09-10 20:25:21,391: umgr.staging.output.0.child: umgr.staging.output.0           : MainThread     : DEBUG   : advance bulk: unit.000019 [1]
2017-09-10 20:25:21,392: umgr.staging.output.0.child: umgr.staging.output.0           : MainThread     : DEBUG   : bucket: DONE : ['unit.000019']
2017-09-10 20:25:21,392: umgr.staging.output.0.child: umgr.staging.output.0           : MainThread     : DEBUG   : push unit.000019 ===| DONE
2017-09-10 20:32:07,739: umgr.staging.output.0.child: umgr.staging.output.0           : MainThread     : DEBUG   : got unit (unit.000024)
2017-09-10 20:32:07,739: umgr.staging.output.0.child: umgr.staging.output.0           : MainThread     : DEBUG   : advance bulk size: 1 [False, True]
2017-09-10 20:32:07,739: umgr.staging.output.0.child: umgr.staging.output.0           : MainThread     : DEBUG   : advance bulk: unit.000024 [1]
2017-09-10 20:32:07,739: umgr.staging.output.0.child: umgr.staging.output.0           : MainThread     : DEBUG   : advance bulk size: 1 [True, True]
2017-09-10 20:32:07,739: umgr.staging.output.0.child: umgr.staging.output.0           : MainThread     : DEBUG   : advance bulk: unit.000024 [1]
2017-09-10 20:32:07,740: umgr.staging.output.0.child: umgr.staging.output.0           : MainThread     : DEBUG   : bucket: DONE : ['unit.000024']
2017-09-10 20:32:07,740: umgr.staging.output.0.child: umgr.staging.output.0           : MainThread     : DEBUG   : push unit.000024 ===| DONE
2017-09-10 20:41:31,764: umgr.staging.output.0.child: umgr.staging.output.0           : MainThread     : DEBUG   : got unit (unit.000026)
2017-09-10 20:41:31,764: umgr.staging.output.0.child: umgr.staging.output.0           : MainThread     : DEBUG   : advance bulk size: 1 [False, True]
2017-09-10 20:41:31,764: umgr.staging.output.0.child: umgr.staging.output.0           : MainThread     : DEBUG   : advance bulk: unit.000026 [1]
2017-09-10 20:41:31,764: umgr.staging.output.0.child: umgr.staging.output.0           : MainThread     : DEBUG   : advance bulk size: 1 [True, True]
2017-09-10 20:41:31,764: umgr.staging.output.0.child: umgr.staging.output.0           : MainThread     : DEBUG   : advance bulk: unit.000026 [1]
2017-09-10 20:41:31,765: umgr.staging.output.0.child: umgr.staging.output.0           : MainThread     : DEBUG   : bucket: DONE : ['unit.000026']
2017-09-10 20:41:31,765: umgr.staging.output.0.child: umgr.staging.output.0           : MainThread     : DEBUG   : push unit.000026 ===| DONE
2017-09-10 22:16:24,713: umgr.staging.output.0.child: umgr.staging.output.0           : MainThread     : DEBUG   : got unit (unit.000025)
2017-09-10 22:16:24,713: umgr.staging.output.0.child: umgr.staging.output.0           : MainThread     : DEBUG   : advance bulk size: 1 [False, True]
2017-09-10 22:16:24,713: umgr.staging.output.0.child: umgr.staging.output.0           : MainThread     : DEBUG   : advance bulk: unit.000025 [1]
2017-09-10 22:16:24,713: umgr.staging.output.0.child: umgr.staging.output.0           : MainThread     : DEBUG   : advance bulk size: 1 [True, True]
2017-09-10 22:16:24,713: umgr.staging.output.0.child: umgr.staging.output.0           : MainThread     : DEBUG   : advance bulk: unit.000025 [1]
2017-09-10 22:16:24,715: umgr.staging.output.0.child: umgr.staging.output.0           : MainThread     : DEBUG   : bucket: DONE : ['unit.000025']
2017-09-10 22:16:24,715: umgr.staging.output.0.child: umgr.staging.output.0           : MainThread     : DEBUG   : push unit.000025 ===| DONE
2017-09-10 22:16:36,954: umgr.staging.output.0.child: umgr.staging.output.0           : MainThread     : DEBUG   : got unit (unit.000013)
2017-09-10 22:16:36,954: umgr.staging.output.0.child: umgr.staging.output.0           : MainThread     : DEBUG   : advance bulk size: 1 [False, True]
2017-09-10 22:16:36,954: umgr.staging.output.0.child: umgr.staging.output.0           : MainThread     : DEBUG   : advance bulk: unit.000013 [1]
2017-09-10 22:16:36,954: umgr.staging.output.0.child: umgr.staging.output.0           : MainThread     : DEBUG   : advance bulk size: 1 [True, True]
2017-09-10 22:16:36,955: umgr.staging.output.0.child: umgr.staging.output.0           : MainThread     : DEBUG   : advance bulk: unit.000013 [1]
2017-09-10 22:16:36,956: umgr.staging.output.0.child: umgr.staging.output.0           : MainThread     : DEBUG   : bucket: DONE : ['unit.000013']
2017-09-10 22:16:36,956: umgr.staging.output.0.child: umgr.staging.output.0           : MainThread     : DEBUG   : push unit.000013 ===| DONE
2017-09-10 22:27:06,754: umgr.staging.output.0.child: umgr.staging.output.0           : MainThread     : DEBUG   : got unit (unit.000029)
2017-09-10 22:27:06,754: umgr.staging.output.0.child: umgr.staging.output.0           : MainThread     : DEBUG   : advance bulk size: 1 [False, True]
2017-09-10 22:27:06,754: umgr.staging.output.0.child: umgr.staging.output.0           : MainThread     : DEBUG   : advance bulk: unit.000029 [1]
2017-09-10 22:27:06,754: umgr.staging.output.0.child: umgr.staging.output.0           : MainThread     : DEBUG   : advance bulk size: 1 [True, True]
2017-09-10 22:27:06,754: umgr.staging.output.0.child: umgr.staging.output.0           : MainThread     : DEBUG   : advance bulk: unit.000029 [1]
2017-09-10 22:27:06,756: umgr.staging.output.0.child: umgr.staging.output.0           : MainThread     : DEBUG   : bucket: DONE : ['unit.000029']
2017-09-10 22:27:06,756: umgr.staging.output.0.child: umgr.staging.output.0           : MainThread     : DEBUG   : push unit.000029 ===| DONE
2017-09-10 22:32:27,226: umgr.staging.output.0.child: umgr.staging.output.0           : MainThread     : DEBUG   : got unit (unit.000027)
2017-09-10 22:32:27,226: umgr.staging.output.0.child: umgr.staging.output.0           : MainThread     : DEBUG   : advance bulk size: 1 [False, True]
2017-09-10 22:32:27,226: umgr.staging.output.0.child: umgr.staging.output.0           : MainThread     : DEBUG   : advance bulk: unit.000027 [1]
2017-09-10 22:32:27,226: umgr.staging.output.0.child: umgr.staging.output.0           : MainThread     : DEBUG   : advance bulk size: 1 [True, True]
2017-09-10 22:32:27,226: umgr.staging.output.0.child: umgr.staging.output.0           : MainThread     : DEBUG   : advance bulk: unit.000027 [1]
2017-09-10 22:32:27,227: umgr.staging.output.0.child: umgr.staging.output.0           : MainThread     : DEBUG   : bucket: DONE : ['unit.000027']
2017-09-10 22:32:27,227: umgr.staging.output.0.child: umgr.staging.output.0           : MainThread     : DEBUG   : push unit.000027 ===| DONE
2017-09-10 22:32:33,471: umgr.staging.output.0.child: umgr.staging.output.0           : MainThread     : DEBUG   : got unit (unit.000031)
2017-09-10 22:32:33,471: umgr.staging.output.0.child: umgr.staging.output.0           : MainThread     : DEBUG   : advance bulk size: 1 [False, True]
2017-09-10 22:32:33,471: umgr.staging.output.0.child: umgr.staging.output.0           : MainThread     : DEBUG   : advance bulk: unit.000031 [1]
2017-09-10 22:32:39,962: umgr.staging.output.0.child: umgr.staging.output.0           : MainThread     : DEBUG   : src: rep2.tgz
2017-09-10 22:32:39,962: umgr.staging.output.0.child: umgr.staging.output.0           : MainThread     : DEBUG   : tgt: rep2.tgz
2017-09-10 22:32:39,962: umgr.staging.output.0.child: umgr.staging.output.0           : MainThread     : DEBUG   : <- rep2.tgz (<type 'str'>)
2017-09-10 22:32:39,962: umgr.staging.output.0.child: umgr.staging.output.0           : MainThread     : DEBUG   :    rep2.tgz
2017-09-10 22:32:39,962: umgr.staging.output.0.child: umgr.staging.output.0           : MainThread     : DEBUG   :    pwd
2017-09-10 22:32:39,962: umgr.staging.output.0.child: umgr.staging.output.0           : MainThread     : DEBUG   :    expand with gsisftp://bw.ncsa.illinois.edu/scratch/sciteam/balasubr/radical.pilot.sandbox/rp.session.two.vivek.017419.0001/pilot.0000//unit.000031/
2017-09-10 22:32:39,962: umgr.staging.output.0.child: umgr.staging.output.0           : MainThread     : DEBUG   : -> gsisftp://bw.ncsa.illinois.edu/scratch/sciteam/balasubr/radical.pilot.sandbox/rp.session.two.vivek.017419.0001/pilot.0000/unit.000031/rep2.tgz
2017-09-10 22:32:39,962: umgr.staging.output.0.child: umgr.staging.output.0           : MainThread     : DEBUG   : <- rep2.tgz (<type 'str'>)
2017-09-10 22:32:39,962: umgr.staging.output.0.child: umgr.staging.output.0           : MainThread     : DEBUG   :    rep2.tgz
2017-09-10 22:32:39,962: umgr.staging.output.0.child: umgr.staging.output.0           : MainThread     : DEBUG   :    pwd
2017-09-10 22:32:39,962: umgr.staging.output.0.child: umgr.staging.output.0           : MainThread     : DEBUG   :    expand with /home/vivek/repos/GB-SC18/scripts
2017-09-10 22:32:39,962: umgr.staging.output.0.child: umgr.staging.output.0           : MainThread     : DEBUG   : -> file:///home/vivek/repos/GB-SC18/scripts/rep2.tgz
2017-09-10 22:32:39,962: umgr.staging.output.0.child: umgr.staging.output.0           : MainThread     : DEBUG   : src: gsisftp://bw.ncsa.illinois.edu/scratch/sciteam/balasubr/radical.pilot.sandbox/rp.session.two.vivek.017419.0001/pilot.0000/unit.000031/rep2.tgz
2017-09-10 22:32:39,963: umgr.staging.output.0.child: umgr.staging.output.0           : MainThread     : DEBUG   : tgt: file:///home/vivek/repos/GB-SC18/scripts/rep2.tgz
2017-09-10 22:32:45,896: umgr.staging.output.0.child: umgr.staging.output.0           : MainThread     : DEBUG   : advance bulk size: 1 [True, True]
2017-09-10 22:32:45,896: umgr.staging.output.0.child: umgr.staging.output.0           : MainThread     : DEBUG   : advance bulk: unit.000031 [1]
2017-09-10 22:32:45,897: umgr.staging.output.0.child: umgr.staging.output.0           : MainThread     : DEBUG   : bucket: DONE : ['unit.000031']
2017-09-10 22:32:45,897: umgr.staging.output.0.child: umgr.staging.output.0           : MainThread     : DEBUG   : push unit.000031 ===| DONE
2017-09-10 22:32:50,306: umgr.staging.output.0.child: umgr.staging.output.0           : MainThread     : DEBUG   : got unit (unit.000014)
2017-09-10 22:32:50,306: umgr.staging.output.0.child: umgr.staging.output.0           : MainThread     : DEBUG   : advance bulk size: 1 [False, True]
2017-09-10 22:32:50,306: umgr.staging.output.0.child: umgr.staging.output.0           : MainThread     : DEBUG   : advance bulk: unit.000014 [1]
2017-09-10 22:32:50,306: umgr.staging.output.0.child: umgr.staging.output.0           : MainThread     : DEBUG   : advance bulk size: 1 [True, True]
2017-09-10 22:32:50,306: umgr.staging.output.0.child: umgr.staging.output.0           : MainThread     : DEBUG   : advance bulk: unit.000014 [1]
2017-09-10 22:32:50,307: umgr.staging.output.0.child: umgr.staging.output.0           : MainThread     : DEBUG   : bucket: DONE : ['unit.000014']
2017-09-10 22:32:50,307: umgr.staging.output.0.child: umgr.staging.output.0           : MainThread     : DEBUG   : push unit.000014 ===| DONE
2017-09-10 22:39:38,860: umgr.staging.output.0.child: umgr.staging.output.0           : MainThread     : DEBUG   : got unit (unit.000030)
2017-09-10 22:39:38,860: umgr.staging.output.0.child: umgr.staging.output.0           : MainThread     : DEBUG   : advance bulk size: 1 [False, True]
2017-09-10 22:39:38,860: umgr.staging.output.0.child: umgr.staging.output.0           : MainThread     : DEBUG   : advance bulk: unit.000030 [1]
2017-09-10 22:39:38,860: umgr.staging.output.0.child: umgr.staging.output.0           : MainThread     : DEBUG   : advance bulk size: 1 [True, True]
2017-09-10 22:39:38,860: umgr.staging.output.0.child: umgr.staging.output.0           : MainThread     : DEBUG   : advance bulk: unit.000030 [1]
2017-09-10 22:39:38,861: umgr.staging.output.0.child: umgr.staging.output.0           : MainThread     : DEBUG   : bucket: DONE : ['unit.000030']
2017-09-10 22:39:38,861: umgr.staging.output.0.child: umgr.staging.output.0           : MainThread     : DEBUG   : push unit.000030 ===| DONE
2017-09-10 22:52:13,844: umgr.staging.output.0.child: umgr.staging.output.0           : MainThread     : DEBUG   : got unit (unit.000033)
2017-09-10 22:52:13,844: umgr.staging.output.0.child: umgr.staging.output.0           : MainThread     : DEBUG   : advance bulk size: 1 [False, True]
2017-09-10 22:52:13,844: umgr.staging.output.0.child: umgr.staging.output.0           : MainThread     : DEBUG   : advance bulk: unit.000033 [1]
2017-09-10 22:52:13,844: umgr.staging.output.0.child: umgr.staging.output.0           : MainThread     : DEBUG   : advance bulk size: 1 [True, True]
2017-09-10 22:52:13,844: umgr.staging.output.0.child: umgr.staging.output.0           : MainThread     : DEBUG   : advance bulk: unit.000033 [1]
2017-09-10 22:52:13,845: umgr.staging.output.0.child: umgr.staging.output.0           : MainThread     : DEBUG   : bucket: DONE : ['unit.000033']
2017-09-10 22:52:13,845: umgr.staging.output.0.child: umgr.staging.output.0           : MainThread     : DEBUG   : push unit.000033 ===| DONE
2017-09-10 22:52:28,564: umgr.staging.output.0.child: umgr.staging.output.0           : MainThread     : DEBUG   : got unit (unit.000015)
2017-09-10 22:52:28,564: umgr.staging.output.0.child: umgr.staging.output.0           : MainThread     : DEBUG   : advance bulk size: 1 [False, True]
2017-09-10 22:52:28,564: umgr.staging.output.0.child: umgr.staging.output.0           : MainThread     : DEBUG   : advance bulk: unit.000015 [1]
2017-09-10 22:52:28,564: umgr.staging.output.0.child: umgr.staging.output.0           : MainThread     : DEBUG   : advance bulk size: 1 [True, True]
2017-09-10 22:52:28,564: umgr.staging.output.0.child: umgr.staging.output.0           : MainThread     : DEBUG   : advance bulk: unit.000015 [1]
2017-09-10 22:52:28,564: umgr.staging.output.0.child: umgr.staging.output.0           : MainThread     : DEBUG   : bucket: DONE : ['unit.000015']
2017-09-10 22:52:28,564: umgr.staging.output.0.child: umgr.staging.output.0           : MainThread     : DEBUG   : push unit.000015 ===| DONE
2017-09-10 23:01:48,911: umgr.staging.output.0.child: umgr.staging.output.0           : MainThread     : DEBUG   : got unit (unit.000035)
2017-09-10 23:01:48,912: umgr.staging.output.0.child: umgr.staging.output.0           : MainThread     : DEBUG   : advance bulk size: 1 [False, True]
2017-09-10 23:01:48,912: umgr.staging.output.0.child: umgr.staging.output.0           : MainThread     : DEBUG   : advance bulk: unit.000035 [1]
2017-09-10 23:01:48,912: umgr.staging.output.0.child: umgr.staging.output.0           : MainThread     : DEBUG   : advance bulk size: 1 [True, True]
2017-09-10 23:01:48,912: umgr.staging.output.0.child: umgr.staging.output.0           : MainThread     : DEBUG   : advance bulk: unit.000035 [1]
2017-09-10 23:01:48,913: umgr.staging.output.0.child: umgr.staging.output.0           : MainThread     : DEBUG   : bucket: DONE : ['unit.000035']
2017-09-10 23:01:48,913: umgr.staging.output.0.child: umgr.staging.output.0           : MainThread     : DEBUG   : push unit.000035 ===| DONE
2017-09-10 23:14:34,202: umgr.staging.output.0.child: umgr.staging.output.0           : MainThread     : DEBUG   : got unit (unit.000036)
2017-09-10 23:14:34,202: umgr.staging.output.0.child: umgr.staging.output.0           : MainThread     : DEBUG   : advance bulk size: 1 [False, True]
2017-09-10 23:14:34,202: umgr.staging.output.0.child: umgr.staging.output.0           : MainThread     : DEBUG   : advance bulk: unit.000036 [1]
2017-09-10 23:14:34,202: umgr.staging.output.0.child: umgr.staging.output.0           : MainThread     : DEBUG   : advance bulk size: 1 [True, True]
2017-09-10 23:14:34,202: umgr.staging.output.0.child: umgr.staging.output.0           : MainThread     : DEBUG   : advance bulk: unit.000036 [1]
2017-09-10 23:14:34,203: umgr.staging.output.0.child: umgr.staging.output.0           : MainThread     : DEBUG   : bucket: DONE : ['unit.000036']
2017-09-10 23:14:34,204: umgr.staging.output.0.child: umgr.staging.output.0           : MainThread     : DEBUG   : push unit.000036 ===| DONE
2017-09-11 00:24:20,005: umgr.staging.output.0.child: umgr.staging.output.0           : MainThread     : DEBUG   : got unit (unit.000028)
2017-09-11 00:24:20,006: umgr.staging.output.0.child: umgr.staging.output.0           : MainThread     : DEBUG   : advance bulk size: 1 [False, True]
2017-09-11 00:24:20,006: umgr.staging.output.0.child: umgr.staging.output.0           : MainThread     : DEBUG   : advance bulk: unit.000028 [1]
2017-09-11 00:24:20,006: umgr.staging.output.0.child: umgr.staging.output.0           : MainThread     : DEBUG   : advance bulk size: 1 [True, True]
2017-09-11 00:24:20,006: umgr.staging.output.0.child: umgr.staging.output.0           : MainThread     : DEBUG   : advance bulk: unit.000028 [1]
2017-09-11 00:24:20,007: umgr.staging.output.0.child: umgr.staging.output.0           : MainThread     : DEBUG   : bucket: DONE : ['unit.000028']
2017-09-11 00:24:20,007: umgr.staging.output.0.child: umgr.staging.output.0           : MainThread     : DEBUG   : push unit.000028 ===| DONE
2017-09-11 00:33:37,474: umgr.staging.output.0.child: umgr.staging.output.0           : MainThread     : DEBUG   : got unit (unit.000034)
2017-09-11 00:33:37,474: umgr.staging.output.0.child: umgr.staging.output.0           : MainThread     : DEBUG   : advance bulk size: 1 [False, True]
2017-09-11 00:33:37,474: umgr.staging.output.0.child: umgr.staging.output.0           : MainThread     : DEBUG   : advance bulk: unit.000034 [1]
2017-09-11 00:33:37,474: umgr.staging.output.0.child: umgr.staging.output.0           : MainThread     : DEBUG   : advance bulk size: 1 [True, True]
2017-09-11 00:33:37,474: umgr.staging.output.0.child: umgr.staging.output.0           : MainThread     : DEBUG   : advance bulk: unit.000034 [1]
2017-09-11 00:33:37,475: umgr.staging.output.0.child: umgr.staging.output.0           : MainThread     : DEBUG   : bucket: DONE : ['unit.000034']
2017-09-11 00:33:37,475: umgr.staging.output.0.child: umgr.staging.output.0           : MainThread     : DEBUG   : push unit.000034 ===| DONE
2017-09-11 00:42:56,798: umgr.staging.output.0.child: umgr.staging.output.0           : MainThread     : DEBUG   : got unit (unit.000021)
2017-09-11 00:42:56,798: umgr.staging.output.0.child: umgr.staging.output.0           : MainThread     : DEBUG   : advance bulk size: 1 [False, True]
2017-09-11 00:42:56,798: umgr.staging.output.0.child: umgr.staging.output.0           : MainThread     : DEBUG   : advance bulk: unit.000021 [1]
2017-09-11 00:42:56,799: umgr.staging.output.0.child: umgr.staging.output.0           : MainThread     : DEBUG   : advance bulk size: 1 [True, True]
2017-09-11 00:42:56,799: umgr.staging.output.0.child: umgr.staging.output.0           : MainThread     : DEBUG   : advance bulk: unit.000021 [1]
2017-09-11 00:42:56,800: umgr.staging.output.0.child: umgr.staging.output.0           : MainThread     : DEBUG   : bucket: DONE : ['unit.000021']
2017-09-11 00:42:56,800: umgr.staging.output.0.child: umgr.staging.output.0           : MainThread     : DEBUG   : push unit.000021 ===| DONE
2017-09-11 01:05:06,906: umgr.staging.output.0.child: umgr.staging.output.0           : MainThread     : DEBUG   : got unit (unit.000037)
2017-09-11 01:05:06,906: umgr.staging.output.0.child: umgr.staging.output.0           : MainThread     : DEBUG   : advance bulk size: 1 [False, True]
2017-09-11 01:05:06,906: umgr.staging.output.0.child: umgr.staging.output.0           : MainThread     : DEBUG   : advance bulk: unit.000037 [1]
2017-09-11 01:05:06,906: umgr.staging.output.0.child: umgr.staging.output.0           : MainThread     : DEBUG   : advance bulk size: 1 [True, True]
2017-09-11 01:05:06,906: umgr.staging.output.0.child: umgr.staging.output.0           : MainThread     : DEBUG   : advance bulk: unit.000037 [1]
2017-09-11 01:05:06,908: umgr.staging.output.0.child: umgr.staging.output.0           : MainThread     : DEBUG   : bucket: DONE : ['unit.000037']
2017-09-11 01:05:06,908: umgr.staging.output.0.child: umgr.staging.output.0           : MainThread     : DEBUG   : push unit.000037 ===| DONE
2017-09-11 01:15:38,037: umgr.staging.output.0.child: umgr.staging.output.0           : MainThread     : DEBUG   : got unit (unit.000039)
2017-09-11 01:15:38,037: umgr.staging.output.0.child: umgr.staging.output.0           : MainThread     : DEBUG   : advance bulk size: 1 [False, True]
2017-09-11 01:15:38,038: umgr.staging.output.0.child: umgr.staging.output.0           : MainThread     : DEBUG   : advance bulk: unit.000039 [1]
2017-09-11 01:15:38,038: umgr.staging.output.0.child: umgr.staging.output.0           : MainThread     : DEBUG   : advance bulk size: 1 [True, True]
2017-09-11 01:15:38,038: umgr.staging.output.0.child: umgr.staging.output.0           : MainThread     : DEBUG   : advance bulk: unit.000039 [1]
2017-09-11 01:15:38,039: umgr.staging.output.0.child: umgr.staging.output.0           : MainThread     : DEBUG   : bucket: DONE : ['unit.000039']
2017-09-11 01:15:38,039: umgr.staging.output.0.child: umgr.staging.output.0           : MainThread     : DEBUG   : push unit.000039 ===| DONE
2017-09-11 01:25:00,644: umgr.staging.output.0.child: umgr.staging.output.0           : MainThread     : DEBUG   : got unit (unit.000022)
2017-09-11 01:25:00,644: umgr.staging.output.0.child: umgr.staging.output.0           : MainThread     : DEBUG   : advance bulk size: 1 [False, True]
2017-09-11 01:25:00,644: umgr.staging.output.0.child: umgr.staging.output.0           : MainThread     : DEBUG   : advance bulk: unit.000022 [1]
2017-09-11 01:25:00,644: umgr.staging.output.0.child: umgr.staging.output.0           : MainThread     : DEBUG   : advance bulk size: 1 [True, True]
2017-09-11 01:25:00,644: umgr.staging.output.0.child: umgr.staging.output.0           : MainThread     : DEBUG   : advance bulk: unit.000022 [1]
2017-09-11 01:25:00,645: umgr.staging.output.0.child: umgr.staging.output.0           : MainThread     : DEBUG   : bucket: DONE : ['unit.000022']
2017-09-11 01:25:00,645: umgr.staging.output.0.child: umgr.staging.output.0           : MainThread     : DEBUG   : push unit.000022 ===| DONE
2017-09-11 01:25:07,265: umgr.staging.output.0.child: umgr.staging.output.0           : MainThread     : DEBUG   : got unit (unit.000043)
2017-09-11 01:25:07,265: umgr.staging.output.0.child: umgr.staging.output.0           : MainThread     : DEBUG   : advance bulk size: 1 [False, True]
2017-09-11 01:25:07,265: umgr.staging.output.0.child: umgr.staging.output.0           : MainThread     : DEBUG   : advance bulk: unit.000043 [1]
2017-09-11 01:25:07,265: umgr.staging.output.0.child: umgr.staging.output.0           : MainThread     : DEBUG   : src: rep8.tgz
2017-09-11 01:25:07,265: umgr.staging.output.0.child: umgr.staging.output.0           : MainThread     : DEBUG   : tgt: rep8.tgz
2017-09-11 01:25:07,265: umgr.staging.output.0.child: umgr.staging.output.0           : MainThread     : DEBUG   : <- rep8.tgz (<type 'str'>)
2017-09-11 01:25:07,265: umgr.staging.output.0.child: umgr.staging.output.0           : MainThread     : DEBUG   :    rep8.tgz
2017-09-11 01:25:07,265: umgr.staging.output.0.child: umgr.staging.output.0           : MainThread     : DEBUG   :    pwd
2017-09-11 01:25:07,266: umgr.staging.output.0.child: umgr.staging.output.0           : MainThread     : DEBUG   :    expand with gsisftp://bw.ncsa.illinois.edu/scratch/sciteam/balasubr/radical.pilot.sandbox/rp.session.two.vivek.017419.0001/pilot.0000//unit.000043/
2017-09-11 01:25:07,266: umgr.staging.output.0.child: umgr.staging.output.0           : MainThread     : DEBUG   : -> gsisftp://bw.ncsa.illinois.edu/scratch/sciteam/balasubr/radical.pilot.sandbox/rp.session.two.vivek.017419.0001/pilot.0000/unit.000043/rep8.tgz
2017-09-11 01:25:07,266: umgr.staging.output.0.child: umgr.staging.output.0           : MainThread     : DEBUG   : <- rep8.tgz (<type 'str'>)
2017-09-11 01:25:07,266: umgr.staging.output.0.child: umgr.staging.output.0           : MainThread     : DEBUG   :    rep8.tgz
2017-09-11 01:25:07,266: umgr.staging.output.0.child: umgr.staging.output.0           : MainThread     : DEBUG   :    pwd
2017-09-11 01:25:07,266: umgr.staging.output.0.child: umgr.staging.output.0           : MainThread     : DEBUG   :    expand with /home/vivek/repos/GB-SC18/scripts
2017-09-11 01:25:07,266: umgr.staging.output.0.child: umgr.staging.output.0           : MainThread     : DEBUG   : -> file:///home/vivek/repos/GB-SC18/scripts/rep8.tgz
2017-09-11 01:25:07,266: umgr.staging.output.0.child: umgr.staging.output.0           : MainThread     : DEBUG   : src: gsisftp://bw.ncsa.illinois.edu/scratch/sciteam/balasubr/radical.pilot.sandbox/rp.session.two.vivek.017419.0001/pilot.0000/unit.000043/rep8.tgz
2017-09-11 01:25:07,266: umgr.staging.output.0.child: umgr.staging.output.0           : MainThread     : DEBUG   : tgt: file:///home/vivek/repos/GB-SC18/scripts/rep8.tgz
2017-09-11 01:25:19,692: umgr.staging.output.0.child: umgr.staging.output.0           : MainThread     : DEBUG   : advance bulk size: 1 [True, True]
2017-09-11 01:25:19,692: umgr.staging.output.0.child: umgr.staging.output.0           : MainThread     : DEBUG   : advance bulk: unit.000043 [1]
2017-09-11 01:25:19,693: umgr.staging.output.0.child: umgr.staging.output.0           : MainThread     : DEBUG   : bucket: DONE : ['unit.000043']
2017-09-11 01:25:19,693: umgr.staging.output.0.child: umgr.staging.output.0           : MainThread     : DEBUG   : push unit.000043 ===| DONE
2017-09-11 02:33:33,423: umgr.staging.output.0.child: umgr.staging.output.0           : MainThread     : DEBUG   : got unit (unit.000040)
2017-09-11 02:33:33,423: umgr.staging.output.0.child: umgr.staging.output.0           : MainThread     : DEBUG   : advance bulk size: 1 [False, True]
2017-09-11 02:33:33,423: umgr.staging.output.0.child: umgr.staging.output.0           : MainThread     : DEBUG   : advance bulk: unit.000040 [1]
2017-09-11 02:33:33,423: umgr.staging.output.0.child: umgr.staging.output.0           : MainThread     : DEBUG   : advance bulk size: 1 [True, True]
2017-09-11 02:33:33,423: umgr.staging.output.0.child: umgr.staging.output.0           : MainThread     : DEBUG   : advance bulk: unit.000040 [1]
2017-09-11 02:33:33,424: umgr.staging.output.0.child: umgr.staging.output.0           : MainThread     : DEBUG   : bucket: DONE : ['unit.000040']
2017-09-11 02:33:33,424: umgr.staging.output.0.child: umgr.staging.output.0           : MainThread     : DEBUG   : push unit.000040 ===| DONE
2017-09-11 02:44:04,659: umgr.staging.output.0.child: umgr.staging.output.0           : MainThread     : DEBUG   : got unit (unit.000032)
2017-09-11 02:44:04,659: umgr.staging.output.0.child: umgr.staging.output.0           : MainThread     : DEBUG   : advance bulk size: 1 [False, True]
2017-09-11 02:44:04,659: umgr.staging.output.0.child: umgr.staging.output.0           : MainThread     : DEBUG   : advance bulk: unit.000032 [1]
2017-09-11 02:44:04,659: umgr.staging.output.0.child: umgr.staging.output.0           : MainThread     : DEBUG   : advance bulk size: 1 [True, True]
2017-09-11 02:44:04,660: umgr.staging.output.0.child: umgr.staging.output.0           : MainThread     : DEBUG   : advance bulk: unit.000032 [1]
2017-09-11 02:44:04,661: umgr.staging.output.0.child: umgr.staging.output.0           : MainThread     : DEBUG   : bucket: DONE : ['unit.000032']
2017-09-11 02:44:04,661: umgr.staging.output.0.child: umgr.staging.output.0           : MainThread     : DEBUG   : push unit.000032 ===| DONE
2017-09-11 02:53:23,506: umgr.staging.output.0.child: umgr.staging.output.0           : MainThread     : DEBUG   : got unit (unit.000038)
2017-09-11 02:53:23,506: umgr.staging.output.0.child: umgr.staging.output.0           : MainThread     : DEBUG   : advance bulk size: 1 [False, True]
2017-09-11 02:53:23,506: umgr.staging.output.0.child: umgr.staging.output.0           : MainThread     : DEBUG   : advance bulk: unit.000038 [1]
2017-09-11 02:53:23,506: umgr.staging.output.0.child: umgr.staging.output.0           : MainThread     : DEBUG   : advance bulk size: 1 [True, True]
2017-09-11 02:53:23,506: umgr.staging.output.0.child: umgr.staging.output.0           : MainThread     : DEBUG   : advance bulk: unit.000038 [1]
2017-09-11 02:53:23,507: umgr.staging.output.0.child: umgr.staging.output.0           : MainThread     : DEBUG   : bucket: DONE : ['unit.000038']
2017-09-11 02:53:23,507: umgr.staging.output.0.child: umgr.staging.output.0           : MainThread     : DEBUG   : push unit.000038 ===| DONE
2017-09-11 02:53:31,812: umgr.staging.output.0.child: umgr.staging.output.0           : MainThread     : DEBUG   : got unit (unit.000046)
2017-09-11 02:53:31,812: umgr.staging.output.0.child: umgr.staging.output.0           : MainThread     : DEBUG   : advance bulk size: 1 [False, True]
2017-09-11 02:53:31,812: umgr.staging.output.0.child: umgr.staging.output.0           : MainThread     : DEBUG   : advance bulk: unit.000046 [1]
2017-09-11 02:53:31,813: umgr.staging.output.0.child: umgr.staging.output.0           : MainThread     : DEBUG   : src: rep1.tgz
2017-09-11 02:53:31,813: umgr.staging.output.0.child: umgr.staging.output.0           : MainThread     : DEBUG   : tgt: rep1.tgz
2017-09-11 02:53:31,813: umgr.staging.output.0.child: umgr.staging.output.0           : MainThread     : DEBUG   : <- rep1.tgz (<type 'str'>)
2017-09-11 02:53:31,813: umgr.staging.output.0.child: umgr.staging.output.0           : MainThread     : DEBUG   :    rep1.tgz
2017-09-11 02:53:31,813: umgr.staging.output.0.child: umgr.staging.output.0           : MainThread     : DEBUG   :    pwd
2017-09-11 02:53:31,813: umgr.staging.output.0.child: umgr.staging.output.0           : MainThread     : DEBUG   :    expand with gsisftp://bw.ncsa.illinois.edu/scratch/sciteam/balasubr/radical.pilot.sandbox/rp.session.two.vivek.017419.0001/pilot.0000//unit.000046/
2017-09-11 02:53:31,813: umgr.staging.output.0.child: umgr.staging.output.0           : MainThread     : DEBUG   : -> gsisftp://bw.ncsa.illinois.edu/scratch/sciteam/balasubr/radical.pilot.sandbox/rp.session.two.vivek.017419.0001/pilot.0000/unit.000046/rep1.tgz
2017-09-11 02:53:31,813: umgr.staging.output.0.child: umgr.staging.output.0           : MainThread     : DEBUG   : <- rep1.tgz (<type 'str'>)
2017-09-11 02:53:31,813: umgr.staging.output.0.child: umgr.staging.output.0           : MainThread     : DEBUG   :    rep1.tgz
2017-09-11 02:53:31,813: umgr.staging.output.0.child: umgr.staging.output.0           : MainThread     : DEBUG   :    pwd
2017-09-11 02:53:31,813: umgr.staging.output.0.child: umgr.staging.output.0           : MainThread     : DEBUG   :    expand with /home/vivek/repos/GB-SC18/scripts
2017-09-11 02:53:31,813: umgr.staging.output.0.child: umgr.staging.output.0           : MainThread     : DEBUG   : -> file:///home/vivek/repos/GB-SC18/scripts/rep1.tgz
2017-09-11 02:53:31,813: umgr.staging.output.0.child: umgr.staging.output.0           : MainThread     : DEBUG   : src: gsisftp://bw.ncsa.illinois.edu/scratch/sciteam/balasubr/radical.pilot.sandbox/rp.session.two.vivek.017419.0001/pilot.0000/unit.000046/rep1.tgz
2017-09-11 02:53:31,813: umgr.staging.output.0.child: umgr.staging.output.0           : MainThread     : DEBUG   : tgt: file:///home/vivek/repos/GB-SC18/scripts/rep1.tgz
2017-09-11 02:53:43,768: umgr.staging.output.0.child: umgr.staging.output.0           : MainThread     : DEBUG   : advance bulk size: 1 [True, True]
2017-09-11 02:53:43,768: umgr.staging.output.0.child: umgr.staging.output.0           : MainThread     : DEBUG   : advance bulk: unit.000046 [1]
2017-09-11 02:53:43,769: umgr.staging.output.0.child: umgr.staging.output.0           : MainThread     : DEBUG   : bucket: DONE : ['unit.000046']
2017-09-11 02:53:43,769: umgr.staging.output.0.child: umgr.staging.output.0           : MainThread     : DEBUG   : push unit.000046 ===| DONE
2017-09-11 03:15:45,455: umgr.staging.output.0.child: umgr.staging.output.0           : MainThread     : DEBUG   : got unit (unit.000041)
2017-09-11 03:15:45,455: umgr.staging.output.0.child: umgr.staging.output.0           : MainThread     : DEBUG   : advance bulk size: 1 [False, True]
2017-09-11 03:15:45,455: umgr.staging.output.0.child: umgr.staging.output.0           : MainThread     : DEBUG   : advance bulk: unit.000041 [1]
2017-09-11 03:15:45,456: umgr.staging.output.0.child: umgr.staging.output.0           : MainThread     : DEBUG   : advance bulk size: 1 [True, True]
2017-09-11 03:15:45,456: umgr.staging.output.0.child: umgr.staging.output.0           : MainThread     : DEBUG   : advance bulk: unit.000041 [1]
2017-09-11 03:15:45,457: umgr.staging.output.0.child: umgr.staging.output.0           : MainThread     : DEBUG   : bucket: DONE : ['unit.000041']
2017-09-11 03:15:45,457: umgr.staging.output.0.child: umgr.staging.output.0           : MainThread     : DEBUG   : push unit.000041 ===| DONE
2017-09-11 03:26:18,370: umgr.staging.output.0.child: umgr.staging.output.0           : MainThread     : DEBUG   : got unit (unit.000042)
2017-09-11 03:26:18,370: umgr.staging.output.0.child: umgr.staging.output.0           : MainThread     : DEBUG   : advance bulk size: 1 [False, True]
2017-09-11 03:26:18,370: umgr.staging.output.0.child: umgr.staging.output.0           : MainThread     : DEBUG   : advance bulk: unit.000042 [1]
2017-09-11 03:26:18,371: umgr.staging.output.0.child: umgr.staging.output.0           : MainThread     : DEBUG   : advance bulk size: 1 [True, True]
2017-09-11 03:26:18,371: umgr.staging.output.0.child: umgr.staging.output.0           : MainThread     : DEBUG   : advance bulk: unit.000042 [1]
2017-09-11 03:26:18,372: umgr.staging.output.0.child: umgr.staging.output.0           : MainThread     : DEBUG   : bucket: DONE : ['unit.000042']
2017-09-11 03:26:18,372: umgr.staging.output.0.child: umgr.staging.output.0           : MainThread     : DEBUG   : push unit.000042 ===| DONE
2017-09-11 03:36:46,096: umgr.staging.output.0.child: umgr.staging.output.0           : MainThread     : DEBUG   : got unit (unit.000045)
2017-09-11 03:36:46,096: umgr.staging.output.0.child: umgr.staging.output.0           : MainThread     : DEBUG   : advance bulk size: 1 [False, True]
2017-09-11 03:36:46,096: umgr.staging.output.0.child: umgr.staging.output.0           : MainThread     : DEBUG   : advance bulk: unit.000045 [1]
2017-09-11 03:36:46,096: umgr.staging.output.0.child: umgr.staging.output.0           : MainThread     : DEBUG   : advance bulk size: 1 [True, True]
2017-09-11 03:36:46,096: umgr.staging.output.0.child: umgr.staging.output.0           : MainThread     : DEBUG   : advance bulk: unit.000045 [1]
2017-09-11 03:36:46,097: umgr.staging.output.0.child: umgr.staging.output.0           : MainThread     : DEBUG   : bucket: DONE : ['unit.000045']
2017-09-11 03:36:46,097: umgr.staging.output.0.child: umgr.staging.output.0           : MainThread     : DEBUG   : push unit.000045 ===| DONE
2017-09-11 04:44:24,447: umgr.staging.output.0.child: umgr.staging.output.0           : MainThread     : DEBUG   : got unit (unit.000044)
2017-09-11 04:44:24,447: umgr.staging.output.0.child: umgr.staging.output.0           : MainThread     : DEBUG   : advance bulk size: 1 [False, True]
2017-09-11 04:44:24,447: umgr.staging.output.0.child: umgr.staging.output.0           : MainThread     : DEBUG   : advance bulk: unit.000044 [1]
2017-09-11 04:44:24,447: umgr.staging.output.0.child: umgr.staging.output.0           : MainThread     : DEBUG   : advance bulk size: 1 [True, True]
2017-09-11 04:44:24,447: umgr.staging.output.0.child: umgr.staging.output.0           : MainThread     : DEBUG   : advance bulk: unit.000044 [1]
2017-09-11 04:44:24,448: umgr.staging.output.0.child: umgr.staging.output.0           : MainThread     : DEBUG   : bucket: DONE : ['unit.000044']
2017-09-11 04:44:24,448: umgr.staging.output.0.child: umgr.staging.output.0           : MainThread     : DEBUG   : push unit.000044 ===| DONE
2017-09-11 04:44:30,950: umgr.staging.output.0.child: umgr.staging.output.0           : MainThread     : DEBUG   : got unit (unit.000050)
2017-09-11 04:44:30,950: umgr.staging.output.0.child: umgr.staging.output.0           : MainThread     : DEBUG   : advance bulk size: 1 [False, True]
2017-09-11 04:44:30,950: umgr.staging.output.0.child: umgr.staging.output.0           : MainThread     : DEBUG   : advance bulk: unit.000050 [1]
2017-09-11 04:44:30,951: umgr.staging.output.0.child: umgr.staging.output.0           : MainThread     : DEBUG   : src: rep4.tgz
2017-09-11 04:44:30,951: umgr.staging.output.0.child: umgr.staging.output.0           : MainThread     : DEBUG   : tgt: rep4.tgz
2017-09-11 04:44:30,951: umgr.staging.output.0.child: umgr.staging.output.0           : MainThread     : DEBUG   : <- rep4.tgz (<type 'str'>)
2017-09-11 04:44:30,951: umgr.staging.output.0.child: umgr.staging.output.0           : MainThread     : DEBUG   :    rep4.tgz
2017-09-11 04:44:30,951: umgr.staging.output.0.child: umgr.staging.output.0           : MainThread     : DEBUG   :    pwd
2017-09-11 04:44:30,951: umgr.staging.output.0.child: umgr.staging.output.0           : MainThread     : DEBUG   :    expand with gsisftp://bw.ncsa.illinois.edu/scratch/sciteam/balasubr/radical.pilot.sandbox/rp.session.two.vivek.017419.0001/pilot.0000//unit.000050/
2017-09-11 04:44:30,951: umgr.staging.output.0.child: umgr.staging.output.0           : MainThread     : DEBUG   : -> gsisftp://bw.ncsa.illinois.edu/scratch/sciteam/balasubr/radical.pilot.sandbox/rp.session.two.vivek.017419.0001/pilot.0000/unit.000050/rep4.tgz
2017-09-11 04:44:30,951: umgr.staging.output.0.child: umgr.staging.output.0           : MainThread     : DEBUG   : <- rep4.tgz (<type 'str'>)
2017-09-11 04:44:30,951: umgr.staging.output.0.child: umgr.staging.output.0           : MainThread     : DEBUG   :    rep4.tgz
2017-09-11 04:44:30,951: umgr.staging.output.0.child: umgr.staging.output.0           : MainThread     : DEBUG   :    pwd
2017-09-11 04:44:30,951: umgr.staging.output.0.child: umgr.staging.output.0           : MainThread     : DEBUG   :    expand with /home/vivek/repos/GB-SC18/scripts
2017-09-11 04:44:30,951: umgr.staging.output.0.child: umgr.staging.output.0           : MainThread     : DEBUG   : -> file:///home/vivek/repos/GB-SC18/scripts/rep4.tgz
2017-09-11 04:44:30,952: umgr.staging.output.0.child: umgr.staging.output.0           : MainThread     : DEBUG   : src: gsisftp://bw.ncsa.illinois.edu/scratch/sciteam/balasubr/radical.pilot.sandbox/rp.session.two.vivek.017419.0001/pilot.0000/unit.000050/rep4.tgz
2017-09-11 04:44:30,952: umgr.staging.output.0.child: umgr.staging.output.0           : MainThread     : DEBUG   : tgt: file:///home/vivek/repos/GB-SC18/scripts/rep4.tgz
2017-09-11 04:44:46,238: umgr.staging.output.0.child: umgr.staging.output.0           : MainThread     : DEBUG   : advance bulk size: 1 [True, True]
2017-09-11 04:44:46,238: umgr.staging.output.0.child: umgr.staging.output.0           : MainThread     : DEBUG   : advance bulk: unit.000050 [1]
2017-09-11 04:44:46,238: umgr.staging.output.0.child: umgr.staging.output.0           : MainThread     : DEBUG   : bucket: DONE : ['unit.000050']
2017-09-11 04:44:46,239: umgr.staging.output.0.child: umgr.staging.output.0           : MainThread     : DEBUG   : push unit.000050 ===| DONE
2017-09-11 04:55:02,282: umgr.staging.output.0.child: umgr.staging.output.0           : MainThread     : DEBUG   : got unit (unit.000051)
2017-09-11 04:55:02,282: umgr.staging.output.0.child: umgr.staging.output.0           : MainThread     : DEBUG   : advance bulk size: 1 [False, True]
2017-09-11 04:55:02,282: umgr.staging.output.0.child: umgr.staging.output.0           : MainThread     : DEBUG   : advance bulk: unit.000051 [1]
2017-09-11 04:55:02,283: umgr.staging.output.0.child: umgr.staging.output.0           : MainThread     : DEBUG   : advance bulk size: 1 [True, True]
2017-09-11 04:55:02,283: umgr.staging.output.0.child: umgr.staging.output.0           : MainThread     : DEBUG   : advance bulk: unit.000051 [1]
2017-09-11 04:55:02,284: umgr.staging.output.0.child: umgr.staging.output.0           : MainThread     : DEBUG   : bucket: DONE : ['unit.000051']
2017-09-11 04:55:02,284: umgr.staging.output.0.child: umgr.staging.output.0           : MainThread     : DEBUG   : push unit.000051 ===| DONE
2017-09-11 05:05:33,013: umgr.staging.output.0.child: umgr.staging.output.0           : MainThread     : DEBUG   : got unit (unit.000048)
2017-09-11 05:05:33,013: umgr.staging.output.0.child: umgr.staging.output.0           : MainThread     : DEBUG   : advance bulk size: 1 [False, True]
2017-09-11 05:05:33,013: umgr.staging.output.0.child: umgr.staging.output.0           : MainThread     : DEBUG   : advance bulk: unit.000048 [1]
2017-09-11 05:05:33,013: umgr.staging.output.0.child: umgr.staging.output.0           : MainThread     : DEBUG   : advance bulk size: 1 [True, True]
2017-09-11 05:05:33,013: umgr.staging.output.0.child: umgr.staging.output.0           : MainThread     : DEBUG   : advance bulk: unit.000048 [1]
2017-09-11 05:05:33,014: umgr.staging.output.0.child: umgr.staging.output.0           : MainThread     : DEBUG   : bucket: DONE : ['unit.000048']
2017-09-11 05:05:33,014: umgr.staging.output.0.child: umgr.staging.output.0           : MainThread     : DEBUG   : push unit.000048 ===| DONE
2017-09-11 05:05:41,605: umgr.staging.output.0.child: umgr.staging.output.0           : MainThread     : DEBUG   : got unit (unit.000052)
2017-09-11 05:05:41,605: umgr.staging.output.0.child: umgr.staging.output.0           : MainThread     : DEBUG   : advance bulk size: 1 [False, True]
2017-09-11 05:05:41,605: umgr.staging.output.0.child: umgr.staging.output.0           : MainThread     : DEBUG   : advance bulk: unit.000052 [1]
2017-09-11 05:05:41,605: umgr.staging.output.0.child: umgr.staging.output.0           : MainThread     : DEBUG   : src: rep7.tgz
2017-09-11 05:05:41,606: umgr.staging.output.0.child: umgr.staging.output.0           : MainThread     : DEBUG   : tgt: rep7.tgz
2017-09-11 05:05:41,606: umgr.staging.output.0.child: umgr.staging.output.0           : MainThread     : DEBUG   : <- rep7.tgz (<type 'str'>)
2017-09-11 05:05:41,606: umgr.staging.output.0.child: umgr.staging.output.0           : MainThread     : DEBUG   :    rep7.tgz
2017-09-11 05:05:41,606: umgr.staging.output.0.child: umgr.staging.output.0           : MainThread     : DEBUG   :    pwd
2017-09-11 05:05:41,606: umgr.staging.output.0.child: umgr.staging.output.0           : MainThread     : DEBUG   :    expand with gsisftp://bw.ncsa.illinois.edu/scratch/sciteam/balasubr/radical.pilot.sandbox/rp.session.two.vivek.017419.0001/pilot.0000//unit.000052/
2017-09-11 05:05:41,606: umgr.staging.output.0.child: umgr.staging.output.0           : MainThread     : DEBUG   : -> gsisftp://bw.ncsa.illinois.edu/scratch/sciteam/balasubr/radical.pilot.sandbox/rp.session.two.vivek.017419.0001/pilot.0000/unit.000052/rep7.tgz
2017-09-11 05:05:41,606: umgr.staging.output.0.child: umgr.staging.output.0           : MainThread     : DEBUG   : <- rep7.tgz (<type 'str'>)
2017-09-11 05:05:41,606: umgr.staging.output.0.child: umgr.staging.output.0           : MainThread     : DEBUG   :    rep7.tgz
2017-09-11 05:05:41,606: umgr.staging.output.0.child: umgr.staging.output.0           : MainThread     : DEBUG   :    pwd
2017-09-11 05:05:41,606: umgr.staging.output.0.child: umgr.staging.output.0           : MainThread     : DEBUG   :    expand with /home/vivek/repos/GB-SC18/scripts
2017-09-11 05:05:41,606: umgr.staging.output.0.child: umgr.staging.output.0           : MainThread     : DEBUG   : -> file:///home/vivek/repos/GB-SC18/scripts/rep7.tgz
2017-09-11 05:05:41,606: umgr.staging.output.0.child: umgr.staging.output.0           : MainThread     : DEBUG   : src: gsisftp://bw.ncsa.illinois.edu/scratch/sciteam/balasubr/radical.pilot.sandbox/rp.session.two.vivek.017419.0001/pilot.0000/unit.000052/rep7.tgz
2017-09-11 05:05:41,606: umgr.staging.output.0.child: umgr.staging.output.0           : MainThread     : DEBUG   : tgt: file:///home/vivek/repos/GB-SC18/scripts/rep7.tgz
2017-09-11 05:05:53,292: umgr.staging.output.0.child: umgr.staging.output.0           : MainThread     : DEBUG   : advance bulk size: 1 [True, True]
2017-09-11 05:05:53,292: umgr.staging.output.0.child: umgr.staging.output.0           : MainThread     : DEBUG   : advance bulk: unit.000052 [1]
2017-09-11 05:05:53,293: umgr.staging.output.0.child: umgr.staging.output.0           : MainThread     : DEBUG   : bucket: DONE : ['unit.000052']
2017-09-11 05:05:53,293: umgr.staging.output.0.child: umgr.staging.output.0           : MainThread     : DEBUG   : push unit.000052 ===| DONE
2017-09-11 05:05:53,296: umgr.staging.output.0.child: umgr.staging.output.0           : MainThread     : DEBUG   : got unit (unit.000049)
2017-09-11 05:05:53,296: umgr.staging.output.0.child: umgr.staging.output.0           : MainThread     : DEBUG   : advance bulk size: 1 [False, True]
2017-09-11 05:05:53,296: umgr.staging.output.0.child: umgr.staging.output.0           : MainThread     : DEBUG   : advance bulk: unit.000049 [1]
2017-09-11 05:05:53,296: umgr.staging.output.0.child: umgr.staging.output.0           : MainThread     : DEBUG   : src: rep3.tgz
2017-09-11 05:05:53,296: umgr.staging.output.0.child: umgr.staging.output.0           : MainThread     : DEBUG   : tgt: rep3.tgz
2017-09-11 05:05:53,296: umgr.staging.output.0.child: umgr.staging.output.0           : MainThread     : DEBUG   : <- rep3.tgz (<type 'str'>)
2017-09-11 05:05:53,296: umgr.staging.output.0.child: umgr.staging.output.0           : MainThread     : DEBUG   :    rep3.tgz
2017-09-11 05:05:53,296: umgr.staging.output.0.child: umgr.staging.output.0           : MainThread     : DEBUG   :    pwd
2017-09-11 05:05:53,296: umgr.staging.output.0.child: umgr.staging.output.0           : MainThread     : DEBUG   :    expand with gsisftp://bw.ncsa.illinois.edu/scratch/sciteam/balasubr/radical.pilot.sandbox/rp.session.two.vivek.017419.0001/pilot.0000//unit.000049/
2017-09-11 05:05:53,296: umgr.staging.output.0.child: umgr.staging.output.0           : MainThread     : DEBUG   : -> gsisftp://bw.ncsa.illinois.edu/scratch/sciteam/balasubr/radical.pilot.sandbox/rp.session.two.vivek.017419.0001/pilot.0000/unit.000049/rep3.tgz
2017-09-11 05:05:53,296: umgr.staging.output.0.child: umgr.staging.output.0           : MainThread     : DEBUG   : <- rep3.tgz (<type 'str'>)
2017-09-11 05:05:53,296: umgr.staging.output.0.child: umgr.staging.output.0           : MainThread     : DEBUG   :    rep3.tgz
2017-09-11 05:05:53,296: umgr.staging.output.0.child: umgr.staging.output.0           : MainThread     : DEBUG   :    pwd
2017-09-11 05:05:53,296: umgr.staging.output.0.child: umgr.staging.output.0           : MainThread     : DEBUG   :    expand with /home/vivek/repos/GB-SC18/scripts
2017-09-11 05:05:53,297: umgr.staging.output.0.child: umgr.staging.output.0           : MainThread     : DEBUG   : -> file:///home/vivek/repos/GB-SC18/scripts/rep3.tgz
2017-09-11 05:05:53,297: umgr.staging.output.0.child: umgr.staging.output.0           : MainThread     : DEBUG   : src: gsisftp://bw.ncsa.illinois.edu/scratch/sciteam/balasubr/radical.pilot.sandbox/rp.session.two.vivek.017419.0001/pilot.0000/unit.000049/rep3.tgz
2017-09-11 05:05:53,297: umgr.staging.output.0.child: umgr.staging.output.0           : MainThread     : DEBUG   : tgt: file:///home/vivek/repos/GB-SC18/scripts/rep3.tgz
2017-09-11 05:05:56,421: umgr.staging.output.0.child: umgr.staging.output.0           : MainThread     : DEBUG   : advance bulk size: 1 [True, True]
2017-09-11 05:05:56,422: umgr.staging.output.0.child: umgr.staging.output.0           : MainThread     : DEBUG   : advance bulk: unit.000049 [1]
2017-09-11 05:05:56,422: umgr.staging.output.0.child: umgr.staging.output.0           : MainThread     : DEBUG   : bucket: DONE : ['unit.000049']
2017-09-11 05:05:56,422: umgr.staging.output.0.child: umgr.staging.output.0           : MainThread     : DEBUG   : push unit.000049 ===| DONE
2017-09-11 05:05:58,173: umgr.staging.output.0.child: umgr.staging.output.0           : MainThread     : DEBUG   : got unit (unit.000053)
2017-09-11 05:05:58,173: umgr.staging.output.0.child: umgr.staging.output.0           : MainThread     : DEBUG   : advance bulk size: 1 [False, True]
2017-09-11 05:05:58,173: umgr.staging.output.0.child: umgr.staging.output.0           : MainThread     : DEBUG   : advance bulk: unit.000053 [1]
2017-09-11 05:05:58,173: umgr.staging.output.0.child: umgr.staging.output.0           : MainThread     : DEBUG   : src: rep5.tgz
2017-09-11 05:05:58,173: umgr.staging.output.0.child: umgr.staging.output.0           : MainThread     : DEBUG   : tgt: rep5.tgz
2017-09-11 05:05:58,173: umgr.staging.output.0.child: umgr.staging.output.0           : MainThread     : DEBUG   : <- rep5.tgz (<type 'str'>)
2017-09-11 05:05:58,173: umgr.staging.output.0.child: umgr.staging.output.0           : MainThread     : DEBUG   :    rep5.tgz
2017-09-11 05:05:58,173: umgr.staging.output.0.child: umgr.staging.output.0           : MainThread     : DEBUG   :    pwd
2017-09-11 05:05:58,173: umgr.staging.output.0.child: umgr.staging.output.0           : MainThread     : DEBUG   :    expand with gsisftp://bw.ncsa.illinois.edu/scratch/sciteam/balasubr/radical.pilot.sandbox/rp.session.two.vivek.017419.0001/pilot.0000//unit.000053/
2017-09-11 05:05:58,173: umgr.staging.output.0.child: umgr.staging.output.0           : MainThread     : DEBUG   : -> gsisftp://bw.ncsa.illinois.edu/scratch/sciteam/balasubr/radical.pilot.sandbox/rp.session.two.vivek.017419.0001/pilot.0000/unit.000053/rep5.tgz
2017-09-11 05:05:58,173: umgr.staging.output.0.child: umgr.staging.output.0           : MainThread     : DEBUG   : <- rep5.tgz (<type 'str'>)
2017-09-11 05:05:58,173: umgr.staging.output.0.child: umgr.staging.output.0           : MainThread     : DEBUG   :    rep5.tgz
2017-09-11 05:05:58,173: umgr.staging.output.0.child: umgr.staging.output.0           : MainThread     : DEBUG   :    pwd
2017-09-11 05:05:58,173: umgr.staging.output.0.child: umgr.staging.output.0           : MainThread     : DEBUG   :    expand with /home/vivek/repos/GB-SC18/scripts
2017-09-11 05:05:58,174: umgr.staging.output.0.child: umgr.staging.output.0           : MainThread     : DEBUG   : -> file:///home/vivek/repos/GB-SC18/scripts/rep5.tgz
2017-09-11 05:05:58,174: umgr.staging.output.0.child: umgr.staging.output.0           : MainThread     : DEBUG   : src: gsisftp://bw.ncsa.illinois.edu/scratch/sciteam/balasubr/radical.pilot.sandbox/rp.session.two.vivek.017419.0001/pilot.0000/unit.000053/rep5.tgz
2017-09-11 05:05:58,174: umgr.staging.output.0.child: umgr.staging.output.0           : MainThread     : DEBUG   : tgt: file:///home/vivek/repos/GB-SC18/scripts/rep5.tgz
2017-09-11 05:06:01,430: umgr.staging.output.0.child: umgr.staging.output.0           : MainThread     : DEBUG   : advance bulk size: 1 [True, True]
2017-09-11 05:06:01,430: umgr.staging.output.0.child: umgr.staging.output.0           : MainThread     : DEBUG   : advance bulk: unit.000053 [1]
2017-09-11 05:06:01,431: umgr.staging.output.0.child: umgr.staging.output.0           : MainThread     : DEBUG   : bucket: DONE : ['unit.000053']
2017-09-11 05:06:01,431: umgr.staging.output.0.child: umgr.staging.output.0           : MainThread     : DEBUG   : push unit.000053 ===| DONE
2017-09-11 05:27:25,860: umgr.staging.output.0.child: umgr.staging.output.0           : MainThread     : DEBUG   : got unit (unit.000047)
2017-09-11 05:27:25,860: umgr.staging.output.0.child: umgr.staging.output.0           : MainThread     : DEBUG   : advance bulk size: 1 [False, True]
2017-09-11 05:27:25,861: umgr.staging.output.0.child: umgr.staging.output.0           : MainThread     : DEBUG   : advance bulk: unit.000047 [1]
2017-09-11 05:27:25,861: umgr.staging.output.0.child: umgr.staging.output.0           : MainThread     : DEBUG   : advance bulk size: 1 [True, True]
2017-09-11 05:27:25,861: umgr.staging.output.0.child: umgr.staging.output.0           : MainThread     : DEBUG   : advance bulk: unit.000047 [1]
2017-09-11 05:27:25,862: umgr.staging.output.0.child: umgr.staging.output.0           : MainThread     : DEBUG   : bucket: DONE : ['unit.000047']
2017-09-11 05:27:25,862: umgr.staging.output.0.child: umgr.staging.output.0           : MainThread     : DEBUG   : push unit.000047 ===| DONE
2017-09-11 05:38:00,072: umgr.staging.output.0.child: umgr.staging.output.0           : MainThread     : DEBUG   : got unit (unit.000054)
2017-09-11 05:38:00,072: umgr.staging.output.0.child: umgr.staging.output.0           : MainThread     : DEBUG   : advance bulk size: 1 [False, True]
2017-09-11 05:38:00,072: umgr.staging.output.0.child: umgr.staging.output.0           : MainThread     : DEBUG   : advance bulk: unit.000054 [1]
2017-09-11 05:38:00,072: umgr.staging.output.0.child: umgr.staging.output.0           : MainThread     : DEBUG   : advance bulk size: 1 [True, True]
2017-09-11 05:38:00,072: umgr.staging.output.0.child: umgr.staging.output.0           : MainThread     : DEBUG   : advance bulk: unit.000054 [1]
2017-09-11 05:38:00,075: umgr.staging.output.0.child: umgr.staging.output.0           : MainThread     : DEBUG   : bucket: DONE : ['unit.000054']
2017-09-11 05:38:00,076: umgr.staging.output.0.child: umgr.staging.output.0           : MainThread     : DEBUG   : push unit.000054 ===| DONE
2017-09-11 05:38:13,541: umgr.staging.output.0.child: umgr.staging.output.0           : MainThread     : DEBUG   : got unit (unit.000055)
2017-09-11 05:38:13,542: umgr.staging.output.0.child: umgr.staging.output.0           : MainThread     : DEBUG   : advance bulk size: 1 [False, True]
2017-09-11 05:38:13,542: umgr.staging.output.0.child: umgr.staging.output.0           : MainThread     : DEBUG   : advance bulk: unit.000055 [1]
2017-09-11 05:38:13,542: umgr.staging.output.0.child: umgr.staging.output.0           : MainThread     : DEBUG   : src: rep6.tgz
2017-09-11 05:38:13,542: umgr.staging.output.0.child: umgr.staging.output.0           : MainThread     : DEBUG   : tgt: rep6.tgz
2017-09-11 05:38:13,542: umgr.staging.output.0.child: umgr.staging.output.0           : MainThread     : DEBUG   : <- rep6.tgz (<type 'str'>)
2017-09-11 05:38:13,542: umgr.staging.output.0.child: umgr.staging.output.0           : MainThread     : DEBUG   :    rep6.tgz
2017-09-11 05:38:13,542: umgr.staging.output.0.child: umgr.staging.output.0           : MainThread     : DEBUG   :    pwd
2017-09-11 05:38:13,542: umgr.staging.output.0.child: umgr.staging.output.0           : MainThread     : DEBUG   :    expand with gsisftp://bw.ncsa.illinois.edu/scratch/sciteam/balasubr/radical.pilot.sandbox/rp.session.two.vivek.017419.0001/pilot.0000//unit.000055/
2017-09-11 05:38:13,542: umgr.staging.output.0.child: umgr.staging.output.0           : MainThread     : DEBUG   : -> gsisftp://bw.ncsa.illinois.edu/scratch/sciteam/balasubr/radical.pilot.sandbox/rp.session.two.vivek.017419.0001/pilot.0000/unit.000055/rep6.tgz
2017-09-11 05:38:13,542: umgr.staging.output.0.child: umgr.staging.output.0           : MainThread     : DEBUG   : <- rep6.tgz (<type 'str'>)
2017-09-11 05:38:13,542: umgr.staging.output.0.child: umgr.staging.output.0           : MainThread     : DEBUG   :    rep6.tgz
2017-09-11 05:38:13,542: umgr.staging.output.0.child: umgr.staging.output.0           : MainThread     : DEBUG   :    pwd
2017-09-11 05:38:13,542: umgr.staging.output.0.child: umgr.staging.output.0           : MainThread     : DEBUG   :    expand with /home/vivek/repos/GB-SC18/scripts
2017-09-11 05:38:13,543: umgr.staging.output.0.child: umgr.staging.output.0           : MainThread     : DEBUG   : -> file:///home/vivek/repos/GB-SC18/scripts/rep6.tgz
2017-09-11 05:38:13,543: umgr.staging.output.0.child: umgr.staging.output.0           : MainThread     : DEBUG   : src: gsisftp://bw.ncsa.illinois.edu/scratch/sciteam/balasubr/radical.pilot.sandbox/rp.session.two.vivek.017419.0001/pilot.0000/unit.000055/rep6.tgz
2017-09-11 05:38:13,543: umgr.staging.output.0.child: umgr.staging.output.0           : MainThread     : DEBUG   : tgt: file:///home/vivek/repos/GB-SC18/scripts/rep6.tgz
2017-09-11 05:38:25,238: umgr.staging.output.0.child: umgr.staging.output.0           : MainThread     : DEBUG   : advance bulk size: 1 [True, True]
2017-09-11 05:38:25,239: umgr.staging.output.0.child: umgr.staging.output.0           : MainThread     : DEBUG   : advance bulk: unit.000055 [1]
2017-09-11 05:38:25,239: umgr.staging.output.0.child: umgr.staging.output.0           : MainThread     : DEBUG   : bucket: DONE : ['unit.000055']
2017-09-11 05:38:25,239: umgr.staging.output.0.child: umgr.staging.output.0           : MainThread     : DEBUG   : push unit.000055 ===| DONE
2017-09-11 05:38:26,241: umgr.staging.output.0.child: umgr.staging.output.0           : MainThread     : DEBUG   : ru_finalize_common()
2017-09-11 05:38:26,241: umgr.staging.output.0.child: umgr.staging.output.0           : MainThread     : DEBUG   : TERM : umgr.staging.output.0.child unregister publisher log_pubsub
2017-09-11 05:38:26,243: umgr.staging.output.0.child: umgr.staging.output.0           : MainThread     : DEBUG   : unregistered publisher log_pubsub
2017-09-11 05:38:26,243: umgr.staging.output.0.child: umgr.staging.output.0           : MainThread     : DEBUG   : TERM : umgr.staging.output.0.child unregister publisher state_pubsub
2017-09-11 05:38:26,244: umgr.staging.output.0.child: umgr.staging.output.0           : MainThread     : DEBUG   : unregistered publisher state_pubsub
2017-09-11 05:38:26,244: umgr.staging.output.0.child: umgr.staging.output.0           : MainThread     : DEBUG   : TERM : umgr.staging.output.0.child unregister publisher control_pubsub
2017-09-11 05:38:26,245: umgr.staging.output.0.child: umgr.staging.output.0           : MainThread     : DEBUG   : unregistered publisher control_pubsub
2017-09-11 05:38:26,246: umgr.staging.output.0.child: umgr.staging.output.0           : MainThread     : DEBUG   : umgr.staging.output.0.child close prof
2017-09-11 05:38:26,246: umgr.staging.output.0.child: umgr.staging.output.0           : MainThread     : INFO    : send message: [umgr.staging.output.0.child] terminating
2017-09-11 05:38:26,327: umgr.staging.output.0.child: umgr.staging.output.0           : umgr.staging.output.0.child.watch: WARNING : endpoint disappeard
2017-09-11 05:38:26,328: umgr.staging.output.0.child: umgr.staging.output.0           : umgr.staging.output.0.child.watch: INFO    : watcher closes
2017-09-11 05:38:26,328: umgr.staging.output.0.child: umgr.staging.output.0           : umgr.staging.output.0.child.watch: INFO    : put message: [umgr.staging.output.0.child.watch.thread] work finished
2017-09-11 05:38:26,328: umgr.staging.output.0.child: umgr.staging.output.0           : umgr.staging.output.0.child.watch: DEBUG   : ru_finalize_child (NOOP)
2017-09-11 05:38:26,328: umgr.staging.output.0.child: umgr.staging.output.0           : umgr.staging.output.0.child.watch: DEBUG   : ru_finalize_common (NOOP)
2017-09-11 05:38:26,328: umgr.staging.output.0.child: umgr.staging.output.0           : umgr.staging.output.0.child.watch: INFO    : put message: [umgr.staging.output.0.child.watch.thread] terminating
2017-09-11 05:38:26,346: umgr.staging.output.0.child: umgr.staging.output.0           : MainThread     : INFO    : parent stops child
2017-09-11 05:38:26,347: umgr.staging.output.0.child: umgr.staging.output.0           : MainThread     : DEBUG   : ru_finalize_parent (NOOP)
2017-09-11 05:38:26,347: umgr.staging.output.0.child: umgr.staging.output.0           : umgr.staging.output.0.child.subscriber._cancel_monitor_cb: ERROR   : abort: ZMQError('Socket operation on non-socket')
Traceback (most recent call last):
  File "/home/vivek/ves/test-htbac/local/lib/python2.7/site-packages/radical/utils/threads.py", line 375, in _run
    if not self.work_cb():
  File "/home/vivek/ves/test-htbac/local/lib/python2.7/site-packages/radical/pilot/utils/component.py", line 1088, in work_cb
    topic, msg = self._q.get_nowait(500)  # timout in ms
  File "/home/vivek/ves/test-htbac/local/lib/python2.7/site-packages/radical/pilot/utils/pubsub.py", line 352, in get_nowait
    if _uninterruptible(self._q.poll, flags=zmq.POLLIN, timeout=timeout):
  File "/home/vivek/ves/test-htbac/local/lib/python2.7/site-packages/radical/pilot/utils/pubsub.py", line 50, in _uninterruptible
    return f(*args, **kwargs)
  File "/home/vivek/ves/test-htbac/local/lib/python2.7/site-packages/zmq/sugar/socket.py", line 558, in poll
    evts = dict(p.poll(timeout))
  File "/home/vivek/ves/test-htbac/local/lib/python2.7/site-packages/zmq/sugar/poll.py", line 99, in poll
    return zmq_poll(self.sockets, timeout=timeout)
  File "zmq/backend/cython/_poll.pyx", line 123, in zmq.backend.cython._poll.zmq_poll (zmq/backend/cython/_poll.c:2186)
  File "zmq/backend/cython/_poll.pyx", line 116, in zmq.backend.cython._poll.zmq_poll (zmq/backend/cython/_poll.c:2036)
  File "zmq/backend/cython/checkrc.pxd", line 25, in zmq.backend.cython.checkrc._check_rc (zmq/backend/cython/_poll.c:2811)
    raise ZMQError(errno)
ZMQError: Socket operation on non-socket
2017-09-11 05:38:26,350: umgr.staging.output.0.child: umgr.staging.output.0           : umgr.staging.output.0.child.subscriber._cancel_monitor_cb: INFO    : put message: [umgr.staging.output.0.child.subscriber._cancel_monitor_cb.thread] ZMQError('Socket operation on non-socket')
2017-09-11 05:38:26,350: umgr.staging.output.0.child: umgr.staging.output.0           : umgr.staging.output.0.child.subscriber._cancel_monitor_cb: DEBUG   : ru_finalize_child (NOOP)
2017-09-11 05:38:26,350: umgr.staging.output.0.child: umgr.staging.output.0           : umgr.staging.output.0.child.subscriber._cancel_monitor_cb: INFO    : put message: [umgr.staging.output.0.child.subscriber._cancel_monitor_cb.thread] terminating
