2017-09-05 22:36:19,300: update.0.child      : update.0                        : MainThread     : INFO    : python.interpreter   version: 2.7.12 (default, Nov 19 2016, 06:48:10) [GCC 5.4.0 20160609]
2017-09-05 22:36:19,301: update.0.child      : update.0                        : MainThread     : INFO    :                      pid: 4863
2017-09-05 22:36:19,301: update.0.child      : update.0                        : MainThread     : INFO    :                      tid: MainThread
2017-09-05 22:36:19,302: update.0.child      : update.0                        : MainThread     : INFO    : radical.pilot        version: 0.47-v0.46-3-g0f79ca80@devel
2017-09-05 22:36:19,317: update.0.child      : update.0                        : MainThread     : INFO    : initialize update.0.child
2017-09-05 22:36:19,321: update.0.child      : update.0                        : MainThread     : INFO    : cfg: {'agents': {},
 u'bridges': {u'control_pubsub': {'addr_in': 'tcp://138.201.86.166:43822',
                                  'addr_out': 'tcp://138.201.86.166:42385',
                                  u'bulk_size': 0,
                                  u'log_level': u'debug',
                                  u'stall_hwm': 1},
              u'log_pubsub': {'addr_in': 'tcp://138.201.86.166:43355',
                              'addr_out': 'tcp://138.201.86.166:38850',
                              u'bulk_size': 0,
                              u'log_level': u'debug',
                              u'stall_hwm': 1},
              u'state_pubsub': {'addr_in': 'tcp://138.201.86.166:33084',
                                'addr_out': 'tcp://138.201.86.166:40378',
                                u'bulk_size': 0,
                                u'log_level': u'debug',
                                u'stall_hwm': 1}},
 'cname': u'UpdateWorker',
 u'components': {},
 u'count': 1,
 'dburl': 'mongodb://user:user@ds153652.mlab.com:53652/test_08_08',
 'debug': 'DEBUG',
 u'default_dburl': u'mongodb://rp:rp@ds015335.mlab.com:15335/rp',
 'logdir': '/home/vivek/repos/GB-SC18/scripts/rp.session.two.vivek.017414.0004',
 'number': 0,
 'owner': 'rp.session.two.vivek.017414.0004',
 'session_id': 'rp.session.two.vivek.017414.0004'}
2017-09-05 22:36:19,321: update.0.child      : update.0                        : MainThread     : DEBUG   : start components: {}
2017-09-05 22:36:19,321: update.0.child      : update.0                        : MainThread     : DEBUG   : alive check in term
2017-09-05 22:36:19,321: update.0.child      : update.0                        : MainThread     : DEBUG   : START: update.0.child register publisher log_pubsub
2017-09-05 22:36:19,322: update.0.child      : update.0                        : MainThread     : DEBUG   : using addr tcp://138.201.86.166:43355 for pubsub log_pubsub
2017-09-05 22:36:19,326: update.0.child      : update.0                        : MainThread     : DEBUG   : registered publisher : log_pubsub : log.pubsub.pub.0000
2017-09-05 22:36:19,326: update.0.child      : update.0                        : MainThread     : DEBUG   : alive check in term
2017-09-05 22:36:19,326: update.0.child      : update.0                        : MainThread     : DEBUG   : START: update.0.child register publisher state_pubsub
2017-09-05 22:36:19,326: update.0.child      : update.0                        : MainThread     : DEBUG   : using addr tcp://138.201.86.166:33084 for pubsub state_pubsub
2017-09-05 22:36:19,329: update.0.child      : update.0                        : MainThread     : DEBUG   : registered publisher : state_pubsub : state.pubsub.pub.0000
2017-09-05 22:36:19,329: update.0.child      : update.0                        : MainThread     : DEBUG   : alive check in term
2017-09-05 22:36:19,330: update.0.child      : update.0                        : MainThread     : DEBUG   : START: update.0.child register publisher control_pubsub
2017-09-05 22:36:19,330: update.0.child      : update.0                        : MainThread     : DEBUG   : using addr tcp://138.201.86.166:43822 for pubsub control_pubsub
2017-09-05 22:36:19,344: update.0.child      : update.0                        : MainThread     : DEBUG   : registered publisher : control_pubsub : control.pubsub.pub.0000
2017-09-05 22:36:19,344: update.0.child      : update.0                        : MainThread     : DEBUG   : alive check in term
2017-09-05 22:36:19,344: update.0.child      : update.0                        : MainThread     : DEBUG   : START: update.0.child register subscriber update.0.child.subscriber._cancel_monitor_cb
2017-09-05 22:36:19,344: update.0.child      : update.0                        : MainThread     : DEBUG   : using addr tcp://138.201.86.166:42385 for pubsub control_pubsub
2017-09-05 22:36:19,348: update.0.child      : update.0                        : MainThread     : DEBUG   : parent name: update.0.child.subscriber._cancel_monitor_cb
2017-09-05 22:36:19,348: update.0.child      : update.0                        : MainThread     : DEBUG   : start thread
2017-09-05 22:36:19,349: update.0.child      : update.0                        : update.0.child.subscriber._cancel_monitor_cb: DEBUG   : child name: update.0.child.subscriber._cancel_monitor_cb.thread
2017-09-05 22:36:19,349: update.0.child      : update.0                        : update.0.child.subscriber._cancel_monitor_cb: INFO    : child (me) initializing
2017-09-05 22:36:19,349: update.0.child      : update.0                        : update.0.child.subscriber._cancel_monitor_cb: DEBUG   : ru_initialize_common (NOOP)
2017-09-05 22:36:19,350: update.0.child      : update.0                        : update.0.child.subscriber._cancel_monitor_cb: DEBUG   : ru_initialize_child (NOOP)
2017-09-05 22:36:19,350: update.0.child      : update.0                        : update.0.child.subscriber._cancel_monitor_cb: INFO    : send alive
2017-09-05 22:36:19,350: update.0.child      : update.0                        : update.0.child.subscriber._cancel_monitor_cb: INFO    : put message: [update.0.child.subscriber._cancel_monitor_cb.thread] alive
2017-09-05 22:36:19,351: update.0.child      : update.0                        : MainThread     : INFO    : get msg: alive
2017-09-05 22:36:19,351: update.0.child      : update.0                        : MainThread     : DEBUG   : ru_initialize_common (NOOP)
2017-09-05 22:36:19,351: update.0.child      : update.0                        : MainThread     : DEBUG   : ru_initialize_parent (NOOP)
2017-09-05 22:36:19,351: update.0.child      : update.0                        : MainThread     : DEBUG   : child thread update.0.child.subscriber._cancel_monitor_cb started
2017-09-05 22:36:19,351: update.0.child      : update.0                        : MainThread     : DEBUG   : update.0.child registered control_pubsub subscriber update.0.child.subscriber._cancel_monitor_cb
2017-09-05 22:36:19,872: update.0.child      : update.0                        : MainThread     : DEBUG   : alive check in term
2017-09-05 22:36:19,872: update.0.child      : update.0                        : MainThread     : DEBUG   : START: update.0.child register subscriber update.0.child.subscriber._state_cb
2017-09-05 22:36:19,872: update.0.child      : update.0                        : MainThread     : DEBUG   : using addr tcp://138.201.86.166:40378 for pubsub state_pubsub
2017-09-05 22:36:19,876: update.0.child      : update.0                        : MainThread     : DEBUG   : parent name: update.0.child.subscriber._state_cb
2017-09-05 22:36:19,876: update.0.child      : update.0                        : MainThread     : DEBUG   : start thread
2017-09-05 22:36:19,877: update.0.child      : update.0                        : update.0.child.subscriber._state_cb: DEBUG   : child name: update.0.child.subscriber._state_cb.thread
2017-09-05 22:36:19,877: update.0.child      : update.0                        : update.0.child.subscriber._state_cb: INFO    : child (me) initializing
2017-09-05 22:36:19,877: update.0.child      : update.0                        : update.0.child.subscriber._state_cb: DEBUG   : ru_initialize_common (NOOP)
2017-09-05 22:36:19,877: update.0.child      : update.0                        : update.0.child.subscriber._state_cb: DEBUG   : ru_initialize_child (NOOP)
2017-09-05 22:36:19,877: update.0.child      : update.0                        : update.0.child.subscriber._state_cb: INFO    : send alive
2017-09-05 22:36:19,878: update.0.child      : update.0                        : update.0.child.subscriber._state_cb: INFO    : put message: [update.0.child.subscriber._state_cb.thread] alive
2017-09-05 22:36:19,878: update.0.child      : update.0                        : MainThread     : INFO    : get msg: alive
2017-09-05 22:36:19,879: update.0.child      : update.0                        : MainThread     : DEBUG   : ru_initialize_common (NOOP)
2017-09-05 22:36:19,879: update.0.child      : update.0                        : MainThread     : DEBUG   : ru_initialize_parent (NOOP)
2017-09-05 22:36:19,879: update.0.child      : update.0                        : MainThread     : DEBUG   : child thread update.0.child.subscriber._state_cb started
2017-09-05 22:36:19,879: update.0.child      : update.0                        : MainThread     : DEBUG   : update.0.child registered state_pubsub subscriber update.0.child.subscriber._state_cb
2017-09-05 22:36:19,879: update.0.child      : update.0                        : MainThread     : DEBUG   : alive check in term
2017-09-05 22:36:19,879: update.0.child      : update.0                        : MainThread     : DEBUG   : START: update.0.child register idler update.0.child.idler._idle_cb
2017-09-05 22:36:19,880: update.0.child      : update.0                        : MainThread     : DEBUG   : parent name: update.0.child.idler._idle_cb
2017-09-05 22:36:19,880: update.0.child      : update.0                        : MainThread     : DEBUG   : start thread
2017-09-05 22:36:19,880: update.0.child      : update.0                        : update.0.child.idler._idle_cb: DEBUG   : child name: update.0.child.idler._idle_cb.thread
2017-09-05 22:36:19,881: update.0.child      : update.0                        : update.0.child.idler._idle_cb: INFO    : child (me) initializing
2017-09-05 22:36:19,881: update.0.child      : update.0                        : update.0.child.idler._idle_cb: DEBUG   : ru_initialize_common (NOOP)
2017-09-05 22:36:19,881: update.0.child      : update.0                        : update.0.child.idler._idle_cb: DEBUG   : ru_initialize_child (NOOP)
2017-09-05 22:36:19,881: update.0.child      : update.0                        : update.0.child.idler._idle_cb: INFO    : send alive
2017-09-05 22:36:19,881: update.0.child      : update.0                        : update.0.child.idler._idle_cb: INFO    : put message: [update.0.child.idler._idle_cb.thread] alive
2017-09-05 22:36:19,882: update.0.child      : update.0                        : MainThread     : INFO    : get msg: alive
2017-09-05 22:36:19,883: update.0.child      : update.0                        : MainThread     : DEBUG   : ru_initialize_common (NOOP)
2017-09-05 22:36:19,883: update.0.child      : update.0                        : MainThread     : DEBUG   : ru_initialize_parent (NOOP)
2017-09-05 22:36:19,883: update.0.child      : update.0                        : MainThread     : DEBUG   : child thread update.0.child.idler._idle_cb started
2017-09-05 22:36:19,883: update.0.child      : update.0                        : MainThread     : DEBUG   : update.0.child registered idler update.0.child.idler._idle_cb
2017-09-05 22:36:19,883: update.0.child      : update.0                        : MainThread     : INFO    : child (me) initializing
2017-09-05 22:36:19,884: update.0.child      : update.0                        : MainThread     : DEBUG   : parent name: update.0.child.watch
2017-09-05 22:36:19,884: update.0.child      : update.0                        : MainThread     : DEBUG   : start thread
2017-09-05 22:36:19,884: update.0.child      : update.0                        : update.0.child.watch: DEBUG   : child name: update.0.child.watch.thread
2017-09-05 22:36:19,884: update.0.child      : update.0                        : update.0.child.watch: INFO    : child (me) initializing
2017-09-05 22:36:19,885: update.0.child      : update.0                        : update.0.child.watch: DEBUG   : ru_initialize_common (NOOP)
2017-09-05 22:36:19,885: update.0.child      : update.0                        : update.0.child.watch: DEBUG   : ru_initialize_child (NOOP)
2017-09-05 22:36:19,885: update.0.child      : update.0                        : update.0.child.watch: INFO    : send alive
2017-09-05 22:36:19,885: update.0.child      : update.0                        : update.0.child.watch: INFO    : put message: [update.0.child.watch.thread] alive
2017-09-05 22:36:19,886: update.0.child      : update.0                        : MainThread     : INFO    : get msg: alive
2017-09-05 22:36:19,886: update.0.child      : update.0                        : MainThread     : DEBUG   : ru_initialize_common (NOOP)
2017-09-05 22:36:19,886: update.0.child      : update.0                        : MainThread     : DEBUG   : ru_initialize_parent (NOOP)
2017-09-05 22:36:19,886: update.0.child      : update.0                        : MainThread     : DEBUG   : child thread update.0.child.watch started
2017-09-05 22:36:19,886: update.0.child      : update.0                        : MainThread     : INFO    : child (me) is alive
2017-09-05 22:36:19,886: update.0.child      : update.0                        : MainThread     : INFO    : send alive
2017-09-05 22:36:19,886: update.0.child      : update.0                        : MainThread     : INFO    : send message: [update.0.child] alive
2017-09-05 22:36:26,068: update.0.child      : update.0                        : update.0.child.subscriber._state_cb: DEBUG   : bulked pilot.0000 [PMGR_LAUNCHING_PENDING] update.0.child
2017-09-05 22:36:26,171: update.0.child      : update.0                        : update.0.child.subscriber._state_cb: DEBUG   : bulk update result: {'nModified': 1, 'nUpserted': 0, 'nMatched': 1, 'writeErrors': [], 'upserted': [], 'writeConcernErrors': [], 'nRemoved': 0, 'nInserted': 0}
2017-09-05 22:36:26,172: update.0.child      : update.0                        : update.0.child.subscriber._state_cb: DEBUG   : bulked pilot.0000 [PMGR_LAUNCHING] update.0.child
2017-09-05 22:36:28,007: update.0.child      : update.0                        : update.0.child.idler._idle_cb: DEBUG   : bulk update result: {'nModified': 1, 'nUpserted': 0, 'nMatched': 1, 'writeErrors': [], 'upserted': [], 'writeConcernErrors': [], 'nRemoved': 0, 'nInserted': 0}
2017-09-05 22:36:58,623: update.0.child      : update.0                        : update.0.child.subscriber._state_cb: DEBUG   : bulked pilot.0000 [PMGR_ACTIVE_PENDING] update.0.child
2017-09-05 22:36:58,726: update.0.child      : update.0                        : update.0.child.subscriber._state_cb: DEBUG   : bulk update result: {'nModified': 1, 'nUpserted': 0, 'nMatched': 1, 'writeErrors': [], 'upserted': [], 'writeConcernErrors': [], 'nRemoved': 0, 'nInserted': 0}
2017-09-05 22:43:44,188: update.0.child      : update.0                        : update.0.child.subscriber._state_cb: DEBUG   : bulked pilot.0000 [PMGR_ACTIVE] update.0.child
2017-09-05 22:43:44,289: update.0.child      : update.0                        : update.0.child.subscriber._state_cb: DEBUG   : bulk update result: {'nModified': 1, 'nUpserted': 0, 'nMatched': 1, 'writeErrors': [], 'upserted': [], 'writeConcernErrors': [], 'nRemoved': 0, 'nInserted': 0}
2017-09-05 22:43:45,416: update.0.child      : update.0                        : update.0.child.subscriber._state_cb: DEBUG   : bulked unit.000000 [UMGR_SCHEDULING_PENDING] update.0.child
2017-09-05 22:43:45,517: update.0.child      : update.0                        : update.0.child.subscriber._state_cb: DEBUG   : bulk update result: {'nModified': 1, 'nUpserted': 0, 'nMatched': 1, 'writeErrors': [], 'upserted': [], 'writeConcernErrors': [], 'nRemoved': 0, 'nInserted': 0}
2017-09-05 22:43:45,518: update.0.child      : update.0                        : update.0.child.subscriber._state_cb: DEBUG   : bulked unit.000000 [UMGR_SCHEDULING] update.0.child
2017-09-05 22:43:45,518: update.0.child      : update.0                        : update.0.child.subscriber._state_cb: DEBUG   : bulked unit.000000 [UMGR_STAGING_INPUT_PENDING] update.0.child
2017-09-05 22:43:45,518: update.0.child      : update.0                        : update.0.child.subscriber._state_cb: DEBUG   : bulked unit.000000 [UMGR_STAGING_INPUT] update.0.child
2017-09-05 22:43:45,519: update.0.child      : update.0                        : update.0.child.subscriber._state_cb: DEBUG   : bulked unit.000000 [AGENT_STAGING_INPUT_PENDING] update.0.child
2017-09-05 22:43:47,243: update.0.child      : update.0                        : update.0.child.idler._idle_cb: DEBUG   : bulk update result: {'nModified': 4, 'nUpserted': 0, 'nMatched': 4, 'writeErrors': [], 'upserted': [], 'writeConcernErrors': [], 'nRemoved': 0, 'nInserted': 0}
2017-09-05 22:43:48,415: update.0.child      : update.0                        : update.0.child.subscriber._state_cb: DEBUG   : bulked unit.000000 [AGENT_STAGING_INPUT] update.0.child
2017-09-05 22:43:48,517: update.0.child      : update.0                        : update.0.child.subscriber._state_cb: DEBUG   : bulk update result: {'nModified': 1, 'nUpserted': 0, 'nMatched': 1, 'writeErrors': [], 'upserted': [], 'writeConcernErrors': [], 'nRemoved': 0, 'nInserted': 0}
2017-09-05 22:43:49,521: update.0.child      : update.0                        : update.0.child.subscriber._state_cb: DEBUG   : bulked unit.000000 [AGENT_SCHEDULING_PENDING] update.0.child
2017-09-05 22:43:49,622: update.0.child      : update.0                        : update.0.child.subscriber._state_cb: DEBUG   : bulk update result: {'nModified': 1, 'nUpserted': 0, 'nMatched': 1, 'writeErrors': [], 'upserted': [], 'writeConcernErrors': [], 'nRemoved': 0, 'nInserted': 0}
2017-09-05 22:43:49,623: update.0.child      : update.0                        : update.0.child.subscriber._state_cb: DEBUG   : bulked unit.000000 [AGENT_SCHEDULING] update.0.child
2017-09-05 22:43:49,623: update.0.child      : update.0                        : update.0.child.subscriber._state_cb: DEBUG   : bulked unit.000000 [AGENT_EXECUTING_PENDING] update.0.child
2017-09-05 22:43:49,623: update.0.child      : update.0                        : update.0.child.subscriber._state_cb: DEBUG   : bulked unit.000000 [AGENT_EXECUTING] update.0.child
2017-09-05 22:43:51,349: update.0.child      : update.0                        : update.0.child.idler._idle_cb: DEBUG   : bulk update result: {'nModified': 3, 'nUpserted': 0, 'nMatched': 3, 'writeErrors': [], 'upserted': [], 'writeConcernErrors': [], 'nRemoved': 0, 'nInserted': 0}
2017-09-05 22:43:53,989: update.0.child      : update.0                        : update.0.child.subscriber._state_cb: DEBUG   : bulked unit.000000 [AGENT_STAGING_OUTPUT_PENDING] update.0.child
2017-09-05 22:43:54,090: update.0.child      : update.0                        : update.0.child.subscriber._state_cb: DEBUG   : bulk update result: {'nModified': 1, 'nUpserted': 0, 'nMatched': 1, 'writeErrors': [], 'upserted': [], 'writeConcernErrors': [], 'nRemoved': 0, 'nInserted': 0}
2017-09-05 22:43:55,098: update.0.child      : update.0                        : update.0.child.subscriber._state_cb: DEBUG   : bulked unit.000000 [AGENT_STAGING_OUTPUT] update.0.child
2017-09-05 22:43:55,199: update.0.child      : update.0                        : update.0.child.subscriber._state_cb: DEBUG   : bulk update result: {'nModified': 1, 'nUpserted': 0, 'nMatched': 1, 'writeErrors': [], 'upserted': [], 'writeConcernErrors': [], 'nRemoved': 0, 'nInserted': 0}
2017-09-05 22:43:55,199: update.0.child      : update.0                        : update.0.child.subscriber._state_cb: DEBUG   : bulked unit.000000 [UMGR_STAGING_OUTPUT_PENDING] update.0.child
2017-09-05 22:43:55,405: update.0.child      : update.0                        : update.0.child.subscriber._state_cb: DEBUG   : bulked unit.000000 [UMGR_STAGING_OUTPUT_PENDING] update.0.child
2017-09-05 22:43:55,407: update.0.child      : update.0                        : update.0.child.subscriber._state_cb: DEBUG   : bulked unit.000000 [UMGR_STAGING_OUTPUT] update.0.child
2017-09-05 22:43:55,408: update.0.child      : update.0                        : update.0.child.subscriber._state_cb: DEBUG   : bulked unit.000000 [DONE] update.0.child
2017-09-05 22:43:55,547: update.0.child      : update.0                        : update.0.child.subscriber._state_cb: DEBUG   : bulked unit.000001 [UMGR_SCHEDULING_PENDING] update.0.child
2017-09-05 22:43:55,552: update.0.child      : update.0                        : update.0.child.subscriber._state_cb: DEBUG   : bulked unit.000001 [UMGR_SCHEDULING] update.0.child
2017-09-05 22:43:55,552: update.0.child      : update.0                        : update.0.child.subscriber._state_cb: DEBUG   : bulked unit.000001 [UMGR_STAGING_INPUT_PENDING] update.0.child
2017-09-05 22:43:55,557: update.0.child      : update.0                        : update.0.child.subscriber._state_cb: DEBUG   : bulked unit.000001 [UMGR_STAGING_INPUT] update.0.child
2017-09-05 22:43:55,559: update.0.child      : update.0                        : update.0.child.subscriber._state_cb: DEBUG   : bulked unit.000001 [AGENT_STAGING_INPUT_PENDING] update.0.child
2017-09-05 22:43:56,461: update.0.child      : update.0                        : update.0.child.idler._idle_cb: DEBUG   : bulk update result: {'nModified': 9, 'nUpserted': 0, 'nMatched': 9, 'writeErrors': [], 'upserted': [], 'writeConcernErrors': [], 'nRemoved': 0, 'nInserted': 0}
2017-09-05 22:43:57,318: update.0.child      : update.0                        : update.0.child.subscriber._state_cb: DEBUG   : bulked unit.000001 [AGENT_STAGING_INPUT] update.0.child
2017-09-05 22:43:57,564: update.0.child      : update.0                        : update.0.child.idler._idle_cb: DEBUG   : bulk update result: {'nModified': 1, 'nUpserted': 0, 'nMatched': 1, 'writeErrors': [], 'upserted': [], 'writeConcernErrors': [], 'nRemoved': 0, 'nInserted': 0}
2017-09-05 22:43:58,427: update.0.child      : update.0                        : update.0.child.subscriber._state_cb: DEBUG   : bulked unit.000001 [AGENT_SCHEDULING_PENDING] update.0.child
2017-09-05 22:43:58,431: update.0.child      : update.0                        : update.0.child.subscriber._state_cb: DEBUG   : bulked unit.000001 [AGENT_SCHEDULING] update.0.child
2017-09-05 22:43:58,436: update.0.child      : update.0                        : update.0.child.subscriber._state_cb: DEBUG   : bulked unit.000001 [AGENT_EXECUTING_PENDING] update.0.child
2017-09-05 22:43:58,441: update.0.child      : update.0                        : update.0.child.subscriber._state_cb: DEBUG   : bulked unit.000001 [AGENT_EXECUTING] update.0.child
2017-09-05 22:43:58,667: update.0.child      : update.0                        : update.0.child.idler._idle_cb: DEBUG   : bulk update result: {'nModified': 4, 'nUpserted': 0, 'nMatched': 4, 'writeErrors': [], 'upserted': [], 'writeConcernErrors': [], 'nRemoved': 0, 'nInserted': 0}
2017-09-05 22:44:09,502: update.0.child      : update.0                        : update.0.child.subscriber._state_cb: DEBUG   : bulked unit.000001 [AGENT_STAGING_OUTPUT_PENDING] update.0.child
2017-09-05 22:44:09,603: update.0.child      : update.0                        : update.0.child.subscriber._state_cb: DEBUG   : bulk update result: {'nModified': 1, 'nUpserted': 0, 'nMatched': 1, 'writeErrors': [], 'upserted': [], 'writeConcernErrors': [], 'nRemoved': 0, 'nInserted': 0}
2017-09-05 22:44:11,722: update.0.child      : update.0                        : update.0.child.subscriber._state_cb: DEBUG   : bulked unit.000001 [AGENT_STAGING_OUTPUT] update.0.child
2017-09-05 22:44:11,823: update.0.child      : update.0                        : update.0.child.subscriber._state_cb: DEBUG   : bulk update result: {'nModified': 1, 'nUpserted': 0, 'nMatched': 1, 'writeErrors': [], 'upserted': [], 'writeConcernErrors': [], 'nRemoved': 0, 'nInserted': 0}
2017-09-05 22:44:11,824: update.0.child      : update.0                        : update.0.child.subscriber._state_cb: DEBUG   : bulked unit.000001 [UMGR_STAGING_OUTPUT_PENDING] update.0.child
2017-09-05 22:44:12,139: update.0.child      : update.0                        : update.0.child.subscriber._state_cb: DEBUG   : bulked unit.000001 [UMGR_STAGING_OUTPUT_PENDING] update.0.child
2017-09-05 22:44:12,144: update.0.child      : update.0                        : update.0.child.subscriber._state_cb: DEBUG   : bulked unit.000001 [UMGR_STAGING_OUTPUT] update.0.child
2017-09-05 22:44:12,148: update.0.child      : update.0                        : update.0.child.subscriber._state_cb: DEBUG   : bulked unit.000001 [DONE] update.0.child
2017-09-05 22:44:12,321: update.0.child      : update.0                        : update.0.child.subscriber._state_cb: DEBUG   : bulked unit.000002 [UMGR_SCHEDULING_PENDING] update.0.child
2017-09-05 22:44:12,326: update.0.child      : update.0                        : update.0.child.subscriber._state_cb: DEBUG   : bulked unit.000002 [UMGR_SCHEDULING] update.0.child
2017-09-05 22:44:12,326: update.0.child      : update.0                        : update.0.child.subscriber._state_cb: DEBUG   : bulked unit.000002 [UMGR_STAGING_INPUT_PENDING] update.0.child
2017-09-05 22:44:12,330: update.0.child      : update.0                        : update.0.child.subscriber._state_cb: DEBUG   : bulked unit.000002 [UMGR_STAGING_INPUT] update.0.child
2017-09-05 22:44:12,332: update.0.child      : update.0                        : update.0.child.subscriber._state_cb: DEBUG   : bulked unit.000002 [AGENT_STAGING_INPUT_PENDING] update.0.child
2017-09-05 22:44:13,893: update.0.child      : update.0                        : update.0.child.idler._idle_cb: DEBUG   : bulk update result: {'nModified': 9, 'nUpserted': 0, 'nMatched': 9, 'writeErrors': [], 'upserted': [], 'writeConcernErrors': [], 'nRemoved': 0, 'nInserted': 0}
2017-09-05 22:44:15,346: update.0.child      : update.0                        : update.0.child.subscriber._state_cb: DEBUG   : bulked unit.000002 [AGENT_STAGING_INPUT] update.0.child
2017-09-05 22:44:15,447: update.0.child      : update.0                        : update.0.child.subscriber._state_cb: DEBUG   : bulk update result: {'nModified': 1, 'nUpserted': 0, 'nMatched': 1, 'writeErrors': [], 'upserted': [], 'writeConcernErrors': [], 'nRemoved': 0, 'nInserted': 0}
2017-09-05 22:44:16,560: update.0.child      : update.0                        : update.0.child.subscriber._state_cb: DEBUG   : bulked unit.000002 [AGENT_SCHEDULING_PENDING] update.0.child
2017-09-05 22:44:16,661: update.0.child      : update.0                        : update.0.child.subscriber._state_cb: DEBUG   : bulk update result: {'nModified': 1, 'nUpserted': 0, 'nMatched': 1, 'writeErrors': [], 'upserted': [], 'writeConcernErrors': [], 'nRemoved': 0, 'nInserted': 0}
2017-09-05 22:44:16,662: update.0.child      : update.0                        : update.0.child.subscriber._state_cb: DEBUG   : bulked unit.000002 [AGENT_SCHEDULING] update.0.child
2017-09-05 22:44:16,662: update.0.child      : update.0                        : update.0.child.subscriber._state_cb: DEBUG   : bulked unit.000002 [AGENT_EXECUTING_PENDING] update.0.child
2017-09-05 22:44:16,662: update.0.child      : update.0                        : update.0.child.subscriber._state_cb: DEBUG   : bulked unit.000002 [AGENT_EXECUTING] update.0.child
2017-09-05 22:44:18,000: update.0.child      : update.0                        : update.0.child.idler._idle_cb: DEBUG   : bulk update result: {'nModified': 3, 'nUpserted': 0, 'nMatched': 3, 'writeErrors': [], 'upserted': [], 'writeConcernErrors': [], 'nRemoved': 0, 'nInserted': 0}
2017-09-05 22:56:42,126: update.0.child      : update.0                        : update.0.child.subscriber._state_cb: DEBUG   : bulked unit.000002 [AGENT_STAGING_OUTPUT_PENDING] update.0.child
2017-09-05 22:56:42,228: update.0.child      : update.0                        : update.0.child.subscriber._state_cb: DEBUG   : bulk update result: {'nModified': 1, 'nUpserted': 0, 'nMatched': 1, 'writeErrors': [], 'upserted': [], 'writeConcernErrors': [], 'nRemoved': 0, 'nInserted': 0}
2017-09-05 22:56:43,351: update.0.child      : update.0                        : update.0.child.subscriber._state_cb: DEBUG   : bulked unit.000002 [AGENT_STAGING_OUTPUT] update.0.child
2017-09-05 22:56:43,453: update.0.child      : update.0                        : update.0.child.subscriber._state_cb: DEBUG   : bulk update result: {'nModified': 1, 'nUpserted': 0, 'nMatched': 1, 'writeErrors': [], 'upserted': [], 'writeConcernErrors': [], 'nRemoved': 0, 'nInserted': 0}
2017-09-05 22:56:43,453: update.0.child      : update.0                        : update.0.child.subscriber._state_cb: DEBUG   : bulked unit.000002 [UMGR_STAGING_OUTPUT_PENDING] update.0.child
2017-09-05 22:56:43,661: update.0.child      : update.0                        : update.0.child.subscriber._state_cb: DEBUG   : bulked unit.000002 [UMGR_STAGING_OUTPUT_PENDING] update.0.child
2017-09-05 22:56:43,666: update.0.child      : update.0                        : update.0.child.subscriber._state_cb: DEBUG   : bulked unit.000002 [UMGR_STAGING_OUTPUT] update.0.child
2017-09-05 22:56:43,668: update.0.child      : update.0                        : update.0.child.subscriber._state_cb: DEBUG   : bulked unit.000002 [DONE] update.0.child
2017-09-05 22:56:43,818: update.0.child      : update.0                        : update.0.child.subscriber._state_cb: DEBUG   : bulked unit.000003 [UMGR_SCHEDULING_PENDING] update.0.child
2017-09-05 22:56:43,825: update.0.child      : update.0                        : update.0.child.subscriber._state_cb: DEBUG   : bulked unit.000003 [UMGR_SCHEDULING] update.0.child
2017-09-05 22:56:43,825: update.0.child      : update.0                        : update.0.child.subscriber._state_cb: DEBUG   : bulked unit.000003 [UMGR_STAGING_INPUT_PENDING] update.0.child
2017-09-05 22:56:43,828: update.0.child      : update.0                        : update.0.child.subscriber._state_cb: DEBUG   : bulked unit.000003 [UMGR_STAGING_INPUT] update.0.child
2017-09-05 22:56:43,832: update.0.child      : update.0                        : update.0.child.subscriber._state_cb: DEBUG   : bulked unit.000003 [AGENT_STAGING_INPUT_PENDING] update.0.child
2017-09-05 22:56:45,106: update.0.child      : update.0                        : update.0.child.idler._idle_cb: DEBUG   : bulk update result: {'nModified': 9, 'nUpserted': 0, 'nMatched': 9, 'writeErrors': [], 'upserted': [], 'writeConcernErrors': [], 'nRemoved': 0, 'nInserted': 0}
2017-09-05 22:56:45,775: update.0.child      : update.0                        : update.0.child.subscriber._state_cb: DEBUG   : bulked unit.000003 [AGENT_STAGING_INPUT] update.0.child
2017-09-05 22:56:46,208: update.0.child      : update.0                        : update.0.child.idler._idle_cb: DEBUG   : bulk update result: {'nModified': 1, 'nUpserted': 0, 'nMatched': 1, 'writeErrors': [], 'upserted': [], 'writeConcernErrors': [], 'nRemoved': 0, 'nInserted': 0}
2017-09-05 22:56:48,194: update.0.child      : update.0                        : update.0.child.subscriber._state_cb: DEBUG   : bulked unit.000003 [AGENT_SCHEDULING_PENDING] update.0.child
2017-09-05 22:56:48,296: update.0.child      : update.0                        : update.0.child.subscriber._state_cb: DEBUG   : bulk update result: {'nModified': 1, 'nUpserted': 0, 'nMatched': 1, 'writeErrors': [], 'upserted': [], 'writeConcernErrors': [], 'nRemoved': 0, 'nInserted': 0}
2017-09-05 22:56:48,296: update.0.child      : update.0                        : update.0.child.subscriber._state_cb: DEBUG   : bulked unit.000003 [AGENT_SCHEDULING] update.0.child
2017-09-05 22:56:48,296: update.0.child      : update.0                        : update.0.child.subscriber._state_cb: DEBUG   : bulked unit.000003 [AGENT_EXECUTING_PENDING] update.0.child
2017-09-05 22:56:48,296: update.0.child      : update.0                        : update.0.child.subscriber._state_cb: DEBUG   : bulked unit.000003 [AGENT_EXECUTING] update.0.child
2017-09-05 22:56:49,399: update.0.child      : update.0                        : update.0.child.idler._idle_cb: DEBUG   : bulk update result: {'nModified': 3, 'nUpserted': 0, 'nMatched': 3, 'writeErrors': [], 'upserted': [], 'writeConcernErrors': [], 'nRemoved': 0, 'nInserted': 0}
2017-09-05 23:06:02,978: update.0.child      : update.0                        : update.0.child.subscriber._state_cb: DEBUG   : bulked unit.000003 [AGENT_STAGING_OUTPUT_PENDING] update.0.child
2017-09-05 23:06:03,079: update.0.child      : update.0                        : update.0.child.subscriber._state_cb: DEBUG   : bulk update result: {'nModified': 1, 'nUpserted': 0, 'nMatched': 1, 'writeErrors': [], 'upserted': [], 'writeConcernErrors': [], 'nRemoved': 0, 'nInserted': 0}
2017-09-05 23:06:04,191: update.0.child      : update.0                        : update.0.child.subscriber._state_cb: DEBUG   : bulked unit.000003 [AGENT_STAGING_OUTPUT] update.0.child
2017-09-05 23:06:04,292: update.0.child      : update.0                        : update.0.child.subscriber._state_cb: DEBUG   : bulk update result: {'nModified': 1, 'nUpserted': 0, 'nMatched': 1, 'writeErrors': [], 'upserted': [], 'writeConcernErrors': [], 'nRemoved': 0, 'nInserted': 0}
2017-09-05 23:06:04,293: update.0.child      : update.0                        : update.0.child.subscriber._state_cb: DEBUG   : bulked unit.000003 [UMGR_STAGING_OUTPUT_PENDING] update.0.child
2017-09-05 23:06:04,502: update.0.child      : update.0                        : update.0.child.subscriber._state_cb: DEBUG   : bulked unit.000003 [UMGR_STAGING_OUTPUT_PENDING] update.0.child
2017-09-05 23:06:04,506: update.0.child      : update.0                        : update.0.child.subscriber._state_cb: DEBUG   : bulked unit.000003 [UMGR_STAGING_OUTPUT] update.0.child
2017-09-05 23:06:04,509: update.0.child      : update.0                        : update.0.child.subscriber._state_cb: DEBUG   : bulked unit.000003 [DONE] update.0.child
2017-09-05 23:06:04,646: update.0.child      : update.0                        : update.0.child.subscriber._state_cb: DEBUG   : bulked unit.000004 [UMGR_SCHEDULING_PENDING] update.0.child
2017-09-05 23:06:04,651: update.0.child      : update.0                        : update.0.child.subscriber._state_cb: DEBUG   : bulked unit.000004 [UMGR_SCHEDULING] update.0.child
2017-09-05 23:06:04,652: update.0.child      : update.0                        : update.0.child.subscriber._state_cb: DEBUG   : bulked unit.000004 [UMGR_STAGING_INPUT_PENDING] update.0.child
2017-09-05 23:06:04,658: update.0.child      : update.0                        : update.0.child.subscriber._state_cb: DEBUG   : bulked unit.000004 [UMGR_STAGING_INPUT] update.0.child
2017-09-05 23:06:04,659: update.0.child      : update.0                        : update.0.child.subscriber._state_cb: DEBUG   : bulked unit.000004 [AGENT_STAGING_INPUT_PENDING] update.0.child
2017-09-05 23:06:06,290: update.0.child      : update.0                        : update.0.child.idler._idle_cb: DEBUG   : bulk update result: {'nModified': 9, 'nUpserted': 0, 'nMatched': 9, 'writeErrors': [], 'upserted': [], 'writeConcernErrors': [], 'nRemoved': 0, 'nInserted': 0}
2017-09-05 23:06:06,816: update.0.child      : update.0                        : update.0.child.subscriber._state_cb: DEBUG   : bulked unit.000004 [AGENT_STAGING_INPUT] update.0.child
2017-09-05 23:06:07,392: update.0.child      : update.0                        : update.0.child.idler._idle_cb: DEBUG   : bulk update result: {'nModified': 1, 'nUpserted': 0, 'nMatched': 1, 'writeErrors': [], 'upserted': [], 'writeConcernErrors': [], 'nRemoved': 0, 'nInserted': 0}
2017-09-05 23:06:08,128: update.0.child      : update.0                        : update.0.child.subscriber._state_cb: DEBUG   : bulked unit.000004 [AGENT_SCHEDULING_PENDING] update.0.child
2017-09-05 23:06:08,165: update.0.child      : update.0                        : update.0.child.subscriber._state_cb: DEBUG   : bulked unit.000004 [AGENT_SCHEDULING] update.0.child
2017-09-05 23:06:08,170: update.0.child      : update.0                        : update.0.child.subscriber._state_cb: DEBUG   : bulked unit.000004 [AGENT_EXECUTING_PENDING] update.0.child
2017-09-05 23:06:08,175: update.0.child      : update.0                        : update.0.child.subscriber._state_cb: DEBUG   : bulked unit.000004 [AGENT_EXECUTING] update.0.child
2017-09-05 23:06:08,497: update.0.child      : update.0                        : update.0.child.idler._idle_cb: DEBUG   : bulk update result: {'nModified': 4, 'nUpserted': 0, 'nMatched': 4, 'writeErrors': [], 'upserted': [], 'writeConcernErrors': [], 'nRemoved': 0, 'nInserted': 0}
2017-09-06 00:56:45,677: update.0.child      : update.0                        : update.0.child.subscriber._state_cb: DEBUG   : bulked unit.000004 [AGENT_STAGING_OUTPUT_PENDING] update.0.child
2017-09-06 00:56:45,778: update.0.child      : update.0                        : update.0.child.subscriber._state_cb: DEBUG   : bulk update result: {'nModified': 1, 'nUpserted': 0, 'nMatched': 1, 'writeErrors': [], 'upserted': [], 'writeConcernErrors': [], 'nRemoved': 0, 'nInserted': 0}
2017-09-06 00:56:47,288: update.0.child      : update.0                        : update.0.child.subscriber._state_cb: DEBUG   : bulked unit.000004 [UMGR_STAGING_OUTPUT_PENDING] update.0.child
2017-09-06 00:56:47,389: update.0.child      : update.0                        : update.0.child.subscriber._state_cb: DEBUG   : bulk update result: {'nModified': 1, 'nUpserted': 0, 'nMatched': 1, 'writeErrors': [], 'upserted': [], 'writeConcernErrors': [], 'nRemoved': 0, 'nInserted': 0}
2017-09-06 00:56:47,389: update.0.child      : update.0                        : update.0.child.subscriber._state_cb: DEBUG   : bulked unit.000004 [UMGR_STAGING_OUTPUT] update.0.child
2017-09-06 00:56:47,390: update.0.child      : update.0                        : update.0.child.subscriber._state_cb: DEBUG   : bulked unit.000004 [DONE] update.0.child
2017-09-06 00:56:47,556: update.0.child      : update.0                        : update.0.child.subscriber._state_cb: DEBUG   : bulked unit.000005 [UMGR_SCHEDULING_PENDING] update.0.child
2017-09-06 00:56:47,563: update.0.child      : update.0                        : update.0.child.subscriber._state_cb: DEBUG   : bulked unit.000005 [UMGR_SCHEDULING] update.0.child
2017-09-06 00:56:47,563: update.0.child      : update.0                        : update.0.child.subscriber._state_cb: DEBUG   : bulked unit.000005 [UMGR_STAGING_INPUT_PENDING] update.0.child
2017-09-06 00:56:47,569: update.0.child      : update.0                        : update.0.child.subscriber._state_cb: DEBUG   : bulked unit.000005 [UMGR_STAGING_INPUT] update.0.child
2017-09-06 00:56:47,571: update.0.child      : update.0                        : update.0.child.subscriber._state_cb: DEBUG   : bulked unit.000005 [AGENT_STAGING_INPUT_PENDING] update.0.child
2017-09-06 00:56:48,691: update.0.child      : update.0                        : update.0.child.idler._idle_cb: DEBUG   : bulk update result: {'nModified': 7, 'nUpserted': 0, 'nMatched': 7, 'writeErrors': [], 'upserted': [], 'writeConcernErrors': [], 'nRemoved': 0, 'nInserted': 0}
2017-09-06 00:56:51,217: update.0.child      : update.0                        : update.0.child.subscriber._state_cb: DEBUG   : bulked unit.000005 [AGENT_STAGING_INPUT] update.0.child
2017-09-06 00:56:51,318: update.0.child      : update.0                        : update.0.child.subscriber._state_cb: DEBUG   : bulk update result: {'nModified': 1, 'nUpserted': 0, 'nMatched': 1, 'writeErrors': [], 'upserted': [], 'writeConcernErrors': [], 'nRemoved': 0, 'nInserted': 0}
2017-09-06 00:56:52,630: update.0.child      : update.0                        : update.0.child.subscriber._state_cb: DEBUG   : bulked unit.000005 [AGENT_SCHEDULING_PENDING] update.0.child
2017-09-06 00:56:52,731: update.0.child      : update.0                        : update.0.child.subscriber._state_cb: DEBUG   : bulk update result: {'nModified': 1, 'nUpserted': 0, 'nMatched': 1, 'writeErrors': [], 'upserted': [], 'writeConcernErrors': [], 'nRemoved': 0, 'nInserted': 0}
2017-09-06 00:56:52,732: update.0.child      : update.0                        : update.0.child.subscriber._state_cb: DEBUG   : bulked unit.000005 [AGENT_SCHEDULING] update.0.child
2017-09-06 00:56:52,732: update.0.child      : update.0                        : update.0.child.subscriber._state_cb: DEBUG   : bulked unit.000005 [AGENT_EXECUTING_PENDING] update.0.child
2017-09-06 00:56:52,732: update.0.child      : update.0                        : update.0.child.subscriber._state_cb: DEBUG   : bulked unit.000005 [AGENT_EXECUTING] update.0.child
2017-09-06 00:56:53,834: update.0.child      : update.0                        : update.0.child.idler._idle_cb: DEBUG   : bulk update result: {'nModified': 3, 'nUpserted': 0, 'nMatched': 3, 'writeErrors': [], 'upserted': [], 'writeConcernErrors': [], 'nRemoved': 0, 'nInserted': 0}
2017-09-06 01:07:20,165: update.0.child      : update.0                        : update.0.child.subscriber._state_cb: DEBUG   : bulked unit.000005 [AGENT_STAGING_OUTPUT_PENDING] update.0.child
2017-09-06 01:07:20,267: update.0.child      : update.0                        : update.0.child.subscriber._state_cb: DEBUG   : bulk update result: {'nModified': 1, 'nUpserted': 0, 'nMatched': 1, 'writeErrors': [], 'upserted': [], 'writeConcernErrors': [], 'nRemoved': 0, 'nInserted': 0}
2017-09-06 01:07:20,470: update.0.child      : update.0                        : update.0.child.subscriber._state_cb: DEBUG   : bulked unit.000005 [UMGR_STAGING_OUTPUT_PENDING] update.0.child
2017-09-06 01:07:20,489: update.0.child      : update.0                        : update.0.child.subscriber._state_cb: DEBUG   : bulked unit.000005 [UMGR_STAGING_OUTPUT] update.0.child
2017-09-06 01:07:20,492: update.0.child      : update.0                        : update.0.child.subscriber._state_cb: DEBUG   : bulked unit.000005 [DONE] update.0.child
2017-09-06 01:07:20,643: update.0.child      : update.0                        : update.0.child.subscriber._state_cb: DEBUG   : bulked unit.000006 [UMGR_SCHEDULING_PENDING] update.0.child
2017-09-06 01:07:20,646: update.0.child      : update.0                        : update.0.child.subscriber._state_cb: DEBUG   : bulked unit.000006 [UMGR_SCHEDULING] update.0.child
2017-09-06 01:07:20,647: update.0.child      : update.0                        : update.0.child.subscriber._state_cb: DEBUG   : bulked unit.000006 [UMGR_STAGING_INPUT_PENDING] update.0.child
2017-09-06 01:07:20,649: update.0.child      : update.0                        : update.0.child.subscriber._state_cb: DEBUG   : bulked unit.000006 [UMGR_STAGING_INPUT] update.0.child
2017-09-06 01:07:20,651: update.0.child      : update.0                        : update.0.child.subscriber._state_cb: DEBUG   : bulked unit.000006 [AGENT_STAGING_INPUT_PENDING] update.0.child
2017-09-06 01:07:21,797: update.0.child      : update.0                        : update.0.child.idler._idle_cb: DEBUG   : bulk update result: {'nModified': 8, 'nUpserted': 0, 'nMatched': 8, 'writeErrors': [], 'upserted': [], 'writeConcernErrors': [], 'nRemoved': 0, 'nInserted': 0}
2017-09-06 01:07:24,409: update.0.child      : update.0                        : update.0.child.subscriber._state_cb: DEBUG   : bulked unit.000006 [FAILED] update.0.child
2017-09-06 01:07:24,511: update.0.child      : update.0                        : update.0.child.subscriber._state_cb: DEBUG   : bulk update result: {'nModified': 1, 'nUpserted': 0, 'nMatched': 1, 'writeErrors': [], 'upserted': [], 'writeConcernErrors': [], 'nRemoved': 0, 'nInserted': 0}
2017-09-06 01:07:33,800: update.0.child      : update.0                        : update.0.child.subscriber._state_cb: DEBUG   : bulked pilot.0000 [CANCELED] update.0.child
2017-09-06 01:07:33,905: update.0.child      : update.0                        : update.0.child.subscriber._state_cb: DEBUG   : bulk update result: {'nModified': 1, 'nUpserted': 0, 'nMatched': 1, 'writeErrors': [], 'upserted': [], 'writeConcernErrors': [], 'nRemoved': 0, 'nInserted': 0}
