2017-09-05 22:36:19,282: update.0            : MainProcess                     : MainThread     : INFO    : python.interpreter   version: 2.7.12 (default, Nov 19 2016, 06:48:10) [GCC 5.4.0 20160609]
2017-09-05 22:36:19,282: update.0            : MainProcess                     : MainThread     : INFO    :                      pid: 4817
2017-09-05 22:36:19,282: update.0            : MainProcess                     : MainThread     : INFO    :                      tid: MainThread
2017-09-05 22:36:19,282: update.0            : MainProcess                     : MainThread     : INFO    : radical.pilot        version: 0.47-v0.46-3-g0f79ca80@devel
2017-09-05 22:36:19,294: update.0            : MainProcess                     : MainThread     : DEBUG   : alive check in term
2017-09-05 22:36:19,294: update.0            : MainProcess                     : MainThread     : DEBUG   : start process
2017-09-05 22:36:19,887: update.0            : MainProcess                     : MainThread     : INFO    : recv message: alive
2017-09-05 22:36:19,887: update.0            : MainProcess                     : MainThread     : INFO    : initialize update.0
2017-09-05 22:36:19,891: update.0            : MainProcess                     : MainThread     : INFO    : cfg: {'agents': {},
 u'bridges': {u'control_pubsub': {'addr_in': 'tcp://138.201.86.166:43822',
                                  'addr_out': 'tcp://138.201.86.166:42385',
                                  u'bulk_size': 0,
                                  u'log_level': u'debug',
                                  u'stall_hwm': 1},
              u'log_pubsub': {'addr_in': 'tcp://138.201.86.166:43355',
                              'addr_out': 'tcp://138.201.86.166:38850',
                              u'bulk_size': 0,
                              u'log_level': u'debug',
                              u'stall_hwm': 1},
              u'state_pubsub': {'addr_in': 'tcp://138.201.86.166:33084',
                                'addr_out': 'tcp://138.201.86.166:40378',
                                u'bulk_size': 0,
                                u'log_level': u'debug',
                                u'stall_hwm': 1}},
 'cname': u'UpdateWorker',
 u'components': {},
 u'count': 1,
 'dburl': 'mongodb://user:user@ds153652.mlab.com:53652/test_08_08',
 'debug': 'DEBUG',
 u'default_dburl': u'mongodb://rp:rp@ds015335.mlab.com:15335/rp',
 'logdir': '/home/vivek/repos/GB-SC18/scripts/rp.session.two.vivek.017414.0004',
 'number': 0,
 'owner': 'rp.session.two.vivek.017414.0004',
 'session_id': 'rp.session.two.vivek.017414.0004'}
2017-09-05 22:36:19,891: update.0            : MainProcess                     : MainThread     : DEBUG   : alive check in term
2017-09-05 22:36:19,891: update.0            : MainProcess                     : MainThread     : DEBUG   : START: update.0 register publisher log_pubsub
2017-09-05 22:36:19,891: update.0            : MainProcess                     : MainThread     : DEBUG   : using addr tcp://138.201.86.166:43355 for pubsub log_pubsub
2017-09-05 22:36:19,893: update.0            : MainProcess                     : MainThread     : DEBUG   : registered publisher : log_pubsub : log.pubsub.pub.0000
2017-09-05 22:36:19,893: update.0            : MainProcess                     : MainThread     : DEBUG   : alive check in term
2017-09-05 22:36:19,893: update.0            : MainProcess                     : MainThread     : DEBUG   : START: update.0 register publisher state_pubsub
2017-09-05 22:36:19,893: update.0            : MainProcess                     : MainThread     : DEBUG   : using addr tcp://138.201.86.166:33084 for pubsub state_pubsub
2017-09-05 22:36:19,894: update.0            : MainProcess                     : MainThread     : DEBUG   : registered publisher : state_pubsub : state.pubsub.pub.0000
2017-09-05 22:36:19,894: update.0            : MainProcess                     : MainThread     : DEBUG   : alive check in term
2017-09-05 22:36:19,894: update.0            : MainProcess                     : MainThread     : DEBUG   : START: update.0 register publisher control_pubsub
2017-09-05 22:36:19,894: update.0            : MainProcess                     : MainThread     : DEBUG   : using addr tcp://138.201.86.166:43822 for pubsub control_pubsub
2017-09-05 22:36:19,895: update.0            : MainProcess                     : MainThread     : DEBUG   : registered publisher : control_pubsub : control.pubsub.pub.0000
2017-09-05 22:36:19,895: update.0            : MainProcess                     : MainThread     : DEBUG   : parent name: update.0.watch
2017-09-05 22:36:19,895: update.0            : MainProcess                     : MainThread     : DEBUG   : start thread
2017-09-05 22:36:19,896: update.0            : MainProcess                     : update.0.watch : DEBUG   : child name: update.0.watch.thread
2017-09-05 22:36:19,896: update.0            : MainProcess                     : update.0.watch : INFO    : child (me) initializing
2017-09-05 22:36:19,896: update.0            : MainProcess                     : update.0.watch : DEBUG   : ru_initialize_common (NOOP)
2017-09-05 22:36:19,896: update.0            : MainProcess                     : update.0.watch : DEBUG   : ru_initialize_child (NOOP)
2017-09-05 22:36:19,896: update.0            : MainProcess                     : update.0.watch : INFO    : send alive
2017-09-05 22:36:19,896: update.0            : MainProcess                     : update.0.watch : INFO    : put message: [update.0.watch.thread] alive
2017-09-05 22:36:19,897: update.0            : MainProcess                     : MainThread     : INFO    : get msg: alive
2017-09-05 22:36:19,897: update.0            : MainProcess                     : MainThread     : DEBUG   : ru_initialize_common (NOOP)
2017-09-05 22:36:19,897: update.0            : MainProcess                     : MainThread     : DEBUG   : ru_initialize_parent (NOOP)
2017-09-05 22:36:19,897: update.0            : MainProcess                     : MainThread     : DEBUG   : child thread update.0.watch started
2017-09-05 22:36:19,897: update.0            : MainProcess                     : MainThread     : INFO    : child is alive
2017-09-05 22:36:19,897: update.0            : MainProcess                     : MainThread     : DEBUG   : process class started child
2017-09-06 01:07:34,304: update.0            : MainProcess                     : MainThread     : INFO    : stop update.0 (4817 : 4863 : MainThread) [radical.pilot.worker.update.Update.stop]
2017-09-06 01:07:34,304: update.0            : MainProcess                     : MainThread     : INFO    : parent stops child
2017-09-06 01:07:34,305: update.0            : MainProcess                     : MainThread     : DEBUG   : ru_finalize_common()
2017-09-06 01:07:34,305: update.0            : MainProcess                     : MainThread     : DEBUG   : TERM : update.0 unregister publisher log_pubsub
2017-09-06 01:07:34,306: update.0            : MainProcess                     : MainThread     : DEBUG   : unregistered publisher log_pubsub
2017-09-06 01:07:34,306: update.0            : MainProcess                     : MainThread     : DEBUG   : TERM : update.0 unregister publisher state_pubsub
2017-09-06 01:07:34,308: update.0            : MainProcess                     : MainThread     : DEBUG   : unregistered publisher state_pubsub
2017-09-06 01:07:34,308: update.0            : MainProcess                     : MainThread     : DEBUG   : TERM : update.0 unregister publisher control_pubsub
2017-09-06 01:07:34,309: update.0            : MainProcess                     : MainThread     : DEBUG   : unregistered publisher control_pubsub
2017-09-06 01:07:34,310: update.0            : MainProcess                     : MainThread     : DEBUG   : update.0 close prof
2017-09-06 01:07:34,310: update.0            : MainProcess                     : MainThread     : INFO    : parent stops child
2017-09-06 01:07:34,310: update.0            : MainProcess                     : MainThread     : DEBUG   : ru_finalize_parent (NOOP)
2017-09-06 01:07:34,310: update.0            : MainProcess                     : MainThread     : DEBUG   : ru_finalize_common (NOOP)
2017-09-06 01:07:34,336: update.0            : MainProcess                     : update.0.watch : INFO    : watcher closes
2017-09-06 01:07:34,337: update.0            : MainProcess                     : update.0.watch : INFO    : put message: [update.0.watch.thread] work finished
2017-09-06 01:07:34,337: update.0            : MainProcess                     : update.0.watch : DEBUG   : ru_finalize_child (NOOP)
2017-09-06 01:07:34,337: update.0            : MainProcess                     : update.0.watch : DEBUG   : ru_finalize_common (NOOP)
2017-09-06 01:07:34,337: update.0            : MainProcess                     : update.0.watch : INFO    : put message: [update.0.watch.thread] terminating
2017-09-06 01:07:34,442: update.0            : MainProcess                     : MainThread     : WARNING : failed to stop child - terminate
2017-09-06 01:07:34,950: update.0            : MainProcess                     : MainThread     : INFO    : stop update.0 (4817 : 4863 : MainThread) [radical.pilot.worker.update.Update.stop]
