2017-10-23 18:04:59,975: rp.session.two.jdakka.017462.0004: MainProcess                     : MainThread     : INFO    : python.interpreter   version: 2.7.12 (default, Nov 19 2016, 06:48:10) [GCC 5.4.0 20160609]
2017-10-23 18:04:59,975: rp.session.two.jdakka.017462.0004: MainProcess                     : MainThread     : INFO    :                      pid: 14986
2017-10-23 18:04:59,975: rp.session.two.jdakka.017462.0004: MainProcess                     : MainThread     : INFO    :                      tid: MainThread
2017-10-23 18:04:59,975: rp.session.two.jdakka.017462.0004: MainProcess                     : MainThread     : INFO    : radical.pilot        version: 0.47-v0.46.2-93-g379bd68d@feature-gpu
2017-10-23 18:04:59,975: rp.session.two.jdakka.017462.0004: MainProcess                     : MainThread     : INFO    : using database mongodb://jdakka:jdakka@ds151993.mlab.com:51993/entk-testing
2017-10-23 18:04:59,983: rp.session.two.jdakka.017462.0004: MainProcess                     : MainThread     : INFO    : Load resource configurations from /home/jdakka/UCL/gpu_branch_env/venv/local/lib/python2.7/site-packages/radical/pilot/configs/resource_fub.json
2017-10-23 18:04:59,984: rp.session.two.jdakka.017462.0004: MainProcess                     : MainThread     : INFO    : Load resource configurations for fub.allegro_rsh
2017-10-23 18:04:59,984: rp.session.two.jdakka.017462.0004: MainProcess                     : MainThread     : DEBUG   : read rcfg for fub.allegro_rsh (None)
2017-10-23 18:04:59,984: rp.session.two.jdakka.017462.0004: MainProcess                     : MainThread     : INFO    : Load resource configurations from /home/jdakka/UCL/gpu_branch_env/venv/local/lib/python2.7/site-packages/radical/pilot/configs/resource_yale.json
2017-10-23 18:04:59,985: rp.session.two.jdakka.017462.0004: MainProcess                     : MainThread     : INFO    : Load resource configurations for yale.grace_ssh
2017-10-23 18:04:59,985: rp.session.two.jdakka.017462.0004: MainProcess                     : MainThread     : DEBUG   : read rcfg for yale.grace_ssh (None)
2017-10-23 18:04:59,985: rp.session.two.jdakka.017462.0004: MainProcess                     : MainThread     : INFO    : Load resource configurations from /home/jdakka/UCL/gpu_branch_env/venv/local/lib/python2.7/site-packages/radical/pilot/configs/resource_stfc.json
2017-10-23 18:04:59,986: rp.session.two.jdakka.017462.0004: MainProcess                     : MainThread     : INFO    : Load resource configurations for stfc.joule_runjob
2017-10-23 18:04:59,986: rp.session.two.jdakka.017462.0004: MainProcess                     : MainThread     : DEBUG   : read rcfg for stfc.joule_runjob (None)
2017-10-23 18:04:59,986: rp.session.two.jdakka.017462.0004: MainProcess                     : MainThread     : INFO    : Load resource configurations from /home/jdakka/UCL/gpu_branch_env/venv/local/lib/python2.7/site-packages/radical/pilot/configs/resource_osg.json
2017-10-23 18:04:59,988: rp.session.two.jdakka.017462.0004: MainProcess                     : MainThread     : INFO    : Load resource configurations for osg.xsede-virt-clust
2017-10-23 18:04:59,988: rp.session.two.jdakka.017462.0004: MainProcess                     : MainThread     : DEBUG   : read rcfg for osg.xsede-virt-clust (None)
2017-10-23 18:04:59,988: rp.session.two.jdakka.017462.0004: MainProcess                     : MainThread     : INFO    : Load resource configurations for osg.connect
2017-10-23 18:04:59,988: rp.session.two.jdakka.017462.0004: MainProcess                     : MainThread     : DEBUG   : read rcfg for osg.connect (None)
2017-10-23 18:04:59,988: rp.session.two.jdakka.017462.0004: MainProcess                     : MainThread     : INFO    : Load resource configurations from /home/jdakka/UCL/gpu_branch_env/venv/local/lib/python2.7/site-packages/radical/pilot/configs/resource_xsede.json
2017-10-23 18:05:00,004: rp.session.two.jdakka.017462.0004: MainProcess                     : MainThread     : INFO    : Load resource configurations for xsede.stampede2_ssh
2017-10-23 18:05:00,005: rp.session.two.jdakka.017462.0004: MainProcess                     : MainThread     : DEBUG   : read rcfg for xsede.stampede2_ssh (None)
2017-10-23 18:05:00,005: rp.session.two.jdakka.017462.0004: MainProcess                     : MainThread     : INFO    : Load resource configurations for xsede.wrangler_spark
2017-10-23 18:05:00,005: rp.session.two.jdakka.017462.0004: MainProcess                     : MainThread     : DEBUG   : read rcfg for xsede.wrangler_spark (None)
2017-10-23 18:05:00,005: rp.session.two.jdakka.017462.0004: MainProcess                     : MainThread     : INFO    : Load resource configurations for xsede.stampede_yarn
2017-10-23 18:05:00,005: rp.session.two.jdakka.017462.0004: MainProcess                     : MainThread     : DEBUG   : read rcfg for xsede.stampede_yarn (None)
2017-10-23 18:05:00,005: rp.session.two.jdakka.017462.0004: MainProcess                     : MainThread     : INFO    : Load resource configurations for xsede.gordon_ssh
2017-10-23 18:05:00,005: rp.session.two.jdakka.017462.0004: MainProcess                     : MainThread     : DEBUG   : read rcfg for xsede.gordon_ssh (None)
2017-10-23 18:05:00,005: rp.session.two.jdakka.017462.0004: MainProcess                     : MainThread     : INFO    : Load resource configurations for xsede.stampede_ssh
2017-10-23 18:05:00,006: rp.session.two.jdakka.017462.0004: MainProcess                     : MainThread     : DEBUG   : read rcfg for xsede.stampede_ssh (None)
2017-10-23 18:05:00,006: rp.session.two.jdakka.017462.0004: MainProcess                     : MainThread     : INFO    : Load resource configurations for xsede.lonestar_ssh
2017-10-23 18:05:00,006: rp.session.two.jdakka.017462.0004: MainProcess                     : MainThread     : DEBUG   : read rcfg for xsede.lonestar_ssh (None)
2017-10-23 18:05:00,006: rp.session.two.jdakka.017462.0004: MainProcess                     : MainThread     : INFO    : Load resource configurations for xsede.supermic_spark
2017-10-23 18:05:00,006: rp.session.two.jdakka.017462.0004: MainProcess                     : MainThread     : DEBUG   : read rcfg for xsede.supermic_spark (20)
2017-10-23 18:05:00,006: rp.session.two.jdakka.017462.0004: MainProcess                     : MainThread     : INFO    : Load resource configurations for xsede.wrangler_ssh
2017-10-23 18:05:00,006: rp.session.two.jdakka.017462.0004: MainProcess                     : MainThread     : DEBUG   : read rcfg for xsede.wrangler_ssh (None)
2017-10-23 18:05:00,006: rp.session.two.jdakka.017462.0004: MainProcess                     : MainThread     : INFO    : Load resource configurations for xsede.wrangler_yarn
2017-10-23 18:05:00,007: rp.session.two.jdakka.017462.0004: MainProcess                     : MainThread     : DEBUG   : read rcfg for xsede.wrangler_yarn (None)
2017-10-23 18:05:00,007: rp.session.two.jdakka.017462.0004: MainProcess                     : MainThread     : INFO    : Load resource configurations for xsede.bridges
2017-10-23 18:05:00,007: rp.session.two.jdakka.017462.0004: MainProcess                     : MainThread     : DEBUG   : read rcfg for xsede.bridges (None)
2017-10-23 18:05:00,007: rp.session.two.jdakka.017462.0004: MainProcess                     : MainThread     : INFO    : Load resource configurations for xsede.supermic_ssh
2017-10-23 18:05:00,007: rp.session.two.jdakka.017462.0004: MainProcess                     : MainThread     : DEBUG   : read rcfg for xsede.supermic_ssh (20)
2017-10-23 18:05:00,007: rp.session.two.jdakka.017462.0004: MainProcess                     : MainThread     : INFO    : Load resource configurations for xsede.stampede_orte
2017-10-23 18:05:00,007: rp.session.two.jdakka.017462.0004: MainProcess                     : MainThread     : DEBUG   : read rcfg for xsede.stampede_orte (None)
2017-10-23 18:05:00,007: rp.session.two.jdakka.017462.0004: MainProcess                     : MainThread     : INFO    : Load resource configurations for xsede.greenfield
2017-10-23 18:05:00,008: rp.session.two.jdakka.017462.0004: MainProcess                     : MainThread     : DEBUG   : read rcfg for xsede.greenfield (15)
2017-10-23 18:05:00,008: rp.session.two.jdakka.017462.0004: MainProcess                     : MainThread     : INFO    : Load resource configurations for xsede.comet_spark
2017-10-23 18:05:00,008: rp.session.two.jdakka.017462.0004: MainProcess                     : MainThread     : DEBUG   : read rcfg for xsede.comet_spark (24)
2017-10-23 18:05:00,008: rp.session.two.jdakka.017462.0004: MainProcess                     : MainThread     : INFO    : Load resource configurations for xsede.trestles_ssh
2017-10-23 18:05:00,008: rp.session.two.jdakka.017462.0004: MainProcess                     : MainThread     : DEBUG   : read rcfg for xsede.trestles_ssh (None)
2017-10-23 18:05:00,008: rp.session.two.jdakka.017462.0004: MainProcess                     : MainThread     : INFO    : Load resource configurations for xsede.comet_ssh
2017-10-23 18:05:00,008: rp.session.two.jdakka.017462.0004: MainProcess                     : MainThread     : DEBUG   : read rcfg for xsede.comet_ssh (24)
2017-10-23 18:05:00,008: rp.session.two.jdakka.017462.0004: MainProcess                     : MainThread     : INFO    : Load resource configurations for xsede.stampede_spark
2017-10-23 18:05:00,008: rp.session.two.jdakka.017462.0004: MainProcess                     : MainThread     : DEBUG   : read rcfg for xsede.stampede_spark (None)
2017-10-23 18:05:00,008: rp.session.two.jdakka.017462.0004: MainProcess                     : MainThread     : INFO    : Load resource configurations for xsede.comet_orte
2017-10-23 18:05:00,009: rp.session.two.jdakka.017462.0004: MainProcess                     : MainThread     : DEBUG   : read rcfg for xsede.comet_orte (24)
2017-10-23 18:05:00,009: rp.session.two.jdakka.017462.0004: MainProcess                     : MainThread     : INFO    : Load resource configurations for xsede.comet_ortelib
2017-10-23 18:05:00,009: rp.session.two.jdakka.017462.0004: MainProcess                     : MainThread     : DEBUG   : read rcfg for xsede.comet_ortelib (24)
2017-10-23 18:05:00,009: rp.session.two.jdakka.017462.0004: MainProcess                     : MainThread     : INFO    : Load resource configurations for xsede.blacklight_ssh
2017-10-23 18:05:00,009: rp.session.two.jdakka.017462.0004: MainProcess                     : MainThread     : DEBUG   : read rcfg for xsede.blacklight_ssh (16)
2017-10-23 18:05:00,009: rp.session.two.jdakka.017462.0004: MainProcess                     : MainThread     : INFO    : Load resource configurations for xsede.stampede_ortelib
2017-10-23 18:05:00,009: rp.session.two.jdakka.017462.0004: MainProcess                     : MainThread     : DEBUG   : read rcfg for xsede.stampede_ortelib (None)
2017-10-23 18:05:00,009: rp.session.two.jdakka.017462.0004: MainProcess                     : MainThread     : INFO    : Load resource configurations from /home/jdakka/UCL/gpu_branch_env/venv/local/lib/python2.7/site-packages/radical/pilot/configs/resource_nersc.json
2017-10-23 18:05:00,014: rp.session.two.jdakka.017462.0004: MainProcess                     : MainThread     : INFO    : Load resource configurations for nersc.edison_ccm_ssh
2017-10-23 18:05:00,014: rp.session.two.jdakka.017462.0004: MainProcess                     : MainThread     : DEBUG   : read rcfg for nersc.edison_ccm_ssh (None)
2017-10-23 18:05:00,015: rp.session.two.jdakka.017462.0004: MainProcess                     : MainThread     : INFO    : Load resource configurations for nersc.hopper_orte
2017-10-23 18:05:00,015: rp.session.two.jdakka.017462.0004: MainProcess                     : MainThread     : DEBUG   : read rcfg for nersc.hopper_orte (None)
2017-10-23 18:05:00,015: rp.session.two.jdakka.017462.0004: MainProcess                     : MainThread     : INFO    : Load resource configurations for nersc.hopper_ccm_ssh
2017-10-23 18:05:00,015: rp.session.two.jdakka.017462.0004: MainProcess                     : MainThread     : DEBUG   : read rcfg for nersc.hopper_ccm_ssh (24)
2017-10-23 18:05:00,015: rp.session.two.jdakka.017462.0004: MainProcess                     : MainThread     : INFO    : Load resource configurations for nersc.edison_aprun
2017-10-23 18:05:00,015: rp.session.two.jdakka.017462.0004: MainProcess                     : MainThread     : DEBUG   : read rcfg for nersc.edison_aprun (None)
2017-10-23 18:05:00,015: rp.session.two.jdakka.017462.0004: MainProcess                     : MainThread     : INFO    : Load resource configurations for nersc.hopper_aprun
2017-10-23 18:05:00,015: rp.session.two.jdakka.017462.0004: MainProcess                     : MainThread     : DEBUG   : read rcfg for nersc.hopper_aprun (24)
2017-10-23 18:05:00,016: rp.session.two.jdakka.017462.0004: MainProcess                     : MainThread     : INFO    : Load resource configurations for nersc.edison_orte
2017-10-23 18:05:00,016: rp.session.two.jdakka.017462.0004: MainProcess                     : MainThread     : DEBUG   : read rcfg for nersc.edison_orte (None)
2017-10-23 18:05:00,016: rp.session.two.jdakka.017462.0004: MainProcess                     : MainThread     : INFO    : Load resource configurations from /home/jdakka/UCL/gpu_branch_env/venv/local/lib/python2.7/site-packages/radical/pilot/configs/resource_lrz.json
2017-10-23 18:05:00,017: rp.session.two.jdakka.017462.0004: MainProcess                     : MainThread     : INFO    : Load resource configurations for lrz.supermuc_ssh
2017-10-23 18:05:00,017: rp.session.two.jdakka.017462.0004: MainProcess                     : MainThread     : DEBUG   : read rcfg for lrz.supermuc_ssh (None)
2017-10-23 18:05:00,017: rp.session.two.jdakka.017462.0004: MainProcess                     : MainThread     : INFO    : Load resource configurations from /home/jdakka/UCL/gpu_branch_env/venv/local/lib/python2.7/site-packages/radical/pilot/configs/resource_epsrc.json
2017-10-23 18:05:00,019: rp.session.two.jdakka.017462.0004: MainProcess                     : MainThread     : INFO    : Load resource configurations for epsrc.archer_orte
2017-10-23 18:05:00,019: rp.session.two.jdakka.017462.0004: MainProcess                     : MainThread     : DEBUG   : read rcfg for epsrc.archer_orte (None)
2017-10-23 18:05:00,019: rp.session.two.jdakka.017462.0004: MainProcess                     : MainThread     : INFO    : Load resource configurations for epsrc.archer_aprun
2017-10-23 18:05:00,019: rp.session.two.jdakka.017462.0004: MainProcess                     : MainThread     : DEBUG   : read rcfg for epsrc.archer_aprun (None)
2017-10-23 18:05:00,019: rp.session.two.jdakka.017462.0004: MainProcess                     : MainThread     : INFO    : Load resource configurations from /home/jdakka/UCL/gpu_branch_env/venv/local/lib/python2.7/site-packages/radical/pilot/configs/resource_ncsa.json
2017-10-23 18:05:00,023: rp.session.two.jdakka.017462.0004: MainProcess                     : MainThread     : INFO    : Load resource configurations for ncsa.bw_orte
2017-10-23 18:05:00,023: rp.session.two.jdakka.017462.0004: MainProcess                     : MainThread     : DEBUG   : read rcfg for ncsa.bw_orte (None)
2017-10-23 18:05:00,023: rp.session.two.jdakka.017462.0004: MainProcess                     : MainThread     : INFO    : Load resource configurations for ncsa.bw_ccm_ssh
2017-10-23 18:05:00,023: rp.session.two.jdakka.017462.0004: MainProcess                     : MainThread     : DEBUG   : read rcfg for ncsa.bw_ccm_ssh (None)
2017-10-23 18:05:00,024: rp.session.two.jdakka.017462.0004: MainProcess                     : MainThread     : INFO    : Load resource configurations for ncsa.bw_ortelib
2017-10-23 18:05:00,024: rp.session.two.jdakka.017462.0004: MainProcess                     : MainThread     : DEBUG   : read rcfg for ncsa.bw_ortelib (None)
2017-10-23 18:05:00,024: rp.session.two.jdakka.017462.0004: MainProcess                     : MainThread     : INFO    : Load resource configurations for ncsa.bw_aprun
2017-10-23 18:05:00,024: rp.session.two.jdakka.017462.0004: MainProcess                     : MainThread     : DEBUG   : read rcfg for ncsa.bw_aprun (None)
2017-10-23 18:05:00,024: rp.session.two.jdakka.017462.0004: MainProcess                     : MainThread     : INFO    : Load resource configurations for ncsa.bw_local_orte
2017-10-23 18:05:00,024: rp.session.two.jdakka.017462.0004: MainProcess                     : MainThread     : DEBUG   : read rcfg for ncsa.bw_local_orte (None)
2017-10-23 18:05:00,024: rp.session.two.jdakka.017462.0004: MainProcess                     : MainThread     : INFO    : Load resource configurations from /home/jdakka/UCL/gpu_branch_env/venv/local/lib/python2.7/site-packages/radical/pilot/configs/resource_lumc.json
2017-10-23 18:05:00,026: rp.session.two.jdakka.017462.0004: MainProcess                     : MainThread     : INFO    : Load resource configurations for lumc.gb-ui_ssh
2017-10-23 18:05:00,026: rp.session.two.jdakka.017462.0004: MainProcess                     : MainThread     : DEBUG   : read rcfg for lumc.gb-ui_ssh (None)
2017-10-23 18:05:00,026: rp.session.two.jdakka.017462.0004: MainProcess                     : MainThread     : INFO    : Load resource configurations for lumc.shark_ssh
2017-10-23 18:05:00,026: rp.session.two.jdakka.017462.0004: MainProcess                     : MainThread     : DEBUG   : read rcfg for lumc.shark_ssh (None)
2017-10-23 18:05:00,026: rp.session.two.jdakka.017462.0004: MainProcess                     : MainThread     : INFO    : Load resource configurations from /home/jdakka/UCL/gpu_branch_env/venv/local/lib/python2.7/site-packages/radical/pilot/configs/resource_das4.json
2017-10-23 18:05:00,027: rp.session.two.jdakka.017462.0004: MainProcess                     : MainThread     : INFO    : Load resource configurations for das4.fs2_ssh
2017-10-23 18:05:00,027: rp.session.two.jdakka.017462.0004: MainProcess                     : MainThread     : DEBUG   : read rcfg for das4.fs2_ssh (None)
2017-10-23 18:05:00,027: rp.session.two.jdakka.017462.0004: MainProcess                     : MainThread     : INFO    : Load resource configurations from /home/jdakka/UCL/gpu_branch_env/venv/local/lib/python2.7/site-packages/radical/pilot/configs/resource_aliases.json
2017-10-23 18:05:00,027: rp.session.two.jdakka.017462.0004: MainProcess                     : MainThread     : INFO    : Load resource configurations from /home/jdakka/UCL/gpu_branch_env/venv/local/lib/python2.7/site-packages/radical/pilot/configs/resource_futuregrid.json
2017-10-23 18:05:00,031: rp.session.two.jdakka.017462.0004: MainProcess                     : MainThread     : INFO    : Load resource configurations for futuregrid.delta_ssh
2017-10-23 18:05:00,031: rp.session.two.jdakka.017462.0004: MainProcess                     : MainThread     : DEBUG   : read rcfg for futuregrid.delta_ssh (None)
2017-10-23 18:05:00,032: rp.session.two.jdakka.017462.0004: MainProcess                     : MainThread     : INFO    : Load resource configurations for futuregrid.india_ssh
2017-10-23 18:05:00,032: rp.session.two.jdakka.017462.0004: MainProcess                     : MainThread     : DEBUG   : read rcfg for futuregrid.india_ssh (None)
2017-10-23 18:05:00,032: rp.session.two.jdakka.017462.0004: MainProcess                     : MainThread     : INFO    : Load resource configurations for futuregrid.echo_ssh
2017-10-23 18:05:00,032: rp.session.two.jdakka.017462.0004: MainProcess                     : MainThread     : DEBUG   : read rcfg for futuregrid.echo_ssh (None)
2017-10-23 18:05:00,032: rp.session.two.jdakka.017462.0004: MainProcess                     : MainThread     : INFO    : Load resource configurations for futuregrid.xray_ccm
2017-10-23 18:05:00,032: rp.session.two.jdakka.017462.0004: MainProcess                     : MainThread     : DEBUG   : read rcfg for futuregrid.xray_ccm (None)
2017-10-23 18:05:00,032: rp.session.two.jdakka.017462.0004: MainProcess                     : MainThread     : INFO    : Load resource configurations for futuregrid.bravo_ssh
2017-10-23 18:05:00,032: rp.session.two.jdakka.017462.0004: MainProcess                     : MainThread     : DEBUG   : read rcfg for futuregrid.bravo_ssh (None)
2017-10-23 18:05:00,032: rp.session.two.jdakka.017462.0004: MainProcess                     : MainThread     : INFO    : Load resource configurations for futuregrid.xray_aprun
2017-10-23 18:05:00,032: rp.session.two.jdakka.017462.0004: MainProcess                     : MainThread     : DEBUG   : read rcfg for futuregrid.xray_aprun (None)
2017-10-23 18:05:00,033: rp.session.two.jdakka.017462.0004: MainProcess                     : MainThread     : INFO    : Load resource configurations from /home/jdakka/UCL/gpu_branch_env/venv/local/lib/python2.7/site-packages/radical/pilot/configs/resource_ornl.json
2017-10-23 18:05:00,037: rp.session.two.jdakka.017462.0004: MainProcess                     : MainThread     : INFO    : Load resource configurations for ornl.titan_orte
2017-10-23 18:05:00,038: rp.session.two.jdakka.017462.0004: MainProcess                     : MainThread     : DEBUG   : read rcfg for ornl.titan_orte (None)
2017-10-23 18:05:00,038: rp.session.two.jdakka.017462.0004: MainProcess                     : MainThread     : INFO    : Load resource configurations for ornl.titan_aprun
2017-10-23 18:05:00,038: rp.session.two.jdakka.017462.0004: MainProcess                     : MainThread     : DEBUG   : read rcfg for ornl.titan_aprun (None)
2017-10-23 18:05:00,038: rp.session.two.jdakka.017462.0004: MainProcess                     : MainThread     : INFO    : Load resource configurations for ornl.rhea
2017-10-23 18:05:00,038: rp.session.two.jdakka.017462.0004: MainProcess                     : MainThread     : DEBUG   : read rcfg for ornl.rhea (16)
2017-10-23 18:05:00,038: rp.session.two.jdakka.017462.0004: MainProcess                     : MainThread     : INFO    : Load resource configurations for ornl.rhea_aprun
2017-10-23 18:05:00,038: rp.session.two.jdakka.017462.0004: MainProcess                     : MainThread     : DEBUG   : read rcfg for ornl.rhea_aprun (None)
2017-10-23 18:05:00,038: rp.session.two.jdakka.017462.0004: MainProcess                     : MainThread     : INFO    : Load resource configurations for ornl.titan_ortelib
2017-10-23 18:05:00,039: rp.session.two.jdakka.017462.0004: MainProcess                     : MainThread     : DEBUG   : read rcfg for ornl.titan_ortelib (None)
2017-10-23 18:05:00,039: rp.session.two.jdakka.017462.0004: MainProcess                     : MainThread     : INFO    : Load resource configurations from /home/jdakka/UCL/gpu_branch_env/venv/local/lib/python2.7/site-packages/radical/pilot/configs/resource_chameleon.json
2017-10-23 18:05:00,039: rp.session.two.jdakka.017462.0004: MainProcess                     : MainThread     : INFO    : Load resource configurations for chameleon.cloud_vm_yarn
2017-10-23 18:05:00,040: rp.session.two.jdakka.017462.0004: MainProcess                     : MainThread     : DEBUG   : read rcfg for chameleon.cloud_vm_yarn (None)
2017-10-23 18:05:00,040: rp.session.two.jdakka.017462.0004: MainProcess                     : MainThread     : INFO    : Load resource configurations from /home/jdakka/UCL/gpu_branch_env/venv/local/lib/python2.7/site-packages/radical/pilot/configs/resource_iu.json
2017-10-23 18:05:00,041: rp.session.two.jdakka.017462.0004: MainProcess                     : MainThread     : INFO    : Load resource configurations for iu.bigred2_ccm_ssh
2017-10-23 18:05:00,041: rp.session.two.jdakka.017462.0004: MainProcess                     : MainThread     : DEBUG   : read rcfg for iu.bigred2_ccm_ssh (None)
2017-10-23 18:05:00,041: rp.session.two.jdakka.017462.0004: MainProcess                     : MainThread     : INFO    : Load resource configurations for iu.bigred2_aprun
2017-10-23 18:05:00,041: rp.session.two.jdakka.017462.0004: MainProcess                     : MainThread     : DEBUG   : read rcfg for iu.bigred2_aprun (None)
2017-10-23 18:05:00,042: rp.session.two.jdakka.017462.0004: MainProcess                     : MainThread     : INFO    : Load resource configurations from /home/jdakka/UCL/gpu_branch_env/venv/local/lib/python2.7/site-packages/radical/pilot/configs/resource_local.json
2017-10-23 18:05:00,047: rp.session.two.jdakka.017462.0004: MainProcess                     : MainThread     : INFO    : Load resource configurations for local.localhost_orte
2017-10-23 18:05:00,047: rp.session.two.jdakka.017462.0004: MainProcess                     : MainThread     : DEBUG   : read rcfg for local.localhost_orte (None)
2017-10-23 18:05:00,047: rp.session.two.jdakka.017462.0004: MainProcess                     : MainThread     : INFO    : Load resource configurations for local.localhost_anaconda
2017-10-23 18:05:00,047: rp.session.two.jdakka.017462.0004: MainProcess                     : MainThread     : DEBUG   : read rcfg for local.localhost_anaconda (None)
2017-10-23 18:05:00,047: rp.session.two.jdakka.017462.0004: MainProcess                     : MainThread     : INFO    : Load resource configurations for local.localhost_ortelib
2017-10-23 18:05:00,047: rp.session.two.jdakka.017462.0004: MainProcess                     : MainThread     : DEBUG   : read rcfg for local.localhost_ortelib (None)
2017-10-23 18:05:00,047: rp.session.two.jdakka.017462.0004: MainProcess                     : MainThread     : INFO    : Load resource configurations for local.localhost_aprun
2017-10-23 18:05:00,048: rp.session.two.jdakka.017462.0004: MainProcess                     : MainThread     : DEBUG   : read rcfg for local.localhost_aprun (8)
2017-10-23 18:05:00,048: rp.session.two.jdakka.017462.0004: MainProcess                     : MainThread     : INFO    : Load resource configurations for local.localhost
2017-10-23 18:05:00,048: rp.session.two.jdakka.017462.0004: MainProcess                     : MainThread     : DEBUG   : read rcfg for local.localhost (8)
2017-10-23 18:05:00,048: rp.session.two.jdakka.017462.0004: MainProcess                     : MainThread     : INFO    : Load resource configurations for local.localhost_spark
2017-10-23 18:05:00,048: rp.session.two.jdakka.017462.0004: MainProcess                     : MainThread     : DEBUG   : read rcfg for local.localhost_spark (None)
2017-10-23 18:05:00,048: rp.session.two.jdakka.017462.0004: MainProcess                     : MainThread     : INFO    : Load resource configurations for local.localhost_spark_anaconda
2017-10-23 18:05:00,048: rp.session.two.jdakka.017462.0004: MainProcess                     : MainThread     : DEBUG   : read rcfg for local.localhost_spark_anaconda (None)
2017-10-23 18:05:00,048: rp.session.two.jdakka.017462.0004: MainProcess                     : MainThread     : INFO    : Load resource configurations for local.localhost_yarn
2017-10-23 18:05:00,048: rp.session.two.jdakka.017462.0004: MainProcess                     : MainThread     : DEBUG   : read rcfg for local.localhost_yarn (None)
2017-10-23 18:05:00,048: rp.session.two.jdakka.017462.0004: MainProcess                     : MainThread     : INFO    : Load resource configurations from /home/jdakka/UCL/gpu_branch_env/venv/local/lib/python2.7/site-packages/radical/pilot/configs/resource_radical.json
2017-10-23 18:05:00,051: rp.session.two.jdakka.017462.0004: MainProcess                     : MainThread     : INFO    : Load resource configurations for radical.two
2017-10-23 18:05:00,051: rp.session.two.jdakka.017462.0004: MainProcess                     : MainThread     : DEBUG   : read rcfg for radical.two (None)
2017-10-23 18:05:00,051: rp.session.two.jdakka.017462.0004: MainProcess                     : MainThread     : INFO    : Load resource configurations for radical.tutorial
2017-10-23 18:05:00,051: rp.session.two.jdakka.017462.0004: MainProcess                     : MainThread     : DEBUG   : read rcfg for radical.tutorial (None)
2017-10-23 18:05:00,051: rp.session.two.jdakka.017462.0004: MainProcess                     : MainThread     : INFO    : Load resource configurations for radical.one
2017-10-23 18:05:00,051: rp.session.two.jdakka.017462.0004: MainProcess                     : MainThread     : DEBUG   : read rcfg for radical.one (None)
2017-10-23 18:05:00,051: rp.session.two.jdakka.017462.0004: MainProcess                     : MainThread     : INFO    : Load resource configurations from /home/jdakka/UCL/gpu_branch_env/venv/local/lib/python2.7/site-packages/radical/pilot/configs/resource_ncar.json
2017-10-23 18:05:00,052: rp.session.two.jdakka.017462.0004: MainProcess                     : MainThread     : INFO    : Load resource configurations for ncar.yellowstone_ssh
2017-10-23 18:05:00,052: rp.session.two.jdakka.017462.0004: MainProcess                     : MainThread     : DEBUG   : read rcfg for ncar.yellowstone_ssh (None)
2017-10-23 18:05:00,052: rp.session.two.jdakka.017462.0004: MainProcess                     : MainThread     : INFO    : Load resource configurations from /home/jdakka/UCL/gpu_branch_env/venv/local/lib/python2.7/site-packages/radical/pilot/configs/resource_rice.json
2017-10-23 18:05:00,054: rp.session.two.jdakka.017462.0004: MainProcess                     : MainThread     : INFO    : Load resource configurations for rice.davinci_ssh
2017-10-23 18:05:00,054: rp.session.two.jdakka.017462.0004: MainProcess                     : MainThread     : DEBUG   : read rcfg for rice.davinci_ssh (None)
2017-10-23 18:05:00,054: rp.session.two.jdakka.017462.0004: MainProcess                     : MainThread     : INFO    : Load resource configurations for rice.biou_ssh
2017-10-23 18:05:00,054: rp.session.two.jdakka.017462.0004: MainProcess                     : MainThread     : DEBUG   : read rcfg for rice.biou_ssh (None)
2017-10-23 18:05:00,054: rp.session.two.jdakka.017462.0004: MainProcess                     : MainThread     : INFO    : Load resource configurations from /home/jdakka/UCL/gpu_branch_env/venv/local/lib/python2.7/site-packages/radical/pilot/configs/resource_das5.json
2017-10-23 18:05:00,055: rp.session.two.jdakka.017462.0004: MainProcess                     : MainThread     : INFO    : Load resource configurations for das5.fs1_ssh
2017-10-23 18:05:00,055: rp.session.two.jdakka.017462.0004: MainProcess                     : MainThread     : DEBUG   : read rcfg for das5.fs1_ssh (None)
2017-10-23 18:05:01,122: rp.session.two.jdakka.017462.0004: MainProcess                     : MainThread     : INFO    : New Session created: rp.session.two.jdakka.017462.0004.
2017-10-23 18:05:01,123: rp.session.two.jdakka.017462.0004: MainProcess                     : MainThread     : DEBUG   : start bridges   : {u'control_pubsub': {u'bulk_size': 0, u'log_level': u'debug', u'stall_hwm': 1},
 u'log_pubsub': {u'bulk_size': 0, u'log_level': u'debug', u'stall_hwm': 1},
 u'state_pubsub': {u'bulk_size': 0, u'log_level': u'debug', u'stall_hwm': 1}}
2017-10-23 18:05:01,123: rp.session.two.jdakka.017462.0004: MainProcess                     : MainThread     : INFO    : create bridge control_pubsub
2017-10-23 18:05:01,138: rp.session.two.jdakka.017462.0004: MainProcess                     : MainThread     : INFO    : created bridge control_pubsub (control.pubsub.bridge.0000)
2017-10-23 18:05:01,138: rp.session.two.jdakka.017462.0004: MainProcess                     : MainThread     : INFO    : create bridge state_pubsub
2017-10-23 18:05:01,150: rp.session.two.jdakka.017462.0004: MainProcess                     : MainThread     : INFO    : created bridge state_pubsub (state.pubsub.bridge.0000)
2017-10-23 18:05:01,150: rp.session.two.jdakka.017462.0004: MainProcess                     : MainThread     : INFO    : create bridge log_pubsub
2017-10-23 18:05:01,160: rp.session.two.jdakka.017462.0004: MainProcess                     : MainThread     : INFO    : created bridge log_pubsub (log.pubsub.bridge.0000)
2017-10-23 18:05:01,160: rp.session.two.jdakka.017462.0004: MainProcess                     : MainThread     : DEBUG   : start components: {u'UpdateWorker': {u'count': 1}}
2017-10-23 18:05:01,160: rp.session.two.jdakka.017462.0004: MainProcess                     : MainThread     : DEBUG   : start 1 component(s) UpdateWorker
2017-10-23 18:05:01,760: rp.session.two.jdakka.017462.0004: MainProcess                     : MainThread     : INFO    : rp.session.two.jdakka.017462.0004 starts update.0
2017-10-23 18:05:02,115: rp.session.two.jdakka.017462.0004: MainProcess                     : MainThread     : DEBUG   : get rcfg 1 for ncsa.bw_aprun (None)
2017-10-23 18:05:02,115: rp.session.two.jdakka.017462.0004: MainProcess                     : MainThread     : DEBUG   : get rcfg 2 for ncsa.bw_aprun (None)
2017-10-23 18:05:02,116: rp.session.two.jdakka.017462.0004: MainProcess                     : MainThread     : DEBUG   : rsup.PTYShell('gsissh://bw.ncsa.illinois.edu')
2017-10-23 18:05:11,201: rp.session.two.jdakka.017462.0004: MainProcess                     : MainThread     : DEBUG   : sandbox base gsissh://bw.ncsa.illinois.edu: '/scratch/sciteam/dakka'
2017-10-23 18:05:11,405: rp.session.two.jdakka.017462.0004: MainProcess                     : MainThread     : DEBUG   : bulk pilot insert result: {'nModified': 0, 'nUpserted': 0, 'nMatched': 0, 'writeErrors': [], 'upserted': [], 'writeConcernErrors': [], 'nRemoved': 0, 'nInserted': 1}
2017-10-23 18:05:11,410: rp.session.two.jdakka.017462.0004: pmgr.launching.0                : MainThread     : DEBUG   : get rcfg 1 for ncsa.bw_aprun (None)
2017-10-23 18:05:11,411: rp.session.two.jdakka.017462.0004: pmgr.launching.0                : MainThread     : DEBUG   : get rcfg 2 for ncsa.bw_aprun (None)
2017-10-23 18:05:11,412: rp.session.two.jdakka.017462.0004: pmgr.launching.0                : MainThread     : DEBUG   : get rcfg 1 for ncsa.bw_aprun (None)
2017-10-23 18:05:11,413: rp.session.two.jdakka.017462.0004: pmgr.launching.0                : MainThread     : DEBUG   : get rcfg 2 for ncsa.bw_aprun (None)
2017-10-23 18:05:11,413: rp.session.two.jdakka.017462.0004: pmgr.launching.0                : MainThread     : DEBUG   : rsup.PTYShell('gsissh://bw.ncsa.illinois.edu')
2017-10-23 18:05:16,631: rp.session.two.jdakka.017462.0004: pmgr.launching.0                : MainThread     : DEBUG   : sandbox base gsissh://bw.ncsa.illinois.edu: '/scratch/sciteam/dakka'
2017-10-23 18:11:58,435: rp.session.two.jdakka.017462.0004: task-manager                    : MainThread     : DEBUG   : bulk unit insert result: {'nModified': 0, 'nUpserted': 0, 'nMatched': 0, 'writeErrors': [], 'upserted': [], 'writeConcernErrors': [], 'nRemoved': 0, 'nInserted': 1}
2017-10-23 18:11:58,548: rp.session.two.jdakka.017462.0004: task-manager                    : MainThread     : DEBUG   : bulk unit insert result: {'nModified': 0, 'nUpserted': 0, 'nMatched': 0, 'writeErrors': [], 'upserted': [], 'writeConcernErrors': [], 'nRemoved': 0, 'nInserted': 1}
2017-10-23 18:11:58,665: rp.session.two.jdakka.017462.0004: task-manager                    : MainThread     : DEBUG   : bulk unit insert result: {'nModified': 0, 'nUpserted': 0, 'nMatched': 0, 'writeErrors': [], 'upserted': [], 'writeConcernErrors': [], 'nRemoved': 0, 'nInserted': 1}
2017-10-23 18:11:58,776: rp.session.two.jdakka.017462.0004: task-manager                    : MainThread     : DEBUG   : bulk unit insert result: {'nModified': 0, 'nUpserted': 0, 'nMatched': 0, 'writeErrors': [], 'upserted': [], 'writeConcernErrors': [], 'nRemoved': 0, 'nInserted': 1}
2017-10-23 18:11:58,887: rp.session.two.jdakka.017462.0004: task-manager                    : MainThread     : DEBUG   : bulk unit insert result: {'nModified': 0, 'nUpserted': 0, 'nMatched': 0, 'writeErrors': [], 'upserted': [], 'writeConcernErrors': [], 'nRemoved': 0, 'nInserted': 1}
2017-10-23 18:11:58,999: rp.session.two.jdakka.017462.0004: task-manager                    : MainThread     : DEBUG   : bulk unit insert result: {'nModified': 0, 'nUpserted': 0, 'nMatched': 0, 'writeErrors': [], 'upserted': [], 'writeConcernErrors': [], 'nRemoved': 0, 'nInserted': 1}
2017-10-23 18:11:59,112: rp.session.two.jdakka.017462.0004: task-manager                    : MainThread     : DEBUG   : bulk unit insert result: {'nModified': 0, 'nUpserted': 0, 'nMatched': 0, 'writeErrors': [], 'upserted': [], 'writeConcernErrors': [], 'nRemoved': 0, 'nInserted': 1}
2017-10-23 18:11:59,635: rp.session.two.jdakka.017462.0004: task-manager                    : MainThread     : DEBUG   : bulk unit insert result: {'nModified': 0, 'nUpserted': 0, 'nMatched': 0, 'writeErrors': [], 'upserted': [], 'writeConcernErrors': [], 'nRemoved': 0, 'nInserted': 1}
2017-10-23 18:11:59,776: rp.session.two.jdakka.017462.0004: task-manager                    : MainThread     : DEBUG   : bulk unit insert result: {'nModified': 0, 'nUpserted': 0, 'nMatched': 0, 'writeErrors': [], 'upserted': [], 'writeConcernErrors': [], 'nRemoved': 0, 'nInserted': 1}
2017-10-23 18:11:59,892: rp.session.two.jdakka.017462.0004: task-manager                    : MainThread     : DEBUG   : bulk unit insert result: {'nModified': 0, 'nUpserted': 0, 'nMatched': 0, 'writeErrors': [], 'upserted': [], 'writeConcernErrors': [], 'nRemoved': 0, 'nInserted': 1}
2017-10-23 18:12:00,009: rp.session.two.jdakka.017462.0004: task-manager                    : MainThread     : DEBUG   : bulk unit insert result: {'nModified': 0, 'nUpserted': 0, 'nMatched': 0, 'writeErrors': [], 'upserted': [], 'writeConcernErrors': [], 'nRemoved': 0, 'nInserted': 1}
2017-10-23 18:12:00,129: rp.session.two.jdakka.017462.0004: task-manager                    : MainThread     : DEBUG   : bulk unit insert result: {'nModified': 0, 'nUpserted': 0, 'nMatched': 0, 'writeErrors': [], 'upserted': [], 'writeConcernErrors': [], 'nRemoved': 0, 'nInserted': 1}
2017-10-23 18:12:00,246: rp.session.two.jdakka.017462.0004: task-manager                    : MainThread     : DEBUG   : bulk unit insert result: {'nModified': 0, 'nUpserted': 0, 'nMatched': 0, 'writeErrors': [], 'upserted': [], 'writeConcernErrors': [], 'nRemoved': 0, 'nInserted': 1}
2017-10-23 18:12:00,353: rp.session.two.jdakka.017462.0004: task-manager                    : MainThread     : DEBUG   : bulk unit insert result: {'nModified': 0, 'nUpserted': 0, 'nMatched': 0, 'writeErrors': [], 'upserted': [], 'writeConcernErrors': [], 'nRemoved': 0, 'nInserted': 1}
2017-10-23 18:12:00,461: rp.session.two.jdakka.017462.0004: task-manager                    : MainThread     : DEBUG   : bulk unit insert result: {'nModified': 0, 'nUpserted': 0, 'nMatched': 0, 'writeErrors': [], 'upserted': [], 'writeConcernErrors': [], 'nRemoved': 0, 'nInserted': 1}
2017-10-23 18:12:00,572: rp.session.two.jdakka.017462.0004: task-manager                    : MainThread     : DEBUG   : bulk unit insert result: {'nModified': 0, 'nUpserted': 0, 'nMatched': 0, 'writeErrors': [], 'upserted': [], 'writeConcernErrors': [], 'nRemoved': 0, 'nInserted': 1}
2017-10-23 18:13:44,754: rp.session.two.jdakka.017462.0004: task-manager                    : MainThread     : DEBUG   : bulk unit insert result: {'nModified': 0, 'nUpserted': 0, 'nMatched': 0, 'writeErrors': [], 'upserted': [], 'writeConcernErrors': [], 'nRemoved': 0, 'nInserted': 1}
2017-10-23 18:13:44,874: rp.session.two.jdakka.017462.0004: task-manager                    : MainThread     : DEBUG   : bulk unit insert result: {'nModified': 0, 'nUpserted': 0, 'nMatched': 0, 'writeErrors': [], 'upserted': [], 'writeConcernErrors': [], 'nRemoved': 0, 'nInserted': 1}
2017-10-23 18:13:44,992: rp.session.two.jdakka.017462.0004: task-manager                    : MainThread     : DEBUG   : bulk unit insert result: {'nModified': 0, 'nUpserted': 0, 'nMatched': 0, 'writeErrors': [], 'upserted': [], 'writeConcernErrors': [], 'nRemoved': 0, 'nInserted': 1}
2017-10-23 18:13:45,117: rp.session.two.jdakka.017462.0004: task-manager                    : MainThread     : DEBUG   : bulk unit insert result: {'nModified': 0, 'nUpserted': 0, 'nMatched': 0, 'writeErrors': [], 'upserted': [], 'writeConcernErrors': [], 'nRemoved': 0, 'nInserted': 1}
2017-10-23 18:13:45,237: rp.session.two.jdakka.017462.0004: task-manager                    : MainThread     : DEBUG   : bulk unit insert result: {'nModified': 0, 'nUpserted': 0, 'nMatched': 0, 'writeErrors': [], 'upserted': [], 'writeConcernErrors': [], 'nRemoved': 0, 'nInserted': 1}
2017-10-23 18:13:45,352: rp.session.two.jdakka.017462.0004: task-manager                    : MainThread     : DEBUG   : bulk unit insert result: {'nModified': 0, 'nUpserted': 0, 'nMatched': 0, 'writeErrors': [], 'upserted': [], 'writeConcernErrors': [], 'nRemoved': 0, 'nInserted': 1}
2017-10-23 18:13:45,463: rp.session.two.jdakka.017462.0004: task-manager                    : MainThread     : DEBUG   : bulk unit insert result: {'nModified': 0, 'nUpserted': 0, 'nMatched': 0, 'writeErrors': [], 'upserted': [], 'writeConcernErrors': [], 'nRemoved': 0, 'nInserted': 1}
2017-10-23 18:13:45,570: rp.session.two.jdakka.017462.0004: task-manager                    : MainThread     : DEBUG   : bulk unit insert result: {'nModified': 0, 'nUpserted': 0, 'nMatched': 0, 'writeErrors': [], 'upserted': [], 'writeConcernErrors': [], 'nRemoved': 0, 'nInserted': 1}
2017-10-23 18:13:45,691: rp.session.two.jdakka.017462.0004: task-manager                    : MainThread     : DEBUG   : bulk unit insert result: {'nModified': 0, 'nUpserted': 0, 'nMatched': 0, 'writeErrors': [], 'upserted': [], 'writeConcernErrors': [], 'nRemoved': 0, 'nInserted': 1}
2017-10-23 18:13:45,816: rp.session.two.jdakka.017462.0004: task-manager                    : MainThread     : DEBUG   : bulk unit insert result: {'nModified': 0, 'nUpserted': 0, 'nMatched': 0, 'writeErrors': [], 'upserted': [], 'writeConcernErrors': [], 'nRemoved': 0, 'nInserted': 1}
2017-10-23 18:13:45,935: rp.session.two.jdakka.017462.0004: task-manager                    : MainThread     : DEBUG   : bulk unit insert result: {'nModified': 0, 'nUpserted': 0, 'nMatched': 0, 'writeErrors': [], 'upserted': [], 'writeConcernErrors': [], 'nRemoved': 0, 'nInserted': 1}
2017-10-23 18:13:46,065: rp.session.two.jdakka.017462.0004: task-manager                    : MainThread     : DEBUG   : bulk unit insert result: {'nModified': 0, 'nUpserted': 0, 'nMatched': 0, 'writeErrors': [], 'upserted': [], 'writeConcernErrors': [], 'nRemoved': 0, 'nInserted': 1}
2017-10-23 18:13:46,199: rp.session.two.jdakka.017462.0004: task-manager                    : MainThread     : DEBUG   : bulk unit insert result: {'nModified': 0, 'nUpserted': 0, 'nMatched': 0, 'writeErrors': [], 'upserted': [], 'writeConcernErrors': [], 'nRemoved': 0, 'nInserted': 1}
2017-10-23 18:13:46,316: rp.session.two.jdakka.017462.0004: task-manager                    : MainThread     : DEBUG   : bulk unit insert result: {'nModified': 0, 'nUpserted': 0, 'nMatched': 0, 'writeErrors': [], 'upserted': [], 'writeConcernErrors': [], 'nRemoved': 0, 'nInserted': 1}
2017-10-23 18:13:46,434: rp.session.two.jdakka.017462.0004: task-manager                    : MainThread     : DEBUG   : bulk unit insert result: {'nModified': 0, 'nUpserted': 0, 'nMatched': 0, 'writeErrors': [], 'upserted': [], 'writeConcernErrors': [], 'nRemoved': 0, 'nInserted': 1}
2017-10-23 18:13:46,548: rp.session.two.jdakka.017462.0004: task-manager                    : MainThread     : DEBUG   : bulk unit insert result: {'nModified': 0, 'nUpserted': 0, 'nMatched': 0, 'writeErrors': [], 'upserted': [], 'writeConcernErrors': [], 'nRemoved': 0, 'nInserted': 1}
2017-10-23 18:17:25,276: rp.session.two.jdakka.017462.0004: task-manager                    : MainThread     : DEBUG   : bulk unit insert result: {'nModified': 0, 'nUpserted': 0, 'nMatched': 0, 'writeErrors': [], 'upserted': [], 'writeConcernErrors': [], 'nRemoved': 0, 'nInserted': 1}
2017-10-23 18:17:25,391: rp.session.two.jdakka.017462.0004: task-manager                    : MainThread     : DEBUG   : bulk unit insert result: {'nModified': 0, 'nUpserted': 0, 'nMatched': 0, 'writeErrors': [], 'upserted': [], 'writeConcernErrors': [], 'nRemoved': 0, 'nInserted': 1}
2017-10-23 18:17:25,512: rp.session.two.jdakka.017462.0004: task-manager                    : MainThread     : DEBUG   : bulk unit insert result: {'nModified': 0, 'nUpserted': 0, 'nMatched': 0, 'writeErrors': [], 'upserted': [], 'writeConcernErrors': [], 'nRemoved': 0, 'nInserted': 1}
2017-10-23 18:17:25,633: rp.session.two.jdakka.017462.0004: task-manager                    : MainThread     : DEBUG   : bulk unit insert result: {'nModified': 0, 'nUpserted': 0, 'nMatched': 0, 'writeErrors': [], 'upserted': [], 'writeConcernErrors': [], 'nRemoved': 0, 'nInserted': 1}
2017-10-23 18:17:25,755: rp.session.two.jdakka.017462.0004: task-manager                    : MainThread     : DEBUG   : bulk unit insert result: {'nModified': 0, 'nUpserted': 0, 'nMatched': 0, 'writeErrors': [], 'upserted': [], 'writeConcernErrors': [], 'nRemoved': 0, 'nInserted': 1}
2017-10-23 18:17:25,872: rp.session.two.jdakka.017462.0004: task-manager                    : MainThread     : DEBUG   : bulk unit insert result: {'nModified': 0, 'nUpserted': 0, 'nMatched': 0, 'writeErrors': [], 'upserted': [], 'writeConcernErrors': [], 'nRemoved': 0, 'nInserted': 1}
2017-10-23 18:17:25,982: rp.session.two.jdakka.017462.0004: task-manager                    : MainThread     : DEBUG   : bulk unit insert result: {'nModified': 0, 'nUpserted': 0, 'nMatched': 0, 'writeErrors': [], 'upserted': [], 'writeConcernErrors': [], 'nRemoved': 0, 'nInserted': 1}
2017-10-23 18:17:26,092: rp.session.two.jdakka.017462.0004: task-manager                    : MainThread     : DEBUG   : bulk unit insert result: {'nModified': 0, 'nUpserted': 0, 'nMatched': 0, 'writeErrors': [], 'upserted': [], 'writeConcernErrors': [], 'nRemoved': 0, 'nInserted': 1}
2017-10-23 18:17:26,209: rp.session.two.jdakka.017462.0004: task-manager                    : MainThread     : DEBUG   : bulk unit insert result: {'nModified': 0, 'nUpserted': 0, 'nMatched': 0, 'writeErrors': [], 'upserted': [], 'writeConcernErrors': [], 'nRemoved': 0, 'nInserted': 1}
2017-10-23 18:17:26,319: rp.session.two.jdakka.017462.0004: task-manager                    : MainThread     : DEBUG   : bulk unit insert result: {'nModified': 0, 'nUpserted': 0, 'nMatched': 0, 'writeErrors': [], 'upserted': [], 'writeConcernErrors': [], 'nRemoved': 0, 'nInserted': 1}
2017-10-23 18:17:26,434: rp.session.two.jdakka.017462.0004: task-manager                    : MainThread     : DEBUG   : bulk unit insert result: {'nModified': 0, 'nUpserted': 0, 'nMatched': 0, 'writeErrors': [], 'upserted': [], 'writeConcernErrors': [], 'nRemoved': 0, 'nInserted': 1}
2017-10-23 18:17:26,569: rp.session.two.jdakka.017462.0004: task-manager                    : MainThread     : DEBUG   : bulk unit insert result: {'nModified': 0, 'nUpserted': 0, 'nMatched': 0, 'writeErrors': [], 'upserted': [], 'writeConcernErrors': [], 'nRemoved': 0, 'nInserted': 1}
2017-10-23 18:17:26,689: rp.session.two.jdakka.017462.0004: task-manager                    : MainThread     : DEBUG   : bulk unit insert result: {'nModified': 0, 'nUpserted': 0, 'nMatched': 0, 'writeErrors': [], 'upserted': [], 'writeConcernErrors': [], 'nRemoved': 0, 'nInserted': 1}
2017-10-23 18:17:26,805: rp.session.two.jdakka.017462.0004: task-manager                    : MainThread     : DEBUG   : bulk unit insert result: {'nModified': 0, 'nUpserted': 0, 'nMatched': 0, 'writeErrors': [], 'upserted': [], 'writeConcernErrors': [], 'nRemoved': 0, 'nInserted': 1}
2017-10-23 18:17:26,919: rp.session.two.jdakka.017462.0004: task-manager                    : MainThread     : DEBUG   : bulk unit insert result: {'nModified': 0, 'nUpserted': 0, 'nMatched': 0, 'writeErrors': [], 'upserted': [], 'writeConcernErrors': [], 'nRemoved': 0, 'nInserted': 1}
2017-10-23 18:17:27,041: rp.session.two.jdakka.017462.0004: task-manager                    : MainThread     : DEBUG   : bulk unit insert result: {'nModified': 0, 'nUpserted': 0, 'nMatched': 0, 'writeErrors': [], 'upserted': [], 'writeConcernErrors': [], 'nRemoved': 0, 'nInserted': 1}
2017-10-23 18:21:16,993: rp.session.two.jdakka.017462.0004: task-manager                    : MainThread     : DEBUG   : bulk unit insert result: {'nModified': 0, 'nUpserted': 0, 'nMatched': 0, 'writeErrors': [], 'upserted': [], 'writeConcernErrors': [], 'nRemoved': 0, 'nInserted': 1}
2017-10-23 18:21:17,110: rp.session.two.jdakka.017462.0004: task-manager                    : MainThread     : DEBUG   : bulk unit insert result: {'nModified': 0, 'nUpserted': 0, 'nMatched': 0, 'writeErrors': [], 'upserted': [], 'writeConcernErrors': [], 'nRemoved': 0, 'nInserted': 1}
2017-10-23 18:21:17,238: rp.session.two.jdakka.017462.0004: task-manager                    : MainThread     : DEBUG   : bulk unit insert result: {'nModified': 0, 'nUpserted': 0, 'nMatched': 0, 'writeErrors': [], 'upserted': [], 'writeConcernErrors': [], 'nRemoved': 0, 'nInserted': 1}
2017-10-23 18:21:17,357: rp.session.two.jdakka.017462.0004: task-manager                    : MainThread     : DEBUG   : bulk unit insert result: {'nModified': 0, 'nUpserted': 0, 'nMatched': 0, 'writeErrors': [], 'upserted': [], 'writeConcernErrors': [], 'nRemoved': 0, 'nInserted': 1}
2017-10-23 18:21:17,482: rp.session.two.jdakka.017462.0004: task-manager                    : MainThread     : DEBUG   : bulk unit insert result: {'nModified': 0, 'nUpserted': 0, 'nMatched': 0, 'writeErrors': [], 'upserted': [], 'writeConcernErrors': [], 'nRemoved': 0, 'nInserted': 1}
2017-10-23 18:21:17,595: rp.session.two.jdakka.017462.0004: task-manager                    : MainThread     : DEBUG   : bulk unit insert result: {'nModified': 0, 'nUpserted': 0, 'nMatched': 0, 'writeErrors': [], 'upserted': [], 'writeConcernErrors': [], 'nRemoved': 0, 'nInserted': 1}
2017-10-23 18:21:17,706: rp.session.two.jdakka.017462.0004: task-manager                    : MainThread     : DEBUG   : bulk unit insert result: {'nModified': 0, 'nUpserted': 0, 'nMatched': 0, 'writeErrors': [], 'upserted': [], 'writeConcernErrors': [], 'nRemoved': 0, 'nInserted': 1}
2017-10-23 18:21:17,816: rp.session.two.jdakka.017462.0004: task-manager                    : MainThread     : DEBUG   : bulk unit insert result: {'nModified': 0, 'nUpserted': 0, 'nMatched': 0, 'writeErrors': [], 'upserted': [], 'writeConcernErrors': [], 'nRemoved': 0, 'nInserted': 1}
2017-10-23 18:21:17,924: rp.session.two.jdakka.017462.0004: task-manager                    : MainThread     : DEBUG   : bulk unit insert result: {'nModified': 0, 'nUpserted': 0, 'nMatched': 0, 'writeErrors': [], 'upserted': [], 'writeConcernErrors': [], 'nRemoved': 0, 'nInserted': 1}
2017-10-23 18:21:18,034: rp.session.two.jdakka.017462.0004: task-manager                    : MainThread     : DEBUG   : bulk unit insert result: {'nModified': 0, 'nUpserted': 0, 'nMatched': 0, 'writeErrors': [], 'upserted': [], 'writeConcernErrors': [], 'nRemoved': 0, 'nInserted': 1}
2017-10-23 18:21:18,156: rp.session.two.jdakka.017462.0004: task-manager                    : MainThread     : DEBUG   : bulk unit insert result: {'nModified': 0, 'nUpserted': 0, 'nMatched': 0, 'writeErrors': [], 'upserted': [], 'writeConcernErrors': [], 'nRemoved': 0, 'nInserted': 1}
2017-10-23 18:21:18,271: rp.session.two.jdakka.017462.0004: task-manager                    : MainThread     : DEBUG   : bulk unit insert result: {'nModified': 0, 'nUpserted': 0, 'nMatched': 0, 'writeErrors': [], 'upserted': [], 'writeConcernErrors': [], 'nRemoved': 0, 'nInserted': 1}
2017-10-23 18:21:18,382: rp.session.two.jdakka.017462.0004: task-manager                    : MainThread     : DEBUG   : bulk unit insert result: {'nModified': 0, 'nUpserted': 0, 'nMatched': 0, 'writeErrors': [], 'upserted': [], 'writeConcernErrors': [], 'nRemoved': 0, 'nInserted': 1}
2017-10-23 18:21:18,502: rp.session.two.jdakka.017462.0004: task-manager                    : MainThread     : DEBUG   : bulk unit insert result: {'nModified': 0, 'nUpserted': 0, 'nMatched': 0, 'writeErrors': [], 'upserted': [], 'writeConcernErrors': [], 'nRemoved': 0, 'nInserted': 1}
2017-10-23 18:21:18,625: rp.session.two.jdakka.017462.0004: task-manager                    : MainThread     : DEBUG   : bulk unit insert result: {'nModified': 0, 'nUpserted': 0, 'nMatched': 0, 'writeErrors': [], 'upserted': [], 'writeConcernErrors': [], 'nRemoved': 0, 'nInserted': 1}
2017-10-23 18:21:18,744: rp.session.two.jdakka.017462.0004: task-manager                    : MainThread     : DEBUG   : bulk unit insert result: {'nModified': 0, 'nUpserted': 0, 'nMatched': 0, 'writeErrors': [], 'upserted': [], 'writeConcernErrors': [], 'nRemoved': 0, 'nInserted': 1}
2017-10-23 18:24:15,577: rp.session.two.jdakka.017462.0004: task-manager                    : MainThread     : DEBUG   : bulk unit insert result: {'nModified': 0, 'nUpserted': 0, 'nMatched': 0, 'writeErrors': [], 'upserted': [], 'writeConcernErrors': [], 'nRemoved': 0, 'nInserted': 1}
2017-10-23 18:24:15,699: rp.session.two.jdakka.017462.0004: task-manager                    : MainThread     : DEBUG   : bulk unit insert result: {'nModified': 0, 'nUpserted': 0, 'nMatched': 0, 'writeErrors': [], 'upserted': [], 'writeConcernErrors': [], 'nRemoved': 0, 'nInserted': 1}
2017-10-23 18:24:15,815: rp.session.two.jdakka.017462.0004: task-manager                    : MainThread     : DEBUG   : bulk unit insert result: {'nModified': 0, 'nUpserted': 0, 'nMatched': 0, 'writeErrors': [], 'upserted': [], 'writeConcernErrors': [], 'nRemoved': 0, 'nInserted': 1}
2017-10-23 18:24:15,930: rp.session.two.jdakka.017462.0004: task-manager                    : MainThread     : DEBUG   : bulk unit insert result: {'nModified': 0, 'nUpserted': 0, 'nMatched': 0, 'writeErrors': [], 'upserted': [], 'writeConcernErrors': [], 'nRemoved': 0, 'nInserted': 1}
2017-10-23 18:24:16,061: rp.session.two.jdakka.017462.0004: task-manager                    : MainThread     : DEBUG   : bulk unit insert result: {'nModified': 0, 'nUpserted': 0, 'nMatched': 0, 'writeErrors': [], 'upserted': [], 'writeConcernErrors': [], 'nRemoved': 0, 'nInserted': 1}
2017-10-23 18:24:16,176: rp.session.two.jdakka.017462.0004: task-manager                    : MainThread     : DEBUG   : bulk unit insert result: {'nModified': 0, 'nUpserted': 0, 'nMatched': 0, 'writeErrors': [], 'upserted': [], 'writeConcernErrors': [], 'nRemoved': 0, 'nInserted': 1}
2017-10-23 18:24:16,287: rp.session.two.jdakka.017462.0004: task-manager                    : MainThread     : DEBUG   : bulk unit insert result: {'nModified': 0, 'nUpserted': 0, 'nMatched': 0, 'writeErrors': [], 'upserted': [], 'writeConcernErrors': [], 'nRemoved': 0, 'nInserted': 1}
2017-10-23 18:24:16,399: rp.session.two.jdakka.017462.0004: task-manager                    : MainThread     : DEBUG   : bulk unit insert result: {'nModified': 0, 'nUpserted': 0, 'nMatched': 0, 'writeErrors': [], 'upserted': [], 'writeConcernErrors': [], 'nRemoved': 0, 'nInserted': 1}
2017-10-23 18:24:16,510: rp.session.two.jdakka.017462.0004: task-manager                    : MainThread     : DEBUG   : bulk unit insert result: {'nModified': 0, 'nUpserted': 0, 'nMatched': 0, 'writeErrors': [], 'upserted': [], 'writeConcernErrors': [], 'nRemoved': 0, 'nInserted': 1}
2017-10-23 18:24:16,650: rp.session.two.jdakka.017462.0004: task-manager                    : MainThread     : DEBUG   : bulk unit insert result: {'nModified': 0, 'nUpserted': 0, 'nMatched': 0, 'writeErrors': [], 'upserted': [], 'writeConcernErrors': [], 'nRemoved': 0, 'nInserted': 1}
2017-10-23 18:24:16,772: rp.session.two.jdakka.017462.0004: task-manager                    : MainThread     : DEBUG   : bulk unit insert result: {'nModified': 0, 'nUpserted': 0, 'nMatched': 0, 'writeErrors': [], 'upserted': [], 'writeConcernErrors': [], 'nRemoved': 0, 'nInserted': 1}
2017-10-23 18:24:16,891: rp.session.two.jdakka.017462.0004: task-manager                    : MainThread     : DEBUG   : bulk unit insert result: {'nModified': 0, 'nUpserted': 0, 'nMatched': 0, 'writeErrors': [], 'upserted': [], 'writeConcernErrors': [], 'nRemoved': 0, 'nInserted': 1}
2017-10-23 18:24:17,005: rp.session.two.jdakka.017462.0004: task-manager                    : MainThread     : DEBUG   : bulk unit insert result: {'nModified': 0, 'nUpserted': 0, 'nMatched': 0, 'writeErrors': [], 'upserted': [], 'writeConcernErrors': [], 'nRemoved': 0, 'nInserted': 1}
2017-10-23 18:24:17,120: rp.session.two.jdakka.017462.0004: task-manager                    : MainThread     : DEBUG   : bulk unit insert result: {'nModified': 0, 'nUpserted': 0, 'nMatched': 0, 'writeErrors': [], 'upserted': [], 'writeConcernErrors': [], 'nRemoved': 0, 'nInserted': 1}
2017-10-23 18:24:17,661: rp.session.two.jdakka.017462.0004: task-manager                    : MainThread     : DEBUG   : bulk unit insert result: {'nModified': 0, 'nUpserted': 0, 'nMatched': 0, 'writeErrors': [], 'upserted': [], 'writeConcernErrors': [], 'nRemoved': 0, 'nInserted': 1}
2017-10-23 18:24:17,784: rp.session.two.jdakka.017462.0004: task-manager                    : MainThread     : DEBUG   : bulk unit insert result: {'nModified': 0, 'nUpserted': 0, 'nMatched': 0, 'writeErrors': [], 'upserted': [], 'writeConcernErrors': [], 'nRemoved': 0, 'nInserted': 1}
2017-10-23 18:54:28,624: rp.session.two.jdakka.017462.0004: task-manager                    : MainThread     : DEBUG   : bulk unit insert result: {'nModified': 0, 'nUpserted': 0, 'nMatched': 0, 'writeErrors': [], 'upserted': [], 'writeConcernErrors': [], 'nRemoved': 0, 'nInserted': 1}
2017-10-23 18:54:29,043: rp.session.two.jdakka.017462.0004: task-manager                    : MainThread     : DEBUG   : bulk unit insert result: {'nModified': 0, 'nUpserted': 0, 'nMatched': 0, 'writeErrors': [], 'upserted': [], 'writeConcernErrors': [], 'nRemoved': 0, 'nInserted': 1}
2017-10-23 18:54:29,164: rp.session.two.jdakka.017462.0004: task-manager                    : MainThread     : DEBUG   : bulk unit insert result: {'nModified': 0, 'nUpserted': 0, 'nMatched': 0, 'writeErrors': [], 'upserted': [], 'writeConcernErrors': [], 'nRemoved': 0, 'nInserted': 1}
2017-10-23 18:54:29,274: rp.session.two.jdakka.017462.0004: task-manager                    : MainThread     : DEBUG   : bulk unit insert result: {'nModified': 0, 'nUpserted': 0, 'nMatched': 0, 'writeErrors': [], 'upserted': [], 'writeConcernErrors': [], 'nRemoved': 0, 'nInserted': 1}
2017-10-23 18:54:29,385: rp.session.two.jdakka.017462.0004: task-manager                    : MainThread     : DEBUG   : bulk unit insert result: {'nModified': 0, 'nUpserted': 0, 'nMatched': 0, 'writeErrors': [], 'upserted': [], 'writeConcernErrors': [], 'nRemoved': 0, 'nInserted': 1}
2017-10-23 18:54:29,496: rp.session.two.jdakka.017462.0004: task-manager                    : MainThread     : DEBUG   : bulk unit insert result: {'nModified': 0, 'nUpserted': 0, 'nMatched': 0, 'writeErrors': [], 'upserted': [], 'writeConcernErrors': [], 'nRemoved': 0, 'nInserted': 1}
2017-10-23 18:54:29,606: rp.session.two.jdakka.017462.0004: task-manager                    : MainThread     : DEBUG   : bulk unit insert result: {'nModified': 0, 'nUpserted': 0, 'nMatched': 0, 'writeErrors': [], 'upserted': [], 'writeConcernErrors': [], 'nRemoved': 0, 'nInserted': 1}
2017-10-23 18:54:29,717: rp.session.two.jdakka.017462.0004: task-manager                    : MainThread     : DEBUG   : bulk unit insert result: {'nModified': 0, 'nUpserted': 0, 'nMatched': 0, 'writeErrors': [], 'upserted': [], 'writeConcernErrors': [], 'nRemoved': 0, 'nInserted': 1}
2017-10-23 18:54:29,827: rp.session.two.jdakka.017462.0004: task-manager                    : MainThread     : DEBUG   : bulk unit insert result: {'nModified': 0, 'nUpserted': 0, 'nMatched': 0, 'writeErrors': [], 'upserted': [], 'writeConcernErrors': [], 'nRemoved': 0, 'nInserted': 1}
2017-10-23 18:54:29,938: rp.session.two.jdakka.017462.0004: task-manager                    : MainThread     : DEBUG   : bulk unit insert result: {'nModified': 0, 'nUpserted': 0, 'nMatched': 0, 'writeErrors': [], 'upserted': [], 'writeConcernErrors': [], 'nRemoved': 0, 'nInserted': 1}
2017-10-23 18:54:30,049: rp.session.two.jdakka.017462.0004: task-manager                    : MainThread     : DEBUG   : bulk unit insert result: {'nModified': 0, 'nUpserted': 0, 'nMatched': 0, 'writeErrors': [], 'upserted': [], 'writeConcernErrors': [], 'nRemoved': 0, 'nInserted': 1}
2017-10-23 18:54:30,364: rp.session.two.jdakka.017462.0004: task-manager                    : MainThread     : DEBUG   : bulk unit insert result: {'nModified': 0, 'nUpserted': 0, 'nMatched': 0, 'writeErrors': [], 'upserted': [], 'writeConcernErrors': [], 'nRemoved': 0, 'nInserted': 1}
2017-10-23 18:54:30,482: rp.session.two.jdakka.017462.0004: task-manager                    : MainThread     : DEBUG   : bulk unit insert result: {'nModified': 0, 'nUpserted': 0, 'nMatched': 0, 'writeErrors': [], 'upserted': [], 'writeConcernErrors': [], 'nRemoved': 0, 'nInserted': 1}
2017-10-23 18:54:30,704: rp.session.two.jdakka.017462.0004: task-manager                    : MainThread     : DEBUG   : bulk unit insert result: {'nModified': 0, 'nUpserted': 0, 'nMatched': 0, 'writeErrors': [], 'upserted': [], 'writeConcernErrors': [], 'nRemoved': 0, 'nInserted': 1}
2017-10-23 18:54:30,922: rp.session.two.jdakka.017462.0004: task-manager                    : MainThread     : DEBUG   : bulk unit insert result: {'nModified': 0, 'nUpserted': 0, 'nMatched': 0, 'writeErrors': [], 'upserted': [], 'writeConcernErrors': [], 'nRemoved': 0, 'nInserted': 1}
2017-10-23 18:54:31,035: rp.session.two.jdakka.017462.0004: task-manager                    : MainThread     : DEBUG   : bulk unit insert result: {'nModified': 0, 'nUpserted': 0, 'nMatched': 0, 'writeErrors': [], 'upserted': [], 'writeConcernErrors': [], 'nRemoved': 0, 'nInserted': 1}
2017-10-23 18:57:49,922: rp.session.two.jdakka.017462.0004: task-manager                    : MainThread     : DEBUG   : bulk unit insert result: {'nModified': 0, 'nUpserted': 0, 'nMatched': 0, 'writeErrors': [], 'upserted': [], 'writeConcernErrors': [], 'nRemoved': 0, 'nInserted': 1}
2017-10-23 18:57:50,046: rp.session.two.jdakka.017462.0004: task-manager                    : MainThread     : DEBUG   : bulk unit insert result: {'nModified': 0, 'nUpserted': 0, 'nMatched': 0, 'writeErrors': [], 'upserted': [], 'writeConcernErrors': [], 'nRemoved': 0, 'nInserted': 1}
2017-10-23 18:57:50,179: rp.session.two.jdakka.017462.0004: task-manager                    : MainThread     : DEBUG   : bulk unit insert result: {'nModified': 0, 'nUpserted': 0, 'nMatched': 0, 'writeErrors': [], 'upserted': [], 'writeConcernErrors': [], 'nRemoved': 0, 'nInserted': 1}
2017-10-23 18:57:50,308: rp.session.two.jdakka.017462.0004: task-manager                    : MainThread     : DEBUG   : bulk unit insert result: {'nModified': 0, 'nUpserted': 0, 'nMatched': 0, 'writeErrors': [], 'upserted': [], 'writeConcernErrors': [], 'nRemoved': 0, 'nInserted': 1}
2017-10-23 18:57:50,423: rp.session.two.jdakka.017462.0004: task-manager                    : MainThread     : DEBUG   : bulk unit insert result: {'nModified': 0, 'nUpserted': 0, 'nMatched': 0, 'writeErrors': [], 'upserted': [], 'writeConcernErrors': [], 'nRemoved': 0, 'nInserted': 1}
2017-10-23 18:57:50,546: rp.session.two.jdakka.017462.0004: task-manager                    : MainThread     : DEBUG   : bulk unit insert result: {'nModified': 0, 'nUpserted': 0, 'nMatched': 0, 'writeErrors': [], 'upserted': [], 'writeConcernErrors': [], 'nRemoved': 0, 'nInserted': 1}
2017-10-23 18:57:50,656: rp.session.two.jdakka.017462.0004: task-manager                    : MainThread     : DEBUG   : bulk unit insert result: {'nModified': 0, 'nUpserted': 0, 'nMatched': 0, 'writeErrors': [], 'upserted': [], 'writeConcernErrors': [], 'nRemoved': 0, 'nInserted': 1}
2017-10-23 18:57:50,765: rp.session.two.jdakka.017462.0004: task-manager                    : MainThread     : DEBUG   : bulk unit insert result: {'nModified': 0, 'nUpserted': 0, 'nMatched': 0, 'writeErrors': [], 'upserted': [], 'writeConcernErrors': [], 'nRemoved': 0, 'nInserted': 1}
2017-10-23 18:57:50,875: rp.session.two.jdakka.017462.0004: task-manager                    : MainThread     : DEBUG   : bulk unit insert result: {'nModified': 0, 'nUpserted': 0, 'nMatched': 0, 'writeErrors': [], 'upserted': [], 'writeConcernErrors': [], 'nRemoved': 0, 'nInserted': 1}
2017-10-23 18:57:50,984: rp.session.two.jdakka.017462.0004: task-manager                    : MainThread     : DEBUG   : bulk unit insert result: {'nModified': 0, 'nUpserted': 0, 'nMatched': 0, 'writeErrors': [], 'upserted': [], 'writeConcernErrors': [], 'nRemoved': 0, 'nInserted': 1}
2017-10-23 18:57:51,130: rp.session.two.jdakka.017462.0004: task-manager                    : MainThread     : DEBUG   : bulk unit insert result: {'nModified': 0, 'nUpserted': 0, 'nMatched': 0, 'writeErrors': [], 'upserted': [], 'writeConcernErrors': [], 'nRemoved': 0, 'nInserted': 1}
2017-10-23 18:57:51,244: rp.session.two.jdakka.017462.0004: task-manager                    : MainThread     : DEBUG   : bulk unit insert result: {'nModified': 0, 'nUpserted': 0, 'nMatched': 0, 'writeErrors': [], 'upserted': [], 'writeConcernErrors': [], 'nRemoved': 0, 'nInserted': 1}
2017-10-23 18:57:51,357: rp.session.two.jdakka.017462.0004: task-manager                    : MainThread     : DEBUG   : bulk unit insert result: {'nModified': 0, 'nUpserted': 0, 'nMatched': 0, 'writeErrors': [], 'upserted': [], 'writeConcernErrors': [], 'nRemoved': 0, 'nInserted': 1}
2017-10-23 18:57:51,469: rp.session.two.jdakka.017462.0004: task-manager                    : MainThread     : DEBUG   : bulk unit insert result: {'nModified': 0, 'nUpserted': 0, 'nMatched': 0, 'writeErrors': [], 'upserted': [], 'writeConcernErrors': [], 'nRemoved': 0, 'nInserted': 1}
2017-10-23 18:57:51,588: rp.session.two.jdakka.017462.0004: task-manager                    : MainThread     : DEBUG   : bulk unit insert result: {'nModified': 0, 'nUpserted': 0, 'nMatched': 0, 'writeErrors': [], 'upserted': [], 'writeConcernErrors': [], 'nRemoved': 0, 'nInserted': 1}
2017-10-23 18:57:51,698: rp.session.two.jdakka.017462.0004: task-manager                    : MainThread     : DEBUG   : bulk unit insert result: {'nModified': 0, 'nUpserted': 0, 'nMatched': 0, 'writeErrors': [], 'upserted': [], 'writeConcernErrors': [], 'nRemoved': 0, 'nInserted': 1}
2017-10-23 19:00:54,598: rp.session.two.jdakka.017462.0004: MainProcess                     : MainThread     : DEBUG   : session rp.session.two.jdakka.017462.0004 closing
2017-10-23 19:00:54,598: rp.session.two.jdakka.017462.0004: MainProcess                     : MainThread     : DEBUG   : session rp.session.two.jdakka.017462.0004 closes pmgr   pmgr.0000
2017-10-23 19:00:56,928: rp.session.two.jdakka.017462.0004: MainProcess                     : MainThread     : DEBUG   : session rp.session.two.jdakka.017462.0004 closed pmgr   pmgr.0000
2017-10-23 19:00:56,929: rp.session.two.jdakka.017462.0004: MainProcess                     : MainThread     : DEBUG   : session rp.session.two.jdakka.017462.0004 closes comp   update.0
2017-10-23 19:00:57,465: rp.session.two.jdakka.017462.0004: MainProcess                     : MainThread     : DEBUG   : session rp.session.two.jdakka.017462.0004 closed comp   update.0
2017-10-23 19:00:57,465: rp.session.two.jdakka.017462.0004: MainProcess                     : MainThread     : DEBUG   : session rp.session.two.jdakka.017462.0004 closes bridge control.pubsub.bridge.0000
2017-10-23 19:00:58,449: rp.session.two.jdakka.017462.0004: MainProcess                     : MainThread     : DEBUG   : session rp.session.two.jdakka.017462.0004 closed bridge control.pubsub.bridge.0000
2017-10-23 19:00:58,449: rp.session.two.jdakka.017462.0004: MainProcess                     : MainThread     : DEBUG   : session rp.session.two.jdakka.017462.0004 closes bridge state.pubsub.bridge.0000
2017-10-23 19:00:59,482: rp.session.two.jdakka.017462.0004: MainProcess                     : MainThread     : DEBUG   : session rp.session.two.jdakka.017462.0004 closed bridge state.pubsub.bridge.0000
2017-10-23 19:00:59,483: rp.session.two.jdakka.017462.0004: MainProcess                     : MainThread     : DEBUG   : session rp.session.two.jdakka.017462.0004 closes bridge log.pubsub.bridge.0000
2017-10-23 19:00:59,652: rp.session.two.jdakka.017462.0004: MainProcess                     : MainThread     : DEBUG   : session rp.session.two.jdakka.017462.0004 closed bridge log.pubsub.bridge.0000
2017-10-23 19:00:59,652: rp.session.two.jdakka.017462.0004: MainProcess                     : MainThread     : DEBUG   : session rp.session.two.jdakka.017462.0004 closes db (False)
2017-10-23 19:00:59,652: rp.session.two.jdakka.017462.0004: MainProcess                     : MainThread     : DEBUG   : session rp.session.two.jdakka.017462.0004 closed (delete=False)
