2017-10-23 18:11:57,578: state.pubsub.sub.0001: umgr.scheduling.0               : MainThread     : INFO    : python.interpreter   version: 2.7.12 (default, Nov 19 2016, 06:48:10) [GCC 5.4.0 20160609]
2017-10-23 18:11:57,578: state.pubsub.sub.0001: umgr.scheduling.0               : MainThread     : INFO    :                      pid: 24320
2017-10-23 18:11:57,578: state.pubsub.sub.0001: umgr.scheduling.0               : MainThread     : INFO    :                      tid: MainThread
2017-10-23 18:11:57,578: state.pubsub.sub.0001: umgr.scheduling.0               : MainThread     : INFO    : radical.pilot        version: 0.47-v0.46.2-93-g379bd68d@feature-gpu
2017-10-23 18:11:57,578: state.pubsub.sub.0001: umgr.scheduling.0               : MainThread     : INFO    : create state_pubsub - sub - tcp://138.201.86.166:36704
2017-10-23 18:11:57,579: state.pubsub.sub.0001: umgr.scheduling.0               : MainThread     : DEBUG   : start process
2017-10-23 18:11:57,579: state.pubsub.sub.0001: umgr.scheduling.0               : MainThread     : DEBUG   : ru_initialize_common (NOOP)
2017-10-23 18:11:57,579: state.pubsub.sub.0001: umgr.scheduling.0               : MainThread     : DEBUG   : ru_initialize_parent (NOOP)
2017-10-23 18:11:57,579: state.pubsub.sub.0001: umgr.scheduling.0               : MainThread     : DEBUG   : process class started (no child)
2017-10-23 18:11:57,604: state.pubsub.sub.0001: task-manager                    : MainThread     : INFO    : python.interpreter   version: 2.7.12 (default, Nov 19 2016, 06:48:10) [GCC 5.4.0 20160609]
2017-10-23 18:11:57,605: state.pubsub.sub.0001: task-manager                    : MainThread     : INFO    :                      pid: 24240
2017-10-23 18:11:57,605: state.pubsub.sub.0001: task-manager                    : MainThread     : INFO    :                      tid: MainThread
2017-10-23 18:11:57,605: state.pubsub.sub.0001: task-manager                    : MainThread     : INFO    : radical.pilot        version: 0.47-v0.46.2-93-g379bd68d@feature-gpu
2017-10-23 18:11:57,605: state.pubsub.sub.0001: task-manager                    : MainThread     : INFO    : create state_pubsub - sub - tcp://138.201.86.166:36704
2017-10-23 18:11:57,605: state.pubsub.sub.0001: task-manager                    : MainThread     : DEBUG   : start process
2017-10-23 18:11:57,605: state.pubsub.sub.0001: task-manager                    : MainThread     : DEBUG   : ru_initialize_common (NOOP)
2017-10-23 18:11:57,605: state.pubsub.sub.0001: task-manager                    : MainThread     : DEBUG   : ru_initialize_parent (NOOP)
2017-10-23 18:11:57,605: state.pubsub.sub.0001: task-manager                    : MainThread     : DEBUG   : process class started (no child)
2017-10-23 19:00:07,848: state.pubsub.sub.0001: umgr.scheduling.0               : MainThread     : INFO    : parent stops child
2017-10-23 19:00:07,848: state.pubsub.sub.0001: umgr.scheduling.0               : MainThread     : DEBUG   : ru_finalize_parent (NOOP)
