2017-10-23 18:05:01,161: update.0            : MainProcess                     : MainThread     : INFO    : python.interpreter   version: 2.7.12 (default, Nov 19 2016, 06:48:10) [GCC 5.4.0 20160609]
2017-10-23 18:05:01,161: update.0            : MainProcess                     : MainThread     : INFO    :                      pid: 14986
2017-10-23 18:05:01,161: update.0            : MainProcess                     : MainThread     : INFO    :                      tid: MainThread
2017-10-23 18:05:01,161: update.0            : MainProcess                     : MainThread     : INFO    : radical.pilot        version: 0.47-v0.46.2-93-g379bd68d@feature-gpu
2017-10-23 18:05:01,172: update.0            : MainProcess                     : MainThread     : DEBUG   : alive check in term
2017-10-23 18:05:01,173: update.0            : MainProcess                     : MainThread     : DEBUG   : start process
2017-10-23 18:05:01,752: update.0            : MainProcess                     : MainThread     : INFO    : recv message: alive
2017-10-23 18:05:01,752: update.0            : MainProcess                     : MainThread     : INFO    : initialize update.0
2017-10-23 18:05:01,754: update.0            : MainProcess                     : MainThread     : INFO    : cfg: {'agents': {},
 u'bridges': {u'control_pubsub': {'addr_in': 'tcp://138.201.86.166:40416',
                                  'addr_out': 'tcp://138.201.86.166:38964',
                                  u'bulk_size': 0,
                                  u'log_level': u'debug',
                                  u'stall_hwm': 1},
              u'log_pubsub': {'addr_in': 'tcp://138.201.86.166:39626',
                              'addr_out': 'tcp://138.201.86.166:40107',
                              u'bulk_size': 0,
                              u'log_level': u'debug',
                              u'stall_hwm': 1},
              u'state_pubsub': {'addr_in': 'tcp://138.201.86.166:38360',
                                'addr_out': 'tcp://138.201.86.166:36704',
                                u'bulk_size': 0,
                                u'log_level': u'debug',
                                u'stall_hwm': 1}},
 'cname': u'UpdateWorker',
 u'components': {},
 u'count': 1,
 'dburl': 'mongodb://jdakka:jdakka@ds151993.mlab.com:51993/entk-testing',
 'debug': 'DEBUG',
 u'default_dburl': u'mongodb://rp:rp@ds015335.mlab.com:15335/rp',
 'logdir': '/home/jdakka/UCL/gpu_branch_env/GB-SC18/scripts/esmacs/16_replicas/rp.session.two.jdakka.017462.0004',
 'number': 0,
 'owner': 'rp.session.two.jdakka.017462.0004',
 'session_id': 'rp.session.two.jdakka.017462.0004'}
2017-10-23 18:05:01,754: update.0            : MainProcess                     : MainThread     : DEBUG   : alive check in term
2017-10-23 18:05:01,754: update.0            : MainProcess                     : MainThread     : DEBUG   : START: update.0 register publisher log_pubsub
2017-10-23 18:05:01,754: update.0            : MainProcess                     : MainThread     : DEBUG   : using addr tcp://138.201.86.166:39626 for pubsub log_pubsub
2017-10-23 18:05:01,756: update.0            : MainProcess                     : MainThread     : DEBUG   : registered publisher : log_pubsub : log.pubsub.pub.0000
2017-10-23 18:05:01,756: update.0            : MainProcess                     : MainThread     : DEBUG   : alive check in term
2017-10-23 18:05:01,756: update.0            : MainProcess                     : MainThread     : DEBUG   : START: update.0 register publisher state_pubsub
2017-10-23 18:05:01,756: update.0            : MainProcess                     : MainThread     : DEBUG   : using addr tcp://138.201.86.166:38360 for pubsub state_pubsub
2017-10-23 18:05:01,757: update.0            : MainProcess                     : MainThread     : DEBUG   : registered publisher : state_pubsub : state.pubsub.pub.0000
2017-10-23 18:05:01,757: update.0            : MainProcess                     : MainThread     : DEBUG   : alive check in term
2017-10-23 18:05:01,757: update.0            : MainProcess                     : MainThread     : DEBUG   : START: update.0 register publisher control_pubsub
2017-10-23 18:05:01,757: update.0            : MainProcess                     : MainThread     : DEBUG   : using addr tcp://138.201.86.166:40416 for pubsub control_pubsub
2017-10-23 18:05:01,758: update.0            : MainProcess                     : MainThread     : DEBUG   : registered publisher : control_pubsub : control.pubsub.pub.0000
2017-10-23 18:05:01,759: update.0            : MainProcess                     : MainThread     : DEBUG   : parent name: update.0.watch
2017-10-23 18:05:01,759: update.0            : MainProcess                     : MainThread     : DEBUG   : start thread
2017-10-23 18:05:01,759: update.0            : MainProcess                     : update.0.watch : DEBUG   : child name: update.0.watch.thread
2017-10-23 18:05:01,759: update.0            : MainProcess                     : update.0.watch : INFO    : child (me) initializing
2017-10-23 18:05:01,759: update.0            : MainProcess                     : update.0.watch : DEBUG   : ru_initialize_common (NOOP)
2017-10-23 18:05:01,759: update.0            : MainProcess                     : update.0.watch : DEBUG   : ru_initialize_child (NOOP)
2017-10-23 18:05:01,759: update.0            : MainProcess                     : update.0.watch : INFO    : send alive
2017-10-23 18:05:01,759: update.0            : MainProcess                     : update.0.watch : INFO    : put message: [update.0.watch.thread] alive
2017-10-23 18:05:01,760: update.0            : MainProcess                     : MainThread     : INFO    : get msg: alive
2017-10-23 18:05:01,760: update.0            : MainProcess                     : MainThread     : DEBUG   : ru_initialize_common (NOOP)
2017-10-23 18:05:01,760: update.0            : MainProcess                     : MainThread     : DEBUG   : ru_initialize_parent (NOOP)
2017-10-23 18:05:01,760: update.0            : MainProcess                     : MainThread     : DEBUG   : child thread update.0.watch started
2017-10-23 18:05:01,760: update.0            : MainProcess                     : MainThread     : INFO    : child is alive
2017-10-23 18:05:01,760: update.0            : MainProcess                     : MainThread     : DEBUG   : process class started child
2017-10-23 19:00:56,930: update.0            : MainProcess                     : MainThread     : INFO    : stop update.0 (14986 : 15066 : MainThread) [radical.pilot.worker.update.Update.stop]
2017-10-23 19:00:56,930: update.0            : MainProcess                     : MainThread     : INFO    : parent stops child
2017-10-23 19:00:56,930: update.0            : MainProcess                     : MainThread     : DEBUG   : ru_finalize_common()
2017-10-23 19:00:56,930: update.0            : MainProcess                     : MainThread     : DEBUG   : TERM : update.0 unregister publisher log_pubsub
2017-10-23 19:00:56,931: update.0            : MainProcess                     : MainThread     : DEBUG   : unregistered publisher log_pubsub
2017-10-23 19:00:56,931: update.0            : MainProcess                     : MainThread     : DEBUG   : TERM : update.0 unregister publisher state_pubsub
2017-10-23 19:00:56,933: update.0            : MainProcess                     : MainThread     : DEBUG   : unregistered publisher state_pubsub
2017-10-23 19:00:56,933: update.0            : MainProcess                     : MainThread     : DEBUG   : TERM : update.0 unregister publisher control_pubsub
2017-10-23 19:00:56,934: update.0            : MainProcess                     : MainThread     : DEBUG   : unregistered publisher control_pubsub
2017-10-23 19:00:56,934: update.0            : MainProcess                     : MainThread     : DEBUG   : update.0 close prof
2017-10-23 19:00:56,935: update.0            : MainProcess                     : MainThread     : INFO    : parent stops child
2017-10-23 19:00:56,935: update.0            : MainProcess                     : MainThread     : DEBUG   : ru_finalize_parent (NOOP)
2017-10-23 19:00:56,935: update.0            : MainProcess                     : MainThread     : DEBUG   : ru_finalize_common (NOOP)
2017-10-23 19:00:56,987: update.0            : MainProcess                     : update.0.watch : INFO    : watcher closes
2017-10-23 19:00:56,987: update.0            : MainProcess                     : update.0.watch : INFO    : put message: [update.0.watch.thread] work finished
2017-10-23 19:00:56,987: update.0            : MainProcess                     : update.0.watch : DEBUG   : ru_finalize_child (NOOP)
2017-10-23 19:00:56,988: update.0            : MainProcess                     : update.0.watch : DEBUG   : ru_finalize_common (NOOP)
2017-10-23 19:00:56,988: update.0            : MainProcess                     : update.0.watch : INFO    : put message: [update.0.watch.thread] terminating
2017-10-23 19:00:59,654: update.0            : MainProcess                     : MainThread     : INFO    : stop update.0 (14986 : 15066 : MainThread) [radical.pilot.worker.update.Update.stop]
