2017-09-12 16:26:26,313: rp.session.two.vivek.017421.0001: MainProcess                     : MainThread     : INFO    : python.interpreter   version: 2.7.12 (default, Nov 19 2016, 06:48:10) [GCC 5.4.0 20160609]
2017-09-12 16:26:26,314: rp.session.two.vivek.017421.0001: MainProcess                     : MainThread     : INFO    :                      pid: 31063
2017-09-12 16:26:26,314: rp.session.two.vivek.017421.0001: MainProcess                     : MainThread     : INFO    :                      tid: MainThread
2017-09-12 16:26:26,314: rp.session.two.vivek.017421.0001: MainProcess                     : MainThread     : INFO    : radical.pilot        version: 0.47-v0.46-3-g0f79ca80@devel
2017-09-12 16:26:26,314: rp.session.two.vivek.017421.0001: MainProcess                     : MainThread     : INFO    : using database mongodb://user:user@ds129434.mlab.com:29434/test-htbac
2017-09-12 16:26:26,333: rp.session.two.vivek.017421.0001: MainProcess                     : MainThread     : INFO    : Load resource configurations from /home/vivek/ves/test-htbac/local/lib/python2.7/site-packages/radical/pilot/configs/resource_fub.json
2017-09-12 16:26:26,334: rp.session.two.vivek.017421.0001: MainProcess                     : MainThread     : INFO    : Load resource configurations for fub.allegro_rsh
2017-09-12 16:26:26,334: rp.session.two.vivek.017421.0001: MainProcess                     : MainThread     : INFO    : Load resource configurations from /home/vivek/ves/test-htbac/local/lib/python2.7/site-packages/radical/pilot/configs/resource_yale.json
2017-09-12 16:26:26,335: rp.session.two.vivek.017421.0001: MainProcess                     : MainThread     : INFO    : Load resource configurations for yale.grace_ssh
2017-09-12 16:26:26,336: rp.session.two.vivek.017421.0001: MainProcess                     : MainThread     : INFO    : Load resource configurations from /home/vivek/ves/test-htbac/local/lib/python2.7/site-packages/radical/pilot/configs/resource_stfc.json
2017-09-12 16:26:26,337: rp.session.two.vivek.017421.0001: MainProcess                     : MainThread     : INFO    : Load resource configurations for stfc.joule_runjob
2017-09-12 16:26:26,337: rp.session.two.vivek.017421.0001: MainProcess                     : MainThread     : INFO    : Load resource configurations from /home/vivek/ves/test-htbac/local/lib/python2.7/site-packages/radical/pilot/configs/resource_osg.json
2017-09-12 16:26:26,339: rp.session.two.vivek.017421.0001: MainProcess                     : MainThread     : INFO    : Load resource configurations for osg.xsede-virt-clust
2017-09-12 16:26:26,339: rp.session.two.vivek.017421.0001: MainProcess                     : MainThread     : INFO    : Load resource configurations for osg.connect
2017-09-12 16:26:26,339: rp.session.two.vivek.017421.0001: MainProcess                     : MainThread     : INFO    : Load resource configurations from /home/vivek/ves/test-htbac/local/lib/python2.7/site-packages/radical/pilot/configs/resource_xsede.json
2017-09-12 16:26:26,357: rp.session.two.vivek.017421.0001: MainProcess                     : MainThread     : INFO    : Load resource configurations for xsede.stampede2_ssh
2017-09-12 16:26:26,358: rp.session.two.vivek.017421.0001: MainProcess                     : MainThread     : INFO    : Load resource configurations for xsede.wrangler_spark
2017-09-12 16:26:26,358: rp.session.two.vivek.017421.0001: MainProcess                     : MainThread     : INFO    : Load resource configurations for xsede.stampede_yarn
2017-09-12 16:26:26,358: rp.session.two.vivek.017421.0001: MainProcess                     : MainThread     : INFO    : Load resource configurations for xsede.gordon_ssh
2017-09-12 16:26:26,358: rp.session.two.vivek.017421.0001: MainProcess                     : MainThread     : INFO    : Load resource configurations for xsede.stampede_ssh
2017-09-12 16:26:26,358: rp.session.two.vivek.017421.0001: MainProcess                     : MainThread     : INFO    : Load resource configurations for xsede.lonestar_ssh
2017-09-12 16:26:26,359: rp.session.two.vivek.017421.0001: MainProcess                     : MainThread     : INFO    : Load resource configurations for xsede.supermic_spark
2017-09-12 16:26:26,359: rp.session.two.vivek.017421.0001: MainProcess                     : MainThread     : INFO    : Load resource configurations for xsede.wrangler_ssh
2017-09-12 16:26:26,359: rp.session.two.vivek.017421.0001: MainProcess                     : MainThread     : INFO    : Load resource configurations for xsede.wrangler_yarn
2017-09-12 16:26:26,359: rp.session.two.vivek.017421.0001: MainProcess                     : MainThread     : INFO    : Load resource configurations for xsede.bridges
2017-09-12 16:26:26,359: rp.session.two.vivek.017421.0001: MainProcess                     : MainThread     : INFO    : Load resource configurations for xsede.supermic_ssh
2017-09-12 16:26:26,360: rp.session.two.vivek.017421.0001: MainProcess                     : MainThread     : INFO    : Load resource configurations for xsede.stampede_orte
2017-09-12 16:26:26,360: rp.session.two.vivek.017421.0001: MainProcess                     : MainThread     : INFO    : Load resource configurations for xsede.greenfield
2017-09-12 16:26:26,360: rp.session.two.vivek.017421.0001: MainProcess                     : MainThread     : INFO    : Load resource configurations for xsede.comet_spark
2017-09-12 16:26:26,360: rp.session.two.vivek.017421.0001: MainProcess                     : MainThread     : INFO    : Load resource configurations for xsede.trestles_ssh
2017-09-12 16:26:26,361: rp.session.two.vivek.017421.0001: MainProcess                     : MainThread     : INFO    : Load resource configurations for xsede.comet_ssh
2017-09-12 16:26:26,361: rp.session.two.vivek.017421.0001: MainProcess                     : MainThread     : INFO    : Load resource configurations for xsede.stampede_spark
2017-09-12 16:26:26,361: rp.session.two.vivek.017421.0001: MainProcess                     : MainThread     : INFO    : Load resource configurations for xsede.comet_orte
2017-09-12 16:26:26,361: rp.session.two.vivek.017421.0001: MainProcess                     : MainThread     : INFO    : Load resource configurations for xsede.comet_ortelib
2017-09-12 16:26:26,361: rp.session.two.vivek.017421.0001: MainProcess                     : MainThread     : INFO    : Load resource configurations for xsede.blacklight_ssh
2017-09-12 16:26:26,362: rp.session.two.vivek.017421.0001: MainProcess                     : MainThread     : INFO    : Load resource configurations for xsede.stampede_ortelib
2017-09-12 16:26:26,362: rp.session.two.vivek.017421.0001: MainProcess                     : MainThread     : INFO    : Load resource configurations from /home/vivek/ves/test-htbac/local/lib/python2.7/site-packages/radical/pilot/configs/resource_nersc.json
2017-09-12 16:26:26,367: rp.session.two.vivek.017421.0001: MainProcess                     : MainThread     : INFO    : Load resource configurations for nersc.edison_ccm_ssh
2017-09-12 16:26:26,367: rp.session.two.vivek.017421.0001: MainProcess                     : MainThread     : INFO    : Load resource configurations for nersc.hopper_orte
2017-09-12 16:26:26,367: rp.session.two.vivek.017421.0001: MainProcess                     : MainThread     : INFO    : Load resource configurations for nersc.hopper_ccm_ssh
2017-09-12 16:26:26,367: rp.session.two.vivek.017421.0001: MainProcess                     : MainThread     : INFO    : Load resource configurations for nersc.edison_aprun
2017-09-12 16:26:26,367: rp.session.two.vivek.017421.0001: MainProcess                     : MainThread     : INFO    : Load resource configurations for nersc.hopper_aprun
2017-09-12 16:26:26,368: rp.session.two.vivek.017421.0001: MainProcess                     : MainThread     : INFO    : Load resource configurations for nersc.edison_orte
2017-09-12 16:26:26,368: rp.session.two.vivek.017421.0001: MainProcess                     : MainThread     : INFO    : Load resource configurations from /home/vivek/ves/test-htbac/local/lib/python2.7/site-packages/radical/pilot/configs/resource_lrz.json
2017-09-12 16:26:26,369: rp.session.two.vivek.017421.0001: MainProcess                     : MainThread     : INFO    : Load resource configurations for lrz.supermuc_ssh
2017-09-12 16:26:26,369: rp.session.two.vivek.017421.0001: MainProcess                     : MainThread     : INFO    : Load resource configurations from /home/vivek/ves/test-htbac/local/lib/python2.7/site-packages/radical/pilot/configs/resource_epsrc.json
2017-09-12 16:26:26,371: rp.session.two.vivek.017421.0001: MainProcess                     : MainThread     : INFO    : Load resource configurations for epsrc.archer_orte
2017-09-12 16:26:26,371: rp.session.two.vivek.017421.0001: MainProcess                     : MainThread     : INFO    : Load resource configurations for epsrc.archer_aprun
2017-09-12 16:26:26,371: rp.session.two.vivek.017421.0001: MainProcess                     : MainThread     : INFO    : Load resource configurations from /home/vivek/ves/test-htbac/local/lib/python2.7/site-packages/radical/pilot/configs/resource_ncsa.json
2017-09-12 16:26:26,375: rp.session.two.vivek.017421.0001: MainProcess                     : MainThread     : INFO    : Load resource configurations for ncsa.bw_orte
2017-09-12 16:26:26,375: rp.session.two.vivek.017421.0001: MainProcess                     : MainThread     : INFO    : Load resource configurations for ncsa.bw_ccm_ssh
2017-09-12 16:26:26,375: rp.session.two.vivek.017421.0001: MainProcess                     : MainThread     : INFO    : Load resource configurations for ncsa.bw_ortelib
2017-09-12 16:26:26,376: rp.session.two.vivek.017421.0001: MainProcess                     : MainThread     : INFO    : Load resource configurations for ncsa.bw_aprun
2017-09-12 16:26:26,376: rp.session.two.vivek.017421.0001: MainProcess                     : MainThread     : INFO    : Load resource configurations for ncsa.bw_local_orte
2017-09-12 16:26:26,376: rp.session.two.vivek.017421.0001: MainProcess                     : MainThread     : INFO    : Load resource configurations from /home/vivek/ves/test-htbac/local/lib/python2.7/site-packages/radical/pilot/configs/resource_lumc.json
2017-09-12 16:26:26,378: rp.session.two.vivek.017421.0001: MainProcess                     : MainThread     : INFO    : Load resource configurations for lumc.gb-ui_ssh
2017-09-12 16:26:26,378: rp.session.two.vivek.017421.0001: MainProcess                     : MainThread     : INFO    : Load resource configurations for lumc.shark_ssh
2017-09-12 16:26:26,378: rp.session.two.vivek.017421.0001: MainProcess                     : MainThread     : INFO    : Load resource configurations from /home/vivek/ves/test-htbac/local/lib/python2.7/site-packages/radical/pilot/configs/resource_das4.json
2017-09-12 16:26:26,379: rp.session.two.vivek.017421.0001: MainProcess                     : MainThread     : INFO    : Load resource configurations for das4.fs2_ssh
2017-09-12 16:26:26,379: rp.session.two.vivek.017421.0001: MainProcess                     : MainThread     : INFO    : Load resource configurations from /home/vivek/ves/test-htbac/local/lib/python2.7/site-packages/radical/pilot/configs/resource_aliases.json
2017-09-12 16:26:26,379: rp.session.two.vivek.017421.0001: MainProcess                     : MainThread     : INFO    : Load resource configurations from /home/vivek/ves/test-htbac/local/lib/python2.7/site-packages/radical/pilot/configs/resource_futuregrid.json
2017-09-12 16:26:26,383: rp.session.two.vivek.017421.0001: MainProcess                     : MainThread     : INFO    : Load resource configurations for futuregrid.delta_ssh
2017-09-12 16:26:26,383: rp.session.two.vivek.017421.0001: MainProcess                     : MainThread     : INFO    : Load resource configurations for futuregrid.india_ssh
2017-09-12 16:26:26,383: rp.session.two.vivek.017421.0001: MainProcess                     : MainThread     : INFO    : Load resource configurations for futuregrid.echo_ssh
2017-09-12 16:26:26,384: rp.session.two.vivek.017421.0001: MainProcess                     : MainThread     : INFO    : Load resource configurations for futuregrid.xray_ccm
2017-09-12 16:26:26,384: rp.session.two.vivek.017421.0001: MainProcess                     : MainThread     : INFO    : Load resource configurations for futuregrid.bravo_ssh
2017-09-12 16:26:26,384: rp.session.two.vivek.017421.0001: MainProcess                     : MainThread     : INFO    : Load resource configurations for futuregrid.xray_aprun
2017-09-12 16:26:26,384: rp.session.two.vivek.017421.0001: MainProcess                     : MainThread     : INFO    : Load resource configurations from /home/vivek/ves/test-htbac/local/lib/python2.7/site-packages/radical/pilot/configs/resource_ornl.json
2017-09-12 16:26:26,387: rp.session.two.vivek.017421.0001: MainProcess                     : MainThread     : INFO    : Load resource configurations for ornl.titan_orte
2017-09-12 16:26:26,387: rp.session.two.vivek.017421.0001: MainProcess                     : MainThread     : INFO    : Load resource configurations for ornl.titan_aprun
2017-09-12 16:26:26,387: rp.session.two.vivek.017421.0001: MainProcess                     : MainThread     : INFO    : Load resource configurations for ornl.titan_ortelib
2017-09-12 16:26:26,387: rp.session.two.vivek.017421.0001: MainProcess                     : MainThread     : INFO    : Load resource configurations from /home/vivek/ves/test-htbac/local/lib/python2.7/site-packages/radical/pilot/configs/resource_chameleon.json
2017-09-12 16:26:26,388: rp.session.two.vivek.017421.0001: MainProcess                     : MainThread     : INFO    : Load resource configurations for chameleon.cloud_vm_yarn
2017-09-12 16:26:26,388: rp.session.two.vivek.017421.0001: MainProcess                     : MainThread     : INFO    : Load resource configurations from /home/vivek/ves/test-htbac/local/lib/python2.7/site-packages/radical/pilot/configs/resource_iu.json
2017-09-12 16:26:26,390: rp.session.two.vivek.017421.0001: MainProcess                     : MainThread     : INFO    : Load resource configurations for iu.bigred2_ccm_ssh
2017-09-12 16:26:26,390: rp.session.two.vivek.017421.0001: MainProcess                     : MainThread     : INFO    : Load resource configurations for iu.bigred2_aprun
2017-09-12 16:26:26,390: rp.session.two.vivek.017421.0001: MainProcess                     : MainThread     : INFO    : Load resource configurations from /home/vivek/ves/test-htbac/local/lib/python2.7/site-packages/radical/pilot/configs/resource_local.json
2017-09-12 16:26:26,395: rp.session.two.vivek.017421.0001: MainProcess                     : MainThread     : INFO    : Load resource configurations for local.localhost_orte
2017-09-12 16:26:26,395: rp.session.two.vivek.017421.0001: MainProcess                     : MainThread     : INFO    : Load resource configurations for local.localhost_anaconda
2017-09-12 16:26:26,395: rp.session.two.vivek.017421.0001: MainProcess                     : MainThread     : INFO    : Load resource configurations for local.localhost_ortelib
2017-09-12 16:26:26,395: rp.session.two.vivek.017421.0001: MainProcess                     : MainThread     : INFO    : Load resource configurations for local.localhost
2017-09-12 16:26:26,395: rp.session.two.vivek.017421.0001: MainProcess                     : MainThread     : INFO    : Load resource configurations for local.localhost_spark
2017-09-12 16:26:26,395: rp.session.two.vivek.017421.0001: MainProcess                     : MainThread     : INFO    : Load resource configurations for local.localhost_spark_anaconda
2017-09-12 16:26:26,396: rp.session.two.vivek.017421.0001: MainProcess                     : MainThread     : INFO    : Load resource configurations for local.localhost_yarn
2017-09-12 16:26:26,396: rp.session.two.vivek.017421.0001: MainProcess                     : MainThread     : INFO    : Load resource configurations from /home/vivek/ves/test-htbac/local/lib/python2.7/site-packages/radical/pilot/configs/resource_radical.json
2017-09-12 16:26:26,398: rp.session.two.vivek.017421.0001: MainProcess                     : MainThread     : INFO    : Load resource configurations for radical.two
2017-09-12 16:26:26,398: rp.session.two.vivek.017421.0001: MainProcess                     : MainThread     : INFO    : Load resource configurations for radical.tutorial
2017-09-12 16:26:26,398: rp.session.two.vivek.017421.0001: MainProcess                     : MainThread     : INFO    : Load resource configurations for radical.one
2017-09-12 16:26:26,398: rp.session.two.vivek.017421.0001: MainProcess                     : MainThread     : INFO    : Load resource configurations from /home/vivek/ves/test-htbac/local/lib/python2.7/site-packages/radical/pilot/configs/resource_ncar.json
2017-09-12 16:26:26,399: rp.session.two.vivek.017421.0001: MainProcess                     : MainThread     : INFO    : Load resource configurations for ncar.yellowstone_ssh
2017-09-12 16:26:26,399: rp.session.two.vivek.017421.0001: MainProcess                     : MainThread     : INFO    : Load resource configurations from /home/vivek/ves/test-htbac/local/lib/python2.7/site-packages/radical/pilot/configs/resource_rice.json
2017-09-12 16:26:26,401: rp.session.two.vivek.017421.0001: MainProcess                     : MainThread     : INFO    : Load resource configurations for rice.davinci_ssh
2017-09-12 16:26:26,401: rp.session.two.vivek.017421.0001: MainProcess                     : MainThread     : INFO    : Load resource configurations for rice.biou_ssh
2017-09-12 16:26:26,401: rp.session.two.vivek.017421.0001: MainProcess                     : MainThread     : INFO    : Load resource configurations from /home/vivek/ves/test-htbac/local/lib/python2.7/site-packages/radical/pilot/configs/resource_das5.json
2017-09-12 16:26:26,402: rp.session.two.vivek.017421.0001: MainProcess                     : MainThread     : INFO    : Load resource configurations for das5.fs1_ssh
2017-09-12 16:26:27,490: rp.session.two.vivek.017421.0001: MainProcess                     : MainThread     : INFO    : New Session created: rp.session.two.vivek.017421.0001.
2017-09-12 16:26:27,492: rp.session.two.vivek.017421.0001: MainProcess                     : MainThread     : DEBUG   : start bridges   : {u'control_pubsub': {u'bulk_size': 0, u'log_level': u'debug', u'stall_hwm': 1},
 u'log_pubsub': {u'bulk_size': 0, u'log_level': u'debug', u'stall_hwm': 1},
 u'state_pubsub': {u'bulk_size': 0, u'log_level': u'debug', u'stall_hwm': 1}}
2017-09-12 16:26:27,492: rp.session.two.vivek.017421.0001: MainProcess                     : MainThread     : INFO    : create bridge control_pubsub
2017-09-12 16:26:27,509: rp.session.two.vivek.017421.0001: MainProcess                     : MainThread     : INFO    : created bridge control_pubsub (control.pubsub.bridge.0000)
2017-09-12 16:26:27,509: rp.session.two.vivek.017421.0001: MainProcess                     : MainThread     : INFO    : create bridge state_pubsub
2017-09-12 16:26:27,527: rp.session.two.vivek.017421.0001: MainProcess                     : MainThread     : INFO    : created bridge state_pubsub (state.pubsub.bridge.0000)
2017-09-12 16:26:27,527: rp.session.two.vivek.017421.0001: MainProcess                     : MainThread     : INFO    : create bridge log_pubsub
2017-09-12 16:26:27,547: rp.session.two.vivek.017421.0001: MainProcess                     : MainThread     : INFO    : created bridge log_pubsub (log.pubsub.bridge.0000)
2017-09-12 16:26:27,547: rp.session.two.vivek.017421.0001: MainProcess                     : MainThread     : DEBUG   : start components: {u'UpdateWorker': {u'count': 1}}
2017-09-12 16:26:27,547: rp.session.two.vivek.017421.0001: MainProcess                     : MainThread     : DEBUG   : start 1 component(s) UpdateWorker
2017-09-12 16:26:28,160: rp.session.two.vivek.017421.0001: MainProcess                     : MainThread     : INFO    : rp.session.two.vivek.017421.0001 starts update.0
2017-09-12 16:26:28,521: rp.session.two.vivek.017421.0001: MainProcess                     : MainThread     : DEBUG   : rsup.PTYShell('gsissh://bw.ncsa.illinois.edu')
2017-09-12 16:26:36,560: rp.session.two.vivek.017421.0001: MainProcess                     : MainThread     : DEBUG   : sandbox base gsissh://bw.ncsa.illinois.edu: '/scratch/sciteam/balasubr'
2017-09-12 16:26:36,765: rp.session.two.vivek.017421.0001: MainProcess                     : MainThread     : DEBUG   : bulk pilot insert result: {'nModified': 0, 'nUpserted': 0, 'nMatched': 0, 'writeErrors': [], 'upserted': [], 'writeConcernErrors': [], 'nRemoved': 0, 'nInserted': 1}
2017-09-12 16:26:36,779: rp.session.two.vivek.017421.0001: pmgr.launching.0                : MainThread     : DEBUG   : rsup.PTYShell('gsissh://bw.ncsa.illinois.edu')
2017-09-12 16:26:42,109: rp.session.two.vivek.017421.0001: pmgr.launching.0                : MainThread     : DEBUG   : sandbox base gsissh://bw.ncsa.illinois.edu: '/scratch/sciteam/balasubr'
2017-09-12 16:35:43,231: rp.session.two.vivek.017421.0001: task-manager                    : MainThread     : DEBUG   : bulk unit insert result: {'nModified': 0, 'nUpserted': 0, 'nMatched': 0, 'writeErrors': [], 'upserted': [], 'writeConcernErrors': [], 'nRemoved': 0, 'nInserted': 1}
2017-09-12 16:35:43,351: rp.session.two.vivek.017421.0001: task-manager                    : MainThread     : DEBUG   : bulk unit insert result: {'nModified': 0, 'nUpserted': 0, 'nMatched': 0, 'writeErrors': [], 'upserted': [], 'writeConcernErrors': [], 'nRemoved': 0, 'nInserted': 1}
2017-09-12 16:35:43,472: rp.session.two.vivek.017421.0001: task-manager                    : MainThread     : DEBUG   : bulk unit insert result: {'nModified': 0, 'nUpserted': 0, 'nMatched': 0, 'writeErrors': [], 'upserted': [], 'writeConcernErrors': [], 'nRemoved': 0, 'nInserted': 1}
2017-09-12 16:35:43,604: rp.session.two.vivek.017421.0001: task-manager                    : MainThread     : DEBUG   : bulk unit insert result: {'nModified': 0, 'nUpserted': 0, 'nMatched': 0, 'writeErrors': [], 'upserted': [], 'writeConcernErrors': [], 'nRemoved': 0, 'nInserted': 1}
2017-09-12 16:35:43,721: rp.session.two.vivek.017421.0001: task-manager                    : MainThread     : DEBUG   : bulk unit insert result: {'nModified': 0, 'nUpserted': 0, 'nMatched': 0, 'writeErrors': [], 'upserted': [], 'writeConcernErrors': [], 'nRemoved': 0, 'nInserted': 1}
2017-09-12 16:35:43,842: rp.session.two.vivek.017421.0001: task-manager                    : MainThread     : DEBUG   : bulk unit insert result: {'nModified': 0, 'nUpserted': 0, 'nMatched': 0, 'writeErrors': [], 'upserted': [], 'writeConcernErrors': [], 'nRemoved': 0, 'nInserted': 1}
2017-09-12 16:35:43,970: rp.session.two.vivek.017421.0001: task-manager                    : MainThread     : DEBUG   : bulk unit insert result: {'nModified': 0, 'nUpserted': 0, 'nMatched': 0, 'writeErrors': [], 'upserted': [], 'writeConcernErrors': [], 'nRemoved': 0, 'nInserted': 1}
2017-09-12 16:35:44,095: rp.session.two.vivek.017421.0001: task-manager                    : MainThread     : DEBUG   : bulk unit insert result: {'nModified': 0, 'nUpserted': 0, 'nMatched': 0, 'writeErrors': [], 'upserted': [], 'writeConcernErrors': [], 'nRemoved': 0, 'nInserted': 1}
2017-09-12 16:36:12,495: rp.session.two.vivek.017421.0001: task-manager                    : MainThread     : DEBUG   : bulk unit insert result: {'nModified': 0, 'nUpserted': 0, 'nMatched': 0, 'writeErrors': [], 'upserted': [], 'writeConcernErrors': [], 'nRemoved': 0, 'nInserted': 1}
2017-09-12 16:36:12,624: rp.session.two.vivek.017421.0001: task-manager                    : MainThread     : DEBUG   : bulk unit insert result: {'nModified': 0, 'nUpserted': 0, 'nMatched': 0, 'writeErrors': [], 'upserted': [], 'writeConcernErrors': [], 'nRemoved': 0, 'nInserted': 1}
2017-09-12 16:36:12,747: rp.session.two.vivek.017421.0001: task-manager                    : MainThread     : DEBUG   : bulk unit insert result: {'nModified': 0, 'nUpserted': 0, 'nMatched': 0, 'writeErrors': [], 'upserted': [], 'writeConcernErrors': [], 'nRemoved': 0, 'nInserted': 1}
2017-09-12 16:36:12,875: rp.session.two.vivek.017421.0001: task-manager                    : MainThread     : DEBUG   : bulk unit insert result: {'nModified': 0, 'nUpserted': 0, 'nMatched': 0, 'writeErrors': [], 'upserted': [], 'writeConcernErrors': [], 'nRemoved': 0, 'nInserted': 1}
2017-09-12 16:36:13,006: rp.session.two.vivek.017421.0001: task-manager                    : MainThread     : DEBUG   : bulk unit insert result: {'nModified': 0, 'nUpserted': 0, 'nMatched': 0, 'writeErrors': [], 'upserted': [], 'writeConcernErrors': [], 'nRemoved': 0, 'nInserted': 1}
2017-09-12 16:36:13,123: rp.session.two.vivek.017421.0001: task-manager                    : MainThread     : DEBUG   : bulk unit insert result: {'nModified': 0, 'nUpserted': 0, 'nMatched': 0, 'writeErrors': [], 'upserted': [], 'writeConcernErrors': [], 'nRemoved': 0, 'nInserted': 1}
2017-09-12 16:36:13,242: rp.session.two.vivek.017421.0001: task-manager                    : MainThread     : DEBUG   : bulk unit insert result: {'nModified': 0, 'nUpserted': 0, 'nMatched': 0, 'writeErrors': [], 'upserted': [], 'writeConcernErrors': [], 'nRemoved': 0, 'nInserted': 1}
2017-09-12 16:36:13,371: rp.session.two.vivek.017421.0001: task-manager                    : MainThread     : DEBUG   : bulk unit insert result: {'nModified': 0, 'nUpserted': 0, 'nMatched': 0, 'writeErrors': [], 'upserted': [], 'writeConcernErrors': [], 'nRemoved': 0, 'nInserted': 1}
2017-09-12 16:37:11,911: rp.session.two.vivek.017421.0001: task-manager                    : MainThread     : DEBUG   : bulk unit insert result: {'nModified': 0, 'nUpserted': 0, 'nMatched': 0, 'writeErrors': [], 'upserted': [], 'writeConcernErrors': [], 'nRemoved': 0, 'nInserted': 1}
2017-09-12 16:37:12,040: rp.session.two.vivek.017421.0001: task-manager                    : MainThread     : DEBUG   : bulk unit insert result: {'nModified': 0, 'nUpserted': 0, 'nMatched': 0, 'writeErrors': [], 'upserted': [], 'writeConcernErrors': [], 'nRemoved': 0, 'nInserted': 1}
2017-09-12 16:37:12,162: rp.session.two.vivek.017421.0001: task-manager                    : MainThread     : DEBUG   : bulk unit insert result: {'nModified': 0, 'nUpserted': 0, 'nMatched': 0, 'writeErrors': [], 'upserted': [], 'writeConcernErrors': [], 'nRemoved': 0, 'nInserted': 1}
2017-09-12 16:37:12,280: rp.session.two.vivek.017421.0001: task-manager                    : MainThread     : DEBUG   : bulk unit insert result: {'nModified': 0, 'nUpserted': 0, 'nMatched': 0, 'writeErrors': [], 'upserted': [], 'writeConcernErrors': [], 'nRemoved': 0, 'nInserted': 1}
2017-09-12 16:37:12,413: rp.session.two.vivek.017421.0001: task-manager                    : MainThread     : DEBUG   : bulk unit insert result: {'nModified': 0, 'nUpserted': 0, 'nMatched': 0, 'writeErrors': [], 'upserted': [], 'writeConcernErrors': [], 'nRemoved': 0, 'nInserted': 1}
2017-09-12 16:37:12,531: rp.session.two.vivek.017421.0001: task-manager                    : MainThread     : DEBUG   : bulk unit insert result: {'nModified': 0, 'nUpserted': 0, 'nMatched': 0, 'writeErrors': [], 'upserted': [], 'writeConcernErrors': [], 'nRemoved': 0, 'nInserted': 1}
2017-09-12 16:37:12,647: rp.session.two.vivek.017421.0001: task-manager                    : MainThread     : DEBUG   : bulk unit insert result: {'nModified': 0, 'nUpserted': 0, 'nMatched': 0, 'writeErrors': [], 'upserted': [], 'writeConcernErrors': [], 'nRemoved': 0, 'nInserted': 1}
2017-09-12 16:37:12,780: rp.session.two.vivek.017421.0001: task-manager                    : MainThread     : DEBUG   : bulk unit insert result: {'nModified': 0, 'nUpserted': 0, 'nMatched': 0, 'writeErrors': [], 'upserted': [], 'writeConcernErrors': [], 'nRemoved': 0, 'nInserted': 1}
2017-09-12 17:27:06,517: rp.session.two.vivek.017421.0001: task-manager                    : MainThread     : DEBUG   : bulk unit insert result: {'nModified': 0, 'nUpserted': 0, 'nMatched': 0, 'writeErrors': [], 'upserted': [], 'writeConcernErrors': [], 'nRemoved': 0, 'nInserted': 1}
2017-09-12 17:27:06,651: rp.session.two.vivek.017421.0001: task-manager                    : MainThread     : DEBUG   : bulk unit insert result: {'nModified': 0, 'nUpserted': 0, 'nMatched': 0, 'writeErrors': [], 'upserted': [], 'writeConcernErrors': [], 'nRemoved': 0, 'nInserted': 1}
2017-09-12 17:27:06,775: rp.session.two.vivek.017421.0001: task-manager                    : MainThread     : DEBUG   : bulk unit insert result: {'nModified': 0, 'nUpserted': 0, 'nMatched': 0, 'writeErrors': [], 'upserted': [], 'writeConcernErrors': [], 'nRemoved': 0, 'nInserted': 1}
2017-09-12 17:27:06,897: rp.session.two.vivek.017421.0001: task-manager                    : MainThread     : DEBUG   : bulk unit insert result: {'nModified': 0, 'nUpserted': 0, 'nMatched': 0, 'writeErrors': [], 'upserted': [], 'writeConcernErrors': [], 'nRemoved': 0, 'nInserted': 1}
2017-09-12 17:27:07,032: rp.session.two.vivek.017421.0001: task-manager                    : MainThread     : DEBUG   : bulk unit insert result: {'nModified': 0, 'nUpserted': 0, 'nMatched': 0, 'writeErrors': [], 'upserted': [], 'writeConcernErrors': [], 'nRemoved': 0, 'nInserted': 1}
2017-09-12 17:27:07,149: rp.session.two.vivek.017421.0001: task-manager                    : MainThread     : DEBUG   : bulk unit insert result: {'nModified': 0, 'nUpserted': 0, 'nMatched': 0, 'writeErrors': [], 'upserted': [], 'writeConcernErrors': [], 'nRemoved': 0, 'nInserted': 1}
2017-09-12 17:27:07,266: rp.session.two.vivek.017421.0001: task-manager                    : MainThread     : DEBUG   : bulk unit insert result: {'nModified': 0, 'nUpserted': 0, 'nMatched': 0, 'writeErrors': [], 'upserted': [], 'writeConcernErrors': [], 'nRemoved': 0, 'nInserted': 1}
2017-09-12 17:27:07,383: rp.session.two.vivek.017421.0001: task-manager                    : MainThread     : DEBUG   : bulk unit insert result: {'nModified': 0, 'nUpserted': 0, 'nMatched': 0, 'writeErrors': [], 'upserted': [], 'writeConcernErrors': [], 'nRemoved': 0, 'nInserted': 1}
2017-09-12 18:04:59,554: rp.session.two.vivek.017421.0001: task-manager                    : MainThread     : DEBUG   : bulk unit insert result: {'nModified': 0, 'nUpserted': 0, 'nMatched': 0, 'writeErrors': [], 'upserted': [], 'writeConcernErrors': [], 'nRemoved': 0, 'nInserted': 1}
2017-09-12 18:04:59,716: rp.session.two.vivek.017421.0001: task-manager                    : MainThread     : DEBUG   : bulk unit insert result: {'nModified': 0, 'nUpserted': 0, 'nMatched': 0, 'writeErrors': [], 'upserted': [], 'writeConcernErrors': [], 'nRemoved': 0, 'nInserted': 1}
2017-09-12 18:04:59,849: rp.session.two.vivek.017421.0001: task-manager                    : MainThread     : DEBUG   : bulk unit insert result: {'nModified': 0, 'nUpserted': 0, 'nMatched': 0, 'writeErrors': [], 'upserted': [], 'writeConcernErrors': [], 'nRemoved': 0, 'nInserted': 1}
2017-09-12 18:04:59,986: rp.session.two.vivek.017421.0001: task-manager                    : MainThread     : DEBUG   : bulk unit insert result: {'nModified': 0, 'nUpserted': 0, 'nMatched': 0, 'writeErrors': [], 'upserted': [], 'writeConcernErrors': [], 'nRemoved': 0, 'nInserted': 1}
2017-09-12 18:05:00,113: rp.session.two.vivek.017421.0001: task-manager                    : MainThread     : DEBUG   : bulk unit insert result: {'nModified': 0, 'nUpserted': 0, 'nMatched': 0, 'writeErrors': [], 'upserted': [], 'writeConcernErrors': [], 'nRemoved': 0, 'nInserted': 1}
2017-09-12 18:05:00,235: rp.session.two.vivek.017421.0001: task-manager                    : MainThread     : DEBUG   : bulk unit insert result: {'nModified': 0, 'nUpserted': 0, 'nMatched': 0, 'writeErrors': [], 'upserted': [], 'writeConcernErrors': [], 'nRemoved': 0, 'nInserted': 1}
2017-09-12 18:05:00,353: rp.session.two.vivek.017421.0001: task-manager                    : MainThread     : DEBUG   : bulk unit insert result: {'nModified': 0, 'nUpserted': 0, 'nMatched': 0, 'writeErrors': [], 'upserted': [], 'writeConcernErrors': [], 'nRemoved': 0, 'nInserted': 1}
2017-09-12 18:05:00,476: rp.session.two.vivek.017421.0001: task-manager                    : MainThread     : DEBUG   : bulk unit insert result: {'nModified': 0, 'nUpserted': 0, 'nMatched': 0, 'writeErrors': [], 'upserted': [], 'writeConcernErrors': [], 'nRemoved': 0, 'nInserted': 1}
2017-09-13 01:28:25,557: rp.session.two.vivek.017421.0001: task-manager                    : MainThread     : DEBUG   : bulk unit insert result: {'nModified': 0, 'nUpserted': 0, 'nMatched': 0, 'writeErrors': [], 'upserted': [], 'writeConcernErrors': [], 'nRemoved': 0, 'nInserted': 1}
2017-09-13 01:28:25,798: rp.session.two.vivek.017421.0001: task-manager                    : MainThread     : DEBUG   : bulk unit insert result: {'nModified': 0, 'nUpserted': 0, 'nMatched': 0, 'writeErrors': [], 'upserted': [], 'writeConcernErrors': [], 'nRemoved': 0, 'nInserted': 1}
2017-09-13 01:28:25,947: rp.session.two.vivek.017421.0001: task-manager                    : MainThread     : DEBUG   : bulk unit insert result: {'nModified': 0, 'nUpserted': 0, 'nMatched': 0, 'writeErrors': [], 'upserted': [], 'writeConcernErrors': [], 'nRemoved': 0, 'nInserted': 1}
2017-09-13 01:28:26,070: rp.session.two.vivek.017421.0001: task-manager                    : MainThread     : DEBUG   : bulk unit insert result: {'nModified': 0, 'nUpserted': 0, 'nMatched': 0, 'writeErrors': [], 'upserted': [], 'writeConcernErrors': [], 'nRemoved': 0, 'nInserted': 1}
2017-09-13 01:28:26,206: rp.session.two.vivek.017421.0001: task-manager                    : MainThread     : DEBUG   : bulk unit insert result: {'nModified': 0, 'nUpserted': 0, 'nMatched': 0, 'writeErrors': [], 'upserted': [], 'writeConcernErrors': [], 'nRemoved': 0, 'nInserted': 1}
2017-09-13 01:28:26,343: rp.session.two.vivek.017421.0001: task-manager                    : MainThread     : DEBUG   : bulk unit insert result: {'nModified': 0, 'nUpserted': 0, 'nMatched': 0, 'writeErrors': [], 'upserted': [], 'writeConcernErrors': [], 'nRemoved': 0, 'nInserted': 1}
2017-09-13 01:28:26,461: rp.session.two.vivek.017421.0001: task-manager                    : MainThread     : DEBUG   : bulk unit insert result: {'nModified': 0, 'nUpserted': 0, 'nMatched': 0, 'writeErrors': [], 'upserted': [], 'writeConcernErrors': [], 'nRemoved': 0, 'nInserted': 1}
2017-09-13 01:28:26,714: rp.session.two.vivek.017421.0001: task-manager                    : MainThread     : DEBUG   : bulk unit insert result: {'nModified': 0, 'nUpserted': 0, 'nMatched': 0, 'writeErrors': [], 'upserted': [], 'writeConcernErrors': [], 'nRemoved': 0, 'nInserted': 1}
2017-09-13 02:10:32,975: rp.session.two.vivek.017421.0001: task-manager                    : MainThread     : DEBUG   : bulk unit insert result: {'nModified': 0, 'nUpserted': 0, 'nMatched': 0, 'writeErrors': [], 'upserted': [], 'writeConcernErrors': [], 'nRemoved': 0, 'nInserted': 1}
2017-09-13 02:10:33,124: rp.session.two.vivek.017421.0001: task-manager                    : MainThread     : DEBUG   : bulk unit insert result: {'nModified': 0, 'nUpserted': 0, 'nMatched': 0, 'writeErrors': [], 'upserted': [], 'writeConcernErrors': [], 'nRemoved': 0, 'nInserted': 1}
2017-09-13 02:10:33,272: rp.session.two.vivek.017421.0001: task-manager                    : MainThread     : DEBUG   : bulk unit insert result: {'nModified': 0, 'nUpserted': 0, 'nMatched': 0, 'writeErrors': [], 'upserted': [], 'writeConcernErrors': [], 'nRemoved': 0, 'nInserted': 1}
2017-09-13 02:10:33,411: rp.session.two.vivek.017421.0001: task-manager                    : MainThread     : DEBUG   : bulk unit insert result: {'nModified': 0, 'nUpserted': 0, 'nMatched': 0, 'writeErrors': [], 'upserted': [], 'writeConcernErrors': [], 'nRemoved': 0, 'nInserted': 1}
2017-09-13 02:10:33,554: rp.session.two.vivek.017421.0001: task-manager                    : MainThread     : DEBUG   : bulk unit insert result: {'nModified': 0, 'nUpserted': 0, 'nMatched': 0, 'writeErrors': [], 'upserted': [], 'writeConcernErrors': [], 'nRemoved': 0, 'nInserted': 1}
2017-09-13 02:10:33,673: rp.session.two.vivek.017421.0001: task-manager                    : MainThread     : DEBUG   : bulk unit insert result: {'nModified': 0, 'nUpserted': 0, 'nMatched': 0, 'writeErrors': [], 'upserted': [], 'writeConcernErrors': [], 'nRemoved': 0, 'nInserted': 1}
2017-09-13 02:10:33,793: rp.session.two.vivek.017421.0001: task-manager                    : MainThread     : DEBUG   : bulk unit insert result: {'nModified': 0, 'nUpserted': 0, 'nMatched': 0, 'writeErrors': [], 'upserted': [], 'writeConcernErrors': [], 'nRemoved': 0, 'nInserted': 1}
2017-09-13 02:10:33,953: rp.session.two.vivek.017421.0001: task-manager                    : MainThread     : DEBUG   : bulk unit insert result: {'nModified': 0, 'nUpserted': 0, 'nMatched': 0, 'writeErrors': [], 'upserted': [], 'writeConcernErrors': [], 'nRemoved': 0, 'nInserted': 1}
2017-09-13 02:11:52,107: rp.session.two.vivek.017421.0001: MainProcess                     : MainThread     : DEBUG   : session rp.session.two.vivek.017421.0001 closing
2017-09-13 02:11:52,107: rp.session.two.vivek.017421.0001: MainProcess                     : MainThread     : DEBUG   : session rp.session.two.vivek.017421.0001 closes pmgr   pmgr.0000
2017-09-13 02:11:52,477: rp.session.two.vivek.017421.0001: MainProcess                     : MainThread     : DEBUG   : session rp.session.two.vivek.017421.0001 closed pmgr   pmgr.0000
2017-09-13 02:11:52,477: rp.session.two.vivek.017421.0001: MainProcess                     : MainThread     : DEBUG   : session rp.session.two.vivek.017421.0001 closes comp   update.0
2017-09-13 02:11:52,646: rp.session.two.vivek.017421.0001: MainProcess                     : MainThread     : DEBUG   : session rp.session.two.vivek.017421.0001 closed comp   update.0
2017-09-13 02:11:52,647: rp.session.two.vivek.017421.0001: MainProcess                     : MainThread     : DEBUG   : session rp.session.two.vivek.017421.0001 closes bridge control.pubsub.bridge.0000
2017-09-13 02:11:52,811: rp.session.two.vivek.017421.0001: MainProcess                     : MainThread     : DEBUG   : session rp.session.two.vivek.017421.0001 closed bridge control.pubsub.bridge.0000
2017-09-13 02:11:52,812: rp.session.two.vivek.017421.0001: MainProcess                     : MainThread     : DEBUG   : session rp.session.two.vivek.017421.0001 closes bridge state.pubsub.bridge.0000
2017-09-13 02:11:52,977: rp.session.two.vivek.017421.0001: MainProcess                     : MainThread     : DEBUG   : session rp.session.two.vivek.017421.0001 closed bridge state.pubsub.bridge.0000
2017-09-13 02:11:52,977: rp.session.two.vivek.017421.0001: MainProcess                     : MainThread     : DEBUG   : session rp.session.two.vivek.017421.0001 closes bridge log.pubsub.bridge.0000
2017-09-13 02:11:53,192: rp.session.two.vivek.017421.0001: MainProcess                     : MainThread     : DEBUG   : session rp.session.two.vivek.017421.0001 closed bridge log.pubsub.bridge.0000
2017-09-13 02:11:53,192: rp.session.two.vivek.017421.0001: MainProcess                     : MainThread     : DEBUG   : session rp.session.two.vivek.017421.0001 closes db (False)
2017-09-13 02:11:53,192: rp.session.two.vivek.017421.0001: MainProcess                     : MainThread     : DEBUG   : session rp.session.two.vivek.017421.0001 closed (delete=False)
