2017-11-03 19:36:26,714: control.pubsub.pub.0000: update.0                        : MainThread     : INFO    : python.interpreter   version: 2.7.12 (default, Nov 19 2016, 06:48:10) [GCC 5.4.0 20160609]
2017-11-03 19:36:26,714: control.pubsub.pub.0000: update.0                        : MainThread     : INFO    :                      pid: 20095
2017-11-03 19:36:26,714: control.pubsub.pub.0000: update.0                        : MainThread     : INFO    :                      tid: MainThread
2017-11-03 19:36:26,714: control.pubsub.pub.0000: update.0                        : MainThread     : INFO    : radical.pilot        version: 0.47-v0.46.2-181-g138b1e15@HEAD-detached-at-origin-rc-v0.46.3
2017-11-03 19:36:26,715: control.pubsub.pub.0000: update.0                        : MainThread     : INFO    : create control_pubsub - pub - tcp://138.201.86.166:33336
2017-11-03 19:36:26,731: control.pubsub.pub.0000: update.0                        : MainThread     : DEBUG   : start process
2017-11-03 19:36:26,731: control.pubsub.pub.0000: update.0                        : MainThread     : DEBUG   : ru_initialize_common (NOOP)
2017-11-03 19:36:26,731: control.pubsub.pub.0000: update.0                        : MainThread     : DEBUG   : ru_initialize_parent (NOOP)
2017-11-03 19:36:26,731: control.pubsub.pub.0000: update.0                        : MainThread     : DEBUG   : process class started (no child)
2017-11-03 19:36:27,297: control.pubsub.pub.0000: MainProcess                     : MainThread     : INFO    : python.interpreter   version: 2.7.12 (default, Nov 19 2016, 06:48:10) [GCC 5.4.0 20160609]
2017-11-03 19:36:27,297: control.pubsub.pub.0000: MainProcess                     : MainThread     : INFO    :                      pid: 20018
2017-11-03 19:36:27,297: control.pubsub.pub.0000: MainProcess                     : MainThread     : INFO    :                      tid: MainThread
2017-11-03 19:36:27,298: control.pubsub.pub.0000: MainProcess                     : MainThread     : INFO    : radical.pilot        version: 0.47-v0.46.2-181-g138b1e15@HEAD-detached-at-origin-rc-v0.46.3
2017-11-03 19:36:27,298: control.pubsub.pub.0000: MainProcess                     : MainThread     : INFO    : create control_pubsub - pub - tcp://138.201.86.166:33336
2017-11-03 19:36:27,298: control.pubsub.pub.0000: MainProcess                     : MainThread     : DEBUG   : start process
2017-11-03 19:36:27,299: control.pubsub.pub.0000: MainProcess                     : MainThread     : DEBUG   : ru_initialize_common (NOOP)
2017-11-03 19:36:27,299: control.pubsub.pub.0000: MainProcess                     : MainThread     : DEBUG   : ru_initialize_parent (NOOP)
2017-11-03 19:36:27,299: control.pubsub.pub.0000: MainProcess                     : MainThread     : DEBUG   : process class started (no child)
2017-11-03 19:48:37,084: control.pubsub.pub.0000: MainProcess                     : MainThread     : INFO    : parent stops child  20018 -> None [control.pubsub.pub.0000]
2017-11-03 19:48:37,085: control.pubsub.pub.0000: MainProcess                     : MainThread     : DEBUG   : ru_finalize_parent (NOOP)
2017-11-03 19:48:37,332: control.pubsub.pub.0000: update.0                        : MainThread     : INFO    : parent stops child  20095 -> None [control.pubsub.pub.0000]
2017-11-03 19:48:37,332: control.pubsub.pub.0000: update.0                        : MainThread     : DEBUG   : ru_finalize_parent (NOOP)
