2017-11-03 19:36:27,354: pmgr.0000.launching.0.child: pmgr.0000.launching.0           : MainThread     : INFO    : python.interpreter   version: 2.7.12 (default, Nov 19 2016, 06:48:10) [GCC 5.4.0 20160609]
2017-11-03 19:36:27,355: pmgr.0000.launching.0.child: pmgr.0000.launching.0           : MainThread     : INFO    :                      pid: 20149
2017-11-03 19:36:27,355: pmgr.0000.launching.0.child: pmgr.0000.launching.0           : MainThread     : INFO    :                      tid: MainThread
2017-11-03 19:36:27,356: pmgr.0000.launching.0.child: pmgr.0000.launching.0           : MainThread     : INFO    : radical.pilot        version: 0.47-v0.46.2-181-g138b1e15@HEAD-detached-at-origin-rc-v0.46.3
2017-11-03 19:36:27,433: pmgr.0000.launching.0.child: pmgr.0000.launching.0           : MainThread     : INFO    : initialize pmgr.0000.launching.0.child
2017-11-03 19:36:27,437: pmgr.0000.launching.0.child: pmgr.0000.launching.0           : MainThread     : INFO    : cfg: {'agents': {},
 u'bridges': {u'control_pubsub': {'addr_in': 'tcp://138.201.86.166:33336',
                                  'addr_out': 'tcp://138.201.86.166:33891',
                                  u'bulk_size': 0,
                                  u'log_level': u'debug',
                                  u'stall_hwm': 1},
              u'log_pubsub': {'addr_in': 'tcp://138.201.86.166:46515',
                              'addr_out': 'tcp://138.201.86.166:35287',
                              u'bulk_size': 0,
                              u'log_level': u'debug',
                              u'stall_hwm': 1},
              u'pmgr_launching_queue': {'addr_in': 'tcp://138.201.86.166:44086',
                                        'addr_out': 'tcp://138.201.86.166:34890',
                                        u'bulk_size': 0,
                                        u'log_level': u'debug',
                                        u'stall_hwm': 1},
              u'state_pubsub': {'addr_in': 'tcp://138.201.86.166:39518',
                                'addr_out': 'tcp://138.201.86.166:41679',
                                u'bulk_size': 0,
                                u'log_level': u'debug',
                                u'stall_hwm': 1}},
 'cname': u'PMGRLaunchingComponent',
 u'components': {},
 u'count': 1,
 u'db_poll_sleeptime': 1.0,
 'number': 0,
 'owner': 'pmgr.0000',
 'uid': 'pmgr.0000'}
2017-11-03 19:36:27,438: pmgr.0000.launching.0.child: pmgr.0000.launching.0           : MainThread     : DEBUG   : start components: {}
2017-11-03 19:36:27,438: pmgr.0000.launching.0.child: pmgr.0000.launching.0           : MainThread     : DEBUG   : alive check in term
2017-11-03 19:36:27,438: pmgr.0000.launching.0.child: pmgr.0000.launching.0           : MainThread     : DEBUG   : START: pmgr.0000.launching.0.child register publisher log_pubsub
2017-11-03 19:36:27,438: pmgr.0000.launching.0.child: pmgr.0000.launching.0           : MainThread     : DEBUG   : using addr tcp://138.201.86.166:46515 for pubsub log_pubsub
2017-11-03 19:36:27,442: pmgr.0000.launching.0.child: pmgr.0000.launching.0           : MainThread     : DEBUG   : registered publisher : log_pubsub : log.pubsub.pub.0001
2017-11-03 19:36:27,442: pmgr.0000.launching.0.child: pmgr.0000.launching.0           : MainThread     : DEBUG   : alive check in term
2017-11-03 19:36:27,442: pmgr.0000.launching.0.child: pmgr.0000.launching.0           : MainThread     : DEBUG   : START: pmgr.0000.launching.0.child register publisher state_pubsub
2017-11-03 19:36:27,442: pmgr.0000.launching.0.child: pmgr.0000.launching.0           : MainThread     : DEBUG   : using addr tcp://138.201.86.166:39518 for pubsub state_pubsub
2017-11-03 19:36:27,445: pmgr.0000.launching.0.child: pmgr.0000.launching.0           : MainThread     : DEBUG   : registered publisher : state_pubsub : state.pubsub.pub.0001
2017-11-03 19:36:27,446: pmgr.0000.launching.0.child: pmgr.0000.launching.0           : MainThread     : DEBUG   : alive check in term
2017-11-03 19:36:27,446: pmgr.0000.launching.0.child: pmgr.0000.launching.0           : MainThread     : DEBUG   : START: pmgr.0000.launching.0.child register publisher control_pubsub
2017-11-03 19:36:27,446: pmgr.0000.launching.0.child: pmgr.0000.launching.0           : MainThread     : DEBUG   : using addr tcp://138.201.86.166:33336 for pubsub control_pubsub
2017-11-03 19:36:27,449: pmgr.0000.launching.0.child: pmgr.0000.launching.0           : MainThread     : DEBUG   : registered publisher : control_pubsub : control.pubsub.pub.0001
2017-11-03 19:36:27,449: pmgr.0000.launching.0.child: pmgr.0000.launching.0           : MainThread     : DEBUG   : alive check in term
2017-11-03 19:36:27,449: pmgr.0000.launching.0.child: pmgr.0000.launching.0           : MainThread     : DEBUG   : START: pmgr.0000.launching.0.child register subscriber pmgr.0000.launching.0.child.subscriber._cancel_monitor_cb
2017-11-03 19:36:27,449: pmgr.0000.launching.0.child: pmgr.0000.launching.0           : MainThread     : DEBUG   : using addr tcp://138.201.86.166:33891 for pubsub control_pubsub
2017-11-03 19:36:27,472: pmgr.0000.launching.0.child: pmgr.0000.launching.0           : MainThread     : DEBUG   : parent name: pmgr.0000.launching.0.child.subscriber._cancel_monitor_cb
2017-11-03 19:36:27,472: pmgr.0000.launching.0.child: pmgr.0000.launching.0           : MainThread     : DEBUG   : start thread
2017-11-03 19:36:27,472: pmgr.0000.launching.0.child: pmgr.0000.launching.0           : pmgr.0000.launching.0.child.subscriber._cancel_monitor_cb: DEBUG   : child name: pmgr.0000.launching.0.child.subscriber._cancel_monitor_cb.thread
2017-11-03 19:36:27,473: pmgr.0000.launching.0.child: pmgr.0000.launching.0           : pmgr.0000.launching.0.child.subscriber._cancel_monitor_cb: INFO    : child (me) initializing
2017-11-03 19:36:27,473: pmgr.0000.launching.0.child: pmgr.0000.launching.0           : pmgr.0000.launching.0.child.subscriber._cancel_monitor_cb: DEBUG   : ru_initialize_common (NOOP)
2017-11-03 19:36:27,473: pmgr.0000.launching.0.child: pmgr.0000.launching.0           : pmgr.0000.launching.0.child.subscriber._cancel_monitor_cb: DEBUG   : ru_initialize_child (NOOP)
2017-11-03 19:36:27,473: pmgr.0000.launching.0.child: pmgr.0000.launching.0           : pmgr.0000.launching.0.child.subscriber._cancel_monitor_cb: INFO    : send alive
2017-11-03 19:36:27,473: pmgr.0000.launching.0.child: pmgr.0000.launching.0           : pmgr.0000.launching.0.child.subscriber._cancel_monitor_cb: INFO    : put message: [pmgr.0000.launching.0.child.subscriber._cancel_monitor_cb.thread] alive
2017-11-03 19:36:27,474: pmgr.0000.launching.0.child: pmgr.0000.launching.0           : MainThread     : INFO    : get msg: alive
2017-11-03 19:36:27,474: pmgr.0000.launching.0.child: pmgr.0000.launching.0           : MainThread     : DEBUG   : ru_initialize_common (NOOP)
2017-11-03 19:36:27,474: pmgr.0000.launching.0.child: pmgr.0000.launching.0           : MainThread     : DEBUG   : ru_initialize_parent (NOOP)
2017-11-03 19:36:27,474: pmgr.0000.launching.0.child: pmgr.0000.launching.0           : MainThread     : DEBUG   : child thread pmgr.0000.launching.0.child.subscriber._cancel_monitor_cb started
2017-11-03 19:36:27,474: pmgr.0000.launching.0.child: pmgr.0000.launching.0           : MainThread     : DEBUG   : pmgr.0000.launching.0.child registered control_pubsub subscriber pmgr.0000.launching.0.child.subscriber._cancel_monitor_cb
2017-11-03 19:36:27,475: pmgr.0000.launching.0.child: pmgr.0000.launching.0           : MainThread     : DEBUG   : alive check in term
2017-11-03 19:36:27,475: pmgr.0000.launching.0.child: pmgr.0000.launching.0           : MainThread     : DEBUG   : using addr tcp://138.201.86.166:34890 for input pmgr_launching_queue
2017-11-03 19:36:27,478: pmgr.0000.launching.0.child: pmgr.0000.launching.0           : MainThread     : DEBUG   : registered input pmgr.0000.launching.0.child.work.PMGR_LAUNCHING_PENDING
2017-11-03 19:36:27,478: pmgr.0000.launching.0.child: pmgr.0000.launching.0           : MainThread     : DEBUG   : START: pmgr.0000.launching.0.child register input PMGR_LAUNCHING_PENDING: pmgr.0000.launching.0.child.work.PMGR_LAUNCHING_PENDING
2017-11-03 19:36:27,478: pmgr.0000.launching.0.child: pmgr.0000.launching.0           : MainThread     : DEBUG   : registered worker work [PMGR_LAUNCHING_PENDING]
2017-11-03 19:36:27,478: pmgr.0000.launching.0.child: pmgr.0000.launching.0           : MainThread     : DEBUG   : alive check in term
2017-11-03 19:36:27,478: pmgr.0000.launching.0.child: pmgr.0000.launching.0           : MainThread     : DEBUG   : START: pmgr.0000.launching.0.child register idler pmgr.0000.launching.0.child.idler._pilot_watcher_cb
2017-11-03 19:36:27,479: pmgr.0000.launching.0.child: pmgr.0000.launching.0           : MainThread     : DEBUG   : parent name: pmgr.0000.launching.0.child.idler._pilot_watcher_cb
2017-11-03 19:36:27,479: pmgr.0000.launching.0.child: pmgr.0000.launching.0           : MainThread     : DEBUG   : start thread
2017-11-03 19:36:27,479: pmgr.0000.launching.0.child: pmgr.0000.launching.0           : pmgr.0000.launching.0.child.idler._pilot_watcher_cb: DEBUG   : child name: pmgr.0000.launching.0.child.idler._pilot_watcher_cb.thread
2017-11-03 19:36:27,479: pmgr.0000.launching.0.child: pmgr.0000.launching.0           : pmgr.0000.launching.0.child.idler._pilot_watcher_cb: INFO    : child (me) initializing
2017-11-03 19:36:27,480: pmgr.0000.launching.0.child: pmgr.0000.launching.0           : pmgr.0000.launching.0.child.idler._pilot_watcher_cb: DEBUG   : ru_initialize_common (NOOP)
2017-11-03 19:36:27,480: pmgr.0000.launching.0.child: pmgr.0000.launching.0           : pmgr.0000.launching.0.child.idler._pilot_watcher_cb: DEBUG   : ru_initialize_child (NOOP)
2017-11-03 19:36:27,480: pmgr.0000.launching.0.child: pmgr.0000.launching.0           : pmgr.0000.launching.0.child.idler._pilot_watcher_cb: INFO    : send alive
2017-11-03 19:36:27,480: pmgr.0000.launching.0.child: pmgr.0000.launching.0           : pmgr.0000.launching.0.child.idler._pilot_watcher_cb: INFO    : put message: [pmgr.0000.launching.0.child.idler._pilot_watcher_cb.thread] alive
2017-11-03 19:36:27,481: pmgr.0000.launching.0.child: pmgr.0000.launching.0           : MainThread     : INFO    : get msg: alive
2017-11-03 19:36:27,482: pmgr.0000.launching.0.child: pmgr.0000.launching.0           : MainThread     : DEBUG   : ru_initialize_common (NOOP)
2017-11-03 19:36:27,482: pmgr.0000.launching.0.child: pmgr.0000.launching.0           : MainThread     : DEBUG   : ru_initialize_parent (NOOP)
2017-11-03 19:36:27,482: pmgr.0000.launching.0.child: pmgr.0000.launching.0           : MainThread     : DEBUG   : child thread pmgr.0000.launching.0.child.idler._pilot_watcher_cb started
2017-11-03 19:36:27,482: pmgr.0000.launching.0.child: pmgr.0000.launching.0           : MainThread     : DEBUG   : pmgr.0000.launching.0.child registered idler pmgr.0000.launching.0.child.idler._pilot_watcher_cb
2017-11-03 19:36:27,482: pmgr.0000.launching.0.child: pmgr.0000.launching.0           : MainThread     : DEBUG   : alive check in term
2017-11-03 19:36:27,483: pmgr.0000.launching.0.child: pmgr.0000.launching.0           : MainThread     : DEBUG   : START: pmgr.0000.launching.0.child register subscriber pmgr.0000.launching.0.child.subscriber._pmgr_control_cb
2017-11-03 19:36:27,483: pmgr.0000.launching.0.child: pmgr.0000.launching.0           : MainThread     : DEBUG   : using addr tcp://138.201.86.166:33891 for pubsub control_pubsub
2017-11-03 19:36:27,488: pmgr.0000.launching.0.child: pmgr.0000.launching.0           : MainThread     : DEBUG   : parent name: pmgr.0000.launching.0.child.subscriber._pmgr_control_cb
2017-11-03 19:36:27,488: pmgr.0000.launching.0.child: pmgr.0000.launching.0           : MainThread     : DEBUG   : start thread
2017-11-03 19:36:27,489: pmgr.0000.launching.0.child: pmgr.0000.launching.0           : pmgr.0000.launching.0.child.subscriber._pmgr_control_cb: DEBUG   : child name: pmgr.0000.launching.0.child.subscriber._pmgr_control_cb.thread
2017-11-03 19:36:27,490: pmgr.0000.launching.0.child: pmgr.0000.launching.0           : pmgr.0000.launching.0.child.subscriber._pmgr_control_cb: INFO    : child (me) initializing
2017-11-03 19:36:27,490: pmgr.0000.launching.0.child: pmgr.0000.launching.0           : pmgr.0000.launching.0.child.subscriber._pmgr_control_cb: DEBUG   : ru_initialize_common (NOOP)
2017-11-03 19:36:27,490: pmgr.0000.launching.0.child: pmgr.0000.launching.0           : pmgr.0000.launching.0.child.subscriber._pmgr_control_cb: DEBUG   : ru_initialize_child (NOOP)
2017-11-03 19:36:27,490: pmgr.0000.launching.0.child: pmgr.0000.launching.0           : pmgr.0000.launching.0.child.subscriber._pmgr_control_cb: INFO    : send alive
2017-11-03 19:36:27,490: pmgr.0000.launching.0.child: pmgr.0000.launching.0           : pmgr.0000.launching.0.child.subscriber._pmgr_control_cb: INFO    : put message: [pmgr.0000.launching.0.child.subscriber._pmgr_control_cb.thread] alive
2017-11-03 19:36:27,494: pmgr.0000.launching.0.child: pmgr.0000.launching.0           : pmgr.0000.launching.0.child.idler._pilot_watcher_cb: DEBUG   : bulk states: []
2017-11-03 19:36:27,495: pmgr.0000.launching.0.child: pmgr.0000.launching.0           : MainThread     : INFO    : get msg: alive
2017-11-03 19:36:27,495: pmgr.0000.launching.0.child: pmgr.0000.launching.0           : MainThread     : DEBUG   : ru_initialize_common (NOOP)
2017-11-03 19:36:27,495: pmgr.0000.launching.0.child: pmgr.0000.launching.0           : MainThread     : DEBUG   : ru_initialize_parent (NOOP)
2017-11-03 19:36:27,496: pmgr.0000.launching.0.child: pmgr.0000.launching.0           : MainThread     : DEBUG   : child thread pmgr.0000.launching.0.child.subscriber._pmgr_control_cb started
2017-11-03 19:36:27,496: pmgr.0000.launching.0.child: pmgr.0000.launching.0           : MainThread     : DEBUG   : pmgr.0000.launching.0.child registered control_pubsub subscriber pmgr.0000.launching.0.child.subscriber._pmgr_control_cb
2017-11-03 19:36:27,496: pmgr.0000.launching.0.child: pmgr.0000.launching.0           : MainThread     : INFO    : ('0.47', '0.47-v0.46.2-181-g138b1e15@HEAD-detached-at-origin-rc-v0.46.3', '-v0.46.2', '@HEAD-detached-at-origin-rc-v0.46.3', 'radical.pilot-0.47-v0.46.2-181-g138b1e15-HEAD-detached-at-origin-rc-v0.46.3.tar.gz', '/home/jdakka/UCL/ties_null_workload/venv/local/lib/python2.7/site-packages/radical/pilot/pmgr/launching/../..//radical.pilot-0.47-v0.46.2-181-g138b1e15-HEAD-detached-at-origin-rc-v0.46.3.tar.gz')
2017-11-03 19:36:27,496: pmgr.0000.launching.0.child: pmgr.0000.launching.0           : MainThread     : INFO    : child (me) initializing
2017-11-03 19:36:27,497: pmgr.0000.launching.0.child: pmgr.0000.launching.0           : MainThread     : DEBUG   : parent name: pmgr.0000.launching.0.child.watch
2017-11-03 19:36:27,497: pmgr.0000.launching.0.child: pmgr.0000.launching.0           : MainThread     : DEBUG   : start thread
2017-11-03 19:36:27,497: pmgr.0000.launching.0.child: pmgr.0000.launching.0           : pmgr.0000.launching.0.child.watch: DEBUG   : child name: pmgr.0000.launching.0.child.watch.thread
2017-11-03 19:36:27,497: pmgr.0000.launching.0.child: pmgr.0000.launching.0           : pmgr.0000.launching.0.child.watch: INFO    : child (me) initializing
2017-11-03 19:36:27,498: pmgr.0000.launching.0.child: pmgr.0000.launching.0           : pmgr.0000.launching.0.child.watch: DEBUG   : ru_initialize_common (NOOP)
2017-11-03 19:36:27,498: pmgr.0000.launching.0.child: pmgr.0000.launching.0           : pmgr.0000.launching.0.child.watch: DEBUG   : ru_initialize_child (NOOP)
2017-11-03 19:36:27,498: pmgr.0000.launching.0.child: pmgr.0000.launching.0           : pmgr.0000.launching.0.child.watch: INFO    : send alive
2017-11-03 19:36:27,498: pmgr.0000.launching.0.child: pmgr.0000.launching.0           : pmgr.0000.launching.0.child.watch: INFO    : put message: [pmgr.0000.launching.0.child.watch.thread] alive
2017-11-03 19:36:27,499: pmgr.0000.launching.0.child: pmgr.0000.launching.0           : MainThread     : INFO    : get msg: alive
2017-11-03 19:36:27,499: pmgr.0000.launching.0.child: pmgr.0000.launching.0           : MainThread     : DEBUG   : ru_initialize_common (NOOP)
2017-11-03 19:36:27,499: pmgr.0000.launching.0.child: pmgr.0000.launching.0           : MainThread     : DEBUG   : ru_initialize_parent (NOOP)
2017-11-03 19:36:27,499: pmgr.0000.launching.0.child: pmgr.0000.launching.0           : MainThread     : DEBUG   : child thread pmgr.0000.launching.0.child.watch started
2017-11-03 19:36:27,499: pmgr.0000.launching.0.child: pmgr.0000.launching.0           : MainThread     : INFO    : child (me) is alive
2017-11-03 19:36:27,499: pmgr.0000.launching.0.child: pmgr.0000.launching.0           : MainThread     : INFO    : send alive
2017-11-03 19:36:27,499: pmgr.0000.launching.0.child: pmgr.0000.launching.0           : MainThread     : INFO    : send message: [pmgr.0000.launching.0.child] alive
2017-11-03 19:36:36,261: pmgr.0000.launching.0.child: pmgr.0000.launching.0           : MainThread     : DEBUG   : got pilot (pilot.0000)
2017-11-03 19:36:36,261: pmgr.0000.launching.0.child: pmgr.0000.launching.0           : MainThread     : DEBUG   : advance bulk size: 1 [False, True]
2017-11-03 19:36:36,262: pmgr.0000.launching.0.child: pmgr.0000.launching.0           : MainThread     : INFO    : Launching pilots on ncsa.bw_aprun: ['pilot.0000']
2017-11-03 19:36:41,229: pmgr.0000.launching.0.child: pmgr.0000.launching.0           : MainThread     : INFO    : Read agent config file: /home/jdakka/UCL/ties_null_workload/venv/local/lib/python2.7/site-packages/radical/pilot/pmgr/launching/../..//configs/agent_default.json
2017-11-03 19:36:41,232: pmgr.0000.launching.0.child: pmgr.0000.launching.0           : MainThread     : DEBUG   : Write agent cfg to '/tmp/rp.agent_cfg.VvYnr1'.
2017-11-03 19:36:41,241: pmgr.0000.launching.0.child: pmgr.0000.launching.0           : MainThread     : DEBUG   : {'agent_launch_method': 'APRUN',
 u'bridges': {u'agent_executing_queue': {u'bulk_size': 0,
                                         u'log_level': u'debug',
                                         u'stall_hwm': 1},
              u'agent_reschedule_pubsub': {u'bulk_size': 0,
                                           u'log_level': u'debug',
                                           u'stall_hwm': 1},
              u'agent_scheduling_queue': {u'bulk_size': 0,
                                          u'log_level': u'debug',
                                          u'stall_hwm': 1},
              u'agent_staging_input_queue': {u'bulk_size': 0,
                                             u'log_level': u'debug',
                                             u'stall_hwm': 1},
              u'agent_staging_output_queue': {u'bulk_size': 0,
                                              u'log_level': u'debug',
                                              u'stall_hwm': 1},
              u'agent_unschedule_pubsub': {u'bulk_size': 0,
                                           u'log_level': u'debug',
                                           u'stall_hwm': 1},
              u'control_pubsub': {u'bulk_size': 0,
                                  u'log_level': u'debug',
                                  u'stall_hwm': 1},
              u'log_pubsub': {u'bulk_size': 0,
                              u'log_level': u'debug',
                              u'stall_hwm': 1},
              u'state_pubsub': {u'bulk_size': 0,
                                u'log_level': u'debug',
                                u'stall_hwm': 1}},
 u'bulk_collection_size': 100,
 u'bulk_collection_time': 1.0,
 u'components': {u'AgentExecutingComponent': {u'count': 1},
                 u'AgentSchedulingComponent': {u'count': 1},
                 u'AgentStagingInputComponent': {u'count': 1},
                 u'AgentStagingOutputComponent': {u'count': 1},
                 u'UpdateWorker': {u'count': 1}},
 'cores': 1024,
 'cores_per_node': 0,
 'cu_post_exec': None,
 'cu_pre_exec': None,
 'cu_tmp': None,
 u'db_poll_sleeptime': 1.0,
 'dburl': 'mongodb://jdakka:mongo@ds231715.mlab.com:31715/new_htbac',
 'debug': 10,
 'export_to_cu': None,
 'logdir': '.',
 'lrms': 'TORQUE',
 u'max_io_loglength': 1024,
 u'mode': u'shared',
 'mpi_launch_method': 'APRUN',
 'owner': 'agent_0',
 'pilot_id': 'pilot.0000',
 'pilot_sandbox': '/scratch/sciteam/dakka/radical.pilot.sandbox/rp.session.two.jdakka.017473.0005/pilot.0000/',
 'resource_cfg': {'agent_launch_method': 'APRUN',
                  'agent_scheduler': 'CONTINUOUS',
                  'agent_spawner': 'POPEN',
                  'default_queue': 'normal',
                  'default_remote_workdir': '/scratch/sciteam/$USER',
                  'description': 'The NCSA Blue Waters Cray XE6/XK7 system (https://bluewaters.ncsa.illinois.edu/)',
                  'filesystem_endpoint': 'gsisftp://bw.ncsa.illinois.edu/',
                  'gsissh': {'filesystem_endpoint': 'gsisftp://bw.ncsa.illinois.edu/',
                             'job_manager_endpoint': 'torque+gsissh://bw.ncsa.illinois.edu'},
                  'job_manager_endpoint': 'torque+gsissh://bw.ncsa.illinois.edu',
                  'label': 'ncsa.bw_aprun',
                  'lrms': 'TORQUE',
                  'mpi_launch_method': 'APRUN',
                  'notes': "Running 'touch .hushlogin' on the login node will reduce the likelihood of prompt detection issues.",
                  'pre_bootstrap_1': ['module switch PrgEnv-cray PrgEnv-gnu',
                                      'module load bwpy'],
                  'python_dist': 'default',
                  'rp_version': 'local',
                  'schemas': ['gsissh'],
                  'stage_cacerts': 'True',
                  'task_launch_method': 'APRUN',
                  'valid_roots': ['/scratch/sciteam'],
                  'virtenv_mode': 'create'},
 'resource_sandbox': '/scratch/sciteam/dakka/radical.pilot.sandbox',
 'runtime': 15,
 'scheduler': 'CONTINUOUS',
 'session_id': 'rp.session.two.jdakka.017473.0005',
 'session_sandbox': '/scratch/sciteam/dakka/radical.pilot.sandbox/rp.session.two.jdakka.017473.0005',
 'spawner': 'POPEN',
 u'staging_area': u'staging_area',
 u'staging_schema': u'staging',
 u'target': u'local',
 'task_launch_method': 'APRUN'}
2017-11-03 19:36:41,288: pmgr.0000.launching.0.child: pmgr.0000.launching.0           : MainThread     : DEBUG   : use bootstrapper /home/jdakka/UCL/ties_null_workload/venv/local/lib/python2.7/site-packages/radical/pilot/agent/bootstrap_1.sh
2017-11-03 19:36:41,288: pmgr.0000.launching.0.child: pmgr.0000.launching.0           : MainThread     : DEBUG   : use CAs /home/jdakka/UCL/ties_null_workload/venv/local/lib/python2.7/site-packages/radical/pilot/agent/cacert.pem.gz
2017-11-03 19:36:41,291: pmgr.0000.launching.0.child: pmgr.0000.launching.0           : MainThread     : DEBUG   : Bootstrap command line: /bin/bash ['-l /scratch/sciteam/dakka/radical.pilot.sandbox/rp.session.two.jdakka.017473.0005/bootstrap_1.sh', " -d 'radical.utils-0.47-v0.46-73-gd580ab1-HEAD-detached-at-origin-rc-v0.46.3.tar.gz:saga-python-0.47-v0.46-32-ga2f9dedc-HEAD-detached-at-origin-rc-v0.46.3.tar.gz:radical.pilot-0.47-v0.46.2-181-g138b1e15-HEAD-detached-at-origin-rc-v0.46.3.tar.gz' -p 'pilot.0000' -s 'rp.session.two.jdakka.017473.0005' -m 'create' -r 'local' -b 'default' -g 'default' -v '/scratch/sciteam/dakka/radical.pilot.sandbox/ve.ncsa.bw_aprun.0.47' -y '15' -e 'module switch PrgEnv-cray PrgEnv-gnu' -e 'module load bwpy'"]
2017-11-03 19:36:41,292: pmgr.0000.launching.0.child: pmgr.0000.launching.0           : MainThread     : DEBUG   : cmd: cd /tmp/rp_agent_tar_dirL8xeZo && tar zchf /tmp/rp_agent_tar_dirL8xeZo/rp.session.two.jdakka.017473.0005.pmgr.0000.launching.0.child.tgz *
2017-11-03 19:36:41,345: pmgr.0000.launching.0.child: pmgr.0000.launching.0           : MainThread     : DEBUG   : out: 
2017-11-03 19:36:41,345: pmgr.0000.launching.0.child: pmgr.0000.launching.0           : MainThread     : DEBUG   : rs.file.Directory ('gsisftp://bw.ncsa.illinois.edu/')
2017-11-03 19:36:55,293: pmgr.0000.launching.0.child: pmgr.0000.launching.0           : MainThread     : DEBUG   : tar cmd : tar zmxvf /scratch/sciteam/dakka/radical.pilot.sandbox/rp.session.two.jdakka.017473.0005/rp.session.two.jdakka.017473.0005.pmgr.0000.launching.0.child.tgz -C /scratch/sciteam/dakka/radical.pilot.sandbox/rp.session.two.jdakka.017473.0005
2017-11-03 19:36:55,739: pmgr.0000.launching.0.child: pmgr.0000.launching.0           : MainThread     : DEBUG   : tar done: Done, bootstrap_1.sh
cacert.pem.gz
pilot.0000/
pilot.0000/agent_0.cfg
pilot.0000/pilot.0000.prof.tgz
pilot.0000/pilot.0000.log.tgz
radical.pilot-0.47-v0.46.2-181-g138b1e15-HEAD-detached-at-origin-rc-v0.46.3.tar.gz
radical.utils-0.47-v0.46-73-gd580ab1-HEAD-detached-at-origin-rc-v0.46.3.tar.gz
saga-python-0.47-v0.46-32-ga2f9dedc-HEAD-detached-at-origin-rc-v0.46.3.tar.gz
, 
2017-11-03 19:37:01,775: pmgr.0000.launching.0.child: pmgr.0000.launching.0           : MainThread     : DEBUG   : jd: {'Arguments': ['-l /scratch/sciteam/dakka/radical.pilot.sandbox/rp.session.two.jdakka.017473.0005/bootstrap_1.sh',
               " -d 'radical.utils-0.47-v0.46-73-gd580ab1-HEAD-detached-at-origin-rc-v0.46.3.tar.gz:saga-python-0.47-v0.46-32-ga2f9dedc-HEAD-detached-at-origin-rc-v0.46.3.tar.gz:radical.pilot-0.47-v0.46.2-181-g138b1e15-HEAD-detached-at-origin-rc-v0.46.3.tar.gz' -p 'pilot.0000' -s 'rp.session.two.jdakka.017473.0005' -m 'create' -r 'local' -b 'default' -g 'default' -v '/scratch/sciteam/dakka/radical.pilot.sandbox/ve.ncsa.bw_aprun.0.47' -y '15' -e 'module switch PrgEnv-cray PrgEnv-gnu' -e 'module load bwpy'"],
 'CandidateHosts': None,
 'Environment': {'RADICAL_PILOT_PROFILE': 'TRUE'},
 'Error': 'bootstrap_1.err',
 'Executable': '/bin/bash',
 'FileTransfer': [],
 'Name': 'pilot.0000',
 'Output': 'bootstrap_1.out',
 'ProcessesPerHost': 0,
 'Project': 'bamm',
 'Queue': 'high',
 'SPMDVariation': None,
 'TotalCPUCount': 1024,
 'TotalPhysicalMemory': None,
 'WallTimeLimit': 15,
 'WorkingDirectory': '/scratch/sciteam/dakka/radical.pilot.sandbox/rp.session.two.jdakka.017473.0005/pilot.0000/'}
2017-11-03 19:37:03,562: pmgr.0000.launching.0.child: pmgr.0000.launching.0           : MainThread     : DEBUG   : pilot job: pilot.0000 : [torque+gsissh://bw.ncsa.illinois.edu]-[7781547] : pilot.0000 : Pending
2017-11-03 19:37:03,562: pmgr.0000.launching.0.child: pmgr.0000.launching.0           : MainThread     : DEBUG   : advance bulk size: 1 [False, True]
2017-11-03 19:37:03,567: pmgr.0000.launching.0.child: pmgr.0000.launching.0           : pmgr.0000.launching.0.child.idler._pilot_watcher_cb: DEBUG   : bulk states: ['P', 'e', 'n', 'd', 'i', 'n', 'g']
2017-11-03 19:37:03,567: pmgr.0000.launching.0.child: pmgr.0000.launching.0           : pmgr.0000.launching.0.child.idler._pilot_watcher_cb: DEBUG   : === saga job state: pilot.0000 Pending
2017-11-03 19:37:13,593: pmgr.0000.launching.0.child: pmgr.0000.launching.0           : pmgr.0000.launching.0.child.idler._pilot_watcher_cb: DEBUG   : bulk states: ['P', 'e', 'n', 'd', 'i', 'n', 'g']
2017-11-03 19:37:13,593: pmgr.0000.launching.0.child: pmgr.0000.launching.0           : pmgr.0000.launching.0.child.idler._pilot_watcher_cb: DEBUG   : === saga job state: pilot.0000 Pending
2017-11-03 19:37:23,620: pmgr.0000.launching.0.child: pmgr.0000.launching.0           : pmgr.0000.launching.0.child.idler._pilot_watcher_cb: DEBUG   : bulk states: ['P', 'e', 'n', 'd', 'i', 'n', 'g']
2017-11-03 19:37:23,620: pmgr.0000.launching.0.child: pmgr.0000.launching.0           : pmgr.0000.launching.0.child.idler._pilot_watcher_cb: DEBUG   : === saga job state: pilot.0000 Pending
2017-11-03 19:37:33,645: pmgr.0000.launching.0.child: pmgr.0000.launching.0           : pmgr.0000.launching.0.child.idler._pilot_watcher_cb: DEBUG   : bulk states: ['P', 'e', 'n', 'd', 'i', 'n', 'g']
2017-11-03 19:37:33,645: pmgr.0000.launching.0.child: pmgr.0000.launching.0           : pmgr.0000.launching.0.child.idler._pilot_watcher_cb: DEBUG   : === saga job state: pilot.0000 Pending
2017-11-03 19:37:43,672: pmgr.0000.launching.0.child: pmgr.0000.launching.0           : pmgr.0000.launching.0.child.idler._pilot_watcher_cb: DEBUG   : bulk states: ['P', 'e', 'n', 'd', 'i', 'n', 'g']
2017-11-03 19:37:43,672: pmgr.0000.launching.0.child: pmgr.0000.launching.0           : pmgr.0000.launching.0.child.idler._pilot_watcher_cb: DEBUG   : === saga job state: pilot.0000 Pending
2017-11-03 19:37:53,700: pmgr.0000.launching.0.child: pmgr.0000.launching.0           : pmgr.0000.launching.0.child.idler._pilot_watcher_cb: DEBUG   : bulk states: ['P', 'e', 'n', 'd', 'i', 'n', 'g']
2017-11-03 19:37:53,700: pmgr.0000.launching.0.child: pmgr.0000.launching.0           : pmgr.0000.launching.0.child.idler._pilot_watcher_cb: DEBUG   : === saga job state: pilot.0000 Pending
2017-11-03 19:38:03,726: pmgr.0000.launching.0.child: pmgr.0000.launching.0           : pmgr.0000.launching.0.child.idler._pilot_watcher_cb: DEBUG   : bulk states: ['P', 'e', 'n', 'd', 'i', 'n', 'g']
2017-11-03 19:38:03,727: pmgr.0000.launching.0.child: pmgr.0000.launching.0           : pmgr.0000.launching.0.child.idler._pilot_watcher_cb: DEBUG   : === saga job state: pilot.0000 Pending
2017-11-03 19:38:13,802: pmgr.0000.launching.0.child: pmgr.0000.launching.0           : pmgr.0000.launching.0.child.idler._pilot_watcher_cb: DEBUG   : bulk states: ['P', 'e', 'n', 'd', 'i', 'n', 'g']
2017-11-03 19:38:13,802: pmgr.0000.launching.0.child: pmgr.0000.launching.0           : pmgr.0000.launching.0.child.idler._pilot_watcher_cb: DEBUG   : === saga job state: pilot.0000 Pending
2017-11-03 19:38:23,829: pmgr.0000.launching.0.child: pmgr.0000.launching.0           : pmgr.0000.launching.0.child.idler._pilot_watcher_cb: DEBUG   : bulk states: ['P', 'e', 'n', 'd', 'i', 'n', 'g']
2017-11-03 19:38:23,829: pmgr.0000.launching.0.child: pmgr.0000.launching.0           : pmgr.0000.launching.0.child.idler._pilot_watcher_cb: DEBUG   : === saga job state: pilot.0000 Pending
2017-11-03 19:38:33,855: pmgr.0000.launching.0.child: pmgr.0000.launching.0           : pmgr.0000.launching.0.child.idler._pilot_watcher_cb: DEBUG   : bulk states: ['P', 'e', 'n', 'd', 'i', 'n', 'g']
2017-11-03 19:38:33,855: pmgr.0000.launching.0.child: pmgr.0000.launching.0           : pmgr.0000.launching.0.child.idler._pilot_watcher_cb: DEBUG   : === saga job state: pilot.0000 Pending
2017-11-03 19:38:43,882: pmgr.0000.launching.0.child: pmgr.0000.launching.0           : pmgr.0000.launching.0.child.idler._pilot_watcher_cb: DEBUG   : bulk states: ['P', 'e', 'n', 'd', 'i', 'n', 'g']
2017-11-03 19:38:43,883: pmgr.0000.launching.0.child: pmgr.0000.launching.0           : pmgr.0000.launching.0.child.idler._pilot_watcher_cb: DEBUG   : === saga job state: pilot.0000 Pending
2017-11-03 19:38:53,910: pmgr.0000.launching.0.child: pmgr.0000.launching.0           : pmgr.0000.launching.0.child.idler._pilot_watcher_cb: DEBUG   : bulk states: ['P', 'e', 'n', 'd', 'i', 'n', 'g']
2017-11-03 19:38:53,910: pmgr.0000.launching.0.child: pmgr.0000.launching.0           : pmgr.0000.launching.0.child.idler._pilot_watcher_cb: DEBUG   : === saga job state: pilot.0000 Pending
2017-11-03 19:39:03,935: pmgr.0000.launching.0.child: pmgr.0000.launching.0           : pmgr.0000.launching.0.child.idler._pilot_watcher_cb: DEBUG   : bulk states: ['P', 'e', 'n', 'd', 'i', 'n', 'g']
2017-11-03 19:39:03,935: pmgr.0000.launching.0.child: pmgr.0000.launching.0           : pmgr.0000.launching.0.child.idler._pilot_watcher_cb: DEBUG   : === saga job state: pilot.0000 Pending
2017-11-03 19:39:13,959: pmgr.0000.launching.0.child: pmgr.0000.launching.0           : pmgr.0000.launching.0.child.idler._pilot_watcher_cb: DEBUG   : bulk states: ['P', 'e', 'n', 'd', 'i', 'n', 'g']
2017-11-03 19:39:13,959: pmgr.0000.launching.0.child: pmgr.0000.launching.0           : pmgr.0000.launching.0.child.idler._pilot_watcher_cb: DEBUG   : === saga job state: pilot.0000 Pending
2017-11-03 19:39:23,985: pmgr.0000.launching.0.child: pmgr.0000.launching.0           : pmgr.0000.launching.0.child.idler._pilot_watcher_cb: DEBUG   : bulk states: ['P', 'e', 'n', 'd', 'i', 'n', 'g']
2017-11-03 19:39:23,985: pmgr.0000.launching.0.child: pmgr.0000.launching.0           : pmgr.0000.launching.0.child.idler._pilot_watcher_cb: DEBUG   : === saga job state: pilot.0000 Pending
2017-11-03 19:39:34,012: pmgr.0000.launching.0.child: pmgr.0000.launching.0           : pmgr.0000.launching.0.child.idler._pilot_watcher_cb: DEBUG   : bulk states: ['P', 'e', 'n', 'd', 'i', 'n', 'g']
2017-11-03 19:39:34,012: pmgr.0000.launching.0.child: pmgr.0000.launching.0           : pmgr.0000.launching.0.child.idler._pilot_watcher_cb: DEBUG   : === saga job state: pilot.0000 Pending
2017-11-03 19:39:44,038: pmgr.0000.launching.0.child: pmgr.0000.launching.0           : pmgr.0000.launching.0.child.idler._pilot_watcher_cb: DEBUG   : bulk states: ['P', 'e', 'n', 'd', 'i', 'n', 'g']
2017-11-03 19:39:44,039: pmgr.0000.launching.0.child: pmgr.0000.launching.0           : pmgr.0000.launching.0.child.idler._pilot_watcher_cb: DEBUG   : === saga job state: pilot.0000 Pending
2017-11-03 19:39:54,065: pmgr.0000.launching.0.child: pmgr.0000.launching.0           : pmgr.0000.launching.0.child.idler._pilot_watcher_cb: DEBUG   : bulk states: ['P', 'e', 'n', 'd', 'i', 'n', 'g']
2017-11-03 19:39:54,065: pmgr.0000.launching.0.child: pmgr.0000.launching.0           : pmgr.0000.launching.0.child.idler._pilot_watcher_cb: DEBUG   : === saga job state: pilot.0000 Pending
2017-11-03 19:40:04,123: pmgr.0000.launching.0.child: pmgr.0000.launching.0           : pmgr.0000.launching.0.child.idler._pilot_watcher_cb: DEBUG   : bulk states: ['P', 'e', 'n', 'd', 'i', 'n', 'g']
2017-11-03 19:40:04,123: pmgr.0000.launching.0.child: pmgr.0000.launching.0           : pmgr.0000.launching.0.child.idler._pilot_watcher_cb: DEBUG   : === saga job state: pilot.0000 Pending
2017-11-03 19:40:14,148: pmgr.0000.launching.0.child: pmgr.0000.launching.0           : pmgr.0000.launching.0.child.idler._pilot_watcher_cb: DEBUG   : bulk states: ['P', 'e', 'n', 'd', 'i', 'n', 'g']
2017-11-03 19:40:14,148: pmgr.0000.launching.0.child: pmgr.0000.launching.0           : pmgr.0000.launching.0.child.idler._pilot_watcher_cb: DEBUG   : === saga job state: pilot.0000 Pending
2017-11-03 19:40:24,174: pmgr.0000.launching.0.child: pmgr.0000.launching.0           : pmgr.0000.launching.0.child.idler._pilot_watcher_cb: DEBUG   : bulk states: ['P', 'e', 'n', 'd', 'i', 'n', 'g']
2017-11-03 19:40:24,174: pmgr.0000.launching.0.child: pmgr.0000.launching.0           : pmgr.0000.launching.0.child.idler._pilot_watcher_cb: DEBUG   : === saga job state: pilot.0000 Pending
2017-11-03 19:40:34,203: pmgr.0000.launching.0.child: pmgr.0000.launching.0           : pmgr.0000.launching.0.child.idler._pilot_watcher_cb: DEBUG   : bulk states: ['P', 'e', 'n', 'd', 'i', 'n', 'g']
2017-11-03 19:40:34,203: pmgr.0000.launching.0.child: pmgr.0000.launching.0           : pmgr.0000.launching.0.child.idler._pilot_watcher_cb: DEBUG   : === saga job state: pilot.0000 Pending
2017-11-03 19:40:44,239: pmgr.0000.launching.0.child: pmgr.0000.launching.0           : pmgr.0000.launching.0.child.idler._pilot_watcher_cb: DEBUG   : bulk states: ['P', 'e', 'n', 'd', 'i', 'n', 'g']
2017-11-03 19:40:44,239: pmgr.0000.launching.0.child: pmgr.0000.launching.0           : pmgr.0000.launching.0.child.idler._pilot_watcher_cb: DEBUG   : === saga job state: pilot.0000 Pending
2017-11-03 19:40:54,263: pmgr.0000.launching.0.child: pmgr.0000.launching.0           : pmgr.0000.launching.0.child.idler._pilot_watcher_cb: DEBUG   : bulk states: ['P', 'e', 'n', 'd', 'i', 'n', 'g']
2017-11-03 19:40:54,263: pmgr.0000.launching.0.child: pmgr.0000.launching.0           : pmgr.0000.launching.0.child.idler._pilot_watcher_cb: DEBUG   : === saga job state: pilot.0000 Pending
2017-11-03 19:41:04,287: pmgr.0000.launching.0.child: pmgr.0000.launching.0           : pmgr.0000.launching.0.child.idler._pilot_watcher_cb: DEBUG   : bulk states: ['P', 'e', 'n', 'd', 'i', 'n', 'g']
2017-11-03 19:41:04,287: pmgr.0000.launching.0.child: pmgr.0000.launching.0           : pmgr.0000.launching.0.child.idler._pilot_watcher_cb: DEBUG   : === saga job state: pilot.0000 Pending
2017-11-03 19:41:14,315: pmgr.0000.launching.0.child: pmgr.0000.launching.0           : pmgr.0000.launching.0.child.idler._pilot_watcher_cb: DEBUG   : bulk states: ['P', 'e', 'n', 'd', 'i', 'n', 'g']
2017-11-03 19:41:14,316: pmgr.0000.launching.0.child: pmgr.0000.launching.0           : pmgr.0000.launching.0.child.idler._pilot_watcher_cb: DEBUG   : === saga job state: pilot.0000 Pending
2017-11-03 19:41:24,340: pmgr.0000.launching.0.child: pmgr.0000.launching.0           : pmgr.0000.launching.0.child.idler._pilot_watcher_cb: DEBUG   : bulk states: ['P', 'e', 'n', 'd', 'i', 'n', 'g']
2017-11-03 19:41:24,341: pmgr.0000.launching.0.child: pmgr.0000.launching.0           : pmgr.0000.launching.0.child.idler._pilot_watcher_cb: DEBUG   : === saga job state: pilot.0000 Pending
2017-11-03 19:41:34,367: pmgr.0000.launching.0.child: pmgr.0000.launching.0           : pmgr.0000.launching.0.child.idler._pilot_watcher_cb: DEBUG   : bulk states: ['P', 'e', 'n', 'd', 'i', 'n', 'g']
2017-11-03 19:41:34,367: pmgr.0000.launching.0.child: pmgr.0000.launching.0           : pmgr.0000.launching.0.child.idler._pilot_watcher_cb: DEBUG   : === saga job state: pilot.0000 Pending
2017-11-03 19:41:44,394: pmgr.0000.launching.0.child: pmgr.0000.launching.0           : pmgr.0000.launching.0.child.idler._pilot_watcher_cb: DEBUG   : bulk states: ['P', 'e', 'n', 'd', 'i', 'n', 'g']
2017-11-03 19:41:44,394: pmgr.0000.launching.0.child: pmgr.0000.launching.0           : pmgr.0000.launching.0.child.idler._pilot_watcher_cb: DEBUG   : === saga job state: pilot.0000 Pending
2017-11-03 19:41:54,420: pmgr.0000.launching.0.child: pmgr.0000.launching.0           : pmgr.0000.launching.0.child.idler._pilot_watcher_cb: DEBUG   : bulk states: ['P', 'e', 'n', 'd', 'i', 'n', 'g']
2017-11-03 19:41:54,420: pmgr.0000.launching.0.child: pmgr.0000.launching.0           : pmgr.0000.launching.0.child.idler._pilot_watcher_cb: DEBUG   : === saga job state: pilot.0000 Pending
2017-11-03 19:42:04,444: pmgr.0000.launching.0.child: pmgr.0000.launching.0           : pmgr.0000.launching.0.child.idler._pilot_watcher_cb: DEBUG   : bulk states: ['P', 'e', 'n', 'd', 'i', 'n', 'g']
2017-11-03 19:42:04,445: pmgr.0000.launching.0.child: pmgr.0000.launching.0           : pmgr.0000.launching.0.child.idler._pilot_watcher_cb: DEBUG   : === saga job state: pilot.0000 Pending
2017-11-03 19:42:14,472: pmgr.0000.launching.0.child: pmgr.0000.launching.0           : pmgr.0000.launching.0.child.idler._pilot_watcher_cb: DEBUG   : bulk states: ['P', 'e', 'n', 'd', 'i', 'n', 'g']
2017-11-03 19:42:14,472: pmgr.0000.launching.0.child: pmgr.0000.launching.0           : pmgr.0000.launching.0.child.idler._pilot_watcher_cb: DEBUG   : === saga job state: pilot.0000 Pending
2017-11-03 19:42:24,499: pmgr.0000.launching.0.child: pmgr.0000.launching.0           : pmgr.0000.launching.0.child.idler._pilot_watcher_cb: DEBUG   : bulk states: ['P', 'e', 'n', 'd', 'i', 'n', 'g']
2017-11-03 19:42:24,499: pmgr.0000.launching.0.child: pmgr.0000.launching.0           : pmgr.0000.launching.0.child.idler._pilot_watcher_cb: DEBUG   : === saga job state: pilot.0000 Pending
2017-11-03 19:42:34,527: pmgr.0000.launching.0.child: pmgr.0000.launching.0           : pmgr.0000.launching.0.child.idler._pilot_watcher_cb: DEBUG   : bulk states: ['P', 'e', 'n', 'd', 'i', 'n', 'g']
2017-11-03 19:42:34,527: pmgr.0000.launching.0.child: pmgr.0000.launching.0           : pmgr.0000.launching.0.child.idler._pilot_watcher_cb: DEBUG   : === saga job state: pilot.0000 Pending
2017-11-03 19:42:44,552: pmgr.0000.launching.0.child: pmgr.0000.launching.0           : pmgr.0000.launching.0.child.idler._pilot_watcher_cb: DEBUG   : bulk states: ['P', 'e', 'n', 'd', 'i', 'n', 'g']
2017-11-03 19:42:44,553: pmgr.0000.launching.0.child: pmgr.0000.launching.0           : pmgr.0000.launching.0.child.idler._pilot_watcher_cb: DEBUG   : === saga job state: pilot.0000 Pending
2017-11-03 19:42:54,578: pmgr.0000.launching.0.child: pmgr.0000.launching.0           : pmgr.0000.launching.0.child.idler._pilot_watcher_cb: DEBUG   : bulk states: ['P', 'e', 'n', 'd', 'i', 'n', 'g']
2017-11-03 19:42:54,578: pmgr.0000.launching.0.child: pmgr.0000.launching.0           : pmgr.0000.launching.0.child.idler._pilot_watcher_cb: DEBUG   : === saga job state: pilot.0000 Pending
2017-11-03 19:43:04,644: pmgr.0000.launching.0.child: pmgr.0000.launching.0           : pmgr.0000.launching.0.child.idler._pilot_watcher_cb: DEBUG   : bulk states: ['P', 'e', 'n', 'd', 'i', 'n', 'g']
2017-11-03 19:43:04,644: pmgr.0000.launching.0.child: pmgr.0000.launching.0           : pmgr.0000.launching.0.child.idler._pilot_watcher_cb: DEBUG   : === saga job state: pilot.0000 Pending
2017-11-03 19:43:14,670: pmgr.0000.launching.0.child: pmgr.0000.launching.0           : pmgr.0000.launching.0.child.idler._pilot_watcher_cb: DEBUG   : bulk states: ['P', 'e', 'n', 'd', 'i', 'n', 'g']
2017-11-03 19:43:14,671: pmgr.0000.launching.0.child: pmgr.0000.launching.0           : pmgr.0000.launching.0.child.idler._pilot_watcher_cb: DEBUG   : === saga job state: pilot.0000 Pending
2017-11-03 19:43:24,697: pmgr.0000.launching.0.child: pmgr.0000.launching.0           : pmgr.0000.launching.0.child.idler._pilot_watcher_cb: DEBUG   : bulk states: ['P', 'e', 'n', 'd', 'i', 'n', 'g']
2017-11-03 19:43:24,697: pmgr.0000.launching.0.child: pmgr.0000.launching.0           : pmgr.0000.launching.0.child.idler._pilot_watcher_cb: DEBUG   : === saga job state: pilot.0000 Pending
2017-11-03 19:43:34,724: pmgr.0000.launching.0.child: pmgr.0000.launching.0           : pmgr.0000.launching.0.child.idler._pilot_watcher_cb: DEBUG   : bulk states: ['P', 'e', 'n', 'd', 'i', 'n', 'g']
2017-11-03 19:43:34,724: pmgr.0000.launching.0.child: pmgr.0000.launching.0           : pmgr.0000.launching.0.child.idler._pilot_watcher_cb: DEBUG   : === saga job state: pilot.0000 Pending
2017-11-03 19:43:44,774: pmgr.0000.launching.0.child: pmgr.0000.launching.0           : pmgr.0000.launching.0.child.idler._pilot_watcher_cb: DEBUG   : bulk states: ['P', 'e', 'n', 'd', 'i', 'n', 'g']
2017-11-03 19:43:44,774: pmgr.0000.launching.0.child: pmgr.0000.launching.0           : pmgr.0000.launching.0.child.idler._pilot_watcher_cb: DEBUG   : === saga job state: pilot.0000 Pending
2017-11-03 19:43:54,801: pmgr.0000.launching.0.child: pmgr.0000.launching.0           : pmgr.0000.launching.0.child.idler._pilot_watcher_cb: DEBUG   : bulk states: ['P', 'e', 'n', 'd', 'i', 'n', 'g']
2017-11-03 19:43:54,801: pmgr.0000.launching.0.child: pmgr.0000.launching.0           : pmgr.0000.launching.0.child.idler._pilot_watcher_cb: DEBUG   : === saga job state: pilot.0000 Pending
2017-11-03 19:44:04,827: pmgr.0000.launching.0.child: pmgr.0000.launching.0           : pmgr.0000.launching.0.child.idler._pilot_watcher_cb: DEBUG   : bulk states: ['P', 'e', 'n', 'd', 'i', 'n', 'g']
2017-11-03 19:44:04,828: pmgr.0000.launching.0.child: pmgr.0000.launching.0           : pmgr.0000.launching.0.child.idler._pilot_watcher_cb: DEBUG   : === saga job state: pilot.0000 Pending
2017-11-03 19:44:14,853: pmgr.0000.launching.0.child: pmgr.0000.launching.0           : pmgr.0000.launching.0.child.idler._pilot_watcher_cb: DEBUG   : bulk states: ['P', 'e', 'n', 'd', 'i', 'n', 'g']
2017-11-03 19:44:14,853: pmgr.0000.launching.0.child: pmgr.0000.launching.0           : pmgr.0000.launching.0.child.idler._pilot_watcher_cb: DEBUG   : === saga job state: pilot.0000 Pending
2017-11-03 19:44:24,879: pmgr.0000.launching.0.child: pmgr.0000.launching.0           : pmgr.0000.launching.0.child.idler._pilot_watcher_cb: DEBUG   : bulk states: ['P', 'e', 'n', 'd', 'i', 'n', 'g']
2017-11-03 19:44:24,880: pmgr.0000.launching.0.child: pmgr.0000.launching.0           : pmgr.0000.launching.0.child.idler._pilot_watcher_cb: DEBUG   : === saga job state: pilot.0000 Pending
2017-11-03 19:44:34,907: pmgr.0000.launching.0.child: pmgr.0000.launching.0           : pmgr.0000.launching.0.child.idler._pilot_watcher_cb: DEBUG   : bulk states: ['P', 'e', 'n', 'd', 'i', 'n', 'g']
2017-11-03 19:44:34,907: pmgr.0000.launching.0.child: pmgr.0000.launching.0           : pmgr.0000.launching.0.child.idler._pilot_watcher_cb: DEBUG   : === saga job state: pilot.0000 Pending
2017-11-03 19:44:44,934: pmgr.0000.launching.0.child: pmgr.0000.launching.0           : pmgr.0000.launching.0.child.idler._pilot_watcher_cb: DEBUG   : bulk states: ['P', 'e', 'n', 'd', 'i', 'n', 'g']
2017-11-03 19:44:44,934: pmgr.0000.launching.0.child: pmgr.0000.launching.0           : pmgr.0000.launching.0.child.idler._pilot_watcher_cb: DEBUG   : === saga job state: pilot.0000 Pending
2017-11-03 19:44:54,958: pmgr.0000.launching.0.child: pmgr.0000.launching.0           : pmgr.0000.launching.0.child.idler._pilot_watcher_cb: DEBUG   : bulk states: ['P', 'e', 'n', 'd', 'i', 'n', 'g']
2017-11-03 19:44:54,959: pmgr.0000.launching.0.child: pmgr.0000.launching.0           : pmgr.0000.launching.0.child.idler._pilot_watcher_cb: DEBUG   : === saga job state: pilot.0000 Pending
2017-11-03 19:45:04,983: pmgr.0000.launching.0.child: pmgr.0000.launching.0           : pmgr.0000.launching.0.child.idler._pilot_watcher_cb: DEBUG   : bulk states: ['P', 'e', 'n', 'd', 'i', 'n', 'g']
2017-11-03 19:45:04,983: pmgr.0000.launching.0.child: pmgr.0000.launching.0           : pmgr.0000.launching.0.child.idler._pilot_watcher_cb: DEBUG   : === saga job state: pilot.0000 Pending
2017-11-03 19:45:15,009: pmgr.0000.launching.0.child: pmgr.0000.launching.0           : pmgr.0000.launching.0.child.idler._pilot_watcher_cb: DEBUG   : bulk states: ['P', 'e', 'n', 'd', 'i', 'n', 'g']
2017-11-03 19:45:15,009: pmgr.0000.launching.0.child: pmgr.0000.launching.0           : pmgr.0000.launching.0.child.idler._pilot_watcher_cb: DEBUG   : === saga job state: pilot.0000 Pending
2017-11-03 19:45:25,035: pmgr.0000.launching.0.child: pmgr.0000.launching.0           : pmgr.0000.launching.0.child.idler._pilot_watcher_cb: DEBUG   : bulk states: ['P', 'e', 'n', 'd', 'i', 'n', 'g']
2017-11-03 19:45:25,036: pmgr.0000.launching.0.child: pmgr.0000.launching.0           : pmgr.0000.launching.0.child.idler._pilot_watcher_cb: DEBUG   : === saga job state: pilot.0000 Pending
2017-11-03 19:45:35,063: pmgr.0000.launching.0.child: pmgr.0000.launching.0           : pmgr.0000.launching.0.child.idler._pilot_watcher_cb: DEBUG   : bulk states: ['P', 'e', 'n', 'd', 'i', 'n', 'g']
2017-11-03 19:45:35,063: pmgr.0000.launching.0.child: pmgr.0000.launching.0           : pmgr.0000.launching.0.child.idler._pilot_watcher_cb: DEBUG   : === saga job state: pilot.0000 Pending
2017-11-03 19:45:45,090: pmgr.0000.launching.0.child: pmgr.0000.launching.0           : pmgr.0000.launching.0.child.idler._pilot_watcher_cb: DEBUG   : bulk states: ['P', 'e', 'n', 'd', 'i', 'n', 'g']
2017-11-03 19:45:45,090: pmgr.0000.launching.0.child: pmgr.0000.launching.0           : pmgr.0000.launching.0.child.idler._pilot_watcher_cb: DEBUG   : === saga job state: pilot.0000 Pending
2017-11-03 19:45:55,118: pmgr.0000.launching.0.child: pmgr.0000.launching.0           : pmgr.0000.launching.0.child.idler._pilot_watcher_cb: DEBUG   : bulk states: ['P', 'e', 'n', 'd', 'i', 'n', 'g']
2017-11-03 19:45:55,118: pmgr.0000.launching.0.child: pmgr.0000.launching.0           : pmgr.0000.launching.0.child.idler._pilot_watcher_cb: DEBUG   : === saga job state: pilot.0000 Pending
2017-11-03 19:46:05,142: pmgr.0000.launching.0.child: pmgr.0000.launching.0           : pmgr.0000.launching.0.child.idler._pilot_watcher_cb: DEBUG   : bulk states: ['R', 'u', 'n', 'n', 'i', 'n', 'g']
2017-11-03 19:46:05,143: pmgr.0000.launching.0.child: pmgr.0000.launching.0           : pmgr.0000.launching.0.child.idler._pilot_watcher_cb: DEBUG   : === saga job state: pilot.0000 Running
2017-11-03 19:46:15,166: pmgr.0000.launching.0.child: pmgr.0000.launching.0           : pmgr.0000.launching.0.child.idler._pilot_watcher_cb: DEBUG   : bulk states: ['R', 'u', 'n', 'n', 'i', 'n', 'g']
2017-11-03 19:46:15,167: pmgr.0000.launching.0.child: pmgr.0000.launching.0           : pmgr.0000.launching.0.child.idler._pilot_watcher_cb: DEBUG   : === saga job state: pilot.0000 Running
2017-11-03 19:46:25,195: pmgr.0000.launching.0.child: pmgr.0000.launching.0           : pmgr.0000.launching.0.child.idler._pilot_watcher_cb: DEBUG   : bulk states: ['R', 'u', 'n', 'n', 'i', 'n', 'g']
2017-11-03 19:46:25,195: pmgr.0000.launching.0.child: pmgr.0000.launching.0           : pmgr.0000.launching.0.child.idler._pilot_watcher_cb: DEBUG   : === saga job state: pilot.0000 Running
2017-11-03 19:46:35,221: pmgr.0000.launching.0.child: pmgr.0000.launching.0           : pmgr.0000.launching.0.child.idler._pilot_watcher_cb: DEBUG   : bulk states: ['R', 'u', 'n', 'n', 'i', 'n', 'g']
2017-11-03 19:46:35,222: pmgr.0000.launching.0.child: pmgr.0000.launching.0           : pmgr.0000.launching.0.child.idler._pilot_watcher_cb: DEBUG   : === saga job state: pilot.0000 Running
2017-11-03 19:46:45,246: pmgr.0000.launching.0.child: pmgr.0000.launching.0           : pmgr.0000.launching.0.child.idler._pilot_watcher_cb: DEBUG   : bulk states: ['R', 'u', 'n', 'n', 'i', 'n', 'g']
2017-11-03 19:46:45,247: pmgr.0000.launching.0.child: pmgr.0000.launching.0           : pmgr.0000.launching.0.child.idler._pilot_watcher_cb: DEBUG   : === saga job state: pilot.0000 Running
2017-11-03 19:46:55,273: pmgr.0000.launching.0.child: pmgr.0000.launching.0           : pmgr.0000.launching.0.child.idler._pilot_watcher_cb: DEBUG   : bulk states: ['R', 'u', 'n', 'n', 'i', 'n', 'g']
2017-11-03 19:46:55,273: pmgr.0000.launching.0.child: pmgr.0000.launching.0           : pmgr.0000.launching.0.child.idler._pilot_watcher_cb: DEBUG   : === saga job state: pilot.0000 Running
2017-11-03 19:47:01,560: pmgr.0000.launching.0.child: pmgr.0000.launching.0           : pmgr.0000.launching.0.child.subscriber._cancel_monitor_cb: DEBUG   : command ignored: add_pilots
2017-11-03 19:47:01,560: pmgr.0000.launching.0.child: pmgr.0000.launching.0           : pmgr.0000.launching.0.child.subscriber._pmgr_control_cb: DEBUG   : launcher got {'cmd': 'add_pilots', 'arg': {'pilots': [{'resource_sandbox': 'gsisftp://bw.ncsa.illinois.edu/scratch/sciteam/dakka/radical.pilot.sandbox', 'resource_details': {'lm_detail': None, 'lm_info': None}, 'resource': 'ncsa.bw_aprun', 'uid': 'pilot.0000', 'pmgr': 'pmgr.0000', 'stdout': None, 'js_url': 'torque+gsissh://bw.ncsa.illinois.edu', 'state': 'PMGR_ACTIVE', 'session': 'rp.session.two.jdakka.017473.0005', 'log': None, 'stderr': None, 'js_hop': 'torque+gsissh://bw.ncsa.illinois.edu', 'client_sandbox': '/home/jdakka/UCL/ties_null_workload/GB-SC18/scripts/ties/null_workload_64_replicas', 'type': 'pilot', 'pilot_sandbox': 'gsisftp://bw.ncsa.illinois.edu/scratch/sciteam/dakka/radical.pilot.sandbox/rp.session.two.jdakka.017473.0005/pilot.0000/', 'description': {'queue': 'high', 'resource': 'ncsa.bw_aprun', 'exit_on_error': False, 'candidate_hosts': None, 'project': 'bamm', 'sandbox': None, 'cleanup': None, 'access_schema': 'gsissh', 'memory': None, 'cores': 1024, 'runtime': 15}}], 'umgr': 'umgr.0000'}}
2017-11-03 19:47:05,292: pmgr.0000.launching.0.child: pmgr.0000.launching.0           : pmgr.0000.launching.0.child.idler._pilot_watcher_cb: DEBUG   : bulk states: ['R', 'u', 'n', 'n', 'i', 'n', 'g']
2017-11-03 19:47:05,292: pmgr.0000.launching.0.child: pmgr.0000.launching.0           : pmgr.0000.launching.0.child.idler._pilot_watcher_cb: DEBUG   : === saga job state: pilot.0000 Running
2017-11-03 19:47:15,305: pmgr.0000.launching.0.child: pmgr.0000.launching.0           : pmgr.0000.launching.0.child.idler._pilot_watcher_cb: DEBUG   : bulk states: ['R', 'u', 'n', 'n', 'i', 'n', 'g']
2017-11-03 19:47:15,305: pmgr.0000.launching.0.child: pmgr.0000.launching.0           : pmgr.0000.launching.0.child.idler._pilot_watcher_cb: DEBUG   : === saga job state: pilot.0000 Running
2017-11-03 19:47:25,317: pmgr.0000.launching.0.child: pmgr.0000.launching.0           : pmgr.0000.launching.0.child.idler._pilot_watcher_cb: DEBUG   : bulk states: ['R', 'u', 'n', 'n', 'i', 'n', 'g']
2017-11-03 19:47:25,317: pmgr.0000.launching.0.child: pmgr.0000.launching.0           : pmgr.0000.launching.0.child.idler._pilot_watcher_cb: DEBUG   : === saga job state: pilot.0000 Running
2017-11-03 19:47:35,330: pmgr.0000.launching.0.child: pmgr.0000.launching.0           : pmgr.0000.launching.0.child.idler._pilot_watcher_cb: DEBUG   : bulk states: ['R', 'u', 'n', 'n', 'i', 'n', 'g']
2017-11-03 19:47:35,331: pmgr.0000.launching.0.child: pmgr.0000.launching.0           : pmgr.0000.launching.0.child.idler._pilot_watcher_cb: DEBUG   : === saga job state: pilot.0000 Running
2017-11-03 19:47:45,344: pmgr.0000.launching.0.child: pmgr.0000.launching.0           : pmgr.0000.launching.0.child.idler._pilot_watcher_cb: DEBUG   : bulk states: ['R', 'u', 'n', 'n', 'i', 'n', 'g']
2017-11-03 19:47:45,344: pmgr.0000.launching.0.child: pmgr.0000.launching.0           : pmgr.0000.launching.0.child.idler._pilot_watcher_cb: DEBUG   : === saga job state: pilot.0000 Running
2017-11-03 19:47:55,357: pmgr.0000.launching.0.child: pmgr.0000.launching.0           : pmgr.0000.launching.0.child.idler._pilot_watcher_cb: DEBUG   : bulk states: ['R', 'u', 'n', 'n', 'i', 'n', 'g']
2017-11-03 19:47:55,357: pmgr.0000.launching.0.child: pmgr.0000.launching.0           : pmgr.0000.launching.0.child.idler._pilot_watcher_cb: DEBUG   : === saga job state: pilot.0000 Running
2017-11-03 19:48:05,370: pmgr.0000.launching.0.child: pmgr.0000.launching.0           : pmgr.0000.launching.0.child.idler._pilot_watcher_cb: DEBUG   : bulk states: ['R', 'u', 'n', 'n', 'i', 'n', 'g']
2017-11-03 19:48:05,370: pmgr.0000.launching.0.child: pmgr.0000.launching.0           : pmgr.0000.launching.0.child.idler._pilot_watcher_cb: DEBUG   : === saga job state: pilot.0000 Running
2017-11-03 19:48:15,391: pmgr.0000.launching.0.child: pmgr.0000.launching.0           : pmgr.0000.launching.0.child.idler._pilot_watcher_cb: DEBUG   : bulk states: ['R', 'u', 'n', 'n', 'i', 'n', 'g']
2017-11-03 19:48:15,392: pmgr.0000.launching.0.child: pmgr.0000.launching.0           : pmgr.0000.launching.0.child.idler._pilot_watcher_cb: DEBUG   : === saga job state: pilot.0000 Running
2017-11-03 19:48:24,351: pmgr.0000.launching.0.child: pmgr.0000.launching.0           : pmgr.0000.launching.0.child.subscriber._cancel_monitor_cb: DEBUG   : command ignored: cancel_pilots
2017-11-03 19:48:24,352: pmgr.0000.launching.0.child: pmgr.0000.launching.0           : pmgr.0000.launching.0.child.subscriber._pmgr_control_cb: DEBUG   : launcher got {'cmd': 'cancel_pilots', 'arg': {'uids': ['pilot.0000'], 'pmgr': 'pmgr.0000'}}
2017-11-03 19:48:24,352: pmgr.0000.launching.0.child: pmgr.0000.launching.0           : pmgr.0000.launching.0.child.subscriber._pmgr_control_cb: INFO    : received pilot_cancel command (['pilot.0000'])
2017-11-03 19:48:24,947: pmgr.0000.launching.0.child: pmgr.0000.launching.0           : pmgr.0000.launching.0.child.subscriber._pmgr_control_cb: DEBUG   : pilot(s).need(s) cancellation ['pilot.0000']
2017-11-03 19:48:24,947: pmgr.0000.launching.0.child: pmgr.0000.launching.0           : pmgr.0000.launching.0.child.subscriber._pmgr_control_cb: DEBUG   :  ==== update cancel req: pilot.0000 1509734904.95
2017-11-03 19:48:25,417: pmgr.0000.launching.0.child: pmgr.0000.launching.0           : pmgr.0000.launching.0.child.idler._pilot_watcher_cb: DEBUG   : bulk states: ['R', 'u', 'n', 'n', 'i', 'n', 'g']
2017-11-03 19:48:25,418: pmgr.0000.launching.0.child: pmgr.0000.launching.0           : pmgr.0000.launching.0.child.idler._pilot_watcher_cb: DEBUG   : === saga job state: pilot.0000 Running
2017-11-03 19:48:33,983: pmgr.0000.launching.0.child: pmgr.0000.launching.0           : pmgr.0000.launching.0.child.subscriber._pmgr_control_cb: DEBUG   : launcher got {'cmd': 'cancel_pilots', 'arg': {'uids': ['pilot.0000'], 'pmgr': 'pmgr.0000'}}
2017-11-03 19:48:33,983: pmgr.0000.launching.0.child: pmgr.0000.launching.0           : pmgr.0000.launching.0.child.subscriber._pmgr_control_cb: INFO    : received pilot_cancel command (['pilot.0000'])
2017-11-03 19:48:34,098: pmgr.0000.launching.0.child: pmgr.0000.launching.0           : pmgr.0000.launching.0.child.subscriber._pmgr_control_cb: DEBUG   : pilot(s).need(s) cancellation ['pilot.0000']
2017-11-03 19:48:34,098: pmgr.0000.launching.0.child: pmgr.0000.launching.0           : pmgr.0000.launching.0.child.subscriber._pmgr_control_cb: DEBUG   :  ==== update cancel req: pilot.0000 1509734914.1
2017-11-03 19:48:34,098: pmgr.0000.launching.0.child: pmgr.0000.launching.0           : pmgr.0000.launching.0.child.subscriber._cancel_monitor_cb: DEBUG   : command ignored: cancel_pilots
2017-11-03 19:48:34,239: pmgr.0000.launching.0.child: pmgr.0000.launching.0           : pmgr.0000.launching.0.child.watch: INFO    : recv message: STOP
2017-11-03 19:48:34,239: pmgr.0000.launching.0.child: pmgr.0000.launching.0           : pmgr.0000.launching.0.child.watch: INFO    : message received: STOP
2017-11-03 19:48:34,240: pmgr.0000.launching.0.child: pmgr.0000.launching.0           : pmgr.0000.launching.0.child.watch: INFO    : STOP received: STOP
2017-11-03 19:48:34,240: pmgr.0000.launching.0.child: pmgr.0000.launching.0           : pmgr.0000.launching.0.child.watch: INFO    : watcher closes
2017-11-03 19:48:34,240: pmgr.0000.launching.0.child: pmgr.0000.launching.0           : pmgr.0000.launching.0.child.watch: INFO    : put message: [pmgr.0000.launching.0.child.watch.thread] work finished
2017-11-03 19:48:34,240: pmgr.0000.launching.0.child: pmgr.0000.launching.0           : pmgr.0000.launching.0.child.watch: DEBUG   : ru_finalize_child (NOOP)
2017-11-03 19:48:34,241: pmgr.0000.launching.0.child: pmgr.0000.launching.0           : pmgr.0000.launching.0.child.watch: DEBUG   : ru_finalize_common (NOOP)
2017-11-03 19:48:34,241: pmgr.0000.launching.0.child: pmgr.0000.launching.0           : pmgr.0000.launching.0.child.watch: INFO    : put message: [pmgr.0000.launching.0.child.watch.thread] terminating
2017-11-03 19:48:34,302: pmgr.0000.launching.0.child: pmgr.0000.launching.0           : MainThread     : WARNING : alive check: proc invalid - stop [False - True]
2017-11-03 19:48:34,357: pmgr.0000.launching.0.child: pmgr.0000.launching.0           : MainThread     : INFO    : stop pmgr.0000.launching.0.child (20149 : 20149 : MainThread) [radical.utils.process.Default.is_valid]
2017-11-03 19:48:34,413: pmgr.0000.launching.0.child: pmgr.0000.launching.0           : MainThread     : INFO    : parent stops child  20149 -> 20149 [pmgr.0000.launching.0.child]
2017-11-03 19:48:34,414: pmgr.0000.launching.0.child: pmgr.0000.launching.0           : MainThread     : INFO    : send message: [pmgr.0000.launching.0.child] STOP
2017-11-03 19:48:34,414: pmgr.0000.launching.0.child: pmgr.0000.launching.0           : MainThread     : WARNING : send failed ([Errno 9] Bad file descriptor) - terminate
2017-11-03 19:48:34,414: pmgr.0000.launching.0.child: pmgr.0000.launching.0           : MainThread     : DEBUG   : TERM : pmgr.0000.launching.0.child unregister idler pmgr.0000.launching.0.child.idler._pilot_watcher_cb
2017-11-03 19:48:34,414: pmgr.0000.launching.0.child: pmgr.0000.launching.0           : MainThread     : INFO    : parent stops child
2017-11-03 19:48:34,414: pmgr.0000.launching.0.child: pmgr.0000.launching.0           : MainThread     : DEBUG   : ru_finalize_parent (NOOP)
2017-11-03 19:48:34,414: pmgr.0000.launching.0.child: pmgr.0000.launching.0           : MainThread     : DEBUG   : ru_finalize_common (NOOP)
2017-11-03 19:48:34,438: pmgr.0000.launching.0.child: pmgr.0000.launching.0           : pmgr.0000.launching.0.child.idler._pilot_watcher_cb: DEBUG   : ru_finalize_child (NOOP)
2017-11-03 19:48:34,438: pmgr.0000.launching.0.child: pmgr.0000.launching.0           : pmgr.0000.launching.0.child.idler._pilot_watcher_cb: DEBUG   : ru_finalize_common (NOOP)
2017-11-03 19:48:34,438: pmgr.0000.launching.0.child: pmgr.0000.launching.0           : pmgr.0000.launching.0.child.idler._pilot_watcher_cb: INFO    : put message: [pmgr.0000.launching.0.child.idler._pilot_watcher_cb.thread] terminating
2017-11-03 19:48:34,446: pmgr.0000.launching.0.child: pmgr.0000.launching.0           : MainThread     : DEBUG   : TERM : pmgr.0000.launching.0.child unregistered idler pmgr.0000.launching.0.child.idler._pilot_watcher_cb
2017-11-03 19:48:34,446: pmgr.0000.launching.0.child: pmgr.0000.launching.0           : MainThread     : DEBUG   : TERM : pmgr.0000.launching.0.child unregister subscriber pmgr.0000.launching.0.child.subscriber._pmgr_control_cb
2017-11-03 19:48:34,447: pmgr.0000.launching.0.child: pmgr.0000.launching.0           : MainThread     : DEBUG   : unregistered subscriber pmgr.0000.launching.0.child.subscriber._pmgr_control_cb
2017-11-03 19:48:34,562: pmgr.0000.launching.0.child: pmgr.0000.launching.0           : MainThread     : DEBUG   : pilot(s).need(s) cancellation ['pilot.0000']
2017-11-03 19:48:34,562: pmgr.0000.launching.0.child: pmgr.0000.launching.0           : MainThread     : DEBUG   :  ==== update cancel req: pilot.0000 1509734914.56
2017-11-03 19:48:34,563: pmgr.0000.launching.0.child: pmgr.0000.launching.0           : MainThread     : DEBUG   :  === killing pilots: ['pilot.0000']
2017-11-03 19:48:34,563: pmgr.0000.launching.0.child: pmgr.0000.launching.0           : MainThread     : DEBUG   :  === killing pilots: [1509734914.562848]
2017-11-03 19:48:34,563: pmgr.0000.launching.0.child: pmgr.0000.launching.0           : MainThread     : DEBUG   :  === killing pilots: last cancel: 1509734914.56
2017-11-03 19:48:34,563: pmgr.0000.launching.0.child: pmgr.0000.launching.0           : MainThread     : DEBUG   :  === killing pilots: check 1509734914.56 < 1509734914.56 + 120
2017-11-03 19:48:34,563: pmgr.0000.launching.0.child: pmgr.0000.launching.0           : MainThread     : DEBUG   :  === killing pilots: alive pilot.0000
2017-11-03 19:48:35,565: pmgr.0000.launching.0.child: pmgr.0000.launching.0           : MainThread     : DEBUG   :  === killing pilots: check 1509734915.57 < 1509734914.56 + 120
2017-11-03 19:48:35,565: pmgr.0000.launching.0.child: pmgr.0000.launching.0           : MainThread     : DEBUG   :  === killing pilots: alive pilot.0000
