2017-11-03 19:36:25,216: rp.session.two.jdakka.017473.0005: MainProcess                     : MainThread     : INFO    : python.interpreter   version: 2.7.12 (default, Nov 19 2016, 06:48:10) [GCC 5.4.0 20160609]
2017-11-03 19:36:25,216: rp.session.two.jdakka.017473.0005: MainProcess                     : MainThread     : INFO    :                      pid: 20018
2017-11-03 19:36:25,216: rp.session.two.jdakka.017473.0005: MainProcess                     : MainThread     : INFO    :                      tid: MainThread
2017-11-03 19:36:25,217: rp.session.two.jdakka.017473.0005: MainProcess                     : MainThread     : INFO    : radical.pilot        version: 0.47-v0.46.2-181-g138b1e15@HEAD-detached-at-origin-rc-v0.46.3
2017-11-03 19:36:25,217: rp.session.two.jdakka.017473.0005: MainProcess                     : MainThread     : INFO    : using database mongodb://jdakka:mongo@ds231715.mlab.com:31715/new_htbac
2017-11-03 19:36:25,219: rp.session.two.jdakka.017473.0005: MainProcess                     : MainThread     : INFO    : Load resource configurations from /home/jdakka/UCL/ties_null_workload/venv/local/lib/python2.7/site-packages/radical/pilot/configs/resource_fub.json
2017-11-03 19:36:25,220: rp.session.two.jdakka.017473.0005: MainProcess                     : MainThread     : INFO    : Load resource configurations for fub.allegro_rsh
2017-11-03 19:36:25,220: rp.session.two.jdakka.017473.0005: MainProcess                     : MainThread     : INFO    : Load resource configurations from /home/jdakka/UCL/ties_null_workload/venv/local/lib/python2.7/site-packages/radical/pilot/configs/resource_yale.json
2017-11-03 19:36:25,220: rp.session.two.jdakka.017473.0005: MainProcess                     : MainThread     : INFO    : Load resource configurations for yale.grace_ssh
2017-11-03 19:36:25,221: rp.session.two.jdakka.017473.0005: MainProcess                     : MainThread     : INFO    : Load resource configurations from /home/jdakka/UCL/ties_null_workload/venv/local/lib/python2.7/site-packages/radical/pilot/configs/resource_stfc.json
2017-11-03 19:36:25,221: rp.session.two.jdakka.017473.0005: MainProcess                     : MainThread     : INFO    : Load resource configurations for stfc.joule_runjob
2017-11-03 19:36:25,222: rp.session.two.jdakka.017473.0005: MainProcess                     : MainThread     : INFO    : Load resource configurations from /home/jdakka/UCL/ties_null_workload/venv/local/lib/python2.7/site-packages/radical/pilot/configs/resource_osg.json
2017-11-03 19:36:25,223: rp.session.two.jdakka.017473.0005: MainProcess                     : MainThread     : INFO    : Load resource configurations for osg.xsede-virt-clust
2017-11-03 19:36:25,224: rp.session.two.jdakka.017473.0005: MainProcess                     : MainThread     : INFO    : Load resource configurations for osg.connect
2017-11-03 19:36:25,224: rp.session.two.jdakka.017473.0005: MainProcess                     : MainThread     : INFO    : Load resource configurations from /home/jdakka/UCL/ties_null_workload/venv/local/lib/python2.7/site-packages/radical/pilot/configs/resource_xsede.json
2017-11-03 19:36:25,243: rp.session.two.jdakka.017473.0005: MainProcess                     : MainThread     : INFO    : Load resource configurations for xsede.gordon_ssh
2017-11-03 19:36:25,243: rp.session.two.jdakka.017473.0005: MainProcess                     : MainThread     : INFO    : Load resource configurations for xsede.lonestar_ssh
2017-11-03 19:36:25,243: rp.session.two.jdakka.017473.0005: MainProcess                     : MainThread     : INFO    : Load resource configurations for xsede.supermic_spark
2017-11-03 19:36:25,243: rp.session.two.jdakka.017473.0005: MainProcess                     : MainThread     : INFO    : Load resource configurations for xsede.wrangler_yarn
2017-11-03 19:36:25,243: rp.session.two.jdakka.017473.0005: MainProcess                     : MainThread     : INFO    : Load resource configurations for xsede.blacklight_ssh
2017-11-03 19:36:25,244: rp.session.two.jdakka.017473.0005: MainProcess                     : MainThread     : INFO    : Load resource configurations for xsede.stampede_ortelib
2017-11-03 19:36:25,244: rp.session.two.jdakka.017473.0005: MainProcess                     : MainThread     : INFO    : Load resource configurations for xsede.stampede_yarn
2017-11-03 19:36:25,244: rp.session.two.jdakka.017473.0005: MainProcess                     : MainThread     : INFO    : Load resource configurations for xsede.stampede_ssh
2017-11-03 19:36:25,244: rp.session.two.jdakka.017473.0005: MainProcess                     : MainThread     : INFO    : Load resource configurations for xsede.greenfield
2017-11-03 19:36:25,244: rp.session.two.jdakka.017473.0005: MainProcess                     : MainThread     : INFO    : Load resource configurations for xsede.bridges
2017-11-03 19:36:25,245: rp.session.two.jdakka.017473.0005: MainProcess                     : MainThread     : INFO    : Load resource configurations for xsede.trestles_ssh
2017-11-03 19:36:25,245: rp.session.two.jdakka.017473.0005: MainProcess                     : MainThread     : INFO    : Load resource configurations for xsede.supermic_ortelib
2017-11-03 19:36:25,245: rp.session.two.jdakka.017473.0005: MainProcess                     : MainThread     : INFO    : Load resource configurations for xsede.stampede2_ssh
2017-11-03 19:36:25,245: rp.session.two.jdakka.017473.0005: MainProcess                     : MainThread     : INFO    : Load resource configurations for xsede.supermic_ssh
2017-11-03 19:36:25,245: rp.session.two.jdakka.017473.0005: MainProcess                     : MainThread     : INFO    : Load resource configurations for xsede.wrangler_ssh
2017-11-03 19:36:25,246: rp.session.two.jdakka.017473.0005: MainProcess                     : MainThread     : INFO    : Load resource configurations for xsede.supermic_orte
2017-11-03 19:36:25,246: rp.session.two.jdakka.017473.0005: MainProcess                     : MainThread     : INFO    : Load resource configurations for xsede.wrangler_spark
2017-11-03 19:36:25,246: rp.session.two.jdakka.017473.0005: MainProcess                     : MainThread     : INFO    : Load resource configurations for xsede.stampede_orte
2017-11-03 19:36:25,246: rp.session.two.jdakka.017473.0005: MainProcess                     : MainThread     : INFO    : Load resource configurations for xsede.comet_ortelib
2017-11-03 19:36:25,246: rp.session.two.jdakka.017473.0005: MainProcess                     : MainThread     : INFO    : Load resource configurations for xsede.comet_orte
2017-11-03 19:36:25,247: rp.session.two.jdakka.017473.0005: MainProcess                     : MainThread     : INFO    : Load resource configurations for xsede.comet_spark
2017-11-03 19:36:25,247: rp.session.two.jdakka.017473.0005: MainProcess                     : MainThread     : INFO    : Load resource configurations for xsede.comet_ssh
2017-11-03 19:36:25,247: rp.session.two.jdakka.017473.0005: MainProcess                     : MainThread     : INFO    : Load resource configurations for xsede.stampede_spark
2017-11-03 19:36:25,247: rp.session.two.jdakka.017473.0005: MainProcess                     : MainThread     : INFO    : Load resource configurations from /home/jdakka/UCL/ties_null_workload/venv/local/lib/python2.7/site-packages/radical/pilot/configs/resource_nersc.json
2017-11-03 19:36:25,252: rp.session.two.jdakka.017473.0005: MainProcess                     : MainThread     : INFO    : Load resource configurations for nersc.edison_ccm_ssh
2017-11-03 19:36:25,252: rp.session.two.jdakka.017473.0005: MainProcess                     : MainThread     : INFO    : Load resource configurations for nersc.hopper_orte
2017-11-03 19:36:25,253: rp.session.two.jdakka.017473.0005: MainProcess                     : MainThread     : INFO    : Load resource configurations for nersc.hopper_ccm_ssh
2017-11-03 19:36:25,253: rp.session.two.jdakka.017473.0005: MainProcess                     : MainThread     : INFO    : Load resource configurations for nersc.edison_aprun
2017-11-03 19:36:25,253: rp.session.two.jdakka.017473.0005: MainProcess                     : MainThread     : INFO    : Load resource configurations for nersc.hopper_aprun
2017-11-03 19:36:25,253: rp.session.two.jdakka.017473.0005: MainProcess                     : MainThread     : INFO    : Load resource configurations for nersc.edison_orte
2017-11-03 19:36:25,253: rp.session.two.jdakka.017473.0005: MainProcess                     : MainThread     : INFO    : Load resource configurations from /home/jdakka/UCL/ties_null_workload/venv/local/lib/python2.7/site-packages/radical/pilot/configs/resource_lrz.json
2017-11-03 19:36:25,254: rp.session.two.jdakka.017473.0005: MainProcess                     : MainThread     : INFO    : Load resource configurations for lrz.supermuc_ssh
2017-11-03 19:36:25,255: rp.session.two.jdakka.017473.0005: MainProcess                     : MainThread     : INFO    : Load resource configurations from /home/jdakka/UCL/ties_null_workload/venv/local/lib/python2.7/site-packages/radical/pilot/configs/resource_epsrc.json
2017-11-03 19:36:25,256: rp.session.two.jdakka.017473.0005: MainProcess                     : MainThread     : INFO    : Load resource configurations for epsrc.archer_orte
2017-11-03 19:36:25,256: rp.session.two.jdakka.017473.0005: MainProcess                     : MainThread     : INFO    : Load resource configurations for epsrc.archer_aprun
2017-11-03 19:36:25,257: rp.session.two.jdakka.017473.0005: MainProcess                     : MainThread     : INFO    : Load resource configurations from /home/jdakka/UCL/ties_null_workload/venv/local/lib/python2.7/site-packages/radical/pilot/configs/resource_ncsa.json
2017-11-03 19:36:25,260: rp.session.two.jdakka.017473.0005: MainProcess                     : MainThread     : INFO    : Load resource configurations for ncsa.bw_orte
2017-11-03 19:36:25,261: rp.session.two.jdakka.017473.0005: MainProcess                     : MainThread     : INFO    : Load resource configurations for ncsa.bw_ccm_ssh
2017-11-03 19:36:25,261: rp.session.two.jdakka.017473.0005: MainProcess                     : MainThread     : INFO    : Load resource configurations for ncsa.bw_ortelib
2017-11-03 19:36:25,261: rp.session.two.jdakka.017473.0005: MainProcess                     : MainThread     : INFO    : Load resource configurations for ncsa.bw_aprun
2017-11-03 19:36:25,261: rp.session.two.jdakka.017473.0005: MainProcess                     : MainThread     : INFO    : Load resource configurations for ncsa.bw_local_orte
2017-11-03 19:36:25,261: rp.session.two.jdakka.017473.0005: MainProcess                     : MainThread     : INFO    : Load resource configurations from /home/jdakka/UCL/ties_null_workload/venv/local/lib/python2.7/site-packages/radical/pilot/configs/resource_lumc.json
2017-11-03 19:36:25,263: rp.session.two.jdakka.017473.0005: MainProcess                     : MainThread     : INFO    : Load resource configurations for lumc.gb-ui_ssh
2017-11-03 19:36:25,263: rp.session.two.jdakka.017473.0005: MainProcess                     : MainThread     : INFO    : Load resource configurations for lumc.shark_ssh
2017-11-03 19:36:25,263: rp.session.two.jdakka.017473.0005: MainProcess                     : MainThread     : INFO    : Load resource configurations from /home/jdakka/UCL/ties_null_workload/venv/local/lib/python2.7/site-packages/radical/pilot/configs/resource_das4.json
2017-11-03 19:36:25,264: rp.session.two.jdakka.017473.0005: MainProcess                     : MainThread     : INFO    : Load resource configurations for das4.fs2_ssh
2017-11-03 19:36:25,264: rp.session.two.jdakka.017473.0005: MainProcess                     : MainThread     : INFO    : Load resource configurations from /home/jdakka/UCL/ties_null_workload/venv/local/lib/python2.7/site-packages/radical/pilot/configs/resource_aliases.json
2017-11-03 19:36:25,264: rp.session.two.jdakka.017473.0005: MainProcess                     : MainThread     : INFO    : Load resource configurations from /home/jdakka/UCL/ties_null_workload/venv/local/lib/python2.7/site-packages/radical/pilot/configs/resource_futuregrid.json
2017-11-03 19:36:25,268: rp.session.two.jdakka.017473.0005: MainProcess                     : MainThread     : INFO    : Load resource configurations for futuregrid.delta_ssh
2017-11-03 19:36:25,269: rp.session.two.jdakka.017473.0005: MainProcess                     : MainThread     : INFO    : Load resource configurations for futuregrid.india_ssh
2017-11-03 19:36:25,269: rp.session.two.jdakka.017473.0005: MainProcess                     : MainThread     : INFO    : Load resource configurations for futuregrid.echo_ssh
2017-11-03 19:36:25,269: rp.session.two.jdakka.017473.0005: MainProcess                     : MainThread     : INFO    : Load resource configurations for futuregrid.xray_ccm
2017-11-03 19:36:25,269: rp.session.two.jdakka.017473.0005: MainProcess                     : MainThread     : INFO    : Load resource configurations for futuregrid.bravo_ssh
2017-11-03 19:36:25,269: rp.session.two.jdakka.017473.0005: MainProcess                     : MainThread     : INFO    : Load resource configurations for futuregrid.xray_aprun
2017-11-03 19:36:25,269: rp.session.two.jdakka.017473.0005: MainProcess                     : MainThread     : INFO    : Load resource configurations from /home/jdakka/UCL/ties_null_workload/venv/local/lib/python2.7/site-packages/radical/pilot/configs/resource_ornl.json
2017-11-03 19:36:25,272: rp.session.two.jdakka.017473.0005: MainProcess                     : MainThread     : INFO    : Load resource configurations for ornl.titan_orte
2017-11-03 19:36:25,272: rp.session.two.jdakka.017473.0005: MainProcess                     : MainThread     : INFO    : Load resource configurations for ornl.titan_aprun
2017-11-03 19:36:25,272: rp.session.two.jdakka.017473.0005: MainProcess                     : MainThread     : INFO    : Load resource configurations for ornl.titan_ortelib
2017-11-03 19:36:25,273: rp.session.two.jdakka.017473.0005: MainProcess                     : MainThread     : INFO    : Load resource configurations from /home/jdakka/UCL/ties_null_workload/venv/local/lib/python2.7/site-packages/radical/pilot/configs/resource_chameleon.json
2017-11-03 19:36:25,273: rp.session.two.jdakka.017473.0005: MainProcess                     : MainThread     : INFO    : Load resource configurations for chameleon.cloud_vm_yarn
2017-11-03 19:36:25,274: rp.session.two.jdakka.017473.0005: MainProcess                     : MainThread     : INFO    : Load resource configurations from /home/jdakka/UCL/ties_null_workload/venv/local/lib/python2.7/site-packages/radical/pilot/configs/resource_iu.json
2017-11-03 19:36:25,275: rp.session.two.jdakka.017473.0005: MainProcess                     : MainThread     : INFO    : Load resource configurations for iu.bigred2_ccm_ssh
2017-11-03 19:36:25,275: rp.session.two.jdakka.017473.0005: MainProcess                     : MainThread     : INFO    : Load resource configurations for iu.bigred2_aprun
2017-11-03 19:36:25,275: rp.session.two.jdakka.017473.0005: MainProcess                     : MainThread     : INFO    : Load resource configurations from /home/jdakka/UCL/ties_null_workload/venv/local/lib/python2.7/site-packages/radical/pilot/configs/resource_local.json
2017-11-03 19:36:25,280: rp.session.two.jdakka.017473.0005: MainProcess                     : MainThread     : INFO    : Load resource configurations for local.localhost_orte
2017-11-03 19:36:25,280: rp.session.two.jdakka.017473.0005: MainProcess                     : MainThread     : INFO    : Load resource configurations for local.localhost_anaconda
2017-11-03 19:36:25,280: rp.session.two.jdakka.017473.0005: MainProcess                     : MainThread     : INFO    : Load resource configurations for local.localhost_ortelib
2017-11-03 19:36:25,280: rp.session.two.jdakka.017473.0005: MainProcess                     : MainThread     : INFO    : Load resource configurations for local.localhost
2017-11-03 19:36:25,280: rp.session.two.jdakka.017473.0005: MainProcess                     : MainThread     : INFO    : Load resource configurations for local.localhost_spark
2017-11-03 19:36:25,281: rp.session.two.jdakka.017473.0005: MainProcess                     : MainThread     : INFO    : Load resource configurations for local.localhost_spark_anaconda
2017-11-03 19:36:25,281: rp.session.two.jdakka.017473.0005: MainProcess                     : MainThread     : INFO    : Load resource configurations for local.localhost_yarn
2017-11-03 19:36:25,281: rp.session.two.jdakka.017473.0005: MainProcess                     : MainThread     : INFO    : Load resource configurations from /home/jdakka/UCL/ties_null_workload/venv/local/lib/python2.7/site-packages/radical/pilot/configs/resource_radical.json
2017-11-03 19:36:25,283: rp.session.two.jdakka.017473.0005: MainProcess                     : MainThread     : INFO    : Load resource configurations for radical.two
2017-11-03 19:36:25,283: rp.session.two.jdakka.017473.0005: MainProcess                     : MainThread     : INFO    : Load resource configurations for radical.tutorial
2017-11-03 19:36:25,283: rp.session.two.jdakka.017473.0005: MainProcess                     : MainThread     : INFO    : Load resource configurations for radical.one
2017-11-03 19:36:25,284: rp.session.two.jdakka.017473.0005: MainProcess                     : MainThread     : INFO    : Load resource configurations from /home/jdakka/UCL/ties_null_workload/venv/local/lib/python2.7/site-packages/radical/pilot/configs/resource_ncar.json
2017-11-03 19:36:25,284: rp.session.two.jdakka.017473.0005: MainProcess                     : MainThread     : INFO    : Load resource configurations for ncar.yellowstone_ssh
2017-11-03 19:36:25,285: rp.session.two.jdakka.017473.0005: MainProcess                     : MainThread     : INFO    : Load resource configurations from /home/jdakka/UCL/ties_null_workload/venv/local/lib/python2.7/site-packages/radical/pilot/configs/resource_rice.json
2017-11-03 19:36:25,286: rp.session.two.jdakka.017473.0005: MainProcess                     : MainThread     : INFO    : Load resource configurations for rice.davinci_ssh
2017-11-03 19:36:25,286: rp.session.two.jdakka.017473.0005: MainProcess                     : MainThread     : INFO    : Load resource configurations for rice.biou_ssh
2017-11-03 19:36:25,286: rp.session.two.jdakka.017473.0005: MainProcess                     : MainThread     : INFO    : Load resource configurations from /home/jdakka/UCL/ties_null_workload/venv/local/lib/python2.7/site-packages/radical/pilot/configs/resource_das5.json
2017-11-03 19:36:25,287: rp.session.two.jdakka.017473.0005: MainProcess                     : MainThread     : INFO    : Load resource configurations for das5.fs1_ssh
2017-11-03 19:36:26,396: rp.session.two.jdakka.017473.0005: MainProcess                     : MainThread     : INFO    : New Session created: rp.session.two.jdakka.017473.0005.
2017-11-03 19:36:26,397: rp.session.two.jdakka.017473.0005: MainProcess                     : MainThread     : DEBUG   : start bridges   : {u'control_pubsub': {u'bulk_size': 0, u'log_level': u'debug', u'stall_hwm': 1},
 u'log_pubsub': {u'bulk_size': 0, u'log_level': u'debug', u'stall_hwm': 1},
 u'state_pubsub': {u'bulk_size': 0, u'log_level': u'debug', u'stall_hwm': 1}}
2017-11-03 19:36:26,397: rp.session.two.jdakka.017473.0005: MainProcess                     : MainThread     : INFO    : create bridge control_pubsub
2017-11-03 19:36:26,427: rp.session.two.jdakka.017473.0005: MainProcess                     : MainThread     : INFO    : created bridge control_pubsub (control.pubsub.bridge.0000)
2017-11-03 19:36:26,427: rp.session.two.jdakka.017473.0005: MainProcess                     : MainThread     : INFO    : create bridge state_pubsub
2017-11-03 19:36:26,452: rp.session.two.jdakka.017473.0005: MainProcess                     : MainThread     : INFO    : created bridge state_pubsub (state.pubsub.bridge.0000)
2017-11-03 19:36:26,452: rp.session.two.jdakka.017473.0005: MainProcess                     : MainThread     : INFO    : create bridge log_pubsub
2017-11-03 19:36:26,476: rp.session.two.jdakka.017473.0005: MainProcess                     : MainThread     : INFO    : created bridge log_pubsub (log.pubsub.bridge.0000)
2017-11-03 19:36:26,476: rp.session.two.jdakka.017473.0005: MainProcess                     : MainThread     : DEBUG   : start components: {u'UpdateWorker': {u'count': 1}}
2017-11-03 19:36:26,477: rp.session.two.jdakka.017473.0005: MainProcess                     : MainThread     : DEBUG   : start 1 component(s) UpdateWorker
2017-11-03 19:36:27,302: rp.session.two.jdakka.017473.0005: MainProcess                     : MainThread     : INFO    : rp.session.two.jdakka.017473.0005 starts update.0
2017-11-03 19:36:27,753: rp.session.two.jdakka.017473.0005: MainProcess                     : MainThread     : DEBUG   : rsup.PTYShell('gsissh://bw.ncsa.illinois.edu')
2017-11-03 19:36:36,050: rp.session.two.jdakka.017473.0005: MainProcess                     : MainThread     : DEBUG   : sandbox base gsissh://bw.ncsa.illinois.edu: '/scratch/sciteam/dakka'
2017-11-03 19:36:36,258: rp.session.two.jdakka.017473.0005: MainProcess                     : MainThread     : DEBUG   : bulk pilot insert result: {'nModified': 0, 'nUpserted': 0, 'nMatched': 0, 'writeErrors': [], 'upserted': [], 'writeConcernErrors': [], 'nRemoved': 0, 'nInserted': 1}
2017-11-03 19:36:36,268: rp.session.two.jdakka.017473.0005: pmgr.0000.launching.0           : MainThread     : DEBUG   : rsup.PTYShell('gsissh://bw.ncsa.illinois.edu')
2017-11-03 19:36:41,127: rp.session.two.jdakka.017473.0005: pmgr.0000.launching.0           : MainThread     : DEBUG   : sandbox base gsissh://bw.ncsa.illinois.edu: '/scratch/sciteam/dakka'
2017-11-03 19:47:01,687: rp.session.two.jdakka.017473.0005: task-manager                    : MainThread     : DEBUG   : bulk unit insert result: {'nModified': 0, 'nUpserted': 0, 'nMatched': 0, 'writeErrors': [], 'upserted': [], 'writeConcernErrors': [], 'nRemoved': 0, 'nInserted': 1}
2017-11-03 19:47:01,818: rp.session.two.jdakka.017473.0005: task-manager                    : MainThread     : DEBUG   : bulk unit insert result: {'nModified': 0, 'nUpserted': 0, 'nMatched': 0, 'writeErrors': [], 'upserted': [], 'writeConcernErrors': [], 'nRemoved': 0, 'nInserted': 1}
2017-11-03 19:47:01,950: rp.session.two.jdakka.017473.0005: task-manager                    : MainThread     : DEBUG   : bulk unit insert result: {'nModified': 0, 'nUpserted': 0, 'nMatched': 0, 'writeErrors': [], 'upserted': [], 'writeConcernErrors': [], 'nRemoved': 0, 'nInserted': 1}
2017-11-03 19:47:02,075: rp.session.two.jdakka.017473.0005: task-manager                    : MainThread     : DEBUG   : bulk unit insert result: {'nModified': 0, 'nUpserted': 0, 'nMatched': 0, 'writeErrors': [], 'upserted': [], 'writeConcernErrors': [], 'nRemoved': 0, 'nInserted': 1}
2017-11-03 19:47:02,214: rp.session.two.jdakka.017473.0005: task-manager                    : MainThread     : DEBUG   : bulk unit insert result: {'nModified': 0, 'nUpserted': 0, 'nMatched': 0, 'writeErrors': [], 'upserted': [], 'writeConcernErrors': [], 'nRemoved': 0, 'nInserted': 1}
2017-11-03 19:47:02,344: rp.session.two.jdakka.017473.0005: task-manager                    : MainThread     : DEBUG   : bulk unit insert result: {'nModified': 0, 'nUpserted': 0, 'nMatched': 0, 'writeErrors': [], 'upserted': [], 'writeConcernErrors': [], 'nRemoved': 0, 'nInserted': 1}
2017-11-03 19:47:02,465: rp.session.two.jdakka.017473.0005: task-manager                    : MainThread     : DEBUG   : bulk unit insert result: {'nModified': 0, 'nUpserted': 0, 'nMatched': 0, 'writeErrors': [], 'upserted': [], 'writeConcernErrors': [], 'nRemoved': 0, 'nInserted': 1}
2017-11-03 19:47:02,589: rp.session.two.jdakka.017473.0005: task-manager                    : MainThread     : DEBUG   : bulk unit insert result: {'nModified': 0, 'nUpserted': 0, 'nMatched': 0, 'writeErrors': [], 'upserted': [], 'writeConcernErrors': [], 'nRemoved': 0, 'nInserted': 1}
2017-11-03 19:47:02,712: rp.session.two.jdakka.017473.0005: task-manager                    : MainThread     : DEBUG   : bulk unit insert result: {'nModified': 0, 'nUpserted': 0, 'nMatched': 0, 'writeErrors': [], 'upserted': [], 'writeConcernErrors': [], 'nRemoved': 0, 'nInserted': 1}
2017-11-03 19:47:02,834: rp.session.two.jdakka.017473.0005: task-manager                    : MainThread     : DEBUG   : bulk unit insert result: {'nModified': 0, 'nUpserted': 0, 'nMatched': 0, 'writeErrors': [], 'upserted': [], 'writeConcernErrors': [], 'nRemoved': 0, 'nInserted': 1}
2017-11-03 19:47:02,965: rp.session.two.jdakka.017473.0005: task-manager                    : MainThread     : DEBUG   : bulk unit insert result: {'nModified': 0, 'nUpserted': 0, 'nMatched': 0, 'writeErrors': [], 'upserted': [], 'writeConcernErrors': [], 'nRemoved': 0, 'nInserted': 1}
2017-11-03 19:47:03,080: rp.session.two.jdakka.017473.0005: task-manager                    : MainThread     : DEBUG   : bulk unit insert result: {'nModified': 0, 'nUpserted': 0, 'nMatched': 0, 'writeErrors': [], 'upserted': [], 'writeConcernErrors': [], 'nRemoved': 0, 'nInserted': 1}
2017-11-03 19:47:03,213: rp.session.two.jdakka.017473.0005: task-manager                    : MainThread     : DEBUG   : bulk unit insert result: {'nModified': 0, 'nUpserted': 0, 'nMatched': 0, 'writeErrors': [], 'upserted': [], 'writeConcernErrors': [], 'nRemoved': 0, 'nInserted': 1}
2017-11-03 19:47:03,323: rp.session.two.jdakka.017473.0005: task-manager                    : MainThread     : DEBUG   : bulk unit insert result: {'nModified': 0, 'nUpserted': 0, 'nMatched': 0, 'writeErrors': [], 'upserted': [], 'writeConcernErrors': [], 'nRemoved': 0, 'nInserted': 1}
2017-11-03 19:47:03,449: rp.session.two.jdakka.017473.0005: task-manager                    : MainThread     : DEBUG   : bulk unit insert result: {'nModified': 0, 'nUpserted': 0, 'nMatched': 0, 'writeErrors': [], 'upserted': [], 'writeConcernErrors': [], 'nRemoved': 0, 'nInserted': 1}
2017-11-03 19:47:03,566: rp.session.two.jdakka.017473.0005: task-manager                    : MainThread     : DEBUG   : bulk unit insert result: {'nModified': 0, 'nUpserted': 0, 'nMatched': 0, 'writeErrors': [], 'upserted': [], 'writeConcernErrors': [], 'nRemoved': 0, 'nInserted': 1}
2017-11-03 19:47:03,694: rp.session.two.jdakka.017473.0005: task-manager                    : MainThread     : DEBUG   : bulk unit insert result: {'nModified': 0, 'nUpserted': 0, 'nMatched': 0, 'writeErrors': [], 'upserted': [], 'writeConcernErrors': [], 'nRemoved': 0, 'nInserted': 1}
2017-11-03 19:47:03,820: rp.session.two.jdakka.017473.0005: task-manager                    : MainThread     : DEBUG   : bulk unit insert result: {'nModified': 0, 'nUpserted': 0, 'nMatched': 0, 'writeErrors': [], 'upserted': [], 'writeConcernErrors': [], 'nRemoved': 0, 'nInserted': 1}
2017-11-03 19:47:03,935: rp.session.two.jdakka.017473.0005: task-manager                    : MainThread     : DEBUG   : bulk unit insert result: {'nModified': 0, 'nUpserted': 0, 'nMatched': 0, 'writeErrors': [], 'upserted': [], 'writeConcernErrors': [], 'nRemoved': 0, 'nInserted': 1}
2017-11-03 19:47:04,042: rp.session.two.jdakka.017473.0005: task-manager                    : MainThread     : DEBUG   : bulk unit insert result: {'nModified': 0, 'nUpserted': 0, 'nMatched': 0, 'writeErrors': [], 'upserted': [], 'writeConcernErrors': [], 'nRemoved': 0, 'nInserted': 1}
2017-11-03 19:47:04,149: rp.session.two.jdakka.017473.0005: task-manager                    : MainThread     : DEBUG   : bulk unit insert result: {'nModified': 0, 'nUpserted': 0, 'nMatched': 0, 'writeErrors': [], 'upserted': [], 'writeConcernErrors': [], 'nRemoved': 0, 'nInserted': 1}
2017-11-03 19:47:04,257: rp.session.two.jdakka.017473.0005: task-manager                    : MainThread     : DEBUG   : bulk unit insert result: {'nModified': 0, 'nUpserted': 0, 'nMatched': 0, 'writeErrors': [], 'upserted': [], 'writeConcernErrors': [], 'nRemoved': 0, 'nInserted': 1}
2017-11-03 19:47:04,382: rp.session.two.jdakka.017473.0005: task-manager                    : MainThread     : DEBUG   : bulk unit insert result: {'nModified': 0, 'nUpserted': 0, 'nMatched': 0, 'writeErrors': [], 'upserted': [], 'writeConcernErrors': [], 'nRemoved': 0, 'nInserted': 1}
2017-11-03 19:47:04,497: rp.session.two.jdakka.017473.0005: task-manager                    : MainThread     : DEBUG   : bulk unit insert result: {'nModified': 0, 'nUpserted': 0, 'nMatched': 0, 'writeErrors': [], 'upserted': [], 'writeConcernErrors': [], 'nRemoved': 0, 'nInserted': 1}
2017-11-03 19:47:04,626: rp.session.two.jdakka.017473.0005: task-manager                    : MainThread     : DEBUG   : bulk unit insert result: {'nModified': 0, 'nUpserted': 0, 'nMatched': 0, 'writeErrors': [], 'upserted': [], 'writeConcernErrors': [], 'nRemoved': 0, 'nInserted': 1}
2017-11-03 19:47:04,745: rp.session.two.jdakka.017473.0005: task-manager                    : MainThread     : DEBUG   : bulk unit insert result: {'nModified': 0, 'nUpserted': 0, 'nMatched': 0, 'writeErrors': [], 'upserted': [], 'writeConcernErrors': [], 'nRemoved': 0, 'nInserted': 1}
2017-11-03 19:47:04,872: rp.session.two.jdakka.017473.0005: task-manager                    : MainThread     : DEBUG   : bulk unit insert result: {'nModified': 0, 'nUpserted': 0, 'nMatched': 0, 'writeErrors': [], 'upserted': [], 'writeConcernErrors': [], 'nRemoved': 0, 'nInserted': 1}
2017-11-03 19:47:04,991: rp.session.two.jdakka.017473.0005: task-manager                    : MainThread     : DEBUG   : bulk unit insert result: {'nModified': 0, 'nUpserted': 0, 'nMatched': 0, 'writeErrors': [], 'upserted': [], 'writeConcernErrors': [], 'nRemoved': 0, 'nInserted': 1}
2017-11-03 19:47:05,123: rp.session.two.jdakka.017473.0005: task-manager                    : MainThread     : DEBUG   : bulk unit insert result: {'nModified': 0, 'nUpserted': 0, 'nMatched': 0, 'writeErrors': [], 'upserted': [], 'writeConcernErrors': [], 'nRemoved': 0, 'nInserted': 1}
2017-11-03 19:47:05,244: rp.session.two.jdakka.017473.0005: task-manager                    : MainThread     : DEBUG   : bulk unit insert result: {'nModified': 0, 'nUpserted': 0, 'nMatched': 0, 'writeErrors': [], 'upserted': [], 'writeConcernErrors': [], 'nRemoved': 0, 'nInserted': 1}
2017-11-03 19:47:05,366: rp.session.two.jdakka.017473.0005: task-manager                    : MainThread     : DEBUG   : bulk unit insert result: {'nModified': 0, 'nUpserted': 0, 'nMatched': 0, 'writeErrors': [], 'upserted': [], 'writeConcernErrors': [], 'nRemoved': 0, 'nInserted': 1}
2017-11-03 19:47:05,491: rp.session.two.jdakka.017473.0005: task-manager                    : MainThread     : DEBUG   : bulk unit insert result: {'nModified': 0, 'nUpserted': 0, 'nMatched': 0, 'writeErrors': [], 'upserted': [], 'writeConcernErrors': [], 'nRemoved': 0, 'nInserted': 1}
2017-11-03 19:47:05,611: rp.session.two.jdakka.017473.0005: task-manager                    : MainThread     : DEBUG   : bulk unit insert result: {'nModified': 0, 'nUpserted': 0, 'nMatched': 0, 'writeErrors': [], 'upserted': [], 'writeConcernErrors': [], 'nRemoved': 0, 'nInserted': 1}
2017-11-03 19:47:05,724: rp.session.two.jdakka.017473.0005: task-manager                    : MainThread     : DEBUG   : bulk unit insert result: {'nModified': 0, 'nUpserted': 0, 'nMatched': 0, 'writeErrors': [], 'upserted': [], 'writeConcernErrors': [], 'nRemoved': 0, 'nInserted': 1}
2017-11-03 19:47:05,853: rp.session.two.jdakka.017473.0005: task-manager                    : MainThread     : DEBUG   : bulk unit insert result: {'nModified': 0, 'nUpserted': 0, 'nMatched': 0, 'writeErrors': [], 'upserted': [], 'writeConcernErrors': [], 'nRemoved': 0, 'nInserted': 1}
2017-11-03 19:47:05,965: rp.session.two.jdakka.017473.0005: task-manager                    : MainThread     : DEBUG   : bulk unit insert result: {'nModified': 0, 'nUpserted': 0, 'nMatched': 0, 'writeErrors': [], 'upserted': [], 'writeConcernErrors': [], 'nRemoved': 0, 'nInserted': 1}
2017-11-03 19:47:06,096: rp.session.two.jdakka.017473.0005: task-manager                    : MainThread     : DEBUG   : bulk unit insert result: {'nModified': 0, 'nUpserted': 0, 'nMatched': 0, 'writeErrors': [], 'upserted': [], 'writeConcernErrors': [], 'nRemoved': 0, 'nInserted': 1}
2017-11-03 19:47:06,221: rp.session.two.jdakka.017473.0005: task-manager                    : MainThread     : DEBUG   : bulk unit insert result: {'nModified': 0, 'nUpserted': 0, 'nMatched': 0, 'writeErrors': [], 'upserted': [], 'writeConcernErrors': [], 'nRemoved': 0, 'nInserted': 1}
2017-11-03 19:47:06,358: rp.session.two.jdakka.017473.0005: task-manager                    : MainThread     : DEBUG   : bulk unit insert result: {'nModified': 0, 'nUpserted': 0, 'nMatched': 0, 'writeErrors': [], 'upserted': [], 'writeConcernErrors': [], 'nRemoved': 0, 'nInserted': 1}
2017-11-03 19:47:06,476: rp.session.two.jdakka.017473.0005: task-manager                    : MainThread     : DEBUG   : bulk unit insert result: {'nModified': 0, 'nUpserted': 0, 'nMatched': 0, 'writeErrors': [], 'upserted': [], 'writeConcernErrors': [], 'nRemoved': 0, 'nInserted': 1}
2017-11-03 19:47:06,602: rp.session.two.jdakka.017473.0005: task-manager                    : MainThread     : DEBUG   : bulk unit insert result: {'nModified': 0, 'nUpserted': 0, 'nMatched': 0, 'writeErrors': [], 'upserted': [], 'writeConcernErrors': [], 'nRemoved': 0, 'nInserted': 1}
2017-11-03 19:47:06,724: rp.session.two.jdakka.017473.0005: task-manager                    : MainThread     : DEBUG   : bulk unit insert result: {'nModified': 0, 'nUpserted': 0, 'nMatched': 0, 'writeErrors': [], 'upserted': [], 'writeConcernErrors': [], 'nRemoved': 0, 'nInserted': 1}
2017-11-03 19:47:06,852: rp.session.two.jdakka.017473.0005: task-manager                    : MainThread     : DEBUG   : bulk unit insert result: {'nModified': 0, 'nUpserted': 0, 'nMatched': 0, 'writeErrors': [], 'upserted': [], 'writeConcernErrors': [], 'nRemoved': 0, 'nInserted': 1}
2017-11-03 19:47:06,974: rp.session.two.jdakka.017473.0005: task-manager                    : MainThread     : DEBUG   : bulk unit insert result: {'nModified': 0, 'nUpserted': 0, 'nMatched': 0, 'writeErrors': [], 'upserted': [], 'writeConcernErrors': [], 'nRemoved': 0, 'nInserted': 1}
2017-11-03 19:47:07,097: rp.session.two.jdakka.017473.0005: task-manager                    : MainThread     : DEBUG   : bulk unit insert result: {'nModified': 0, 'nUpserted': 0, 'nMatched': 0, 'writeErrors': [], 'upserted': [], 'writeConcernErrors': [], 'nRemoved': 0, 'nInserted': 1}
2017-11-03 19:47:07,205: rp.session.two.jdakka.017473.0005: task-manager                    : MainThread     : DEBUG   : bulk unit insert result: {'nModified': 0, 'nUpserted': 0, 'nMatched': 0, 'writeErrors': [], 'upserted': [], 'writeConcernErrors': [], 'nRemoved': 0, 'nInserted': 1}
2017-11-03 19:47:07,327: rp.session.two.jdakka.017473.0005: task-manager                    : MainThread     : DEBUG   : bulk unit insert result: {'nModified': 0, 'nUpserted': 0, 'nMatched': 0, 'writeErrors': [], 'upserted': [], 'writeConcernErrors': [], 'nRemoved': 0, 'nInserted': 1}
2017-11-03 19:47:07,439: rp.session.two.jdakka.017473.0005: task-manager                    : MainThread     : DEBUG   : bulk unit insert result: {'nModified': 0, 'nUpserted': 0, 'nMatched': 0, 'writeErrors': [], 'upserted': [], 'writeConcernErrors': [], 'nRemoved': 0, 'nInserted': 1}
2017-11-03 19:47:07,568: rp.session.two.jdakka.017473.0005: task-manager                    : MainThread     : DEBUG   : bulk unit insert result: {'nModified': 0, 'nUpserted': 0, 'nMatched': 0, 'writeErrors': [], 'upserted': [], 'writeConcernErrors': [], 'nRemoved': 0, 'nInserted': 1}
2017-11-03 19:47:07,691: rp.session.two.jdakka.017473.0005: task-manager                    : MainThread     : DEBUG   : bulk unit insert result: {'nModified': 0, 'nUpserted': 0, 'nMatched': 0, 'writeErrors': [], 'upserted': [], 'writeConcernErrors': [], 'nRemoved': 0, 'nInserted': 1}
2017-11-03 19:47:07,825: rp.session.two.jdakka.017473.0005: task-manager                    : MainThread     : DEBUG   : bulk unit insert result: {'nModified': 0, 'nUpserted': 0, 'nMatched': 0, 'writeErrors': [], 'upserted': [], 'writeConcernErrors': [], 'nRemoved': 0, 'nInserted': 1}
2017-11-03 19:47:07,942: rp.session.two.jdakka.017473.0005: task-manager                    : MainThread     : DEBUG   : bulk unit insert result: {'nModified': 0, 'nUpserted': 0, 'nMatched': 0, 'writeErrors': [], 'upserted': [], 'writeConcernErrors': [], 'nRemoved': 0, 'nInserted': 1}
2017-11-03 19:47:08,068: rp.session.two.jdakka.017473.0005: task-manager                    : MainThread     : DEBUG   : bulk unit insert result: {'nModified': 0, 'nUpserted': 0, 'nMatched': 0, 'writeErrors': [], 'upserted': [], 'writeConcernErrors': [], 'nRemoved': 0, 'nInserted': 1}
2017-11-03 19:47:08,191: rp.session.two.jdakka.017473.0005: task-manager                    : MainThread     : DEBUG   : bulk unit insert result: {'nModified': 0, 'nUpserted': 0, 'nMatched': 0, 'writeErrors': [], 'upserted': [], 'writeConcernErrors': [], 'nRemoved': 0, 'nInserted': 1}
2017-11-03 19:47:08,313: rp.session.two.jdakka.017473.0005: task-manager                    : MainThread     : DEBUG   : bulk unit insert result: {'nModified': 0, 'nUpserted': 0, 'nMatched': 0, 'writeErrors': [], 'upserted': [], 'writeConcernErrors': [], 'nRemoved': 0, 'nInserted': 1}
2017-11-03 19:47:08,436: rp.session.two.jdakka.017473.0005: task-manager                    : MainThread     : DEBUG   : bulk unit insert result: {'nModified': 0, 'nUpserted': 0, 'nMatched': 0, 'writeErrors': [], 'upserted': [], 'writeConcernErrors': [], 'nRemoved': 0, 'nInserted': 1}
2017-11-03 19:47:08,548: rp.session.two.jdakka.017473.0005: task-manager                    : MainThread     : DEBUG   : bulk unit insert result: {'nModified': 0, 'nUpserted': 0, 'nMatched': 0, 'writeErrors': [], 'upserted': [], 'writeConcernErrors': [], 'nRemoved': 0, 'nInserted': 1}
2017-11-03 19:47:08,676: rp.session.two.jdakka.017473.0005: task-manager                    : MainThread     : DEBUG   : bulk unit insert result: {'nModified': 0, 'nUpserted': 0, 'nMatched': 0, 'writeErrors': [], 'upserted': [], 'writeConcernErrors': [], 'nRemoved': 0, 'nInserted': 1}
2017-11-03 19:47:08,798: rp.session.two.jdakka.017473.0005: task-manager                    : MainThread     : DEBUG   : bulk unit insert result: {'nModified': 0, 'nUpserted': 0, 'nMatched': 0, 'writeErrors': [], 'upserted': [], 'writeConcernErrors': [], 'nRemoved': 0, 'nInserted': 1}
2017-11-03 19:47:08,906: rp.session.two.jdakka.017473.0005: task-manager                    : MainThread     : DEBUG   : bulk unit insert result: {'nModified': 0, 'nUpserted': 0, 'nMatched': 0, 'writeErrors': [], 'upserted': [], 'writeConcernErrors': [], 'nRemoved': 0, 'nInserted': 1}
2017-11-03 19:47:09,036: rp.session.two.jdakka.017473.0005: task-manager                    : MainThread     : DEBUG   : bulk unit insert result: {'nModified': 0, 'nUpserted': 0, 'nMatched': 0, 'writeErrors': [], 'upserted': [], 'writeConcernErrors': [], 'nRemoved': 0, 'nInserted': 1}
2017-11-03 19:47:09,151: rp.session.two.jdakka.017473.0005: task-manager                    : MainThread     : DEBUG   : bulk unit insert result: {'nModified': 0, 'nUpserted': 0, 'nMatched': 0, 'writeErrors': [], 'upserted': [], 'writeConcernErrors': [], 'nRemoved': 0, 'nInserted': 1}
2017-11-03 19:47:09,278: rp.session.two.jdakka.017473.0005: task-manager                    : MainThread     : DEBUG   : bulk unit insert result: {'nModified': 0, 'nUpserted': 0, 'nMatched': 0, 'writeErrors': [], 'upserted': [], 'writeConcernErrors': [], 'nRemoved': 0, 'nInserted': 1}
2017-11-03 19:47:09,391: rp.session.two.jdakka.017473.0005: task-manager                    : MainThread     : DEBUG   : bulk unit insert result: {'nModified': 0, 'nUpserted': 0, 'nMatched': 0, 'writeErrors': [], 'upserted': [], 'writeConcernErrors': [], 'nRemoved': 0, 'nInserted': 1}
2017-11-03 19:47:09,524: rp.session.two.jdakka.017473.0005: task-manager                    : MainThread     : DEBUG   : bulk unit insert result: {'nModified': 0, 'nUpserted': 0, 'nMatched': 0, 'writeErrors': [], 'upserted': [], 'writeConcernErrors': [], 'nRemoved': 0, 'nInserted': 1}
2017-11-03 19:47:09,640: rp.session.two.jdakka.017473.0005: task-manager                    : MainThread     : DEBUG   : bulk unit insert result: {'nModified': 0, 'nUpserted': 0, 'nMatched': 0, 'writeErrors': [], 'upserted': [], 'writeConcernErrors': [], 'nRemoved': 0, 'nInserted': 1}
2017-11-03 19:47:09,748: rp.session.two.jdakka.017473.0005: task-manager                    : MainThread     : DEBUG   : bulk unit insert result: {'nModified': 0, 'nUpserted': 0, 'nMatched': 0, 'writeErrors': [], 'upserted': [], 'writeConcernErrors': [], 'nRemoved': 0, 'nInserted': 1}
2017-11-03 19:47:09,853: rp.session.two.jdakka.017473.0005: task-manager                    : MainThread     : DEBUG   : bulk unit insert result: {'nModified': 0, 'nUpserted': 0, 'nMatched': 0, 'writeErrors': [], 'upserted': [], 'writeConcernErrors': [], 'nRemoved': 0, 'nInserted': 1}
2017-11-03 19:47:11,127: rp.session.two.jdakka.017473.0005: task-manager                    : MainThread     : DEBUG   : bulk unit insert result: {'nModified': 0, 'nUpserted': 0, 'nMatched': 0, 'writeErrors': [], 'upserted': [], 'writeConcernErrors': [], 'nRemoved': 0, 'nInserted': 1}
2017-11-03 19:47:11,251: rp.session.two.jdakka.017473.0005: task-manager                    : MainThread     : DEBUG   : bulk unit insert result: {'nModified': 0, 'nUpserted': 0, 'nMatched': 0, 'writeErrors': [], 'upserted': [], 'writeConcernErrors': [], 'nRemoved': 0, 'nInserted': 1}
2017-11-03 19:47:11,362: rp.session.two.jdakka.017473.0005: task-manager                    : MainThread     : DEBUG   : bulk unit insert result: {'nModified': 0, 'nUpserted': 0, 'nMatched': 0, 'writeErrors': [], 'upserted': [], 'writeConcernErrors': [], 'nRemoved': 0, 'nInserted': 1}
2017-11-03 19:47:13,072: rp.session.two.jdakka.017473.0005: task-manager                    : MainThread     : DEBUG   : bulk unit insert result: {'nModified': 0, 'nUpserted': 0, 'nMatched': 0, 'writeErrors': [], 'upserted': [], 'writeConcernErrors': [], 'nRemoved': 0, 'nInserted': 1}
2017-11-03 19:47:13,198: rp.session.two.jdakka.017473.0005: task-manager                    : MainThread     : DEBUG   : bulk unit insert result: {'nModified': 0, 'nUpserted': 0, 'nMatched': 0, 'writeErrors': [], 'upserted': [], 'writeConcernErrors': [], 'nRemoved': 0, 'nInserted': 1}
2017-11-03 19:47:15,413: rp.session.two.jdakka.017473.0005: task-manager                    : MainThread     : DEBUG   : bulk unit insert result: {'nModified': 0, 'nUpserted': 0, 'nMatched': 0, 'writeErrors': [], 'upserted': [], 'writeConcernErrors': [], 'nRemoved': 0, 'nInserted': 1}
2017-11-03 19:47:15,533: rp.session.two.jdakka.017473.0005: task-manager                    : MainThread     : DEBUG   : bulk unit insert result: {'nModified': 0, 'nUpserted': 0, 'nMatched': 0, 'writeErrors': [], 'upserted': [], 'writeConcernErrors': [], 'nRemoved': 0, 'nInserted': 1}
2017-11-03 19:47:15,666: rp.session.two.jdakka.017473.0005: task-manager                    : MainThread     : DEBUG   : bulk unit insert result: {'nModified': 0, 'nUpserted': 0, 'nMatched': 0, 'writeErrors': [], 'upserted': [], 'writeConcernErrors': [], 'nRemoved': 0, 'nInserted': 1}
2017-11-03 19:47:15,788: rp.session.two.jdakka.017473.0005: task-manager                    : MainThread     : DEBUG   : bulk unit insert result: {'nModified': 0, 'nUpserted': 0, 'nMatched': 0, 'writeErrors': [], 'upserted': [], 'writeConcernErrors': [], 'nRemoved': 0, 'nInserted': 1}
2017-11-03 19:47:15,911: rp.session.two.jdakka.017473.0005: task-manager                    : MainThread     : DEBUG   : bulk unit insert result: {'nModified': 0, 'nUpserted': 0, 'nMatched': 0, 'writeErrors': [], 'upserted': [], 'writeConcernErrors': [], 'nRemoved': 0, 'nInserted': 1}
2017-11-03 19:47:16,034: rp.session.two.jdakka.017473.0005: task-manager                    : MainThread     : DEBUG   : bulk unit insert result: {'nModified': 0, 'nUpserted': 0, 'nMatched': 0, 'writeErrors': [], 'upserted': [], 'writeConcernErrors': [], 'nRemoved': 0, 'nInserted': 1}
2017-11-03 19:47:16,157: rp.session.two.jdakka.017473.0005: task-manager                    : MainThread     : DEBUG   : bulk unit insert result: {'nModified': 0, 'nUpserted': 0, 'nMatched': 0, 'writeErrors': [], 'upserted': [], 'writeConcernErrors': [], 'nRemoved': 0, 'nInserted': 1}
2017-11-03 19:47:16,280: rp.session.two.jdakka.017473.0005: task-manager                    : MainThread     : DEBUG   : bulk unit insert result: {'nModified': 0, 'nUpserted': 0, 'nMatched': 0, 'writeErrors': [], 'upserted': [], 'writeConcernErrors': [], 'nRemoved': 0, 'nInserted': 1}
2017-11-03 19:47:16,392: rp.session.two.jdakka.017473.0005: task-manager                    : MainThread     : DEBUG   : bulk unit insert result: {'nModified': 0, 'nUpserted': 0, 'nMatched': 0, 'writeErrors': [], 'upserted': [], 'writeConcernErrors': [], 'nRemoved': 0, 'nInserted': 1}
2017-11-03 19:47:16,520: rp.session.two.jdakka.017473.0005: task-manager                    : MainThread     : DEBUG   : bulk unit insert result: {'nModified': 0, 'nUpserted': 0, 'nMatched': 0, 'writeErrors': [], 'upserted': [], 'writeConcernErrors': [], 'nRemoved': 0, 'nInserted': 1}
2017-11-03 19:47:16,641: rp.session.two.jdakka.017473.0005: task-manager                    : MainThread     : DEBUG   : bulk unit insert result: {'nModified': 0, 'nUpserted': 0, 'nMatched': 0, 'writeErrors': [], 'upserted': [], 'writeConcernErrors': [], 'nRemoved': 0, 'nInserted': 1}
2017-11-03 19:47:16,763: rp.session.two.jdakka.017473.0005: task-manager                    : MainThread     : DEBUG   : bulk unit insert result: {'nModified': 0, 'nUpserted': 0, 'nMatched': 0, 'writeErrors': [], 'upserted': [], 'writeConcernErrors': [], 'nRemoved': 0, 'nInserted': 1}
2017-11-03 19:47:16,886: rp.session.two.jdakka.017473.0005: task-manager                    : MainThread     : DEBUG   : bulk unit insert result: {'nModified': 0, 'nUpserted': 0, 'nMatched': 0, 'writeErrors': [], 'upserted': [], 'writeConcernErrors': [], 'nRemoved': 0, 'nInserted': 1}
2017-11-03 19:47:16,997: rp.session.two.jdakka.017473.0005: task-manager                    : MainThread     : DEBUG   : bulk unit insert result: {'nModified': 0, 'nUpserted': 0, 'nMatched': 0, 'writeErrors': [], 'upserted': [], 'writeConcernErrors': [], 'nRemoved': 0, 'nInserted': 1}
2017-11-03 19:47:17,150: rp.session.two.jdakka.017473.0005: task-manager                    : MainThread     : DEBUG   : bulk unit insert result: {'nModified': 0, 'nUpserted': 0, 'nMatched': 0, 'writeErrors': [], 'upserted': [], 'writeConcernErrors': [], 'nRemoved': 0, 'nInserted': 1}
2017-11-03 19:47:17,275: rp.session.two.jdakka.017473.0005: task-manager                    : MainThread     : DEBUG   : bulk unit insert result: {'nModified': 0, 'nUpserted': 0, 'nMatched': 0, 'writeErrors': [], 'upserted': [], 'writeConcernErrors': [], 'nRemoved': 0, 'nInserted': 1}
2017-11-03 19:47:17,419: rp.session.two.jdakka.017473.0005: task-manager                    : MainThread     : DEBUG   : bulk unit insert result: {'nModified': 0, 'nUpserted': 0, 'nMatched': 0, 'writeErrors': [], 'upserted': [], 'writeConcernErrors': [], 'nRemoved': 0, 'nInserted': 1}
2017-11-03 19:47:17,532: rp.session.two.jdakka.017473.0005: task-manager                    : MainThread     : DEBUG   : bulk unit insert result: {'nModified': 0, 'nUpserted': 0, 'nMatched': 0, 'writeErrors': [], 'upserted': [], 'writeConcernErrors': [], 'nRemoved': 0, 'nInserted': 1}
2017-11-03 19:47:17,639: rp.session.two.jdakka.017473.0005: task-manager                    : MainThread     : DEBUG   : bulk unit insert result: {'nModified': 0, 'nUpserted': 0, 'nMatched': 0, 'writeErrors': [], 'upserted': [], 'writeConcernErrors': [], 'nRemoved': 0, 'nInserted': 1}
2017-11-03 19:47:17,746: rp.session.two.jdakka.017473.0005: task-manager                    : MainThread     : DEBUG   : bulk unit insert result: {'nModified': 0, 'nUpserted': 0, 'nMatched': 0, 'writeErrors': [], 'upserted': [], 'writeConcernErrors': [], 'nRemoved': 0, 'nInserted': 1}
2017-11-03 19:47:17,853: rp.session.two.jdakka.017473.0005: task-manager                    : MainThread     : DEBUG   : bulk unit insert result: {'nModified': 0, 'nUpserted': 0, 'nMatched': 0, 'writeErrors': [], 'upserted': [], 'writeConcernErrors': [], 'nRemoved': 0, 'nInserted': 1}
2017-11-03 19:47:17,975: rp.session.two.jdakka.017473.0005: task-manager                    : MainThread     : DEBUG   : bulk unit insert result: {'nModified': 0, 'nUpserted': 0, 'nMatched': 0, 'writeErrors': [], 'upserted': [], 'writeConcernErrors': [], 'nRemoved': 0, 'nInserted': 1}
2017-11-03 19:47:18,083: rp.session.two.jdakka.017473.0005: task-manager                    : MainThread     : DEBUG   : bulk unit insert result: {'nModified': 0, 'nUpserted': 0, 'nMatched': 0, 'writeErrors': [], 'upserted': [], 'writeConcernErrors': [], 'nRemoved': 0, 'nInserted': 1}
2017-11-03 19:47:18,192: rp.session.two.jdakka.017473.0005: task-manager                    : MainThread     : DEBUG   : bulk unit insert result: {'nModified': 0, 'nUpserted': 0, 'nMatched': 0, 'writeErrors': [], 'upserted': [], 'writeConcernErrors': [], 'nRemoved': 0, 'nInserted': 1}
2017-11-03 19:47:18,326: rp.session.two.jdakka.017473.0005: task-manager                    : MainThread     : DEBUG   : bulk unit insert result: {'nModified': 0, 'nUpserted': 0, 'nMatched': 0, 'writeErrors': [], 'upserted': [], 'writeConcernErrors': [], 'nRemoved': 0, 'nInserted': 1}
2017-11-03 19:47:18,453: rp.session.two.jdakka.017473.0005: task-manager                    : MainThread     : DEBUG   : bulk unit insert result: {'nModified': 0, 'nUpserted': 0, 'nMatched': 0, 'writeErrors': [], 'upserted': [], 'writeConcernErrors': [], 'nRemoved': 0, 'nInserted': 1}
2017-11-03 19:47:18,560: rp.session.two.jdakka.017473.0005: task-manager                    : MainThread     : DEBUG   : bulk unit insert result: {'nModified': 0, 'nUpserted': 0, 'nMatched': 0, 'writeErrors': [], 'upserted': [], 'writeConcernErrors': [], 'nRemoved': 0, 'nInserted': 1}
2017-11-03 19:47:18,667: rp.session.two.jdakka.017473.0005: task-manager                    : MainThread     : DEBUG   : bulk unit insert result: {'nModified': 0, 'nUpserted': 0, 'nMatched': 0, 'writeErrors': [], 'upserted': [], 'writeConcernErrors': [], 'nRemoved': 0, 'nInserted': 1}
2017-11-03 19:47:18,775: rp.session.two.jdakka.017473.0005: task-manager                    : MainThread     : DEBUG   : bulk unit insert result: {'nModified': 0, 'nUpserted': 0, 'nMatched': 0, 'writeErrors': [], 'upserted': [], 'writeConcernErrors': [], 'nRemoved': 0, 'nInserted': 1}
2017-11-03 19:47:18,900: rp.session.two.jdakka.017473.0005: task-manager                    : MainThread     : DEBUG   : bulk unit insert result: {'nModified': 0, 'nUpserted': 0, 'nMatched': 0, 'writeErrors': [], 'upserted': [], 'writeConcernErrors': [], 'nRemoved': 0, 'nInserted': 1}
2017-11-03 19:47:19,011: rp.session.two.jdakka.017473.0005: task-manager                    : MainThread     : DEBUG   : bulk unit insert result: {'nModified': 0, 'nUpserted': 0, 'nMatched': 0, 'writeErrors': [], 'upserted': [], 'writeConcernErrors': [], 'nRemoved': 0, 'nInserted': 1}
2017-11-03 19:47:19,138: rp.session.two.jdakka.017473.0005: task-manager                    : MainThread     : DEBUG   : bulk unit insert result: {'nModified': 0, 'nUpserted': 0, 'nMatched': 0, 'writeErrors': [], 'upserted': [], 'writeConcernErrors': [], 'nRemoved': 0, 'nInserted': 1}
2017-11-03 19:47:19,252: rp.session.two.jdakka.017473.0005: task-manager                    : MainThread     : DEBUG   : bulk unit insert result: {'nModified': 0, 'nUpserted': 0, 'nMatched': 0, 'writeErrors': [], 'upserted': [], 'writeConcernErrors': [], 'nRemoved': 0, 'nInserted': 1}
2017-11-03 19:47:19,383: rp.session.two.jdakka.017473.0005: task-manager                    : MainThread     : DEBUG   : bulk unit insert result: {'nModified': 0, 'nUpserted': 0, 'nMatched': 0, 'writeErrors': [], 'upserted': [], 'writeConcernErrors': [], 'nRemoved': 0, 'nInserted': 1}
2017-11-03 19:47:19,505: rp.session.two.jdakka.017473.0005: task-manager                    : MainThread     : DEBUG   : bulk unit insert result: {'nModified': 0, 'nUpserted': 0, 'nMatched': 0, 'writeErrors': [], 'upserted': [], 'writeConcernErrors': [], 'nRemoved': 0, 'nInserted': 1}
2017-11-03 19:47:19,626: rp.session.two.jdakka.017473.0005: task-manager                    : MainThread     : DEBUG   : bulk unit insert result: {'nModified': 0, 'nUpserted': 0, 'nMatched': 0, 'writeErrors': [], 'upserted': [], 'writeConcernErrors': [], 'nRemoved': 0, 'nInserted': 1}
2017-11-03 19:47:19,748: rp.session.two.jdakka.017473.0005: task-manager                    : MainThread     : DEBUG   : bulk unit insert result: {'nModified': 0, 'nUpserted': 0, 'nMatched': 0, 'writeErrors': [], 'upserted': [], 'writeConcernErrors': [], 'nRemoved': 0, 'nInserted': 1}
2017-11-03 19:47:19,870: rp.session.two.jdakka.017473.0005: task-manager                    : MainThread     : DEBUG   : bulk unit insert result: {'nModified': 0, 'nUpserted': 0, 'nMatched': 0, 'writeErrors': [], 'upserted': [], 'writeConcernErrors': [], 'nRemoved': 0, 'nInserted': 1}
2017-11-03 19:47:20,006: rp.session.two.jdakka.017473.0005: task-manager                    : MainThread     : DEBUG   : bulk unit insert result: {'nModified': 0, 'nUpserted': 0, 'nMatched': 0, 'writeErrors': [], 'upserted': [], 'writeConcernErrors': [], 'nRemoved': 0, 'nInserted': 1}
2017-11-03 19:47:20,129: rp.session.two.jdakka.017473.0005: task-manager                    : MainThread     : DEBUG   : bulk unit insert result: {'nModified': 0, 'nUpserted': 0, 'nMatched': 0, 'writeErrors': [], 'upserted': [], 'writeConcernErrors': [], 'nRemoved': 0, 'nInserted': 1}
2017-11-03 19:47:20,249: rp.session.two.jdakka.017473.0005: task-manager                    : MainThread     : DEBUG   : bulk unit insert result: {'nModified': 0, 'nUpserted': 0, 'nMatched': 0, 'writeErrors': [], 'upserted': [], 'writeConcernErrors': [], 'nRemoved': 0, 'nInserted': 1}
2017-11-03 19:47:20,357: rp.session.two.jdakka.017473.0005: task-manager                    : MainThread     : DEBUG   : bulk unit insert result: {'nModified': 0, 'nUpserted': 0, 'nMatched': 0, 'writeErrors': [], 'upserted': [], 'writeConcernErrors': [], 'nRemoved': 0, 'nInserted': 1}
2017-11-03 19:47:20,469: rp.session.two.jdakka.017473.0005: task-manager                    : MainThread     : DEBUG   : bulk unit insert result: {'nModified': 0, 'nUpserted': 0, 'nMatched': 0, 'writeErrors': [], 'upserted': [], 'writeConcernErrors': [], 'nRemoved': 0, 'nInserted': 1}
2017-11-03 19:47:20,577: rp.session.two.jdakka.017473.0005: task-manager                    : MainThread     : DEBUG   : bulk unit insert result: {'nModified': 0, 'nUpserted': 0, 'nMatched': 0, 'writeErrors': [], 'upserted': [], 'writeConcernErrors': [], 'nRemoved': 0, 'nInserted': 1}
2017-11-03 19:47:20,712: rp.session.two.jdakka.017473.0005: task-manager                    : MainThread     : DEBUG   : bulk unit insert result: {'nModified': 0, 'nUpserted': 0, 'nMatched': 0, 'writeErrors': [], 'upserted': [], 'writeConcernErrors': [], 'nRemoved': 0, 'nInserted': 1}
2017-11-03 19:47:20,832: rp.session.two.jdakka.017473.0005: task-manager                    : MainThread     : DEBUG   : bulk unit insert result: {'nModified': 0, 'nUpserted': 0, 'nMatched': 0, 'writeErrors': [], 'upserted': [], 'writeConcernErrors': [], 'nRemoved': 0, 'nInserted': 1}
2017-11-03 19:47:20,955: rp.session.two.jdakka.017473.0005: task-manager                    : MainThread     : DEBUG   : bulk unit insert result: {'nModified': 0, 'nUpserted': 0, 'nMatched': 0, 'writeErrors': [], 'upserted': [], 'writeConcernErrors': [], 'nRemoved': 0, 'nInserted': 1}
2017-11-03 19:47:21,068: rp.session.two.jdakka.017473.0005: task-manager                    : MainThread     : DEBUG   : bulk unit insert result: {'nModified': 0, 'nUpserted': 0, 'nMatched': 0, 'writeErrors': [], 'upserted': [], 'writeConcernErrors': [], 'nRemoved': 0, 'nInserted': 1}
2017-11-03 19:47:21,199: rp.session.two.jdakka.017473.0005: task-manager                    : MainThread     : DEBUG   : bulk unit insert result: {'nModified': 0, 'nUpserted': 0, 'nMatched': 0, 'writeErrors': [], 'upserted': [], 'writeConcernErrors': [], 'nRemoved': 0, 'nInserted': 1}
2017-11-03 19:47:21,321: rp.session.two.jdakka.017473.0005: task-manager                    : MainThread     : DEBUG   : bulk unit insert result: {'nModified': 0, 'nUpserted': 0, 'nMatched': 0, 'writeErrors': [], 'upserted': [], 'writeConcernErrors': [], 'nRemoved': 0, 'nInserted': 1}
2017-11-03 19:47:21,444: rp.session.two.jdakka.017473.0005: task-manager                    : MainThread     : DEBUG   : bulk unit insert result: {'nModified': 0, 'nUpserted': 0, 'nMatched': 0, 'writeErrors': [], 'upserted': [], 'writeConcernErrors': [], 'nRemoved': 0, 'nInserted': 1}
2017-11-03 19:47:21,565: rp.session.two.jdakka.017473.0005: task-manager                    : MainThread     : DEBUG   : bulk unit insert result: {'nModified': 0, 'nUpserted': 0, 'nMatched': 0, 'writeErrors': [], 'upserted': [], 'writeConcernErrors': [], 'nRemoved': 0, 'nInserted': 1}
2017-11-03 19:47:21,707: rp.session.two.jdakka.017473.0005: task-manager                    : MainThread     : DEBUG   : bulk unit insert result: {'nModified': 0, 'nUpserted': 0, 'nMatched': 0, 'writeErrors': [], 'upserted': [], 'writeConcernErrors': [], 'nRemoved': 0, 'nInserted': 1}
2017-11-03 19:47:21,817: rp.session.two.jdakka.017473.0005: task-manager                    : MainThread     : DEBUG   : bulk unit insert result: {'nModified': 0, 'nUpserted': 0, 'nMatched': 0, 'writeErrors': [], 'upserted': [], 'writeConcernErrors': [], 'nRemoved': 0, 'nInserted': 1}
2017-11-03 19:47:21,954: rp.session.two.jdakka.017473.0005: task-manager                    : MainThread     : DEBUG   : bulk unit insert result: {'nModified': 0, 'nUpserted': 0, 'nMatched': 0, 'writeErrors': [], 'upserted': [], 'writeConcernErrors': [], 'nRemoved': 0, 'nInserted': 1}
2017-11-03 19:47:22,069: rp.session.two.jdakka.017473.0005: task-manager                    : MainThread     : DEBUG   : bulk unit insert result: {'nModified': 0, 'nUpserted': 0, 'nMatched': 0, 'writeErrors': [], 'upserted': [], 'writeConcernErrors': [], 'nRemoved': 0, 'nInserted': 1}
2017-11-03 19:47:22,176: rp.session.two.jdakka.017473.0005: task-manager                    : MainThread     : DEBUG   : bulk unit insert result: {'nModified': 0, 'nUpserted': 0, 'nMatched': 0, 'writeErrors': [], 'upserted': [], 'writeConcernErrors': [], 'nRemoved': 0, 'nInserted': 1}
2017-11-03 19:47:22,284: rp.session.two.jdakka.017473.0005: task-manager                    : MainThread     : DEBUG   : bulk unit insert result: {'nModified': 0, 'nUpserted': 0, 'nMatched': 0, 'writeErrors': [], 'upserted': [], 'writeConcernErrors': [], 'nRemoved': 0, 'nInserted': 1}
2017-11-03 19:47:22,391: rp.session.two.jdakka.017473.0005: task-manager                    : MainThread     : DEBUG   : bulk unit insert result: {'nModified': 0, 'nUpserted': 0, 'nMatched': 0, 'writeErrors': [], 'upserted': [], 'writeConcernErrors': [], 'nRemoved': 0, 'nInserted': 1}
2017-11-03 19:47:22,516: rp.session.two.jdakka.017473.0005: task-manager                    : MainThread     : DEBUG   : bulk unit insert result: {'nModified': 0, 'nUpserted': 0, 'nMatched': 0, 'writeErrors': [], 'upserted': [], 'writeConcernErrors': [], 'nRemoved': 0, 'nInserted': 1}
2017-11-03 19:47:22,806: rp.session.two.jdakka.017473.0005: task-manager                    : MainThread     : DEBUG   : bulk unit insert result: {'nModified': 0, 'nUpserted': 0, 'nMatched': 0, 'writeErrors': [], 'upserted': [], 'writeConcernErrors': [], 'nRemoved': 0, 'nInserted': 1}
2017-11-03 19:47:22,937: rp.session.two.jdakka.017473.0005: task-manager                    : MainThread     : DEBUG   : bulk unit insert result: {'nModified': 0, 'nUpserted': 0, 'nMatched': 0, 'writeErrors': [], 'upserted': [], 'writeConcernErrors': [], 'nRemoved': 0, 'nInserted': 1}
2017-11-03 19:47:23,050: rp.session.two.jdakka.017473.0005: task-manager                    : MainThread     : DEBUG   : bulk unit insert result: {'nModified': 0, 'nUpserted': 0, 'nMatched': 0, 'writeErrors': [], 'upserted': [], 'writeConcernErrors': [], 'nRemoved': 0, 'nInserted': 1}
2017-11-03 19:47:23,157: rp.session.two.jdakka.017473.0005: task-manager                    : MainThread     : DEBUG   : bulk unit insert result: {'nModified': 0, 'nUpserted': 0, 'nMatched': 0, 'writeErrors': [], 'upserted': [], 'writeConcernErrors': [], 'nRemoved': 0, 'nInserted': 1}
2017-11-03 19:47:23,278: rp.session.two.jdakka.017473.0005: task-manager                    : MainThread     : DEBUG   : bulk unit insert result: {'nModified': 0, 'nUpserted': 0, 'nMatched': 0, 'writeErrors': [], 'upserted': [], 'writeConcernErrors': [], 'nRemoved': 0, 'nInserted': 1}
2017-11-03 19:47:23,385: rp.session.two.jdakka.017473.0005: task-manager                    : MainThread     : DEBUG   : bulk unit insert result: {'nModified': 0, 'nUpserted': 0, 'nMatched': 0, 'writeErrors': [], 'upserted': [], 'writeConcernErrors': [], 'nRemoved': 0, 'nInserted': 1}
2017-11-03 19:47:23,492: rp.session.two.jdakka.017473.0005: task-manager                    : MainThread     : DEBUG   : bulk unit insert result: {'nModified': 0, 'nUpserted': 0, 'nMatched': 0, 'writeErrors': [], 'upserted': [], 'writeConcernErrors': [], 'nRemoved': 0, 'nInserted': 1}
2017-11-03 19:47:23,599: rp.session.two.jdakka.017473.0005: task-manager                    : MainThread     : DEBUG   : bulk unit insert result: {'nModified': 0, 'nUpserted': 0, 'nMatched': 0, 'writeErrors': [], 'upserted': [], 'writeConcernErrors': [], 'nRemoved': 0, 'nInserted': 1}
2017-11-03 19:47:23,711: rp.session.two.jdakka.017473.0005: task-manager                    : MainThread     : DEBUG   : bulk unit insert result: {'nModified': 0, 'nUpserted': 0, 'nMatched': 0, 'writeErrors': [], 'upserted': [], 'writeConcernErrors': [], 'nRemoved': 0, 'nInserted': 1}
2017-11-03 19:47:25,010: rp.session.two.jdakka.017473.0005: task-manager                    : MainThread     : DEBUG   : bulk unit insert result: {'nModified': 0, 'nUpserted': 0, 'nMatched': 0, 'writeErrors': [], 'upserted': [], 'writeConcernErrors': [], 'nRemoved': 0, 'nInserted': 1}
2017-11-03 19:47:25,137: rp.session.two.jdakka.017473.0005: task-manager                    : MainThread     : DEBUG   : bulk unit insert result: {'nModified': 0, 'nUpserted': 0, 'nMatched': 0, 'writeErrors': [], 'upserted': [], 'writeConcernErrors': [], 'nRemoved': 0, 'nInserted': 1}
2017-11-03 19:47:25,262: rp.session.two.jdakka.017473.0005: task-manager                    : MainThread     : DEBUG   : bulk unit insert result: {'nModified': 0, 'nUpserted': 0, 'nMatched': 0, 'writeErrors': [], 'upserted': [], 'writeConcernErrors': [], 'nRemoved': 0, 'nInserted': 1}
2017-11-03 19:47:25,369: rp.session.two.jdakka.017473.0005: task-manager                    : MainThread     : DEBUG   : bulk unit insert result: {'nModified': 0, 'nUpserted': 0, 'nMatched': 0, 'writeErrors': [], 'upserted': [], 'writeConcernErrors': [], 'nRemoved': 0, 'nInserted': 1}
2017-11-03 19:47:25,478: rp.session.two.jdakka.017473.0005: task-manager                    : MainThread     : DEBUG   : bulk unit insert result: {'nModified': 0, 'nUpserted': 0, 'nMatched': 0, 'writeErrors': [], 'upserted': [], 'writeConcernErrors': [], 'nRemoved': 0, 'nInserted': 1}
2017-11-03 19:47:25,586: rp.session.two.jdakka.017473.0005: task-manager                    : MainThread     : DEBUG   : bulk unit insert result: {'nModified': 0, 'nUpserted': 0, 'nMatched': 0, 'writeErrors': [], 'upserted': [], 'writeConcernErrors': [], 'nRemoved': 0, 'nInserted': 1}
2017-11-03 19:47:25,694: rp.session.two.jdakka.017473.0005: task-manager                    : MainThread     : DEBUG   : bulk unit insert result: {'nModified': 0, 'nUpserted': 0, 'nMatched': 0, 'writeErrors': [], 'upserted': [], 'writeConcernErrors': [], 'nRemoved': 0, 'nInserted': 1}
2017-11-03 19:47:27,575: rp.session.two.jdakka.017473.0005: task-manager                    : MainThread     : DEBUG   : bulk unit insert result: {'nModified': 0, 'nUpserted': 0, 'nMatched': 0, 'writeErrors': [], 'upserted': [], 'writeConcernErrors': [], 'nRemoved': 0, 'nInserted': 1}
2017-11-03 19:47:27,690: rp.session.two.jdakka.017473.0005: task-manager                    : MainThread     : DEBUG   : bulk unit insert result: {'nModified': 0, 'nUpserted': 0, 'nMatched': 0, 'writeErrors': [], 'upserted': [], 'writeConcernErrors': [], 'nRemoved': 0, 'nInserted': 1}
2017-11-03 19:47:27,801: rp.session.two.jdakka.017473.0005: task-manager                    : MainThread     : DEBUG   : bulk unit insert result: {'nModified': 0, 'nUpserted': 0, 'nMatched': 0, 'writeErrors': [], 'upserted': [], 'writeConcernErrors': [], 'nRemoved': 0, 'nInserted': 1}
2017-11-03 19:47:27,907: rp.session.two.jdakka.017473.0005: task-manager                    : MainThread     : DEBUG   : bulk unit insert result: {'nModified': 0, 'nUpserted': 0, 'nMatched': 0, 'writeErrors': [], 'upserted': [], 'writeConcernErrors': [], 'nRemoved': 0, 'nInserted': 1}
2017-11-03 19:47:28,015: rp.session.two.jdakka.017473.0005: task-manager                    : MainThread     : DEBUG   : bulk unit insert result: {'nModified': 0, 'nUpserted': 0, 'nMatched': 0, 'writeErrors': [], 'upserted': [], 'writeConcernErrors': [], 'nRemoved': 0, 'nInserted': 1}
2017-11-03 19:47:28,129: rp.session.two.jdakka.017473.0005: task-manager                    : MainThread     : DEBUG   : bulk unit insert result: {'nModified': 0, 'nUpserted': 0, 'nMatched': 0, 'writeErrors': [], 'upserted': [], 'writeConcernErrors': [], 'nRemoved': 0, 'nInserted': 1}
2017-11-03 19:47:28,236: rp.session.two.jdakka.017473.0005: task-manager                    : MainThread     : DEBUG   : bulk unit insert result: {'nModified': 0, 'nUpserted': 0, 'nMatched': 0, 'writeErrors': [], 'upserted': [], 'writeConcernErrors': [], 'nRemoved': 0, 'nInserted': 1}
2017-11-03 19:47:28,344: rp.session.two.jdakka.017473.0005: task-manager                    : MainThread     : DEBUG   : bulk unit insert result: {'nModified': 0, 'nUpserted': 0, 'nMatched': 0, 'writeErrors': [], 'upserted': [], 'writeConcernErrors': [], 'nRemoved': 0, 'nInserted': 1}
2017-11-03 19:47:28,452: rp.session.two.jdakka.017473.0005: task-manager                    : MainThread     : DEBUG   : bulk unit insert result: {'nModified': 0, 'nUpserted': 0, 'nMatched': 0, 'writeErrors': [], 'upserted': [], 'writeConcernErrors': [], 'nRemoved': 0, 'nInserted': 1}
2017-11-03 19:47:28,593: rp.session.two.jdakka.017473.0005: task-manager                    : MainThread     : DEBUG   : bulk unit insert result: {'nModified': 0, 'nUpserted': 0, 'nMatched': 0, 'writeErrors': [], 'upserted': [], 'writeConcernErrors': [], 'nRemoved': 0, 'nInserted': 1}
2017-11-03 19:47:28,714: rp.session.two.jdakka.017473.0005: task-manager                    : MainThread     : DEBUG   : bulk unit insert result: {'nModified': 0, 'nUpserted': 0, 'nMatched': 0, 'writeErrors': [], 'upserted': [], 'writeConcernErrors': [], 'nRemoved': 0, 'nInserted': 1}
2017-11-03 19:47:28,836: rp.session.two.jdakka.017473.0005: task-manager                    : MainThread     : DEBUG   : bulk unit insert result: {'nModified': 0, 'nUpserted': 0, 'nMatched': 0, 'writeErrors': [], 'upserted': [], 'writeConcernErrors': [], 'nRemoved': 0, 'nInserted': 1}
2017-11-03 19:47:28,958: rp.session.two.jdakka.017473.0005: task-manager                    : MainThread     : DEBUG   : bulk unit insert result: {'nModified': 0, 'nUpserted': 0, 'nMatched': 0, 'writeErrors': [], 'upserted': [], 'writeConcernErrors': [], 'nRemoved': 0, 'nInserted': 1}
2017-11-03 19:47:29,070: rp.session.two.jdakka.017473.0005: task-manager                    : MainThread     : DEBUG   : bulk unit insert result: {'nModified': 0, 'nUpserted': 0, 'nMatched': 0, 'writeErrors': [], 'upserted': [], 'writeConcernErrors': [], 'nRemoved': 0, 'nInserted': 1}
2017-11-03 19:47:29,197: rp.session.two.jdakka.017473.0005: task-manager                    : MainThread     : DEBUG   : bulk unit insert result: {'nModified': 0, 'nUpserted': 0, 'nMatched': 0, 'writeErrors': [], 'upserted': [], 'writeConcernErrors': [], 'nRemoved': 0, 'nInserted': 1}
2017-11-03 19:47:29,307: rp.session.two.jdakka.017473.0005: task-manager                    : MainThread     : DEBUG   : bulk unit insert result: {'nModified': 0, 'nUpserted': 0, 'nMatched': 0, 'writeErrors': [], 'upserted': [], 'writeConcernErrors': [], 'nRemoved': 0, 'nInserted': 1}
2017-11-03 19:47:29,435: rp.session.two.jdakka.017473.0005: task-manager                    : MainThread     : DEBUG   : bulk unit insert result: {'nModified': 0, 'nUpserted': 0, 'nMatched': 0, 'writeErrors': [], 'upserted': [], 'writeConcernErrors': [], 'nRemoved': 0, 'nInserted': 1}
2017-11-03 19:47:29,550: rp.session.two.jdakka.017473.0005: task-manager                    : MainThread     : DEBUG   : bulk unit insert result: {'nModified': 0, 'nUpserted': 0, 'nMatched': 0, 'writeErrors': [], 'upserted': [], 'writeConcernErrors': [], 'nRemoved': 0, 'nInserted': 1}
2017-11-03 19:47:29,658: rp.session.two.jdakka.017473.0005: task-manager                    : MainThread     : DEBUG   : bulk unit insert result: {'nModified': 0, 'nUpserted': 0, 'nMatched': 0, 'writeErrors': [], 'upserted': [], 'writeConcernErrors': [], 'nRemoved': 0, 'nInserted': 1}
2017-11-03 19:47:29,771: rp.session.two.jdakka.017473.0005: task-manager                    : MainThread     : DEBUG   : bulk unit insert result: {'nModified': 0, 'nUpserted': 0, 'nMatched': 0, 'writeErrors': [], 'upserted': [], 'writeConcernErrors': [], 'nRemoved': 0, 'nInserted': 1}
2017-11-03 19:47:29,883: rp.session.two.jdakka.017473.0005: task-manager                    : MainThread     : DEBUG   : bulk unit insert result: {'nModified': 0, 'nUpserted': 0, 'nMatched': 0, 'writeErrors': [], 'upserted': [], 'writeConcernErrors': [], 'nRemoved': 0, 'nInserted': 1}
2017-11-03 19:47:29,989: rp.session.two.jdakka.017473.0005: task-manager                    : MainThread     : DEBUG   : bulk unit insert result: {'nModified': 0, 'nUpserted': 0, 'nMatched': 0, 'writeErrors': [], 'upserted': [], 'writeConcernErrors': [], 'nRemoved': 0, 'nInserted': 1}
2017-11-03 19:47:30,097: rp.session.two.jdakka.017473.0005: task-manager                    : MainThread     : DEBUG   : bulk unit insert result: {'nModified': 0, 'nUpserted': 0, 'nMatched': 0, 'writeErrors': [], 'upserted': [], 'writeConcernErrors': [], 'nRemoved': 0, 'nInserted': 1}
2017-11-03 19:47:30,238: rp.session.two.jdakka.017473.0005: task-manager                    : MainThread     : DEBUG   : bulk unit insert result: {'nModified': 0, 'nUpserted': 0, 'nMatched': 0, 'writeErrors': [], 'upserted': [], 'writeConcernErrors': [], 'nRemoved': 0, 'nInserted': 1}
2017-11-03 19:47:31,118: rp.session.two.jdakka.017473.0005: task-manager                    : MainThread     : DEBUG   : bulk unit insert result: {'nModified': 0, 'nUpserted': 0, 'nMatched': 0, 'writeErrors': [], 'upserted': [], 'writeConcernErrors': [], 'nRemoved': 0, 'nInserted': 1}
2017-11-03 19:47:31,227: rp.session.two.jdakka.017473.0005: task-manager                    : MainThread     : DEBUG   : bulk unit insert result: {'nModified': 0, 'nUpserted': 0, 'nMatched': 0, 'writeErrors': [], 'upserted': [], 'writeConcernErrors': [], 'nRemoved': 0, 'nInserted': 1}
2017-11-03 19:47:31,350: rp.session.two.jdakka.017473.0005: task-manager                    : MainThread     : DEBUG   : bulk unit insert result: {'nModified': 0, 'nUpserted': 0, 'nMatched': 0, 'writeErrors': [], 'upserted': [], 'writeConcernErrors': [], 'nRemoved': 0, 'nInserted': 1}
2017-11-03 19:47:31,474: rp.session.two.jdakka.017473.0005: task-manager                    : MainThread     : DEBUG   : bulk unit insert result: {'nModified': 0, 'nUpserted': 0, 'nMatched': 0, 'writeErrors': [], 'upserted': [], 'writeConcernErrors': [], 'nRemoved': 0, 'nInserted': 1}
2017-11-03 19:47:31,600: rp.session.two.jdakka.017473.0005: task-manager                    : MainThread     : DEBUG   : bulk unit insert result: {'nModified': 0, 'nUpserted': 0, 'nMatched': 0, 'writeErrors': [], 'upserted': [], 'writeConcernErrors': [], 'nRemoved': 0, 'nInserted': 1}
2017-11-03 19:47:31,723: rp.session.two.jdakka.017473.0005: task-manager                    : MainThread     : DEBUG   : bulk unit insert result: {'nModified': 0, 'nUpserted': 0, 'nMatched': 0, 'writeErrors': [], 'upserted': [], 'writeConcernErrors': [], 'nRemoved': 0, 'nInserted': 1}
2017-11-03 19:47:31,845: rp.session.two.jdakka.017473.0005: task-manager                    : MainThread     : DEBUG   : bulk unit insert result: {'nModified': 0, 'nUpserted': 0, 'nMatched': 0, 'writeErrors': [], 'upserted': [], 'writeConcernErrors': [], 'nRemoved': 0, 'nInserted': 1}
2017-11-03 19:47:31,970: rp.session.two.jdakka.017473.0005: task-manager                    : MainThread     : DEBUG   : bulk unit insert result: {'nModified': 0, 'nUpserted': 0, 'nMatched': 0, 'writeErrors': [], 'upserted': [], 'writeConcernErrors': [], 'nRemoved': 0, 'nInserted': 1}
2017-11-03 19:47:32,091: rp.session.two.jdakka.017473.0005: task-manager                    : MainThread     : DEBUG   : bulk unit insert result: {'nModified': 0, 'nUpserted': 0, 'nMatched': 0, 'writeErrors': [], 'upserted': [], 'writeConcernErrors': [], 'nRemoved': 0, 'nInserted': 1}
2017-11-03 19:47:32,215: rp.session.two.jdakka.017473.0005: task-manager                    : MainThread     : DEBUG   : bulk unit insert result: {'nModified': 0, 'nUpserted': 0, 'nMatched': 0, 'writeErrors': [], 'upserted': [], 'writeConcernErrors': [], 'nRemoved': 0, 'nInserted': 1}
2017-11-03 19:47:32,348: rp.session.two.jdakka.017473.0005: task-manager                    : MainThread     : DEBUG   : bulk unit insert result: {'nModified': 0, 'nUpserted': 0, 'nMatched': 0, 'writeErrors': [], 'upserted': [], 'writeConcernErrors': [], 'nRemoved': 0, 'nInserted': 1}
2017-11-03 19:47:32,488: rp.session.two.jdakka.017473.0005: task-manager                    : MainThread     : DEBUG   : bulk unit insert result: {'nModified': 0, 'nUpserted': 0, 'nMatched': 0, 'writeErrors': [], 'upserted': [], 'writeConcernErrors': [], 'nRemoved': 0, 'nInserted': 1}
2017-11-03 19:47:33,371: rp.session.two.jdakka.017473.0005: task-manager                    : MainThread     : DEBUG   : bulk unit insert result: {'nModified': 0, 'nUpserted': 0, 'nMatched': 0, 'writeErrors': [], 'upserted': [], 'writeConcernErrors': [], 'nRemoved': 0, 'nInserted': 1}
2017-11-03 19:47:33,488: rp.session.two.jdakka.017473.0005: task-manager                    : MainThread     : DEBUG   : bulk unit insert result: {'nModified': 0, 'nUpserted': 0, 'nMatched': 0, 'writeErrors': [], 'upserted': [], 'writeConcernErrors': [], 'nRemoved': 0, 'nInserted': 1}
2017-11-03 19:47:33,635: rp.session.two.jdakka.017473.0005: task-manager                    : MainThread     : DEBUG   : bulk unit insert result: {'nModified': 0, 'nUpserted': 0, 'nMatched': 0, 'writeErrors': [], 'upserted': [], 'writeConcernErrors': [], 'nRemoved': 0, 'nInserted': 1}
2017-11-03 19:47:33,758: rp.session.two.jdakka.017473.0005: task-manager                    : MainThread     : DEBUG   : bulk unit insert result: {'nModified': 0, 'nUpserted': 0, 'nMatched': 0, 'writeErrors': [], 'upserted': [], 'writeConcernErrors': [], 'nRemoved': 0, 'nInserted': 1}
2017-11-03 19:47:33,880: rp.session.two.jdakka.017473.0005: task-manager                    : MainThread     : DEBUG   : bulk unit insert result: {'nModified': 0, 'nUpserted': 0, 'nMatched': 0, 'writeErrors': [], 'upserted': [], 'writeConcernErrors': [], 'nRemoved': 0, 'nInserted': 1}
2017-11-03 19:47:34,003: rp.session.two.jdakka.017473.0005: task-manager                    : MainThread     : DEBUG   : bulk unit insert result: {'nModified': 0, 'nUpserted': 0, 'nMatched': 0, 'writeErrors': [], 'upserted': [], 'writeConcernErrors': [], 'nRemoved': 0, 'nInserted': 1}
2017-11-03 19:47:34,125: rp.session.two.jdakka.017473.0005: task-manager                    : MainThread     : DEBUG   : bulk unit insert result: {'nModified': 0, 'nUpserted': 0, 'nMatched': 0, 'writeErrors': [], 'upserted': [], 'writeConcernErrors': [], 'nRemoved': 0, 'nInserted': 1}
2017-11-03 19:47:34,247: rp.session.two.jdakka.017473.0005: task-manager                    : MainThread     : DEBUG   : bulk unit insert result: {'nModified': 0, 'nUpserted': 0, 'nMatched': 0, 'writeErrors': [], 'upserted': [], 'writeConcernErrors': [], 'nRemoved': 0, 'nInserted': 1}
2017-11-03 19:47:34,368: rp.session.two.jdakka.017473.0005: task-manager                    : MainThread     : DEBUG   : bulk unit insert result: {'nModified': 0, 'nUpserted': 0, 'nMatched': 0, 'writeErrors': [], 'upserted': [], 'writeConcernErrors': [], 'nRemoved': 0, 'nInserted': 1}
2017-11-03 19:47:34,489: rp.session.two.jdakka.017473.0005: task-manager                    : MainThread     : DEBUG   : bulk unit insert result: {'nModified': 0, 'nUpserted': 0, 'nMatched': 0, 'writeErrors': [], 'upserted': [], 'writeConcernErrors': [], 'nRemoved': 0, 'nInserted': 1}
2017-11-03 19:47:34,619: rp.session.two.jdakka.017473.0005: task-manager                    : MainThread     : DEBUG   : bulk unit insert result: {'nModified': 0, 'nUpserted': 0, 'nMatched': 0, 'writeErrors': [], 'upserted': [], 'writeConcernErrors': [], 'nRemoved': 0, 'nInserted': 1}
2017-11-03 19:47:34,743: rp.session.two.jdakka.017473.0005: task-manager                    : MainThread     : DEBUG   : bulk unit insert result: {'nModified': 0, 'nUpserted': 0, 'nMatched': 0, 'writeErrors': [], 'upserted': [], 'writeConcernErrors': [], 'nRemoved': 0, 'nInserted': 1}
2017-11-03 19:47:35,438: rp.session.two.jdakka.017473.0005: task-manager                    : MainThread     : DEBUG   : bulk unit insert result: {'nModified': 0, 'nUpserted': 0, 'nMatched': 0, 'writeErrors': [], 'upserted': [], 'writeConcernErrors': [], 'nRemoved': 0, 'nInserted': 1}
2017-11-03 19:47:35,571: rp.session.two.jdakka.017473.0005: task-manager                    : MainThread     : DEBUG   : bulk unit insert result: {'nModified': 0, 'nUpserted': 0, 'nMatched': 0, 'writeErrors': [], 'upserted': [], 'writeConcernErrors': [], 'nRemoved': 0, 'nInserted': 1}
2017-11-03 19:47:35,682: rp.session.two.jdakka.017473.0005: task-manager                    : MainThread     : DEBUG   : bulk unit insert result: {'nModified': 0, 'nUpserted': 0, 'nMatched': 0, 'writeErrors': [], 'upserted': [], 'writeConcernErrors': [], 'nRemoved': 0, 'nInserted': 1}
2017-11-03 19:47:35,790: rp.session.two.jdakka.017473.0005: task-manager                    : MainThread     : DEBUG   : bulk unit insert result: {'nModified': 0, 'nUpserted': 0, 'nMatched': 0, 'writeErrors': [], 'upserted': [], 'writeConcernErrors': [], 'nRemoved': 0, 'nInserted': 1}
2017-11-03 19:47:35,897: rp.session.two.jdakka.017473.0005: task-manager                    : MainThread     : DEBUG   : bulk unit insert result: {'nModified': 0, 'nUpserted': 0, 'nMatched': 0, 'writeErrors': [], 'upserted': [], 'writeConcernErrors': [], 'nRemoved': 0, 'nInserted': 1}
2017-11-03 19:47:36,003: rp.session.two.jdakka.017473.0005: task-manager                    : MainThread     : DEBUG   : bulk unit insert result: {'nModified': 0, 'nUpserted': 0, 'nMatched': 0, 'writeErrors': [], 'upserted': [], 'writeConcernErrors': [], 'nRemoved': 0, 'nInserted': 1}
2017-11-03 19:47:36,154: rp.session.two.jdakka.017473.0005: task-manager                    : MainThread     : DEBUG   : bulk unit insert result: {'nModified': 0, 'nUpserted': 0, 'nMatched': 0, 'writeErrors': [], 'upserted': [], 'writeConcernErrors': [], 'nRemoved': 0, 'nInserted': 1}
2017-11-03 19:47:37,744: rp.session.two.jdakka.017473.0005: task-manager                    : MainThread     : DEBUG   : bulk unit insert result: {'nModified': 0, 'nUpserted': 0, 'nMatched': 0, 'writeErrors': [], 'upserted': [], 'writeConcernErrors': [], 'nRemoved': 0, 'nInserted': 1}
2017-11-03 19:47:37,858: rp.session.two.jdakka.017473.0005: task-manager                    : MainThread     : DEBUG   : bulk unit insert result: {'nModified': 0, 'nUpserted': 0, 'nMatched': 0, 'writeErrors': [], 'upserted': [], 'writeConcernErrors': [], 'nRemoved': 0, 'nInserted': 1}
2017-11-03 19:47:37,971: rp.session.two.jdakka.017473.0005: task-manager                    : MainThread     : DEBUG   : bulk unit insert result: {'nModified': 0, 'nUpserted': 0, 'nMatched': 0, 'writeErrors': [], 'upserted': [], 'writeConcernErrors': [], 'nRemoved': 0, 'nInserted': 1}
2017-11-03 19:47:38,079: rp.session.two.jdakka.017473.0005: task-manager                    : MainThread     : DEBUG   : bulk unit insert result: {'nModified': 0, 'nUpserted': 0, 'nMatched': 0, 'writeErrors': [], 'upserted': [], 'writeConcernErrors': [], 'nRemoved': 0, 'nInserted': 1}
2017-11-03 19:47:38,186: rp.session.two.jdakka.017473.0005: task-manager                    : MainThread     : DEBUG   : bulk unit insert result: {'nModified': 0, 'nUpserted': 0, 'nMatched': 0, 'writeErrors': [], 'upserted': [], 'writeConcernErrors': [], 'nRemoved': 0, 'nInserted': 1}
2017-11-03 19:47:38,294: rp.session.two.jdakka.017473.0005: task-manager                    : MainThread     : DEBUG   : bulk unit insert result: {'nModified': 0, 'nUpserted': 0, 'nMatched': 0, 'writeErrors': [], 'upserted': [], 'writeConcernErrors': [], 'nRemoved': 0, 'nInserted': 1}
2017-11-03 19:47:38,418: rp.session.two.jdakka.017473.0005: task-manager                    : MainThread     : DEBUG   : bulk unit insert result: {'nModified': 0, 'nUpserted': 0, 'nMatched': 0, 'writeErrors': [], 'upserted': [], 'writeConcernErrors': [], 'nRemoved': 0, 'nInserted': 1}
2017-11-03 19:47:38,525: rp.session.two.jdakka.017473.0005: task-manager                    : MainThread     : DEBUG   : bulk unit insert result: {'nModified': 0, 'nUpserted': 0, 'nMatched': 0, 'writeErrors': [], 'upserted': [], 'writeConcernErrors': [], 'nRemoved': 0, 'nInserted': 1}
2017-11-03 19:47:38,631: rp.session.two.jdakka.017473.0005: task-manager                    : MainThread     : DEBUG   : bulk unit insert result: {'nModified': 0, 'nUpserted': 0, 'nMatched': 0, 'writeErrors': [], 'upserted': [], 'writeConcernErrors': [], 'nRemoved': 0, 'nInserted': 1}
2017-11-03 19:47:38,739: rp.session.two.jdakka.017473.0005: task-manager                    : MainThread     : DEBUG   : bulk unit insert result: {'nModified': 0, 'nUpserted': 0, 'nMatched': 0, 'writeErrors': [], 'upserted': [], 'writeConcernErrors': [], 'nRemoved': 0, 'nInserted': 1}
2017-11-03 19:47:38,896: rp.session.two.jdakka.017473.0005: task-manager                    : MainThread     : DEBUG   : bulk unit insert result: {'nModified': 0, 'nUpserted': 0, 'nMatched': 0, 'writeErrors': [], 'upserted': [], 'writeConcernErrors': [], 'nRemoved': 0, 'nInserted': 1}
2017-11-03 19:47:39,007: rp.session.two.jdakka.017473.0005: task-manager                    : MainThread     : DEBUG   : bulk unit insert result: {'nModified': 0, 'nUpserted': 0, 'nMatched': 0, 'writeErrors': [], 'upserted': [], 'writeConcernErrors': [], 'nRemoved': 0, 'nInserted': 1}
2017-11-03 19:47:39,155: rp.session.two.jdakka.017473.0005: task-manager                    : MainThread     : DEBUG   : bulk unit insert result: {'nModified': 0, 'nUpserted': 0, 'nMatched': 0, 'writeErrors': [], 'upserted': [], 'writeConcernErrors': [], 'nRemoved': 0, 'nInserted': 1}
2017-11-03 19:47:39,972: rp.session.two.jdakka.017473.0005: task-manager                    : MainThread     : DEBUG   : bulk unit insert result: {'nModified': 0, 'nUpserted': 0, 'nMatched': 0, 'writeErrors': [], 'upserted': [], 'writeConcernErrors': [], 'nRemoved': 0, 'nInserted': 1}
2017-11-03 19:47:40,089: rp.session.two.jdakka.017473.0005: task-manager                    : MainThread     : DEBUG   : bulk unit insert result: {'nModified': 0, 'nUpserted': 0, 'nMatched': 0, 'writeErrors': [], 'upserted': [], 'writeConcernErrors': [], 'nRemoved': 0, 'nInserted': 1}
2017-11-03 19:47:40,218: rp.session.two.jdakka.017473.0005: task-manager                    : MainThread     : DEBUG   : bulk unit insert result: {'nModified': 0, 'nUpserted': 0, 'nMatched': 0, 'writeErrors': [], 'upserted': [], 'writeConcernErrors': [], 'nRemoved': 0, 'nInserted': 1}
2017-11-03 19:47:40,340: rp.session.two.jdakka.017473.0005: task-manager                    : MainThread     : DEBUG   : bulk unit insert result: {'nModified': 0, 'nUpserted': 0, 'nMatched': 0, 'writeErrors': [], 'upserted': [], 'writeConcernErrors': [], 'nRemoved': 0, 'nInserted': 1}
2017-11-03 19:47:40,462: rp.session.two.jdakka.017473.0005: task-manager                    : MainThread     : DEBUG   : bulk unit insert result: {'nModified': 0, 'nUpserted': 0, 'nMatched': 0, 'writeErrors': [], 'upserted': [], 'writeConcernErrors': [], 'nRemoved': 0, 'nInserted': 1}
2017-11-03 19:47:40,585: rp.session.two.jdakka.017473.0005: task-manager                    : MainThread     : DEBUG   : bulk unit insert result: {'nModified': 0, 'nUpserted': 0, 'nMatched': 0, 'writeErrors': [], 'upserted': [], 'writeConcernErrors': [], 'nRemoved': 0, 'nInserted': 1}
2017-11-03 19:47:40,707: rp.session.two.jdakka.017473.0005: task-manager                    : MainThread     : DEBUG   : bulk unit insert result: {'nModified': 0, 'nUpserted': 0, 'nMatched': 0, 'writeErrors': [], 'upserted': [], 'writeConcernErrors': [], 'nRemoved': 0, 'nInserted': 1}
2017-11-03 19:47:40,829: rp.session.two.jdakka.017473.0005: task-manager                    : MainThread     : DEBUG   : bulk unit insert result: {'nModified': 0, 'nUpserted': 0, 'nMatched': 0, 'writeErrors': [], 'upserted': [], 'writeConcernErrors': [], 'nRemoved': 0, 'nInserted': 1}
2017-11-03 19:47:40,951: rp.session.two.jdakka.017473.0005: task-manager                    : MainThread     : DEBUG   : bulk unit insert result: {'nModified': 0, 'nUpserted': 0, 'nMatched': 0, 'writeErrors': [], 'upserted': [], 'writeConcernErrors': [], 'nRemoved': 0, 'nInserted': 1}
2017-11-03 19:47:42,274: rp.session.two.jdakka.017473.0005: task-manager                    : MainThread     : DEBUG   : bulk unit insert result: {'nModified': 0, 'nUpserted': 0, 'nMatched': 0, 'writeErrors': [], 'upserted': [], 'writeConcernErrors': [], 'nRemoved': 0, 'nInserted': 1}
2017-11-03 19:47:42,386: rp.session.two.jdakka.017473.0005: task-manager                    : MainThread     : DEBUG   : bulk unit insert result: {'nModified': 0, 'nUpserted': 0, 'nMatched': 0, 'writeErrors': [], 'upserted': [], 'writeConcernErrors': [], 'nRemoved': 0, 'nInserted': 1}
2017-11-03 19:47:42,497: rp.session.two.jdakka.017473.0005: task-manager                    : MainThread     : DEBUG   : bulk unit insert result: {'nModified': 0, 'nUpserted': 0, 'nMatched': 0, 'writeErrors': [], 'upserted': [], 'writeConcernErrors': [], 'nRemoved': 0, 'nInserted': 1}
2017-11-03 19:47:42,616: rp.session.two.jdakka.017473.0005: task-manager                    : MainThread     : DEBUG   : bulk unit insert result: {'nModified': 0, 'nUpserted': 0, 'nMatched': 0, 'writeErrors': [], 'upserted': [], 'writeConcernErrors': [], 'nRemoved': 0, 'nInserted': 1}
2017-11-03 19:47:42,723: rp.session.two.jdakka.017473.0005: task-manager                    : MainThread     : DEBUG   : bulk unit insert result: {'nModified': 0, 'nUpserted': 0, 'nMatched': 0, 'writeErrors': [], 'upserted': [], 'writeConcernErrors': [], 'nRemoved': 0, 'nInserted': 1}
2017-11-03 19:47:42,831: rp.session.two.jdakka.017473.0005: task-manager                    : MainThread     : DEBUG   : bulk unit insert result: {'nModified': 0, 'nUpserted': 0, 'nMatched': 0, 'writeErrors': [], 'upserted': [], 'writeConcernErrors': [], 'nRemoved': 0, 'nInserted': 1}
2017-11-03 19:47:42,940: rp.session.two.jdakka.017473.0005: task-manager                    : MainThread     : DEBUG   : bulk unit insert result: {'nModified': 0, 'nUpserted': 0, 'nMatched': 0, 'writeErrors': [], 'upserted': [], 'writeConcernErrors': [], 'nRemoved': 0, 'nInserted': 1}
2017-11-03 19:47:43,048: rp.session.two.jdakka.017473.0005: task-manager                    : MainThread     : DEBUG   : bulk unit insert result: {'nModified': 0, 'nUpserted': 0, 'nMatched': 0, 'writeErrors': [], 'upserted': [], 'writeConcernErrors': [], 'nRemoved': 0, 'nInserted': 1}
2017-11-03 19:47:43,157: rp.session.two.jdakka.017473.0005: task-manager                    : MainThread     : DEBUG   : bulk unit insert result: {'nModified': 0, 'nUpserted': 0, 'nMatched': 0, 'writeErrors': [], 'upserted': [], 'writeConcernErrors': [], 'nRemoved': 0, 'nInserted': 1}
2017-11-03 19:47:43,291: rp.session.two.jdakka.017473.0005: task-manager                    : MainThread     : DEBUG   : bulk unit insert result: {'nModified': 0, 'nUpserted': 0, 'nMatched': 0, 'writeErrors': [], 'upserted': [], 'writeConcernErrors': [], 'nRemoved': 0, 'nInserted': 1}
2017-11-03 19:47:43,419: rp.session.two.jdakka.017473.0005: task-manager                    : MainThread     : DEBUG   : bulk unit insert result: {'nModified': 0, 'nUpserted': 0, 'nMatched': 0, 'writeErrors': [], 'upserted': [], 'writeConcernErrors': [], 'nRemoved': 0, 'nInserted': 1}
2017-11-03 19:47:43,527: rp.session.two.jdakka.017473.0005: task-manager                    : MainThread     : DEBUG   : bulk unit insert result: {'nModified': 0, 'nUpserted': 0, 'nMatched': 0, 'writeErrors': [], 'upserted': [], 'writeConcernErrors': [], 'nRemoved': 0, 'nInserted': 1}
2017-11-03 19:47:43,634: rp.session.two.jdakka.017473.0005: task-manager                    : MainThread     : DEBUG   : bulk unit insert result: {'nModified': 0, 'nUpserted': 0, 'nMatched': 0, 'writeErrors': [], 'upserted': [], 'writeConcernErrors': [], 'nRemoved': 0, 'nInserted': 1}
2017-11-03 19:47:43,742: rp.session.two.jdakka.017473.0005: task-manager                    : MainThread     : DEBUG   : bulk unit insert result: {'nModified': 0, 'nUpserted': 0, 'nMatched': 0, 'writeErrors': [], 'upserted': [], 'writeConcernErrors': [], 'nRemoved': 0, 'nInserted': 1}
2017-11-03 19:47:44,445: rp.session.two.jdakka.017473.0005: task-manager                    : MainThread     : DEBUG   : bulk unit insert result: {'nModified': 0, 'nUpserted': 0, 'nMatched': 0, 'writeErrors': [], 'upserted': [], 'writeConcernErrors': [], 'nRemoved': 0, 'nInserted': 1}
2017-11-03 19:47:44,568: rp.session.two.jdakka.017473.0005: task-manager                    : MainThread     : DEBUG   : bulk unit insert result: {'nModified': 0, 'nUpserted': 0, 'nMatched': 0, 'writeErrors': [], 'upserted': [], 'writeConcernErrors': [], 'nRemoved': 0, 'nInserted': 1}
2017-11-03 19:47:44,719: rp.session.two.jdakka.017473.0005: task-manager                    : MainThread     : DEBUG   : bulk unit insert result: {'nModified': 0, 'nUpserted': 0, 'nMatched': 0, 'writeErrors': [], 'upserted': [], 'writeConcernErrors': [], 'nRemoved': 0, 'nInserted': 1}
2017-11-03 19:47:44,842: rp.session.two.jdakka.017473.0005: task-manager                    : MainThread     : DEBUG   : bulk unit insert result: {'nModified': 0, 'nUpserted': 0, 'nMatched': 0, 'writeErrors': [], 'upserted': [], 'writeConcernErrors': [], 'nRemoved': 0, 'nInserted': 1}
2017-11-03 19:47:44,964: rp.session.two.jdakka.017473.0005: task-manager                    : MainThread     : DEBUG   : bulk unit insert result: {'nModified': 0, 'nUpserted': 0, 'nMatched': 0, 'writeErrors': [], 'upserted': [], 'writeConcernErrors': [], 'nRemoved': 0, 'nInserted': 1}
2017-11-03 19:47:48,664: rp.session.two.jdakka.017473.0005: task-manager                    : MainThread     : DEBUG   : bulk unit insert result: {'nModified': 0, 'nUpserted': 0, 'nMatched': 0, 'writeErrors': [], 'upserted': [], 'writeConcernErrors': [], 'nRemoved': 0, 'nInserted': 1}
2017-11-03 19:47:48,790: rp.session.two.jdakka.017473.0005: task-manager                    : MainThread     : DEBUG   : bulk unit insert result: {'nModified': 0, 'nUpserted': 0, 'nMatched': 0, 'writeErrors': [], 'upserted': [], 'writeConcernErrors': [], 'nRemoved': 0, 'nInserted': 1}
2017-11-03 19:47:48,915: rp.session.two.jdakka.017473.0005: task-manager                    : MainThread     : DEBUG   : bulk unit insert result: {'nModified': 0, 'nUpserted': 0, 'nMatched': 0, 'writeErrors': [], 'upserted': [], 'writeConcernErrors': [], 'nRemoved': 0, 'nInserted': 1}
2017-11-03 19:47:49,024: rp.session.two.jdakka.017473.0005: task-manager                    : MainThread     : DEBUG   : bulk unit insert result: {'nModified': 0, 'nUpserted': 0, 'nMatched': 0, 'writeErrors': [], 'upserted': [], 'writeConcernErrors': [], 'nRemoved': 0, 'nInserted': 1}
2017-11-03 19:47:50,523: rp.session.two.jdakka.017473.0005: task-manager                    : MainThread     : DEBUG   : bulk unit insert result: {'nModified': 0, 'nUpserted': 0, 'nMatched': 0, 'writeErrors': [], 'upserted': [], 'writeConcernErrors': [], 'nRemoved': 0, 'nInserted': 1}
2017-11-03 19:47:50,639: rp.session.two.jdakka.017473.0005: task-manager                    : MainThread     : DEBUG   : bulk unit insert result: {'nModified': 0, 'nUpserted': 0, 'nMatched': 0, 'writeErrors': [], 'upserted': [], 'writeConcernErrors': [], 'nRemoved': 0, 'nInserted': 1}
2017-11-03 19:47:52,720: rp.session.two.jdakka.017473.0005: task-manager                    : MainThread     : DEBUG   : bulk unit insert result: {'nModified': 0, 'nUpserted': 0, 'nMatched': 0, 'writeErrors': [], 'upserted': [], 'writeConcernErrors': [], 'nRemoved': 0, 'nInserted': 1}
2017-11-03 19:47:55,077: rp.session.two.jdakka.017473.0005: task-manager                    : MainThread     : DEBUG   : bulk unit insert result: {'nModified': 0, 'nUpserted': 0, 'nMatched': 0, 'writeErrors': [], 'upserted': [], 'writeConcernErrors': [], 'nRemoved': 0, 'nInserted': 1}
2017-11-03 19:47:55,219: rp.session.two.jdakka.017473.0005: task-manager                    : MainThread     : DEBUG   : bulk unit insert result: {'nModified': 0, 'nUpserted': 0, 'nMatched': 0, 'writeErrors': [], 'upserted': [], 'writeConcernErrors': [], 'nRemoved': 0, 'nInserted': 1}
2017-11-03 19:47:55,332: rp.session.two.jdakka.017473.0005: task-manager                    : MainThread     : DEBUG   : bulk unit insert result: {'nModified': 0, 'nUpserted': 0, 'nMatched': 0, 'writeErrors': [], 'upserted': [], 'writeConcernErrors': [], 'nRemoved': 0, 'nInserted': 1}
2017-11-03 19:47:55,464: rp.session.two.jdakka.017473.0005: task-manager                    : MainThread     : DEBUG   : bulk unit insert result: {'nModified': 0, 'nUpserted': 0, 'nMatched': 0, 'writeErrors': [], 'upserted': [], 'writeConcernErrors': [], 'nRemoved': 0, 'nInserted': 1}
2017-11-03 19:48:33,981: rp.session.two.jdakka.017473.0005: MainProcess                     : MainThread     : DEBUG   : session rp.session.two.jdakka.017473.0005 closing
2017-11-03 19:48:33,982: rp.session.two.jdakka.017473.0005: MainProcess                     : MainThread     : DEBUG   : session rp.session.two.jdakka.017473.0005 closes pmgr   pmgr.0000
2017-11-03 19:48:37,045: rp.session.two.jdakka.017473.0005: MainProcess                     : MainThread     : DEBUG   : session rp.session.two.jdakka.017473.0005 closed pmgr   pmgr.0000
2017-11-03 19:48:37,045: rp.session.two.jdakka.017473.0005: MainProcess                     : MainThread     : DEBUG   : session rp.session.two.jdakka.017473.0005 closes comp   update.0
2017-11-03 19:48:37,045: rp.session.two.jdakka.017473.0005: MainProcess                     : MainThread     : DEBUG   :  === update.0 stop called
2017-11-03 19:48:37,173: rp.session.two.jdakka.017473.0005: update.0                        : MainThread     : DEBUG   :  === update.0.child stop called
2017-11-03 19:48:37,371: rp.session.two.jdakka.017473.0005: update.0                        : MainThread     : DEBUG   :  === update.0.child stop called
2017-11-03 19:48:37,380: rp.session.two.jdakka.017473.0005: MainProcess                     : MainThread     : DEBUG   : session rp.session.two.jdakka.017473.0005 closed comp   update.0
2017-11-03 19:48:37,381: rp.session.two.jdakka.017473.0005: MainProcess                     : MainThread     : DEBUG   : session rp.session.two.jdakka.017473.0005 closes bridge control.pubsub.bridge.0000
2017-11-03 19:48:38,381: rp.session.two.jdakka.017473.0005: MainProcess                     : MainThread     : DEBUG   : session rp.session.two.jdakka.017473.0005 closed bridge control.pubsub.bridge.0000
2017-11-03 19:48:38,381: rp.session.two.jdakka.017473.0005: MainProcess                     : MainThread     : DEBUG   : session rp.session.two.jdakka.017473.0005 closes bridge state.pubsub.bridge.0000
2017-11-03 19:48:39,414: rp.session.two.jdakka.017473.0005: MainProcess                     : MainThread     : DEBUG   : session rp.session.two.jdakka.017473.0005 closed bridge state.pubsub.bridge.0000
2017-11-03 19:48:39,415: rp.session.two.jdakka.017473.0005: MainProcess                     : MainThread     : DEBUG   : session rp.session.two.jdakka.017473.0005 closes bridge log.pubsub.bridge.0000
2017-11-03 19:48:40,214: rp.session.two.jdakka.017473.0005: MainProcess                     : MainThread     : DEBUG   : session rp.session.two.jdakka.017473.0005 closed bridge log.pubsub.bridge.0000
2017-11-03 19:48:40,215: rp.session.two.jdakka.017473.0005: MainProcess                     : MainThread     : DEBUG   : session rp.session.two.jdakka.017473.0005 closes db (False)
2017-11-03 19:48:40,215: rp.session.two.jdakka.017473.0005: MainProcess                     : MainThread     : DEBUG   : session rp.session.two.jdakka.017473.0005 closed (delete=False)
2017-11-03 19:48:40,333: rp.session.two.jdakka.017473.0005: MainProcess                     : MainThread     : DEBUG   :  === update.0 stop called
