2017-11-03 19:47:00,540: state.pubsub.pub.0004: umgr.0000.staging.output.0      : MainThread     : INFO    : python.interpreter   version: 2.7.12 (default, Nov 19 2016, 06:48:10) [GCC 5.4.0 20160609]
2017-11-03 19:47:00,540: state.pubsub.pub.0004: umgr.0000.staging.output.0      : MainThread     : INFO    :                      pid: 1950
2017-11-03 19:47:00,541: state.pubsub.pub.0004: umgr.0000.staging.output.0      : MainThread     : INFO    :                      tid: MainThread
2017-11-03 19:47:00,541: state.pubsub.pub.0004: umgr.0000.staging.output.0      : MainThread     : INFO    : radical.pilot        version: 0.47-v0.46.2-181-g138b1e15@HEAD-detached-at-origin-rc-v0.46.3
2017-11-03 19:47:00,541: state.pubsub.pub.0004: umgr.0000.staging.output.0      : MainThread     : INFO    : create state_pubsub - pub - tcp://138.201.86.166:39518
2017-11-03 19:47:00,541: state.pubsub.pub.0004: umgr.0000.staging.output.0      : MainThread     : DEBUG   : start process
2017-11-03 19:47:00,541: state.pubsub.pub.0004: umgr.0000.staging.output.0      : MainThread     : DEBUG   : ru_initialize_common (NOOP)
2017-11-03 19:47:00,541: state.pubsub.pub.0004: umgr.0000.staging.output.0      : MainThread     : DEBUG   : ru_initialize_parent (NOOP)
2017-11-03 19:47:00,541: state.pubsub.pub.0004: umgr.0000.staging.output.0      : MainThread     : DEBUG   : process class started (no child)
2017-11-03 19:47:00,567: state.pubsub.pub.0004: task-manager                    : MainThread     : INFO    : python.interpreter   version: 2.7.12 (default, Nov 19 2016, 06:48:10) [GCC 5.4.0 20160609]
2017-11-03 19:47:00,567: state.pubsub.pub.0004: task-manager                    : MainThread     : INFO    :                      pid: 1881
2017-11-03 19:47:00,567: state.pubsub.pub.0004: task-manager                    : MainThread     : INFO    :                      tid: MainThread
2017-11-03 19:47:00,567: state.pubsub.pub.0004: task-manager                    : MainThread     : INFO    : radical.pilot        version: 0.47-v0.46.2-181-g138b1e15@HEAD-detached-at-origin-rc-v0.46.3
2017-11-03 19:47:00,567: state.pubsub.pub.0004: task-manager                    : MainThread     : INFO    : create state_pubsub - pub - tcp://138.201.86.166:39518
2017-11-03 19:47:00,568: state.pubsub.pub.0004: task-manager                    : MainThread     : DEBUG   : start process
2017-11-03 19:47:00,568: state.pubsub.pub.0004: task-manager                    : MainThread     : DEBUG   : ru_initialize_common (NOOP)
2017-11-03 19:47:00,568: state.pubsub.pub.0004: task-manager                    : MainThread     : DEBUG   : ru_initialize_parent (NOOP)
2017-11-03 19:47:00,568: state.pubsub.pub.0004: task-manager                    : MainThread     : DEBUG   : process class started (no child)
2017-11-03 19:48:25,163: state.pubsub.pub.0004: umgr.0000.staging.output.0      : MainThread     : INFO    : parent stops child  1950 -> None [state.pubsub.pub.0004]
2017-11-03 19:48:25,163: state.pubsub.pub.0004: umgr.0000.staging.output.0      : MainThread     : DEBUG   : ru_finalize_parent (NOOP)
