2017-09-12 22:25:54,053: pmgr.launching.queue.bridge.0000: MainProcess                     : MainThread     : INFO    : python.interpreter   version: 2.7.12 (default, Nov 19 2016, 06:48:10) [GCC 5.4.0 20160609]
2017-09-12 22:25:54,053: pmgr.launching.queue.bridge.0000: MainProcess                     : MainThread     : INFO    :                      pid: 25045
2017-09-12 22:25:54,053: pmgr.launching.queue.bridge.0000: MainProcess                     : MainThread     : INFO    :                      tid: MainThread
2017-09-12 22:25:54,053: pmgr.launching.queue.bridge.0000: MainProcess                     : MainThread     : INFO    : radical.pilot        version: 0.47-v0.46.2-4-g7e7e2855@devel
2017-09-12 22:25:54,054: pmgr.launching.queue.bridge.0000: MainProcess                     : MainThread     : INFO    : create pmgr_launching_queue - bridge - tcp://*:*
2017-09-12 22:25:54,054: pmgr.launching.queue.bridge.0000: MainProcess                     : MainThread     : DEBUG   : start process
2017-09-12 22:25:54,057: pmgr.launching.queue.bridge.0000: pmgr.launching.queue.bridge.0000: MainThread     : DEBUG   : ru_initialize_common (NOOP)
2017-09-12 22:25:54,059: pmgr.launching.queue.bridge.0000: pmgr.launching.queue.bridge.0000.child: MainThread     : INFO    : child (me) initializing
2017-09-12 22:25:54,059: pmgr.launching.queue.bridge.0000: pmgr.launching.queue.bridge.0000.child: MainThread     : DEBUG   : parent name: pmgr.launching.queue.bridge.0000.child.watch
2017-09-12 22:25:54,059: pmgr.launching.queue.bridge.0000: pmgr.launching.queue.bridge.0000.child: MainThread     : DEBUG   : start thread
2017-09-12 22:25:54,059: pmgr.launching.queue.bridge.0000: pmgr.launching.queue.bridge.0000.child: pmgr.launching.queue.bridge.0000.child.watch: DEBUG   : child name: pmgr.launching.queue.bridge.0000.child.watch.thread
2017-09-12 22:25:54,059: pmgr.launching.queue.bridge.0000: pmgr.launching.queue.bridge.0000.child: pmgr.launching.queue.bridge.0000.child.watch: INFO    : child (me) initializing
2017-09-12 22:25:54,059: pmgr.launching.queue.bridge.0000: pmgr.launching.queue.bridge.0000.child: pmgr.launching.queue.bridge.0000.child.watch: DEBUG   : ru_initialize_common (NOOP)
2017-09-12 22:25:54,059: pmgr.launching.queue.bridge.0000: pmgr.launching.queue.bridge.0000.child: pmgr.launching.queue.bridge.0000.child.watch: DEBUG   : ru_initialize_child (NOOP)
2017-09-12 22:25:54,059: pmgr.launching.queue.bridge.0000: pmgr.launching.queue.bridge.0000.child: pmgr.launching.queue.bridge.0000.child.watch: INFO    : send alive
2017-09-12 22:25:54,059: pmgr.launching.queue.bridge.0000: pmgr.launching.queue.bridge.0000.child: pmgr.launching.queue.bridge.0000.child.watch: INFO    : put message: [pmgr.launching.queue.bridge.0000.child.watch.thread] alive
2017-09-12 22:25:54,059: pmgr.launching.queue.bridge.0000: pmgr.launching.queue.bridge.0000.child: MainThread     : INFO    : get msg: alive
2017-09-12 22:25:54,059: pmgr.launching.queue.bridge.0000: pmgr.launching.queue.bridge.0000.child: MainThread     : DEBUG   : ru_initialize_common (NOOP)
2017-09-12 22:25:54,059: pmgr.launching.queue.bridge.0000: pmgr.launching.queue.bridge.0000.child: MainThread     : DEBUG   : ru_initialize_parent (NOOP)
2017-09-12 22:25:54,060: pmgr.launching.queue.bridge.0000: pmgr.launching.queue.bridge.0000.child: MainThread     : DEBUG   : child thread pmgr.launching.queue.bridge.0000.child.watch started
2017-09-12 22:25:54,060: pmgr.launching.queue.bridge.0000: pmgr.launching.queue.bridge.0000.child: MainThread     : INFO    : child (me) is alive
2017-09-12 22:25:54,060: pmgr.launching.queue.bridge.0000: pmgr.launching.queue.bridge.0000.child: MainThread     : INFO    : send alive
2017-09-12 22:25:54,060: pmgr.launching.queue.bridge.0000: pmgr.launching.queue.bridge.0000.child: MainThread     : INFO    : send message: [pmgr.launching.queue.bridge.0000.child] alive
2017-09-12 22:25:54,060: pmgr.launching.queue.bridge.0000: MainProcess                     : MainThread     : INFO    : recv message: alive
2017-09-12 22:25:54,060: pmgr.launching.queue.bridge.0000: MainProcess                     : MainThread     : DEBUG   : ru_initialize_common (NOOP)
2017-09-12 22:25:54,060: pmgr.launching.queue.bridge.0000: MainProcess                     : MainThread     : DEBUG   : ru_initialize_parent (NOOP)
2017-09-12 22:25:54,060: pmgr.launching.queue.bridge.0000: MainProcess                     : MainThread     : DEBUG   : parent name: pmgr.launching.queue.bridge.0000.watch
2017-09-12 22:25:54,060: pmgr.launching.queue.bridge.0000: MainProcess                     : MainThread     : DEBUG   : start thread
2017-09-12 22:25:54,060: pmgr.launching.queue.bridge.0000: MainProcess                     : pmgr.launching.queue.bridge.0000.watch: DEBUG   : child name: pmgr.launching.queue.bridge.0000.watch.thread
2017-09-12 22:25:54,061: pmgr.launching.queue.bridge.0000: MainProcess                     : pmgr.launching.queue.bridge.0000.watch: INFO    : child (me) initializing
2017-09-12 22:25:54,061: pmgr.launching.queue.bridge.0000: MainProcess                     : pmgr.launching.queue.bridge.0000.watch: DEBUG   : ru_initialize_common (NOOP)
2017-09-12 22:25:54,061: pmgr.launching.queue.bridge.0000: MainProcess                     : pmgr.launching.queue.bridge.0000.watch: DEBUG   : ru_initialize_child (NOOP)
2017-09-12 22:25:54,061: pmgr.launching.queue.bridge.0000: MainProcess                     : pmgr.launching.queue.bridge.0000.watch: INFO    : send alive
2017-09-12 22:25:54,061: pmgr.launching.queue.bridge.0000: MainProcess                     : pmgr.launching.queue.bridge.0000.watch: INFO    : put message: [pmgr.launching.queue.bridge.0000.watch.thread] alive
2017-09-12 22:25:54,062: pmgr.launching.queue.bridge.0000: MainProcess                     : MainThread     : INFO    : get msg: alive
2017-09-12 22:25:54,062: pmgr.launching.queue.bridge.0000: MainProcess                     : MainThread     : DEBUG   : ru_initialize_common (NOOP)
2017-09-12 22:25:54,062: pmgr.launching.queue.bridge.0000: MainProcess                     : MainThread     : DEBUG   : ru_initialize_parent (NOOP)
2017-09-12 22:25:54,062: pmgr.launching.queue.bridge.0000: MainProcess                     : MainThread     : DEBUG   : child thread pmgr.launching.queue.bridge.0000.watch started
2017-09-12 22:25:54,062: pmgr.launching.queue.bridge.0000: MainProcess                     : MainThread     : INFO    : child is alive
2017-09-12 22:25:54,062: pmgr.launching.queue.bridge.0000: MainProcess                     : MainThread     : DEBUG   : process class started child
2017-09-13 08:18:14,208: pmgr.launching.queue.bridge.0000: MainProcess                     : MainThread     : INFO    : parent stops child
2017-09-13 08:18:14,208: pmgr.launching.queue.bridge.0000: MainProcess                     : MainThread     : DEBUG   : ru_finalize_parent (NOOP)
2017-09-13 08:18:14,209: pmgr.launching.queue.bridge.0000: MainProcess                     : MainThread     : INFO    : parent stops child
2017-09-13 08:18:14,209: pmgr.launching.queue.bridge.0000: MainProcess                     : MainThread     : DEBUG   : ru_finalize_parent (NOOP)
2017-09-13 08:18:14,209: pmgr.launching.queue.bridge.0000: MainProcess                     : MainThread     : DEBUG   : ru_finalize_common (NOOP)
2017-09-13 08:18:14,292: pmgr.launching.queue.bridge.0000: MainProcess                     : pmgr.launching.queue.bridge.0000.watch: INFO    : watcher closes
2017-09-13 08:18:14,292: pmgr.launching.queue.bridge.0000: MainProcess                     : pmgr.launching.queue.bridge.0000.watch: INFO    : put message: [pmgr.launching.queue.bridge.0000.watch.thread] work finished
2017-09-13 08:18:14,292: pmgr.launching.queue.bridge.0000: MainProcess                     : pmgr.launching.queue.bridge.0000.watch: DEBUG   : ru_finalize_child (NOOP)
2017-09-13 08:18:14,293: pmgr.launching.queue.bridge.0000: MainProcess                     : pmgr.launching.queue.bridge.0000.watch: DEBUG   : ru_finalize_common (NOOP)
2017-09-13 08:18:14,293: pmgr.launching.queue.bridge.0000: MainProcess                     : pmgr.launching.queue.bridge.0000.watch: INFO    : put message: [pmgr.launching.queue.bridge.0000.watch.thread] terminating
2017-09-13 08:18:14,424: pmgr.launching.queue.bridge.0000: MainProcess                     : MainThread     : WARNING : failed to stop child - terminate
