2017-10-23 05:59:59,185: control.pubsub.pub.0000: update.0                        : MainThread     : INFO    : python.interpreter   version: 2.7.12 (default, Nov 19 2016, 06:48:10) [GCC 5.4.0 20160609]
2017-10-23 05:59:59,185: control.pubsub.pub.0000: update.0                        : MainThread     : INFO    :                      pid: 27492
2017-10-23 05:59:59,185: control.pubsub.pub.0000: update.0                        : MainThread     : INFO    :                      tid: MainThread
2017-10-23 05:59:59,185: control.pubsub.pub.0000: update.0                        : MainThread     : INFO    : radical.pilot        version: 0.47-v0.46.2-93-g379bd68d@feature-gpu
2017-10-23 05:59:59,185: control.pubsub.pub.0000: update.0                        : MainThread     : INFO    : create control_pubsub - pub - tcp://138.201.86.166:38799
2017-10-23 05:59:59,198: control.pubsub.pub.0000: update.0                        : MainThread     : DEBUG   : start process
2017-10-23 05:59:59,199: control.pubsub.pub.0000: update.0                        : MainThread     : DEBUG   : ru_initialize_common (NOOP)
2017-10-23 05:59:59,199: control.pubsub.pub.0000: update.0                        : MainThread     : DEBUG   : ru_initialize_parent (NOOP)
2017-10-23 05:59:59,199: control.pubsub.pub.0000: update.0                        : MainThread     : DEBUG   : process class started (no child)
2017-10-23 05:59:59,755: control.pubsub.pub.0000: MainProcess                     : MainThread     : INFO    : python.interpreter   version: 2.7.12 (default, Nov 19 2016, 06:48:10) [GCC 5.4.0 20160609]
2017-10-23 05:59:59,755: control.pubsub.pub.0000: MainProcess                     : MainThread     : INFO    :                      pid: 27432
2017-10-23 05:59:59,755: control.pubsub.pub.0000: MainProcess                     : MainThread     : INFO    :                      tid: MainThread
2017-10-23 05:59:59,756: control.pubsub.pub.0000: MainProcess                     : MainThread     : INFO    : radical.pilot        version: 0.47-v0.46.2-93-g379bd68d@feature-gpu
2017-10-23 05:59:59,756: control.pubsub.pub.0000: MainProcess                     : MainThread     : INFO    : create control_pubsub - pub - tcp://138.201.86.166:38799
2017-10-23 05:59:59,757: control.pubsub.pub.0000: MainProcess                     : MainThread     : DEBUG   : start process
2017-10-23 05:59:59,757: control.pubsub.pub.0000: MainProcess                     : MainThread     : DEBUG   : ru_initialize_common (NOOP)
2017-10-23 05:59:59,757: control.pubsub.pub.0000: MainProcess                     : MainThread     : DEBUG   : ru_initialize_parent (NOOP)
2017-10-23 05:59:59,757: control.pubsub.pub.0000: MainProcess                     : MainThread     : DEBUG   : process class started (no child)
2017-10-23 06:51:49,803: control.pubsub.pub.0000: MainProcess                     : MainThread     : INFO    : parent stops child
2017-10-23 06:51:49,804: control.pubsub.pub.0000: MainProcess                     : MainThread     : DEBUG   : ru_finalize_parent (NOOP)
2017-10-23 06:51:50,113: control.pubsub.pub.0000: update.0                        : MainThread     : INFO    : parent stops child
2017-10-23 06:51:50,113: control.pubsub.pub.0000: update.0                        : MainThread     : DEBUG   : ru_finalize_parent (NOOP)
