2017-10-23 05:59:57,984: rp.session.two.jdakka.017462.0000: MainProcess                     : MainThread     : INFO    : python.interpreter   version: 2.7.12 (default, Nov 19 2016, 06:48:10) [GCC 5.4.0 20160609]
2017-10-23 05:59:57,984: rp.session.two.jdakka.017462.0000: MainProcess                     : MainThread     : INFO    :                      pid: 27432
2017-10-23 05:59:57,984: rp.session.two.jdakka.017462.0000: MainProcess                     : MainThread     : INFO    :                      tid: MainThread
2017-10-23 05:59:57,984: rp.session.two.jdakka.017462.0000: MainProcess                     : MainThread     : INFO    : radical.pilot        version: 0.47-v0.46.2-93-g379bd68d@feature-gpu
2017-10-23 05:59:57,984: rp.session.two.jdakka.017462.0000: MainProcess                     : MainThread     : INFO    : using database mongodb://jdakka:jdakka@ds029605.mlab.com:29605/radical-testing
2017-10-23 05:59:57,989: rp.session.two.jdakka.017462.0000: MainProcess                     : MainThread     : INFO    : Load resource configurations from /home/jdakka/UCL/gpu_branch_env/venv/local/lib/python2.7/site-packages/radical/pilot/configs/resource_fub.json
2017-10-23 05:59:57,990: rp.session.two.jdakka.017462.0000: MainProcess                     : MainThread     : INFO    : Load resource configurations for fub.allegro_rsh
2017-10-23 05:59:57,990: rp.session.two.jdakka.017462.0000: MainProcess                     : MainThread     : DEBUG   : read rcfg for fub.allegro_rsh (None)
2017-10-23 05:59:57,990: rp.session.two.jdakka.017462.0000: MainProcess                     : MainThread     : INFO    : Load resource configurations from /home/jdakka/UCL/gpu_branch_env/venv/local/lib/python2.7/site-packages/radical/pilot/configs/resource_yale.json
2017-10-23 05:59:57,991: rp.session.two.jdakka.017462.0000: MainProcess                     : MainThread     : INFO    : Load resource configurations for yale.grace_ssh
2017-10-23 05:59:57,991: rp.session.two.jdakka.017462.0000: MainProcess                     : MainThread     : DEBUG   : read rcfg for yale.grace_ssh (None)
2017-10-23 05:59:57,991: rp.session.two.jdakka.017462.0000: MainProcess                     : MainThread     : INFO    : Load resource configurations from /home/jdakka/UCL/gpu_branch_env/venv/local/lib/python2.7/site-packages/radical/pilot/configs/resource_stfc.json
2017-10-23 05:59:57,992: rp.session.two.jdakka.017462.0000: MainProcess                     : MainThread     : INFO    : Load resource configurations for stfc.joule_runjob
2017-10-23 05:59:57,992: rp.session.two.jdakka.017462.0000: MainProcess                     : MainThread     : DEBUG   : read rcfg for stfc.joule_runjob (None)
2017-10-23 05:59:57,992: rp.session.two.jdakka.017462.0000: MainProcess                     : MainThread     : INFO    : Load resource configurations from /home/jdakka/UCL/gpu_branch_env/venv/local/lib/python2.7/site-packages/radical/pilot/configs/resource_osg.json
2017-10-23 05:59:57,994: rp.session.two.jdakka.017462.0000: MainProcess                     : MainThread     : INFO    : Load resource configurations for osg.xsede-virt-clust
2017-10-23 05:59:57,994: rp.session.two.jdakka.017462.0000: MainProcess                     : MainThread     : DEBUG   : read rcfg for osg.xsede-virt-clust (None)
2017-10-23 05:59:57,994: rp.session.two.jdakka.017462.0000: MainProcess                     : MainThread     : INFO    : Load resource configurations for osg.connect
2017-10-23 05:59:57,994: rp.session.two.jdakka.017462.0000: MainProcess                     : MainThread     : DEBUG   : read rcfg for osg.connect (None)
2017-10-23 05:59:57,994: rp.session.two.jdakka.017462.0000: MainProcess                     : MainThread     : INFO    : Load resource configurations from /home/jdakka/UCL/gpu_branch_env/venv/local/lib/python2.7/site-packages/radical/pilot/configs/resource_xsede.json
2017-10-23 05:59:58,010: rp.session.two.jdakka.017462.0000: MainProcess                     : MainThread     : INFO    : Load resource configurations for xsede.stampede2_ssh
2017-10-23 05:59:58,011: rp.session.two.jdakka.017462.0000: MainProcess                     : MainThread     : DEBUG   : read rcfg for xsede.stampede2_ssh (None)
2017-10-23 05:59:58,011: rp.session.two.jdakka.017462.0000: MainProcess                     : MainThread     : INFO    : Load resource configurations for xsede.wrangler_spark
2017-10-23 05:59:58,011: rp.session.two.jdakka.017462.0000: MainProcess                     : MainThread     : DEBUG   : read rcfg for xsede.wrangler_spark (None)
2017-10-23 05:59:58,011: rp.session.two.jdakka.017462.0000: MainProcess                     : MainThread     : INFO    : Load resource configurations for xsede.stampede_yarn
2017-10-23 05:59:58,011: rp.session.two.jdakka.017462.0000: MainProcess                     : MainThread     : DEBUG   : read rcfg for xsede.stampede_yarn (None)
2017-10-23 05:59:58,011: rp.session.two.jdakka.017462.0000: MainProcess                     : MainThread     : INFO    : Load resource configurations for xsede.gordon_ssh
2017-10-23 05:59:58,011: rp.session.two.jdakka.017462.0000: MainProcess                     : MainThread     : DEBUG   : read rcfg for xsede.gordon_ssh (None)
2017-10-23 05:59:58,011: rp.session.two.jdakka.017462.0000: MainProcess                     : MainThread     : INFO    : Load resource configurations for xsede.stampede_ssh
2017-10-23 05:59:58,012: rp.session.two.jdakka.017462.0000: MainProcess                     : MainThread     : DEBUG   : read rcfg for xsede.stampede_ssh (None)
2017-10-23 05:59:58,012: rp.session.two.jdakka.017462.0000: MainProcess                     : MainThread     : INFO    : Load resource configurations for xsede.lonestar_ssh
2017-10-23 05:59:58,012: rp.session.two.jdakka.017462.0000: MainProcess                     : MainThread     : DEBUG   : read rcfg for xsede.lonestar_ssh (None)
2017-10-23 05:59:58,012: rp.session.two.jdakka.017462.0000: MainProcess                     : MainThread     : INFO    : Load resource configurations for xsede.supermic_spark
2017-10-23 05:59:58,012: rp.session.two.jdakka.017462.0000: MainProcess                     : MainThread     : DEBUG   : read rcfg for xsede.supermic_spark (20)
2017-10-23 05:59:58,012: rp.session.two.jdakka.017462.0000: MainProcess                     : MainThread     : INFO    : Load resource configurations for xsede.wrangler_ssh
2017-10-23 05:59:58,012: rp.session.two.jdakka.017462.0000: MainProcess                     : MainThread     : DEBUG   : read rcfg for xsede.wrangler_ssh (None)
2017-10-23 05:59:58,012: rp.session.two.jdakka.017462.0000: MainProcess                     : MainThread     : INFO    : Load resource configurations for xsede.wrangler_yarn
2017-10-23 05:59:58,013: rp.session.two.jdakka.017462.0000: MainProcess                     : MainThread     : DEBUG   : read rcfg for xsede.wrangler_yarn (None)
2017-10-23 05:59:58,013: rp.session.two.jdakka.017462.0000: MainProcess                     : MainThread     : INFO    : Load resource configurations for xsede.bridges
2017-10-23 05:59:58,013: rp.session.two.jdakka.017462.0000: MainProcess                     : MainThread     : DEBUG   : read rcfg for xsede.bridges (None)
2017-10-23 05:59:58,013: rp.session.two.jdakka.017462.0000: MainProcess                     : MainThread     : INFO    : Load resource configurations for xsede.supermic_ssh
2017-10-23 05:59:58,013: rp.session.two.jdakka.017462.0000: MainProcess                     : MainThread     : DEBUG   : read rcfg for xsede.supermic_ssh (20)
2017-10-23 05:59:58,013: rp.session.two.jdakka.017462.0000: MainProcess                     : MainThread     : INFO    : Load resource configurations for xsede.stampede_orte
2017-10-23 05:59:58,013: rp.session.two.jdakka.017462.0000: MainProcess                     : MainThread     : DEBUG   : read rcfg for xsede.stampede_orte (None)
2017-10-23 05:59:58,013: rp.session.two.jdakka.017462.0000: MainProcess                     : MainThread     : INFO    : Load resource configurations for xsede.greenfield
2017-10-23 05:59:58,013: rp.session.two.jdakka.017462.0000: MainProcess                     : MainThread     : DEBUG   : read rcfg for xsede.greenfield (15)
2017-10-23 05:59:58,014: rp.session.two.jdakka.017462.0000: MainProcess                     : MainThread     : INFO    : Load resource configurations for xsede.comet_spark
2017-10-23 05:59:58,014: rp.session.two.jdakka.017462.0000: MainProcess                     : MainThread     : DEBUG   : read rcfg for xsede.comet_spark (24)
2017-10-23 05:59:58,014: rp.session.two.jdakka.017462.0000: MainProcess                     : MainThread     : INFO    : Load resource configurations for xsede.trestles_ssh
2017-10-23 05:59:58,014: rp.session.two.jdakka.017462.0000: MainProcess                     : MainThread     : DEBUG   : read rcfg for xsede.trestles_ssh (None)
2017-10-23 05:59:58,014: rp.session.two.jdakka.017462.0000: MainProcess                     : MainThread     : INFO    : Load resource configurations for xsede.comet_ssh
2017-10-23 05:59:58,014: rp.session.two.jdakka.017462.0000: MainProcess                     : MainThread     : DEBUG   : read rcfg for xsede.comet_ssh (24)
2017-10-23 05:59:58,014: rp.session.two.jdakka.017462.0000: MainProcess                     : MainThread     : INFO    : Load resource configurations for xsede.stampede_spark
2017-10-23 05:59:58,014: rp.session.two.jdakka.017462.0000: MainProcess                     : MainThread     : DEBUG   : read rcfg for xsede.stampede_spark (None)
2017-10-23 05:59:58,014: rp.session.two.jdakka.017462.0000: MainProcess                     : MainThread     : INFO    : Load resource configurations for xsede.comet_orte
2017-10-23 05:59:58,015: rp.session.two.jdakka.017462.0000: MainProcess                     : MainThread     : DEBUG   : read rcfg for xsede.comet_orte (24)
2017-10-23 05:59:58,015: rp.session.two.jdakka.017462.0000: MainProcess                     : MainThread     : INFO    : Load resource configurations for xsede.comet_ortelib
2017-10-23 05:59:58,015: rp.session.two.jdakka.017462.0000: MainProcess                     : MainThread     : DEBUG   : read rcfg for xsede.comet_ortelib (24)
2017-10-23 05:59:58,015: rp.session.two.jdakka.017462.0000: MainProcess                     : MainThread     : INFO    : Load resource configurations for xsede.blacklight_ssh
2017-10-23 05:59:58,015: rp.session.two.jdakka.017462.0000: MainProcess                     : MainThread     : DEBUG   : read rcfg for xsede.blacklight_ssh (16)
2017-10-23 05:59:58,015: rp.session.two.jdakka.017462.0000: MainProcess                     : MainThread     : INFO    : Load resource configurations for xsede.stampede_ortelib
2017-10-23 05:59:58,015: rp.session.two.jdakka.017462.0000: MainProcess                     : MainThread     : DEBUG   : read rcfg for xsede.stampede_ortelib (None)
2017-10-23 05:59:58,015: rp.session.two.jdakka.017462.0000: MainProcess                     : MainThread     : INFO    : Load resource configurations from /home/jdakka/UCL/gpu_branch_env/venv/local/lib/python2.7/site-packages/radical/pilot/configs/resource_nersc.json
2017-10-23 05:59:58,020: rp.session.two.jdakka.017462.0000: MainProcess                     : MainThread     : INFO    : Load resource configurations for nersc.edison_ccm_ssh
2017-10-23 05:59:58,021: rp.session.two.jdakka.017462.0000: MainProcess                     : MainThread     : DEBUG   : read rcfg for nersc.edison_ccm_ssh (None)
2017-10-23 05:59:58,021: rp.session.two.jdakka.017462.0000: MainProcess                     : MainThread     : INFO    : Load resource configurations for nersc.hopper_orte
2017-10-23 05:59:58,021: rp.session.two.jdakka.017462.0000: MainProcess                     : MainThread     : DEBUG   : read rcfg for nersc.hopper_orte (None)
2017-10-23 05:59:58,021: rp.session.two.jdakka.017462.0000: MainProcess                     : MainThread     : INFO    : Load resource configurations for nersc.hopper_ccm_ssh
2017-10-23 05:59:58,021: rp.session.two.jdakka.017462.0000: MainProcess                     : MainThread     : DEBUG   : read rcfg for nersc.hopper_ccm_ssh (24)
2017-10-23 05:59:58,021: rp.session.two.jdakka.017462.0000: MainProcess                     : MainThread     : INFO    : Load resource configurations for nersc.edison_aprun
2017-10-23 05:59:58,021: rp.session.two.jdakka.017462.0000: MainProcess                     : MainThread     : DEBUG   : read rcfg for nersc.edison_aprun (None)
2017-10-23 05:59:58,021: rp.session.two.jdakka.017462.0000: MainProcess                     : MainThread     : INFO    : Load resource configurations for nersc.hopper_aprun
2017-10-23 05:59:58,021: rp.session.two.jdakka.017462.0000: MainProcess                     : MainThread     : DEBUG   : read rcfg for nersc.hopper_aprun (24)
2017-10-23 05:59:58,022: rp.session.two.jdakka.017462.0000: MainProcess                     : MainThread     : INFO    : Load resource configurations for nersc.edison_orte
2017-10-23 05:59:58,022: rp.session.two.jdakka.017462.0000: MainProcess                     : MainThread     : DEBUG   : read rcfg for nersc.edison_orte (None)
2017-10-23 05:59:58,022: rp.session.two.jdakka.017462.0000: MainProcess                     : MainThread     : INFO    : Load resource configurations from /home/jdakka/UCL/gpu_branch_env/venv/local/lib/python2.7/site-packages/radical/pilot/configs/resource_lrz.json
2017-10-23 05:59:58,023: rp.session.two.jdakka.017462.0000: MainProcess                     : MainThread     : INFO    : Load resource configurations for lrz.supermuc_ssh
2017-10-23 05:59:58,023: rp.session.two.jdakka.017462.0000: MainProcess                     : MainThread     : DEBUG   : read rcfg for lrz.supermuc_ssh (None)
2017-10-23 05:59:58,023: rp.session.two.jdakka.017462.0000: MainProcess                     : MainThread     : INFO    : Load resource configurations from /home/jdakka/UCL/gpu_branch_env/venv/local/lib/python2.7/site-packages/radical/pilot/configs/resource_epsrc.json
2017-10-23 05:59:58,024: rp.session.two.jdakka.017462.0000: MainProcess                     : MainThread     : INFO    : Load resource configurations for epsrc.archer_orte
2017-10-23 05:59:58,025: rp.session.two.jdakka.017462.0000: MainProcess                     : MainThread     : DEBUG   : read rcfg for epsrc.archer_orte (None)
2017-10-23 05:59:58,025: rp.session.two.jdakka.017462.0000: MainProcess                     : MainThread     : INFO    : Load resource configurations for epsrc.archer_aprun
2017-10-23 05:59:58,025: rp.session.two.jdakka.017462.0000: MainProcess                     : MainThread     : DEBUG   : read rcfg for epsrc.archer_aprun (None)
2017-10-23 05:59:58,025: rp.session.two.jdakka.017462.0000: MainProcess                     : MainThread     : INFO    : Load resource configurations from /home/jdakka/UCL/gpu_branch_env/venv/local/lib/python2.7/site-packages/radical/pilot/configs/resource_ncsa.json
2017-10-23 05:59:58,029: rp.session.two.jdakka.017462.0000: MainProcess                     : MainThread     : INFO    : Load resource configurations for ncsa.bw_orte
2017-10-23 05:59:58,029: rp.session.two.jdakka.017462.0000: MainProcess                     : MainThread     : DEBUG   : read rcfg for ncsa.bw_orte (None)
2017-10-23 05:59:58,029: rp.session.two.jdakka.017462.0000: MainProcess                     : MainThread     : INFO    : Load resource configurations for ncsa.bw_ccm_ssh
2017-10-23 05:59:58,029: rp.session.two.jdakka.017462.0000: MainProcess                     : MainThread     : DEBUG   : read rcfg for ncsa.bw_ccm_ssh (None)
2017-10-23 05:59:58,029: rp.session.two.jdakka.017462.0000: MainProcess                     : MainThread     : INFO    : Load resource configurations for ncsa.bw_ortelib
2017-10-23 05:59:58,030: rp.session.two.jdakka.017462.0000: MainProcess                     : MainThread     : DEBUG   : read rcfg for ncsa.bw_ortelib (None)
2017-10-23 05:59:58,030: rp.session.two.jdakka.017462.0000: MainProcess                     : MainThread     : INFO    : Load resource configurations for ncsa.bw_aprun
2017-10-23 05:59:58,030: rp.session.two.jdakka.017462.0000: MainProcess                     : MainThread     : DEBUG   : read rcfg for ncsa.bw_aprun (None)
2017-10-23 05:59:58,030: rp.session.two.jdakka.017462.0000: MainProcess                     : MainThread     : INFO    : Load resource configurations for ncsa.bw_local_orte
2017-10-23 05:59:58,030: rp.session.two.jdakka.017462.0000: MainProcess                     : MainThread     : DEBUG   : read rcfg for ncsa.bw_local_orte (None)
2017-10-23 05:59:58,030: rp.session.two.jdakka.017462.0000: MainProcess                     : MainThread     : INFO    : Load resource configurations from /home/jdakka/UCL/gpu_branch_env/venv/local/lib/python2.7/site-packages/radical/pilot/configs/resource_lumc.json
2017-10-23 05:59:58,032: rp.session.two.jdakka.017462.0000: MainProcess                     : MainThread     : INFO    : Load resource configurations for lumc.gb-ui_ssh
2017-10-23 05:59:58,032: rp.session.two.jdakka.017462.0000: MainProcess                     : MainThread     : DEBUG   : read rcfg for lumc.gb-ui_ssh (None)
2017-10-23 05:59:58,032: rp.session.two.jdakka.017462.0000: MainProcess                     : MainThread     : INFO    : Load resource configurations for lumc.shark_ssh
2017-10-23 05:59:58,032: rp.session.two.jdakka.017462.0000: MainProcess                     : MainThread     : DEBUG   : read rcfg for lumc.shark_ssh (None)
2017-10-23 05:59:58,032: rp.session.two.jdakka.017462.0000: MainProcess                     : MainThread     : INFO    : Load resource configurations from /home/jdakka/UCL/gpu_branch_env/venv/local/lib/python2.7/site-packages/radical/pilot/configs/resource_das4.json
2017-10-23 05:59:58,033: rp.session.two.jdakka.017462.0000: MainProcess                     : MainThread     : INFO    : Load resource configurations for das4.fs2_ssh
2017-10-23 05:59:58,033: rp.session.two.jdakka.017462.0000: MainProcess                     : MainThread     : DEBUG   : read rcfg for das4.fs2_ssh (None)
2017-10-23 05:59:58,033: rp.session.two.jdakka.017462.0000: MainProcess                     : MainThread     : INFO    : Load resource configurations from /home/jdakka/UCL/gpu_branch_env/venv/local/lib/python2.7/site-packages/radical/pilot/configs/resource_aliases.json
2017-10-23 05:59:58,033: rp.session.two.jdakka.017462.0000: MainProcess                     : MainThread     : INFO    : Load resource configurations from /home/jdakka/UCL/gpu_branch_env/venv/local/lib/python2.7/site-packages/radical/pilot/configs/resource_futuregrid.json
2017-10-23 05:59:58,038: rp.session.two.jdakka.017462.0000: MainProcess                     : MainThread     : INFO    : Load resource configurations for futuregrid.delta_ssh
2017-10-23 05:59:58,038: rp.session.two.jdakka.017462.0000: MainProcess                     : MainThread     : DEBUG   : read rcfg for futuregrid.delta_ssh (None)
2017-10-23 05:59:58,038: rp.session.two.jdakka.017462.0000: MainProcess                     : MainThread     : INFO    : Load resource configurations for futuregrid.india_ssh
2017-10-23 05:59:58,038: rp.session.two.jdakka.017462.0000: MainProcess                     : MainThread     : DEBUG   : read rcfg for futuregrid.india_ssh (None)
2017-10-23 05:59:58,038: rp.session.two.jdakka.017462.0000: MainProcess                     : MainThread     : INFO    : Load resource configurations for futuregrid.echo_ssh
2017-10-23 05:59:58,038: rp.session.two.jdakka.017462.0000: MainProcess                     : MainThread     : DEBUG   : read rcfg for futuregrid.echo_ssh (None)
2017-10-23 05:59:58,038: rp.session.two.jdakka.017462.0000: MainProcess                     : MainThread     : INFO    : Load resource configurations for futuregrid.xray_ccm
2017-10-23 05:59:58,039: rp.session.two.jdakka.017462.0000: MainProcess                     : MainThread     : DEBUG   : read rcfg for futuregrid.xray_ccm (None)
2017-10-23 05:59:58,039: rp.session.two.jdakka.017462.0000: MainProcess                     : MainThread     : INFO    : Load resource configurations for futuregrid.bravo_ssh
2017-10-23 05:59:58,039: rp.session.two.jdakka.017462.0000: MainProcess                     : MainThread     : DEBUG   : read rcfg for futuregrid.bravo_ssh (None)
2017-10-23 05:59:58,039: rp.session.two.jdakka.017462.0000: MainProcess                     : MainThread     : INFO    : Load resource configurations for futuregrid.xray_aprun
2017-10-23 05:59:58,039: rp.session.two.jdakka.017462.0000: MainProcess                     : MainThread     : DEBUG   : read rcfg for futuregrid.xray_aprun (None)
2017-10-23 05:59:58,039: rp.session.two.jdakka.017462.0000: MainProcess                     : MainThread     : INFO    : Load resource configurations from /home/jdakka/UCL/gpu_branch_env/venv/local/lib/python2.7/site-packages/radical/pilot/configs/resource_ornl.json
2017-10-23 05:59:58,043: rp.session.two.jdakka.017462.0000: MainProcess                     : MainThread     : INFO    : Load resource configurations for ornl.titan_orte
2017-10-23 05:59:58,044: rp.session.two.jdakka.017462.0000: MainProcess                     : MainThread     : DEBUG   : read rcfg for ornl.titan_orte (None)
2017-10-23 05:59:58,044: rp.session.two.jdakka.017462.0000: MainProcess                     : MainThread     : INFO    : Load resource configurations for ornl.titan_aprun
2017-10-23 05:59:58,044: rp.session.two.jdakka.017462.0000: MainProcess                     : MainThread     : DEBUG   : read rcfg for ornl.titan_aprun (None)
2017-10-23 05:59:58,044: rp.session.two.jdakka.017462.0000: MainProcess                     : MainThread     : INFO    : Load resource configurations for ornl.rhea
2017-10-23 05:59:58,044: rp.session.two.jdakka.017462.0000: MainProcess                     : MainThread     : DEBUG   : read rcfg for ornl.rhea (16)
2017-10-23 05:59:58,044: rp.session.two.jdakka.017462.0000: MainProcess                     : MainThread     : INFO    : Load resource configurations for ornl.rhea_aprun
2017-10-23 05:59:58,044: rp.session.two.jdakka.017462.0000: MainProcess                     : MainThread     : DEBUG   : read rcfg for ornl.rhea_aprun (None)
2017-10-23 05:59:58,044: rp.session.two.jdakka.017462.0000: MainProcess                     : MainThread     : INFO    : Load resource configurations for ornl.titan_ortelib
2017-10-23 05:59:58,045: rp.session.two.jdakka.017462.0000: MainProcess                     : MainThread     : DEBUG   : read rcfg for ornl.titan_ortelib (None)
2017-10-23 05:59:58,045: rp.session.two.jdakka.017462.0000: MainProcess                     : MainThread     : INFO    : Load resource configurations from /home/jdakka/UCL/gpu_branch_env/venv/local/lib/python2.7/site-packages/radical/pilot/configs/resource_chameleon.json
2017-10-23 05:59:58,045: rp.session.two.jdakka.017462.0000: MainProcess                     : MainThread     : INFO    : Load resource configurations for chameleon.cloud_vm_yarn
2017-10-23 05:59:58,045: rp.session.two.jdakka.017462.0000: MainProcess                     : MainThread     : DEBUG   : read rcfg for chameleon.cloud_vm_yarn (None)
2017-10-23 05:59:58,046: rp.session.two.jdakka.017462.0000: MainProcess                     : MainThread     : INFO    : Load resource configurations from /home/jdakka/UCL/gpu_branch_env/venv/local/lib/python2.7/site-packages/radical/pilot/configs/resource_iu.json
2017-10-23 05:59:58,047: rp.session.two.jdakka.017462.0000: MainProcess                     : MainThread     : INFO    : Load resource configurations for iu.bigred2_ccm_ssh
2017-10-23 05:59:58,047: rp.session.two.jdakka.017462.0000: MainProcess                     : MainThread     : DEBUG   : read rcfg for iu.bigred2_ccm_ssh (None)
2017-10-23 05:59:58,047: rp.session.two.jdakka.017462.0000: MainProcess                     : MainThread     : INFO    : Load resource configurations for iu.bigred2_aprun
2017-10-23 05:59:58,047: rp.session.two.jdakka.017462.0000: MainProcess                     : MainThread     : DEBUG   : read rcfg for iu.bigred2_aprun (None)
2017-10-23 05:59:58,047: rp.session.two.jdakka.017462.0000: MainProcess                     : MainThread     : INFO    : Load resource configurations from /home/jdakka/UCL/gpu_branch_env/venv/local/lib/python2.7/site-packages/radical/pilot/configs/resource_local.json
2017-10-23 05:59:58,053: rp.session.two.jdakka.017462.0000: MainProcess                     : MainThread     : INFO    : Load resource configurations for local.localhost_orte
2017-10-23 05:59:58,053: rp.session.two.jdakka.017462.0000: MainProcess                     : MainThread     : DEBUG   : read rcfg for local.localhost_orte (None)
2017-10-23 05:59:58,053: rp.session.two.jdakka.017462.0000: MainProcess                     : MainThread     : INFO    : Load resource configurations for local.localhost_anaconda
2017-10-23 05:59:58,053: rp.session.two.jdakka.017462.0000: MainProcess                     : MainThread     : DEBUG   : read rcfg for local.localhost_anaconda (None)
2017-10-23 05:59:58,053: rp.session.two.jdakka.017462.0000: MainProcess                     : MainThread     : INFO    : Load resource configurations for local.localhost_ortelib
2017-10-23 05:59:58,054: rp.session.two.jdakka.017462.0000: MainProcess                     : MainThread     : DEBUG   : read rcfg for local.localhost_ortelib (None)
2017-10-23 05:59:58,054: rp.session.two.jdakka.017462.0000: MainProcess                     : MainThread     : INFO    : Load resource configurations for local.localhost_aprun
2017-10-23 05:59:58,054: rp.session.two.jdakka.017462.0000: MainProcess                     : MainThread     : DEBUG   : read rcfg for local.localhost_aprun (8)
2017-10-23 05:59:58,054: rp.session.two.jdakka.017462.0000: MainProcess                     : MainThread     : INFO    : Load resource configurations for local.localhost
2017-10-23 05:59:58,054: rp.session.two.jdakka.017462.0000: MainProcess                     : MainThread     : DEBUG   : read rcfg for local.localhost (8)
2017-10-23 05:59:58,054: rp.session.two.jdakka.017462.0000: MainProcess                     : MainThread     : INFO    : Load resource configurations for local.localhost_spark
2017-10-23 05:59:58,054: rp.session.two.jdakka.017462.0000: MainProcess                     : MainThread     : DEBUG   : read rcfg for local.localhost_spark (None)
2017-10-23 05:59:58,054: rp.session.two.jdakka.017462.0000: MainProcess                     : MainThread     : INFO    : Load resource configurations for local.localhost_spark_anaconda
2017-10-23 05:59:58,054: rp.session.two.jdakka.017462.0000: MainProcess                     : MainThread     : DEBUG   : read rcfg for local.localhost_spark_anaconda (None)
2017-10-23 05:59:58,054: rp.session.two.jdakka.017462.0000: MainProcess                     : MainThread     : INFO    : Load resource configurations for local.localhost_yarn
2017-10-23 05:59:58,055: rp.session.two.jdakka.017462.0000: MainProcess                     : MainThread     : DEBUG   : read rcfg for local.localhost_yarn (None)
2017-10-23 05:59:58,055: rp.session.two.jdakka.017462.0000: MainProcess                     : MainThread     : INFO    : Load resource configurations from /home/jdakka/UCL/gpu_branch_env/venv/local/lib/python2.7/site-packages/radical/pilot/configs/resource_radical.json
2017-10-23 05:59:58,057: rp.session.two.jdakka.017462.0000: MainProcess                     : MainThread     : INFO    : Load resource configurations for radical.two
2017-10-23 05:59:58,057: rp.session.two.jdakka.017462.0000: MainProcess                     : MainThread     : DEBUG   : read rcfg for radical.two (None)
2017-10-23 05:59:58,057: rp.session.two.jdakka.017462.0000: MainProcess                     : MainThread     : INFO    : Load resource configurations for radical.tutorial
2017-10-23 05:59:58,057: rp.session.two.jdakka.017462.0000: MainProcess                     : MainThread     : DEBUG   : read rcfg for radical.tutorial (None)
2017-10-23 05:59:58,057: rp.session.two.jdakka.017462.0000: MainProcess                     : MainThread     : INFO    : Load resource configurations for radical.one
2017-10-23 05:59:58,057: rp.session.two.jdakka.017462.0000: MainProcess                     : MainThread     : DEBUG   : read rcfg for radical.one (None)
2017-10-23 05:59:58,057: rp.session.two.jdakka.017462.0000: MainProcess                     : MainThread     : INFO    : Load resource configurations from /home/jdakka/UCL/gpu_branch_env/venv/local/lib/python2.7/site-packages/radical/pilot/configs/resource_ncar.json
2017-10-23 05:59:58,058: rp.session.two.jdakka.017462.0000: MainProcess                     : MainThread     : INFO    : Load resource configurations for ncar.yellowstone_ssh
2017-10-23 05:59:58,058: rp.session.two.jdakka.017462.0000: MainProcess                     : MainThread     : DEBUG   : read rcfg for ncar.yellowstone_ssh (None)
2017-10-23 05:59:58,058: rp.session.two.jdakka.017462.0000: MainProcess                     : MainThread     : INFO    : Load resource configurations from /home/jdakka/UCL/gpu_branch_env/venv/local/lib/python2.7/site-packages/radical/pilot/configs/resource_rice.json
2017-10-23 05:59:58,060: rp.session.two.jdakka.017462.0000: MainProcess                     : MainThread     : INFO    : Load resource configurations for rice.davinci_ssh
2017-10-23 05:59:58,060: rp.session.two.jdakka.017462.0000: MainProcess                     : MainThread     : DEBUG   : read rcfg for rice.davinci_ssh (None)
2017-10-23 05:59:58,060: rp.session.two.jdakka.017462.0000: MainProcess                     : MainThread     : INFO    : Load resource configurations for rice.biou_ssh
2017-10-23 05:59:58,060: rp.session.two.jdakka.017462.0000: MainProcess                     : MainThread     : DEBUG   : read rcfg for rice.biou_ssh (None)
2017-10-23 05:59:58,060: rp.session.two.jdakka.017462.0000: MainProcess                     : MainThread     : INFO    : Load resource configurations from /home/jdakka/UCL/gpu_branch_env/venv/local/lib/python2.7/site-packages/radical/pilot/configs/resource_das5.json
2017-10-23 05:59:58,061: rp.session.two.jdakka.017462.0000: MainProcess                     : MainThread     : INFO    : Load resource configurations for das5.fs1_ssh
2017-10-23 05:59:58,061: rp.session.two.jdakka.017462.0000: MainProcess                     : MainThread     : DEBUG   : read rcfg for das5.fs1_ssh (None)
2017-10-23 05:59:59,128: rp.session.two.jdakka.017462.0000: MainProcess                     : MainThread     : INFO    : New Session created: rp.session.two.jdakka.017462.0000.
2017-10-23 05:59:59,129: rp.session.two.jdakka.017462.0000: MainProcess                     : MainThread     : DEBUG   : start bridges   : {u'control_pubsub': {u'bulk_size': 0, u'log_level': u'debug', u'stall_hwm': 1},
 u'log_pubsub': {u'bulk_size': 0, u'log_level': u'debug', u'stall_hwm': 1},
 u'state_pubsub': {u'bulk_size': 0, u'log_level': u'debug', u'stall_hwm': 1}}
2017-10-23 05:59:59,129: rp.session.two.jdakka.017462.0000: MainProcess                     : MainThread     : INFO    : create bridge control_pubsub
2017-10-23 05:59:59,144: rp.session.two.jdakka.017462.0000: MainProcess                     : MainThread     : INFO    : created bridge control_pubsub (control.pubsub.bridge.0000)
2017-10-23 05:59:59,144: rp.session.two.jdakka.017462.0000: MainProcess                     : MainThread     : INFO    : create bridge state_pubsub
2017-10-23 05:59:59,156: rp.session.two.jdakka.017462.0000: MainProcess                     : MainThread     : INFO    : created bridge state_pubsub (state.pubsub.bridge.0000)
2017-10-23 05:59:59,156: rp.session.two.jdakka.017462.0000: MainProcess                     : MainThread     : INFO    : create bridge log_pubsub
2017-10-23 05:59:59,165: rp.session.two.jdakka.017462.0000: MainProcess                     : MainThread     : INFO    : created bridge log_pubsub (log.pubsub.bridge.0000)
2017-10-23 05:59:59,166: rp.session.two.jdakka.017462.0000: MainProcess                     : MainThread     : DEBUG   : start components: {u'UpdateWorker': {u'count': 1}}
2017-10-23 05:59:59,166: rp.session.two.jdakka.017462.0000: MainProcess                     : MainThread     : DEBUG   : start 1 component(s) UpdateWorker
2017-10-23 05:59:59,761: rp.session.two.jdakka.017462.0000: MainProcess                     : MainThread     : INFO    : rp.session.two.jdakka.017462.0000 starts update.0
2017-10-23 06:00:00,140: rp.session.two.jdakka.017462.0000: MainProcess                     : MainThread     : DEBUG   : get rcfg 1 for ncsa.bw_aprun (None)
2017-10-23 06:00:00,140: rp.session.two.jdakka.017462.0000: MainProcess                     : MainThread     : DEBUG   : get rcfg 2 for ncsa.bw_aprun (None)
2017-10-23 06:00:00,141: rp.session.two.jdakka.017462.0000: MainProcess                     : MainThread     : DEBUG   : rsup.PTYShell('gsissh://bw.ncsa.illinois.edu')
2017-10-23 06:00:08,155: rp.session.two.jdakka.017462.0000: MainProcess                     : MainThread     : DEBUG   : sandbox base gsissh://bw.ncsa.illinois.edu: '/scratch/sciteam/dakka'
2017-10-23 06:00:08,358: rp.session.two.jdakka.017462.0000: MainProcess                     : MainThread     : DEBUG   : bulk pilot insert result: {'nModified': 0, 'nUpserted': 0, 'nMatched': 0, 'writeErrors': [], 'upserted': [], 'writeConcernErrors': [], 'nRemoved': 0, 'nInserted': 1}
2017-10-23 06:00:08,363: rp.session.two.jdakka.017462.0000: pmgr.launching.0                : MainThread     : DEBUG   : get rcfg 1 for ncsa.bw_aprun (None)
2017-10-23 06:00:08,363: rp.session.two.jdakka.017462.0000: pmgr.launching.0                : MainThread     : DEBUG   : get rcfg 2 for ncsa.bw_aprun (None)
2017-10-23 06:00:08,369: rp.session.two.jdakka.017462.0000: pmgr.launching.0                : MainThread     : DEBUG   : get rcfg 1 for ncsa.bw_aprun (None)
2017-10-23 06:00:08,369: rp.session.two.jdakka.017462.0000: pmgr.launching.0                : MainThread     : DEBUG   : get rcfg 2 for ncsa.bw_aprun (None)
2017-10-23 06:00:08,369: rp.session.two.jdakka.017462.0000: pmgr.launching.0                : MainThread     : DEBUG   : rsup.PTYShell('gsissh://bw.ncsa.illinois.edu')
2017-10-23 06:00:13,833: rp.session.two.jdakka.017462.0000: pmgr.launching.0                : MainThread     : DEBUG   : sandbox base gsissh://bw.ncsa.illinois.edu: '/scratch/sciteam/dakka'
2017-10-23 06:06:36,250: rp.session.two.jdakka.017462.0000: task-manager                    : MainThread     : DEBUG   : bulk unit insert result: {'nModified': 0, 'nUpserted': 0, 'nMatched': 0, 'writeErrors': [], 'upserted': [], 'writeConcernErrors': [], 'nRemoved': 0, 'nInserted': 1}
2017-10-23 06:06:36,366: rp.session.two.jdakka.017462.0000: task-manager                    : MainThread     : DEBUG   : bulk unit insert result: {'nModified': 0, 'nUpserted': 0, 'nMatched': 0, 'writeErrors': [], 'upserted': [], 'writeConcernErrors': [], 'nRemoved': 0, 'nInserted': 1}
2017-10-23 06:06:36,478: rp.session.two.jdakka.017462.0000: task-manager                    : MainThread     : DEBUG   : bulk unit insert result: {'nModified': 0, 'nUpserted': 0, 'nMatched': 0, 'writeErrors': [], 'upserted': [], 'writeConcernErrors': [], 'nRemoved': 0, 'nInserted': 1}
2017-10-23 06:06:36,594: rp.session.two.jdakka.017462.0000: task-manager                    : MainThread     : DEBUG   : bulk unit insert result: {'nModified': 0, 'nUpserted': 0, 'nMatched': 0, 'writeErrors': [], 'upserted': [], 'writeConcernErrors': [], 'nRemoved': 0, 'nInserted': 1}
2017-10-23 06:06:36,704: rp.session.two.jdakka.017462.0000: task-manager                    : MainThread     : DEBUG   : bulk unit insert result: {'nModified': 0, 'nUpserted': 0, 'nMatched': 0, 'writeErrors': [], 'upserted': [], 'writeConcernErrors': [], 'nRemoved': 0, 'nInserted': 1}
2017-10-23 06:06:36,815: rp.session.two.jdakka.017462.0000: task-manager                    : MainThread     : DEBUG   : bulk unit insert result: {'nModified': 0, 'nUpserted': 0, 'nMatched': 0, 'writeErrors': [], 'upserted': [], 'writeConcernErrors': [], 'nRemoved': 0, 'nInserted': 1}
2017-10-23 06:06:36,931: rp.session.two.jdakka.017462.0000: task-manager                    : MainThread     : DEBUG   : bulk unit insert result: {'nModified': 0, 'nUpserted': 0, 'nMatched': 0, 'writeErrors': [], 'upserted': [], 'writeConcernErrors': [], 'nRemoved': 0, 'nInserted': 1}
2017-10-23 06:06:37,040: rp.session.two.jdakka.017462.0000: task-manager                    : MainThread     : DEBUG   : bulk unit insert result: {'nModified': 0, 'nUpserted': 0, 'nMatched': 0, 'writeErrors': [], 'upserted': [], 'writeConcernErrors': [], 'nRemoved': 0, 'nInserted': 1}
2017-10-23 06:07:29,510: rp.session.two.jdakka.017462.0000: task-manager                    : MainThread     : DEBUG   : bulk unit insert result: {'nModified': 0, 'nUpserted': 0, 'nMatched': 0, 'writeErrors': [], 'upserted': [], 'writeConcernErrors': [], 'nRemoved': 0, 'nInserted': 1}
2017-10-23 06:07:29,644: rp.session.two.jdakka.017462.0000: task-manager                    : MainThread     : DEBUG   : bulk unit insert result: {'nModified': 0, 'nUpserted': 0, 'nMatched': 0, 'writeErrors': [], 'upserted': [], 'writeConcernErrors': [], 'nRemoved': 0, 'nInserted': 1}
2017-10-23 06:07:29,782: rp.session.two.jdakka.017462.0000: task-manager                    : MainThread     : DEBUG   : bulk unit insert result: {'nModified': 0, 'nUpserted': 0, 'nMatched': 0, 'writeErrors': [], 'upserted': [], 'writeConcernErrors': [], 'nRemoved': 0, 'nInserted': 1}
2017-10-23 06:07:29,901: rp.session.two.jdakka.017462.0000: task-manager                    : MainThread     : DEBUG   : bulk unit insert result: {'nModified': 0, 'nUpserted': 0, 'nMatched': 0, 'writeErrors': [], 'upserted': [], 'writeConcernErrors': [], 'nRemoved': 0, 'nInserted': 1}
2017-10-23 06:07:30,014: rp.session.two.jdakka.017462.0000: task-manager                    : MainThread     : DEBUG   : bulk unit insert result: {'nModified': 0, 'nUpserted': 0, 'nMatched': 0, 'writeErrors': [], 'upserted': [], 'writeConcernErrors': [], 'nRemoved': 0, 'nInserted': 1}
2017-10-23 06:07:30,127: rp.session.two.jdakka.017462.0000: task-manager                    : MainThread     : DEBUG   : bulk unit insert result: {'nModified': 0, 'nUpserted': 0, 'nMatched': 0, 'writeErrors': [], 'upserted': [], 'writeConcernErrors': [], 'nRemoved': 0, 'nInserted': 1}
2017-10-23 06:07:30,235: rp.session.two.jdakka.017462.0000: task-manager                    : MainThread     : DEBUG   : bulk unit insert result: {'nModified': 0, 'nUpserted': 0, 'nMatched': 0, 'writeErrors': [], 'upserted': [], 'writeConcernErrors': [], 'nRemoved': 0, 'nInserted': 1}
2017-10-23 06:07:30,343: rp.session.two.jdakka.017462.0000: task-manager                    : MainThread     : DEBUG   : bulk unit insert result: {'nModified': 0, 'nUpserted': 0, 'nMatched': 0, 'writeErrors': [], 'upserted': [], 'writeConcernErrors': [], 'nRemoved': 0, 'nInserted': 1}
2017-10-23 06:09:23,527: rp.session.two.jdakka.017462.0000: task-manager                    : MainThread     : DEBUG   : bulk unit insert result: {'nModified': 0, 'nUpserted': 0, 'nMatched': 0, 'writeErrors': [], 'upserted': [], 'writeConcernErrors': [], 'nRemoved': 0, 'nInserted': 1}
2017-10-23 06:09:23,644: rp.session.two.jdakka.017462.0000: task-manager                    : MainThread     : DEBUG   : bulk unit insert result: {'nModified': 0, 'nUpserted': 0, 'nMatched': 0, 'writeErrors': [], 'upserted': [], 'writeConcernErrors': [], 'nRemoved': 0, 'nInserted': 1}
2017-10-23 06:09:23,760: rp.session.two.jdakka.017462.0000: task-manager                    : MainThread     : DEBUG   : bulk unit insert result: {'nModified': 0, 'nUpserted': 0, 'nMatched': 0, 'writeErrors': [], 'upserted': [], 'writeConcernErrors': [], 'nRemoved': 0, 'nInserted': 1}
2017-10-23 06:09:23,875: rp.session.two.jdakka.017462.0000: task-manager                    : MainThread     : DEBUG   : bulk unit insert result: {'nModified': 0, 'nUpserted': 0, 'nMatched': 0, 'writeErrors': [], 'upserted': [], 'writeConcernErrors': [], 'nRemoved': 0, 'nInserted': 1}
2017-10-23 06:09:23,990: rp.session.two.jdakka.017462.0000: task-manager                    : MainThread     : DEBUG   : bulk unit insert result: {'nModified': 0, 'nUpserted': 0, 'nMatched': 0, 'writeErrors': [], 'upserted': [], 'writeConcernErrors': [], 'nRemoved': 0, 'nInserted': 1}
2017-10-23 06:09:24,105: rp.session.two.jdakka.017462.0000: task-manager                    : MainThread     : DEBUG   : bulk unit insert result: {'nModified': 0, 'nUpserted': 0, 'nMatched': 0, 'writeErrors': [], 'upserted': [], 'writeConcernErrors': [], 'nRemoved': 0, 'nInserted': 1}
2017-10-23 06:09:24,215: rp.session.two.jdakka.017462.0000: task-manager                    : MainThread     : DEBUG   : bulk unit insert result: {'nModified': 0, 'nUpserted': 0, 'nMatched': 0, 'writeErrors': [], 'upserted': [], 'writeConcernErrors': [], 'nRemoved': 0, 'nInserted': 1}
2017-10-23 06:09:24,326: rp.session.two.jdakka.017462.0000: task-manager                    : MainThread     : DEBUG   : bulk unit insert result: {'nModified': 0, 'nUpserted': 0, 'nMatched': 0, 'writeErrors': [], 'upserted': [], 'writeConcernErrors': [], 'nRemoved': 0, 'nInserted': 1}
2017-10-23 06:13:09,700: rp.session.two.jdakka.017462.0000: task-manager                    : MainThread     : DEBUG   : bulk unit insert result: {'nModified': 0, 'nUpserted': 0, 'nMatched': 0, 'writeErrors': [], 'upserted': [], 'writeConcernErrors': [], 'nRemoved': 0, 'nInserted': 1}
2017-10-23 06:13:09,820: rp.session.two.jdakka.017462.0000: task-manager                    : MainThread     : DEBUG   : bulk unit insert result: {'nModified': 0, 'nUpserted': 0, 'nMatched': 0, 'writeErrors': [], 'upserted': [], 'writeConcernErrors': [], 'nRemoved': 0, 'nInserted': 1}
2017-10-23 06:13:09,958: rp.session.two.jdakka.017462.0000: task-manager                    : MainThread     : DEBUG   : bulk unit insert result: {'nModified': 0, 'nUpserted': 0, 'nMatched': 0, 'writeErrors': [], 'upserted': [], 'writeConcernErrors': [], 'nRemoved': 0, 'nInserted': 1}
2017-10-23 06:13:10,072: rp.session.two.jdakka.017462.0000: task-manager                    : MainThread     : DEBUG   : bulk unit insert result: {'nModified': 0, 'nUpserted': 0, 'nMatched': 0, 'writeErrors': [], 'upserted': [], 'writeConcernErrors': [], 'nRemoved': 0, 'nInserted': 1}
2017-10-23 06:13:10,203: rp.session.two.jdakka.017462.0000: task-manager                    : MainThread     : DEBUG   : bulk unit insert result: {'nModified': 0, 'nUpserted': 0, 'nMatched': 0, 'writeErrors': [], 'upserted': [], 'writeConcernErrors': [], 'nRemoved': 0, 'nInserted': 1}
2017-10-23 06:13:10,321: rp.session.two.jdakka.017462.0000: task-manager                    : MainThread     : DEBUG   : bulk unit insert result: {'nModified': 0, 'nUpserted': 0, 'nMatched': 0, 'writeErrors': [], 'upserted': [], 'writeConcernErrors': [], 'nRemoved': 0, 'nInserted': 1}
2017-10-23 06:13:10,430: rp.session.two.jdakka.017462.0000: task-manager                    : MainThread     : DEBUG   : bulk unit insert result: {'nModified': 0, 'nUpserted': 0, 'nMatched': 0, 'writeErrors': [], 'upserted': [], 'writeConcernErrors': [], 'nRemoved': 0, 'nInserted': 1}
2017-10-23 06:13:10,542: rp.session.two.jdakka.017462.0000: task-manager                    : MainThread     : DEBUG   : bulk unit insert result: {'nModified': 0, 'nUpserted': 0, 'nMatched': 0, 'writeErrors': [], 'upserted': [], 'writeConcernErrors': [], 'nRemoved': 0, 'nInserted': 1}
2017-10-23 06:15:57,617: rp.session.two.jdakka.017462.0000: task-manager                    : MainThread     : DEBUG   : bulk unit insert result: {'nModified': 0, 'nUpserted': 0, 'nMatched': 0, 'writeErrors': [], 'upserted': [], 'writeConcernErrors': [], 'nRemoved': 0, 'nInserted': 1}
2017-10-23 06:15:57,736: rp.session.two.jdakka.017462.0000: task-manager                    : MainThread     : DEBUG   : bulk unit insert result: {'nModified': 0, 'nUpserted': 0, 'nMatched': 0, 'writeErrors': [], 'upserted': [], 'writeConcernErrors': [], 'nRemoved': 0, 'nInserted': 1}
2017-10-23 06:15:57,852: rp.session.two.jdakka.017462.0000: task-manager                    : MainThread     : DEBUG   : bulk unit insert result: {'nModified': 0, 'nUpserted': 0, 'nMatched': 0, 'writeErrors': [], 'upserted': [], 'writeConcernErrors': [], 'nRemoved': 0, 'nInserted': 1}
2017-10-23 06:15:57,976: rp.session.two.jdakka.017462.0000: task-manager                    : MainThread     : DEBUG   : bulk unit insert result: {'nModified': 0, 'nUpserted': 0, 'nMatched': 0, 'writeErrors': [], 'upserted': [], 'writeConcernErrors': [], 'nRemoved': 0, 'nInserted': 1}
2017-10-23 06:15:58,089: rp.session.two.jdakka.017462.0000: task-manager                    : MainThread     : DEBUG   : bulk unit insert result: {'nModified': 0, 'nUpserted': 0, 'nMatched': 0, 'writeErrors': [], 'upserted': [], 'writeConcernErrors': [], 'nRemoved': 0, 'nInserted': 1}
2017-10-23 06:15:58,206: rp.session.two.jdakka.017462.0000: task-manager                    : MainThread     : DEBUG   : bulk unit insert result: {'nModified': 0, 'nUpserted': 0, 'nMatched': 0, 'writeErrors': [], 'upserted': [], 'writeConcernErrors': [], 'nRemoved': 0, 'nInserted': 1}
2017-10-23 06:15:58,316: rp.session.two.jdakka.017462.0000: task-manager                    : MainThread     : DEBUG   : bulk unit insert result: {'nModified': 0, 'nUpserted': 0, 'nMatched': 0, 'writeErrors': [], 'upserted': [], 'writeConcernErrors': [], 'nRemoved': 0, 'nInserted': 1}
2017-10-23 06:15:58,567: rp.session.two.jdakka.017462.0000: task-manager                    : MainThread     : DEBUG   : bulk unit insert result: {'nModified': 0, 'nUpserted': 0, 'nMatched': 0, 'writeErrors': [], 'upserted': [], 'writeConcernErrors': [], 'nRemoved': 0, 'nInserted': 1}
2017-10-23 06:46:02,759: rp.session.two.jdakka.017462.0000: task-manager                    : MainThread     : DEBUG   : bulk unit insert result: {'nModified': 0, 'nUpserted': 0, 'nMatched': 0, 'writeErrors': [], 'upserted': [], 'writeConcernErrors': [], 'nRemoved': 0, 'nInserted': 1}
2017-10-23 06:46:02,979: rp.session.two.jdakka.017462.0000: task-manager                    : MainThread     : DEBUG   : bulk unit insert result: {'nModified': 0, 'nUpserted': 0, 'nMatched': 0, 'writeErrors': [], 'upserted': [], 'writeConcernErrors': [], 'nRemoved': 0, 'nInserted': 1}
2017-10-23 06:46:03,094: rp.session.two.jdakka.017462.0000: task-manager                    : MainThread     : DEBUG   : bulk unit insert result: {'nModified': 0, 'nUpserted': 0, 'nMatched': 0, 'writeErrors': [], 'upserted': [], 'writeConcernErrors': [], 'nRemoved': 0, 'nInserted': 1}
2017-10-23 06:46:03,211: rp.session.two.jdakka.017462.0000: task-manager                    : MainThread     : DEBUG   : bulk unit insert result: {'nModified': 0, 'nUpserted': 0, 'nMatched': 0, 'writeErrors': [], 'upserted': [], 'writeConcernErrors': [], 'nRemoved': 0, 'nInserted': 1}
2017-10-23 06:46:03,335: rp.session.two.jdakka.017462.0000: task-manager                    : MainThread     : DEBUG   : bulk unit insert result: {'nModified': 0, 'nUpserted': 0, 'nMatched': 0, 'writeErrors': [], 'upserted': [], 'writeConcernErrors': [], 'nRemoved': 0, 'nInserted': 1}
2017-10-23 06:46:03,446: rp.session.two.jdakka.017462.0000: task-manager                    : MainThread     : DEBUG   : bulk unit insert result: {'nModified': 0, 'nUpserted': 0, 'nMatched': 0, 'writeErrors': [], 'upserted': [], 'writeConcernErrors': [], 'nRemoved': 0, 'nInserted': 1}
2017-10-23 06:46:03,556: rp.session.two.jdakka.017462.0000: task-manager                    : MainThread     : DEBUG   : bulk unit insert result: {'nModified': 0, 'nUpserted': 0, 'nMatched': 0, 'writeErrors': [], 'upserted': [], 'writeConcernErrors': [], 'nRemoved': 0, 'nInserted': 1}
2017-10-23 06:46:03,666: rp.session.two.jdakka.017462.0000: task-manager                    : MainThread     : DEBUG   : bulk unit insert result: {'nModified': 0, 'nUpserted': 0, 'nMatched': 0, 'writeErrors': [], 'upserted': [], 'writeConcernErrors': [], 'nRemoved': 0, 'nInserted': 1}
2017-10-23 06:49:12,443: rp.session.two.jdakka.017462.0000: task-manager                    : MainThread     : DEBUG   : bulk unit insert result: {'nModified': 0, 'nUpserted': 0, 'nMatched': 0, 'writeErrors': [], 'upserted': [], 'writeConcernErrors': [], 'nRemoved': 0, 'nInserted': 1}
2017-10-23 06:49:12,557: rp.session.two.jdakka.017462.0000: task-manager                    : MainThread     : DEBUG   : bulk unit insert result: {'nModified': 0, 'nUpserted': 0, 'nMatched': 0, 'writeErrors': [], 'upserted': [], 'writeConcernErrors': [], 'nRemoved': 0, 'nInserted': 1}
2017-10-23 06:49:12,678: rp.session.two.jdakka.017462.0000: task-manager                    : MainThread     : DEBUG   : bulk unit insert result: {'nModified': 0, 'nUpserted': 0, 'nMatched': 0, 'writeErrors': [], 'upserted': [], 'writeConcernErrors': [], 'nRemoved': 0, 'nInserted': 1}
2017-10-23 06:49:12,799: rp.session.two.jdakka.017462.0000: task-manager                    : MainThread     : DEBUG   : bulk unit insert result: {'nModified': 0, 'nUpserted': 0, 'nMatched': 0, 'writeErrors': [], 'upserted': [], 'writeConcernErrors': [], 'nRemoved': 0, 'nInserted': 1}
2017-10-23 06:49:12,913: rp.session.two.jdakka.017462.0000: task-manager                    : MainThread     : DEBUG   : bulk unit insert result: {'nModified': 0, 'nUpserted': 0, 'nMatched': 0, 'writeErrors': [], 'upserted': [], 'writeConcernErrors': [], 'nRemoved': 0, 'nInserted': 1}
2017-10-23 06:49:13,025: rp.session.two.jdakka.017462.0000: task-manager                    : MainThread     : DEBUG   : bulk unit insert result: {'nModified': 0, 'nUpserted': 0, 'nMatched': 0, 'writeErrors': [], 'upserted': [], 'writeConcernErrors': [], 'nRemoved': 0, 'nInserted': 1}
2017-10-23 06:49:13,135: rp.session.two.jdakka.017462.0000: task-manager                    : MainThread     : DEBUG   : bulk unit insert result: {'nModified': 0, 'nUpserted': 0, 'nMatched': 0, 'writeErrors': [], 'upserted': [], 'writeConcernErrors': [], 'nRemoved': 0, 'nInserted': 1}
2017-10-23 06:49:13,244: rp.session.two.jdakka.017462.0000: task-manager                    : MainThread     : DEBUG   : bulk unit insert result: {'nModified': 0, 'nUpserted': 0, 'nMatched': 0, 'writeErrors': [], 'upserted': [], 'writeConcernErrors': [], 'nRemoved': 0, 'nInserted': 1}
2017-10-23 06:51:46,938: rp.session.two.jdakka.017462.0000: MainProcess                     : MainThread     : DEBUG   : session rp.session.two.jdakka.017462.0000 closing
2017-10-23 06:51:46,939: rp.session.two.jdakka.017462.0000: MainProcess                     : MainThread     : DEBUG   : session rp.session.two.jdakka.017462.0000 closes pmgr   pmgr.0000
2017-10-23 06:51:49,799: rp.session.two.jdakka.017462.0000: MainProcess                     : MainThread     : DEBUG   : session rp.session.two.jdakka.017462.0000 closed pmgr   pmgr.0000
2017-10-23 06:51:49,799: rp.session.two.jdakka.017462.0000: MainProcess                     : MainThread     : DEBUG   : session rp.session.two.jdakka.017462.0000 closes comp   update.0
2017-10-23 06:51:50,134: rp.session.two.jdakka.017462.0000: MainProcess                     : MainThread     : DEBUG   : session rp.session.two.jdakka.017462.0000 closed comp   update.0
2017-10-23 06:51:50,135: rp.session.two.jdakka.017462.0000: MainProcess                     : MainThread     : DEBUG   : session rp.session.two.jdakka.017462.0000 closes bridge control.pubsub.bridge.0000
2017-10-23 06:51:51,136: rp.session.two.jdakka.017462.0000: MainProcess                     : MainThread     : DEBUG   : session rp.session.two.jdakka.017462.0000 closed bridge control.pubsub.bridge.0000
2017-10-23 06:51:51,136: rp.session.two.jdakka.017462.0000: MainProcess                     : MainThread     : DEBUG   : session rp.session.two.jdakka.017462.0000 closes bridge state.pubsub.bridge.0000
2017-10-23 06:51:52,169: rp.session.two.jdakka.017462.0000: MainProcess                     : MainThread     : DEBUG   : session rp.session.two.jdakka.017462.0000 closed bridge state.pubsub.bridge.0000
2017-10-23 06:51:52,170: rp.session.two.jdakka.017462.0000: MainProcess                     : MainThread     : DEBUG   : session rp.session.two.jdakka.017462.0000 closes bridge log.pubsub.bridge.0000
2017-10-23 06:51:52,487: rp.session.two.jdakka.017462.0000: MainProcess                     : MainThread     : DEBUG   : session rp.session.two.jdakka.017462.0000 closed bridge log.pubsub.bridge.0000
2017-10-23 06:51:52,488: rp.session.two.jdakka.017462.0000: MainProcess                     : MainThread     : DEBUG   : session rp.session.two.jdakka.017462.0000 closes db (False)
2017-10-23 06:51:52,488: rp.session.two.jdakka.017462.0000: MainProcess                     : MainThread     : DEBUG   : session rp.session.two.jdakka.017462.0000 closed (delete=False)
