2017-10-23 05:59:59,175: update.0.child      : update.0                        : MainThread     : INFO    : python.interpreter   version: 2.7.12 (default, Nov 19 2016, 06:48:10) [GCC 5.4.0 20160609]
2017-10-23 05:59:59,176: update.0.child      : update.0                        : MainThread     : INFO    :                      pid: 27492
2017-10-23 05:59:59,176: update.0.child      : update.0                        : MainThread     : INFO    :                      tid: MainThread
2017-10-23 05:59:59,176: update.0.child      : update.0                        : MainThread     : INFO    : radical.pilot        version: 0.47-v0.46.2-93-g379bd68d@feature-gpu
2017-10-23 05:59:59,178: update.0.child      : update.0                        : MainThread     : INFO    : initialize update.0.child
2017-10-23 05:59:59,180: update.0.child      : update.0                        : MainThread     : INFO    : cfg: {'agents': {},
 u'bridges': {u'control_pubsub': {'addr_in': 'tcp://138.201.86.166:38799',
                                  'addr_out': 'tcp://138.201.86.166:39190',
                                  u'bulk_size': 0,
                                  u'log_level': u'debug',
                                  u'stall_hwm': 1},
              u'log_pubsub': {'addr_in': 'tcp://138.201.86.166:46389',
                              'addr_out': 'tcp://138.201.86.166:37710',
                              u'bulk_size': 0,
                              u'log_level': u'debug',
                              u'stall_hwm': 1},
              u'state_pubsub': {'addr_in': 'tcp://138.201.86.166:39798',
                                'addr_out': 'tcp://138.201.86.166:35641',
                                u'bulk_size': 0,
                                u'log_level': u'debug',
                                u'stall_hwm': 1}},
 'cname': u'UpdateWorker',
 u'components': {},
 u'count': 1,
 'dburl': 'mongodb://jdakka:jdakka@ds029605.mlab.com:29605/radical-testing',
 'debug': 'DEBUG',
 u'default_dburl': u'mongodb://rp:rp@ds015335.mlab.com:15335/rp',
 'logdir': '/home/jdakka/UCL/gpu_branch_env/GB-SC18/scripts/esmacs/rp.session.two.jdakka.017462.0000',
 'number': 0,
 'owner': 'rp.session.two.jdakka.017462.0000',
 'session_id': 'rp.session.two.jdakka.017462.0000'}
2017-10-23 05:59:59,180: update.0.child      : update.0                        : MainThread     : DEBUG   : start components: {}
2017-10-23 05:59:59,180: update.0.child      : update.0                        : MainThread     : DEBUG   : alive check in term
2017-10-23 05:59:59,180: update.0.child      : update.0                        : MainThread     : DEBUG   : START: update.0.child register publisher log_pubsub
2017-10-23 05:59:59,180: update.0.child      : update.0                        : MainThread     : DEBUG   : using addr tcp://138.201.86.166:46389 for pubsub log_pubsub
2017-10-23 05:59:59,183: update.0.child      : update.0                        : MainThread     : DEBUG   : registered publisher : log_pubsub : log.pubsub.pub.0000
2017-10-23 05:59:59,183: update.0.child      : update.0                        : MainThread     : DEBUG   : alive check in term
2017-10-23 05:59:59,183: update.0.child      : update.0                        : MainThread     : DEBUG   : START: update.0.child register publisher state_pubsub
2017-10-23 05:59:59,183: update.0.child      : update.0                        : MainThread     : DEBUG   : using addr tcp://138.201.86.166:39798 for pubsub state_pubsub
2017-10-23 05:59:59,184: update.0.child      : update.0                        : MainThread     : DEBUG   : registered publisher : state_pubsub : state.pubsub.pub.0000
2017-10-23 05:59:59,184: update.0.child      : update.0                        : MainThread     : DEBUG   : alive check in term
2017-10-23 05:59:59,184: update.0.child      : update.0                        : MainThread     : DEBUG   : START: update.0.child register publisher control_pubsub
2017-10-23 05:59:59,184: update.0.child      : update.0                        : MainThread     : DEBUG   : using addr tcp://138.201.86.166:38799 for pubsub control_pubsub
2017-10-23 05:59:59,199: update.0.child      : update.0                        : MainThread     : DEBUG   : registered publisher : control_pubsub : control.pubsub.pub.0000
2017-10-23 05:59:59,199: update.0.child      : update.0                        : MainThread     : DEBUG   : alive check in term
2017-10-23 05:59:59,199: update.0.child      : update.0                        : MainThread     : DEBUG   : START: update.0.child register subscriber update.0.child.subscriber._cancel_monitor_cb
2017-10-23 05:59:59,199: update.0.child      : update.0                        : MainThread     : DEBUG   : using addr tcp://138.201.86.166:39190 for pubsub control_pubsub
2017-10-23 05:59:59,201: update.0.child      : update.0                        : MainThread     : DEBUG   : parent name: update.0.child.subscriber._cancel_monitor_cb
2017-10-23 05:59:59,201: update.0.child      : update.0                        : MainThread     : DEBUG   : start thread
2017-10-23 05:59:59,201: update.0.child      : update.0                        : update.0.child.subscriber._cancel_monitor_cb: DEBUG   : child name: update.0.child.subscriber._cancel_monitor_cb.thread
2017-10-23 05:59:59,201: update.0.child      : update.0                        : update.0.child.subscriber._cancel_monitor_cb: INFO    : child (me) initializing
2017-10-23 05:59:59,202: update.0.child      : update.0                        : update.0.child.subscriber._cancel_monitor_cb: DEBUG   : ru_initialize_common (NOOP)
2017-10-23 05:59:59,202: update.0.child      : update.0                        : update.0.child.subscriber._cancel_monitor_cb: DEBUG   : ru_initialize_child (NOOP)
2017-10-23 05:59:59,202: update.0.child      : update.0                        : update.0.child.subscriber._cancel_monitor_cb: INFO    : send alive
2017-10-23 05:59:59,202: update.0.child      : update.0                        : update.0.child.subscriber._cancel_monitor_cb: INFO    : put message: [update.0.child.subscriber._cancel_monitor_cb.thread] alive
2017-10-23 05:59:59,203: update.0.child      : update.0                        : MainThread     : INFO    : get msg: alive
2017-10-23 05:59:59,203: update.0.child      : update.0                        : MainThread     : DEBUG   : ru_initialize_common (NOOP)
2017-10-23 05:59:59,203: update.0.child      : update.0                        : MainThread     : DEBUG   : ru_initialize_parent (NOOP)
2017-10-23 05:59:59,203: update.0.child      : update.0                        : MainThread     : DEBUG   : child thread update.0.child.subscriber._cancel_monitor_cb started
2017-10-23 05:59:59,203: update.0.child      : update.0                        : MainThread     : DEBUG   : update.0.child registered control_pubsub subscriber update.0.child.subscriber._cancel_monitor_cb
2017-10-23 05:59:59,727: update.0.child      : update.0                        : MainThread     : DEBUG   : alive check in term
2017-10-23 05:59:59,728: update.0.child      : update.0                        : MainThread     : DEBUG   : START: update.0.child register subscriber update.0.child.subscriber._state_cb
2017-10-23 05:59:59,728: update.0.child      : update.0                        : MainThread     : DEBUG   : using addr tcp://138.201.86.166:35641 for pubsub state_pubsub
2017-10-23 05:59:59,732: update.0.child      : update.0                        : MainThread     : DEBUG   : parent name: update.0.child.subscriber._state_cb
2017-10-23 05:59:59,733: update.0.child      : update.0                        : MainThread     : DEBUG   : start thread
2017-10-23 05:59:59,733: update.0.child      : update.0                        : update.0.child.subscriber._state_cb: DEBUG   : child name: update.0.child.subscriber._state_cb.thread
2017-10-23 05:59:59,733: update.0.child      : update.0                        : update.0.child.subscriber._state_cb: INFO    : child (me) initializing
2017-10-23 05:59:59,733: update.0.child      : update.0                        : update.0.child.subscriber._state_cb: DEBUG   : ru_initialize_common (NOOP)
2017-10-23 05:59:59,734: update.0.child      : update.0                        : update.0.child.subscriber._state_cb: DEBUG   : ru_initialize_child (NOOP)
2017-10-23 05:59:59,734: update.0.child      : update.0                        : update.0.child.subscriber._state_cb: INFO    : send alive
2017-10-23 05:59:59,734: update.0.child      : update.0                        : update.0.child.subscriber._state_cb: INFO    : put message: [update.0.child.subscriber._state_cb.thread] alive
2017-10-23 05:59:59,734: update.0.child      : update.0                        : MainThread     : INFO    : get msg: alive
2017-10-23 05:59:59,735: update.0.child      : update.0                        : MainThread     : DEBUG   : ru_initialize_common (NOOP)
2017-10-23 05:59:59,735: update.0.child      : update.0                        : MainThread     : DEBUG   : ru_initialize_parent (NOOP)
2017-10-23 05:59:59,735: update.0.child      : update.0                        : MainThread     : DEBUG   : child thread update.0.child.subscriber._state_cb started
2017-10-23 05:59:59,735: update.0.child      : update.0                        : MainThread     : DEBUG   : update.0.child registered state_pubsub subscriber update.0.child.subscriber._state_cb
2017-10-23 05:59:59,735: update.0.child      : update.0                        : MainThread     : DEBUG   : alive check in term
2017-10-23 05:59:59,735: update.0.child      : update.0                        : MainThread     : DEBUG   : START: update.0.child register idler update.0.child.idler._idle_cb
2017-10-23 05:59:59,736: update.0.child      : update.0                        : MainThread     : DEBUG   : parent name: update.0.child.idler._idle_cb
2017-10-23 05:59:59,736: update.0.child      : update.0                        : MainThread     : DEBUG   : start thread
2017-10-23 05:59:59,736: update.0.child      : update.0                        : update.0.child.idler._idle_cb: DEBUG   : child name: update.0.child.idler._idle_cb.thread
2017-10-23 05:59:59,736: update.0.child      : update.0                        : update.0.child.idler._idle_cb: INFO    : child (me) initializing
2017-10-23 05:59:59,737: update.0.child      : update.0                        : update.0.child.idler._idle_cb: DEBUG   : ru_initialize_common (NOOP)
2017-10-23 05:59:59,737: update.0.child      : update.0                        : update.0.child.idler._idle_cb: DEBUG   : ru_initialize_child (NOOP)
2017-10-23 05:59:59,737: update.0.child      : update.0                        : update.0.child.idler._idle_cb: INFO    : send alive
2017-10-23 05:59:59,737: update.0.child      : update.0                        : update.0.child.idler._idle_cb: INFO    : put message: [update.0.child.idler._idle_cb.thread] alive
2017-10-23 05:59:59,737: update.0.child      : update.0                        : MainThread     : INFO    : get msg: alive
2017-10-23 05:59:59,738: update.0.child      : update.0                        : MainThread     : DEBUG   : ru_initialize_common (NOOP)
2017-10-23 05:59:59,738: update.0.child      : update.0                        : MainThread     : DEBUG   : ru_initialize_parent (NOOP)
2017-10-23 05:59:59,738: update.0.child      : update.0                        : MainThread     : DEBUG   : child thread update.0.child.idler._idle_cb started
2017-10-23 05:59:59,738: update.0.child      : update.0                        : MainThread     : DEBUG   : update.0.child registered idler update.0.child.idler._idle_cb
2017-10-23 05:59:59,738: update.0.child      : update.0                        : MainThread     : INFO    : child (me) initializing
2017-10-23 05:59:59,738: update.0.child      : update.0                        : MainThread     : DEBUG   : parent name: update.0.child.watch
2017-10-23 05:59:59,739: update.0.child      : update.0                        : MainThread     : DEBUG   : start thread
2017-10-23 05:59:59,739: update.0.child      : update.0                        : update.0.child.watch: DEBUG   : child name: update.0.child.watch.thread
2017-10-23 05:59:59,739: update.0.child      : update.0                        : update.0.child.watch: INFO    : child (me) initializing
2017-10-23 05:59:59,739: update.0.child      : update.0                        : update.0.child.watch: DEBUG   : ru_initialize_common (NOOP)
2017-10-23 05:59:59,740: update.0.child      : update.0                        : update.0.child.watch: DEBUG   : ru_initialize_child (NOOP)
2017-10-23 05:59:59,740: update.0.child      : update.0                        : update.0.child.watch: INFO    : send alive
2017-10-23 05:59:59,740: update.0.child      : update.0                        : update.0.child.watch: INFO    : put message: [update.0.child.watch.thread] alive
2017-10-23 05:59:59,740: update.0.child      : update.0                        : MainThread     : INFO    : get msg: alive
2017-10-23 05:59:59,741: update.0.child      : update.0                        : MainThread     : DEBUG   : ru_initialize_common (NOOP)
2017-10-23 05:59:59,741: update.0.child      : update.0                        : MainThread     : DEBUG   : ru_initialize_parent (NOOP)
2017-10-23 05:59:59,741: update.0.child      : update.0                        : MainThread     : DEBUG   : child thread update.0.child.watch started
2017-10-23 05:59:59,741: update.0.child      : update.0                        : MainThread     : INFO    : child (me) is alive
2017-10-23 05:59:59,741: update.0.child      : update.0                        : MainThread     : INFO    : send alive
2017-10-23 05:59:59,741: update.0.child      : update.0                        : MainThread     : INFO    : send message: [update.0.child] alive
2017-10-23 06:00:08,463: update.0.child      : update.0                        : update.0.child.subscriber._state_cb: DEBUG   : bulk update result: {'nModified': 1, 'nUpserted': 0, 'nMatched': 1, 'writeErrors': [], 'upserted': [], 'writeConcernErrors': [], 'nRemoved': 0, 'nInserted': 0}
2017-10-23 06:00:09,863: update.0.child      : update.0                        : update.0.child.idler._idle_cb: DEBUG   : bulk update result: {'nModified': 1, 'nUpserted': 0, 'nMatched': 1, 'writeErrors': [], 'upserted': [], 'writeConcernErrors': [], 'nRemoved': 0, 'nInserted': 0}
2017-10-23 06:00:42,534: update.0.child      : update.0                        : update.0.child.subscriber._state_cb: DEBUG   : bulk update result: {'nModified': 1, 'nUpserted': 0, 'nMatched': 1, 'writeErrors': [], 'upserted': [], 'writeConcernErrors': [], 'nRemoved': 0, 'nInserted': 0}
2017-10-23 06:06:35,025: update.0.child      : update.0                        : update.0.child.subscriber._state_cb: DEBUG   : bulk update result: {'nModified': 1, 'nUpserted': 0, 'nMatched': 1, 'writeErrors': [], 'upserted': [], 'writeConcernErrors': [], 'nRemoved': 0, 'nInserted': 0}
2017-10-23 06:06:36,351: update.0.child      : update.0                        : update.0.child.subscriber._state_cb: DEBUG   : bulk update result: {'nModified': 1, 'nUpserted': 0, 'nMatched': 1, 'writeErrors': [], 'upserted': [], 'writeConcernErrors': [], 'nRemoved': 0, 'nInserted': 0}
2017-10-23 06:06:37,977: update.0.child      : update.0                        : update.0.child.idler._idle_cb: DEBUG   : bulk update result: {'nModified': 39, 'nUpserted': 0, 'nMatched': 39, 'writeErrors': [], 'upserted': [], 'writeConcernErrors': [], 'nRemoved': 0, 'nInserted': 0}
2017-10-23 06:06:39,707: update.0.child      : update.0                        : update.0.child.subscriber._state_cb: DEBUG   : bulk update result: {'nModified': 1, 'nUpserted': 0, 'nMatched': 1, 'writeErrors': [], 'upserted': [], 'writeConcernErrors': [], 'nRemoved': 0, 'nInserted': 0}
2017-10-23 06:06:40,872: update.0.child      : update.0                        : update.0.child.subscriber._state_cb: DEBUG   : bulk update result: {'nModified': 8, 'nUpserted': 0, 'nMatched': 8, 'writeErrors': [], 'upserted': [], 'writeConcernErrors': [], 'nRemoved': 0, 'nInserted': 0}
2017-10-23 06:06:42,088: update.0.child      : update.0                        : update.0.child.idler._idle_cb: DEBUG   : bulk update result: {'nModified': 31, 'nUpserted': 0, 'nMatched': 31, 'writeErrors': [], 'upserted': [], 'writeConcernErrors': [], 'nRemoved': 0, 'nInserted': 0}
2017-10-23 06:06:44,605: update.0.child      : update.0                        : update.0.child.subscriber._state_cb: DEBUG   : bulk update result: {'nModified': 1, 'nUpserted': 0, 'nMatched': 1, 'writeErrors': [], 'upserted': [], 'writeConcernErrors': [], 'nRemoved': 0, 'nInserted': 0}
2017-10-23 06:06:47,012: update.0.child      : update.0                        : update.0.child.subscriber._state_cb: DEBUG   : bulk update result: {'nModified': 1, 'nUpserted': 0, 'nMatched': 1, 'writeErrors': [], 'upserted': [], 'writeConcernErrors': [], 'nRemoved': 0, 'nInserted': 0}
2017-10-23 06:06:48,196: update.0.child      : update.0                        : update.0.child.idler._idle_cb: DEBUG   : bulk update result: {'nModified': 4, 'nUpserted': 0, 'nMatched': 4, 'writeErrors': [], 'upserted': [], 'writeConcernErrors': [], 'nRemoved': 0, 'nInserted': 0}
2017-10-23 06:06:50,626: update.0.child      : update.0                        : update.0.child.subscriber._state_cb: DEBUG   : bulk update result: {'nModified': 1, 'nUpserted': 0, 'nMatched': 1, 'writeErrors': [], 'upserted': [], 'writeConcernErrors': [], 'nRemoved': 0, 'nInserted': 0}
2017-10-23 06:06:53,034: update.0.child      : update.0                        : update.0.child.subscriber._state_cb: DEBUG   : bulk update result: {'nModified': 1, 'nUpserted': 0, 'nMatched': 1, 'writeErrors': [], 'upserted': [], 'writeConcernErrors': [], 'nRemoved': 0, 'nInserted': 0}
2017-10-23 06:06:54,304: update.0.child      : update.0                        : update.0.child.idler._idle_cb: DEBUG   : bulk update result: {'nModified': 4, 'nUpserted': 0, 'nMatched': 4, 'writeErrors': [], 'upserted': [], 'writeConcernErrors': [], 'nRemoved': 0, 'nInserted': 0}
2017-10-23 06:06:57,847: update.0.child      : update.0                        : update.0.child.subscriber._state_cb: DEBUG   : bulk update result: {'nModified': 1, 'nUpserted': 0, 'nMatched': 1, 'writeErrors': [], 'upserted': [], 'writeConcernErrors': [], 'nRemoved': 0, 'nInserted': 0}
2017-10-23 06:06:59,348: update.0.child      : update.0                        : update.0.child.subscriber._state_cb: DEBUG   : bulk update result: {'nModified': 1, 'nUpserted': 0, 'nMatched': 1, 'writeErrors': [], 'upserted': [], 'writeConcernErrors': [], 'nRemoved': 0, 'nInserted': 0}
2017-10-23 06:07:00,450: update.0.child      : update.0                        : update.0.child.idler._idle_cb: DEBUG   : bulk update result: {'nModified': 2, 'nUpserted': 0, 'nMatched': 2, 'writeErrors': [], 'upserted': [], 'writeConcernErrors': [], 'nRemoved': 0, 'nInserted': 0}
2017-10-23 06:07:03,857: update.0.child      : update.0                        : update.0.child.subscriber._state_cb: DEBUG   : bulk update result: {'nModified': 1, 'nUpserted': 0, 'nMatched': 1, 'writeErrors': [], 'upserted': [], 'writeConcernErrors': [], 'nRemoved': 0, 'nInserted': 0}
2017-10-23 06:07:05,363: update.0.child      : update.0                        : update.0.child.subscriber._state_cb: DEBUG   : bulk update result: {'nModified': 1, 'nUpserted': 0, 'nMatched': 1, 'writeErrors': [], 'upserted': [], 'writeConcernErrors': [], 'nRemoved': 0, 'nInserted': 0}
2017-10-23 06:07:06,558: update.0.child      : update.0                        : update.0.child.idler._idle_cb: DEBUG   : bulk update result: {'nModified': 2, 'nUpserted': 0, 'nMatched': 2, 'writeErrors': [], 'upserted': [], 'writeConcernErrors': [], 'nRemoved': 0, 'nInserted': 0}
2017-10-23 06:07:11,071: update.0.child      : update.0                        : update.0.child.subscriber._state_cb: DEBUG   : bulk update result: {'nModified': 1, 'nUpserted': 0, 'nMatched': 1, 'writeErrors': [], 'upserted': [], 'writeConcernErrors': [], 'nRemoved': 0, 'nInserted': 0}
2017-10-23 06:07:12,276: update.0.child      : update.0                        : update.0.child.subscriber._state_cb: DEBUG   : bulk update result: {'nModified': 1, 'nUpserted': 0, 'nMatched': 1, 'writeErrors': [], 'upserted': [], 'writeConcernErrors': [], 'nRemoved': 0, 'nInserted': 0}
2017-10-23 06:07:13,667: update.0.child      : update.0                        : update.0.child.idler._idle_cb: DEBUG   : bulk update result: {'nModified': 4, 'nUpserted': 0, 'nMatched': 4, 'writeErrors': [], 'upserted': [], 'writeConcernErrors': [], 'nRemoved': 0, 'nInserted': 0}
2017-10-23 06:07:15,890: update.0.child      : update.0                        : update.0.child.subscriber._state_cb: DEBUG   : bulk update result: {'nModified': 1, 'nUpserted': 0, 'nMatched': 1, 'writeErrors': [], 'upserted': [], 'writeConcernErrors': [], 'nRemoved': 0, 'nInserted': 0}
2017-10-23 06:07:17,392: update.0.child      : update.0                        : update.0.child.subscriber._state_cb: DEBUG   : bulk update result: {'nModified': 1, 'nUpserted': 0, 'nMatched': 1, 'writeErrors': [], 'upserted': [], 'writeConcernErrors': [], 'nRemoved': 0, 'nInserted': 0}
2017-10-23 06:07:18,774: update.0.child      : update.0                        : update.0.child.idler._idle_cb: DEBUG   : bulk update result: {'nModified': 2, 'nUpserted': 0, 'nMatched': 2, 'writeErrors': [], 'upserted': [], 'writeConcernErrors': [], 'nRemoved': 0, 'nInserted': 0}
2017-10-23 06:07:21,902: update.0.child      : update.0                        : update.0.child.subscriber._state_cb: DEBUG   : bulk update result: {'nModified': 1, 'nUpserted': 0, 'nMatched': 1, 'writeErrors': [], 'upserted': [], 'writeConcernErrors': [], 'nRemoved': 0, 'nInserted': 0}
2017-10-23 06:07:23,404: update.0.child      : update.0                        : update.0.child.subscriber._state_cb: DEBUG   : bulk update result: {'nModified': 1, 'nUpserted': 0, 'nMatched': 1, 'writeErrors': [], 'upserted': [], 'writeConcernErrors': [], 'nRemoved': 0, 'nInserted': 0}
2017-10-23 06:07:24,882: update.0.child      : update.0                        : update.0.child.idler._idle_cb: DEBUG   : bulk update result: {'nModified': 2, 'nUpserted': 0, 'nMatched': 2, 'writeErrors': [], 'upserted': [], 'writeConcernErrors': [], 'nRemoved': 0, 'nInserted': 0}
2017-10-23 06:07:27,913: update.0.child      : update.0                        : update.0.child.subscriber._state_cb: DEBUG   : bulk update result: {'nModified': 1, 'nUpserted': 0, 'nMatched': 1, 'writeErrors': [], 'upserted': [], 'writeConcernErrors': [], 'nRemoved': 0, 'nInserted': 0}
2017-10-23 06:07:29,414: update.0.child      : update.0                        : update.0.child.subscriber._state_cb: DEBUG   : bulk update result: {'nModified': 1, 'nUpserted': 0, 'nMatched': 1, 'writeErrors': [], 'upserted': [], 'writeConcernErrors': [], 'nRemoved': 0, 'nInserted': 0}
2017-10-23 06:07:30,862: update.0.child      : update.0                        : update.0.child.subscriber._state_cb: DEBUG   : bulk update result: {'nModified': 38, 'nUpserted': 0, 'nMatched': 38, 'writeErrors': [], 'upserted': [], 'writeConcernErrors': [], 'nRemoved': 0, 'nInserted': 0}
2017-10-23 06:07:32,019: update.0.child      : update.0                        : update.0.child.idler._idle_cb: DEBUG   : bulk update result: {'nModified': 4, 'nUpserted': 0, 'nMatched': 4, 'writeErrors': [], 'upserted': [], 'writeConcernErrors': [], 'nRemoved': 0, 'nInserted': 0}
2017-10-23 06:07:33,431: update.0.child      : update.0                        : update.0.child.subscriber._state_cb: DEBUG   : bulk update result: {'nModified': 1, 'nUpserted': 0, 'nMatched': 1, 'writeErrors': [], 'upserted': [], 'writeConcernErrors': [], 'nRemoved': 0, 'nInserted': 0}
2017-10-23 06:07:34,930: update.0.child      : update.0                        : update.0.child.subscriber._state_cb: DEBUG   : bulk update result: {'nModified': 7, 'nUpserted': 0, 'nMatched': 7, 'writeErrors': [], 'upserted': [], 'writeConcernErrors': [], 'nRemoved': 0, 'nInserted': 0}
2017-10-23 06:07:36,127: update.0.child      : update.0                        : update.0.child.idler._idle_cb: DEBUG   : bulk update result: {'nModified': 11, 'nUpserted': 0, 'nMatched': 11, 'writeErrors': [], 'upserted': [], 'writeConcernErrors': [], 'nRemoved': 0, 'nInserted': 0}
2017-10-23 06:07:37,230: update.0.child      : update.0                        : update.0.child.idler._idle_cb: DEBUG   : bulk update result: {'nModified': 8, 'nUpserted': 0, 'nMatched': 8, 'writeErrors': [], 'upserted': [], 'writeConcernErrors': [], 'nRemoved': 0, 'nInserted': 0}
2017-10-23 06:07:38,335: update.0.child      : update.0                        : update.0.child.idler._idle_cb: DEBUG   : bulk update result: {'nModified': 13, 'nUpserted': 0, 'nMatched': 13, 'writeErrors': [], 'upserted': [], 'writeConcernErrors': [], 'nRemoved': 0, 'nInserted': 0}
2017-10-23 06:07:47,758: update.0.child      : update.0                        : update.0.child.subscriber._state_cb: DEBUG   : bulk update result: {'nModified': 1, 'nUpserted': 0, 'nMatched': 1, 'writeErrors': [], 'upserted': [], 'writeConcernErrors': [], 'nRemoved': 0, 'nInserted': 0}
2017-10-23 06:07:49,165: update.0.child      : update.0                        : update.0.child.subscriber._state_cb: DEBUG   : bulk update result: {'nModified': 1, 'nUpserted': 0, 'nMatched': 1, 'writeErrors': [], 'upserted': [], 'writeConcernErrors': [], 'nRemoved': 0, 'nInserted': 0}
2017-10-23 06:07:50,451: update.0.child      : update.0                        : update.0.child.idler._idle_cb: DEBUG   : bulk update result: {'nModified': 4, 'nUpserted': 0, 'nMatched': 4, 'writeErrors': [], 'upserted': [], 'writeConcernErrors': [], 'nRemoved': 0, 'nInserted': 0}
2017-10-23 06:08:01,795: update.0.child      : update.0                        : update.0.child.subscriber._state_cb: DEBUG   : bulk update result: {'nModified': 1, 'nUpserted': 0, 'nMatched': 1, 'writeErrors': [], 'upserted': [], 'writeConcernErrors': [], 'nRemoved': 0, 'nInserted': 0}
2017-10-23 06:08:03,567: update.0.child      : update.0                        : update.0.child.idler._idle_cb: DEBUG   : bulk update result: {'nModified': 5, 'nUpserted': 0, 'nMatched': 5, 'writeErrors': [], 'upserted': [], 'writeConcernErrors': [], 'nRemoved': 0, 'nInserted': 0}
2017-10-23 06:08:13,024: update.0.child      : update.0                        : update.0.child.subscriber._state_cb: DEBUG   : bulk update result: {'nModified': 1, 'nUpserted': 0, 'nMatched': 1, 'writeErrors': [], 'upserted': [], 'writeConcernErrors': [], 'nRemoved': 0, 'nInserted': 0}
2017-10-23 06:08:14,429: update.0.child      : update.0                        : update.0.child.subscriber._state_cb: DEBUG   : bulk update result: {'nModified': 1, 'nUpserted': 0, 'nMatched': 1, 'writeErrors': [], 'upserted': [], 'writeConcernErrors': [], 'nRemoved': 0, 'nInserted': 0}
2017-10-23 06:08:15,683: update.0.child      : update.0                        : update.0.child.idler._idle_cb: DEBUG   : bulk update result: {'nModified': 4, 'nUpserted': 0, 'nMatched': 4, 'writeErrors': [], 'upserted': [], 'writeConcernErrors': [], 'nRemoved': 0, 'nInserted': 0}
2017-10-23 06:08:25,646: update.0.child      : update.0                        : update.0.child.subscriber._state_cb: DEBUG   : bulk update result: {'nModified': 1, 'nUpserted': 0, 'nMatched': 1, 'writeErrors': [], 'upserted': [], 'writeConcernErrors': [], 'nRemoved': 0, 'nInserted': 0}
2017-10-23 06:08:27,075: update.0.child      : update.0                        : update.0.child.subscriber._state_cb: DEBUG   : bulk update result: {'nModified': 1, 'nUpserted': 0, 'nMatched': 1, 'writeErrors': [], 'upserted': [], 'writeConcernErrors': [], 'nRemoved': 0, 'nInserted': 0}
2017-10-23 06:08:28,800: update.0.child      : update.0                        : update.0.child.idler._idle_cb: DEBUG   : bulk update result: {'nModified': 4, 'nUpserted': 0, 'nMatched': 4, 'writeErrors': [], 'upserted': [], 'writeConcernErrors': [], 'nRemoved': 0, 'nInserted': 0}
2017-10-23 06:08:39,690: update.0.child      : update.0                        : update.0.child.subscriber._state_cb: DEBUG   : bulk update result: {'nModified': 1, 'nUpserted': 0, 'nMatched': 1, 'writeErrors': [], 'upserted': [], 'writeConcernErrors': [], 'nRemoved': 0, 'nInserted': 0}
2017-10-23 06:08:40,915: update.0.child      : update.0                        : update.0.child.idler._idle_cb: DEBUG   : bulk update result: {'nModified': 3, 'nUpserted': 0, 'nMatched': 3, 'writeErrors': [], 'upserted': [], 'writeConcernErrors': [], 'nRemoved': 0, 'nInserted': 0}
2017-10-23 06:08:53,710: update.0.child      : update.0                        : update.0.child.subscriber._state_cb: DEBUG   : bulk update result: {'nModified': 1, 'nUpserted': 0, 'nMatched': 1, 'writeErrors': [], 'upserted': [], 'writeConcernErrors': [], 'nRemoved': 0, 'nInserted': 0}
2017-10-23 06:08:55,117: update.0.child      : update.0                        : update.0.child.subscriber._state_cb: DEBUG   : bulk update result: {'nModified': 1, 'nUpserted': 0, 'nMatched': 1, 'writeErrors': [], 'upserted': [], 'writeConcernErrors': [], 'nRemoved': 0, 'nInserted': 0}
2017-10-23 06:08:57,037: update.0.child      : update.0                        : update.0.child.idler._idle_cb: DEBUG   : bulk update result: {'nModified': 4, 'nUpserted': 0, 'nMatched': 4, 'writeErrors': [], 'upserted': [], 'writeConcernErrors': [], 'nRemoved': 0, 'nInserted': 0}
2017-10-23 06:09:10,533: update.0.child      : update.0                        : update.0.child.subscriber._state_cb: DEBUG   : bulk update result: {'nModified': 1, 'nUpserted': 0, 'nMatched': 1, 'writeErrors': [], 'upserted': [], 'writeConcernErrors': [], 'nRemoved': 0, 'nInserted': 0}
2017-10-23 06:09:12,157: update.0.child      : update.0                        : update.0.child.idler._idle_cb: DEBUG   : bulk update result: {'nModified': 3, 'nUpserted': 0, 'nMatched': 3, 'writeErrors': [], 'upserted': [], 'writeConcernErrors': [], 'nRemoved': 0, 'nInserted': 0}
2017-10-23 06:09:21,744: update.0.child      : update.0                        : update.0.child.subscriber._state_cb: DEBUG   : bulk update result: {'nModified': 1, 'nUpserted': 0, 'nMatched': 1, 'writeErrors': [], 'upserted': [], 'writeConcernErrors': [], 'nRemoved': 0, 'nInserted': 0}
2017-10-23 06:09:23,151: update.0.child      : update.0                        : update.0.child.subscriber._state_cb: DEBUG   : bulk update result: {'nModified': 1, 'nUpserted': 0, 'nMatched': 1, 'writeErrors': [], 'upserted': [], 'writeConcernErrors': [], 'nRemoved': 0, 'nInserted': 0}
2017-10-23 06:09:24,520: update.0.child      : update.0                        : update.0.child.subscriber._state_cb: DEBUG   : bulk update result: {'nModified': 30, 'nUpserted': 0, 'nMatched': 30, 'writeErrors': [], 'upserted': [], 'writeConcernErrors': [], 'nRemoved': 0, 'nInserted': 0}
2017-10-23 06:09:25,725: update.0.child      : update.0                        : update.0.child.idler._idle_cb: DEBUG   : bulk update result: {'nModified': 14, 'nUpserted': 0, 'nMatched': 14, 'writeErrors': [], 'upserted': [], 'writeConcernErrors': [], 'nRemoved': 0, 'nInserted': 0}
2017-10-23 06:09:26,753: update.0.child      : update.0                        : update.0.child.subscriber._state_cb: DEBUG   : bulk update result: {'nModified': 1, 'nUpserted': 0, 'nMatched': 1, 'writeErrors': [], 'upserted': [], 'writeConcernErrors': [], 'nRemoved': 0, 'nInserted': 0}
2017-10-23 06:09:27,856: update.0.child      : update.0                        : update.0.child.idler._idle_cb: DEBUG   : bulk update result: {'nModified': 9, 'nUpserted': 0, 'nMatched': 9, 'writeErrors': [], 'upserted': [], 'writeConcernErrors': [], 'nRemoved': 0, 'nInserted': 0}
2017-10-23 06:09:28,962: update.0.child      : update.0                        : update.0.child.idler._idle_cb: DEBUG   : bulk update result: {'nModified': 8, 'nUpserted': 0, 'nMatched': 8, 'writeErrors': [], 'upserted': [], 'writeConcernErrors': [], 'nRemoved': 0, 'nInserted': 0}
2017-10-23 06:09:29,964: update.0.child      : update.0                        : update.0.child.subscriber._state_cb: DEBUG   : bulk update result: {'nModified': 8, 'nUpserted': 0, 'nMatched': 8, 'writeErrors': [], 'upserted': [], 'writeConcernErrors': [], 'nRemoved': 0, 'nInserted': 0}
2017-10-23 06:09:31,065: update.0.child      : update.0                        : update.0.child.idler._idle_cb: DEBUG   : bulk update result: {'nModified': 2, 'nUpserted': 0, 'nMatched': 2, 'writeErrors': [], 'upserted': [], 'writeConcernErrors': [], 'nRemoved': 0, 'nInserted': 0}
2017-10-23 06:09:32,170: update.0.child      : update.0                        : update.0.child.idler._idle_cb: DEBUG   : bulk update result: {'nModified': 12, 'nUpserted': 0, 'nMatched': 12, 'writeErrors': [], 'upserted': [], 'writeConcernErrors': [], 'nRemoved': 0, 'nInserted': 0}
2017-10-23 06:13:00,171: update.0.child      : update.0                        : update.0.child.subscriber._state_cb: DEBUG   : bulk update result: {'nModified': 1, 'nUpserted': 0, 'nMatched': 1, 'writeErrors': [], 'upserted': [], 'writeConcernErrors': [], 'nRemoved': 0, 'nInserted': 0}
2017-10-23 06:13:01,614: update.0.child      : update.0                        : update.0.child.idler._idle_cb: DEBUG   : bulk update result: {'nModified': 18, 'nUpserted': 0, 'nMatched': 18, 'writeErrors': [], 'upserted': [], 'writeConcernErrors': [], 'nRemoved': 0, 'nInserted': 0}
2017-10-23 06:13:02,717: update.0.child      : update.0                        : update.0.child.idler._idle_cb: DEBUG   : bulk update result: {'nModified': 6, 'nUpserted': 0, 'nMatched': 6, 'writeErrors': [], 'upserted': [], 'writeConcernErrors': [], 'nRemoved': 0, 'nInserted': 0}
2017-10-23 06:13:03,921: update.0.child      : update.0                        : update.0.child.idler._idle_cb: DEBUG   : bulk update result: {'nModified': 8, 'nUpserted': 0, 'nMatched': 8, 'writeErrors': [], 'upserted': [], 'writeConcernErrors': [], 'nRemoved': 0, 'nInserted': 0}
2017-10-23 06:13:06,269: update.0.child      : update.0                        : update.0.child.subscriber._state_cb: DEBUG   : bulk update result: {'nModified': 1, 'nUpserted': 0, 'nMatched': 1, 'writeErrors': [], 'upserted': [], 'writeConcernErrors': [], 'nRemoved': 0, 'nInserted': 0}
2017-10-23 06:13:07,776: update.0.child      : update.0                        : update.0.child.subscriber._state_cb: DEBUG   : bulk update result: {'nModified': 1, 'nUpserted': 0, 'nMatched': 1, 'writeErrors': [], 'upserted': [], 'writeConcernErrors': [], 'nRemoved': 0, 'nInserted': 0}
2017-10-23 06:13:09,030: update.0.child      : update.0                        : update.0.child.idler._idle_cb: DEBUG   : bulk update result: {'nModified': 5, 'nUpserted': 0, 'nMatched': 5, 'writeErrors': [], 'upserted': [], 'writeConcernErrors': [], 'nRemoved': 0, 'nInserted': 0}
2017-10-23 06:13:10,165: update.0.child      : update.0                        : update.0.child.subscriber._state_cb: DEBUG   : bulk update result: {'nModified': 16, 'nUpserted': 0, 'nMatched': 16, 'writeErrors': [], 'upserted': [], 'writeConcernErrors': [], 'nRemoved': 0, 'nInserted': 0}
2017-10-23 06:13:11,516: update.0.child      : update.0                        : update.0.child.idler._idle_cb: DEBUG   : bulk update result: {'nModified': 29, 'nUpserted': 0, 'nMatched': 29, 'writeErrors': [], 'upserted': [], 'writeConcernErrors': [], 'nRemoved': 0, 'nInserted': 0}
2017-10-23 06:13:12,324: update.0.child      : update.0                        : update.0.child.subscriber._state_cb: DEBUG   : bulk update result: {'nModified': 1, 'nUpserted': 0, 'nMatched': 1, 'writeErrors': [], 'upserted': [], 'writeConcernErrors': [], 'nRemoved': 0, 'nInserted': 0}
2017-10-23 06:13:13,619: update.0.child      : update.0                        : update.0.child.idler._idle_cb: DEBUG   : bulk update result: {'nModified': 1, 'nUpserted': 0, 'nMatched': 1, 'writeErrors': [], 'upserted': [], 'writeConcernErrors': [], 'nRemoved': 0, 'nInserted': 0}
2017-10-23 06:13:14,721: update.0.child      : update.0                        : update.0.child.idler._idle_cb: DEBUG   : bulk update result: {'nModified': 5, 'nUpserted': 0, 'nMatched': 5, 'writeErrors': [], 'upserted': [], 'writeConcernErrors': [], 'nRemoved': 0, 'nInserted': 0}
2017-10-23 06:13:15,825: update.0.child      : update.0                        : update.0.child.idler._idle_cb: DEBUG   : bulk update result: {'nModified': 13, 'nUpserted': 0, 'nMatched': 13, 'writeErrors': [], 'upserted': [], 'writeConcernErrors': [], 'nRemoved': 0, 'nInserted': 0}
2017-10-23 06:13:17,273: update.0.child      : update.0                        : update.0.child.subscriber._state_cb: DEBUG   : bulk update result: {'nModified': 1, 'nUpserted': 0, 'nMatched': 1, 'writeErrors': [], 'upserted': [], 'writeConcernErrors': [], 'nRemoved': 0, 'nInserted': 0}
2017-10-23 06:13:18,931: update.0.child      : update.0                        : update.0.child.subscriber._state_cb: DEBUG   : bulk update result: {'nModified': 8, 'nUpserted': 0, 'nMatched': 8, 'writeErrors': [], 'upserted': [], 'writeConcernErrors': [], 'nRemoved': 0, 'nInserted': 0}
2017-10-23 06:13:20,035: update.0.child      : update.0                        : update.0.child.idler._idle_cb: DEBUG   : bulk update result: {'nModified': 11, 'nUpserted': 0, 'nMatched': 11, 'writeErrors': [], 'upserted': [], 'writeConcernErrors': [], 'nRemoved': 0, 'nInserted': 0}
2017-10-23 06:15:51,042: update.0.child      : update.0                        : update.0.child.subscriber._state_cb: DEBUG   : bulk update result: {'nModified': 1, 'nUpserted': 0, 'nMatched': 1, 'writeErrors': [], 'upserted': [], 'writeConcernErrors': [], 'nRemoved': 0, 'nInserted': 0}
2017-10-23 06:15:52,650: update.0.child      : update.0                        : update.0.child.subscriber._state_cb: DEBUG   : bulk update result: {'nModified': 1, 'nUpserted': 0, 'nMatched': 1, 'writeErrors': [], 'upserted': [], 'writeConcernErrors': [], 'nRemoved': 0, 'nInserted': 0}
2017-10-23 06:15:54,415: update.0.child      : update.0                        : update.0.child.subscriber._state_cb: DEBUG   : bulk update result: {'nModified': 17, 'nUpserted': 0, 'nMatched': 17, 'writeErrors': [], 'upserted': [], 'writeConcernErrors': [], 'nRemoved': 0, 'nInserted': 0}
2017-10-23 06:15:55,518: update.0.child      : update.0                        : update.0.child.idler._idle_cb: DEBUG   : bulk update result: {'nModified': 5, 'nUpserted': 0, 'nMatched': 5, 'writeErrors': [], 'upserted': [], 'writeConcernErrors': [], 'nRemoved': 0, 'nInserted': 0}
2017-10-23 06:15:56,721: update.0.child      : update.0                        : update.0.child.idler._idle_cb: DEBUG   : bulk update result: {'nModified': 9, 'nUpserted': 0, 'nMatched': 9, 'writeErrors': [], 'upserted': [], 'writeConcernErrors': [], 'nRemoved': 0, 'nInserted': 0}
2017-10-23 06:15:57,720: update.0.child      : update.0                        : update.0.child.subscriber._state_cb: DEBUG   : bulk update result: {'nModified': 7, 'nUpserted': 0, 'nMatched': 7, 'writeErrors': [], 'upserted': [], 'writeConcernErrors': [], 'nRemoved': 0, 'nInserted': 0}
2017-10-23 06:15:59,173: update.0.child      : update.0                        : update.0.child.idler._idle_cb: DEBUG   : bulk update result: {'nModified': 39, 'nUpserted': 0, 'nMatched': 39, 'writeErrors': [], 'upserted': [], 'writeConcernErrors': [], 'nRemoved': 0, 'nInserted': 0}
2017-10-23 06:16:01,049: update.0.child      : update.0                        : update.0.child.subscriber._state_cb: DEBUG   : bulk update result: {'nModified': 1, 'nUpserted': 0, 'nMatched': 1, 'writeErrors': [], 'upserted': [], 'writeConcernErrors': [], 'nRemoved': 0, 'nInserted': 0}
2017-10-23 06:16:02,278: update.0.child      : update.0                        : update.0.child.idler._idle_cb: DEBUG   : bulk update result: {'nModified': 7, 'nUpserted': 0, 'nMatched': 7, 'writeErrors': [], 'upserted': [], 'writeConcernErrors': [], 'nRemoved': 0, 'nInserted': 0}
2017-10-23 06:16:03,381: update.0.child      : update.0                        : update.0.child.idler._idle_cb: DEBUG   : bulk update result: {'nModified': 4, 'nUpserted': 0, 'nMatched': 4, 'writeErrors': [], 'upserted': [], 'writeConcernErrors': [], 'nRemoved': 0, 'nInserted': 0}
2017-10-23 06:16:04,484: update.0.child      : update.0                        : update.0.child.idler._idle_cb: DEBUG   : bulk update result: {'nModified': 8, 'nUpserted': 0, 'nMatched': 8, 'writeErrors': [], 'upserted': [], 'writeConcernErrors': [], 'nRemoved': 0, 'nInserted': 0}
2017-10-23 06:16:05,972: update.0.child      : update.0                        : update.0.child.subscriber._state_cb: DEBUG   : bulk update result: {'nModified': 1, 'nUpserted': 0, 'nMatched': 1, 'writeErrors': [], 'upserted': [], 'writeConcernErrors': [], 'nRemoved': 0, 'nInserted': 0}
2017-10-23 06:16:07,589: update.0.child      : update.0                        : update.0.child.idler._idle_cb: DEBUG   : bulk update result: {'nModified': 3, 'nUpserted': 0, 'nMatched': 3, 'writeErrors': [], 'upserted': [], 'writeConcernErrors': [], 'nRemoved': 0, 'nInserted': 0}
2017-10-23 06:16:08,692: update.0.child      : update.0                        : update.0.child.idler._idle_cb: DEBUG   : bulk update result: {'nModified': 8, 'nUpserted': 0, 'nMatched': 8, 'writeErrors': [], 'upserted': [], 'writeConcernErrors': [], 'nRemoved': 0, 'nInserted': 0}
2017-10-23 06:16:09,795: update.0.child      : update.0                        : update.0.child.idler._idle_cb: DEBUG   : bulk update result: {'nModified': 8, 'nUpserted': 0, 'nMatched': 8, 'writeErrors': [], 'upserted': [], 'writeConcernErrors': [], 'nRemoved': 0, 'nInserted': 0}
2017-10-23 06:45:52,827: update.0.child      : update.0                        : update.0.child.subscriber._state_cb: DEBUG   : bulk update result: {'nModified': 1, 'nUpserted': 0, 'nMatched': 1, 'writeErrors': [], 'upserted': [], 'writeConcernErrors': [], 'nRemoved': 0, 'nInserted': 0}
2017-10-23 06:45:54,455: update.0.child      : update.0                        : update.0.child.subscriber._state_cb: DEBUG   : bulk update result: {'nModified': 1, 'nUpserted': 0, 'nMatched': 1, 'writeErrors': [], 'upserted': [], 'writeConcernErrors': [], 'nRemoved': 0, 'nInserted': 0}
2017-10-23 06:45:56,101: update.0.child      : update.0                        : update.0.child.idler._idle_cb: DEBUG   : bulk update result: {'nModified': 13, 'nUpserted': 0, 'nMatched': 13, 'writeErrors': [], 'upserted': [], 'writeConcernErrors': [], 'nRemoved': 0, 'nInserted': 0}
2017-10-23 06:45:57,590: update.0.child      : update.0                        : update.0.child.subscriber._state_cb: DEBUG   : bulk update result: {'nModified': 1, 'nUpserted': 0, 'nMatched': 1, 'writeErrors': [], 'upserted': [], 'writeConcernErrors': [], 'nRemoved': 0, 'nInserted': 0}
2017-10-23 06:45:59,220: update.0.child      : update.0                        : update.0.child.subscriber._state_cb: DEBUG   : bulk update result: {'nModified': 7, 'nUpserted': 0, 'nMatched': 7, 'writeErrors': [], 'upserted': [], 'writeConcernErrors': [], 'nRemoved': 0, 'nInserted': 0}
2017-10-23 06:46:00,429: update.0.child      : update.0                        : update.0.child.idler._idle_cb: DEBUG   : bulk update result: {'nModified': 11, 'nUpserted': 0, 'nMatched': 11, 'writeErrors': [], 'upserted': [], 'writeConcernErrors': [], 'nRemoved': 0, 'nInserted': 0}
2017-10-23 06:46:01,530: update.0.child      : update.0                        : update.0.child.idler._idle_cb: DEBUG   : bulk update result: {'nModified': 1, 'nUpserted': 0, 'nMatched': 1, 'writeErrors': [], 'upserted': [], 'writeConcernErrors': [], 'nRemoved': 0, 'nInserted': 0}
2017-10-23 06:46:02,593: update.0.child      : update.0                        : update.0.child.subscriber._state_cb: DEBUG   : bulk update result: {'nModified': 3, 'nUpserted': 0, 'nMatched': 3, 'writeErrors': [], 'upserted': [], 'writeConcernErrors': [], 'nRemoved': 0, 'nInserted': 0}
2017-10-23 06:46:03,990: update.0.child      : update.0                        : update.0.child.subscriber._state_cb: DEBUG   : bulk update result: {'nModified': 33, 'nUpserted': 0, 'nMatched': 33, 'writeErrors': [], 'upserted': [], 'writeConcernErrors': [], 'nRemoved': 0, 'nInserted': 0}
2017-10-23 06:46:05,197: update.0.child      : update.0                        : update.0.child.idler._idle_cb: DEBUG   : bulk update result: {'nModified': 9, 'nUpserted': 0, 'nMatched': 9, 'writeErrors': [], 'upserted': [], 'writeConcernErrors': [], 'nRemoved': 0, 'nInserted': 0}
2017-10-23 06:46:06,299: update.0.child      : update.0                        : update.0.child.idler._idle_cb: DEBUG   : bulk update result: {'nModified': 6, 'nUpserted': 0, 'nMatched': 6, 'writeErrors': [], 'upserted': [], 'writeConcernErrors': [], 'nRemoved': 0, 'nInserted': 0}
2017-10-23 06:46:07,490: update.0.child      : update.0                        : update.0.child.subscriber._state_cb: DEBUG   : bulk update result: {'nModified': 1, 'nUpserted': 0, 'nMatched': 1, 'writeErrors': [], 'upserted': [], 'writeConcernErrors': [], 'nRemoved': 0, 'nInserted': 0}
2017-10-23 06:46:09,100: update.0.child      : update.0                        : update.0.child.subscriber._state_cb: DEBUG   : bulk update result: {'nModified': 1, 'nUpserted': 0, 'nMatched': 1, 'writeErrors': [], 'upserted': [], 'writeConcernErrors': [], 'nRemoved': 0, 'nInserted': 0}
2017-10-23 06:46:10,406: update.0.child      : update.0                        : update.0.child.idler._idle_cb: DEBUG   : bulk update result: {'nModified': 7, 'nUpserted': 0, 'nMatched': 7, 'writeErrors': [], 'upserted': [], 'writeConcernErrors': [], 'nRemoved': 0, 'nInserted': 0}
2017-10-23 06:46:11,508: update.0.child      : update.0                        : update.0.child.idler._idle_cb: DEBUG   : bulk update result: {'nModified': 4, 'nUpserted': 0, 'nMatched': 4, 'writeErrors': [], 'upserted': [], 'writeConcernErrors': [], 'nRemoved': 0, 'nInserted': 0}
2017-10-23 06:46:12,611: update.0.child      : update.0                        : update.0.child.idler._idle_cb: DEBUG   : bulk update result: {'nModified': 7, 'nUpserted': 0, 'nMatched': 7, 'writeErrors': [], 'upserted': [], 'writeConcernErrors': [], 'nRemoved': 0, 'nInserted': 0}
2017-10-23 06:46:14,033: update.0.child      : update.0                        : update.0.child.subscriber._state_cb: DEBUG   : bulk update result: {'nModified': 1, 'nUpserted': 0, 'nMatched': 1, 'writeErrors': [], 'upserted': [], 'writeConcernErrors': [], 'nRemoved': 0, 'nInserted': 0}
2017-10-23 06:46:15,676: update.0.child      : update.0                        : update.0.child.subscriber._state_cb: DEBUG   : bulk update result: {'nModified': 6, 'nUpserted': 0, 'nMatched': 6, 'writeErrors': [], 'upserted': [], 'writeConcernErrors': [], 'nRemoved': 0, 'nInserted': 0}
2017-10-23 06:46:16,779: update.0.child      : update.0                        : update.0.child.idler._idle_cb: DEBUG   : bulk update result: {'nModified': 7, 'nUpserted': 0, 'nMatched': 7, 'writeErrors': [], 'upserted': [], 'writeConcernErrors': [], 'nRemoved': 0, 'nInserted': 0}
2017-10-23 06:49:04,179: update.0.child      : update.0                        : update.0.child.subscriber._state_cb: DEBUG   : bulk update result: {'nModified': 1, 'nUpserted': 0, 'nMatched': 1, 'writeErrors': [], 'upserted': [], 'writeConcernErrors': [], 'nRemoved': 0, 'nInserted': 0}
2017-10-23 06:49:05,790: update.0.child      : update.0                        : update.0.child.subscriber._state_cb: DEBUG   : bulk update result: {'nModified': 1, 'nUpserted': 0, 'nMatched': 1, 'writeErrors': [], 'upserted': [], 'writeConcernErrors': [], 'nRemoved': 0, 'nInserted': 0}
2017-10-23 06:49:07,208: update.0.child      : update.0                        : update.0.child.idler._idle_cb: DEBUG   : bulk update result: {'nModified': 10, 'nUpserted': 0, 'nMatched': 10, 'writeErrors': [], 'upserted': [], 'writeConcernErrors': [], 'nRemoved': 0, 'nInserted': 0}
2017-10-23 06:49:08,412: update.0.child      : update.0                        : update.0.child.idler._idle_cb: DEBUG   : bulk update result: {'nModified': 9, 'nUpserted': 0, 'nMatched': 9, 'writeErrors': [], 'upserted': [], 'writeConcernErrors': [], 'nRemoved': 0, 'nInserted': 0}
2017-10-23 06:49:09,513: update.0.child      : update.0                        : update.0.child.idler._idle_cb: DEBUG   : bulk update result: {'nModified': 1, 'nUpserted': 0, 'nMatched': 1, 'writeErrors': [], 'upserted': [], 'writeConcernErrors': [], 'nRemoved': 0, 'nInserted': 0}
2017-10-23 06:49:10,615: update.0.child      : update.0                        : update.0.child.idler._idle_cb: DEBUG   : bulk update result: {'nModified': 3, 'nUpserted': 0, 'nMatched': 3, 'writeErrors': [], 'upserted': [], 'writeConcernErrors': [], 'nRemoved': 0, 'nInserted': 0}
2017-10-23 06:49:11,819: update.0.child      : update.0                        : update.0.child.idler._idle_cb: DEBUG   : bulk update result: {'nModified': 6, 'nUpserted': 0, 'nMatched': 6, 'writeErrors': [], 'upserted': [], 'writeConcernErrors': [], 'nRemoved': 0, 'nInserted': 0}
2017-10-23 06:49:12,985: update.0.child      : update.0                        : update.0.child.subscriber._state_cb: DEBUG   : bulk update result: {'nModified': 23, 'nUpserted': 0, 'nMatched': 23, 'writeErrors': [], 'upserted': [], 'writeConcernErrors': [], 'nRemoved': 0, 'nInserted': 0}
2017-10-23 06:49:14,199: update.0.child      : update.0                        : update.0.child.idler._idle_cb: DEBUG   : bulk update result: {'nModified': 29, 'nUpserted': 0, 'nMatched': 29, 'writeErrors': [], 'upserted': [], 'writeConcernErrors': [], 'nRemoved': 0, 'nInserted': 0}
2017-10-23 06:49:15,597: update.0.child      : update.0                        : update.0.child.subscriber._state_cb: DEBUG   : bulk update result: {'nModified': 1, 'nUpserted': 0, 'nMatched': 1, 'writeErrors': [], 'upserted': [], 'writeConcernErrors': [], 'nRemoved': 0, 'nInserted': 0}
2017-10-23 06:49:17,305: update.0.child      : update.0                        : update.0.child.idler._idle_cb: DEBUG   : bulk update result: {'nModified': 1, 'nUpserted': 0, 'nMatched': 1, 'writeErrors': [], 'upserted': [], 'writeConcernErrors': [], 'nRemoved': 0, 'nInserted': 0}
2017-10-23 06:49:18,410: update.0.child      : update.0                        : update.0.child.idler._idle_cb: DEBUG   : bulk update result: {'nModified': 18, 'nUpserted': 0, 'nMatched': 18, 'writeErrors': [], 'upserted': [], 'writeConcernErrors': [], 'nRemoved': 0, 'nInserted': 0}
2017-10-23 06:49:19,515: update.0.child      : update.0                        : update.0.child.idler._idle_cb: DEBUG   : bulk update result: {'nModified': 16, 'nUpserted': 0, 'nMatched': 16, 'writeErrors': [], 'upserted': [], 'writeConcernErrors': [], 'nRemoved': 0, 'nInserted': 0}
2017-10-23 06:49:20,713: update.0.child      : update.0                        : update.0.child.subscriber._state_cb: DEBUG   : bulk update result: {'nModified': 1, 'nUpserted': 0, 'nMatched': 1, 'writeErrors': [], 'upserted': [], 'writeConcernErrors': [], 'nRemoved': 0, 'nInserted': 0}
2017-10-23 06:49:22,620: update.0.child      : update.0                        : update.0.child.idler._idle_cb: DEBUG   : bulk update result: {'nModified': 3, 'nUpserted': 0, 'nMatched': 3, 'writeErrors': [], 'upserted': [], 'writeConcernErrors': [], 'nRemoved': 0, 'nInserted': 0}
2017-10-23 06:49:23,951: update.0.child      : update.0                        : update.0.child.subscriber._state_cb: DEBUG   : bulk update result: {'nModified': 1, 'nUpserted': 0, 'nMatched': 1, 'writeErrors': [], 'upserted': [], 'writeConcernErrors': [], 'nRemoved': 0, 'nInserted': 0}
2017-10-23 06:49:25,724: update.0.child      : update.0                        : update.0.child.idler._idle_cb: DEBUG   : bulk update result: {'nModified': 4, 'nUpserted': 0, 'nMatched': 4, 'writeErrors': [], 'upserted': [], 'writeConcernErrors': [], 'nRemoved': 0, 'nInserted': 0}
2017-10-23 06:49:30,406: update.0.child      : update.0                        : update.0.child.subscriber._state_cb: DEBUG   : bulk update result: {'nModified': 1, 'nUpserted': 0, 'nMatched': 1, 'writeErrors': [], 'upserted': [], 'writeConcernErrors': [], 'nRemoved': 0, 'nInserted': 0}
2017-10-23 06:49:31,908: update.0.child      : update.0                        : update.0.child.subscriber._state_cb: DEBUG   : bulk update result: {'nModified': 1, 'nUpserted': 0, 'nMatched': 1, 'writeErrors': [], 'upserted': [], 'writeConcernErrors': [], 'nRemoved': 0, 'nInserted': 0}
2017-10-23 06:49:33,835: update.0.child      : update.0                        : update.0.child.idler._idle_cb: DEBUG   : bulk update result: {'nModified': 5, 'nUpserted': 0, 'nMatched': 5, 'writeErrors': [], 'upserted': [], 'writeConcernErrors': [], 'nRemoved': 0, 'nInserted': 0}
2017-10-23 06:49:38,268: update.0.child      : update.0                        : update.0.child.subscriber._state_cb: DEBUG   : bulk update result: {'nModified': 1, 'nUpserted': 0, 'nMatched': 1, 'writeErrors': [], 'upserted': [], 'writeConcernErrors': [], 'nRemoved': 0, 'nInserted': 0}
2017-10-23 06:49:39,903: update.0.child      : update.0                        : update.0.child.subscriber._state_cb: DEBUG   : bulk update result: {'nModified': 1, 'nUpserted': 0, 'nMatched': 1, 'writeErrors': [], 'upserted': [], 'writeConcernErrors': [], 'nRemoved': 0, 'nInserted': 0}
2017-10-23 06:49:41,005: update.0.child      : update.0                        : update.0.child.idler._idle_cb: DEBUG   : bulk update result: {'nModified': 4, 'nUpserted': 0, 'nMatched': 4, 'writeErrors': [], 'upserted': [], 'writeConcernErrors': [], 'nRemoved': 0, 'nInserted': 0}
2017-10-23 06:49:44,630: update.0.child      : update.0                        : update.0.child.subscriber._state_cb: DEBUG   : bulk update result: {'nModified': 1, 'nUpserted': 0, 'nMatched': 1, 'writeErrors': [], 'upserted': [], 'writeConcernErrors': [], 'nRemoved': 0, 'nInserted': 0}
2017-10-23 06:49:46,253: update.0.child      : update.0                        : update.0.child.subscriber._state_cb: DEBUG   : bulk update result: {'nModified': 1, 'nUpserted': 0, 'nMatched': 1, 'writeErrors': [], 'upserted': [], 'writeConcernErrors': [], 'nRemoved': 0, 'nInserted': 0}
2017-10-23 06:49:48,114: update.0.child      : update.0                        : update.0.child.idler._idle_cb: DEBUG   : bulk update result: {'nModified': 4, 'nUpserted': 0, 'nMatched': 4, 'writeErrors': [], 'upserted': [], 'writeConcernErrors': [], 'nRemoved': 0, 'nInserted': 0}
2017-10-23 06:49:52,584: update.0.child      : update.0                        : update.0.child.subscriber._state_cb: DEBUG   : bulk update result: {'nModified': 1, 'nUpserted': 0, 'nMatched': 1, 'writeErrors': [], 'upserted': [], 'writeConcernErrors': [], 'nRemoved': 0, 'nInserted': 0}
2017-10-23 06:49:54,222: update.0.child      : update.0                        : update.0.child.idler._idle_cb: DEBUG   : bulk update result: {'nModified': 3, 'nUpserted': 0, 'nMatched': 3, 'writeErrors': [], 'upserted': [], 'writeConcernErrors': [], 'nRemoved': 0, 'nInserted': 0}
2017-10-23 06:49:58,926: update.0.child      : update.0                        : update.0.child.subscriber._state_cb: DEBUG   : bulk update result: {'nModified': 1, 'nUpserted': 0, 'nMatched': 1, 'writeErrors': [], 'upserted': [], 'writeConcernErrors': [], 'nRemoved': 0, 'nInserted': 0}
2017-10-23 06:50:00,549: update.0.child      : update.0                        : update.0.child.subscriber._state_cb: DEBUG   : bulk update result: {'nModified': 1, 'nUpserted': 0, 'nMatched': 1, 'writeErrors': [], 'upserted': [], 'writeConcernErrors': [], 'nRemoved': 0, 'nInserted': 0}
2017-10-23 06:50:02,333: update.0.child      : update.0                        : update.0.child.idler._idle_cb: DEBUG   : bulk update result: {'nModified': 4, 'nUpserted': 0, 'nMatched': 4, 'writeErrors': [], 'upserted': [], 'writeConcernErrors': [], 'nRemoved': 0, 'nInserted': 0}
2017-10-23 06:50:06,902: update.0.child      : update.0                        : update.0.child.subscriber._state_cb: DEBUG   : bulk update result: {'nModified': 1, 'nUpserted': 0, 'nMatched': 1, 'writeErrors': [], 'upserted': [], 'writeConcernErrors': [], 'nRemoved': 0, 'nInserted': 0}
2017-10-23 06:50:08,513: update.0.child      : update.0                        : update.0.child.subscriber._state_cb: DEBUG   : bulk update result: {'nModified': 1, 'nUpserted': 0, 'nMatched': 1, 'writeErrors': [], 'upserted': [], 'writeConcernErrors': [], 'nRemoved': 0, 'nInserted': 0}
2017-10-23 06:50:10,445: update.0.child      : update.0                        : update.0.child.idler._idle_cb: DEBUG   : bulk update result: {'nModified': 4, 'nUpserted': 0, 'nMatched': 4, 'writeErrors': [], 'upserted': [], 'writeConcernErrors': [], 'nRemoved': 0, 'nInserted': 0}
2017-10-23 06:50:16,451: update.0.child      : update.0                        : update.0.child.subscriber._state_cb: DEBUG   : bulk update result: {'nModified': 1, 'nUpserted': 0, 'nMatched': 1, 'writeErrors': [], 'upserted': [], 'writeConcernErrors': [], 'nRemoved': 0, 'nInserted': 0}
2017-10-23 06:50:18,062: update.0.child      : update.0                        : update.0.child.subscriber._state_cb: DEBUG   : bulk update result: {'nModified': 1, 'nUpserted': 0, 'nMatched': 1, 'writeErrors': [], 'upserted': [], 'writeConcernErrors': [], 'nRemoved': 0, 'nInserted': 0}
2017-10-23 06:50:19,559: update.0.child      : update.0                        : update.0.child.idler._idle_cb: DEBUG   : bulk update result: {'nModified': 4, 'nUpserted': 0, 'nMatched': 4, 'writeErrors': [], 'upserted': [], 'writeConcernErrors': [], 'nRemoved': 0, 'nInserted': 0}
2017-10-23 06:51:46,999: update.0.child      : update.0                        : update.0.child.subscriber._state_cb: DEBUG   : bulk update result: {'nModified': 1, 'nUpserted': 0, 'nMatched': 1, 'writeErrors': [], 'upserted': [], 'writeConcernErrors': [], 'nRemoved': 0, 'nInserted': 0}
2017-10-23 06:51:49,903: update.0.child      : update.0                        : update.0.child.watch: WARNING : endpoint disappeard
2017-10-23 06:51:49,904: update.0.child      : update.0                        : update.0.child.watch: INFO    : watcher closes
2017-10-23 06:51:49,904: update.0.child      : update.0                        : update.0.child.watch: INFO    : put message: [update.0.child.watch.thread] work finished
2017-10-23 06:51:49,904: update.0.child      : update.0                        : update.0.child.watch: DEBUG   : ru_finalize_child (NOOP)
2017-10-23 06:51:49,904: update.0.child      : update.0                        : update.0.child.watch: DEBUG   : ru_finalize_common (NOOP)
2017-10-23 06:51:49,904: update.0.child      : update.0                        : update.0.child.watch: INFO    : put message: [update.0.child.watch.thread] terminating
2017-10-23 06:51:49,990: update.0.child      : update.0                        : MainThread     : WARNING : alive check: proc invalid - stop [False - True]
2017-10-23 06:51:50,044: update.0.child      : update.0                        : MainThread     : INFO    : stop update.0.child (27492 : 27492 : MainThread) [radical.pilot.worker.update.Update.stop]
2017-10-23 06:51:50,044: update.0.child      : update.0                        : MainThread     : INFO    : parent stops child
2017-10-23 06:51:50,044: update.0.child      : update.0                        : MainThread     : DEBUG   : TERM : update.0.child unregister idler update.0.child.idler._idle_cb
2017-10-23 06:51:50,044: update.0.child      : update.0                        : MainThread     : INFO    : parent stops child
2017-10-23 06:51:50,044: update.0.child      : update.0                        : MainThread     : DEBUG   : ru_finalize_parent (NOOP)
2017-10-23 06:51:50,045: update.0.child      : update.0                        : MainThread     : DEBUG   : ru_finalize_common (NOOP)
2017-10-23 06:51:50,095: update.0.child      : update.0                        : update.0.child.idler._idle_cb: DEBUG   : ru_finalize_child (NOOP)
2017-10-23 06:51:50,095: update.0.child      : update.0                        : update.0.child.idler._idle_cb: DEBUG   : ru_finalize_common (NOOP)
2017-10-23 06:51:50,095: update.0.child      : update.0                        : update.0.child.idler._idle_cb: INFO    : put message: [update.0.child.idler._idle_cb.thread] terminating
2017-10-23 06:51:50,109: update.0.child      : update.0                        : MainThread     : DEBUG   : TERM : update.0.child unregistered idler update.0.child.idler._idle_cb
2017-10-23 06:51:50,109: update.0.child      : update.0                        : MainThread     : DEBUG   : TERM : update.0.child unregister subscriber update.0.child.subscriber._state_cb
2017-10-23 06:51:50,109: update.0.child      : update.0                        : MainThread     : DEBUG   : unregistered subscriber update.0.child.subscriber._state_cb
2017-10-23 06:51:50,110: update.0.child      : update.0                        : MainThread     : DEBUG   : ru_finalize_common()
2017-10-23 06:51:50,110: update.0.child      : update.0                        : MainThread     : DEBUG   : TERM : update.0.child unregister publisher log_pubsub
2017-10-23 06:51:50,111: update.0.child      : update.0                        : MainThread     : DEBUG   : unregistered publisher log_pubsub
2017-10-23 06:51:50,111: update.0.child      : update.0                        : MainThread     : DEBUG   : TERM : update.0.child unregister publisher state_pubsub
2017-10-23 06:51:50,112: update.0.child      : update.0                        : MainThread     : DEBUG   : unregistered publisher state_pubsub
2017-10-23 06:51:50,113: update.0.child      : update.0                        : MainThread     : DEBUG   : TERM : update.0.child unregister publisher control_pubsub
2017-10-23 06:51:50,114: update.0.child      : update.0                        : MainThread     : DEBUG   : unregistered publisher control_pubsub
2017-10-23 06:51:50,114: update.0.child      : update.0                        : MainThread     : DEBUG   : update.0.child close prof
2017-10-23 06:51:50,114: update.0.child      : update.0                        : MainThread     : INFO    : parent stops child
2017-10-23 06:51:50,114: update.0.child      : update.0                        : MainThread     : DEBUG   : ru_finalize_parent (NOOP)
2017-10-23 06:51:50,115: update.0.child      : update.0                        : MainThread     : DEBUG   : ru_finalize_common (NOOP)
2017-10-23 06:51:50,115: update.0.child      : update.0                        : MainThread     : INFO    : parent stops child
2017-10-23 06:51:50,115: update.0.child      : update.0                        : MainThread     : DEBUG   : ru_finalize_parent (NOOP)
2017-10-23 06:51:50,116: update.0.child      : update.0                        : update.0.child.subscriber._cancel_monitor_cb: ERROR   : abort: ZMQError('Socket operation on non-socket')
Traceback (most recent call last):
  File "/home/jdakka/UCL/gpu_branch_env/venv/local/lib/python2.7/site-packages/radical/utils/threads.py", line 375, in _run
    if not self.work_cb():
  File "/home/jdakka/UCL/gpu_branch_env/venv/local/lib/python2.7/site-packages/radical/pilot/utils/component.py", line 1088, in work_cb
    topic, msg = self._q.get_nowait(500)  # timout in ms
  File "/home/jdakka/UCL/gpu_branch_env/venv/local/lib/python2.7/site-packages/radical/pilot/utils/pubsub.py", line 352, in get_nowait
    if _uninterruptible(self._q.poll, flags=zmq.POLLIN, timeout=timeout):
  File "/home/jdakka/UCL/gpu_branch_env/venv/local/lib/python2.7/site-packages/radical/pilot/utils/pubsub.py", line 50, in _uninterruptible
    return f(*args, **kwargs)
  File "/home/jdakka/UCL/gpu_branch_env/venv/local/lib/python2.7/site-packages/zmq/sugar/socket.py", line 558, in poll
    evts = dict(p.poll(timeout))
  File "/home/jdakka/UCL/gpu_branch_env/venv/local/lib/python2.7/site-packages/zmq/sugar/poll.py", line 99, in poll
    return zmq_poll(self.sockets, timeout=timeout)
  File "zmq/backend/cython/_poll.pyx", line 123, in zmq.backend.cython._poll.zmq_poll (zmq/backend/cython/_poll.c:2186)
  File "zmq/backend/cython/_poll.pyx", line 116, in zmq.backend.cython._poll.zmq_poll (zmq/backend/cython/_poll.c:2036)
  File "zmq/backend/cython/checkrc.pxd", line 25, in zmq.backend.cython.checkrc._check_rc (zmq/backend/cython/_poll.c:2811)
    raise ZMQError(errno)
ZMQError: Socket operation on non-socket
2017-10-23 06:51:50,118: update.0.child      : update.0                        : update.0.child.subscriber._cancel_monitor_cb: INFO    : put message: [update.0.child.subscriber._cancel_monitor_cb.thread] ZMQError('Socket operation on non-socket')
2017-10-23 06:51:50,118: update.0.child      : update.0                        : update.0.child.subscriber._cancel_monitor_cb: DEBUG   : ru_finalize_child (NOOP)
2017-10-23 06:51:50,118: update.0.child      : update.0                        : update.0.child.subscriber._cancel_monitor_cb: INFO    : put message: [update.0.child.subscriber._cancel_monitor_cb.thread] terminating
2017-10-23 06:51:50,120: update.0.child      : update.0                        : MainThread     : INFO    : parent stops child
2017-10-23 06:51:50,120: update.0.child      : update.0                        : MainThread     : DEBUG   : ru_finalize_parent (NOOP)
2017-10-23 06:51:50,121: update.0.child      : update.0                        : update.0.child.subscriber._state_cb: ERROR   : abort: ZMQError('Socket operation on non-socket')
Traceback (most recent call last):
  File "/home/jdakka/UCL/gpu_branch_env/venv/local/lib/python2.7/site-packages/radical/utils/threads.py", line 375, in _run
    if not self.work_cb():
  File "/home/jdakka/UCL/gpu_branch_env/venv/local/lib/python2.7/site-packages/radical/pilot/utils/component.py", line 1088, in work_cb
    topic, msg = self._q.get_nowait(500)  # timout in ms
  File "/home/jdakka/UCL/gpu_branch_env/venv/local/lib/python2.7/site-packages/radical/pilot/utils/pubsub.py", line 352, in get_nowait
    if _uninterruptible(self._q.poll, flags=zmq.POLLIN, timeout=timeout):
  File "/home/jdakka/UCL/gpu_branch_env/venv/local/lib/python2.7/site-packages/radical/pilot/utils/pubsub.py", line 50, in _uninterruptible
    return f(*args, **kwargs)
  File "/home/jdakka/UCL/gpu_branch_env/venv/local/lib/python2.7/site-packages/zmq/sugar/socket.py", line 558, in poll
    evts = dict(p.poll(timeout))
  File "/home/jdakka/UCL/gpu_branch_env/venv/local/lib/python2.7/site-packages/zmq/sugar/poll.py", line 99, in poll
    return zmq_poll(self.sockets, timeout=timeout)
  File "zmq/backend/cython/_poll.pyx", line 123, in zmq.backend.cython._poll.zmq_poll (zmq/backend/cython/_poll.c:2186)
  File "zmq/backend/cython/_poll.pyx", line 116, in zmq.backend.cython._poll.zmq_poll (zmq/backend/cython/_poll.c:2036)
  File "zmq/backend/cython/checkrc.pxd", line 25, in zmq.backend.cython.checkrc._check_rc (zmq/backend/cython/_poll.c:2811)
    raise ZMQError(errno)
ZMQError: Socket operation on non-socket
2017-10-23 06:51:50,122: update.0.child      : update.0                        : update.0.child.subscriber._state_cb: INFO    : put message: [update.0.child.subscriber._state_cb.thread] ZMQError('Socket operation on non-socket')
2017-10-23 06:51:50,122: update.0.child      : update.0                        : update.0.child.subscriber._state_cb: DEBUG   : ru_finalize_child (NOOP)
2017-10-23 06:51:50,122: update.0.child      : update.0                        : update.0.child.subscriber._state_cb: INFO    : put message: [update.0.child.subscriber._state_cb.thread] terminating
2017-10-23 06:51:50,123: update.0.child      : update.0                        : MainThread     : INFO    : parent stops child
2017-10-23 06:51:50,123: update.0.child      : update.0                        : MainThread     : WARNING : super update.0.child is invalid
2017-10-23 06:51:50,123: update.0.child      : update.0                        : MainThread     : WARNING : component update.0.child is invalid
2017-10-23 06:51:50,125: update.0.child      : update.0                        : MainThread     : INFO    : stop update.0.child (27492 : 27492 : MainThread) [radical.pilot.worker.update.Update.stop]
2017-10-23 06:51:50,125: update.0.child      : update.0                        : MainThread     : DEBUG   : TERM : update.0.child unregister idler update.0.child.idler._idle_cb
2017-10-23 06:51:50,125: update.0.child      : update.0                        : MainThread     : WARNING : timed cb update.0.child.idler._idle_cb is not registered
2017-10-23 06:51:50,125: update.0.child      : update.0                        : MainThread     : DEBUG   : TERM : update.0.child unregister subscriber update.0.child.subscriber._state_cb
2017-10-23 06:51:50,126: update.0.child      : update.0                        : MainThread     : WARNING : subscriber _state_cb is not registered
2017-10-23 06:51:50,126: update.0.child      : update.0                        : MainThread     : DEBUG   : ru_finalize_common()
2017-10-23 06:51:50,126: update.0.child      : update.0                        : MainThread     : WARNING : publisher log_pubsub is not registered
2017-10-23 06:51:50,126: update.0.child      : update.0                        : MainThread     : WARNING : publisher state_pubsub is not registered
2017-10-23 06:51:50,126: update.0.child      : update.0                        : MainThread     : WARNING : publisher control_pubsub is not registered
2017-10-23 06:51:50,126: update.0.child      : update.0                        : MainThread     : DEBUG   : update.0.child close prof
2017-10-23 06:51:50,126: update.0.child      : update.0                        : MainThread     : INFO    : send message: [update.0.child] terminating
2017-10-23 06:51:50,126: update.0.child      : update.0                        : MainThread     : WARNING : send failed ([Errno 9] Bad file descriptor) - terminate
2017-10-23 06:51:50,127: update.0.child      : update.0                        : MainThread     : INFO    : parent stops child
2017-10-23 06:51:50,127: update.0.child      : update.0                        : MainThread     : INFO    : parent stops child
2017-10-23 06:51:50,127: update.0.child      : update.0                        : MainThread     : INFO    : parent stops child
