2017-11-09 16:30:32,665: control.pubsub.sub.0000: update.0                        : MainThread     : INFO    : python.interpreter   version: 2.7.12 (default, Nov 19 2016, 06:48:10) [GCC 5.4.0 20160609]
2017-11-09 16:30:32,666: control.pubsub.sub.0000: update.0                        : MainThread     : INFO    :                      pid: 9767
2017-11-09 16:30:32,666: control.pubsub.sub.0000: update.0                        : MainThread     : INFO    :                      tid: MainThread
2017-11-09 16:30:32,666: control.pubsub.sub.0000: update.0                        : MainThread     : INFO    : radical.pilot        version: 0.47-v0.46.2-181-g138b1e15@HEAD-detached-at-origin-rc-v0.46.3
2017-11-09 16:30:32,666: control.pubsub.sub.0000: update.0                        : MainThread     : INFO    : create control_pubsub - sub - tcp://138.201.86.166:34015
2017-11-09 16:30:32,666: control.pubsub.sub.0000: update.0                        : MainThread     : DEBUG   : start process
2017-11-09 16:30:32,666: control.pubsub.sub.0000: update.0                        : MainThread     : DEBUG   : ru_initialize_common (NOOP)
2017-11-09 16:30:32,666: control.pubsub.sub.0000: update.0                        : MainThread     : DEBUG   : ru_initialize_parent (NOOP)
2017-11-09 16:30:32,666: control.pubsub.sub.0000: update.0                        : MainThread     : DEBUG   : process class started (no child)
2017-11-09 16:30:33,345: control.pubsub.sub.0000: pmgr.0000.launching.0           : MainThread     : INFO    : python.interpreter   version: 2.7.12 (default, Nov 19 2016, 06:48:10) [GCC 5.4.0 20160609]
2017-11-09 16:30:33,346: control.pubsub.sub.0000: pmgr.0000.launching.0           : MainThread     : INFO    :                      pid: 9811
2017-11-09 16:30:33,346: control.pubsub.sub.0000: pmgr.0000.launching.0           : MainThread     : INFO    :                      tid: MainThread
2017-11-09 16:30:33,346: control.pubsub.sub.0000: pmgr.0000.launching.0           : MainThread     : INFO    : radical.pilot        version: 0.47-v0.46.2-181-g138b1e15@HEAD-detached-at-origin-rc-v0.46.3
2017-11-09 16:30:33,346: control.pubsub.sub.0000: pmgr.0000.launching.0           : MainThread     : INFO    : create control_pubsub - sub - tcp://138.201.86.166:34015
2017-11-09 16:30:33,366: control.pubsub.sub.0000: pmgr.0000.launching.0           : MainThread     : DEBUG   : start process
2017-11-09 16:30:33,366: control.pubsub.sub.0000: pmgr.0000.launching.0           : MainThread     : DEBUG   : ru_initialize_common (NOOP)
2017-11-09 16:30:33,366: control.pubsub.sub.0000: pmgr.0000.launching.0           : MainThread     : DEBUG   : ru_initialize_parent (NOOP)
2017-11-09 16:30:33,366: control.pubsub.sub.0000: pmgr.0000.launching.0           : MainThread     : DEBUG   : process class started (no child)
2017-11-09 16:46:15,380: control.pubsub.sub.0000: umgr.0000.staging.input.0       : MainThread     : INFO    : python.interpreter   version: 2.7.12 (default, Nov 19 2016, 06:48:10) [GCC 5.4.0 20160609]
2017-11-09 16:46:15,380: control.pubsub.sub.0000: umgr.0000.staging.input.0       : MainThread     : INFO    :                      pid: 7591
2017-11-09 16:46:15,380: control.pubsub.sub.0000: umgr.0000.staging.input.0       : MainThread     : INFO    :                      tid: MainThread
2017-11-09 16:46:15,380: control.pubsub.sub.0000: umgr.0000.staging.input.0       : MainThread     : INFO    : radical.pilot        version: 0.47-v0.46.2-181-g138b1e15@HEAD-detached-at-origin-rc-v0.46.3
2017-11-09 16:46:15,380: control.pubsub.sub.0000: umgr.0000.staging.input.0       : MainThread     : INFO    : create control_pubsub - sub - tcp://138.201.86.166:34015
2017-11-09 16:46:15,398: control.pubsub.sub.0000: umgr.0000.staging.input.0       : MainThread     : DEBUG   : start process
2017-11-09 16:46:15,399: control.pubsub.sub.0000: umgr.0000.staging.input.0       : MainThread     : DEBUG   : ru_initialize_common (NOOP)
2017-11-09 16:46:15,399: control.pubsub.sub.0000: umgr.0000.staging.input.0       : MainThread     : DEBUG   : ru_initialize_parent (NOOP)
2017-11-09 16:46:15,399: control.pubsub.sub.0000: umgr.0000.staging.input.0       : MainThread     : DEBUG   : process class started (no child)
2017-11-09 16:46:15,528: control.pubsub.sub.0000: umgr.0000.staging.output.0      : MainThread     : INFO    : python.interpreter   version: 2.7.12 (default, Nov 19 2016, 06:48:10) [GCC 5.4.0 20160609]
2017-11-09 16:46:15,528: control.pubsub.sub.0000: umgr.0000.staging.output.0      : MainThread     : INFO    :                      pid: 7620
2017-11-09 16:46:15,528: control.pubsub.sub.0000: umgr.0000.staging.output.0      : MainThread     : INFO    :                      tid: MainThread
2017-11-09 16:46:15,528: control.pubsub.sub.0000: umgr.0000.staging.output.0      : MainThread     : INFO    : radical.pilot        version: 0.47-v0.46.2-181-g138b1e15@HEAD-detached-at-origin-rc-v0.46.3
2017-11-09 16:46:15,528: control.pubsub.sub.0000: umgr.0000.staging.output.0      : MainThread     : INFO    : create control_pubsub - sub - tcp://138.201.86.166:34015
2017-11-09 16:46:15,528: control.pubsub.sub.0000: umgr.0000.staging.output.0      : MainThread     : DEBUG   : start process
2017-11-09 16:46:15,529: control.pubsub.sub.0000: umgr.0000.staging.output.0      : MainThread     : DEBUG   : ru_initialize_common (NOOP)
2017-11-09 16:46:15,529: control.pubsub.sub.0000: umgr.0000.staging.output.0      : MainThread     : DEBUG   : ru_initialize_parent (NOOP)
2017-11-09 16:46:15,529: control.pubsub.sub.0000: umgr.0000.staging.output.0      : MainThread     : DEBUG   : process class started (no child)
2017-11-09 16:46:15,623: control.pubsub.sub.0000: umgr.0000.scheduling.0          : MainThread     : INFO    : python.interpreter   version: 2.7.12 (default, Nov 19 2016, 06:48:10) [GCC 5.4.0 20160609]
2017-11-09 16:46:15,623: control.pubsub.sub.0000: umgr.0000.scheduling.0          : MainThread     : INFO    :                      pid: 7640
2017-11-09 16:46:15,623: control.pubsub.sub.0000: umgr.0000.scheduling.0          : MainThread     : INFO    :                      tid: MainThread
2017-11-09 16:46:15,623: control.pubsub.sub.0000: umgr.0000.scheduling.0          : MainThread     : INFO    : radical.pilot        version: 0.47-v0.46.2-181-g138b1e15@HEAD-detached-at-origin-rc-v0.46.3
2017-11-09 16:46:15,623: control.pubsub.sub.0000: umgr.0000.scheduling.0          : MainThread     : INFO    : create control_pubsub - sub - tcp://138.201.86.166:34015
2017-11-09 16:46:15,623: control.pubsub.sub.0000: umgr.0000.scheduling.0          : MainThread     : DEBUG   : start process
2017-11-09 16:46:15,623: control.pubsub.sub.0000: umgr.0000.scheduling.0          : MainThread     : DEBUG   : ru_initialize_common (NOOP)
2017-11-09 16:46:15,623: control.pubsub.sub.0000: umgr.0000.scheduling.0          : MainThread     : DEBUG   : ru_initialize_parent (NOOP)
2017-11-09 16:46:15,623: control.pubsub.sub.0000: umgr.0000.scheduling.0          : MainThread     : DEBUG   : process class started (no child)
2017-11-09 17:47:49,336: control.pubsub.sub.0000: umgr.0000.scheduling.0          : umgr.0000.scheduling.0.child.subscriber._cancel_monitor_cb: INFO    : parent stops child  7640 -> None [control.pubsub.sub.0000]
2017-11-09 17:47:49,336: control.pubsub.sub.0000: umgr.0000.scheduling.0          : umgr.0000.scheduling.0.child.subscriber._cancel_monitor_cb: DEBUG   : ru_finalize_parent (NOOP)
2017-11-09 17:47:49,583: control.pubsub.sub.0000: umgr.0000.staging.output.0      : MainThread     : INFO    : parent stops child  7620 -> None [control.pubsub.sub.0000]
2017-11-09 17:47:49,583: control.pubsub.sub.0000: umgr.0000.staging.output.0      : MainThread     : DEBUG   : ru_finalize_parent (NOOP)
2017-11-09 17:47:49,601: control.pubsub.sub.0000: umgr.0000.staging.input.0       : MainThread     : INFO    : parent stops child  7591 -> None [control.pubsub.sub.0000]
2017-11-09 17:47:49,601: control.pubsub.sub.0000: umgr.0000.staging.input.0       : MainThread     : DEBUG   : ru_finalize_parent (NOOP)
2017-11-09 17:48:03,942: control.pubsub.sub.0000: update.0                        : MainThread     : INFO    : parent stops child  9767 -> None [control.pubsub.sub.0000]
2017-11-09 17:48:03,942: control.pubsub.sub.0000: update.0                        : MainThread     : DEBUG   : ru_finalize_parent (NOOP)
