2017-11-09 16:46:15,525: state.pubsub.pub.0004: umgr.0000.staging.output.0      : MainThread     : INFO    : python.interpreter   version: 2.7.12 (default, Nov 19 2016, 06:48:10) [GCC 5.4.0 20160609]
2017-11-09 16:46:15,525: state.pubsub.pub.0004: umgr.0000.staging.output.0      : MainThread     : INFO    :                      pid: 7620
2017-11-09 16:46:15,525: state.pubsub.pub.0004: umgr.0000.staging.output.0      : MainThread     : INFO    :                      tid: MainThread
2017-11-09 16:46:15,525: state.pubsub.pub.0004: umgr.0000.staging.output.0      : MainThread     : INFO    : radical.pilot        version: 0.47-v0.46.2-181-g138b1e15@HEAD-detached-at-origin-rc-v0.46.3
2017-11-09 16:46:15,525: state.pubsub.pub.0004: umgr.0000.staging.output.0      : MainThread     : INFO    : create state_pubsub - pub - tcp://138.201.86.166:43537
2017-11-09 16:46:15,525: state.pubsub.pub.0004: umgr.0000.staging.output.0      : MainThread     : DEBUG   : start process
2017-11-09 16:46:15,525: state.pubsub.pub.0004: umgr.0000.staging.output.0      : MainThread     : DEBUG   : ru_initialize_common (NOOP)
2017-11-09 16:46:15,525: state.pubsub.pub.0004: umgr.0000.staging.output.0      : MainThread     : DEBUG   : ru_initialize_parent (NOOP)
2017-11-09 16:46:15,525: state.pubsub.pub.0004: umgr.0000.staging.output.0      : MainThread     : DEBUG   : process class started (no child)
2017-11-09 16:46:15,540: state.pubsub.pub.0004: task-manager                    : MainThread     : INFO    : python.interpreter   version: 2.7.12 (default, Nov 19 2016, 06:48:10) [GCC 5.4.0 20160609]
2017-11-09 16:46:15,540: state.pubsub.pub.0004: task-manager                    : MainThread     : INFO    :                      pid: 7558
2017-11-09 16:46:15,540: state.pubsub.pub.0004: task-manager                    : MainThread     : INFO    :                      tid: MainThread
2017-11-09 16:46:15,540: state.pubsub.pub.0004: task-manager                    : MainThread     : INFO    : radical.pilot        version: 0.47-v0.46.2-181-g138b1e15@HEAD-detached-at-origin-rc-v0.46.3
2017-11-09 16:46:15,540: state.pubsub.pub.0004: task-manager                    : MainThread     : INFO    : create state_pubsub - pub - tcp://138.201.86.166:43537
2017-11-09 16:46:15,540: state.pubsub.pub.0004: task-manager                    : MainThread     : DEBUG   : start process
2017-11-09 16:46:15,540: state.pubsub.pub.0004: task-manager                    : MainThread     : DEBUG   : ru_initialize_common (NOOP)
2017-11-09 16:46:15,540: state.pubsub.pub.0004: task-manager                    : MainThread     : DEBUG   : ru_initialize_parent (NOOP)
2017-11-09 16:46:15,540: state.pubsub.pub.0004: task-manager                    : MainThread     : DEBUG   : process class started (no child)
2017-11-09 17:47:49,431: state.pubsub.pub.0004: umgr.0000.staging.output.0      : MainThread     : INFO    : parent stops child  7620 -> None [state.pubsub.pub.0004]
2017-11-09 17:47:49,431: state.pubsub.pub.0004: umgr.0000.staging.output.0      : MainThread     : DEBUG   : ru_finalize_parent (NOOP)
