2017-11-07 03:32:33,302: control.pubsub.pub.0001: pmgr.0000.launching.0           : MainThread     : INFO    : python.interpreter   version: 2.7.12 (default, Nov 19 2016, 06:48:10) [GCC 5.4.0 20160609]
2017-11-07 03:32:33,302: control.pubsub.pub.0001: pmgr.0000.launching.0           : MainThread     : INFO    :                      pid: 24512
2017-11-07 03:32:33,302: control.pubsub.pub.0001: pmgr.0000.launching.0           : MainThread     : INFO    :                      tid: MainThread
2017-11-07 03:32:33,302: control.pubsub.pub.0001: pmgr.0000.launching.0           : MainThread     : INFO    : radical.pilot        version: 0.47-v0.46.2-181-g138b1e15@HEAD-detached-at-origin-rc-v0.46.3
2017-11-07 03:32:33,302: control.pubsub.pub.0001: pmgr.0000.launching.0           : MainThread     : INFO    : create control_pubsub - pub - tcp://138.201.86.166:44374
2017-11-07 03:32:33,302: control.pubsub.pub.0001: pmgr.0000.launching.0           : MainThread     : DEBUG   : start process
2017-11-07 03:32:33,302: control.pubsub.pub.0001: pmgr.0000.launching.0           : MainThread     : DEBUG   : ru_initialize_common (NOOP)
2017-11-07 03:32:33,302: control.pubsub.pub.0001: pmgr.0000.launching.0           : MainThread     : DEBUG   : ru_initialize_parent (NOOP)
2017-11-07 03:32:33,303: control.pubsub.pub.0001: pmgr.0000.launching.0           : MainThread     : DEBUG   : process class started (no child)
2017-11-07 03:32:33,336: control.pubsub.pub.0001: MainProcess                     : MainThread     : INFO    : python.interpreter   version: 2.7.12 (default, Nov 19 2016, 06:48:10) [GCC 5.4.0 20160609]
2017-11-07 03:32:33,336: control.pubsub.pub.0001: MainProcess                     : MainThread     : INFO    :                      pid: 24402
2017-11-07 03:32:33,336: control.pubsub.pub.0001: MainProcess                     : MainThread     : INFO    :                      tid: MainThread
2017-11-07 03:32:33,336: control.pubsub.pub.0001: MainProcess                     : MainThread     : INFO    : radical.pilot        version: 0.47-v0.46.2-181-g138b1e15@HEAD-detached-at-origin-rc-v0.46.3
2017-11-07 03:32:33,336: control.pubsub.pub.0001: MainProcess                     : MainThread     : INFO    : create control_pubsub - pub - tcp://138.201.86.166:44374
2017-11-07 03:32:33,339: control.pubsub.pub.0001: MainProcess                     : MainThread     : DEBUG   : start process
2017-11-07 03:32:33,339: control.pubsub.pub.0001: MainProcess                     : MainThread     : DEBUG   : ru_initialize_common (NOOP)
2017-11-07 03:32:33,339: control.pubsub.pub.0001: MainProcess                     : MainThread     : DEBUG   : ru_initialize_parent (NOOP)
2017-11-07 03:32:33,339: control.pubsub.pub.0001: MainProcess                     : MainThread     : DEBUG   : process class started (no child)
2017-11-07 04:34:59,910: control.pubsub.pub.0001: MainProcess                     : MainThread     : INFO    : parent stops child  24402 -> None [control.pubsub.pub.0001]
2017-11-07 04:34:59,910: control.pubsub.pub.0001: MainProcess                     : MainThread     : DEBUG   : ru_finalize_parent (NOOP)
