2017-10-23 18:05:01,191: log.pubsub.pub.0000 : update.0                        : MainThread     : INFO    : python.interpreter   version: 2.7.12 (default, Nov 19 2016, 06:48:10) [GCC 5.4.0 20160609]
2017-10-23 18:05:01,191: log.pubsub.pub.0000 : update.0                        : MainThread     : INFO    :                      pid: 15066
2017-10-23 18:05:01,191: log.pubsub.pub.0000 : update.0                        : MainThread     : INFO    :                      tid: MainThread
2017-10-23 18:05:01,191: log.pubsub.pub.0000 : update.0                        : MainThread     : INFO    : radical.pilot        version: 0.47-v0.46.2-93-g379bd68d@feature-gpu
2017-10-23 18:05:01,191: log.pubsub.pub.0000 : update.0                        : MainThread     : INFO    : create log_pubsub - pub - tcp://138.201.86.166:39626
2017-10-23 18:05:01,192: log.pubsub.pub.0000 : update.0                        : MainThread     : DEBUG   : start process
2017-10-23 18:05:01,192: log.pubsub.pub.0000 : update.0                        : MainThread     : DEBUG   : ru_initialize_common (NOOP)
2017-10-23 18:05:01,192: log.pubsub.pub.0000 : update.0                        : MainThread     : DEBUG   : ru_initialize_parent (NOOP)
2017-10-23 18:05:01,192: log.pubsub.pub.0000 : update.0                        : MainThread     : DEBUG   : process class started (no child)
2017-10-23 18:05:01,754: log.pubsub.pub.0000 : MainProcess                     : MainThread     : INFO    : python.interpreter   version: 2.7.12 (default, Nov 19 2016, 06:48:10) [GCC 5.4.0 20160609]
2017-10-23 18:05:01,755: log.pubsub.pub.0000 : MainProcess                     : MainThread     : INFO    :                      pid: 14986
2017-10-23 18:05:01,755: log.pubsub.pub.0000 : MainProcess                     : MainThread     : INFO    :                      tid: MainThread
2017-10-23 18:05:01,755: log.pubsub.pub.0000 : MainProcess                     : MainThread     : INFO    : radical.pilot        version: 0.47-v0.46.2-93-g379bd68d@feature-gpu
2017-10-23 18:05:01,755: log.pubsub.pub.0000 : MainProcess                     : MainThread     : INFO    : create log_pubsub - pub - tcp://138.201.86.166:39626
2017-10-23 18:05:01,755: log.pubsub.pub.0000 : MainProcess                     : MainThread     : DEBUG   : start process
2017-10-23 18:05:01,755: log.pubsub.pub.0000 : MainProcess                     : MainThread     : DEBUG   : ru_initialize_common (NOOP)
2017-10-23 18:05:01,755: log.pubsub.pub.0000 : MainProcess                     : MainThread     : DEBUG   : ru_initialize_parent (NOOP)
2017-10-23 18:05:01,756: log.pubsub.pub.0000 : MainProcess                     : MainThread     : DEBUG   : process class started (no child)
2017-10-23 19:00:56,930: log.pubsub.pub.0000 : MainProcess                     : MainThread     : INFO    : parent stops child
2017-10-23 19:00:56,931: log.pubsub.pub.0000 : MainProcess                     : MainThread     : DEBUG   : ru_finalize_parent (NOOP)
2017-10-23 19:00:57,426: log.pubsub.pub.0000 : update.0                        : MainThread     : INFO    : parent stops child
2017-10-23 19:00:57,426: log.pubsub.pub.0000 : update.0                        : MainThread     : DEBUG   : ru_finalize_parent (NOOP)
