2017-10-23 18:05:01,761: pmgr.0000           : MainProcess                     : MainThread     : INFO    : python.interpreter   version: 2.7.12 (default, Nov 19 2016, 06:48:10) [GCC 5.4.0 20160609]
2017-10-23 18:05:01,761: pmgr.0000           : MainProcess                     : MainThread     : INFO    :                      pid: 14986
2017-10-23 18:05:01,761: pmgr.0000           : MainProcess                     : MainThread     : INFO    :                      tid: MainThread
2017-10-23 18:05:01,761: pmgr.0000           : MainProcess                     : MainThread     : INFO    : radical.pilot        version: 0.47-v0.46.2-93-g379bd68d@feature-gpu
2017-10-23 18:05:01,768: pmgr.0000           : MainProcess                     : MainThread     : DEBUG   : alive check in term
2017-10-23 18:05:01,768: pmgr.0000           : MainProcess                     : MainThread     : DEBUG   : start process
2017-10-23 18:05:01,768: pmgr.0000           : MainProcess                     : MainThread     : INFO    : initialize pmgr.0000
2017-10-23 18:05:01,768: pmgr.0000           : MainProcess                     : MainThread     : INFO    : cfg: {u'bridges': {u'pmgr_launching_queue': {u'bulk_size': 0,
                                        u'log_level': u'debug',
                                        u'stall_hwm': 1}},
 u'components': {u'PMGRLaunchingComponent': {u'count': 1}},
 u'db_poll_sleeptime': 10.0,
 'owner': 'pmgr.0000'}
2017-10-23 18:05:01,769: pmgr.0000           : MainProcess                     : MainThread     : DEBUG   : start bridges   : {u'pmgr_launching_queue': {u'bulk_size': 0,
                           u'log_level': u'debug',
                           u'stall_hwm': 1}}
2017-10-23 18:05:01,769: pmgr.0000           : MainProcess                     : MainThread     : INFO    : create bridge pmgr_launching_queue
2017-10-23 18:05:01,780: pmgr.0000           : MainProcess                     : MainThread     : INFO    : created bridge pmgr_launching_queue (pmgr.launching.queue.bridge.0000)
2017-10-23 18:05:01,781: pmgr.0000           : MainProcess                     : MainThread     : DEBUG   : start components: {u'PMGRLaunchingComponent': {u'count': 1}}
2017-10-23 18:05:01,781: pmgr.0000           : MainProcess                     : MainThread     : DEBUG   : start 1 component(s) PMGRLaunchingComponent
2017-10-23 18:05:01,894: pmgr.0000           : MainProcess                     : MainThread     : INFO    : pmgr.0000                      starts pmgr.launching.0
2017-10-23 18:05:01,894: pmgr.0000           : MainProcess                     : MainThread     : DEBUG   : alive check in term
2017-10-23 18:05:01,894: pmgr.0000           : MainProcess                     : MainThread     : DEBUG   : START: pmgr.0000 register publisher log_pubsub
2017-10-23 18:05:01,894: pmgr.0000           : MainProcess                     : MainThread     : DEBUG   : using addr tcp://138.201.86.166:39626 for pubsub log_pubsub
2017-10-23 18:05:01,897: pmgr.0000           : MainProcess                     : MainThread     : DEBUG   : registered publisher : log_pubsub : log.pubsub.pub.0002
2017-10-23 18:05:01,897: pmgr.0000           : MainProcess                     : MainThread     : DEBUG   : alive check in term
2017-10-23 18:05:01,898: pmgr.0000           : MainProcess                     : MainThread     : DEBUG   : START: pmgr.0000 register publisher state_pubsub
2017-10-23 18:05:01,898: pmgr.0000           : MainProcess                     : MainThread     : DEBUG   : using addr tcp://138.201.86.166:38360 for pubsub state_pubsub
2017-10-23 18:05:01,901: pmgr.0000           : MainProcess                     : MainThread     : DEBUG   : registered publisher : state_pubsub : state.pubsub.pub.0002
2017-10-23 18:05:01,901: pmgr.0000           : MainProcess                     : MainThread     : DEBUG   : alive check in term
2017-10-23 18:05:01,901: pmgr.0000           : MainProcess                     : MainThread     : DEBUG   : START: pmgr.0000 register publisher control_pubsub
2017-10-23 18:05:01,901: pmgr.0000           : MainProcess                     : MainThread     : DEBUG   : using addr tcp://138.201.86.166:40416 for pubsub control_pubsub
2017-10-23 18:05:01,904: pmgr.0000           : MainProcess                     : MainThread     : DEBUG   : registered publisher : control_pubsub : control.pubsub.pub.0002
2017-10-23 18:05:01,904: pmgr.0000           : MainProcess                     : MainThread     : DEBUG   : process class started (no child)
2017-10-23 18:05:01,904: pmgr.0000           : MainProcess                     : MainThread     : DEBUG   : START: pmgr.0000 register output PMGR_LAUNCHING_PENDING
2017-10-23 18:05:01,904: pmgr.0000           : MainProcess                     : MainThread     : DEBUG   : using addr tcp://138.201.86.166:42440 for output pmgr_launching_queue
2017-10-23 18:05:01,907: pmgr.0000           : MainProcess                     : MainThread     : DEBUG   : registered output    : PMGR_LAUNCHING_PENDING : pmgr_launching_queue : pmgr.launching.queue.input.0000
2017-10-23 18:05:01,907: pmgr.0000           : MainProcess                     : MainThread     : DEBUG   : START: pmgr.0000 register idler pmgr.0000.idler._state_pull_cb
2017-10-23 18:05:01,907: pmgr.0000           : MainProcess                     : MainThread     : DEBUG   : parent name: pmgr.0000.idler._state_pull_cb
2017-10-23 18:05:01,907: pmgr.0000           : MainProcess                     : MainThread     : DEBUG   : start thread
2017-10-23 18:05:01,907: pmgr.0000           : MainProcess                     : pmgr.0000.idler._state_pull_cb: DEBUG   : child name: pmgr.0000.idler._state_pull_cb.thread
2017-10-23 18:05:01,908: pmgr.0000           : MainProcess                     : pmgr.0000.idler._state_pull_cb: INFO    : child (me) initializing
2017-10-23 18:05:01,908: pmgr.0000           : MainProcess                     : pmgr.0000.idler._state_pull_cb: DEBUG   : ru_initialize_common (NOOP)
2017-10-23 18:05:01,908: pmgr.0000           : MainProcess                     : pmgr.0000.idler._state_pull_cb: DEBUG   : ru_initialize_child (NOOP)
2017-10-23 18:05:01,908: pmgr.0000           : MainProcess                     : pmgr.0000.idler._state_pull_cb: INFO    : send alive
2017-10-23 18:05:01,908: pmgr.0000           : MainProcess                     : pmgr.0000.idler._state_pull_cb: INFO    : put message: [pmgr.0000.idler._state_pull_cb.thread] alive
2017-10-23 18:05:01,909: pmgr.0000           : MainProcess                     : MainThread     : INFO    : get msg: alive
2017-10-23 18:05:01,909: pmgr.0000           : MainProcess                     : MainThread     : DEBUG   : ru_initialize_common (NOOP)
2017-10-23 18:05:01,909: pmgr.0000           : MainProcess                     : MainThread     : DEBUG   : ru_initialize_parent (NOOP)
2017-10-23 18:05:01,909: pmgr.0000           : MainProcess                     : MainThread     : DEBUG   : child thread pmgr.0000.idler._state_pull_cb started
2017-10-23 18:05:01,909: pmgr.0000           : MainProcess                     : MainThread     : DEBUG   : pmgr.0000 registered idler pmgr.0000.idler._state_pull_cb
2017-10-23 18:05:01,910: pmgr.0000           : MainProcess                     : MainThread     : DEBUG   : START: pmgr.0000 register subscriber pmgr.0000.subscriber._state_sub_cb
2017-10-23 18:05:01,910: pmgr.0000           : MainProcess                     : MainThread     : DEBUG   : using addr tcp://138.201.86.166:36704 for pubsub state_pubsub
2017-10-23 18:05:01,912: pmgr.0000           : MainProcess                     : MainThread     : DEBUG   : parent name: pmgr.0000.subscriber._state_sub_cb
2017-10-23 18:05:01,912: pmgr.0000           : MainProcess                     : MainThread     : DEBUG   : start thread
2017-10-23 18:05:01,912: pmgr.0000           : MainProcess                     : pmgr.0000.subscriber._state_sub_cb: DEBUG   : child name: pmgr.0000.subscriber._state_sub_cb.thread
2017-10-23 18:05:01,912: pmgr.0000           : MainProcess                     : pmgr.0000.subscriber._state_sub_cb: INFO    : child (me) initializing
2017-10-23 18:05:01,912: pmgr.0000           : MainProcess                     : pmgr.0000.subscriber._state_sub_cb: DEBUG   : ru_initialize_common (NOOP)
2017-10-23 18:05:01,912: pmgr.0000           : MainProcess                     : pmgr.0000.subscriber._state_sub_cb: DEBUG   : ru_initialize_child (NOOP)
2017-10-23 18:05:01,912: pmgr.0000           : MainProcess                     : pmgr.0000.subscriber._state_sub_cb: INFO    : send alive
2017-10-23 18:05:01,912: pmgr.0000           : MainProcess                     : pmgr.0000.subscriber._state_sub_cb: INFO    : put message: [pmgr.0000.subscriber._state_sub_cb.thread] alive
2017-10-23 18:05:01,913: pmgr.0000           : MainProcess                     : MainThread     : INFO    : get msg: alive
2017-10-23 18:05:01,913: pmgr.0000           : MainProcess                     : MainThread     : DEBUG   : ru_initialize_common (NOOP)
2017-10-23 18:05:01,913: pmgr.0000           : MainProcess                     : MainThread     : DEBUG   : ru_initialize_parent (NOOP)
2017-10-23 18:05:01,913: pmgr.0000           : MainProcess                     : MainThread     : DEBUG   : child thread pmgr.0000.subscriber._state_sub_cb started
2017-10-23 18:05:02,010: pmgr.0000           : MainProcess                     : MainThread     : DEBUG   : pmgr.0000 registered state_pubsub subscriber pmgr.0000.subscriber._state_sub_cb
2017-10-23 18:05:11,304: pmgr.0000           : MainProcess                     : MainThread     : DEBUG   : advance bulk size: 1 [False, False]
2017-10-23 18:05:11,406: pmgr.0000           : MainProcess                     : MainThread     : INFO    : [Callback]: pilot pilot.0000 state: PMGR_LAUNCHING_PENDING.
2017-10-23 18:05:11,407: pmgr.0000           : MainProcess                     : MainThread     : DEBUG   : advance bulk size: 1 [True, True]
2017-10-23 18:05:11,408: pmgr.0000           : MainProcess                     : MainThread     : DEBUG   : put bulk PMGR_LAUNCHING_PENDING: 1
2017-10-23 18:05:11,409: pmgr.0000           : MainProcess                     : MainThread     : DEBUG   : <- 2j6m-a698g.tgz (<type 'str'>)
2017-10-23 18:05:11,410: pmgr.0000           : MainProcess                     : MainThread     : DEBUG   :    2j6m-a698g.tgz
2017-10-23 18:05:11,410: pmgr.0000           : MainProcess                     : MainThread     : DEBUG   :    pwd
2017-10-23 18:05:11,410: pmgr.0000           : MainProcess                     : MainThread     : DEBUG   :    expand with /home/jdakka/UCL/gpu_branch_env/GB-SC18/scripts/esmacs/16_replicas
2017-10-23 18:05:11,410: pmgr.0000           : MainProcess                     : MainThread     : DEBUG   : -> file:///home/jdakka/UCL/gpu_branch_env/GB-SC18/scripts/esmacs/16_replicas/2j6m-a698g.tgz
2017-10-23 18:05:11,410: pmgr.0000           : MainProcess                     : MainThread     : DEBUG   : <- pilot:///2j6m-a698g.tgz (<type 'str'>)
2017-10-23 18:05:11,411: pmgr.0000           : MainProcess                     : MainThread     : DEBUG   :    pilot:///2j6m-a698g.tgz
2017-10-23 18:05:11,411: pmgr.0000           : MainProcess                     : pmgr.0000.subscriber._state_sub_cb: INFO    : [Callback]: pilot pilot.0000 state: PMGR_LAUNCHING.
2017-10-23 18:05:11,411: pmgr.0000           : MainProcess                     : MainThread     : DEBUG   :    pilot
2017-10-23 18:05:11,411: pmgr.0000           : MainProcess                     : MainThread     : DEBUG   :    expand with gsisftp://bw.ncsa.illinois.edu/scratch/sciteam/dakka/radical.pilot.sandbox/rp.session.two.jdakka.017462.0004/pilot.0000/
2017-10-23 18:05:11,411: pmgr.0000           : MainProcess                     : pmgr.0000.subscriber._state_sub_cb: DEBUG   : advance bulk size: 1 [False, False]
2017-10-23 18:05:11,411: pmgr.0000           : MainProcess                     : MainThread     : DEBUG   : -> gsisftp://bw.ncsa.illinois.edu/scratch/sciteam/dakka/radical.pilot.sandbox/rp.session.two.jdakka.017462.0004/pilot.0000/staging_area/2j6m-a698g.tgz
2017-10-23 18:05:11,411: pmgr.0000           : MainProcess                     : MainThread     : INFO    : transfer file:///home/jdakka/UCL/gpu_branch_env/GB-SC18/scripts/esmacs/16_replicas/2j6m-a698g.tgz to gsisftp://bw.ncsa.illinois.edu/scratch/sciteam/dakka/radical.pilot.sandbox/rp.session.two.jdakka.017462.0004/pilot.0000/staging_area/2j6m-a698g.tgz
2017-10-23 18:05:39,805: pmgr.0000           : MainProcess                     : pmgr.0000.subscriber._state_sub_cb: INFO    : [Callback]: pilot pilot.0000 state: PMGR_ACTIVE_PENDING.
2017-10-23 18:05:39,806: pmgr.0000           : MainProcess                     : pmgr.0000.subscriber._state_sub_cb: DEBUG   : advance bulk size: 1 [False, False]
2017-10-23 18:11:57,143: pmgr.0000           : MainProcess                     : pmgr.0000.idler._state_pull_cb: INFO    : [Callback]: pilot pilot.0000 state: PMGR_ACTIVE.
2017-10-23 18:11:57,144: pmgr.0000           : MainProcess                     : pmgr.0000.idler._state_pull_cb: DEBUG   : advance bulk size: 1 [False, True]
2017-10-23 18:11:57,145: pmgr.0000           : MainProcess                     : pmgr.0000.idler._state_pull_cb: INFO    : pilot pilot.0000 is PMGR_ACTIVE: None [None]
2017-10-23 19:00:54,581: pmgr.0000           : MainProcess                     : pmgr.0000.subscriber._state_sub_cb: INFO    : [Callback]: pilot pilot.0000 state: DONE.
2017-10-23 19:00:54,581: pmgr.0000           : MainProcess                     : pmgr.0000.subscriber._state_sub_cb: DEBUG   : advance bulk size: 1 [False, False]
2017-10-23 19:00:54,631: pmgr.0000           : MainProcess                     : MainThread     : INFO    : stop pmgr.0000 (14986 : None : MainThread) [radical.pilot.pilot_manager.PilotManager.close]
2017-10-23 19:00:54,631: pmgr.0000           : MainProcess                     : MainThread     : INFO    : parent stops child
2017-10-23 19:00:55,500: pmgr.0000           : MainProcess                     : pmgr.0000.subscriber._state_sub_cb: INFO    : put message: [pmgr.0000.subscriber._state_sub_cb.thread] work finished
2017-10-23 19:00:55,500: pmgr.0000           : MainProcess                     : pmgr.0000.subscriber._state_sub_cb: DEBUG   : ru_finalize_child (NOOP)
2017-10-23 19:00:55,501: pmgr.0000           : MainProcess                     : pmgr.0000.subscriber._state_sub_cb: INFO    : put message: [pmgr.0000.subscriber._state_sub_cb.thread] terminating
2017-10-23 19:00:56,905: pmgr.0000           : MainProcess                     : MainThread     : DEBUG   : ru_finalize_common()
2017-10-23 19:00:56,905: pmgr.0000           : MainProcess                     : MainThread     : DEBUG   : TERM : pmgr.0000 unregister publisher log_pubsub
2017-10-23 19:00:56,907: pmgr.0000           : MainProcess                     : MainThread     : DEBUG   : unregistered publisher log_pubsub
2017-10-23 19:00:56,907: pmgr.0000           : MainProcess                     : MainThread     : DEBUG   : TERM : pmgr.0000 unregister publisher state_pubsub
2017-10-23 19:00:56,908: pmgr.0000           : MainProcess                     : MainThread     : DEBUG   : unregistered publisher state_pubsub
2017-10-23 19:00:56,908: pmgr.0000           : MainProcess                     : MainThread     : DEBUG   : TERM : pmgr.0000 unregister publisher control_pubsub
2017-10-23 19:00:56,910: pmgr.0000           : MainProcess                     : MainThread     : DEBUG   : unregistered publisher control_pubsub
2017-10-23 19:00:56,910: pmgr.0000           : MainProcess                     : MainThread     : DEBUG   : pmgr.0000 close prof
2017-10-23 19:00:56,912: pmgr.0000           : MainProcess                     : MainThread     : INFO    : parent stops child
2017-10-23 19:00:56,912: pmgr.0000           : MainProcess                     : MainThread     : DEBUG   : ru_finalize_parent (NOOP)
2017-10-23 19:00:56,912: pmgr.0000           : MainProcess                     : MainThread     : INFO    : parent stops child
2017-10-23 19:00:56,912: pmgr.0000           : MainProcess                     : MainThread     : DEBUG   : ru_finalize_parent (NOOP)
2017-10-23 19:00:56,912: pmgr.0000           : MainProcess                     : MainThread     : DEBUG   : ru_finalize_common (NOOP)
2017-10-23 19:00:56,926: pmgr.0000           : MainProcess                     : pmgr.0000.idler._state_pull_cb: DEBUG   : ru_finalize_child (NOOP)
2017-10-23 19:00:56,926: pmgr.0000           : MainProcess                     : pmgr.0000.idler._state_pull_cb: DEBUG   : ru_finalize_common (NOOP)
2017-10-23 19:00:56,926: pmgr.0000           : MainProcess                     : pmgr.0000.idler._state_pull_cb: INFO    : put message: [pmgr.0000.idler._state_pull_cb.thread] terminating
2017-10-23 19:00:56,928: pmgr.0000           : MainProcess                     : MainThread     : INFO    : Closed PilotManager pmgr.0000.
2017-10-23 19:00:59,655: pmgr.0000           : MainProcess                     : MainThread     : INFO    : stop pmgr.0000 (14986 : None : MainThread) [radical.pilot.session.Session.close]
2017-10-23 19:00:59,656: pmgr.0000           : MainProcess                     : MainThread     : INFO    : parent stops child
2017-10-23 19:00:59,656: pmgr.0000           : MainProcess                     : MainThread     : INFO    : parent stops child
