2017-10-23 18:05:01,819: state.pubsub.pub.0001: pmgr.launching.0                : MainThread     : INFO    : python.interpreter   version: 2.7.12 (default, Nov 19 2016, 06:48:10) [GCC 5.4.0 20160609]
2017-10-23 18:05:01,820: state.pubsub.pub.0001: pmgr.launching.0                : MainThread     : INFO    :                      pid: 15108
2017-10-23 18:05:01,820: state.pubsub.pub.0001: pmgr.launching.0                : MainThread     : INFO    :                      tid: MainThread
2017-10-23 18:05:01,820: state.pubsub.pub.0001: pmgr.launching.0                : MainThread     : INFO    : radical.pilot        version: 0.47-v0.46.2-93-g379bd68d@feature-gpu
2017-10-23 18:05:01,820: state.pubsub.pub.0001: pmgr.launching.0                : MainThread     : INFO    : create state_pubsub - pub - tcp://138.201.86.166:38360
2017-10-23 18:05:01,821: state.pubsub.pub.0001: pmgr.launching.0                : MainThread     : DEBUG   : start process
2017-10-23 18:05:01,821: state.pubsub.pub.0001: pmgr.launching.0                : MainThread     : DEBUG   : ru_initialize_common (NOOP)
2017-10-23 18:05:01,821: state.pubsub.pub.0001: pmgr.launching.0                : MainThread     : DEBUG   : ru_initialize_parent (NOOP)
2017-10-23 18:05:01,821: state.pubsub.pub.0001: pmgr.launching.0                : MainThread     : DEBUG   : process class started (no child)
2017-10-23 18:05:01,884: state.pubsub.pub.0001: MainProcess                     : MainThread     : INFO    : python.interpreter   version: 2.7.12 (default, Nov 19 2016, 06:48:10) [GCC 5.4.0 20160609]
2017-10-23 18:05:01,885: state.pubsub.pub.0001: MainProcess                     : MainThread     : INFO    :                      pid: 14986
2017-10-23 18:05:01,885: state.pubsub.pub.0001: MainProcess                     : MainThread     : INFO    :                      tid: MainThread
2017-10-23 18:05:01,885: state.pubsub.pub.0001: MainProcess                     : MainThread     : INFO    : radical.pilot        version: 0.47-v0.46.2-93-g379bd68d@feature-gpu
2017-10-23 18:05:01,885: state.pubsub.pub.0001: MainProcess                     : MainThread     : INFO    : create state_pubsub - pub - tcp://138.201.86.166:38360
2017-10-23 18:05:01,886: state.pubsub.pub.0001: MainProcess                     : MainThread     : DEBUG   : start process
2017-10-23 18:05:01,886: state.pubsub.pub.0001: MainProcess                     : MainThread     : DEBUG   : ru_initialize_common (NOOP)
2017-10-23 18:05:01,886: state.pubsub.pub.0001: MainProcess                     : MainThread     : DEBUG   : ru_initialize_parent (NOOP)
2017-10-23 18:05:01,886: state.pubsub.pub.0001: MainProcess                     : MainThread     : DEBUG   : process class started (no child)
2017-10-23 19:00:54,632: state.pubsub.pub.0001: MainProcess                     : MainThread     : INFO    : parent stops child
2017-10-23 19:00:54,632: state.pubsub.pub.0001: MainProcess                     : MainThread     : DEBUG   : ru_finalize_parent (NOOP)
