2017-10-23 18:11:57,525: umgr.staging.output.0.child: umgr.staging.output.0           : MainThread     : INFO    : python.interpreter   version: 2.7.12 (default, Nov 19 2016, 06:48:10) [GCC 5.4.0 20160609]
2017-10-23 18:11:57,525: umgr.staging.output.0.child: umgr.staging.output.0           : MainThread     : INFO    :                      pid: 24298
2017-10-23 18:11:57,525: umgr.staging.output.0.child: umgr.staging.output.0           : MainThread     : INFO    :                      tid: MainThread
2017-10-23 18:11:57,525: umgr.staging.output.0.child: umgr.staging.output.0           : MainThread     : INFO    : radical.pilot        version: 0.47-v0.46.2-93-g379bd68d@feature-gpu
2017-10-23 18:11:57,532: umgr.staging.output.0.child: umgr.staging.output.0           : MainThread     : INFO    : initialize umgr.staging.output.0.child
2017-10-23 18:11:57,534: umgr.staging.output.0.child: umgr.staging.output.0           : MainThread     : INFO    : cfg: {'agents': {},
 u'bridges': {u'control_pubsub': {'addr_in': 'tcp://138.201.86.166:40416',
                                  'addr_out': 'tcp://138.201.86.166:38964',
                                  u'bulk_size': 0,
                                  u'log_level': u'debug',
                                  u'stall_hwm': 1},
              u'log_pubsub': {'addr_in': 'tcp://138.201.86.166:39626',
                              'addr_out': 'tcp://138.201.86.166:40107',
                              u'bulk_size': 0,
                              u'log_level': u'debug',
                              u'stall_hwm': 1},
              u'state_pubsub': {'addr_in': 'tcp://138.201.86.166:38360',
                                'addr_out': 'tcp://138.201.86.166:36704',
                                u'bulk_size': 0,
                                u'log_level': u'debug',
                                u'stall_hwm': 1},
              u'umgr_reschedule_pubsub': {'addr_in': 'tcp://138.201.86.166:43207',
                                          'addr_out': 'tcp://138.201.86.166:45151',
                                          u'bulk_size': 0,
                                          u'log_level': u'debug',
                                          u'stall_hwm': 1},
              u'umgr_scheduling_queue': {'addr_in': 'tcp://138.201.86.166:36444',
                                         'addr_out': 'tcp://138.201.86.166:35997',
                                         u'bulk_size': 0,
                                         u'log_level': u'debug',
                                         u'stall_hwm': 1},
              u'umgr_staging_input_queue': {'addr_in': 'tcp://138.201.86.166:46647',
                                            'addr_out': 'tcp://138.201.86.166:36837',
                                            u'bulk_size': 0,
                                            u'log_level': u'debug',
                                            u'stall_hwm': 1},
              u'umgr_staging_output_queue': {'addr_in': 'tcp://138.201.86.166:42628',
                                             'addr_out': 'tcp://138.201.86.166:43016',
                                             u'bulk_size': 0,
                                             u'log_level': u'debug',
                                             u'stall_hwm': 1},
              u'umgr_unschedule_pubsub': {'addr_in': 'tcp://138.201.86.166:35843',
                                          'addr_out': 'tcp://138.201.86.166:42983',
                                          u'bulk_size': 0,
                                          u'log_level': u'debug',
                                          u'stall_hwm': 1}},
 u'bulk_collection_size': 100,
 u'bulk_collection_time': 1.0,
 'cname': u'UMGRStagingOutputComponent',
 u'components': {},
 u'count': 1,
 u'db_poll_sleeptime': 1.0,
 'number': 0,
 'owner': 'umgr.0000',
 u'scheduler': u'round_robin',
 'uid': 'umgr.0000'}
2017-10-23 18:11:57,534: umgr.staging.output.0.child: umgr.staging.output.0           : MainThread     : DEBUG   : start components: {}
2017-10-23 18:11:57,534: umgr.staging.output.0.child: umgr.staging.output.0           : MainThread     : DEBUG   : alive check in term
2017-10-23 18:11:57,534: umgr.staging.output.0.child: umgr.staging.output.0           : MainThread     : DEBUG   : START: umgr.staging.output.0.child register publisher log_pubsub
2017-10-23 18:11:57,534: umgr.staging.output.0.child: umgr.staging.output.0           : MainThread     : DEBUG   : using addr tcp://138.201.86.166:39626 for pubsub log_pubsub
2017-10-23 18:11:57,536: umgr.staging.output.0.child: umgr.staging.output.0           : MainThread     : DEBUG   : registered publisher : log_pubsub : log.pubsub.pub.0004
2017-10-23 18:11:57,536: umgr.staging.output.0.child: umgr.staging.output.0           : MainThread     : DEBUG   : alive check in term
2017-10-23 18:11:57,536: umgr.staging.output.0.child: umgr.staging.output.0           : MainThread     : DEBUG   : START: umgr.staging.output.0.child register publisher state_pubsub
2017-10-23 18:11:57,536: umgr.staging.output.0.child: umgr.staging.output.0           : MainThread     : DEBUG   : using addr tcp://138.201.86.166:38360 for pubsub state_pubsub
2017-10-23 18:11:57,537: umgr.staging.output.0.child: umgr.staging.output.0           : MainThread     : DEBUG   : registered publisher : state_pubsub : state.pubsub.pub.0004
2017-10-23 18:11:57,537: umgr.staging.output.0.child: umgr.staging.output.0           : MainThread     : DEBUG   : alive check in term
2017-10-23 18:11:57,537: umgr.staging.output.0.child: umgr.staging.output.0           : MainThread     : DEBUG   : START: umgr.staging.output.0.child register publisher control_pubsub
2017-10-23 18:11:57,537: umgr.staging.output.0.child: umgr.staging.output.0           : MainThread     : DEBUG   : using addr tcp://138.201.86.166:40416 for pubsub control_pubsub
2017-10-23 18:11:57,538: umgr.staging.output.0.child: umgr.staging.output.0           : MainThread     : DEBUG   : registered publisher : control_pubsub : control.pubsub.pub.0004
2017-10-23 18:11:57,538: umgr.staging.output.0.child: umgr.staging.output.0           : MainThread     : DEBUG   : alive check in term
2017-10-23 18:11:57,538: umgr.staging.output.0.child: umgr.staging.output.0           : MainThread     : DEBUG   : START: umgr.staging.output.0.child register subscriber umgr.staging.output.0.child.subscriber._cancel_monitor_cb
2017-10-23 18:11:57,538: umgr.staging.output.0.child: umgr.staging.output.0           : MainThread     : DEBUG   : using addr tcp://138.201.86.166:38964 for pubsub control_pubsub
2017-10-23 18:11:57,539: umgr.staging.output.0.child: umgr.staging.output.0           : MainThread     : DEBUG   : parent name: umgr.staging.output.0.child.subscriber._cancel_monitor_cb
2017-10-23 18:11:57,539: umgr.staging.output.0.child: umgr.staging.output.0           : MainThread     : DEBUG   : start thread
2017-10-23 18:11:57,539: umgr.staging.output.0.child: umgr.staging.output.0           : umgr.staging.output.0.child.subscriber._cancel_monitor_cb: DEBUG   : child name: umgr.staging.output.0.child.subscriber._cancel_monitor_cb.thread
2017-10-23 18:11:57,539: umgr.staging.output.0.child: umgr.staging.output.0           : umgr.staging.output.0.child.subscriber._cancel_monitor_cb: INFO    : child (me) initializing
2017-10-23 18:11:57,539: umgr.staging.output.0.child: umgr.staging.output.0           : umgr.staging.output.0.child.subscriber._cancel_monitor_cb: DEBUG   : ru_initialize_common (NOOP)
2017-10-23 18:11:57,540: umgr.staging.output.0.child: umgr.staging.output.0           : umgr.staging.output.0.child.subscriber._cancel_monitor_cb: DEBUG   : ru_initialize_child (NOOP)
2017-10-23 18:11:57,540: umgr.staging.output.0.child: umgr.staging.output.0           : umgr.staging.output.0.child.subscriber._cancel_monitor_cb: INFO    : send alive
2017-10-23 18:11:57,540: umgr.staging.output.0.child: umgr.staging.output.0           : umgr.staging.output.0.child.subscriber._cancel_monitor_cb: INFO    : put message: [umgr.staging.output.0.child.subscriber._cancel_monitor_cb.thread] alive
2017-10-23 18:11:57,541: umgr.staging.output.0.child: umgr.staging.output.0           : MainThread     : INFO    : get msg: alive
2017-10-23 18:11:57,541: umgr.staging.output.0.child: umgr.staging.output.0           : MainThread     : DEBUG   : ru_initialize_common (NOOP)
2017-10-23 18:11:57,541: umgr.staging.output.0.child: umgr.staging.output.0           : MainThread     : DEBUG   : ru_initialize_parent (NOOP)
2017-10-23 18:11:57,541: umgr.staging.output.0.child: umgr.staging.output.0           : MainThread     : DEBUG   : child thread umgr.staging.output.0.child.subscriber._cancel_monitor_cb started
2017-10-23 18:11:57,541: umgr.staging.output.0.child: umgr.staging.output.0           : MainThread     : DEBUG   : umgr.staging.output.0.child registered control_pubsub subscriber umgr.staging.output.0.child.subscriber._cancel_monitor_cb
2017-10-23 18:11:57,541: umgr.staging.output.0.child: umgr.staging.output.0           : MainThread     : DEBUG   : alive check in term
2017-10-23 18:11:57,541: umgr.staging.output.0.child: umgr.staging.output.0           : MainThread     : DEBUG   : using addr tcp://138.201.86.166:43016 for input umgr_staging_output_queue
2017-10-23 18:11:57,542: umgr.staging.output.0.child: umgr.staging.output.0           : MainThread     : DEBUG   : registered input umgr.staging.output.0.child.work.UMGR_STAGING_OUTPUT_PENDING
2017-10-23 18:11:57,542: umgr.staging.output.0.child: umgr.staging.output.0           : MainThread     : DEBUG   : START: umgr.staging.output.0.child register input UMGR_STAGING_OUTPUT_PENDING: umgr.staging.output.0.child.work.UMGR_STAGING_OUTPUT_PENDING
2017-10-23 18:11:57,542: umgr.staging.output.0.child: umgr.staging.output.0           : MainThread     : DEBUG   : registered worker work [UMGR_STAGING_OUTPUT_PENDING]
2017-10-23 18:11:57,542: umgr.staging.output.0.child: umgr.staging.output.0           : MainThread     : INFO    : child (me) initializing
2017-10-23 18:11:57,542: umgr.staging.output.0.child: umgr.staging.output.0           : MainThread     : DEBUG   : parent name: umgr.staging.output.0.child.watch
2017-10-23 18:11:57,542: umgr.staging.output.0.child: umgr.staging.output.0           : MainThread     : DEBUG   : start thread
2017-10-23 18:11:57,542: umgr.staging.output.0.child: umgr.staging.output.0           : umgr.staging.output.0.child.watch: DEBUG   : child name: umgr.staging.output.0.child.watch.thread
2017-10-23 18:11:57,542: umgr.staging.output.0.child: umgr.staging.output.0           : umgr.staging.output.0.child.watch: INFO    : child (me) initializing
2017-10-23 18:11:57,542: umgr.staging.output.0.child: umgr.staging.output.0           : umgr.staging.output.0.child.watch: DEBUG   : ru_initialize_common (NOOP)
2017-10-23 18:11:57,542: umgr.staging.output.0.child: umgr.staging.output.0           : umgr.staging.output.0.child.watch: DEBUG   : ru_initialize_child (NOOP)
2017-10-23 18:11:57,542: umgr.staging.output.0.child: umgr.staging.output.0           : umgr.staging.output.0.child.watch: INFO    : send alive
2017-10-23 18:11:57,542: umgr.staging.output.0.child: umgr.staging.output.0           : umgr.staging.output.0.child.watch: INFO    : put message: [umgr.staging.output.0.child.watch.thread] alive
2017-10-23 18:11:57,543: umgr.staging.output.0.child: umgr.staging.output.0           : MainThread     : INFO    : get msg: alive
2017-10-23 18:11:57,543: umgr.staging.output.0.child: umgr.staging.output.0           : MainThread     : DEBUG   : ru_initialize_common (NOOP)
2017-10-23 18:11:57,543: umgr.staging.output.0.child: umgr.staging.output.0           : MainThread     : DEBUG   : ru_initialize_parent (NOOP)
2017-10-23 18:11:57,543: umgr.staging.output.0.child: umgr.staging.output.0           : MainThread     : DEBUG   : child thread umgr.staging.output.0.child.watch started
2017-10-23 18:11:57,543: umgr.staging.output.0.child: umgr.staging.output.0           : MainThread     : INFO    : child (me) is alive
2017-10-23 18:11:57,543: umgr.staging.output.0.child: umgr.staging.output.0           : MainThread     : INFO    : send alive
2017-10-23 18:11:57,543: umgr.staging.output.0.child: umgr.staging.output.0           : MainThread     : INFO    : send message: [umgr.staging.output.0.child] alive
2017-10-23 18:12:08,380: umgr.staging.output.0.child: umgr.staging.output.0           : MainThread     : DEBUG   : got unit (unit.000001)
2017-10-23 18:12:08,380: umgr.staging.output.0.child: umgr.staging.output.0           : MainThread     : DEBUG   : advance bulk size: 1 [False, True]
2017-10-23 18:12:08,380: umgr.staging.output.0.child: umgr.staging.output.0           : MainThread     : DEBUG   : advance bulk size: 1 [True, True]
2017-10-23 18:12:08,380: umgr.staging.output.0.child: umgr.staging.output.0           : MainThread     : DEBUG   : final unit.000001 [DONE]
2017-10-23 18:12:18,026: umgr.staging.output.0.child: umgr.staging.output.0           : MainThread     : DEBUG   : got unit (unit.000007)
2017-10-23 18:12:18,026: umgr.staging.output.0.child: umgr.staging.output.0           : MainThread     : DEBUG   : advance bulk size: 1 [False, True]
2017-10-23 18:12:18,026: umgr.staging.output.0.child: umgr.staging.output.0           : MainThread     : DEBUG   : advance bulk size: 1 [True, True]
2017-10-23 18:12:18,026: umgr.staging.output.0.child: umgr.staging.output.0           : MainThread     : DEBUG   : final unit.000007 [DONE]
2017-10-23 18:12:25,262: umgr.staging.output.0.child: umgr.staging.output.0           : MainThread     : DEBUG   : got unit (unit.000008)
2017-10-23 18:12:25,262: umgr.staging.output.0.child: umgr.staging.output.0           : MainThread     : DEBUG   : advance bulk size: 1 [False, True]
2017-10-23 18:12:25,262: umgr.staging.output.0.child: umgr.staging.output.0           : MainThread     : DEBUG   : advance bulk size: 1 [True, True]
2017-10-23 18:12:25,262: umgr.staging.output.0.child: umgr.staging.output.0           : MainThread     : DEBUG   : final unit.000008 [DONE]
2017-10-23 18:12:31,312: umgr.staging.output.0.child: umgr.staging.output.0           : MainThread     : DEBUG   : got unit (unit.000000)
2017-10-23 18:12:31,313: umgr.staging.output.0.child: umgr.staging.output.0           : MainThread     : DEBUG   : advance bulk size: 1 [False, True]
2017-10-23 18:12:31,313: umgr.staging.output.0.child: umgr.staging.output.0           : MainThread     : DEBUG   : advance bulk size: 1 [True, True]
2017-10-23 18:12:31,313: umgr.staging.output.0.child: umgr.staging.output.0           : MainThread     : DEBUG   : final unit.000000 [DONE]
2017-10-23 18:12:37,340: umgr.staging.output.0.child: umgr.staging.output.0           : MainThread     : DEBUG   : got unit (unit.000009)
2017-10-23 18:12:37,340: umgr.staging.output.0.child: umgr.staging.output.0           : MainThread     : DEBUG   : advance bulk size: 1 [False, True]
2017-10-23 18:12:37,340: umgr.staging.output.0.child: umgr.staging.output.0           : MainThread     : DEBUG   : advance bulk size: 1 [True, True]
2017-10-23 18:12:37,340: umgr.staging.output.0.child: umgr.staging.output.0           : MainThread     : DEBUG   : final unit.000009 [DONE]
2017-10-23 18:12:43,377: umgr.staging.output.0.child: umgr.staging.output.0           : MainThread     : DEBUG   : got unit (unit.000010)
2017-10-23 18:12:43,377: umgr.staging.output.0.child: umgr.staging.output.0           : MainThread     : DEBUG   : advance bulk size: 1 [False, True]
2017-10-23 18:12:43,377: umgr.staging.output.0.child: umgr.staging.output.0           : MainThread     : DEBUG   : advance bulk size: 1 [True, True]
2017-10-23 18:12:43,377: umgr.staging.output.0.child: umgr.staging.output.0           : MainThread     : DEBUG   : final unit.000010 [DONE]
2017-10-23 18:12:49,401: umgr.staging.output.0.child: umgr.staging.output.0           : MainThread     : DEBUG   : got unit (unit.000002)
2017-10-23 18:12:49,401: umgr.staging.output.0.child: umgr.staging.output.0           : MainThread     : DEBUG   : advance bulk size: 1 [False, True]
2017-10-23 18:12:49,401: umgr.staging.output.0.child: umgr.staging.output.0           : MainThread     : DEBUG   : advance bulk size: 1 [True, True]
2017-10-23 18:12:49,401: umgr.staging.output.0.child: umgr.staging.output.0           : MainThread     : DEBUG   : final unit.000002 [DONE]
2017-10-23 18:12:55,429: umgr.staging.output.0.child: umgr.staging.output.0           : MainThread     : DEBUG   : got unit (unit.000011)
2017-10-23 18:12:55,429: umgr.staging.output.0.child: umgr.staging.output.0           : MainThread     : DEBUG   : advance bulk size: 1 [False, True]
2017-10-23 18:12:55,429: umgr.staging.output.0.child: umgr.staging.output.0           : MainThread     : DEBUG   : advance bulk size: 1 [True, True]
2017-10-23 18:12:55,429: umgr.staging.output.0.child: umgr.staging.output.0           : MainThread     : DEBUG   : final unit.000011 [DONE]
2017-10-23 18:13:01,552: umgr.staging.output.0.child: umgr.staging.output.0           : MainThread     : DEBUG   : got unit (unit.000003)
2017-10-23 18:13:01,552: umgr.staging.output.0.child: umgr.staging.output.0           : MainThread     : DEBUG   : advance bulk size: 1 [False, True]
2017-10-23 18:13:01,552: umgr.staging.output.0.child: umgr.staging.output.0           : MainThread     : DEBUG   : advance bulk size: 1 [True, True]
2017-10-23 18:13:01,552: umgr.staging.output.0.child: umgr.staging.output.0           : MainThread     : DEBUG   : final unit.000003 [DONE]
2017-10-23 18:13:06,770: umgr.staging.output.0.child: umgr.staging.output.0           : MainThread     : DEBUG   : got unit (unit.000012)
2017-10-23 18:13:06,771: umgr.staging.output.0.child: umgr.staging.output.0           : MainThread     : DEBUG   : advance bulk size: 1 [False, True]
2017-10-23 18:13:06,771: umgr.staging.output.0.child: umgr.staging.output.0           : MainThread     : DEBUG   : advance bulk size: 1 [True, True]
2017-10-23 18:13:06,771: umgr.staging.output.0.child: umgr.staging.output.0           : MainThread     : DEBUG   : final unit.000012 [DONE]
2017-10-23 18:13:14,603: umgr.staging.output.0.child: umgr.staging.output.0           : MainThread     : DEBUG   : got unit (unit.000004)
2017-10-23 18:13:14,603: umgr.staging.output.0.child: umgr.staging.output.0           : MainThread     : DEBUG   : advance bulk size: 1 [False, True]
2017-10-23 18:13:14,603: umgr.staging.output.0.child: umgr.staging.output.0           : MainThread     : DEBUG   : advance bulk size: 1 [True, True]
2017-10-23 18:13:14,604: umgr.staging.output.0.child: umgr.staging.output.0           : MainThread     : DEBUG   : final unit.000004 [DONE]
2017-10-23 18:13:19,833: umgr.staging.output.0.child: umgr.staging.output.0           : MainThread     : DEBUG   : got unit (unit.000013)
2017-10-23 18:13:19,833: umgr.staging.output.0.child: umgr.staging.output.0           : MainThread     : DEBUG   : advance bulk size: 1 [False, True]
2017-10-23 18:13:19,833: umgr.staging.output.0.child: umgr.staging.output.0           : MainThread     : DEBUG   : advance bulk size: 1 [True, True]
2017-10-23 18:13:19,833: umgr.staging.output.0.child: umgr.staging.output.0           : MainThread     : DEBUG   : final unit.000013 [DONE]
2017-10-23 18:13:23,740: umgr.staging.output.0.child: umgr.staging.output.0           : MainThread     : DEBUG   : got unit (unit.000005)
2017-10-23 18:13:23,740: umgr.staging.output.0.child: umgr.staging.output.0           : MainThread     : DEBUG   : advance bulk size: 1 [False, True]
2017-10-23 18:13:23,740: umgr.staging.output.0.child: umgr.staging.output.0           : MainThread     : DEBUG   : advance bulk size: 1 [True, True]
2017-10-23 18:13:23,740: umgr.staging.output.0.child: umgr.staging.output.0           : MainThread     : DEBUG   : final unit.000005 [DONE]
2017-10-23 18:13:30,263: umgr.staging.output.0.child: umgr.staging.output.0           : MainThread     : DEBUG   : got unit (unit.000014)
2017-10-23 18:13:30,263: umgr.staging.output.0.child: umgr.staging.output.0           : MainThread     : DEBUG   : advance bulk size: 1 [False, True]
2017-10-23 18:13:30,263: umgr.staging.output.0.child: umgr.staging.output.0           : MainThread     : DEBUG   : advance bulk size: 1 [True, True]
2017-10-23 18:13:30,263: umgr.staging.output.0.child: umgr.staging.output.0           : MainThread     : DEBUG   : final unit.000014 [DONE]
2017-10-23 18:13:36,788: umgr.staging.output.0.child: umgr.staging.output.0           : MainThread     : DEBUG   : got unit (unit.000015)
2017-10-23 18:13:36,788: umgr.staging.output.0.child: umgr.staging.output.0           : MainThread     : DEBUG   : advance bulk size: 1 [False, True]
2017-10-23 18:13:36,788: umgr.staging.output.0.child: umgr.staging.output.0           : MainThread     : DEBUG   : advance bulk size: 1 [True, True]
2017-10-23 18:13:36,788: umgr.staging.output.0.child: umgr.staging.output.0           : MainThread     : DEBUG   : final unit.000015 [DONE]
2017-10-23 18:13:44,608: umgr.staging.output.0.child: umgr.staging.output.0           : MainThread     : DEBUG   : got unit (unit.000006)
2017-10-23 18:13:44,608: umgr.staging.output.0.child: umgr.staging.output.0           : MainThread     : DEBUG   : advance bulk size: 1 [False, True]
2017-10-23 18:13:44,608: umgr.staging.output.0.child: umgr.staging.output.0           : MainThread     : DEBUG   : advance bulk size: 1 [True, True]
2017-10-23 18:13:44,608: umgr.staging.output.0.child: umgr.staging.output.0           : MainThread     : DEBUG   : final unit.000006 [DONE]
2017-10-23 18:14:03,175: umgr.staging.output.0.child: umgr.staging.output.0           : MainThread     : DEBUG   : got unit (unit.000016)
2017-10-23 18:14:03,175: umgr.staging.output.0.child: umgr.staging.output.0           : MainThread     : DEBUG   : advance bulk size: 1 [False, True]
2017-10-23 18:14:03,175: umgr.staging.output.0.child: umgr.staging.output.0           : MainThread     : DEBUG   : advance bulk size: 1 [True, True]
2017-10-23 18:14:03,175: umgr.staging.output.0.child: umgr.staging.output.0           : MainThread     : DEBUG   : final unit.000016 [DONE]
2017-10-23 18:14:17,220: umgr.staging.output.0.child: umgr.staging.output.0           : MainThread     : DEBUG   : got unit (unit.000027)
2017-10-23 18:14:17,220: umgr.staging.output.0.child: umgr.staging.output.0           : MainThread     : DEBUG   : advance bulk size: 1 [False, True]
2017-10-23 18:14:17,221: umgr.staging.output.0.child: umgr.staging.output.0           : MainThread     : DEBUG   : advance bulk size: 1 [True, True]
2017-10-23 18:14:17,221: umgr.staging.output.0.child: umgr.staging.output.0           : MainThread     : DEBUG   : final unit.000027 [DONE]
2017-10-23 18:14:29,768: umgr.staging.output.0.child: umgr.staging.output.0           : MainThread     : DEBUG   : got unit (unit.000026)
2017-10-23 18:14:29,769: umgr.staging.output.0.child: umgr.staging.output.0           : MainThread     : DEBUG   : advance bulk size: 1 [False, True]
2017-10-23 18:14:29,769: umgr.staging.output.0.child: umgr.staging.output.0           : MainThread     : DEBUG   : advance bulk size: 1 [True, True]
2017-10-23 18:14:29,769: umgr.staging.output.0.child: umgr.staging.output.0           : MainThread     : DEBUG   : final unit.000026 [DONE]
2017-10-23 18:14:42,299: umgr.staging.output.0.child: umgr.staging.output.0           : MainThread     : DEBUG   : got unit (unit.000021)
2017-10-23 18:14:42,299: umgr.staging.output.0.child: umgr.staging.output.0           : MainThread     : DEBUG   : advance bulk size: 1 [False, True]
2017-10-23 18:14:42,299: umgr.staging.output.0.child: umgr.staging.output.0           : MainThread     : DEBUG   : advance bulk size: 1 [True, True]
2017-10-23 18:14:42,300: umgr.staging.output.0.child: umgr.staging.output.0           : MainThread     : DEBUG   : final unit.000021 [DONE]
2017-10-23 18:14:56,361: umgr.staging.output.0.child: umgr.staging.output.0           : MainThread     : DEBUG   : got unit (unit.000025)
2017-10-23 18:14:56,361: umgr.staging.output.0.child: umgr.staging.output.0           : MainThread     : DEBUG   : advance bulk size: 1 [False, True]
2017-10-23 18:14:56,361: umgr.staging.output.0.child: umgr.staging.output.0           : MainThread     : DEBUG   : advance bulk size: 1 [True, True]
2017-10-23 18:14:56,361: umgr.staging.output.0.child: umgr.staging.output.0           : MainThread     : DEBUG   : final unit.000025 [DONE]
2017-10-23 18:15:09,005: umgr.staging.output.0.child: umgr.staging.output.0           : MainThread     : DEBUG   : got unit (unit.000018)
2017-10-23 18:15:09,005: umgr.staging.output.0.child: umgr.staging.output.0           : MainThread     : DEBUG   : advance bulk size: 1 [False, True]
2017-10-23 18:15:09,005: umgr.staging.output.0.child: umgr.staging.output.0           : MainThread     : DEBUG   : advance bulk size: 1 [True, True]
2017-10-23 18:15:09,005: umgr.staging.output.0.child: umgr.staging.output.0           : MainThread     : DEBUG   : final unit.000018 [DONE]
2017-10-23 18:15:21,534: umgr.staging.output.0.child: umgr.staging.output.0           : MainThread     : DEBUG   : got unit (unit.000022)
2017-10-23 18:15:21,534: umgr.staging.output.0.child: umgr.staging.output.0           : MainThread     : DEBUG   : advance bulk size: 1 [False, True]
2017-10-23 18:15:21,534: umgr.staging.output.0.child: umgr.staging.output.0           : MainThread     : DEBUG   : advance bulk size: 1 [True, True]
2017-10-23 18:15:21,534: umgr.staging.output.0.child: umgr.staging.output.0           : MainThread     : DEBUG   : final unit.000022 [DONE]
2017-10-23 18:15:35,577: umgr.staging.output.0.child: umgr.staging.output.0           : MainThread     : DEBUG   : got unit (unit.000029)
2017-10-23 18:15:35,578: umgr.staging.output.0.child: umgr.staging.output.0           : MainThread     : DEBUG   : advance bulk size: 1 [False, True]
2017-10-23 18:15:35,578: umgr.staging.output.0.child: umgr.staging.output.0           : MainThread     : DEBUG   : advance bulk size: 1 [True, True]
2017-10-23 18:15:35,578: umgr.staging.output.0.child: umgr.staging.output.0           : MainThread     : DEBUG   : final unit.000029 [DONE]
2017-10-23 18:15:48,232: umgr.staging.output.0.child: umgr.staging.output.0           : MainThread     : DEBUG   : got unit (unit.000028)
2017-10-23 18:15:48,232: umgr.staging.output.0.child: umgr.staging.output.0           : MainThread     : DEBUG   : advance bulk size: 1 [False, True]
2017-10-23 18:15:48,232: umgr.staging.output.0.child: umgr.staging.output.0           : MainThread     : DEBUG   : advance bulk size: 1 [True, True]
2017-10-23 18:15:48,232: umgr.staging.output.0.child: umgr.staging.output.0           : MainThread     : DEBUG   : final unit.000028 [DONE]
2017-10-23 18:16:02,291: umgr.staging.output.0.child: umgr.staging.output.0           : MainThread     : DEBUG   : got unit (unit.000024)
2017-10-23 18:16:02,291: umgr.staging.output.0.child: umgr.staging.output.0           : MainThread     : DEBUG   : advance bulk size: 1 [False, True]
2017-10-23 18:16:02,291: umgr.staging.output.0.child: umgr.staging.output.0           : MainThread     : DEBUG   : advance bulk size: 1 [True, True]
2017-10-23 18:16:02,291: umgr.staging.output.0.child: umgr.staging.output.0           : MainThread     : DEBUG   : final unit.000024 [DONE]
2017-10-23 18:16:14,932: umgr.staging.output.0.child: umgr.staging.output.0           : MainThread     : DEBUG   : got unit (unit.000023)
2017-10-23 18:16:14,933: umgr.staging.output.0.child: umgr.staging.output.0           : MainThread     : DEBUG   : advance bulk size: 1 [False, True]
2017-10-23 18:16:14,933: umgr.staging.output.0.child: umgr.staging.output.0           : MainThread     : DEBUG   : advance bulk size: 1 [True, True]
2017-10-23 18:16:14,933: umgr.staging.output.0.child: umgr.staging.output.0           : MainThread     : DEBUG   : final unit.000023 [DONE]
2017-10-23 18:16:27,559: umgr.staging.output.0.child: umgr.staging.output.0           : MainThread     : DEBUG   : got unit (unit.000030)
2017-10-23 18:16:27,559: umgr.staging.output.0.child: umgr.staging.output.0           : MainThread     : DEBUG   : advance bulk size: 1 [False, True]
2017-10-23 18:16:27,559: umgr.staging.output.0.child: umgr.staging.output.0           : MainThread     : DEBUG   : advance bulk size: 1 [True, True]
2017-10-23 18:16:27,559: umgr.staging.output.0.child: umgr.staging.output.0           : MainThread     : DEBUG   : final unit.000030 [DONE]
2017-10-23 18:16:41,591: umgr.staging.output.0.child: umgr.staging.output.0           : MainThread     : DEBUG   : got unit (unit.000019)
2017-10-23 18:16:41,591: umgr.staging.output.0.child: umgr.staging.output.0           : MainThread     : DEBUG   : advance bulk size: 1 [False, True]
2017-10-23 18:16:41,591: umgr.staging.output.0.child: umgr.staging.output.0           : MainThread     : DEBUG   : advance bulk size: 1 [True, True]
2017-10-23 18:16:41,591: umgr.staging.output.0.child: umgr.staging.output.0           : MainThread     : DEBUG   : final unit.000019 [DONE]
2017-10-23 18:16:55,627: umgr.staging.output.0.child: umgr.staging.output.0           : MainThread     : DEBUG   : got unit (unit.000017)
2017-10-23 18:16:55,627: umgr.staging.output.0.child: umgr.staging.output.0           : MainThread     : DEBUG   : advance bulk size: 1 [False, True]
2017-10-23 18:16:55,627: umgr.staging.output.0.child: umgr.staging.output.0           : MainThread     : DEBUG   : advance bulk size: 1 [True, True]
2017-10-23 18:16:55,627: umgr.staging.output.0.child: umgr.staging.output.0           : MainThread     : DEBUG   : final unit.000017 [DONE]
2017-10-23 18:17:11,083: umgr.staging.output.0.child: umgr.staging.output.0           : MainThread     : DEBUG   : got unit (unit.000020)
2017-10-23 18:17:11,083: umgr.staging.output.0.child: umgr.staging.output.0           : MainThread     : DEBUG   : advance bulk size: 1 [False, True]
2017-10-23 18:17:11,083: umgr.staging.output.0.child: umgr.staging.output.0           : MainThread     : DEBUG   : advance bulk size: 1 [True, True]
2017-10-23 18:17:11,083: umgr.staging.output.0.child: umgr.staging.output.0           : MainThread     : DEBUG   : final unit.000020 [DONE]
2017-10-23 18:17:25,125: umgr.staging.output.0.child: umgr.staging.output.0           : MainThread     : DEBUG   : got unit (unit.000031)
2017-10-23 18:17:25,126: umgr.staging.output.0.child: umgr.staging.output.0           : MainThread     : DEBUG   : advance bulk size: 1 [False, True]
2017-10-23 18:17:25,126: umgr.staging.output.0.child: umgr.staging.output.0           : MainThread     : DEBUG   : advance bulk size: 1 [True, True]
2017-10-23 18:17:25,126: umgr.staging.output.0.child: umgr.staging.output.0           : MainThread     : DEBUG   : final unit.000031 [DONE]
2017-10-23 18:21:03,546: umgr.staging.output.0.child: umgr.staging.output.0           : MainThread     : DEBUG   : got unit (unit.000032)
2017-10-23 18:21:03,546: umgr.staging.output.0.child: umgr.staging.output.0           : MainThread     : DEBUG   : got unit (unit.000033)
2017-10-23 18:21:03,546: umgr.staging.output.0.child: umgr.staging.output.0           : MainThread     : DEBUG   : got unit (unit.000034)
2017-10-23 18:21:03,546: umgr.staging.output.0.child: umgr.staging.output.0           : MainThread     : DEBUG   : got unit (unit.000035)
2017-10-23 18:21:03,546: umgr.staging.output.0.child: umgr.staging.output.0           : MainThread     : DEBUG   : advance bulk size: 4 [False, True]
2017-10-23 18:21:03,546: umgr.staging.output.0.child: umgr.staging.output.0           : MainThread     : DEBUG   : advance bulk size: 4 [True, True]
2017-10-23 18:21:03,547: umgr.staging.output.0.child: umgr.staging.output.0           : MainThread     : DEBUG   : final unit.000032 [DONE]
2017-10-23 18:21:03,547: umgr.staging.output.0.child: umgr.staging.output.0           : MainThread     : DEBUG   : final unit.000033 [DONE]
2017-10-23 18:21:03,547: umgr.staging.output.0.child: umgr.staging.output.0           : MainThread     : DEBUG   : final unit.000034 [DONE]
2017-10-23 18:21:03,547: umgr.staging.output.0.child: umgr.staging.output.0           : MainThread     : DEBUG   : final unit.000035 [DONE]
2017-10-23 18:21:05,068: umgr.staging.output.0.child: umgr.staging.output.0           : MainThread     : DEBUG   : got unit (unit.000036)
2017-10-23 18:21:05,068: umgr.staging.output.0.child: umgr.staging.output.0           : MainThread     : DEBUG   : advance bulk size: 1 [False, True]
2017-10-23 18:21:05,068: umgr.staging.output.0.child: umgr.staging.output.0           : MainThread     : DEBUG   : advance bulk size: 1 [True, True]
2017-10-23 18:21:05,068: umgr.staging.output.0.child: umgr.staging.output.0           : MainThread     : DEBUG   : final unit.000036 [DONE]
2017-10-23 18:21:06,591: umgr.staging.output.0.child: umgr.staging.output.0           : MainThread     : DEBUG   : got unit (unit.000037)
2017-10-23 18:21:06,591: umgr.staging.output.0.child: umgr.staging.output.0           : MainThread     : DEBUG   : got unit (unit.000041)
2017-10-23 18:21:06,591: umgr.staging.output.0.child: umgr.staging.output.0           : MainThread     : DEBUG   : advance bulk size: 2 [False, True]
2017-10-23 18:21:06,591: umgr.staging.output.0.child: umgr.staging.output.0           : MainThread     : DEBUG   : advance bulk size: 2 [True, True]
2017-10-23 18:21:06,591: umgr.staging.output.0.child: umgr.staging.output.0           : MainThread     : DEBUG   : final unit.000037 [DONE]
2017-10-23 18:21:06,591: umgr.staging.output.0.child: umgr.staging.output.0           : MainThread     : DEBUG   : final unit.000041 [DONE]
2017-10-23 18:21:09,503: umgr.staging.output.0.child: umgr.staging.output.0           : MainThread     : DEBUG   : got unit (unit.000038)
2017-10-23 18:21:09,503: umgr.staging.output.0.child: umgr.staging.output.0           : MainThread     : DEBUG   : got unit (unit.000040)
2017-10-23 18:21:09,503: umgr.staging.output.0.child: umgr.staging.output.0           : MainThread     : DEBUG   : advance bulk size: 2 [False, True]
2017-10-23 18:21:09,503: umgr.staging.output.0.child: umgr.staging.output.0           : MainThread     : DEBUG   : advance bulk size: 2 [True, True]
2017-10-23 18:21:09,504: umgr.staging.output.0.child: umgr.staging.output.0           : MainThread     : DEBUG   : final unit.000038 [DONE]
2017-10-23 18:21:09,504: umgr.staging.output.0.child: umgr.staging.output.0           : MainThread     : DEBUG   : final unit.000040 [DONE]
2017-10-23 18:21:10,934: umgr.staging.output.0.child: umgr.staging.output.0           : MainThread     : DEBUG   : got unit (unit.000044)
2017-10-23 18:21:10,934: umgr.staging.output.0.child: umgr.staging.output.0           : MainThread     : DEBUG   : advance bulk size: 1 [False, True]
2017-10-23 18:21:10,934: umgr.staging.output.0.child: umgr.staging.output.0           : MainThread     : DEBUG   : advance bulk size: 1 [True, True]
2017-10-23 18:21:10,934: umgr.staging.output.0.child: umgr.staging.output.0           : MainThread     : DEBUG   : final unit.000044 [DONE]
2017-10-23 18:21:12,359: umgr.staging.output.0.child: umgr.staging.output.0           : MainThread     : DEBUG   : got unit (unit.000039)
2017-10-23 18:21:12,359: umgr.staging.output.0.child: umgr.staging.output.0           : MainThread     : DEBUG   : advance bulk size: 1 [False, True]
2017-10-23 18:21:12,359: umgr.staging.output.0.child: umgr.staging.output.0           : MainThread     : DEBUG   : advance bulk size: 1 [True, True]
2017-10-23 18:21:12,359: umgr.staging.output.0.child: umgr.staging.output.0           : MainThread     : DEBUG   : final unit.000039 [DONE]
2017-10-23 18:21:13,798: umgr.staging.output.0.child: umgr.staging.output.0           : MainThread     : DEBUG   : got unit (unit.000042)
2017-10-23 18:21:13,798: umgr.staging.output.0.child: umgr.staging.output.0           : MainThread     : DEBUG   : got unit (unit.000043)
2017-10-23 18:21:13,798: umgr.staging.output.0.child: umgr.staging.output.0           : MainThread     : DEBUG   : got unit (unit.000045)
2017-10-23 18:21:13,798: umgr.staging.output.0.child: umgr.staging.output.0           : MainThread     : DEBUG   : got unit (unit.000046)
2017-10-23 18:21:13,798: umgr.staging.output.0.child: umgr.staging.output.0           : MainThread     : DEBUG   : advance bulk size: 4 [False, True]
2017-10-23 18:21:13,798: umgr.staging.output.0.child: umgr.staging.output.0           : MainThread     : DEBUG   : advance bulk size: 4 [True, True]
2017-10-23 18:21:13,798: umgr.staging.output.0.child: umgr.staging.output.0           : MainThread     : DEBUG   : final unit.000042 [DONE]
2017-10-23 18:21:13,798: umgr.staging.output.0.child: umgr.staging.output.0           : MainThread     : DEBUG   : final unit.000043 [DONE]
2017-10-23 18:21:13,798: umgr.staging.output.0.child: umgr.staging.output.0           : MainThread     : DEBUG   : final unit.000045 [DONE]
2017-10-23 18:21:13,799: umgr.staging.output.0.child: umgr.staging.output.0           : MainThread     : DEBUG   : final unit.000046 [DONE]
2017-10-23 18:21:16,827: umgr.staging.output.0.child: umgr.staging.output.0           : MainThread     : DEBUG   : got unit (unit.000047)
2017-10-23 18:21:16,827: umgr.staging.output.0.child: umgr.staging.output.0           : MainThread     : DEBUG   : advance bulk size: 1 [False, True]
2017-10-23 18:21:16,827: umgr.staging.output.0.child: umgr.staging.output.0           : MainThread     : DEBUG   : advance bulk size: 1 [True, True]
2017-10-23 18:21:16,827: umgr.staging.output.0.child: umgr.staging.output.0           : MainThread     : DEBUG   : final unit.000047 [DONE]
2017-10-23 18:24:00,735: umgr.staging.output.0.child: umgr.staging.output.0           : MainThread     : DEBUG   : got unit (unit.000048)
2017-10-23 18:24:00,736: umgr.staging.output.0.child: umgr.staging.output.0           : MainThread     : DEBUG   : got unit (unit.000049)
2017-10-23 18:24:00,736: umgr.staging.output.0.child: umgr.staging.output.0           : MainThread     : DEBUG   : advance bulk size: 2 [False, True]
2017-10-23 18:24:00,736: umgr.staging.output.0.child: umgr.staging.output.0           : MainThread     : DEBUG   : advance bulk size: 2 [True, True]
2017-10-23 18:24:00,736: umgr.staging.output.0.child: umgr.staging.output.0           : MainThread     : DEBUG   : final unit.000048 [DONE]
2017-10-23 18:24:00,736: umgr.staging.output.0.child: umgr.staging.output.0           : MainThread     : DEBUG   : final unit.000049 [DONE]
2017-10-23 18:24:02,743: umgr.staging.output.0.child: umgr.staging.output.0           : MainThread     : DEBUG   : got unit (unit.000050)
2017-10-23 18:24:02,744: umgr.staging.output.0.child: umgr.staging.output.0           : MainThread     : DEBUG   : advance bulk size: 1 [False, True]
2017-10-23 18:24:02,744: umgr.staging.output.0.child: umgr.staging.output.0           : MainThread     : DEBUG   : advance bulk size: 1 [True, True]
2017-10-23 18:24:02,744: umgr.staging.output.0.child: umgr.staging.output.0           : MainThread     : DEBUG   : final unit.000050 [DONE]
2017-10-23 18:24:04,663: umgr.staging.output.0.child: umgr.staging.output.0           : MainThread     : DEBUG   : got unit (unit.000051)
2017-10-23 18:24:04,663: umgr.staging.output.0.child: umgr.staging.output.0           : MainThread     : DEBUG   : got unit (unit.000052)
2017-10-23 18:24:04,663: umgr.staging.output.0.child: umgr.staging.output.0           : MainThread     : DEBUG   : advance bulk size: 2 [False, True]
2017-10-23 18:24:04,663: umgr.staging.output.0.child: umgr.staging.output.0           : MainThread     : DEBUG   : advance bulk size: 2 [True, True]
2017-10-23 18:24:04,664: umgr.staging.output.0.child: umgr.staging.output.0           : MainThread     : DEBUG   : final unit.000051 [DONE]
2017-10-23 18:24:04,664: umgr.staging.output.0.child: umgr.staging.output.0           : MainThread     : DEBUG   : final unit.000052 [DONE]
2017-10-23 18:24:06,604: umgr.staging.output.0.child: umgr.staging.output.0           : MainThread     : DEBUG   : got unit (unit.000053)
2017-10-23 18:24:06,605: umgr.staging.output.0.child: umgr.staging.output.0           : MainThread     : DEBUG   : got unit (unit.000054)
2017-10-23 18:24:06,605: umgr.staging.output.0.child: umgr.staging.output.0           : MainThread     : DEBUG   : advance bulk size: 2 [False, True]
2017-10-23 18:24:06,605: umgr.staging.output.0.child: umgr.staging.output.0           : MainThread     : DEBUG   : advance bulk size: 2 [True, True]
2017-10-23 18:24:06,605: umgr.staging.output.0.child: umgr.staging.output.0           : MainThread     : DEBUG   : final unit.000053 [DONE]
2017-10-23 18:24:06,605: umgr.staging.output.0.child: umgr.staging.output.0           : MainThread     : DEBUG   : final unit.000054 [DONE]
2017-10-23 18:24:08,569: umgr.staging.output.0.child: umgr.staging.output.0           : MainThread     : DEBUG   : got unit (unit.000055)
2017-10-23 18:24:08,569: umgr.staging.output.0.child: umgr.staging.output.0           : MainThread     : DEBUG   : got unit (unit.000056)
2017-10-23 18:24:08,569: umgr.staging.output.0.child: umgr.staging.output.0           : MainThread     : DEBUG   : got unit (unit.000057)
2017-10-23 18:24:08,569: umgr.staging.output.0.child: umgr.staging.output.0           : MainThread     : DEBUG   : advance bulk size: 3 [False, True]
2017-10-23 18:24:08,569: umgr.staging.output.0.child: umgr.staging.output.0           : MainThread     : DEBUG   : advance bulk size: 3 [True, True]
2017-10-23 18:24:08,569: umgr.staging.output.0.child: umgr.staging.output.0           : MainThread     : DEBUG   : final unit.000055 [DONE]
2017-10-23 18:24:08,570: umgr.staging.output.0.child: umgr.staging.output.0           : MainThread     : DEBUG   : final unit.000056 [DONE]
2017-10-23 18:24:08,570: umgr.staging.output.0.child: umgr.staging.output.0           : MainThread     : DEBUG   : final unit.000057 [DONE]
2017-10-23 18:24:10,441: umgr.staging.output.0.child: umgr.staging.output.0           : MainThread     : DEBUG   : got unit (unit.000058)
2017-10-23 18:24:10,441: umgr.staging.output.0.child: umgr.staging.output.0           : MainThread     : DEBUG   : got unit (unit.000059)
2017-10-23 18:24:10,441: umgr.staging.output.0.child: umgr.staging.output.0           : MainThread     : DEBUG   : advance bulk size: 2 [False, True]
2017-10-23 18:24:10,441: umgr.staging.output.0.child: umgr.staging.output.0           : MainThread     : DEBUG   : advance bulk size: 2 [True, True]
2017-10-23 18:24:10,442: umgr.staging.output.0.child: umgr.staging.output.0           : MainThread     : DEBUG   : final unit.000058 [DONE]
2017-10-23 18:24:10,442: umgr.staging.output.0.child: umgr.staging.output.0           : MainThread     : DEBUG   : final unit.000059 [DONE]
2017-10-23 18:24:12,169: umgr.staging.output.0.child: umgr.staging.output.0           : MainThread     : DEBUG   : got unit (unit.000060)
2017-10-23 18:24:12,169: umgr.staging.output.0.child: umgr.staging.output.0           : MainThread     : DEBUG   : advance bulk size: 1 [False, True]
2017-10-23 18:24:12,169: umgr.staging.output.0.child: umgr.staging.output.0           : MainThread     : DEBUG   : advance bulk size: 1 [True, True]
2017-10-23 18:24:12,169: umgr.staging.output.0.child: umgr.staging.output.0           : MainThread     : DEBUG   : final unit.000060 [DONE]
2017-10-23 18:24:13,806: umgr.staging.output.0.child: umgr.staging.output.0           : MainThread     : DEBUG   : got unit (unit.000061)
2017-10-23 18:24:13,806: umgr.staging.output.0.child: umgr.staging.output.0           : MainThread     : DEBUG   : got unit (unit.000062)
2017-10-23 18:24:13,806: umgr.staging.output.0.child: umgr.staging.output.0           : MainThread     : DEBUG   : advance bulk size: 2 [False, True]
2017-10-23 18:24:13,806: umgr.staging.output.0.child: umgr.staging.output.0           : MainThread     : DEBUG   : advance bulk size: 2 [True, True]
2017-10-23 18:24:13,806: umgr.staging.output.0.child: umgr.staging.output.0           : MainThread     : DEBUG   : final unit.000061 [DONE]
2017-10-23 18:24:13,806: umgr.staging.output.0.child: umgr.staging.output.0           : MainThread     : DEBUG   : final unit.000062 [DONE]
2017-10-23 18:24:15,426: umgr.staging.output.0.child: umgr.staging.output.0           : MainThread     : DEBUG   : got unit (unit.000063)
2017-10-23 18:24:15,426: umgr.staging.output.0.child: umgr.staging.output.0           : MainThread     : DEBUG   : advance bulk size: 1 [False, True]
2017-10-23 18:24:15,426: umgr.staging.output.0.child: umgr.staging.output.0           : MainThread     : DEBUG   : advance bulk size: 1 [True, True]
2017-10-23 18:24:15,426: umgr.staging.output.0.child: umgr.staging.output.0           : MainThread     : DEBUG   : final unit.000063 [DONE]
2017-10-23 18:54:07,620: umgr.staging.output.0.child: umgr.staging.output.0           : MainThread     : DEBUG   : got unit (unit.000064)
2017-10-23 18:54:07,620: umgr.staging.output.0.child: umgr.staging.output.0           : MainThread     : DEBUG   : advance bulk size: 1 [False, True]
2017-10-23 18:54:07,620: umgr.staging.output.0.child: umgr.staging.output.0           : MainThread     : DEBUG   : advance bulk size: 1 [True, True]
2017-10-23 18:54:07,620: umgr.staging.output.0.child: umgr.staging.output.0           : MainThread     : DEBUG   : final unit.000064 [DONE]
2017-10-23 18:54:10,918: umgr.staging.output.0.child: umgr.staging.output.0           : MainThread     : DEBUG   : got unit (unit.000065)
2017-10-23 18:54:10,918: umgr.staging.output.0.child: umgr.staging.output.0           : MainThread     : DEBUG   : got unit (unit.000066)
2017-10-23 18:54:10,918: umgr.staging.output.0.child: umgr.staging.output.0           : MainThread     : DEBUG   : advance bulk size: 2 [False, True]
2017-10-23 18:54:10,918: umgr.staging.output.0.child: umgr.staging.output.0           : MainThread     : DEBUG   : advance bulk size: 2 [True, True]
2017-10-23 18:54:10,919: umgr.staging.output.0.child: umgr.staging.output.0           : MainThread     : DEBUG   : final unit.000065 [DONE]
2017-10-23 18:54:10,919: umgr.staging.output.0.child: umgr.staging.output.0           : MainThread     : DEBUG   : final unit.000066 [DONE]
2017-10-23 18:54:15,761: umgr.staging.output.0.child: umgr.staging.output.0           : MainThread     : DEBUG   : got unit (unit.000067)
2017-10-23 18:54:15,761: umgr.staging.output.0.child: umgr.staging.output.0           : MainThread     : DEBUG   : got unit (unit.000069)
2017-10-23 18:54:15,761: umgr.staging.output.0.child: umgr.staging.output.0           : MainThread     : DEBUG   : got unit (unit.000071)
2017-10-23 18:54:15,761: umgr.staging.output.0.child: umgr.staging.output.0           : MainThread     : DEBUG   : got unit (unit.000072)
2017-10-23 18:54:15,761: umgr.staging.output.0.child: umgr.staging.output.0           : MainThread     : DEBUG   : advance bulk size: 4 [False, True]
2017-10-23 18:54:15,761: umgr.staging.output.0.child: umgr.staging.output.0           : MainThread     : DEBUG   : advance bulk size: 4 [True, True]
2017-10-23 18:54:15,762: umgr.staging.output.0.child: umgr.staging.output.0           : MainThread     : DEBUG   : final unit.000067 [DONE]
2017-10-23 18:54:15,762: umgr.staging.output.0.child: umgr.staging.output.0           : MainThread     : DEBUG   : final unit.000069 [DONE]
2017-10-23 18:54:15,762: umgr.staging.output.0.child: umgr.staging.output.0           : MainThread     : DEBUG   : final unit.000071 [DONE]
2017-10-23 18:54:15,762: umgr.staging.output.0.child: umgr.staging.output.0           : MainThread     : DEBUG   : final unit.000072 [DONE]
2017-10-23 18:54:17,367: umgr.staging.output.0.child: umgr.staging.output.0           : MainThread     : DEBUG   : got unit (unit.000068)
2017-10-23 18:54:17,367: umgr.staging.output.0.child: umgr.staging.output.0           : MainThread     : DEBUG   : got unit (unit.000070)
2017-10-23 18:54:17,367: umgr.staging.output.0.child: umgr.staging.output.0           : MainThread     : DEBUG   : advance bulk size: 2 [False, True]
2017-10-23 18:54:17,368: umgr.staging.output.0.child: umgr.staging.output.0           : MainThread     : DEBUG   : advance bulk size: 2 [True, True]
2017-10-23 18:54:17,368: umgr.staging.output.0.child: umgr.staging.output.0           : MainThread     : DEBUG   : final unit.000068 [DONE]
2017-10-23 18:54:17,368: umgr.staging.output.0.child: umgr.staging.output.0           : MainThread     : DEBUG   : final unit.000070 [DONE]
2017-10-23 18:54:20,490: umgr.staging.output.0.child: umgr.staging.output.0           : MainThread     : DEBUG   : got unit (unit.000074)
2017-10-23 18:54:20,491: umgr.staging.output.0.child: umgr.staging.output.0           : MainThread     : DEBUG   : advance bulk size: 1 [False, True]
2017-10-23 18:54:20,491: umgr.staging.output.0.child: umgr.staging.output.0           : MainThread     : DEBUG   : advance bulk size: 1 [True, True]
2017-10-23 18:54:20,491: umgr.staging.output.0.child: umgr.staging.output.0           : MainThread     : DEBUG   : final unit.000074 [DONE]
2017-10-23 18:54:22,021: umgr.staging.output.0.child: umgr.staging.output.0           : MainThread     : DEBUG   : got unit (unit.000073)
2017-10-23 18:54:22,021: umgr.staging.output.0.child: umgr.staging.output.0           : MainThread     : DEBUG   : advance bulk size: 1 [False, True]
2017-10-23 18:54:22,021: umgr.staging.output.0.child: umgr.staging.output.0           : MainThread     : DEBUG   : advance bulk size: 1 [True, True]
2017-10-23 18:54:22,021: umgr.staging.output.0.child: umgr.staging.output.0           : MainThread     : DEBUG   : final unit.000073 [DONE]
2017-10-23 18:54:23,649: umgr.staging.output.0.child: umgr.staging.output.0           : MainThread     : DEBUG   : got unit (unit.000075)
2017-10-23 18:54:23,649: umgr.staging.output.0.child: umgr.staging.output.0           : MainThread     : DEBUG   : advance bulk size: 1 [False, True]
2017-10-23 18:54:23,649: umgr.staging.output.0.child: umgr.staging.output.0           : MainThread     : DEBUG   : advance bulk size: 1 [True, True]
2017-10-23 18:54:23,649: umgr.staging.output.0.child: umgr.staging.output.0           : MainThread     : DEBUG   : final unit.000075 [DONE]
2017-10-23 18:54:25,324: umgr.staging.output.0.child: umgr.staging.output.0           : MainThread     : DEBUG   : got unit (unit.000076)
2017-10-23 18:54:25,324: umgr.staging.output.0.child: umgr.staging.output.0           : MainThread     : DEBUG   : got unit (unit.000078)
2017-10-23 18:54:25,324: umgr.staging.output.0.child: umgr.staging.output.0           : MainThread     : DEBUG   : got unit (unit.000079)
2017-10-23 18:54:25,324: umgr.staging.output.0.child: umgr.staging.output.0           : MainThread     : DEBUG   : advance bulk size: 3 [False, True]
2017-10-23 18:54:25,324: umgr.staging.output.0.child: umgr.staging.output.0           : MainThread     : DEBUG   : advance bulk size: 3 [True, True]
2017-10-23 18:54:25,325: umgr.staging.output.0.child: umgr.staging.output.0           : MainThread     : DEBUG   : final unit.000076 [DONE]
2017-10-23 18:54:25,325: umgr.staging.output.0.child: umgr.staging.output.0           : MainThread     : DEBUG   : final unit.000078 [DONE]
2017-10-23 18:54:25,325: umgr.staging.output.0.child: umgr.staging.output.0           : MainThread     : DEBUG   : final unit.000079 [DONE]
2017-10-23 18:54:28,464: umgr.staging.output.0.child: umgr.staging.output.0           : MainThread     : DEBUG   : got unit (unit.000077)
2017-10-23 18:54:28,464: umgr.staging.output.0.child: umgr.staging.output.0           : MainThread     : DEBUG   : advance bulk size: 1 [False, True]
2017-10-23 18:54:28,464: umgr.staging.output.0.child: umgr.staging.output.0           : MainThread     : DEBUG   : advance bulk size: 1 [True, True]
2017-10-23 18:54:28,464: umgr.staging.output.0.child: umgr.staging.output.0           : MainThread     : DEBUG   : final unit.000077 [DONE]
2017-10-23 18:57:31,889: umgr.staging.output.0.child: umgr.staging.output.0           : MainThread     : DEBUG   : got unit (unit.000080)
2017-10-23 18:57:31,889: umgr.staging.output.0.child: umgr.staging.output.0           : MainThread     : DEBUG   : got unit (unit.000081)
2017-10-23 18:57:31,889: umgr.staging.output.0.child: umgr.staging.output.0           : MainThread     : DEBUG   : got unit (unit.000082)
2017-10-23 18:57:31,889: umgr.staging.output.0.child: umgr.staging.output.0           : MainThread     : DEBUG   : advance bulk size: 3 [False, True]
2017-10-23 18:57:31,890: umgr.staging.output.0.child: umgr.staging.output.0           : MainThread     : DEBUG   : advance bulk size: 3 [True, True]
2017-10-23 18:57:31,890: umgr.staging.output.0.child: umgr.staging.output.0           : MainThread     : DEBUG   : final unit.000080 [DONE]
2017-10-23 18:57:31,890: umgr.staging.output.0.child: umgr.staging.output.0           : MainThread     : DEBUG   : final unit.000081 [DONE]
2017-10-23 18:57:31,890: umgr.staging.output.0.child: umgr.staging.output.0           : MainThread     : DEBUG   : final unit.000082 [DONE]
2017-10-23 18:57:33,536: umgr.staging.output.0.child: umgr.staging.output.0           : MainThread     : DEBUG   : got unit (unit.000083)
2017-10-23 18:57:33,536: umgr.staging.output.0.child: umgr.staging.output.0           : MainThread     : DEBUG   : advance bulk size: 1 [False, True]
2017-10-23 18:57:33,537: umgr.staging.output.0.child: umgr.staging.output.0           : MainThread     : DEBUG   : advance bulk size: 1 [True, True]
2017-10-23 18:57:33,537: umgr.staging.output.0.child: umgr.staging.output.0           : MainThread     : DEBUG   : final unit.000083 [DONE]
2017-10-23 18:57:35,161: umgr.staging.output.0.child: umgr.staging.output.0           : MainThread     : DEBUG   : got unit (unit.000084)
2017-10-23 18:57:35,161: umgr.staging.output.0.child: umgr.staging.output.0           : MainThread     : DEBUG   : advance bulk size: 1 [False, True]
2017-10-23 18:57:35,161: umgr.staging.output.0.child: umgr.staging.output.0           : MainThread     : DEBUG   : advance bulk size: 1 [True, True]
2017-10-23 18:57:35,161: umgr.staging.output.0.child: umgr.staging.output.0           : MainThread     : DEBUG   : final unit.000084 [DONE]
2017-10-23 18:57:36,794: umgr.staging.output.0.child: umgr.staging.output.0           : MainThread     : DEBUG   : got unit (unit.000085)
2017-10-23 18:57:36,794: umgr.staging.output.0.child: umgr.staging.output.0           : MainThread     : DEBUG   : got unit (unit.000086)
2017-10-23 18:57:36,794: umgr.staging.output.0.child: umgr.staging.output.0           : MainThread     : DEBUG   : advance bulk size: 2 [False, True]
2017-10-23 18:57:36,794: umgr.staging.output.0.child: umgr.staging.output.0           : MainThread     : DEBUG   : advance bulk size: 2 [True, True]
2017-10-23 18:57:36,794: umgr.staging.output.0.child: umgr.staging.output.0           : MainThread     : DEBUG   : final unit.000085 [DONE]
2017-10-23 18:57:36,794: umgr.staging.output.0.child: umgr.staging.output.0           : MainThread     : DEBUG   : final unit.000086 [DONE]
2017-10-23 18:57:38,452: umgr.staging.output.0.child: umgr.staging.output.0           : MainThread     : DEBUG   : got unit (unit.000087)
2017-10-23 18:57:38,452: umgr.staging.output.0.child: umgr.staging.output.0           : MainThread     : DEBUG   : advance bulk size: 1 [False, True]
2017-10-23 18:57:38,452: umgr.staging.output.0.child: umgr.staging.output.0           : MainThread     : DEBUG   : advance bulk size: 1 [True, True]
2017-10-23 18:57:38,452: umgr.staging.output.0.child: umgr.staging.output.0           : MainThread     : DEBUG   : final unit.000087 [DONE]
2017-10-23 18:57:40,089: umgr.staging.output.0.child: umgr.staging.output.0           : MainThread     : DEBUG   : got unit (unit.000088)
2017-10-23 18:57:40,089: umgr.staging.output.0.child: umgr.staging.output.0           : MainThread     : DEBUG   : advance bulk size: 1 [False, True]
2017-10-23 18:57:40,089: umgr.staging.output.0.child: umgr.staging.output.0           : MainThread     : DEBUG   : advance bulk size: 1 [True, True]
2017-10-23 18:57:40,089: umgr.staging.output.0.child: umgr.staging.output.0           : MainThread     : DEBUG   : final unit.000088 [DONE]
2017-10-23 18:57:41,716: umgr.staging.output.0.child: umgr.staging.output.0           : MainThread     : DEBUG   : got unit (unit.000089)
2017-10-23 18:57:41,716: umgr.staging.output.0.child: umgr.staging.output.0           : MainThread     : DEBUG   : advance bulk size: 1 [False, True]
2017-10-23 18:57:41,716: umgr.staging.output.0.child: umgr.staging.output.0           : MainThread     : DEBUG   : advance bulk size: 1 [True, True]
2017-10-23 18:57:41,716: umgr.staging.output.0.child: umgr.staging.output.0           : MainThread     : DEBUG   : final unit.000089 [DONE]
2017-10-23 18:57:43,347: umgr.staging.output.0.child: umgr.staging.output.0           : MainThread     : DEBUG   : got unit (unit.000090)
2017-10-23 18:57:43,347: umgr.staging.output.0.child: umgr.staging.output.0           : MainThread     : DEBUG   : got unit (unit.000091)
2017-10-23 18:57:43,347: umgr.staging.output.0.child: umgr.staging.output.0           : MainThread     : DEBUG   : advance bulk size: 2 [False, True]
2017-10-23 18:57:43,348: umgr.staging.output.0.child: umgr.staging.output.0           : MainThread     : DEBUG   : advance bulk size: 2 [True, True]
2017-10-23 18:57:43,348: umgr.staging.output.0.child: umgr.staging.output.0           : MainThread     : DEBUG   : final unit.000090 [DONE]
2017-10-23 18:57:43,348: umgr.staging.output.0.child: umgr.staging.output.0           : MainThread     : DEBUG   : final unit.000091 [DONE]
2017-10-23 18:57:44,876: umgr.staging.output.0.child: umgr.staging.output.0           : MainThread     : DEBUG   : got unit (unit.000092)
2017-10-23 18:57:44,876: umgr.staging.output.0.child: umgr.staging.output.0           : MainThread     : DEBUG   : advance bulk size: 1 [False, True]
2017-10-23 18:57:44,876: umgr.staging.output.0.child: umgr.staging.output.0           : MainThread     : DEBUG   : advance bulk size: 1 [True, True]
2017-10-23 18:57:44,876: umgr.staging.output.0.child: umgr.staging.output.0           : MainThread     : DEBUG   : final unit.000092 [DONE]
2017-10-23 18:57:46,506: umgr.staging.output.0.child: umgr.staging.output.0           : MainThread     : DEBUG   : got unit (unit.000093)
2017-10-23 18:57:46,506: umgr.staging.output.0.child: umgr.staging.output.0           : MainThread     : DEBUG   : advance bulk size: 1 [False, True]
2017-10-23 18:57:46,506: umgr.staging.output.0.child: umgr.staging.output.0           : MainThread     : DEBUG   : advance bulk size: 1 [True, True]
2017-10-23 18:57:46,506: umgr.staging.output.0.child: umgr.staging.output.0           : MainThread     : DEBUG   : final unit.000093 [DONE]
2017-10-23 18:57:48,127: umgr.staging.output.0.child: umgr.staging.output.0           : MainThread     : DEBUG   : got unit (unit.000094)
2017-10-23 18:57:48,127: umgr.staging.output.0.child: umgr.staging.output.0           : MainThread     : DEBUG   : advance bulk size: 1 [False, True]
2017-10-23 18:57:48,127: umgr.staging.output.0.child: umgr.staging.output.0           : MainThread     : DEBUG   : advance bulk size: 1 [True, True]
2017-10-23 18:57:48,127: umgr.staging.output.0.child: umgr.staging.output.0           : MainThread     : DEBUG   : final unit.000094 [DONE]
2017-10-23 18:57:49,756: umgr.staging.output.0.child: umgr.staging.output.0           : MainThread     : DEBUG   : got unit (unit.000095)
2017-10-23 18:57:49,756: umgr.staging.output.0.child: umgr.staging.output.0           : MainThread     : DEBUG   : advance bulk size: 1 [False, True]
2017-10-23 18:57:49,756: umgr.staging.output.0.child: umgr.staging.output.0           : MainThread     : DEBUG   : advance bulk size: 1 [True, True]
2017-10-23 18:57:49,756: umgr.staging.output.0.child: umgr.staging.output.0           : MainThread     : DEBUG   : final unit.000095 [DONE]
2017-10-23 18:58:01,736: umgr.staging.output.0.child: umgr.staging.output.0           : MainThread     : DEBUG   : got unit (unit.000096)
2017-10-23 18:58:01,737: umgr.staging.output.0.child: umgr.staging.output.0           : MainThread     : DEBUG   : advance bulk size: 1 [False, True]
2017-10-23 18:58:04,872: umgr.staging.output.0.child: umgr.staging.output.0           : MainThread     : ERROR   : worker <bound method Default.work of <Default(umgr.staging.output.0, started)>> failed
Traceback (most recent call last):
  File "/home/jdakka/UCL/gpu_branch_env/venv/local/lib/python2.7/site-packages/radical/pilot/utils/component.py", line 1240, in work_cb
    self._workers[state](things)
  File "/home/jdakka/UCL/gpu_branch_env/venv/local/lib/python2.7/site-packages/radical/pilot/umgr/staging_output/default.py", line 110, in work
    self._handle_unit(unit, actionables)
  File "/home/jdakka/UCL/gpu_branch_env/venv/local/lib/python2.7/site-packages/radical/pilot/umgr/staging_output/default.py", line 142, in _handle_unit
    tr
NameError: global name 'tr' is not defined
2017-10-23 18:58:04,873: umgr.staging.output.0.child: umgr.staging.output.0           : MainThread     : DEBUG   : advance bulk size: 1 [False, True]
2017-10-23 18:58:11,898: umgr.staging.output.0.child: umgr.staging.output.0           : MainThread     : DEBUG   : got unit (unit.000106)
2017-10-23 18:58:11,898: umgr.staging.output.0.child: umgr.staging.output.0           : MainThread     : DEBUG   : advance bulk size: 1 [False, True]
2017-10-23 18:58:11,899: umgr.staging.output.0.child: umgr.staging.output.0           : MainThread     : ERROR   : worker <bound method Default.work of <Default(umgr.staging.output.0, started)>> failed
Traceback (most recent call last):
  File "/home/jdakka/UCL/gpu_branch_env/venv/local/lib/python2.7/site-packages/radical/pilot/utils/component.py", line 1240, in work_cb
    self._workers[state](things)
  File "/home/jdakka/UCL/gpu_branch_env/venv/local/lib/python2.7/site-packages/radical/pilot/umgr/staging_output/default.py", line 110, in work
    self._handle_unit(unit, actionables)
  File "/home/jdakka/UCL/gpu_branch_env/venv/local/lib/python2.7/site-packages/radical/pilot/umgr/staging_output/default.py", line 142, in _handle_unit
    tr
NameError: global name 'tr' is not defined
2017-10-23 18:58:11,899: umgr.staging.output.0.child: umgr.staging.output.0           : MainThread     : DEBUG   : advance bulk size: 1 [False, True]
2017-10-23 18:58:17,954: umgr.staging.output.0.child: umgr.staging.output.0           : MainThread     : DEBUG   : got unit (unit.000098)
2017-10-23 18:58:17,954: umgr.staging.output.0.child: umgr.staging.output.0           : MainThread     : DEBUG   : advance bulk size: 1 [False, True]
2017-10-23 18:58:17,954: umgr.staging.output.0.child: umgr.staging.output.0           : MainThread     : ERROR   : worker <bound method Default.work of <Default(umgr.staging.output.0, started)>> failed
Traceback (most recent call last):
  File "/home/jdakka/UCL/gpu_branch_env/venv/local/lib/python2.7/site-packages/radical/pilot/utils/component.py", line 1240, in work_cb
    self._workers[state](things)
  File "/home/jdakka/UCL/gpu_branch_env/venv/local/lib/python2.7/site-packages/radical/pilot/umgr/staging_output/default.py", line 110, in work
    self._handle_unit(unit, actionables)
  File "/home/jdakka/UCL/gpu_branch_env/venv/local/lib/python2.7/site-packages/radical/pilot/umgr/staging_output/default.py", line 142, in _handle_unit
    tr
NameError: global name 'tr' is not defined
2017-10-23 18:58:17,954: umgr.staging.output.0.child: umgr.staging.output.0           : MainThread     : DEBUG   : advance bulk size: 1 [False, True]
2017-10-23 18:58:24,022: umgr.staging.output.0.child: umgr.staging.output.0           : MainThread     : DEBUG   : got unit (unit.000103)
2017-10-23 18:58:24,022: umgr.staging.output.0.child: umgr.staging.output.0           : MainThread     : DEBUG   : advance bulk size: 1 [False, True]
2017-10-23 18:58:24,022: umgr.staging.output.0.child: umgr.staging.output.0           : MainThread     : ERROR   : worker <bound method Default.work of <Default(umgr.staging.output.0, started)>> failed
Traceback (most recent call last):
  File "/home/jdakka/UCL/gpu_branch_env/venv/local/lib/python2.7/site-packages/radical/pilot/utils/component.py", line 1240, in work_cb
    self._workers[state](things)
  File "/home/jdakka/UCL/gpu_branch_env/venv/local/lib/python2.7/site-packages/radical/pilot/umgr/staging_output/default.py", line 110, in work
    self._handle_unit(unit, actionables)
  File "/home/jdakka/UCL/gpu_branch_env/venv/local/lib/python2.7/site-packages/radical/pilot/umgr/staging_output/default.py", line 142, in _handle_unit
    tr
NameError: global name 'tr' is not defined
2017-10-23 18:58:24,022: umgr.staging.output.0.child: umgr.staging.output.0           : MainThread     : DEBUG   : advance bulk size: 1 [False, True]
2017-10-23 18:58:32,194: umgr.staging.output.0.child: umgr.staging.output.0           : MainThread     : DEBUG   : got unit (unit.000105)
2017-10-23 18:58:32,194: umgr.staging.output.0.child: umgr.staging.output.0           : MainThread     : DEBUG   : advance bulk size: 1 [False, True]
2017-10-23 18:58:32,195: umgr.staging.output.0.child: umgr.staging.output.0           : MainThread     : ERROR   : worker <bound method Default.work of <Default(umgr.staging.output.0, started)>> failed
Traceback (most recent call last):
  File "/home/jdakka/UCL/gpu_branch_env/venv/local/lib/python2.7/site-packages/radical/pilot/utils/component.py", line 1240, in work_cb
    self._workers[state](things)
  File "/home/jdakka/UCL/gpu_branch_env/venv/local/lib/python2.7/site-packages/radical/pilot/umgr/staging_output/default.py", line 110, in work
    self._handle_unit(unit, actionables)
  File "/home/jdakka/UCL/gpu_branch_env/venv/local/lib/python2.7/site-packages/radical/pilot/umgr/staging_output/default.py", line 142, in _handle_unit
    tr
NameError: global name 'tr' is not defined
2017-10-23 18:58:32,195: umgr.staging.output.0.child: umgr.staging.output.0           : MainThread     : DEBUG   : advance bulk size: 1 [False, True]
2017-10-23 18:58:40,270: umgr.staging.output.0.child: umgr.staging.output.0           : MainThread     : DEBUG   : got unit (unit.000107)
2017-10-23 18:58:40,270: umgr.staging.output.0.child: umgr.staging.output.0           : MainThread     : DEBUG   : advance bulk size: 1 [False, True]
2017-10-23 18:58:40,270: umgr.staging.output.0.child: umgr.staging.output.0           : MainThread     : ERROR   : worker <bound method Default.work of <Default(umgr.staging.output.0, started)>> failed
Traceback (most recent call last):
  File "/home/jdakka/UCL/gpu_branch_env/venv/local/lib/python2.7/site-packages/radical/pilot/utils/component.py", line 1240, in work_cb
    self._workers[state](things)
  File "/home/jdakka/UCL/gpu_branch_env/venv/local/lib/python2.7/site-packages/radical/pilot/umgr/staging_output/default.py", line 110, in work
    self._handle_unit(unit, actionables)
  File "/home/jdakka/UCL/gpu_branch_env/venv/local/lib/python2.7/site-packages/radical/pilot/umgr/staging_output/default.py", line 142, in _handle_unit
    tr
NameError: global name 'tr' is not defined
2017-10-23 18:58:40,270: umgr.staging.output.0.child: umgr.staging.output.0           : MainThread     : DEBUG   : advance bulk size: 1 [False, True]
2017-10-23 18:58:46,331: umgr.staging.output.0.child: umgr.staging.output.0           : MainThread     : DEBUG   : got unit (unit.000109)
2017-10-23 18:58:46,331: umgr.staging.output.0.child: umgr.staging.output.0           : MainThread     : DEBUG   : advance bulk size: 1 [False, True]
2017-10-23 18:58:46,331: umgr.staging.output.0.child: umgr.staging.output.0           : MainThread     : ERROR   : worker <bound method Default.work of <Default(umgr.staging.output.0, started)>> failed
Traceback (most recent call last):
  File "/home/jdakka/UCL/gpu_branch_env/venv/local/lib/python2.7/site-packages/radical/pilot/utils/component.py", line 1240, in work_cb
    self._workers[state](things)
  File "/home/jdakka/UCL/gpu_branch_env/venv/local/lib/python2.7/site-packages/radical/pilot/umgr/staging_output/default.py", line 110, in work
    self._handle_unit(unit, actionables)
  File "/home/jdakka/UCL/gpu_branch_env/venv/local/lib/python2.7/site-packages/radical/pilot/umgr/staging_output/default.py", line 142, in _handle_unit
    tr
NameError: global name 'tr' is not defined
2017-10-23 18:58:46,331: umgr.staging.output.0.child: umgr.staging.output.0           : MainThread     : DEBUG   : advance bulk size: 1 [False, True]
2017-10-23 18:58:54,399: umgr.staging.output.0.child: umgr.staging.output.0           : MainThread     : DEBUG   : got unit (unit.000100)
2017-10-23 18:58:54,399: umgr.staging.output.0.child: umgr.staging.output.0           : MainThread     : DEBUG   : advance bulk size: 1 [False, True]
2017-10-23 18:58:54,399: umgr.staging.output.0.child: umgr.staging.output.0           : MainThread     : ERROR   : worker <bound method Default.work of <Default(umgr.staging.output.0, started)>> failed
Traceback (most recent call last):
  File "/home/jdakka/UCL/gpu_branch_env/venv/local/lib/python2.7/site-packages/radical/pilot/utils/component.py", line 1240, in work_cb
    self._workers[state](things)
  File "/home/jdakka/UCL/gpu_branch_env/venv/local/lib/python2.7/site-packages/radical/pilot/umgr/staging_output/default.py", line 110, in work
    self._handle_unit(unit, actionables)
  File "/home/jdakka/UCL/gpu_branch_env/venv/local/lib/python2.7/site-packages/radical/pilot/umgr/staging_output/default.py", line 142, in _handle_unit
    tr
NameError: global name 'tr' is not defined
2017-10-23 18:58:54,399: umgr.staging.output.0.child: umgr.staging.output.0           : MainThread     : DEBUG   : advance bulk size: 1 [False, True]
2017-10-23 18:59:00,464: umgr.staging.output.0.child: umgr.staging.output.0           : MainThread     : DEBUG   : got unit (unit.000102)
2017-10-23 18:59:00,464: umgr.staging.output.0.child: umgr.staging.output.0           : MainThread     : DEBUG   : advance bulk size: 1 [False, True]
2017-10-23 18:59:00,464: umgr.staging.output.0.child: umgr.staging.output.0           : MainThread     : ERROR   : worker <bound method Default.work of <Default(umgr.staging.output.0, started)>> failed
Traceback (most recent call last):
  File "/home/jdakka/UCL/gpu_branch_env/venv/local/lib/python2.7/site-packages/radical/pilot/utils/component.py", line 1240, in work_cb
    self._workers[state](things)
  File "/home/jdakka/UCL/gpu_branch_env/venv/local/lib/python2.7/site-packages/radical/pilot/umgr/staging_output/default.py", line 110, in work
    self._handle_unit(unit, actionables)
  File "/home/jdakka/UCL/gpu_branch_env/venv/local/lib/python2.7/site-packages/radical/pilot/umgr/staging_output/default.py", line 142, in _handle_unit
    tr
NameError: global name 'tr' is not defined
2017-10-23 18:59:00,464: umgr.staging.output.0.child: umgr.staging.output.0           : MainThread     : DEBUG   : advance bulk size: 1 [False, True]
2017-10-23 18:59:06,555: umgr.staging.output.0.child: umgr.staging.output.0           : MainThread     : DEBUG   : got unit (unit.000111)
2017-10-23 18:59:06,555: umgr.staging.output.0.child: umgr.staging.output.0           : MainThread     : DEBUG   : advance bulk size: 1 [False, True]
2017-10-23 18:59:06,555: umgr.staging.output.0.child: umgr.staging.output.0           : MainThread     : ERROR   : worker <bound method Default.work of <Default(umgr.staging.output.0, started)>> failed
Traceback (most recent call last):
  File "/home/jdakka/UCL/gpu_branch_env/venv/local/lib/python2.7/site-packages/radical/pilot/utils/component.py", line 1240, in work_cb
    self._workers[state](things)
  File "/home/jdakka/UCL/gpu_branch_env/venv/local/lib/python2.7/site-packages/radical/pilot/umgr/staging_output/default.py", line 110, in work
    self._handle_unit(unit, actionables)
  File "/home/jdakka/UCL/gpu_branch_env/venv/local/lib/python2.7/site-packages/radical/pilot/umgr/staging_output/default.py", line 142, in _handle_unit
    tr
NameError: global name 'tr' is not defined
2017-10-23 18:59:06,555: umgr.staging.output.0.child: umgr.staging.output.0           : MainThread     : DEBUG   : advance bulk size: 1 [False, True]
2017-10-23 18:59:14,626: umgr.staging.output.0.child: umgr.staging.output.0           : MainThread     : DEBUG   : got unit (unit.000099)
2017-10-23 18:59:14,626: umgr.staging.output.0.child: umgr.staging.output.0           : MainThread     : DEBUG   : advance bulk size: 1 [False, True]
2017-10-23 18:59:14,626: umgr.staging.output.0.child: umgr.staging.output.0           : MainThread     : ERROR   : worker <bound method Default.work of <Default(umgr.staging.output.0, started)>> failed
Traceback (most recent call last):
  File "/home/jdakka/UCL/gpu_branch_env/venv/local/lib/python2.7/site-packages/radical/pilot/utils/component.py", line 1240, in work_cb
    self._workers[state](things)
  File "/home/jdakka/UCL/gpu_branch_env/venv/local/lib/python2.7/site-packages/radical/pilot/umgr/staging_output/default.py", line 110, in work
    self._handle_unit(unit, actionables)
  File "/home/jdakka/UCL/gpu_branch_env/venv/local/lib/python2.7/site-packages/radical/pilot/umgr/staging_output/default.py", line 142, in _handle_unit
    tr
NameError: global name 'tr' is not defined
2017-10-23 18:59:14,626: umgr.staging.output.0.child: umgr.staging.output.0           : MainThread     : DEBUG   : advance bulk size: 1 [False, True]
2017-10-23 18:59:20,672: umgr.staging.output.0.child: umgr.staging.output.0           : MainThread     : DEBUG   : got unit (unit.000104)
2017-10-23 18:59:20,672: umgr.staging.output.0.child: umgr.staging.output.0           : MainThread     : DEBUG   : advance bulk size: 1 [False, True]
2017-10-23 18:59:20,672: umgr.staging.output.0.child: umgr.staging.output.0           : MainThread     : ERROR   : worker <bound method Default.work of <Default(umgr.staging.output.0, started)>> failed
Traceback (most recent call last):
  File "/home/jdakka/UCL/gpu_branch_env/venv/local/lib/python2.7/site-packages/radical/pilot/utils/component.py", line 1240, in work_cb
    self._workers[state](things)
  File "/home/jdakka/UCL/gpu_branch_env/venv/local/lib/python2.7/site-packages/radical/pilot/umgr/staging_output/default.py", line 110, in work
    self._handle_unit(unit, actionables)
  File "/home/jdakka/UCL/gpu_branch_env/venv/local/lib/python2.7/site-packages/radical/pilot/umgr/staging_output/default.py", line 142, in _handle_unit
    tr
NameError: global name 'tr' is not defined
2017-10-23 18:59:20,672: umgr.staging.output.0.child: umgr.staging.output.0           : MainThread     : DEBUG   : advance bulk size: 1 [False, True]
2017-10-23 18:59:28,731: umgr.staging.output.0.child: umgr.staging.output.0           : MainThread     : DEBUG   : got unit (unit.000110)
2017-10-23 18:59:28,731: umgr.staging.output.0.child: umgr.staging.output.0           : MainThread     : DEBUG   : advance bulk size: 1 [False, True]
2017-10-23 18:59:28,731: umgr.staging.output.0.child: umgr.staging.output.0           : MainThread     : ERROR   : worker <bound method Default.work of <Default(umgr.staging.output.0, started)>> failed
Traceback (most recent call last):
  File "/home/jdakka/UCL/gpu_branch_env/venv/local/lib/python2.7/site-packages/radical/pilot/utils/component.py", line 1240, in work_cb
    self._workers[state](things)
  File "/home/jdakka/UCL/gpu_branch_env/venv/local/lib/python2.7/site-packages/radical/pilot/umgr/staging_output/default.py", line 110, in work
    self._handle_unit(unit, actionables)
  File "/home/jdakka/UCL/gpu_branch_env/venv/local/lib/python2.7/site-packages/radical/pilot/umgr/staging_output/default.py", line 142, in _handle_unit
    tr
NameError: global name 'tr' is not defined
2017-10-23 18:59:28,731: umgr.staging.output.0.child: umgr.staging.output.0           : MainThread     : DEBUG   : advance bulk size: 1 [False, True]
2017-10-23 18:59:36,794: umgr.staging.output.0.child: umgr.staging.output.0           : MainThread     : DEBUG   : got unit (unit.000101)
2017-10-23 18:59:36,794: umgr.staging.output.0.child: umgr.staging.output.0           : MainThread     : DEBUG   : advance bulk size: 1 [False, True]
2017-10-23 18:59:36,794: umgr.staging.output.0.child: umgr.staging.output.0           : MainThread     : ERROR   : worker <bound method Default.work of <Default(umgr.staging.output.0, started)>> failed
Traceback (most recent call last):
  File "/home/jdakka/UCL/gpu_branch_env/venv/local/lib/python2.7/site-packages/radical/pilot/utils/component.py", line 1240, in work_cb
    self._workers[state](things)
  File "/home/jdakka/UCL/gpu_branch_env/venv/local/lib/python2.7/site-packages/radical/pilot/umgr/staging_output/default.py", line 110, in work
    self._handle_unit(unit, actionables)
  File "/home/jdakka/UCL/gpu_branch_env/venv/local/lib/python2.7/site-packages/radical/pilot/umgr/staging_output/default.py", line 142, in _handle_unit
    tr
NameError: global name 'tr' is not defined
2017-10-23 18:59:36,794: umgr.staging.output.0.child: umgr.staging.output.0           : MainThread     : DEBUG   : advance bulk size: 1 [False, True]
2017-10-23 18:59:42,844: umgr.staging.output.0.child: umgr.staging.output.0           : MainThread     : DEBUG   : got unit (unit.000097)
2017-10-23 18:59:42,844: umgr.staging.output.0.child: umgr.staging.output.0           : MainThread     : DEBUG   : advance bulk size: 1 [False, True]
2017-10-23 18:59:42,844: umgr.staging.output.0.child: umgr.staging.output.0           : MainThread     : ERROR   : worker <bound method Default.work of <Default(umgr.staging.output.0, started)>> failed
Traceback (most recent call last):
  File "/home/jdakka/UCL/gpu_branch_env/venv/local/lib/python2.7/site-packages/radical/pilot/utils/component.py", line 1240, in work_cb
    self._workers[state](things)
  File "/home/jdakka/UCL/gpu_branch_env/venv/local/lib/python2.7/site-packages/radical/pilot/umgr/staging_output/default.py", line 110, in work
    self._handle_unit(unit, actionables)
  File "/home/jdakka/UCL/gpu_branch_env/venv/local/lib/python2.7/site-packages/radical/pilot/umgr/staging_output/default.py", line 142, in _handle_unit
    tr
NameError: global name 'tr' is not defined
2017-10-23 18:59:42,845: umgr.staging.output.0.child: umgr.staging.output.0           : MainThread     : DEBUG   : advance bulk size: 1 [False, True]
2017-10-23 18:59:50,905: umgr.staging.output.0.child: umgr.staging.output.0           : MainThread     : DEBUG   : got unit (unit.000108)
2017-10-23 18:59:50,905: umgr.staging.output.0.child: umgr.staging.output.0           : MainThread     : DEBUG   : advance bulk size: 1 [False, True]
2017-10-23 18:59:50,905: umgr.staging.output.0.child: umgr.staging.output.0           : MainThread     : ERROR   : worker <bound method Default.work of <Default(umgr.staging.output.0, started)>> failed
Traceback (most recent call last):
  File "/home/jdakka/UCL/gpu_branch_env/venv/local/lib/python2.7/site-packages/radical/pilot/utils/component.py", line 1240, in work_cb
    self._workers[state](things)
  File "/home/jdakka/UCL/gpu_branch_env/venv/local/lib/python2.7/site-packages/radical/pilot/umgr/staging_output/default.py", line 110, in work
    self._handle_unit(unit, actionables)
  File "/home/jdakka/UCL/gpu_branch_env/venv/local/lib/python2.7/site-packages/radical/pilot/umgr/staging_output/default.py", line 142, in _handle_unit
    tr
NameError: global name 'tr' is not defined
2017-10-23 18:59:50,905: umgr.staging.output.0.child: umgr.staging.output.0           : MainThread     : DEBUG   : advance bulk size: 1 [False, True]
2017-10-23 19:00:07,907: umgr.staging.output.0.child: umgr.staging.output.0           : umgr.staging.output.0.child.watch: WARNING : endpoint disappeard
2017-10-23 19:00:07,907: umgr.staging.output.0.child: umgr.staging.output.0           : umgr.staging.output.0.child.watch: INFO    : watcher closes
2017-10-23 19:00:07,907: umgr.staging.output.0.child: umgr.staging.output.0           : umgr.staging.output.0.child.watch: INFO    : put message: [umgr.staging.output.0.child.watch.thread] work finished
2017-10-23 19:00:07,908: umgr.staging.output.0.child: umgr.staging.output.0           : umgr.staging.output.0.child.watch: DEBUG   : ru_finalize_child (NOOP)
2017-10-23 19:00:07,908: umgr.staging.output.0.child: umgr.staging.output.0           : umgr.staging.output.0.child.watch: DEBUG   : ru_finalize_common (NOOP)
2017-10-23 19:00:07,908: umgr.staging.output.0.child: umgr.staging.output.0           : umgr.staging.output.0.child.watch: INFO    : put message: [umgr.staging.output.0.child.watch.thread] terminating
2017-10-23 19:00:07,923: umgr.staging.output.0.child: umgr.staging.output.0           : MainThread     : DEBUG   : ru_finalize_common()
2017-10-23 19:00:07,923: umgr.staging.output.0.child: umgr.staging.output.0           : MainThread     : WARNING : alive check: proc invalid - stop [False - True]
2017-10-23 19:00:07,956: umgr.staging.output.0.child: umgr.staging.output.0           : MainThread     : INFO    : stop umgr.staging.output.0.child (24298 : 24298 : MainThread) [radical.utils.process.Default.is_valid]
2017-10-23 19:00:07,956: umgr.staging.output.0.child: umgr.staging.output.0           : MainThread     : INFO    : parent stops child
2017-10-23 19:00:07,956: umgr.staging.output.0.child: umgr.staging.output.0           : MainThread     : DEBUG   : ru_finalize_common()
2017-10-23 19:00:07,956: umgr.staging.output.0.child: umgr.staging.output.0           : MainThread     : DEBUG   : TERM : umgr.staging.output.0.child unregister publisher log_pubsub
2017-10-23 19:00:07,957: umgr.staging.output.0.child: umgr.staging.output.0           : MainThread     : DEBUG   : unregistered publisher log_pubsub
2017-10-23 19:00:07,957: umgr.staging.output.0.child: umgr.staging.output.0           : MainThread     : DEBUG   : TERM : umgr.staging.output.0.child unregister publisher state_pubsub
2017-10-23 19:00:07,958: umgr.staging.output.0.child: umgr.staging.output.0           : MainThread     : DEBUG   : unregistered publisher state_pubsub
2017-10-23 19:00:07,958: umgr.staging.output.0.child: umgr.staging.output.0           : MainThread     : DEBUG   : TERM : umgr.staging.output.0.child unregister publisher control_pubsub
2017-10-23 19:00:07,958: umgr.staging.output.0.child: umgr.staging.output.0           : MainThread     : DEBUG   : unregistered publisher control_pubsub
2017-10-23 19:00:07,958: umgr.staging.output.0.child: umgr.staging.output.0           : MainThread     : DEBUG   : umgr.staging.output.0.child close prof
2017-10-23 19:00:07,958: umgr.staging.output.0.child: umgr.staging.output.0           : MainThread     : INFO    : parent stops child
2017-10-23 19:00:07,958: umgr.staging.output.0.child: umgr.staging.output.0           : MainThread     : DEBUG   : ru_finalize_parent (NOOP)
2017-10-23 19:00:07,958: umgr.staging.output.0.child: umgr.staging.output.0           : MainThread     : DEBUG   : ru_finalize_common (NOOP)
2017-10-23 19:00:07,958: umgr.staging.output.0.child: umgr.staging.output.0           : MainThread     : INFO    : parent stops child
2017-10-23 19:00:07,958: umgr.staging.output.0.child: umgr.staging.output.0           : MainThread     : DEBUG   : ru_finalize_parent (NOOP)
2017-10-23 19:00:07,959: umgr.staging.output.0.child: umgr.staging.output.0           : umgr.staging.output.0.child.subscriber._cancel_monitor_cb: ERROR   : abort: ZMQError('Socket operation on non-socket')
Traceback (most recent call last):
  File "/home/jdakka/UCL/gpu_branch_env/venv/local/lib/python2.7/site-packages/radical/utils/threads.py", line 375, in _run
    if not self.work_cb():
  File "/home/jdakka/UCL/gpu_branch_env/venv/local/lib/python2.7/site-packages/radical/pilot/utils/component.py", line 1088, in work_cb
    topic, msg = self._q.get_nowait(500)  # timout in ms
  File "/home/jdakka/UCL/gpu_branch_env/venv/local/lib/python2.7/site-packages/radical/pilot/utils/pubsub.py", line 352, in get_nowait
    if _uninterruptible(self._q.poll, flags=zmq.POLLIN, timeout=timeout):
  File "/home/jdakka/UCL/gpu_branch_env/venv/local/lib/python2.7/site-packages/radical/pilot/utils/pubsub.py", line 50, in _uninterruptible
    return f(*args, **kwargs)
  File "/home/jdakka/UCL/gpu_branch_env/venv/local/lib/python2.7/site-packages/zmq/sugar/socket.py", line 558, in poll
    evts = dict(p.poll(timeout))
  File "/home/jdakka/UCL/gpu_branch_env/venv/local/lib/python2.7/site-packages/zmq/sugar/poll.py", line 99, in poll
    return zmq_poll(self.sockets, timeout=timeout)
  File "zmq/backend/cython/_poll.pyx", line 123, in zmq.backend.cython._poll.zmq_poll (zmq/backend/cython/_poll.c:2186)
  File "zmq/backend/cython/_poll.pyx", line 116, in zmq.backend.cython._poll.zmq_poll (zmq/backend/cython/_poll.c:2036)
  File "zmq/backend/cython/checkrc.pxd", line 25, in zmq.backend.cython.checkrc._check_rc (zmq/backend/cython/_poll.c:2811)
    raise ZMQError(errno)
ZMQError: Socket operation on non-socket
2017-10-23 19:00:07,959: umgr.staging.output.0.child: umgr.staging.output.0           : umgr.staging.output.0.child.subscriber._cancel_monitor_cb: INFO    : put message: [umgr.staging.output.0.child.subscriber._cancel_monitor_cb.thread] ZMQError('Socket operation on non-socket')
2017-10-23 19:00:07,959: umgr.staging.output.0.child: umgr.staging.output.0           : umgr.staging.output.0.child.subscriber._cancel_monitor_cb: DEBUG   : ru_finalize_child (NOOP)
2017-10-23 19:00:07,959: umgr.staging.output.0.child: umgr.staging.output.0           : umgr.staging.output.0.child.subscriber._cancel_monitor_cb: INFO    : put message: [umgr.staging.output.0.child.subscriber._cancel_monitor_cb.thread] terminating
2017-10-23 19:00:07,960: umgr.staging.output.0.child: umgr.staging.output.0           : MainThread     : WARNING : super umgr.staging.output.0.child is invalid
2017-10-23 19:00:07,960: umgr.staging.output.0.child: umgr.staging.output.0           : MainThread     : WARNING : component umgr.staging.output.0.child is invalid
2017-10-23 19:00:07,961: umgr.staging.output.0.child: umgr.staging.output.0           : MainThread     : INFO    : stop umgr.staging.output.0.child (24298 : 24298 : MainThread) [radical.pilot.utils.component.Default.is_valid]
2017-10-23 19:00:07,961: umgr.staging.output.0.child: umgr.staging.output.0           : MainThread     : WARNING : publisher log_pubsub is not registered
2017-10-23 19:00:07,961: umgr.staging.output.0.child: umgr.staging.output.0           : MainThread     : WARNING : publisher state_pubsub is not registered
2017-10-23 19:00:07,961: umgr.staging.output.0.child: umgr.staging.output.0           : MainThread     : WARNING : publisher control_pubsub is not registered
2017-10-23 19:00:07,961: umgr.staging.output.0.child: umgr.staging.output.0           : MainThread     : DEBUG   : umgr.staging.output.0.child close prof
2017-10-23 19:00:07,961: umgr.staging.output.0.child: umgr.staging.output.0           : MainThread     : INFO    : send message: [umgr.staging.output.0.child] terminating
2017-10-23 19:00:07,961: umgr.staging.output.0.child: umgr.staging.output.0           : MainThread     : WARNING : send failed ([Errno 9] Bad file descriptor) - terminate
2017-10-23 19:00:07,961: umgr.staging.output.0.child: umgr.staging.output.0           : MainThread     : INFO    : parent stops child
