2017-10-23 18:11:57,448: umgr.staging.input.0.child: umgr.staging.input.0            : MainThread     : INFO    : python.interpreter   version: 2.7.12 (default, Nov 19 2016, 06:48:10) [GCC 5.4.0 20160609]
2017-10-23 18:11:57,448: umgr.staging.input.0.child: umgr.staging.input.0            : MainThread     : INFO    :                      pid: 24278
2017-10-23 18:11:57,448: umgr.staging.input.0.child: umgr.staging.input.0            : MainThread     : INFO    :                      tid: MainThread
2017-10-23 18:11:57,448: umgr.staging.input.0.child: umgr.staging.input.0            : MainThread     : INFO    : radical.pilot        version: 0.47-v0.46.2-93-g379bd68d@feature-gpu
2017-10-23 18:11:57,450: umgr.staging.input.0.child: umgr.staging.input.0            : MainThread     : INFO    : initialize umgr.staging.input.0.child
2017-10-23 18:11:57,452: umgr.staging.input.0.child: umgr.staging.input.0            : MainThread     : INFO    : cfg: {'agents': {},
 u'bridges': {u'control_pubsub': {'addr_in': 'tcp://138.201.86.166:40416',
                                  'addr_out': 'tcp://138.201.86.166:38964',
                                  u'bulk_size': 0,
                                  u'log_level': u'debug',
                                  u'stall_hwm': 1},
              u'log_pubsub': {'addr_in': 'tcp://138.201.86.166:39626',
                              'addr_out': 'tcp://138.201.86.166:40107',
                              u'bulk_size': 0,
                              u'log_level': u'debug',
                              u'stall_hwm': 1},
              u'state_pubsub': {'addr_in': 'tcp://138.201.86.166:38360',
                                'addr_out': 'tcp://138.201.86.166:36704',
                                u'bulk_size': 0,
                                u'log_level': u'debug',
                                u'stall_hwm': 1},
              u'umgr_reschedule_pubsub': {'addr_in': 'tcp://138.201.86.166:43207',
                                          'addr_out': 'tcp://138.201.86.166:45151',
                                          u'bulk_size': 0,
                                          u'log_level': u'debug',
                                          u'stall_hwm': 1},
              u'umgr_scheduling_queue': {'addr_in': 'tcp://138.201.86.166:36444',
                                         'addr_out': 'tcp://138.201.86.166:35997',
                                         u'bulk_size': 0,
                                         u'log_level': u'debug',
                                         u'stall_hwm': 1},
              u'umgr_staging_input_queue': {'addr_in': 'tcp://138.201.86.166:46647',
                                            'addr_out': 'tcp://138.201.86.166:36837',
                                            u'bulk_size': 0,
                                            u'log_level': u'debug',
                                            u'stall_hwm': 1},
              u'umgr_staging_output_queue': {'addr_in': 'tcp://138.201.86.166:42628',
                                             'addr_out': 'tcp://138.201.86.166:43016',
                                             u'bulk_size': 0,
                                             u'log_level': u'debug',
                                             u'stall_hwm': 1},
              u'umgr_unschedule_pubsub': {'addr_in': 'tcp://138.201.86.166:35843',
                                          'addr_out': 'tcp://138.201.86.166:42983',
                                          u'bulk_size': 0,
                                          u'log_level': u'debug',
                                          u'stall_hwm': 1}},
 u'bulk_collection_size': 100,
 u'bulk_collection_time': 1.0,
 'cname': u'UMGRStagingInputComponent',
 u'components': {},
 u'count': 1,
 u'db_poll_sleeptime': 1.0,
 'number': 0,
 'owner': 'umgr.0000',
 u'scheduler': u'round_robin',
 'uid': 'umgr.0000'}
2017-10-23 18:11:57,452: umgr.staging.input.0.child: umgr.staging.input.0            : MainThread     : DEBUG   : start components: {}
2017-10-23 18:11:57,452: umgr.staging.input.0.child: umgr.staging.input.0            : MainThread     : DEBUG   : alive check in term
2017-10-23 18:11:57,452: umgr.staging.input.0.child: umgr.staging.input.0            : MainThread     : DEBUG   : START: umgr.staging.input.0.child register publisher log_pubsub
2017-10-23 18:11:57,452: umgr.staging.input.0.child: umgr.staging.input.0            : MainThread     : DEBUG   : using addr tcp://138.201.86.166:39626 for pubsub log_pubsub
2017-10-23 18:11:57,454: umgr.staging.input.0.child: umgr.staging.input.0            : MainThread     : DEBUG   : registered publisher : log_pubsub : log.pubsub.pub.0003
2017-10-23 18:11:57,454: umgr.staging.input.0.child: umgr.staging.input.0            : MainThread     : DEBUG   : alive check in term
2017-10-23 18:11:57,454: umgr.staging.input.0.child: umgr.staging.input.0            : MainThread     : DEBUG   : START: umgr.staging.input.0.child register publisher state_pubsub
2017-10-23 18:11:57,454: umgr.staging.input.0.child: umgr.staging.input.0            : MainThread     : DEBUG   : using addr tcp://138.201.86.166:38360 for pubsub state_pubsub
2017-10-23 18:11:57,455: umgr.staging.input.0.child: umgr.staging.input.0            : MainThread     : DEBUG   : registered publisher : state_pubsub : state.pubsub.pub.0003
2017-10-23 18:11:57,455: umgr.staging.input.0.child: umgr.staging.input.0            : MainThread     : DEBUG   : alive check in term
2017-10-23 18:11:57,455: umgr.staging.input.0.child: umgr.staging.input.0            : MainThread     : DEBUG   : START: umgr.staging.input.0.child register publisher control_pubsub
2017-10-23 18:11:57,455: umgr.staging.input.0.child: umgr.staging.input.0            : MainThread     : DEBUG   : using addr tcp://138.201.86.166:40416 for pubsub control_pubsub
2017-10-23 18:11:57,456: umgr.staging.input.0.child: umgr.staging.input.0            : MainThread     : DEBUG   : registered publisher : control_pubsub : control.pubsub.pub.0003
2017-10-23 18:11:57,456: umgr.staging.input.0.child: umgr.staging.input.0            : MainThread     : DEBUG   : alive check in term
2017-10-23 18:11:57,456: umgr.staging.input.0.child: umgr.staging.input.0            : MainThread     : DEBUG   : START: umgr.staging.input.0.child register subscriber umgr.staging.input.0.child.subscriber._cancel_monitor_cb
2017-10-23 18:11:57,456: umgr.staging.input.0.child: umgr.staging.input.0            : MainThread     : DEBUG   : using addr tcp://138.201.86.166:38964 for pubsub control_pubsub
2017-10-23 18:11:57,471: umgr.staging.input.0.child: umgr.staging.input.0            : MainThread     : DEBUG   : parent name: umgr.staging.input.0.child.subscriber._cancel_monitor_cb
2017-10-23 18:11:57,471: umgr.staging.input.0.child: umgr.staging.input.0            : MainThread     : DEBUG   : start thread
2017-10-23 18:11:57,471: umgr.staging.input.0.child: umgr.staging.input.0            : umgr.staging.input.0.child.subscriber._cancel_monitor_cb: DEBUG   : child name: umgr.staging.input.0.child.subscriber._cancel_monitor_cb.thread
2017-10-23 18:11:57,471: umgr.staging.input.0.child: umgr.staging.input.0            : umgr.staging.input.0.child.subscriber._cancel_monitor_cb: INFO    : child (me) initializing
2017-10-23 18:11:57,471: umgr.staging.input.0.child: umgr.staging.input.0            : umgr.staging.input.0.child.subscriber._cancel_monitor_cb: DEBUG   : ru_initialize_common (NOOP)
2017-10-23 18:11:57,471: umgr.staging.input.0.child: umgr.staging.input.0            : umgr.staging.input.0.child.subscriber._cancel_monitor_cb: DEBUG   : ru_initialize_child (NOOP)
2017-10-23 18:11:57,471: umgr.staging.input.0.child: umgr.staging.input.0            : umgr.staging.input.0.child.subscriber._cancel_monitor_cb: INFO    : send alive
2017-10-23 18:11:57,471: umgr.staging.input.0.child: umgr.staging.input.0            : umgr.staging.input.0.child.subscriber._cancel_monitor_cb: INFO    : put message: [umgr.staging.input.0.child.subscriber._cancel_monitor_cb.thread] alive
2017-10-23 18:11:57,472: umgr.staging.input.0.child: umgr.staging.input.0            : MainThread     : INFO    : get msg: alive
2017-10-23 18:11:57,472: umgr.staging.input.0.child: umgr.staging.input.0            : MainThread     : DEBUG   : ru_initialize_common (NOOP)
2017-10-23 18:11:57,472: umgr.staging.input.0.child: umgr.staging.input.0            : MainThread     : DEBUG   : ru_initialize_parent (NOOP)
2017-10-23 18:11:57,473: umgr.staging.input.0.child: umgr.staging.input.0            : MainThread     : DEBUG   : child thread umgr.staging.input.0.child.subscriber._cancel_monitor_cb started
2017-10-23 18:11:57,473: umgr.staging.input.0.child: umgr.staging.input.0            : MainThread     : DEBUG   : umgr.staging.input.0.child registered control_pubsub subscriber umgr.staging.input.0.child.subscriber._cancel_monitor_cb
2017-10-23 18:11:57,473: umgr.staging.input.0.child: umgr.staging.input.0            : MainThread     : DEBUG   : alive check in term
2017-10-23 18:11:57,473: umgr.staging.input.0.child: umgr.staging.input.0            : MainThread     : DEBUG   : using addr tcp://138.201.86.166:36837 for input umgr_staging_input_queue
2017-10-23 18:11:57,474: umgr.staging.input.0.child: umgr.staging.input.0            : MainThread     : DEBUG   : registered input umgr.staging.input.0.child.work.UMGR_STAGING_INPUT_PENDING
2017-10-23 18:11:57,474: umgr.staging.input.0.child: umgr.staging.input.0            : MainThread     : DEBUG   : START: umgr.staging.input.0.child register input UMGR_STAGING_INPUT_PENDING: umgr.staging.input.0.child.work.UMGR_STAGING_INPUT_PENDING
2017-10-23 18:11:57,474: umgr.staging.input.0.child: umgr.staging.input.0            : MainThread     : DEBUG   : registered worker work [UMGR_STAGING_INPUT_PENDING]
2017-10-23 18:11:57,474: umgr.staging.input.0.child: umgr.staging.input.0            : MainThread     : DEBUG   : alive check in term
2017-10-23 18:11:57,474: umgr.staging.input.0.child: umgr.staging.input.0            : MainThread     : DEBUG   : START: umgr.staging.input.0.child register output AGENT_STAGING_INPUT_PENDING
2017-10-23 18:11:57,474: umgr.staging.input.0.child: umgr.staging.input.0            : MainThread     : INFO    : child (me) initializing
2017-10-23 18:11:57,474: umgr.staging.input.0.child: umgr.staging.input.0            : MainThread     : DEBUG   : parent name: umgr.staging.input.0.child.watch
2017-10-23 18:11:57,474: umgr.staging.input.0.child: umgr.staging.input.0            : MainThread     : DEBUG   : start thread
2017-10-23 18:11:57,474: umgr.staging.input.0.child: umgr.staging.input.0            : umgr.staging.input.0.child.watch: DEBUG   : child name: umgr.staging.input.0.child.watch.thread
2017-10-23 18:11:57,474: umgr.staging.input.0.child: umgr.staging.input.0            : umgr.staging.input.0.child.watch: INFO    : child (me) initializing
2017-10-23 18:11:57,475: umgr.staging.input.0.child: umgr.staging.input.0            : umgr.staging.input.0.child.watch: DEBUG   : ru_initialize_common (NOOP)
2017-10-23 18:11:57,475: umgr.staging.input.0.child: umgr.staging.input.0            : umgr.staging.input.0.child.watch: DEBUG   : ru_initialize_child (NOOP)
2017-10-23 18:11:57,475: umgr.staging.input.0.child: umgr.staging.input.0            : umgr.staging.input.0.child.watch: INFO    : send alive
2017-10-23 18:11:57,475: umgr.staging.input.0.child: umgr.staging.input.0            : umgr.staging.input.0.child.watch: INFO    : put message: [umgr.staging.input.0.child.watch.thread] alive
2017-10-23 18:11:57,476: umgr.staging.input.0.child: umgr.staging.input.0            : MainThread     : INFO    : get msg: alive
2017-10-23 18:11:57,476: umgr.staging.input.0.child: umgr.staging.input.0            : MainThread     : DEBUG   : ru_initialize_common (NOOP)
2017-10-23 18:11:57,476: umgr.staging.input.0.child: umgr.staging.input.0            : MainThread     : DEBUG   : ru_initialize_parent (NOOP)
2017-10-23 18:11:57,476: umgr.staging.input.0.child: umgr.staging.input.0            : MainThread     : DEBUG   : child thread umgr.staging.input.0.child.watch started
2017-10-23 18:11:57,476: umgr.staging.input.0.child: umgr.staging.input.0            : MainThread     : INFO    : child (me) is alive
2017-10-23 18:11:57,476: umgr.staging.input.0.child: umgr.staging.input.0            : MainThread     : INFO    : send alive
2017-10-23 18:11:57,476: umgr.staging.input.0.child: umgr.staging.input.0            : MainThread     : INFO    : send message: [umgr.staging.input.0.child] alive
2017-10-23 18:11:58,437: umgr.staging.input.0.child: umgr.staging.input.0            : MainThread     : DEBUG   : got unit (unit.000000)
2017-10-23 18:11:58,437: umgr.staging.input.0.child: umgr.staging.input.0            : MainThread     : DEBUG   : advance bulk size: 1 [False, True]
2017-10-23 18:11:58,437: umgr.staging.input.0.child: umgr.staging.input.0            : MainThread     : DEBUG   : advance bulk size: 1 [True, True]
2017-10-23 18:11:58,437: umgr.staging.input.0.child: umgr.staging.input.0            : MainThread     : DEBUG   : drop  unit.000000 [AGENT_STAGING_INPUT_PENDING]
2017-10-23 18:11:58,550: umgr.staging.input.0.child: umgr.staging.input.0            : MainThread     : DEBUG   : got unit (unit.000001)
2017-10-23 18:11:58,551: umgr.staging.input.0.child: umgr.staging.input.0            : MainThread     : DEBUG   : advance bulk size: 1 [False, True]
2017-10-23 18:11:58,551: umgr.staging.input.0.child: umgr.staging.input.0            : MainThread     : DEBUG   : advance bulk size: 1 [True, True]
2017-10-23 18:11:58,551: umgr.staging.input.0.child: umgr.staging.input.0            : MainThread     : DEBUG   : drop  unit.000001 [AGENT_STAGING_INPUT_PENDING]
2017-10-23 18:11:58,668: umgr.staging.input.0.child: umgr.staging.input.0            : MainThread     : DEBUG   : got unit (unit.000002)
2017-10-23 18:11:58,668: umgr.staging.input.0.child: umgr.staging.input.0            : MainThread     : DEBUG   : advance bulk size: 1 [False, True]
2017-10-23 18:11:58,668: umgr.staging.input.0.child: umgr.staging.input.0            : MainThread     : DEBUG   : advance bulk size: 1 [True, True]
2017-10-23 18:11:58,668: umgr.staging.input.0.child: umgr.staging.input.0            : MainThread     : DEBUG   : drop  unit.000002 [AGENT_STAGING_INPUT_PENDING]
2017-10-23 18:11:58,778: umgr.staging.input.0.child: umgr.staging.input.0            : MainThread     : DEBUG   : got unit (unit.000003)
2017-10-23 18:11:58,778: umgr.staging.input.0.child: umgr.staging.input.0            : MainThread     : DEBUG   : advance bulk size: 1 [False, True]
2017-10-23 18:11:58,778: umgr.staging.input.0.child: umgr.staging.input.0            : MainThread     : DEBUG   : advance bulk size: 1 [True, True]
2017-10-23 18:11:58,779: umgr.staging.input.0.child: umgr.staging.input.0            : MainThread     : DEBUG   : drop  unit.000003 [AGENT_STAGING_INPUT_PENDING]
2017-10-23 18:11:58,889: umgr.staging.input.0.child: umgr.staging.input.0            : MainThread     : DEBUG   : got unit (unit.000004)
2017-10-23 18:11:58,889: umgr.staging.input.0.child: umgr.staging.input.0            : MainThread     : DEBUG   : advance bulk size: 1 [False, True]
2017-10-23 18:11:58,890: umgr.staging.input.0.child: umgr.staging.input.0            : MainThread     : DEBUG   : advance bulk size: 1 [True, True]
2017-10-23 18:11:58,890: umgr.staging.input.0.child: umgr.staging.input.0            : MainThread     : DEBUG   : drop  unit.000004 [AGENT_STAGING_INPUT_PENDING]
2017-10-23 18:11:59,002: umgr.staging.input.0.child: umgr.staging.input.0            : MainThread     : DEBUG   : got unit (unit.000005)
2017-10-23 18:11:59,003: umgr.staging.input.0.child: umgr.staging.input.0            : MainThread     : DEBUG   : advance bulk size: 1 [False, True]
2017-10-23 18:11:59,004: umgr.staging.input.0.child: umgr.staging.input.0            : MainThread     : DEBUG   : advance bulk size: 1 [True, True]
2017-10-23 18:11:59,005: umgr.staging.input.0.child: umgr.staging.input.0            : MainThread     : DEBUG   : drop  unit.000005 [AGENT_STAGING_INPUT_PENDING]
2017-10-23 18:11:59,114: umgr.staging.input.0.child: umgr.staging.input.0            : MainThread     : DEBUG   : got unit (unit.000006)
2017-10-23 18:11:59,114: umgr.staging.input.0.child: umgr.staging.input.0            : MainThread     : DEBUG   : advance bulk size: 1 [False, True]
2017-10-23 18:11:59,114: umgr.staging.input.0.child: umgr.staging.input.0            : MainThread     : DEBUG   : advance bulk size: 1 [True, True]
2017-10-23 18:11:59,114: umgr.staging.input.0.child: umgr.staging.input.0            : MainThread     : DEBUG   : drop  unit.000006 [AGENT_STAGING_INPUT_PENDING]
2017-10-23 18:11:59,663: umgr.staging.input.0.child: umgr.staging.input.0            : MainThread     : DEBUG   : got unit (unit.000007)
2017-10-23 18:11:59,663: umgr.staging.input.0.child: umgr.staging.input.0            : MainThread     : DEBUG   : advance bulk size: 1 [False, True]
2017-10-23 18:11:59,663: umgr.staging.input.0.child: umgr.staging.input.0            : MainThread     : DEBUG   : advance bulk size: 1 [True, True]
2017-10-23 18:11:59,663: umgr.staging.input.0.child: umgr.staging.input.0            : MainThread     : DEBUG   : drop  unit.000007 [AGENT_STAGING_INPUT_PENDING]
2017-10-23 18:11:59,778: umgr.staging.input.0.child: umgr.staging.input.0            : MainThread     : DEBUG   : got unit (unit.000008)
2017-10-23 18:11:59,778: umgr.staging.input.0.child: umgr.staging.input.0            : MainThread     : DEBUG   : advance bulk size: 1 [False, True]
2017-10-23 18:11:59,778: umgr.staging.input.0.child: umgr.staging.input.0            : MainThread     : DEBUG   : advance bulk size: 1 [True, True]
2017-10-23 18:11:59,778: umgr.staging.input.0.child: umgr.staging.input.0            : MainThread     : DEBUG   : drop  unit.000008 [AGENT_STAGING_INPUT_PENDING]
2017-10-23 18:11:59,894: umgr.staging.input.0.child: umgr.staging.input.0            : MainThread     : DEBUG   : got unit (unit.000009)
2017-10-23 18:11:59,894: umgr.staging.input.0.child: umgr.staging.input.0            : MainThread     : DEBUG   : advance bulk size: 1 [False, True]
2017-10-23 18:11:59,894: umgr.staging.input.0.child: umgr.staging.input.0            : MainThread     : DEBUG   : advance bulk size: 1 [True, True]
2017-10-23 18:11:59,894: umgr.staging.input.0.child: umgr.staging.input.0            : MainThread     : DEBUG   : drop  unit.000009 [AGENT_STAGING_INPUT_PENDING]
2017-10-23 18:12:00,012: umgr.staging.input.0.child: umgr.staging.input.0            : MainThread     : DEBUG   : got unit (unit.000010)
2017-10-23 18:12:00,012: umgr.staging.input.0.child: umgr.staging.input.0            : MainThread     : DEBUG   : advance bulk size: 1 [False, True]
2017-10-23 18:12:00,012: umgr.staging.input.0.child: umgr.staging.input.0            : MainThread     : DEBUG   : advance bulk size: 1 [True, True]
2017-10-23 18:12:00,012: umgr.staging.input.0.child: umgr.staging.input.0            : MainThread     : DEBUG   : drop  unit.000010 [AGENT_STAGING_INPUT_PENDING]
2017-10-23 18:12:00,133: umgr.staging.input.0.child: umgr.staging.input.0            : MainThread     : DEBUG   : got unit (unit.000011)
2017-10-23 18:12:00,133: umgr.staging.input.0.child: umgr.staging.input.0            : MainThread     : DEBUG   : advance bulk size: 1 [False, True]
2017-10-23 18:12:00,133: umgr.staging.input.0.child: umgr.staging.input.0            : MainThread     : DEBUG   : advance bulk size: 1 [True, True]
2017-10-23 18:12:00,133: umgr.staging.input.0.child: umgr.staging.input.0            : MainThread     : DEBUG   : drop  unit.000011 [AGENT_STAGING_INPUT_PENDING]
2017-10-23 18:12:00,248: umgr.staging.input.0.child: umgr.staging.input.0            : MainThread     : DEBUG   : got unit (unit.000012)
2017-10-23 18:12:00,248: umgr.staging.input.0.child: umgr.staging.input.0            : MainThread     : DEBUG   : advance bulk size: 1 [False, True]
2017-10-23 18:12:00,248: umgr.staging.input.0.child: umgr.staging.input.0            : MainThread     : DEBUG   : advance bulk size: 1 [True, True]
2017-10-23 18:12:00,248: umgr.staging.input.0.child: umgr.staging.input.0            : MainThread     : DEBUG   : drop  unit.000012 [AGENT_STAGING_INPUT_PENDING]
2017-10-23 18:12:00,356: umgr.staging.input.0.child: umgr.staging.input.0            : MainThread     : DEBUG   : got unit (unit.000013)
2017-10-23 18:12:00,357: umgr.staging.input.0.child: umgr.staging.input.0            : MainThread     : DEBUG   : advance bulk size: 1 [False, True]
2017-10-23 18:12:00,357: umgr.staging.input.0.child: umgr.staging.input.0            : MainThread     : DEBUG   : advance bulk size: 1 [True, True]
2017-10-23 18:12:00,358: umgr.staging.input.0.child: umgr.staging.input.0            : MainThread     : DEBUG   : drop  unit.000013 [AGENT_STAGING_INPUT_PENDING]
2017-10-23 18:12:00,465: umgr.staging.input.0.child: umgr.staging.input.0            : MainThread     : DEBUG   : got unit (unit.000014)
2017-10-23 18:12:00,465: umgr.staging.input.0.child: umgr.staging.input.0            : MainThread     : DEBUG   : advance bulk size: 1 [False, True]
2017-10-23 18:12:00,465: umgr.staging.input.0.child: umgr.staging.input.0            : MainThread     : DEBUG   : advance bulk size: 1 [True, True]
2017-10-23 18:12:00,465: umgr.staging.input.0.child: umgr.staging.input.0            : MainThread     : DEBUG   : drop  unit.000014 [AGENT_STAGING_INPUT_PENDING]
2017-10-23 18:12:00,574: umgr.staging.input.0.child: umgr.staging.input.0            : MainThread     : DEBUG   : got unit (unit.000015)
2017-10-23 18:12:00,574: umgr.staging.input.0.child: umgr.staging.input.0            : MainThread     : DEBUG   : advance bulk size: 1 [False, True]
2017-10-23 18:12:00,574: umgr.staging.input.0.child: umgr.staging.input.0            : MainThread     : DEBUG   : advance bulk size: 1 [True, True]
2017-10-23 18:12:00,574: umgr.staging.input.0.child: umgr.staging.input.0            : MainThread     : DEBUG   : drop  unit.000015 [AGENT_STAGING_INPUT_PENDING]
2017-10-23 18:13:44,756: umgr.staging.input.0.child: umgr.staging.input.0            : MainThread     : DEBUG   : got unit (unit.000016)
2017-10-23 18:13:44,756: umgr.staging.input.0.child: umgr.staging.input.0            : MainThread     : DEBUG   : advance bulk size: 1 [False, True]
2017-10-23 18:13:44,756: umgr.staging.input.0.child: umgr.staging.input.0            : MainThread     : DEBUG   : advance bulk size: 1 [True, True]
2017-10-23 18:13:44,756: umgr.staging.input.0.child: umgr.staging.input.0            : MainThread     : DEBUG   : drop  unit.000016 [AGENT_STAGING_INPUT_PENDING]
2017-10-23 18:13:44,876: umgr.staging.input.0.child: umgr.staging.input.0            : MainThread     : DEBUG   : got unit (unit.000017)
2017-10-23 18:13:44,876: umgr.staging.input.0.child: umgr.staging.input.0            : MainThread     : DEBUG   : advance bulk size: 1 [False, True]
2017-10-23 18:13:44,876: umgr.staging.input.0.child: umgr.staging.input.0            : MainThread     : DEBUG   : advance bulk size: 1 [True, True]
2017-10-23 18:13:44,876: umgr.staging.input.0.child: umgr.staging.input.0            : MainThread     : DEBUG   : drop  unit.000017 [AGENT_STAGING_INPUT_PENDING]
2017-10-23 18:13:44,995: umgr.staging.input.0.child: umgr.staging.input.0            : MainThread     : DEBUG   : got unit (unit.000018)
2017-10-23 18:13:44,995: umgr.staging.input.0.child: umgr.staging.input.0            : MainThread     : DEBUG   : advance bulk size: 1 [False, True]
2017-10-23 18:13:44,995: umgr.staging.input.0.child: umgr.staging.input.0            : MainThread     : DEBUG   : advance bulk size: 1 [True, True]
2017-10-23 18:13:44,995: umgr.staging.input.0.child: umgr.staging.input.0            : MainThread     : DEBUG   : drop  unit.000018 [AGENT_STAGING_INPUT_PENDING]
2017-10-23 18:13:45,119: umgr.staging.input.0.child: umgr.staging.input.0            : MainThread     : DEBUG   : got unit (unit.000019)
2017-10-23 18:13:45,119: umgr.staging.input.0.child: umgr.staging.input.0            : MainThread     : DEBUG   : advance bulk size: 1 [False, True]
2017-10-23 18:13:45,119: umgr.staging.input.0.child: umgr.staging.input.0            : MainThread     : DEBUG   : advance bulk size: 1 [True, True]
2017-10-23 18:13:45,120: umgr.staging.input.0.child: umgr.staging.input.0            : MainThread     : DEBUG   : drop  unit.000019 [AGENT_STAGING_INPUT_PENDING]
2017-10-23 18:13:45,240: umgr.staging.input.0.child: umgr.staging.input.0            : MainThread     : DEBUG   : got unit (unit.000020)
2017-10-23 18:13:45,240: umgr.staging.input.0.child: umgr.staging.input.0            : MainThread     : DEBUG   : advance bulk size: 1 [False, True]
2017-10-23 18:13:45,240: umgr.staging.input.0.child: umgr.staging.input.0            : MainThread     : DEBUG   : advance bulk size: 1 [True, True]
2017-10-23 18:13:45,240: umgr.staging.input.0.child: umgr.staging.input.0            : MainThread     : DEBUG   : drop  unit.000020 [AGENT_STAGING_INPUT_PENDING]
2017-10-23 18:13:45,355: umgr.staging.input.0.child: umgr.staging.input.0            : MainThread     : DEBUG   : got unit (unit.000021)
2017-10-23 18:13:45,355: umgr.staging.input.0.child: umgr.staging.input.0            : MainThread     : DEBUG   : advance bulk size: 1 [False, True]
2017-10-23 18:13:45,356: umgr.staging.input.0.child: umgr.staging.input.0            : MainThread     : DEBUG   : advance bulk size: 1 [True, True]
2017-10-23 18:13:45,356: umgr.staging.input.0.child: umgr.staging.input.0            : MainThread     : DEBUG   : drop  unit.000021 [AGENT_STAGING_INPUT_PENDING]
2017-10-23 18:13:45,465: umgr.staging.input.0.child: umgr.staging.input.0            : MainThread     : DEBUG   : got unit (unit.000022)
2017-10-23 18:13:45,465: umgr.staging.input.0.child: umgr.staging.input.0            : MainThread     : DEBUG   : advance bulk size: 1 [False, True]
2017-10-23 18:13:45,465: umgr.staging.input.0.child: umgr.staging.input.0            : MainThread     : DEBUG   : advance bulk size: 1 [True, True]
2017-10-23 18:13:45,465: umgr.staging.input.0.child: umgr.staging.input.0            : MainThread     : DEBUG   : drop  unit.000022 [AGENT_STAGING_INPUT_PENDING]
2017-10-23 18:13:45,572: umgr.staging.input.0.child: umgr.staging.input.0            : MainThread     : DEBUG   : got unit (unit.000023)
2017-10-23 18:13:45,573: umgr.staging.input.0.child: umgr.staging.input.0            : MainThread     : DEBUG   : advance bulk size: 1 [False, True]
2017-10-23 18:13:45,573: umgr.staging.input.0.child: umgr.staging.input.0            : MainThread     : DEBUG   : advance bulk size: 1 [True, True]
2017-10-23 18:13:45,573: umgr.staging.input.0.child: umgr.staging.input.0            : MainThread     : DEBUG   : drop  unit.000023 [AGENT_STAGING_INPUT_PENDING]
2017-10-23 18:13:45,693: umgr.staging.input.0.child: umgr.staging.input.0            : MainThread     : DEBUG   : got unit (unit.000024)
2017-10-23 18:13:45,693: umgr.staging.input.0.child: umgr.staging.input.0            : MainThread     : DEBUG   : advance bulk size: 1 [False, True]
2017-10-23 18:13:45,693: umgr.staging.input.0.child: umgr.staging.input.0            : MainThread     : DEBUG   : advance bulk size: 1 [True, True]
2017-10-23 18:13:45,693: umgr.staging.input.0.child: umgr.staging.input.0            : MainThread     : DEBUG   : drop  unit.000024 [AGENT_STAGING_INPUT_PENDING]
2017-10-23 18:13:45,820: umgr.staging.input.0.child: umgr.staging.input.0            : MainThread     : DEBUG   : got unit (unit.000025)
2017-10-23 18:13:45,820: umgr.staging.input.0.child: umgr.staging.input.0            : MainThread     : DEBUG   : advance bulk size: 1 [False, True]
2017-10-23 18:13:45,821: umgr.staging.input.0.child: umgr.staging.input.0            : MainThread     : DEBUG   : advance bulk size: 1 [True, True]
2017-10-23 18:13:45,821: umgr.staging.input.0.child: umgr.staging.input.0            : MainThread     : DEBUG   : drop  unit.000025 [AGENT_STAGING_INPUT_PENDING]
2017-10-23 18:13:45,937: umgr.staging.input.0.child: umgr.staging.input.0            : MainThread     : DEBUG   : got unit (unit.000026)
2017-10-23 18:13:45,937: umgr.staging.input.0.child: umgr.staging.input.0            : MainThread     : DEBUG   : advance bulk size: 1 [False, True]
2017-10-23 18:13:45,937: umgr.staging.input.0.child: umgr.staging.input.0            : MainThread     : DEBUG   : advance bulk size: 1 [True, True]
2017-10-23 18:13:45,937: umgr.staging.input.0.child: umgr.staging.input.0            : MainThread     : DEBUG   : drop  unit.000026 [AGENT_STAGING_INPUT_PENDING]
2017-10-23 18:13:46,067: umgr.staging.input.0.child: umgr.staging.input.0            : MainThread     : DEBUG   : got unit (unit.000027)
2017-10-23 18:13:46,067: umgr.staging.input.0.child: umgr.staging.input.0            : MainThread     : DEBUG   : advance bulk size: 1 [False, True]
2017-10-23 18:13:46,067: umgr.staging.input.0.child: umgr.staging.input.0            : MainThread     : DEBUG   : advance bulk size: 1 [True, True]
2017-10-23 18:13:46,067: umgr.staging.input.0.child: umgr.staging.input.0            : MainThread     : DEBUG   : drop  unit.000027 [AGENT_STAGING_INPUT_PENDING]
2017-10-23 18:13:46,201: umgr.staging.input.0.child: umgr.staging.input.0            : MainThread     : DEBUG   : got unit (unit.000028)
2017-10-23 18:13:46,201: umgr.staging.input.0.child: umgr.staging.input.0            : MainThread     : DEBUG   : advance bulk size: 1 [False, True]
2017-10-23 18:13:46,202: umgr.staging.input.0.child: umgr.staging.input.0            : MainThread     : DEBUG   : advance bulk size: 1 [True, True]
2017-10-23 18:13:46,202: umgr.staging.input.0.child: umgr.staging.input.0            : MainThread     : DEBUG   : drop  unit.000028 [AGENT_STAGING_INPUT_PENDING]
2017-10-23 18:13:46,321: umgr.staging.input.0.child: umgr.staging.input.0            : MainThread     : DEBUG   : got unit (unit.000029)
2017-10-23 18:13:46,321: umgr.staging.input.0.child: umgr.staging.input.0            : MainThread     : DEBUG   : advance bulk size: 1 [False, True]
2017-10-23 18:13:46,322: umgr.staging.input.0.child: umgr.staging.input.0            : MainThread     : DEBUG   : advance bulk size: 1 [True, True]
2017-10-23 18:13:46,322: umgr.staging.input.0.child: umgr.staging.input.0            : MainThread     : DEBUG   : drop  unit.000029 [AGENT_STAGING_INPUT_PENDING]
2017-10-23 18:13:46,436: umgr.staging.input.0.child: umgr.staging.input.0            : MainThread     : DEBUG   : got unit (unit.000030)
2017-10-23 18:13:46,436: umgr.staging.input.0.child: umgr.staging.input.0            : MainThread     : DEBUG   : advance bulk size: 1 [False, True]
2017-10-23 18:13:46,437: umgr.staging.input.0.child: umgr.staging.input.0            : MainThread     : DEBUG   : advance bulk size: 1 [True, True]
2017-10-23 18:13:46,437: umgr.staging.input.0.child: umgr.staging.input.0            : MainThread     : DEBUG   : drop  unit.000030 [AGENT_STAGING_INPUT_PENDING]
2017-10-23 18:13:46,550: umgr.staging.input.0.child: umgr.staging.input.0            : MainThread     : DEBUG   : got unit (unit.000031)
2017-10-23 18:13:46,550: umgr.staging.input.0.child: umgr.staging.input.0            : MainThread     : DEBUG   : advance bulk size: 1 [False, True]
2017-10-23 18:13:46,550: umgr.staging.input.0.child: umgr.staging.input.0            : MainThread     : DEBUG   : advance bulk size: 1 [True, True]
2017-10-23 18:13:46,550: umgr.staging.input.0.child: umgr.staging.input.0            : MainThread     : DEBUG   : drop  unit.000031 [AGENT_STAGING_INPUT_PENDING]
2017-10-23 18:17:25,278: umgr.staging.input.0.child: umgr.staging.input.0            : MainThread     : DEBUG   : got unit (unit.000032)
2017-10-23 18:17:25,278: umgr.staging.input.0.child: umgr.staging.input.0            : MainThread     : DEBUG   : advance bulk size: 1 [False, True]
2017-10-23 18:17:25,279: umgr.staging.input.0.child: umgr.staging.input.0            : MainThread     : DEBUG   : advance bulk size: 1 [True, True]
2017-10-23 18:17:25,279: umgr.staging.input.0.child: umgr.staging.input.0            : MainThread     : DEBUG   : drop  unit.000032 [AGENT_STAGING_INPUT_PENDING]
2017-10-23 18:17:25,394: umgr.staging.input.0.child: umgr.staging.input.0            : MainThread     : DEBUG   : got unit (unit.000033)
2017-10-23 18:17:25,394: umgr.staging.input.0.child: umgr.staging.input.0            : MainThread     : DEBUG   : advance bulk size: 1 [False, True]
2017-10-23 18:17:25,394: umgr.staging.input.0.child: umgr.staging.input.0            : MainThread     : DEBUG   : advance bulk size: 1 [True, True]
2017-10-23 18:17:25,394: umgr.staging.input.0.child: umgr.staging.input.0            : MainThread     : DEBUG   : drop  unit.000033 [AGENT_STAGING_INPUT_PENDING]
2017-10-23 18:17:25,514: umgr.staging.input.0.child: umgr.staging.input.0            : MainThread     : DEBUG   : got unit (unit.000034)
2017-10-23 18:17:25,514: umgr.staging.input.0.child: umgr.staging.input.0            : MainThread     : DEBUG   : advance bulk size: 1 [False, True]
2017-10-23 18:17:25,515: umgr.staging.input.0.child: umgr.staging.input.0            : MainThread     : DEBUG   : advance bulk size: 1 [True, True]
2017-10-23 18:17:25,515: umgr.staging.input.0.child: umgr.staging.input.0            : MainThread     : DEBUG   : drop  unit.000034 [AGENT_STAGING_INPUT_PENDING]
2017-10-23 18:17:25,635: umgr.staging.input.0.child: umgr.staging.input.0            : MainThread     : DEBUG   : got unit (unit.000035)
2017-10-23 18:17:25,635: umgr.staging.input.0.child: umgr.staging.input.0            : MainThread     : DEBUG   : advance bulk size: 1 [False, True]
2017-10-23 18:17:25,635: umgr.staging.input.0.child: umgr.staging.input.0            : MainThread     : DEBUG   : advance bulk size: 1 [True, True]
2017-10-23 18:17:25,636: umgr.staging.input.0.child: umgr.staging.input.0            : MainThread     : DEBUG   : drop  unit.000035 [AGENT_STAGING_INPUT_PENDING]
2017-10-23 18:17:25,758: umgr.staging.input.0.child: umgr.staging.input.0            : MainThread     : DEBUG   : got unit (unit.000036)
2017-10-23 18:17:25,758: umgr.staging.input.0.child: umgr.staging.input.0            : MainThread     : DEBUG   : advance bulk size: 1 [False, True]
2017-10-23 18:17:25,758: umgr.staging.input.0.child: umgr.staging.input.0            : MainThread     : DEBUG   : advance bulk size: 1 [True, True]
2017-10-23 18:17:25,758: umgr.staging.input.0.child: umgr.staging.input.0            : MainThread     : DEBUG   : drop  unit.000036 [AGENT_STAGING_INPUT_PENDING]
2017-10-23 18:17:25,875: umgr.staging.input.0.child: umgr.staging.input.0            : MainThread     : DEBUG   : got unit (unit.000037)
2017-10-23 18:17:25,875: umgr.staging.input.0.child: umgr.staging.input.0            : MainThread     : DEBUG   : advance bulk size: 1 [False, True]
2017-10-23 18:17:25,875: umgr.staging.input.0.child: umgr.staging.input.0            : MainThread     : DEBUG   : advance bulk size: 1 [True, True]
2017-10-23 18:17:25,875: umgr.staging.input.0.child: umgr.staging.input.0            : MainThread     : DEBUG   : drop  unit.000037 [AGENT_STAGING_INPUT_PENDING]
2017-10-23 18:17:25,985: umgr.staging.input.0.child: umgr.staging.input.0            : MainThread     : DEBUG   : got unit (unit.000038)
2017-10-23 18:17:25,985: umgr.staging.input.0.child: umgr.staging.input.0            : MainThread     : DEBUG   : advance bulk size: 1 [False, True]
2017-10-23 18:17:25,985: umgr.staging.input.0.child: umgr.staging.input.0            : MainThread     : DEBUG   : advance bulk size: 1 [True, True]
2017-10-23 18:17:25,985: umgr.staging.input.0.child: umgr.staging.input.0            : MainThread     : DEBUG   : drop  unit.000038 [AGENT_STAGING_INPUT_PENDING]
2017-10-23 18:17:26,094: umgr.staging.input.0.child: umgr.staging.input.0            : MainThread     : DEBUG   : got unit (unit.000039)
2017-10-23 18:17:26,094: umgr.staging.input.0.child: umgr.staging.input.0            : MainThread     : DEBUG   : advance bulk size: 1 [False, True]
2017-10-23 18:17:26,094: umgr.staging.input.0.child: umgr.staging.input.0            : MainThread     : DEBUG   : advance bulk size: 1 [True, True]
2017-10-23 18:17:26,094: umgr.staging.input.0.child: umgr.staging.input.0            : MainThread     : DEBUG   : drop  unit.000039 [AGENT_STAGING_INPUT_PENDING]
2017-10-23 18:17:26,212: umgr.staging.input.0.child: umgr.staging.input.0            : MainThread     : DEBUG   : got unit (unit.000040)
2017-10-23 18:17:26,212: umgr.staging.input.0.child: umgr.staging.input.0            : MainThread     : DEBUG   : advance bulk size: 1 [False, True]
2017-10-23 18:17:26,213: umgr.staging.input.0.child: umgr.staging.input.0            : MainThread     : DEBUG   : advance bulk size: 1 [True, True]
2017-10-23 18:17:26,213: umgr.staging.input.0.child: umgr.staging.input.0            : MainThread     : DEBUG   : drop  unit.000040 [AGENT_STAGING_INPUT_PENDING]
2017-10-23 18:17:26,322: umgr.staging.input.0.child: umgr.staging.input.0            : MainThread     : DEBUG   : got unit (unit.000041)
2017-10-23 18:17:26,322: umgr.staging.input.0.child: umgr.staging.input.0            : MainThread     : DEBUG   : advance bulk size: 1 [False, True]
2017-10-23 18:17:26,322: umgr.staging.input.0.child: umgr.staging.input.0            : MainThread     : DEBUG   : advance bulk size: 1 [True, True]
2017-10-23 18:17:26,322: umgr.staging.input.0.child: umgr.staging.input.0            : MainThread     : DEBUG   : drop  unit.000041 [AGENT_STAGING_INPUT_PENDING]
2017-10-23 18:17:26,436: umgr.staging.input.0.child: umgr.staging.input.0            : MainThread     : DEBUG   : got unit (unit.000042)
2017-10-23 18:17:26,436: umgr.staging.input.0.child: umgr.staging.input.0            : MainThread     : DEBUG   : advance bulk size: 1 [False, True]
2017-10-23 18:17:26,436: umgr.staging.input.0.child: umgr.staging.input.0            : MainThread     : DEBUG   : advance bulk size: 1 [True, True]
2017-10-23 18:17:26,436: umgr.staging.input.0.child: umgr.staging.input.0            : MainThread     : DEBUG   : drop  unit.000042 [AGENT_STAGING_INPUT_PENDING]
2017-10-23 18:17:26,571: umgr.staging.input.0.child: umgr.staging.input.0            : MainThread     : DEBUG   : got unit (unit.000043)
2017-10-23 18:17:26,571: umgr.staging.input.0.child: umgr.staging.input.0            : MainThread     : DEBUG   : advance bulk size: 1 [False, True]
2017-10-23 18:17:26,571: umgr.staging.input.0.child: umgr.staging.input.0            : MainThread     : DEBUG   : advance bulk size: 1 [True, True]
2017-10-23 18:17:26,571: umgr.staging.input.0.child: umgr.staging.input.0            : MainThread     : DEBUG   : drop  unit.000043 [AGENT_STAGING_INPUT_PENDING]
2017-10-23 18:17:26,691: umgr.staging.input.0.child: umgr.staging.input.0            : MainThread     : DEBUG   : got unit (unit.000044)
2017-10-23 18:17:26,691: umgr.staging.input.0.child: umgr.staging.input.0            : MainThread     : DEBUG   : advance bulk size: 1 [False, True]
2017-10-23 18:17:26,691: umgr.staging.input.0.child: umgr.staging.input.0            : MainThread     : DEBUG   : advance bulk size: 1 [True, True]
2017-10-23 18:17:26,692: umgr.staging.input.0.child: umgr.staging.input.0            : MainThread     : DEBUG   : drop  unit.000044 [AGENT_STAGING_INPUT_PENDING]
2017-10-23 18:17:26,810: umgr.staging.input.0.child: umgr.staging.input.0            : MainThread     : DEBUG   : got unit (unit.000045)
2017-10-23 18:17:26,810: umgr.staging.input.0.child: umgr.staging.input.0            : MainThread     : DEBUG   : advance bulk size: 1 [False, True]
2017-10-23 18:17:26,810: umgr.staging.input.0.child: umgr.staging.input.0            : MainThread     : DEBUG   : advance bulk size: 1 [True, True]
2017-10-23 18:17:26,810: umgr.staging.input.0.child: umgr.staging.input.0            : MainThread     : DEBUG   : drop  unit.000045 [AGENT_STAGING_INPUT_PENDING]
2017-10-23 18:17:26,924: umgr.staging.input.0.child: umgr.staging.input.0            : MainThread     : DEBUG   : got unit (unit.000046)
2017-10-23 18:17:26,924: umgr.staging.input.0.child: umgr.staging.input.0            : MainThread     : DEBUG   : advance bulk size: 1 [False, True]
2017-10-23 18:17:26,925: umgr.staging.input.0.child: umgr.staging.input.0            : MainThread     : DEBUG   : advance bulk size: 1 [True, True]
2017-10-23 18:17:26,925: umgr.staging.input.0.child: umgr.staging.input.0            : MainThread     : DEBUG   : drop  unit.000046 [AGENT_STAGING_INPUT_PENDING]
2017-10-23 18:17:27,043: umgr.staging.input.0.child: umgr.staging.input.0            : MainThread     : DEBUG   : got unit (unit.000047)
2017-10-23 18:17:27,043: umgr.staging.input.0.child: umgr.staging.input.0            : MainThread     : DEBUG   : advance bulk size: 1 [False, True]
2017-10-23 18:17:27,043: umgr.staging.input.0.child: umgr.staging.input.0            : MainThread     : DEBUG   : advance bulk size: 1 [True, True]
2017-10-23 18:17:27,044: umgr.staging.input.0.child: umgr.staging.input.0            : MainThread     : DEBUG   : drop  unit.000047 [AGENT_STAGING_INPUT_PENDING]
2017-10-23 18:21:16,995: umgr.staging.input.0.child: umgr.staging.input.0            : MainThread     : DEBUG   : got unit (unit.000048)
2017-10-23 18:21:16,995: umgr.staging.input.0.child: umgr.staging.input.0            : MainThread     : DEBUG   : advance bulk size: 1 [False, True]
2017-10-23 18:21:16,996: umgr.staging.input.0.child: umgr.staging.input.0            : MainThread     : DEBUG   : advance bulk size: 1 [True, True]
2017-10-23 18:21:16,996: umgr.staging.input.0.child: umgr.staging.input.0            : MainThread     : DEBUG   : drop  unit.000048 [AGENT_STAGING_INPUT_PENDING]
2017-10-23 18:21:17,112: umgr.staging.input.0.child: umgr.staging.input.0            : MainThread     : DEBUG   : got unit (unit.000049)
2017-10-23 18:21:17,112: umgr.staging.input.0.child: umgr.staging.input.0            : MainThread     : DEBUG   : advance bulk size: 1 [False, True]
2017-10-23 18:21:17,112: umgr.staging.input.0.child: umgr.staging.input.0            : MainThread     : DEBUG   : advance bulk size: 1 [True, True]
2017-10-23 18:21:17,113: umgr.staging.input.0.child: umgr.staging.input.0            : MainThread     : DEBUG   : drop  unit.000049 [AGENT_STAGING_INPUT_PENDING]
2017-10-23 18:21:17,242: umgr.staging.input.0.child: umgr.staging.input.0            : MainThread     : DEBUG   : got unit (unit.000050)
2017-10-23 18:21:17,242: umgr.staging.input.0.child: umgr.staging.input.0            : MainThread     : DEBUG   : advance bulk size: 1 [False, True]
2017-10-23 18:21:17,242: umgr.staging.input.0.child: umgr.staging.input.0            : MainThread     : DEBUG   : advance bulk size: 1 [True, True]
2017-10-23 18:21:17,242: umgr.staging.input.0.child: umgr.staging.input.0            : MainThread     : DEBUG   : drop  unit.000050 [AGENT_STAGING_INPUT_PENDING]
2017-10-23 18:21:17,359: umgr.staging.input.0.child: umgr.staging.input.0            : MainThread     : DEBUG   : got unit (unit.000051)
2017-10-23 18:21:17,359: umgr.staging.input.0.child: umgr.staging.input.0            : MainThread     : DEBUG   : advance bulk size: 1 [False, True]
2017-10-23 18:21:17,360: umgr.staging.input.0.child: umgr.staging.input.0            : MainThread     : DEBUG   : advance bulk size: 1 [True, True]
2017-10-23 18:21:17,360: umgr.staging.input.0.child: umgr.staging.input.0            : MainThread     : DEBUG   : drop  unit.000051 [AGENT_STAGING_INPUT_PENDING]
2017-10-23 18:21:17,485: umgr.staging.input.0.child: umgr.staging.input.0            : MainThread     : DEBUG   : got unit (unit.000052)
2017-10-23 18:21:17,485: umgr.staging.input.0.child: umgr.staging.input.0            : MainThread     : DEBUG   : advance bulk size: 1 [False, True]
2017-10-23 18:21:17,485: umgr.staging.input.0.child: umgr.staging.input.0            : MainThread     : DEBUG   : advance bulk size: 1 [True, True]
2017-10-23 18:21:17,485: umgr.staging.input.0.child: umgr.staging.input.0            : MainThread     : DEBUG   : drop  unit.000052 [AGENT_STAGING_INPUT_PENDING]
2017-10-23 18:21:17,598: umgr.staging.input.0.child: umgr.staging.input.0            : MainThread     : DEBUG   : got unit (unit.000053)
2017-10-23 18:21:17,598: umgr.staging.input.0.child: umgr.staging.input.0            : MainThread     : DEBUG   : advance bulk size: 1 [False, True]
2017-10-23 18:21:17,599: umgr.staging.input.0.child: umgr.staging.input.0            : MainThread     : DEBUG   : advance bulk size: 1 [True, True]
2017-10-23 18:21:17,599: umgr.staging.input.0.child: umgr.staging.input.0            : MainThread     : DEBUG   : drop  unit.000053 [AGENT_STAGING_INPUT_PENDING]
2017-10-23 18:21:17,708: umgr.staging.input.0.child: umgr.staging.input.0            : MainThread     : DEBUG   : got unit (unit.000054)
2017-10-23 18:21:17,708: umgr.staging.input.0.child: umgr.staging.input.0            : MainThread     : DEBUG   : advance bulk size: 1 [False, True]
2017-10-23 18:21:17,709: umgr.staging.input.0.child: umgr.staging.input.0            : MainThread     : DEBUG   : advance bulk size: 1 [True, True]
2017-10-23 18:21:17,709: umgr.staging.input.0.child: umgr.staging.input.0            : MainThread     : DEBUG   : drop  unit.000054 [AGENT_STAGING_INPUT_PENDING]
2017-10-23 18:21:17,818: umgr.staging.input.0.child: umgr.staging.input.0            : MainThread     : DEBUG   : got unit (unit.000055)
2017-10-23 18:21:17,818: umgr.staging.input.0.child: umgr.staging.input.0            : MainThread     : DEBUG   : advance bulk size: 1 [False, True]
2017-10-23 18:21:17,818: umgr.staging.input.0.child: umgr.staging.input.0            : MainThread     : DEBUG   : advance bulk size: 1 [True, True]
2017-10-23 18:21:17,818: umgr.staging.input.0.child: umgr.staging.input.0            : MainThread     : DEBUG   : drop  unit.000055 [AGENT_STAGING_INPUT_PENDING]
2017-10-23 18:21:17,927: umgr.staging.input.0.child: umgr.staging.input.0            : MainThread     : DEBUG   : got unit (unit.000056)
2017-10-23 18:21:17,927: umgr.staging.input.0.child: umgr.staging.input.0            : MainThread     : DEBUG   : advance bulk size: 1 [False, True]
2017-10-23 18:21:17,927: umgr.staging.input.0.child: umgr.staging.input.0            : MainThread     : DEBUG   : advance bulk size: 1 [True, True]
2017-10-23 18:21:17,927: umgr.staging.input.0.child: umgr.staging.input.0            : MainThread     : DEBUG   : drop  unit.000056 [AGENT_STAGING_INPUT_PENDING]
2017-10-23 18:21:18,036: umgr.staging.input.0.child: umgr.staging.input.0            : MainThread     : DEBUG   : got unit (unit.000057)
2017-10-23 18:21:18,036: umgr.staging.input.0.child: umgr.staging.input.0            : MainThread     : DEBUG   : advance bulk size: 1 [False, True]
2017-10-23 18:21:18,036: umgr.staging.input.0.child: umgr.staging.input.0            : MainThread     : DEBUG   : advance bulk size: 1 [True, True]
2017-10-23 18:21:18,037: umgr.staging.input.0.child: umgr.staging.input.0            : MainThread     : DEBUG   : drop  unit.000057 [AGENT_STAGING_INPUT_PENDING]
2017-10-23 18:21:18,158: umgr.staging.input.0.child: umgr.staging.input.0            : MainThread     : DEBUG   : got unit (unit.000058)
2017-10-23 18:21:18,159: umgr.staging.input.0.child: umgr.staging.input.0            : MainThread     : DEBUG   : advance bulk size: 1 [False, True]
2017-10-23 18:21:18,159: umgr.staging.input.0.child: umgr.staging.input.0            : MainThread     : DEBUG   : advance bulk size: 1 [True, True]
2017-10-23 18:21:18,159: umgr.staging.input.0.child: umgr.staging.input.0            : MainThread     : DEBUG   : drop  unit.000058 [AGENT_STAGING_INPUT_PENDING]
2017-10-23 18:21:18,273: umgr.staging.input.0.child: umgr.staging.input.0            : MainThread     : DEBUG   : got unit (unit.000059)
2017-10-23 18:21:18,273: umgr.staging.input.0.child: umgr.staging.input.0            : MainThread     : DEBUG   : advance bulk size: 1 [False, True]
2017-10-23 18:21:18,273: umgr.staging.input.0.child: umgr.staging.input.0            : MainThread     : DEBUG   : advance bulk size: 1 [True, True]
2017-10-23 18:21:18,273: umgr.staging.input.0.child: umgr.staging.input.0            : MainThread     : DEBUG   : drop  unit.000059 [AGENT_STAGING_INPUT_PENDING]
2017-10-23 18:21:18,385: umgr.staging.input.0.child: umgr.staging.input.0            : MainThread     : DEBUG   : got unit (unit.000060)
2017-10-23 18:21:18,385: umgr.staging.input.0.child: umgr.staging.input.0            : MainThread     : DEBUG   : advance bulk size: 1 [False, True]
2017-10-23 18:21:18,385: umgr.staging.input.0.child: umgr.staging.input.0            : MainThread     : DEBUG   : advance bulk size: 1 [True, True]
2017-10-23 18:21:18,385: umgr.staging.input.0.child: umgr.staging.input.0            : MainThread     : DEBUG   : drop  unit.000060 [AGENT_STAGING_INPUT_PENDING]
2017-10-23 18:21:18,506: umgr.staging.input.0.child: umgr.staging.input.0            : MainThread     : DEBUG   : got unit (unit.000061)
2017-10-23 18:21:18,506: umgr.staging.input.0.child: umgr.staging.input.0            : MainThread     : DEBUG   : advance bulk size: 1 [False, True]
2017-10-23 18:21:18,506: umgr.staging.input.0.child: umgr.staging.input.0            : MainThread     : DEBUG   : advance bulk size: 1 [True, True]
2017-10-23 18:21:18,506: umgr.staging.input.0.child: umgr.staging.input.0            : MainThread     : DEBUG   : drop  unit.000061 [AGENT_STAGING_INPUT_PENDING]
2017-10-23 18:21:18,628: umgr.staging.input.0.child: umgr.staging.input.0            : MainThread     : DEBUG   : got unit (unit.000062)
2017-10-23 18:21:18,628: umgr.staging.input.0.child: umgr.staging.input.0            : MainThread     : DEBUG   : advance bulk size: 1 [False, True]
2017-10-23 18:21:18,628: umgr.staging.input.0.child: umgr.staging.input.0            : MainThread     : DEBUG   : advance bulk size: 1 [True, True]
2017-10-23 18:21:18,628: umgr.staging.input.0.child: umgr.staging.input.0            : MainThread     : DEBUG   : drop  unit.000062 [AGENT_STAGING_INPUT_PENDING]
2017-10-23 18:21:18,747: umgr.staging.input.0.child: umgr.staging.input.0            : MainThread     : DEBUG   : got unit (unit.000063)
2017-10-23 18:21:18,747: umgr.staging.input.0.child: umgr.staging.input.0            : MainThread     : DEBUG   : advance bulk size: 1 [False, True]
2017-10-23 18:21:18,748: umgr.staging.input.0.child: umgr.staging.input.0            : MainThread     : DEBUG   : advance bulk size: 1 [True, True]
2017-10-23 18:21:18,748: umgr.staging.input.0.child: umgr.staging.input.0            : MainThread     : DEBUG   : drop  unit.000063 [AGENT_STAGING_INPUT_PENDING]
2017-10-23 18:24:15,579: umgr.staging.input.0.child: umgr.staging.input.0            : MainThread     : DEBUG   : got unit (unit.000064)
2017-10-23 18:24:15,579: umgr.staging.input.0.child: umgr.staging.input.0            : MainThread     : DEBUG   : advance bulk size: 1 [False, True]
2017-10-23 18:24:15,579: umgr.staging.input.0.child: umgr.staging.input.0            : MainThread     : DEBUG   : advance bulk size: 1 [True, True]
2017-10-23 18:24:15,579: umgr.staging.input.0.child: umgr.staging.input.0            : MainThread     : DEBUG   : drop  unit.000064 [AGENT_STAGING_INPUT_PENDING]
2017-10-23 18:24:15,703: umgr.staging.input.0.child: umgr.staging.input.0            : MainThread     : DEBUG   : got unit (unit.000065)
2017-10-23 18:24:15,703: umgr.staging.input.0.child: umgr.staging.input.0            : MainThread     : DEBUG   : advance bulk size: 1 [False, True]
2017-10-23 18:24:15,703: umgr.staging.input.0.child: umgr.staging.input.0            : MainThread     : DEBUG   : advance bulk size: 1 [True, True]
2017-10-23 18:24:15,703: umgr.staging.input.0.child: umgr.staging.input.0            : MainThread     : DEBUG   : drop  unit.000065 [AGENT_STAGING_INPUT_PENDING]
2017-10-23 18:24:15,817: umgr.staging.input.0.child: umgr.staging.input.0            : MainThread     : DEBUG   : got unit (unit.000066)
2017-10-23 18:24:15,817: umgr.staging.input.0.child: umgr.staging.input.0            : MainThread     : DEBUG   : advance bulk size: 1 [False, True]
2017-10-23 18:24:15,817: umgr.staging.input.0.child: umgr.staging.input.0            : MainThread     : DEBUG   : advance bulk size: 1 [True, True]
2017-10-23 18:24:15,818: umgr.staging.input.0.child: umgr.staging.input.0            : MainThread     : DEBUG   : drop  unit.000066 [AGENT_STAGING_INPUT_PENDING]
2017-10-23 18:24:15,935: umgr.staging.input.0.child: umgr.staging.input.0            : MainThread     : DEBUG   : got unit (unit.000067)
2017-10-23 18:24:15,935: umgr.staging.input.0.child: umgr.staging.input.0            : MainThread     : DEBUG   : advance bulk size: 1 [False, True]
2017-10-23 18:24:15,936: umgr.staging.input.0.child: umgr.staging.input.0            : MainThread     : DEBUG   : advance bulk size: 1 [True, True]
2017-10-23 18:24:15,936: umgr.staging.input.0.child: umgr.staging.input.0            : MainThread     : DEBUG   : drop  unit.000067 [AGENT_STAGING_INPUT_PENDING]
2017-10-23 18:24:16,063: umgr.staging.input.0.child: umgr.staging.input.0            : MainThread     : DEBUG   : got unit (unit.000068)
2017-10-23 18:24:16,063: umgr.staging.input.0.child: umgr.staging.input.0            : MainThread     : DEBUG   : advance bulk size: 1 [False, True]
2017-10-23 18:24:16,064: umgr.staging.input.0.child: umgr.staging.input.0            : MainThread     : DEBUG   : advance bulk size: 1 [True, True]
2017-10-23 18:24:16,064: umgr.staging.input.0.child: umgr.staging.input.0            : MainThread     : DEBUG   : drop  unit.000068 [AGENT_STAGING_INPUT_PENDING]
2017-10-23 18:24:16,179: umgr.staging.input.0.child: umgr.staging.input.0            : MainThread     : DEBUG   : got unit (unit.000069)
2017-10-23 18:24:16,179: umgr.staging.input.0.child: umgr.staging.input.0            : MainThread     : DEBUG   : advance bulk size: 1 [False, True]
2017-10-23 18:24:16,179: umgr.staging.input.0.child: umgr.staging.input.0            : MainThread     : DEBUG   : advance bulk size: 1 [True, True]
2017-10-23 18:24:16,179: umgr.staging.input.0.child: umgr.staging.input.0            : MainThread     : DEBUG   : drop  unit.000069 [AGENT_STAGING_INPUT_PENDING]
2017-10-23 18:24:16,290: umgr.staging.input.0.child: umgr.staging.input.0            : MainThread     : DEBUG   : got unit (unit.000070)
2017-10-23 18:24:16,290: umgr.staging.input.0.child: umgr.staging.input.0            : MainThread     : DEBUG   : advance bulk size: 1 [False, True]
2017-10-23 18:24:16,291: umgr.staging.input.0.child: umgr.staging.input.0            : MainThread     : DEBUG   : advance bulk size: 1 [True, True]
2017-10-23 18:24:16,291: umgr.staging.input.0.child: umgr.staging.input.0            : MainThread     : DEBUG   : drop  unit.000070 [AGENT_STAGING_INPUT_PENDING]
2017-10-23 18:24:16,401: umgr.staging.input.0.child: umgr.staging.input.0            : MainThread     : DEBUG   : got unit (unit.000071)
2017-10-23 18:24:16,401: umgr.staging.input.0.child: umgr.staging.input.0            : MainThread     : DEBUG   : advance bulk size: 1 [False, True]
2017-10-23 18:24:16,401: umgr.staging.input.0.child: umgr.staging.input.0            : MainThread     : DEBUG   : advance bulk size: 1 [True, True]
2017-10-23 18:24:16,401: umgr.staging.input.0.child: umgr.staging.input.0            : MainThread     : DEBUG   : drop  unit.000071 [AGENT_STAGING_INPUT_PENDING]
2017-10-23 18:24:16,537: umgr.staging.input.0.child: umgr.staging.input.0            : MainThread     : DEBUG   : got unit (unit.000072)
2017-10-23 18:24:16,538: umgr.staging.input.0.child: umgr.staging.input.0            : MainThread     : DEBUG   : advance bulk size: 1 [False, True]
2017-10-23 18:24:16,538: umgr.staging.input.0.child: umgr.staging.input.0            : MainThread     : DEBUG   : advance bulk size: 1 [True, True]
2017-10-23 18:24:16,538: umgr.staging.input.0.child: umgr.staging.input.0            : MainThread     : DEBUG   : drop  unit.000072 [AGENT_STAGING_INPUT_PENDING]
2017-10-23 18:24:16,654: umgr.staging.input.0.child: umgr.staging.input.0            : MainThread     : DEBUG   : got unit (unit.000073)
2017-10-23 18:24:16,654: umgr.staging.input.0.child: umgr.staging.input.0            : MainThread     : DEBUG   : advance bulk size: 1 [False, True]
2017-10-23 18:24:16,654: umgr.staging.input.0.child: umgr.staging.input.0            : MainThread     : DEBUG   : advance bulk size: 1 [True, True]
2017-10-23 18:24:16,654: umgr.staging.input.0.child: umgr.staging.input.0            : MainThread     : DEBUG   : drop  unit.000073 [AGENT_STAGING_INPUT_PENDING]
2017-10-23 18:24:16,782: umgr.staging.input.0.child: umgr.staging.input.0            : MainThread     : DEBUG   : got unit (unit.000074)
2017-10-23 18:24:16,782: umgr.staging.input.0.child: umgr.staging.input.0            : MainThread     : DEBUG   : advance bulk size: 1 [False, True]
2017-10-23 18:24:16,782: umgr.staging.input.0.child: umgr.staging.input.0            : MainThread     : DEBUG   : advance bulk size: 1 [True, True]
2017-10-23 18:24:16,782: umgr.staging.input.0.child: umgr.staging.input.0            : MainThread     : DEBUG   : drop  unit.000074 [AGENT_STAGING_INPUT_PENDING]
2017-10-23 18:24:16,893: umgr.staging.input.0.child: umgr.staging.input.0            : MainThread     : DEBUG   : got unit (unit.000075)
2017-10-23 18:24:16,893: umgr.staging.input.0.child: umgr.staging.input.0            : MainThread     : DEBUG   : advance bulk size: 1 [False, True]
2017-10-23 18:24:16,893: umgr.staging.input.0.child: umgr.staging.input.0            : MainThread     : DEBUG   : advance bulk size: 1 [True, True]
2017-10-23 18:24:16,893: umgr.staging.input.0.child: umgr.staging.input.0            : MainThread     : DEBUG   : drop  unit.000075 [AGENT_STAGING_INPUT_PENDING]
2017-10-23 18:24:17,008: umgr.staging.input.0.child: umgr.staging.input.0            : MainThread     : DEBUG   : got unit (unit.000076)
2017-10-23 18:24:17,008: umgr.staging.input.0.child: umgr.staging.input.0            : MainThread     : DEBUG   : advance bulk size: 1 [False, True]
2017-10-23 18:24:17,008: umgr.staging.input.0.child: umgr.staging.input.0            : MainThread     : DEBUG   : advance bulk size: 1 [True, True]
2017-10-23 18:24:17,008: umgr.staging.input.0.child: umgr.staging.input.0            : MainThread     : DEBUG   : drop  unit.000076 [AGENT_STAGING_INPUT_PENDING]
2017-10-23 18:24:17,123: umgr.staging.input.0.child: umgr.staging.input.0            : MainThread     : DEBUG   : got unit (unit.000077)
2017-10-23 18:24:17,123: umgr.staging.input.0.child: umgr.staging.input.0            : MainThread     : DEBUG   : advance bulk size: 1 [False, True]
2017-10-23 18:24:17,123: umgr.staging.input.0.child: umgr.staging.input.0            : MainThread     : DEBUG   : advance bulk size: 1 [True, True]
2017-10-23 18:24:17,123: umgr.staging.input.0.child: umgr.staging.input.0            : MainThread     : DEBUG   : drop  unit.000077 [AGENT_STAGING_INPUT_PENDING]
2017-10-23 18:24:17,663: umgr.staging.input.0.child: umgr.staging.input.0            : MainThread     : DEBUG   : got unit (unit.000078)
2017-10-23 18:24:17,663: umgr.staging.input.0.child: umgr.staging.input.0            : MainThread     : DEBUG   : advance bulk size: 1 [False, True]
2017-10-23 18:24:17,663: umgr.staging.input.0.child: umgr.staging.input.0            : MainThread     : DEBUG   : advance bulk size: 1 [True, True]
2017-10-23 18:24:17,663: umgr.staging.input.0.child: umgr.staging.input.0            : MainThread     : DEBUG   : drop  unit.000078 [AGENT_STAGING_INPUT_PENDING]
2017-10-23 18:24:17,787: umgr.staging.input.0.child: umgr.staging.input.0            : MainThread     : DEBUG   : got unit (unit.000079)
2017-10-23 18:24:17,787: umgr.staging.input.0.child: umgr.staging.input.0            : MainThread     : DEBUG   : advance bulk size: 1 [False, True]
2017-10-23 18:24:17,787: umgr.staging.input.0.child: umgr.staging.input.0            : MainThread     : DEBUG   : advance bulk size: 1 [True, True]
2017-10-23 18:24:17,787: umgr.staging.input.0.child: umgr.staging.input.0            : MainThread     : DEBUG   : drop  unit.000079 [AGENT_STAGING_INPUT_PENDING]
2017-10-23 18:54:28,626: umgr.staging.input.0.child: umgr.staging.input.0            : MainThread     : DEBUG   : got unit (unit.000080)
2017-10-23 18:54:28,626: umgr.staging.input.0.child: umgr.staging.input.0            : MainThread     : DEBUG   : advance bulk size: 1 [False, True]
2017-10-23 18:54:28,626: umgr.staging.input.0.child: umgr.staging.input.0            : MainThread     : DEBUG   : advance bulk size: 1 [True, True]
2017-10-23 18:54:28,627: umgr.staging.input.0.child: umgr.staging.input.0            : MainThread     : DEBUG   : drop  unit.000080 [AGENT_STAGING_INPUT_PENDING]
2017-10-23 18:54:29,047: umgr.staging.input.0.child: umgr.staging.input.0            : MainThread     : DEBUG   : got unit (unit.000081)
2017-10-23 18:54:29,048: umgr.staging.input.0.child: umgr.staging.input.0            : MainThread     : DEBUG   : advance bulk size: 1 [False, True]
2017-10-23 18:54:29,048: umgr.staging.input.0.child: umgr.staging.input.0            : MainThread     : DEBUG   : advance bulk size: 1 [True, True]
2017-10-23 18:54:29,048: umgr.staging.input.0.child: umgr.staging.input.0            : MainThread     : DEBUG   : drop  unit.000081 [AGENT_STAGING_INPUT_PENDING]
2017-10-23 18:54:29,167: umgr.staging.input.0.child: umgr.staging.input.0            : MainThread     : DEBUG   : got unit (unit.000082)
2017-10-23 18:54:29,167: umgr.staging.input.0.child: umgr.staging.input.0            : MainThread     : DEBUG   : advance bulk size: 1 [False, True]
2017-10-23 18:54:29,167: umgr.staging.input.0.child: umgr.staging.input.0            : MainThread     : DEBUG   : advance bulk size: 1 [True, True]
2017-10-23 18:54:29,167: umgr.staging.input.0.child: umgr.staging.input.0            : MainThread     : DEBUG   : drop  unit.000082 [AGENT_STAGING_INPUT_PENDING]
2017-10-23 18:54:29,276: umgr.staging.input.0.child: umgr.staging.input.0            : MainThread     : DEBUG   : got unit (unit.000083)
2017-10-23 18:54:29,276: umgr.staging.input.0.child: umgr.staging.input.0            : MainThread     : DEBUG   : advance bulk size: 1 [False, True]
2017-10-23 18:54:29,276: umgr.staging.input.0.child: umgr.staging.input.0            : MainThread     : DEBUG   : advance bulk size: 1 [True, True]
2017-10-23 18:54:29,276: umgr.staging.input.0.child: umgr.staging.input.0            : MainThread     : DEBUG   : drop  unit.000083 [AGENT_STAGING_INPUT_PENDING]
2017-10-23 18:54:29,387: umgr.staging.input.0.child: umgr.staging.input.0            : MainThread     : DEBUG   : got unit (unit.000084)
2017-10-23 18:54:29,387: umgr.staging.input.0.child: umgr.staging.input.0            : MainThread     : DEBUG   : advance bulk size: 1 [False, True]
2017-10-23 18:54:29,387: umgr.staging.input.0.child: umgr.staging.input.0            : MainThread     : DEBUG   : advance bulk size: 1 [True, True]
2017-10-23 18:54:29,387: umgr.staging.input.0.child: umgr.staging.input.0            : MainThread     : DEBUG   : drop  unit.000084 [AGENT_STAGING_INPUT_PENDING]
2017-10-23 18:54:29,498: umgr.staging.input.0.child: umgr.staging.input.0            : MainThread     : DEBUG   : got unit (unit.000085)
2017-10-23 18:54:29,498: umgr.staging.input.0.child: umgr.staging.input.0            : MainThread     : DEBUG   : advance bulk size: 1 [False, True]
2017-10-23 18:54:29,498: umgr.staging.input.0.child: umgr.staging.input.0            : MainThread     : DEBUG   : advance bulk size: 1 [True, True]
2017-10-23 18:54:29,498: umgr.staging.input.0.child: umgr.staging.input.0            : MainThread     : DEBUG   : drop  unit.000085 [AGENT_STAGING_INPUT_PENDING]
2017-10-23 18:54:29,609: umgr.staging.input.0.child: umgr.staging.input.0            : MainThread     : DEBUG   : got unit (unit.000086)
2017-10-23 18:54:29,609: umgr.staging.input.0.child: umgr.staging.input.0            : MainThread     : DEBUG   : advance bulk size: 1 [False, True]
2017-10-23 18:54:29,609: umgr.staging.input.0.child: umgr.staging.input.0            : MainThread     : DEBUG   : advance bulk size: 1 [True, True]
2017-10-23 18:54:29,610: umgr.staging.input.0.child: umgr.staging.input.0            : MainThread     : DEBUG   : drop  unit.000086 [AGENT_STAGING_INPUT_PENDING]
2017-10-23 18:54:29,720: umgr.staging.input.0.child: umgr.staging.input.0            : MainThread     : DEBUG   : got unit (unit.000087)
2017-10-23 18:54:29,720: umgr.staging.input.0.child: umgr.staging.input.0            : MainThread     : DEBUG   : advance bulk size: 1 [False, True]
2017-10-23 18:54:29,720: umgr.staging.input.0.child: umgr.staging.input.0            : MainThread     : DEBUG   : advance bulk size: 1 [True, True]
2017-10-23 18:54:29,720: umgr.staging.input.0.child: umgr.staging.input.0            : MainThread     : DEBUG   : drop  unit.000087 [AGENT_STAGING_INPUT_PENDING]
2017-10-23 18:54:29,829: umgr.staging.input.0.child: umgr.staging.input.0            : MainThread     : DEBUG   : got unit (unit.000088)
2017-10-23 18:54:29,829: umgr.staging.input.0.child: umgr.staging.input.0            : MainThread     : DEBUG   : advance bulk size: 1 [False, True]
2017-10-23 18:54:29,829: umgr.staging.input.0.child: umgr.staging.input.0            : MainThread     : DEBUG   : advance bulk size: 1 [True, True]
2017-10-23 18:54:29,829: umgr.staging.input.0.child: umgr.staging.input.0            : MainThread     : DEBUG   : drop  unit.000088 [AGENT_STAGING_INPUT_PENDING]
2017-10-23 18:54:29,941: umgr.staging.input.0.child: umgr.staging.input.0            : MainThread     : DEBUG   : got unit (unit.000089)
2017-10-23 18:54:29,941: umgr.staging.input.0.child: umgr.staging.input.0            : MainThread     : DEBUG   : advance bulk size: 1 [False, True]
2017-10-23 18:54:29,941: umgr.staging.input.0.child: umgr.staging.input.0            : MainThread     : DEBUG   : advance bulk size: 1 [True, True]
2017-10-23 18:54:29,941: umgr.staging.input.0.child: umgr.staging.input.0            : MainThread     : DEBUG   : drop  unit.000089 [AGENT_STAGING_INPUT_PENDING]
2017-10-23 18:54:30,053: umgr.staging.input.0.child: umgr.staging.input.0            : MainThread     : DEBUG   : got unit (unit.000090)
2017-10-23 18:54:30,053: umgr.staging.input.0.child: umgr.staging.input.0            : MainThread     : DEBUG   : advance bulk size: 1 [False, True]
2017-10-23 18:54:30,053: umgr.staging.input.0.child: umgr.staging.input.0            : MainThread     : DEBUG   : advance bulk size: 1 [True, True]
2017-10-23 18:54:30,054: umgr.staging.input.0.child: umgr.staging.input.0            : MainThread     : DEBUG   : drop  unit.000090 [AGENT_STAGING_INPUT_PENDING]
2017-10-23 18:54:30,367: umgr.staging.input.0.child: umgr.staging.input.0            : MainThread     : DEBUG   : got unit (unit.000091)
2017-10-23 18:54:30,367: umgr.staging.input.0.child: umgr.staging.input.0            : MainThread     : DEBUG   : advance bulk size: 1 [False, True]
2017-10-23 18:54:30,367: umgr.staging.input.0.child: umgr.staging.input.0            : MainThread     : DEBUG   : advance bulk size: 1 [True, True]
2017-10-23 18:54:30,367: umgr.staging.input.0.child: umgr.staging.input.0            : MainThread     : DEBUG   : drop  unit.000091 [AGENT_STAGING_INPUT_PENDING]
2017-10-23 18:54:30,485: umgr.staging.input.0.child: umgr.staging.input.0            : MainThread     : DEBUG   : got unit (unit.000092)
2017-10-23 18:54:30,485: umgr.staging.input.0.child: umgr.staging.input.0            : MainThread     : DEBUG   : advance bulk size: 1 [False, True]
2017-10-23 18:54:30,485: umgr.staging.input.0.child: umgr.staging.input.0            : MainThread     : DEBUG   : advance bulk size: 1 [True, True]
2017-10-23 18:54:30,485: umgr.staging.input.0.child: umgr.staging.input.0            : MainThread     : DEBUG   : drop  unit.000092 [AGENT_STAGING_INPUT_PENDING]
2017-10-23 18:54:30,706: umgr.staging.input.0.child: umgr.staging.input.0            : MainThread     : DEBUG   : got unit (unit.000093)
2017-10-23 18:54:30,706: umgr.staging.input.0.child: umgr.staging.input.0            : MainThread     : DEBUG   : advance bulk size: 1 [False, True]
2017-10-23 18:54:30,706: umgr.staging.input.0.child: umgr.staging.input.0            : MainThread     : DEBUG   : advance bulk size: 1 [True, True]
2017-10-23 18:54:30,707: umgr.staging.input.0.child: umgr.staging.input.0            : MainThread     : DEBUG   : drop  unit.000093 [AGENT_STAGING_INPUT_PENDING]
2017-10-23 18:54:30,926: umgr.staging.input.0.child: umgr.staging.input.0            : MainThread     : DEBUG   : got unit (unit.000094)
2017-10-23 18:54:30,926: umgr.staging.input.0.child: umgr.staging.input.0            : MainThread     : DEBUG   : advance bulk size: 1 [False, True]
2017-10-23 18:54:30,926: umgr.staging.input.0.child: umgr.staging.input.0            : MainThread     : DEBUG   : advance bulk size: 1 [True, True]
2017-10-23 18:54:30,927: umgr.staging.input.0.child: umgr.staging.input.0            : MainThread     : DEBUG   : drop  unit.000094 [AGENT_STAGING_INPUT_PENDING]
2017-10-23 18:54:31,038: umgr.staging.input.0.child: umgr.staging.input.0            : MainThread     : DEBUG   : got unit (unit.000095)
2017-10-23 18:54:31,038: umgr.staging.input.0.child: umgr.staging.input.0            : MainThread     : DEBUG   : advance bulk size: 1 [False, True]
2017-10-23 18:54:31,038: umgr.staging.input.0.child: umgr.staging.input.0            : MainThread     : DEBUG   : advance bulk size: 1 [True, True]
2017-10-23 18:54:31,038: umgr.staging.input.0.child: umgr.staging.input.0            : MainThread     : DEBUG   : drop  unit.000095 [AGENT_STAGING_INPUT_PENDING]
2017-10-23 18:57:49,924: umgr.staging.input.0.child: umgr.staging.input.0            : MainThread     : DEBUG   : got unit (unit.000096)
2017-10-23 18:57:49,924: umgr.staging.input.0.child: umgr.staging.input.0            : MainThread     : DEBUG   : advance bulk size: 1 [False, True]
2017-10-23 18:57:49,924: umgr.staging.input.0.child: umgr.staging.input.0            : MainThread     : DEBUG   : advance bulk size: 1 [True, True]
2017-10-23 18:57:49,924: umgr.staging.input.0.child: umgr.staging.input.0            : MainThread     : DEBUG   : drop  unit.000096 [AGENT_STAGING_INPUT_PENDING]
2017-10-23 18:57:50,049: umgr.staging.input.0.child: umgr.staging.input.0            : MainThread     : DEBUG   : got unit (unit.000097)
2017-10-23 18:57:50,049: umgr.staging.input.0.child: umgr.staging.input.0            : MainThread     : DEBUG   : advance bulk size: 1 [False, True]
2017-10-23 18:57:50,049: umgr.staging.input.0.child: umgr.staging.input.0            : MainThread     : DEBUG   : advance bulk size: 1 [True, True]
2017-10-23 18:57:50,050: umgr.staging.input.0.child: umgr.staging.input.0            : MainThread     : DEBUG   : drop  unit.000097 [AGENT_STAGING_INPUT_PENDING]
2017-10-23 18:57:50,181: umgr.staging.input.0.child: umgr.staging.input.0            : MainThread     : DEBUG   : got unit (unit.000098)
2017-10-23 18:57:50,181: umgr.staging.input.0.child: umgr.staging.input.0            : MainThread     : DEBUG   : advance bulk size: 1 [False, True]
2017-10-23 18:57:50,181: umgr.staging.input.0.child: umgr.staging.input.0            : MainThread     : DEBUG   : advance bulk size: 1 [True, True]
2017-10-23 18:57:50,181: umgr.staging.input.0.child: umgr.staging.input.0            : MainThread     : DEBUG   : drop  unit.000098 [AGENT_STAGING_INPUT_PENDING]
2017-10-23 18:57:50,310: umgr.staging.input.0.child: umgr.staging.input.0            : MainThread     : DEBUG   : got unit (unit.000099)
2017-10-23 18:57:50,310: umgr.staging.input.0.child: umgr.staging.input.0            : MainThread     : DEBUG   : advance bulk size: 1 [False, True]
2017-10-23 18:57:50,311: umgr.staging.input.0.child: umgr.staging.input.0            : MainThread     : DEBUG   : advance bulk size: 1 [True, True]
2017-10-23 18:57:50,312: umgr.staging.input.0.child: umgr.staging.input.0            : MainThread     : DEBUG   : drop  unit.000099 [AGENT_STAGING_INPUT_PENDING]
2017-10-23 18:57:50,427: umgr.staging.input.0.child: umgr.staging.input.0            : MainThread     : DEBUG   : got unit (unit.000100)
2017-10-23 18:57:50,427: umgr.staging.input.0.child: umgr.staging.input.0            : MainThread     : DEBUG   : advance bulk size: 1 [False, True]
2017-10-23 18:57:50,427: umgr.staging.input.0.child: umgr.staging.input.0            : MainThread     : DEBUG   : advance bulk size: 1 [True, True]
2017-10-23 18:57:50,427: umgr.staging.input.0.child: umgr.staging.input.0            : MainThread     : DEBUG   : drop  unit.000100 [AGENT_STAGING_INPUT_PENDING]
2017-10-23 18:57:50,548: umgr.staging.input.0.child: umgr.staging.input.0            : MainThread     : DEBUG   : got unit (unit.000101)
2017-10-23 18:57:50,549: umgr.staging.input.0.child: umgr.staging.input.0            : MainThread     : DEBUG   : advance bulk size: 1 [False, True]
2017-10-23 18:57:50,549: umgr.staging.input.0.child: umgr.staging.input.0            : MainThread     : DEBUG   : advance bulk size: 1 [True, True]
2017-10-23 18:57:50,549: umgr.staging.input.0.child: umgr.staging.input.0            : MainThread     : DEBUG   : drop  unit.000101 [AGENT_STAGING_INPUT_PENDING]
2017-10-23 18:57:50,658: umgr.staging.input.0.child: umgr.staging.input.0            : MainThread     : DEBUG   : got unit (unit.000102)
2017-10-23 18:57:50,658: umgr.staging.input.0.child: umgr.staging.input.0            : MainThread     : DEBUG   : advance bulk size: 1 [False, True]
2017-10-23 18:57:50,658: umgr.staging.input.0.child: umgr.staging.input.0            : MainThread     : DEBUG   : advance bulk size: 1 [True, True]
2017-10-23 18:57:50,659: umgr.staging.input.0.child: umgr.staging.input.0            : MainThread     : DEBUG   : drop  unit.000102 [AGENT_STAGING_INPUT_PENDING]
2017-10-23 18:57:50,767: umgr.staging.input.0.child: umgr.staging.input.0            : MainThread     : DEBUG   : got unit (unit.000103)
2017-10-23 18:57:50,767: umgr.staging.input.0.child: umgr.staging.input.0            : MainThread     : DEBUG   : advance bulk size: 1 [False, True]
2017-10-23 18:57:50,767: umgr.staging.input.0.child: umgr.staging.input.0            : MainThread     : DEBUG   : advance bulk size: 1 [True, True]
2017-10-23 18:57:50,768: umgr.staging.input.0.child: umgr.staging.input.0            : MainThread     : DEBUG   : drop  unit.000103 [AGENT_STAGING_INPUT_PENDING]
2017-10-23 18:57:50,878: umgr.staging.input.0.child: umgr.staging.input.0            : MainThread     : DEBUG   : got unit (unit.000104)
2017-10-23 18:57:50,878: umgr.staging.input.0.child: umgr.staging.input.0            : MainThread     : DEBUG   : advance bulk size: 1 [False, True]
2017-10-23 18:57:50,878: umgr.staging.input.0.child: umgr.staging.input.0            : MainThread     : DEBUG   : advance bulk size: 1 [True, True]
2017-10-23 18:57:50,878: umgr.staging.input.0.child: umgr.staging.input.0            : MainThread     : DEBUG   : drop  unit.000104 [AGENT_STAGING_INPUT_PENDING]
2017-10-23 18:57:50,986: umgr.staging.input.0.child: umgr.staging.input.0            : MainThread     : DEBUG   : got unit (unit.000105)
2017-10-23 18:57:50,986: umgr.staging.input.0.child: umgr.staging.input.0            : MainThread     : DEBUG   : advance bulk size: 1 [False, True]
2017-10-23 18:57:50,986: umgr.staging.input.0.child: umgr.staging.input.0            : MainThread     : DEBUG   : advance bulk size: 1 [True, True]
2017-10-23 18:57:50,986: umgr.staging.input.0.child: umgr.staging.input.0            : MainThread     : DEBUG   : drop  unit.000105 [AGENT_STAGING_INPUT_PENDING]
2017-10-23 18:57:51,132: umgr.staging.input.0.child: umgr.staging.input.0            : MainThread     : DEBUG   : got unit (unit.000106)
2017-10-23 18:57:51,133: umgr.staging.input.0.child: umgr.staging.input.0            : MainThread     : DEBUG   : advance bulk size: 1 [False, True]
2017-10-23 18:57:51,133: umgr.staging.input.0.child: umgr.staging.input.0            : MainThread     : DEBUG   : advance bulk size: 1 [True, True]
2017-10-23 18:57:51,133: umgr.staging.input.0.child: umgr.staging.input.0            : MainThread     : DEBUG   : drop  unit.000106 [AGENT_STAGING_INPUT_PENDING]
2017-10-23 18:57:51,247: umgr.staging.input.0.child: umgr.staging.input.0            : MainThread     : DEBUG   : got unit (unit.000107)
2017-10-23 18:57:51,247: umgr.staging.input.0.child: umgr.staging.input.0            : MainThread     : DEBUG   : advance bulk size: 1 [False, True]
2017-10-23 18:57:51,247: umgr.staging.input.0.child: umgr.staging.input.0            : MainThread     : DEBUG   : advance bulk size: 1 [True, True]
2017-10-23 18:57:51,247: umgr.staging.input.0.child: umgr.staging.input.0            : MainThread     : DEBUG   : drop  unit.000107 [AGENT_STAGING_INPUT_PENDING]
2017-10-23 18:57:51,360: umgr.staging.input.0.child: umgr.staging.input.0            : MainThread     : DEBUG   : got unit (unit.000108)
2017-10-23 18:57:51,360: umgr.staging.input.0.child: umgr.staging.input.0            : MainThread     : DEBUG   : advance bulk size: 1 [False, True]
2017-10-23 18:57:51,360: umgr.staging.input.0.child: umgr.staging.input.0            : MainThread     : DEBUG   : advance bulk size: 1 [True, True]
2017-10-23 18:57:51,360: umgr.staging.input.0.child: umgr.staging.input.0            : MainThread     : DEBUG   : drop  unit.000108 [AGENT_STAGING_INPUT_PENDING]
2017-10-23 18:57:51,472: umgr.staging.input.0.child: umgr.staging.input.0            : MainThread     : DEBUG   : got unit (unit.000109)
2017-10-23 18:57:51,472: umgr.staging.input.0.child: umgr.staging.input.0            : MainThread     : DEBUG   : advance bulk size: 1 [False, True]
2017-10-23 18:57:51,472: umgr.staging.input.0.child: umgr.staging.input.0            : MainThread     : DEBUG   : advance bulk size: 1 [True, True]
2017-10-23 18:57:51,472: umgr.staging.input.0.child: umgr.staging.input.0            : MainThread     : DEBUG   : drop  unit.000109 [AGENT_STAGING_INPUT_PENDING]
2017-10-23 18:57:51,590: umgr.staging.input.0.child: umgr.staging.input.0            : MainThread     : DEBUG   : got unit (unit.000110)
2017-10-23 18:57:51,591: umgr.staging.input.0.child: umgr.staging.input.0            : MainThread     : DEBUG   : advance bulk size: 1 [False, True]
2017-10-23 18:57:51,591: umgr.staging.input.0.child: umgr.staging.input.0            : MainThread     : DEBUG   : advance bulk size: 1 [True, True]
2017-10-23 18:57:51,591: umgr.staging.input.0.child: umgr.staging.input.0            : MainThread     : DEBUG   : drop  unit.000110 [AGENT_STAGING_INPUT_PENDING]
2017-10-23 18:57:51,700: umgr.staging.input.0.child: umgr.staging.input.0            : MainThread     : DEBUG   : got unit (unit.000111)
2017-10-23 18:57:51,700: umgr.staging.input.0.child: umgr.staging.input.0            : MainThread     : DEBUG   : advance bulk size: 1 [False, True]
2017-10-23 18:57:51,700: umgr.staging.input.0.child: umgr.staging.input.0            : MainThread     : DEBUG   : advance bulk size: 1 [True, True]
2017-10-23 18:57:51,700: umgr.staging.input.0.child: umgr.staging.input.0            : MainThread     : DEBUG   : drop  unit.000111 [AGENT_STAGING_INPUT_PENDING]
2017-10-23 19:00:07,807: umgr.staging.input.0.child: umgr.staging.input.0            : MainThread     : DEBUG   : ru_finalize_common()
2017-10-23 19:00:07,808: umgr.staging.input.0.child: umgr.staging.input.0            : MainThread     : DEBUG   : TERM : umgr.staging.input.0.child unregister publisher log_pubsub
2017-10-23 19:00:07,809: umgr.staging.input.0.child: umgr.staging.input.0            : MainThread     : DEBUG   : unregistered publisher log_pubsub
2017-10-23 19:00:07,810: umgr.staging.input.0.child: umgr.staging.input.0            : MainThread     : DEBUG   : TERM : umgr.staging.input.0.child unregister publisher state_pubsub
2017-10-23 19:00:07,811: umgr.staging.input.0.child: umgr.staging.input.0            : MainThread     : DEBUG   : unregistered publisher state_pubsub
2017-10-23 19:00:07,811: umgr.staging.input.0.child: umgr.staging.input.0            : MainThread     : DEBUG   : TERM : umgr.staging.input.0.child unregister publisher control_pubsub
2017-10-23 19:00:07,812: umgr.staging.input.0.child: umgr.staging.input.0            : MainThread     : DEBUG   : unregistered publisher control_pubsub
2017-10-23 19:00:07,813: umgr.staging.input.0.child: umgr.staging.input.0            : MainThread     : DEBUG   : umgr.staging.input.0.child close prof
2017-10-23 19:00:07,813: umgr.staging.input.0.child: umgr.staging.input.0            : MainThread     : INFO    : send message: [umgr.staging.input.0.child] terminating
2017-10-23 19:00:07,827: umgr.staging.input.0.child: umgr.staging.input.0            : umgr.staging.input.0.child.watch: INFO    : watcher closes
2017-10-23 19:00:07,827: umgr.staging.input.0.child: umgr.staging.input.0            : umgr.staging.input.0.child.watch: INFO    : put message: [umgr.staging.input.0.child.watch.thread] work finished
2017-10-23 19:00:07,827: umgr.staging.input.0.child: umgr.staging.input.0            : umgr.staging.input.0.child.watch: DEBUG   : ru_finalize_child (NOOP)
2017-10-23 19:00:07,827: umgr.staging.input.0.child: umgr.staging.input.0            : umgr.staging.input.0.child.watch: DEBUG   : ru_finalize_common (NOOP)
2017-10-23 19:00:07,828: umgr.staging.input.0.child: umgr.staging.input.0            : umgr.staging.input.0.child.watch: INFO    : put message: [umgr.staging.input.0.child.watch.thread] terminating
2017-10-23 19:00:07,828: umgr.staging.input.0.child: umgr.staging.input.0            : MainThread     : INFO    : parent stops child
2017-10-23 19:00:07,828: umgr.staging.input.0.child: umgr.staging.input.0            : MainThread     : DEBUG   : ru_finalize_parent (NOOP)
2017-10-23 19:00:07,829: umgr.staging.input.0.child: umgr.staging.input.0            : umgr.staging.input.0.child.subscriber._cancel_monitor_cb: ERROR   : abort: ZMQError('Socket operation on non-socket')
Traceback (most recent call last):
  File "/home/jdakka/UCL/gpu_branch_env/venv/local/lib/python2.7/site-packages/radical/utils/threads.py", line 375, in _run
    if not self.work_cb():
  File "/home/jdakka/UCL/gpu_branch_env/venv/local/lib/python2.7/site-packages/radical/pilot/utils/component.py", line 1088, in work_cb
    topic, msg = self._q.get_nowait(500)  # timout in ms
  File "/home/jdakka/UCL/gpu_branch_env/venv/local/lib/python2.7/site-packages/radical/pilot/utils/pubsub.py", line 352, in get_nowait
    if _uninterruptible(self._q.poll, flags=zmq.POLLIN, timeout=timeout):
  File "/home/jdakka/UCL/gpu_branch_env/venv/local/lib/python2.7/site-packages/radical/pilot/utils/pubsub.py", line 50, in _uninterruptible
    return f(*args, **kwargs)
  File "/home/jdakka/UCL/gpu_branch_env/venv/local/lib/python2.7/site-packages/zmq/sugar/socket.py", line 558, in poll
    evts = dict(p.poll(timeout))
  File "/home/jdakka/UCL/gpu_branch_env/venv/local/lib/python2.7/site-packages/zmq/sugar/poll.py", line 99, in poll
    return zmq_poll(self.sockets, timeout=timeout)
  File "zmq/backend/cython/_poll.pyx", line 123, in zmq.backend.cython._poll.zmq_poll (zmq/backend/cython/_poll.c:2186)
  File "zmq/backend/cython/_poll.pyx", line 116, in zmq.backend.cython._poll.zmq_poll (zmq/backend/cython/_poll.c:2036)
  File "zmq/backend/cython/checkrc.pxd", line 25, in zmq.backend.cython.checkrc._check_rc (zmq/backend/cython/_poll.c:2811)
    raise ZMQError(errno)
ZMQError: Socket operation on non-socket
2017-10-23 19:00:07,830: umgr.staging.input.0.child: umgr.staging.input.0            : umgr.staging.input.0.child.subscriber._cancel_monitor_cb: INFO    : put message: [umgr.staging.input.0.child.subscriber._cancel_monitor_cb.thread] ZMQError('Socket operation on non-socket')
2017-10-23 19:00:07,830: umgr.staging.input.0.child: umgr.staging.input.0            : umgr.staging.input.0.child.subscriber._cancel_monitor_cb: DEBUG   : ru_finalize_child (NOOP)
2017-10-23 19:00:07,830: umgr.staging.input.0.child: umgr.staging.input.0            : umgr.staging.input.0.child.subscriber._cancel_monitor_cb: INFO    : put message: [umgr.staging.input.0.child.subscriber._cancel_monitor_cb.thread] terminating
