2017-10-23 06:06:35,242: umgr.staging.output.0.child: umgr.staging.output.0           : MainThread     : INFO    : python.interpreter   version: 2.7.12 (default, Nov 19 2016, 06:48:10) [GCC 5.4.0 20160609]
2017-10-23 06:06:35,242: umgr.staging.output.0.child: umgr.staging.output.0           : MainThread     : INFO    :                      pid: 3502
2017-10-23 06:06:35,242: umgr.staging.output.0.child: umgr.staging.output.0           : MainThread     : INFO    :                      tid: MainThread
2017-10-23 06:06:35,242: umgr.staging.output.0.child: umgr.staging.output.0           : MainThread     : INFO    : radical.pilot        version: 0.47-v0.46.2-93-g379bd68d@feature-gpu
2017-10-23 06:06:35,252: umgr.staging.output.0.child: umgr.staging.output.0           : MainThread     : INFO    : initialize umgr.staging.output.0.child
2017-10-23 06:06:35,254: umgr.staging.output.0.child: umgr.staging.output.0           : MainThread     : INFO    : cfg: {'agents': {},
 u'bridges': {u'control_pubsub': {'addr_in': 'tcp://138.201.86.166:38799',
                                  'addr_out': 'tcp://138.201.86.166:39190',
                                  u'bulk_size': 0,
                                  u'log_level': u'debug',
                                  u'stall_hwm': 1},
              u'log_pubsub': {'addr_in': 'tcp://138.201.86.166:46389',
                              'addr_out': 'tcp://138.201.86.166:37710',
                              u'bulk_size': 0,
                              u'log_level': u'debug',
                              u'stall_hwm': 1},
              u'state_pubsub': {'addr_in': 'tcp://138.201.86.166:39798',
                                'addr_out': 'tcp://138.201.86.166:35641',
                                u'bulk_size': 0,
                                u'log_level': u'debug',
                                u'stall_hwm': 1},
              u'umgr_reschedule_pubsub': {'addr_in': 'tcp://138.201.86.166:43049',
                                          'addr_out': 'tcp://138.201.86.166:45499',
                                          u'bulk_size': 0,
                                          u'log_level': u'debug',
                                          u'stall_hwm': 1},
              u'umgr_scheduling_queue': {'addr_in': 'tcp://138.201.86.166:34998',
                                         'addr_out': 'tcp://138.201.86.166:39142',
                                         u'bulk_size': 0,
                                         u'log_level': u'debug',
                                         u'stall_hwm': 1},
              u'umgr_staging_input_queue': {'addr_in': 'tcp://138.201.86.166:39870',
                                            'addr_out': 'tcp://138.201.86.166:38742',
                                            u'bulk_size': 0,
                                            u'log_level': u'debug',
                                            u'stall_hwm': 1},
              u'umgr_staging_output_queue': {'addr_in': 'tcp://138.201.86.166:38763',
                                             'addr_out': 'tcp://138.201.86.166:36299',
                                             u'bulk_size': 0,
                                             u'log_level': u'debug',
                                             u'stall_hwm': 1},
              u'umgr_unschedule_pubsub': {'addr_in': 'tcp://138.201.86.166:36243',
                                          'addr_out': 'tcp://138.201.86.166:38639',
                                          u'bulk_size': 0,
                                          u'log_level': u'debug',
                                          u'stall_hwm': 1}},
 u'bulk_collection_size': 100,
 u'bulk_collection_time': 1.0,
 'cname': u'UMGRStagingOutputComponent',
 u'components': {},
 u'count': 1,
 u'db_poll_sleeptime': 1.0,
 'number': 0,
 'owner': 'umgr.0000',
 u'scheduler': u'round_robin',
 'uid': 'umgr.0000'}
2017-10-23 06:06:35,254: umgr.staging.output.0.child: umgr.staging.output.0           : MainThread     : DEBUG   : start components: {}
2017-10-23 06:06:35,254: umgr.staging.output.0.child: umgr.staging.output.0           : MainThread     : DEBUG   : alive check in term
2017-10-23 06:06:35,254: umgr.staging.output.0.child: umgr.staging.output.0           : MainThread     : DEBUG   : START: umgr.staging.output.0.child register publisher log_pubsub
2017-10-23 06:06:35,254: umgr.staging.output.0.child: umgr.staging.output.0           : MainThread     : DEBUG   : using addr tcp://138.201.86.166:46389 for pubsub log_pubsub
2017-10-23 06:06:35,255: umgr.staging.output.0.child: umgr.staging.output.0           : MainThread     : DEBUG   : registered publisher : log_pubsub : log.pubsub.pub.0004
2017-10-23 06:06:35,255: umgr.staging.output.0.child: umgr.staging.output.0           : MainThread     : DEBUG   : alive check in term
2017-10-23 06:06:35,256: umgr.staging.output.0.child: umgr.staging.output.0           : MainThread     : DEBUG   : START: umgr.staging.output.0.child register publisher state_pubsub
2017-10-23 06:06:35,256: umgr.staging.output.0.child: umgr.staging.output.0           : MainThread     : DEBUG   : using addr tcp://138.201.86.166:39798 for pubsub state_pubsub
2017-10-23 06:06:35,256: umgr.staging.output.0.child: umgr.staging.output.0           : MainThread     : DEBUG   : registered publisher : state_pubsub : state.pubsub.pub.0004
2017-10-23 06:06:35,256: umgr.staging.output.0.child: umgr.staging.output.0           : MainThread     : DEBUG   : alive check in term
2017-10-23 06:06:35,256: umgr.staging.output.0.child: umgr.staging.output.0           : MainThread     : DEBUG   : START: umgr.staging.output.0.child register publisher control_pubsub
2017-10-23 06:06:35,256: umgr.staging.output.0.child: umgr.staging.output.0           : MainThread     : DEBUG   : using addr tcp://138.201.86.166:38799 for pubsub control_pubsub
2017-10-23 06:06:35,257: umgr.staging.output.0.child: umgr.staging.output.0           : MainThread     : DEBUG   : registered publisher : control_pubsub : control.pubsub.pub.0004
2017-10-23 06:06:35,257: umgr.staging.output.0.child: umgr.staging.output.0           : MainThread     : DEBUG   : alive check in term
2017-10-23 06:06:35,257: umgr.staging.output.0.child: umgr.staging.output.0           : MainThread     : DEBUG   : START: umgr.staging.output.0.child register subscriber umgr.staging.output.0.child.subscriber._cancel_monitor_cb
2017-10-23 06:06:35,257: umgr.staging.output.0.child: umgr.staging.output.0           : MainThread     : DEBUG   : using addr tcp://138.201.86.166:39190 for pubsub control_pubsub
2017-10-23 06:06:35,258: umgr.staging.output.0.child: umgr.staging.output.0           : MainThread     : DEBUG   : parent name: umgr.staging.output.0.child.subscriber._cancel_monitor_cb
2017-10-23 06:06:35,258: umgr.staging.output.0.child: umgr.staging.output.0           : MainThread     : DEBUG   : start thread
2017-10-23 06:06:35,259: umgr.staging.output.0.child: umgr.staging.output.0           : umgr.staging.output.0.child.subscriber._cancel_monitor_cb: DEBUG   : child name: umgr.staging.output.0.child.subscriber._cancel_monitor_cb.thread
2017-10-23 06:06:35,259: umgr.staging.output.0.child: umgr.staging.output.0           : umgr.staging.output.0.child.subscriber._cancel_monitor_cb: INFO    : child (me) initializing
2017-10-23 06:06:35,259: umgr.staging.output.0.child: umgr.staging.output.0           : umgr.staging.output.0.child.subscriber._cancel_monitor_cb: DEBUG   : ru_initialize_common (NOOP)
2017-10-23 06:06:35,259: umgr.staging.output.0.child: umgr.staging.output.0           : umgr.staging.output.0.child.subscriber._cancel_monitor_cb: DEBUG   : ru_initialize_child (NOOP)
2017-10-23 06:06:35,259: umgr.staging.output.0.child: umgr.staging.output.0           : umgr.staging.output.0.child.subscriber._cancel_monitor_cb: INFO    : send alive
2017-10-23 06:06:35,259: umgr.staging.output.0.child: umgr.staging.output.0           : umgr.staging.output.0.child.subscriber._cancel_monitor_cb: INFO    : put message: [umgr.staging.output.0.child.subscriber._cancel_monitor_cb.thread] alive
2017-10-23 06:06:35,260: umgr.staging.output.0.child: umgr.staging.output.0           : MainThread     : INFO    : get msg: alive
2017-10-23 06:06:35,260: umgr.staging.output.0.child: umgr.staging.output.0           : MainThread     : DEBUG   : ru_initialize_common (NOOP)
2017-10-23 06:06:35,260: umgr.staging.output.0.child: umgr.staging.output.0           : MainThread     : DEBUG   : ru_initialize_parent (NOOP)
2017-10-23 06:06:35,260: umgr.staging.output.0.child: umgr.staging.output.0           : MainThread     : DEBUG   : child thread umgr.staging.output.0.child.subscriber._cancel_monitor_cb started
2017-10-23 06:06:35,260: umgr.staging.output.0.child: umgr.staging.output.0           : MainThread     : DEBUG   : umgr.staging.output.0.child registered control_pubsub subscriber umgr.staging.output.0.child.subscriber._cancel_monitor_cb
2017-10-23 06:06:35,260: umgr.staging.output.0.child: umgr.staging.output.0           : MainThread     : DEBUG   : alive check in term
2017-10-23 06:06:35,260: umgr.staging.output.0.child: umgr.staging.output.0           : MainThread     : DEBUG   : using addr tcp://138.201.86.166:36299 for input umgr_staging_output_queue
2017-10-23 06:06:35,261: umgr.staging.output.0.child: umgr.staging.output.0           : MainThread     : DEBUG   : registered input umgr.staging.output.0.child.work.UMGR_STAGING_OUTPUT_PENDING
2017-10-23 06:06:35,261: umgr.staging.output.0.child: umgr.staging.output.0           : MainThread     : DEBUG   : START: umgr.staging.output.0.child register input UMGR_STAGING_OUTPUT_PENDING: umgr.staging.output.0.child.work.UMGR_STAGING_OUTPUT_PENDING
2017-10-23 06:06:35,261: umgr.staging.output.0.child: umgr.staging.output.0           : MainThread     : DEBUG   : registered worker work [UMGR_STAGING_OUTPUT_PENDING]
2017-10-23 06:06:35,261: umgr.staging.output.0.child: umgr.staging.output.0           : MainThread     : INFO    : child (me) initializing
2017-10-23 06:06:35,261: umgr.staging.output.0.child: umgr.staging.output.0           : MainThread     : DEBUG   : parent name: umgr.staging.output.0.child.watch
2017-10-23 06:06:35,261: umgr.staging.output.0.child: umgr.staging.output.0           : MainThread     : DEBUG   : start thread
2017-10-23 06:06:35,261: umgr.staging.output.0.child: umgr.staging.output.0           : umgr.staging.output.0.child.watch: DEBUG   : child name: umgr.staging.output.0.child.watch.thread
2017-10-23 06:06:35,262: umgr.staging.output.0.child: umgr.staging.output.0           : umgr.staging.output.0.child.watch: INFO    : child (me) initializing
2017-10-23 06:06:35,262: umgr.staging.output.0.child: umgr.staging.output.0           : umgr.staging.output.0.child.watch: DEBUG   : ru_initialize_common (NOOP)
2017-10-23 06:06:35,262: umgr.staging.output.0.child: umgr.staging.output.0           : umgr.staging.output.0.child.watch: DEBUG   : ru_initialize_child (NOOP)
2017-10-23 06:06:35,262: umgr.staging.output.0.child: umgr.staging.output.0           : umgr.staging.output.0.child.watch: INFO    : send alive
2017-10-23 06:06:35,262: umgr.staging.output.0.child: umgr.staging.output.0           : umgr.staging.output.0.child.watch: INFO    : put message: [umgr.staging.output.0.child.watch.thread] alive
2017-10-23 06:06:35,263: umgr.staging.output.0.child: umgr.staging.output.0           : MainThread     : INFO    : get msg: alive
2017-10-23 06:06:35,263: umgr.staging.output.0.child: umgr.staging.output.0           : MainThread     : DEBUG   : ru_initialize_common (NOOP)
2017-10-23 06:06:35,263: umgr.staging.output.0.child: umgr.staging.output.0           : MainThread     : DEBUG   : ru_initialize_parent (NOOP)
2017-10-23 06:06:35,263: umgr.staging.output.0.child: umgr.staging.output.0           : MainThread     : DEBUG   : child thread umgr.staging.output.0.child.watch started
2017-10-23 06:06:35,263: umgr.staging.output.0.child: umgr.staging.output.0           : MainThread     : INFO    : child (me) is alive
2017-10-23 06:06:35,263: umgr.staging.output.0.child: umgr.staging.output.0           : MainThread     : INFO    : send alive
2017-10-23 06:06:35,263: umgr.staging.output.0.child: umgr.staging.output.0           : MainThread     : INFO    : send message: [umgr.staging.output.0.child] alive
2017-10-23 06:06:47,219: umgr.staging.output.0.child: umgr.staging.output.0           : MainThread     : DEBUG   : got unit (unit.000000)
2017-10-23 06:06:47,219: umgr.staging.output.0.child: umgr.staging.output.0           : MainThread     : DEBUG   : advance bulk size: 1 [False, True]
2017-10-23 06:06:47,219: umgr.staging.output.0.child: umgr.staging.output.0           : MainThread     : DEBUG   : advance bulk size: 1 [True, True]
2017-10-23 06:06:47,219: umgr.staging.output.0.child: umgr.staging.output.0           : MainThread     : DEBUG   : final unit.000000 [DONE]
2017-10-23 06:06:53,241: umgr.staging.output.0.child: umgr.staging.output.0           : MainThread     : DEBUG   : got unit (unit.000001)
2017-10-23 06:06:53,241: umgr.staging.output.0.child: umgr.staging.output.0           : MainThread     : DEBUG   : advance bulk size: 1 [False, True]
2017-10-23 06:06:53,241: umgr.staging.output.0.child: umgr.staging.output.0           : MainThread     : DEBUG   : advance bulk size: 1 [True, True]
2017-10-23 06:06:53,241: umgr.staging.output.0.child: umgr.staging.output.0           : MainThread     : DEBUG   : final unit.000001 [DONE]
2017-10-23 06:06:59,249: umgr.staging.output.0.child: umgr.staging.output.0           : MainThread     : DEBUG   : got unit (unit.000002)
2017-10-23 06:06:59,249: umgr.staging.output.0.child: umgr.staging.output.0           : MainThread     : DEBUG   : advance bulk size: 1 [False, True]
2017-10-23 06:06:59,249: umgr.staging.output.0.child: umgr.staging.output.0           : MainThread     : DEBUG   : advance bulk size: 1 [True, True]
2017-10-23 06:06:59,249: umgr.staging.output.0.child: umgr.staging.output.0           : MainThread     : DEBUG   : final unit.000002 [DONE]
2017-10-23 06:07:05,263: umgr.staging.output.0.child: umgr.staging.output.0           : MainThread     : DEBUG   : got unit (unit.000003)
2017-10-23 06:07:05,264: umgr.staging.output.0.child: umgr.staging.output.0           : MainThread     : DEBUG   : advance bulk size: 1 [False, True]
2017-10-23 06:07:05,264: umgr.staging.output.0.child: umgr.staging.output.0           : MainThread     : DEBUG   : advance bulk size: 1 [True, True]
2017-10-23 06:07:05,264: umgr.staging.output.0.child: umgr.staging.output.0           : MainThread     : DEBUG   : final unit.000003 [DONE]
2017-10-23 06:07:12,482: umgr.staging.output.0.child: umgr.staging.output.0           : MainThread     : DEBUG   : got unit (unit.000004)
2017-10-23 06:07:12,482: umgr.staging.output.0.child: umgr.staging.output.0           : MainThread     : DEBUG   : advance bulk size: 1 [False, True]
2017-10-23 06:07:12,482: umgr.staging.output.0.child: umgr.staging.output.0           : MainThread     : DEBUG   : advance bulk size: 1 [True, True]
2017-10-23 06:07:12,482: umgr.staging.output.0.child: umgr.staging.output.0           : MainThread     : DEBUG   : final unit.000004 [DONE]
2017-10-23 06:07:17,292: umgr.staging.output.0.child: umgr.staging.output.0           : MainThread     : DEBUG   : got unit (unit.000005)
2017-10-23 06:07:17,292: umgr.staging.output.0.child: umgr.staging.output.0           : MainThread     : DEBUG   : advance bulk size: 1 [False, True]
2017-10-23 06:07:17,292: umgr.staging.output.0.child: umgr.staging.output.0           : MainThread     : DEBUG   : advance bulk size: 1 [True, True]
2017-10-23 06:07:17,292: umgr.staging.output.0.child: umgr.staging.output.0           : MainThread     : DEBUG   : final unit.000005 [DONE]
2017-10-23 06:07:23,305: umgr.staging.output.0.child: umgr.staging.output.0           : MainThread     : DEBUG   : got unit (unit.000006)
2017-10-23 06:07:23,305: umgr.staging.output.0.child: umgr.staging.output.0           : MainThread     : DEBUG   : advance bulk size: 1 [False, True]
2017-10-23 06:07:23,305: umgr.staging.output.0.child: umgr.staging.output.0           : MainThread     : DEBUG   : advance bulk size: 1 [True, True]
2017-10-23 06:07:23,305: umgr.staging.output.0.child: umgr.staging.output.0           : MainThread     : DEBUG   : final unit.000006 [DONE]
2017-10-23 06:07:29,314: umgr.staging.output.0.child: umgr.staging.output.0           : MainThread     : DEBUG   : got unit (unit.000007)
2017-10-23 06:07:29,315: umgr.staging.output.0.child: umgr.staging.output.0           : MainThread     : DEBUG   : advance bulk size: 1 [False, True]
2017-10-23 06:07:29,315: umgr.staging.output.0.child: umgr.staging.output.0           : MainThread     : DEBUG   : advance bulk size: 1 [True, True]
2017-10-23 06:07:29,315: umgr.staging.output.0.child: umgr.staging.output.0           : MainThread     : DEBUG   : final unit.000007 [DONE]
2017-10-23 06:07:49,381: umgr.staging.output.0.child: umgr.staging.output.0           : MainThread     : DEBUG   : got unit (unit.000008)
2017-10-23 06:07:49,381: umgr.staging.output.0.child: umgr.staging.output.0           : MainThread     : DEBUG   : advance bulk size: 1 [False, True]
2017-10-23 06:07:49,382: umgr.staging.output.0.child: umgr.staging.output.0           : MainThread     : DEBUG   : advance bulk size: 1 [True, True]
2017-10-23 06:07:49,382: umgr.staging.output.0.child: umgr.staging.output.0           : MainThread     : DEBUG   : final unit.000008 [DONE]
2017-10-23 06:08:02,016: umgr.staging.output.0.child: umgr.staging.output.0           : MainThread     : DEBUG   : got unit (unit.000012)
2017-10-23 06:08:02,016: umgr.staging.output.0.child: umgr.staging.output.0           : MainThread     : DEBUG   : advance bulk size: 1 [False, True]
2017-10-23 06:08:02,016: umgr.staging.output.0.child: umgr.staging.output.0           : MainThread     : DEBUG   : advance bulk size: 1 [True, True]
2017-10-23 06:08:02,016: umgr.staging.output.0.child: umgr.staging.output.0           : MainThread     : DEBUG   : final unit.000012 [DONE]
2017-10-23 06:08:14,638: umgr.staging.output.0.child: umgr.staging.output.0           : MainThread     : DEBUG   : got unit (unit.000013)
2017-10-23 06:08:14,638: umgr.staging.output.0.child: umgr.staging.output.0           : MainThread     : DEBUG   : advance bulk size: 1 [False, True]
2017-10-23 06:08:14,638: umgr.staging.output.0.child: umgr.staging.output.0           : MainThread     : DEBUG   : advance bulk size: 1 [True, True]
2017-10-23 06:08:14,638: umgr.staging.output.0.child: umgr.staging.output.0           : MainThread     : DEBUG   : final unit.000013 [DONE]
2017-10-23 06:08:27,282: umgr.staging.output.0.child: umgr.staging.output.0           : MainThread     : DEBUG   : got unit (unit.000011)
2017-10-23 06:08:27,282: umgr.staging.output.0.child: umgr.staging.output.0           : MainThread     : DEBUG   : advance bulk size: 1 [False, True]
2017-10-23 06:08:27,282: umgr.staging.output.0.child: umgr.staging.output.0           : MainThread     : DEBUG   : advance bulk size: 1 [True, True]
2017-10-23 06:08:27,283: umgr.staging.output.0.child: umgr.staging.output.0           : MainThread     : DEBUG   : final unit.000011 [DONE]
2017-10-23 06:08:39,891: umgr.staging.output.0.child: umgr.staging.output.0           : MainThread     : DEBUG   : got unit (unit.000009)
2017-10-23 06:08:39,891: umgr.staging.output.0.child: umgr.staging.output.0           : MainThread     : DEBUG   : advance bulk size: 1 [False, True]
2017-10-23 06:08:39,891: umgr.staging.output.0.child: umgr.staging.output.0           : MainThread     : DEBUG   : advance bulk size: 1 [True, True]
2017-10-23 06:08:39,891: umgr.staging.output.0.child: umgr.staging.output.0           : MainThread     : DEBUG   : final unit.000009 [DONE]
2017-10-23 06:08:55,325: umgr.staging.output.0.child: umgr.staging.output.0           : MainThread     : DEBUG   : got unit (unit.000015)
2017-10-23 06:08:55,325: umgr.staging.output.0.child: umgr.staging.output.0           : MainThread     : DEBUG   : advance bulk size: 1 [False, True]
2017-10-23 06:08:55,325: umgr.staging.output.0.child: umgr.staging.output.0           : MainThread     : DEBUG   : advance bulk size: 1 [True, True]
2017-10-23 06:08:55,325: umgr.staging.output.0.child: umgr.staging.output.0           : MainThread     : DEBUG   : final unit.000015 [DONE]
2017-10-23 06:09:10,735: umgr.staging.output.0.child: umgr.staging.output.0           : MainThread     : DEBUG   : got unit (unit.000014)
2017-10-23 06:09:10,735: umgr.staging.output.0.child: umgr.staging.output.0           : MainThread     : DEBUG   : advance bulk size: 1 [False, True]
2017-10-23 06:09:10,735: umgr.staging.output.0.child: umgr.staging.output.0           : MainThread     : DEBUG   : advance bulk size: 1 [True, True]
2017-10-23 06:09:10,735: umgr.staging.output.0.child: umgr.staging.output.0           : MainThread     : DEBUG   : final unit.000014 [DONE]
2017-10-23 06:09:23,357: umgr.staging.output.0.child: umgr.staging.output.0           : MainThread     : DEBUG   : got unit (unit.000010)
2017-10-23 06:09:23,357: umgr.staging.output.0.child: umgr.staging.output.0           : MainThread     : DEBUG   : advance bulk size: 1 [False, True]
2017-10-23 06:09:23,358: umgr.staging.output.0.child: umgr.staging.output.0           : MainThread     : DEBUG   : advance bulk size: 1 [True, True]
2017-10-23 06:09:23,358: umgr.staging.output.0.child: umgr.staging.output.0           : MainThread     : DEBUG   : final unit.000010 [DONE]
2017-10-23 06:13:00,429: umgr.staging.output.0.child: umgr.staging.output.0           : MainThread     : DEBUG   : got unit (unit.000016)
2017-10-23 06:13:00,429: umgr.staging.output.0.child: umgr.staging.output.0           : MainThread     : DEBUG   : got unit (unit.000017)
2017-10-23 06:13:00,429: umgr.staging.output.0.child: umgr.staging.output.0           : MainThread     : DEBUG   : got unit (unit.000020)
2017-10-23 06:13:00,429: umgr.staging.output.0.child: umgr.staging.output.0           : MainThread     : DEBUG   : advance bulk size: 3 [False, True]
2017-10-23 06:13:00,429: umgr.staging.output.0.child: umgr.staging.output.0           : MainThread     : DEBUG   : advance bulk size: 3 [True, True]
2017-10-23 06:13:00,430: umgr.staging.output.0.child: umgr.staging.output.0           : MainThread     : DEBUG   : final unit.000016 [DONE]
2017-10-23 06:13:00,430: umgr.staging.output.0.child: umgr.staging.output.0           : MainThread     : DEBUG   : final unit.000017 [DONE]
2017-10-23 06:13:00,430: umgr.staging.output.0.child: umgr.staging.output.0           : MainThread     : DEBUG   : final unit.000020 [DONE]
2017-10-23 06:13:01,950: umgr.staging.output.0.child: umgr.staging.output.0           : MainThread     : DEBUG   : got unit (unit.000021)
2017-10-23 06:13:01,950: umgr.staging.output.0.child: umgr.staging.output.0           : MainThread     : DEBUG   : advance bulk size: 1 [False, True]
2017-10-23 06:13:01,950: umgr.staging.output.0.child: umgr.staging.output.0           : MainThread     : DEBUG   : advance bulk size: 1 [True, True]
2017-10-23 06:13:01,950: umgr.staging.output.0.child: umgr.staging.output.0           : MainThread     : DEBUG   : final unit.000021 [DONE]
2017-10-23 06:13:03,462: umgr.staging.output.0.child: umgr.staging.output.0           : MainThread     : DEBUG   : got unit (unit.000018)
2017-10-23 06:13:03,462: umgr.staging.output.0.child: umgr.staging.output.0           : MainThread     : DEBUG   : got unit (unit.000019)
2017-10-23 06:13:03,462: umgr.staging.output.0.child: umgr.staging.output.0           : MainThread     : DEBUG   : advance bulk size: 2 [False, True]
2017-10-23 06:13:03,462: umgr.staging.output.0.child: umgr.staging.output.0           : MainThread     : DEBUG   : advance bulk size: 2 [True, True]
2017-10-23 06:13:03,463: umgr.staging.output.0.child: umgr.staging.output.0           : MainThread     : DEBUG   : final unit.000018 [DONE]
2017-10-23 06:13:03,463: umgr.staging.output.0.child: umgr.staging.output.0           : MainThread     : DEBUG   : final unit.000019 [DONE]
2017-10-23 06:13:07,989: umgr.staging.output.0.child: umgr.staging.output.0           : MainThread     : DEBUG   : got unit (unit.000023)
2017-10-23 06:13:07,989: umgr.staging.output.0.child: umgr.staging.output.0           : MainThread     : DEBUG   : advance bulk size: 1 [False, True]
2017-10-23 06:13:07,989: umgr.staging.output.0.child: umgr.staging.output.0           : MainThread     : DEBUG   : advance bulk size: 1 [True, True]
2017-10-23 06:13:07,990: umgr.staging.output.0.child: umgr.staging.output.0           : MainThread     : DEBUG   : final unit.000023 [DONE]
2017-10-23 06:13:09,505: umgr.staging.output.0.child: umgr.staging.output.0           : MainThread     : DEBUG   : got unit (unit.000022)
2017-10-23 06:13:09,505: umgr.staging.output.0.child: umgr.staging.output.0           : MainThread     : DEBUG   : advance bulk size: 1 [False, True]
2017-10-23 06:13:09,506: umgr.staging.output.0.child: umgr.staging.output.0           : MainThread     : DEBUG   : advance bulk size: 1 [True, True]
2017-10-23 06:13:09,506: umgr.staging.output.0.child: umgr.staging.output.0           : MainThread     : DEBUG   : final unit.000022 [DONE]
2017-10-23 06:15:52,878: umgr.staging.output.0.child: umgr.staging.output.0           : MainThread     : DEBUG   : got unit (unit.000024)
2017-10-23 06:15:52,906: umgr.staging.output.0.child: umgr.staging.output.0           : MainThread     : DEBUG   : got unit (unit.000025)
2017-10-23 06:15:52,906: umgr.staging.output.0.child: umgr.staging.output.0           : MainThread     : DEBUG   : got unit (unit.000026)
2017-10-23 06:15:52,906: umgr.staging.output.0.child: umgr.staging.output.0           : MainThread     : DEBUG   : got unit (unit.000027)
2017-10-23 06:15:52,907: umgr.staging.output.0.child: umgr.staging.output.0           : MainThread     : DEBUG   : advance bulk size: 4 [False, True]
2017-10-23 06:15:52,907: umgr.staging.output.0.child: umgr.staging.output.0           : MainThread     : DEBUG   : advance bulk size: 4 [True, True]
2017-10-23 06:15:52,907: umgr.staging.output.0.child: umgr.staging.output.0           : MainThread     : DEBUG   : final unit.000024 [DONE]
2017-10-23 06:15:52,907: umgr.staging.output.0.child: umgr.staging.output.0           : MainThread     : DEBUG   : final unit.000025 [DONE]
2017-10-23 06:15:52,907: umgr.staging.output.0.child: umgr.staging.output.0           : MainThread     : DEBUG   : final unit.000026 [DONE]
2017-10-23 06:15:52,907: umgr.staging.output.0.child: umgr.staging.output.0           : MainThread     : DEBUG   : final unit.000027 [DONE]
2017-10-23 06:15:54,413: umgr.staging.output.0.child: umgr.staging.output.0           : MainThread     : DEBUG   : got unit (unit.000028)
2017-10-23 06:15:54,414: umgr.staging.output.0.child: umgr.staging.output.0           : MainThread     : DEBUG   : advance bulk size: 1 [False, True]
2017-10-23 06:15:54,414: umgr.staging.output.0.child: umgr.staging.output.0           : MainThread     : DEBUG   : advance bulk size: 1 [True, True]
2017-10-23 06:15:54,414: umgr.staging.output.0.child: umgr.staging.output.0           : MainThread     : DEBUG   : final unit.000028 [DONE]
2017-10-23 06:15:55,929: umgr.staging.output.0.child: umgr.staging.output.0           : MainThread     : DEBUG   : got unit (unit.000029)
2017-10-23 06:15:55,929: umgr.staging.output.0.child: umgr.staging.output.0           : MainThread     : DEBUG   : got unit (unit.000030)
2017-10-23 06:15:55,929: umgr.staging.output.0.child: umgr.staging.output.0           : MainThread     : DEBUG   : advance bulk size: 2 [False, True]
2017-10-23 06:15:55,929: umgr.staging.output.0.child: umgr.staging.output.0           : MainThread     : DEBUG   : advance bulk size: 2 [True, True]
2017-10-23 06:15:55,929: umgr.staging.output.0.child: umgr.staging.output.0           : MainThread     : DEBUG   : final unit.000029 [DONE]
2017-10-23 06:15:55,929: umgr.staging.output.0.child: umgr.staging.output.0           : MainThread     : DEBUG   : final unit.000030 [DONE]
2017-10-23 06:15:57,452: umgr.staging.output.0.child: umgr.staging.output.0           : MainThread     : DEBUG   : got unit (unit.000031)
2017-10-23 06:15:57,453: umgr.staging.output.0.child: umgr.staging.output.0           : MainThread     : DEBUG   : advance bulk size: 1 [False, True]
2017-10-23 06:15:57,453: umgr.staging.output.0.child: umgr.staging.output.0           : MainThread     : DEBUG   : advance bulk size: 1 [True, True]
2017-10-23 06:15:57,453: umgr.staging.output.0.child: umgr.staging.output.0           : MainThread     : DEBUG   : final unit.000031 [DONE]
2017-10-23 06:45:54,725: umgr.staging.output.0.child: umgr.staging.output.0           : MainThread     : DEBUG   : got unit (unit.000032)
2017-10-23 06:45:54,725: umgr.staging.output.0.child: umgr.staging.output.0           : MainThread     : DEBUG   : got unit (unit.000033)
2017-10-23 06:45:54,725: umgr.staging.output.0.child: umgr.staging.output.0           : MainThread     : DEBUG   : got unit (unit.000035)
2017-10-23 06:45:54,725: umgr.staging.output.0.child: umgr.staging.output.0           : MainThread     : DEBUG   : advance bulk size: 3 [False, True]
2017-10-23 06:45:54,725: umgr.staging.output.0.child: umgr.staging.output.0           : MainThread     : DEBUG   : advance bulk size: 3 [True, True]
2017-10-23 06:45:54,725: umgr.staging.output.0.child: umgr.staging.output.0           : MainThread     : DEBUG   : final unit.000032 [DONE]
2017-10-23 06:45:54,725: umgr.staging.output.0.child: umgr.staging.output.0           : MainThread     : DEBUG   : final unit.000033 [DONE]
2017-10-23 06:45:54,725: umgr.staging.output.0.child: umgr.staging.output.0           : MainThread     : DEBUG   : final unit.000035 [DONE]
2017-10-23 06:45:57,790: umgr.staging.output.0.child: umgr.staging.output.0           : MainThread     : DEBUG   : got unit (unit.000034)
2017-10-23 06:45:57,790: umgr.staging.output.0.child: umgr.staging.output.0           : MainThread     : DEBUG   : got unit (unit.000037)
2017-10-23 06:45:57,790: umgr.staging.output.0.child: umgr.staging.output.0           : MainThread     : DEBUG   : advance bulk size: 2 [False, True]
2017-10-23 06:45:57,790: umgr.staging.output.0.child: umgr.staging.output.0           : MainThread     : DEBUG   : advance bulk size: 2 [True, True]
2017-10-23 06:45:57,791: umgr.staging.output.0.child: umgr.staging.output.0           : MainThread     : DEBUG   : final unit.000034 [DONE]
2017-10-23 06:45:57,791: umgr.staging.output.0.child: umgr.staging.output.0           : MainThread     : DEBUG   : final unit.000037 [DONE]
2017-10-23 06:45:59,348: umgr.staging.output.0.child: umgr.staging.output.0           : MainThread     : DEBUG   : got unit (unit.000036)
2017-10-23 06:45:59,348: umgr.staging.output.0.child: umgr.staging.output.0           : MainThread     : DEBUG   : got unit (unit.000039)
2017-10-23 06:45:59,349: umgr.staging.output.0.child: umgr.staging.output.0           : MainThread     : DEBUG   : advance bulk size: 2 [False, True]
2017-10-23 06:45:59,349: umgr.staging.output.0.child: umgr.staging.output.0           : MainThread     : DEBUG   : advance bulk size: 2 [True, True]
2017-10-23 06:45:59,349: umgr.staging.output.0.child: umgr.staging.output.0           : MainThread     : DEBUG   : final unit.000036 [DONE]
2017-10-23 06:45:59,349: umgr.staging.output.0.child: umgr.staging.output.0           : MainThread     : DEBUG   : final unit.000039 [DONE]
2017-10-23 06:46:02,493: umgr.staging.output.0.child: umgr.staging.output.0           : MainThread     : DEBUG   : got unit (unit.000038)
2017-10-23 06:46:02,494: umgr.staging.output.0.child: umgr.staging.output.0           : MainThread     : DEBUG   : advance bulk size: 1 [False, True]
2017-10-23 06:46:02,494: umgr.staging.output.0.child: umgr.staging.output.0           : MainThread     : DEBUG   : advance bulk size: 1 [True, True]
2017-10-23 06:46:02,494: umgr.staging.output.0.child: umgr.staging.output.0           : MainThread     : DEBUG   : final unit.000038 [DONE]
2017-10-23 06:49:06,018: umgr.staging.output.0.child: umgr.staging.output.0           : MainThread     : DEBUG   : got unit (unit.000040)
2017-10-23 06:49:06,018: umgr.staging.output.0.child: umgr.staging.output.0           : MainThread     : DEBUG   : got unit (unit.000041)
2017-10-23 06:49:06,018: umgr.staging.output.0.child: umgr.staging.output.0           : MainThread     : DEBUG   : advance bulk size: 2 [False, True]
2017-10-23 06:49:06,018: umgr.staging.output.0.child: umgr.staging.output.0           : MainThread     : DEBUG   : advance bulk size: 2 [True, True]
2017-10-23 06:49:06,018: umgr.staging.output.0.child: umgr.staging.output.0           : MainThread     : DEBUG   : final unit.000040 [DONE]
2017-10-23 06:49:06,019: umgr.staging.output.0.child: umgr.staging.output.0           : MainThread     : DEBUG   : final unit.000041 [DONE]
2017-10-23 06:49:07,555: umgr.staging.output.0.child: umgr.staging.output.0           : MainThread     : DEBUG   : got unit (unit.000042)
2017-10-23 06:49:07,555: umgr.staging.output.0.child: umgr.staging.output.0           : MainThread     : DEBUG   : got unit (unit.000043)
2017-10-23 06:49:07,555: umgr.staging.output.0.child: umgr.staging.output.0           : MainThread     : DEBUG   : advance bulk size: 2 [False, True]
2017-10-23 06:49:07,555: umgr.staging.output.0.child: umgr.staging.output.0           : MainThread     : DEBUG   : advance bulk size: 2 [True, True]
2017-10-23 06:49:07,556: umgr.staging.output.0.child: umgr.staging.output.0           : MainThread     : DEBUG   : final unit.000042 [DONE]
2017-10-23 06:49:07,556: umgr.staging.output.0.child: umgr.staging.output.0           : MainThread     : DEBUG   : final unit.000043 [DONE]
2017-10-23 06:49:10,703: umgr.staging.output.0.child: umgr.staging.output.0           : MainThread     : DEBUG   : got unit (unit.000044)
2017-10-23 06:49:10,703: umgr.staging.output.0.child: umgr.staging.output.0           : MainThread     : DEBUG   : got unit (unit.000045)
2017-10-23 06:49:10,703: umgr.staging.output.0.child: umgr.staging.output.0           : MainThread     : DEBUG   : advance bulk size: 2 [False, True]
2017-10-23 06:49:10,703: umgr.staging.output.0.child: umgr.staging.output.0           : MainThread     : DEBUG   : advance bulk size: 2 [True, True]
2017-10-23 06:49:10,703: umgr.staging.output.0.child: umgr.staging.output.0           : MainThread     : DEBUG   : final unit.000044 [DONE]
2017-10-23 06:49:10,703: umgr.staging.output.0.child: umgr.staging.output.0           : MainThread     : DEBUG   : final unit.000045 [DONE]
2017-10-23 06:49:12,267: umgr.staging.output.0.child: umgr.staging.output.0           : MainThread     : DEBUG   : got unit (unit.000046)
2017-10-23 06:49:12,267: umgr.staging.output.0.child: umgr.staging.output.0           : MainThread     : DEBUG   : got unit (unit.000047)
2017-10-23 06:49:12,267: umgr.staging.output.0.child: umgr.staging.output.0           : MainThread     : DEBUG   : advance bulk size: 2 [False, True]
2017-10-23 06:49:12,267: umgr.staging.output.0.child: umgr.staging.output.0           : MainThread     : DEBUG   : advance bulk size: 2 [True, True]
2017-10-23 06:49:12,267: umgr.staging.output.0.child: umgr.staging.output.0           : MainThread     : DEBUG   : final unit.000046 [DONE]
2017-10-23 06:49:12,267: umgr.staging.output.0.child: umgr.staging.output.0           : MainThread     : DEBUG   : final unit.000047 [DONE]
2017-10-23 06:49:24,177: umgr.staging.output.0.child: umgr.staging.output.0           : MainThread     : DEBUG   : got unit (unit.000048)
2017-10-23 06:49:24,177: umgr.staging.output.0.child: umgr.staging.output.0           : MainThread     : DEBUG   : advance bulk size: 1 [False, True]
2017-10-23 06:49:30,305: umgr.staging.output.0.child: umgr.staging.output.0           : MainThread     : ERROR   : worker <bound method Default.work of <Default(umgr.staging.output.0, started)>> failed
Traceback (most recent call last):
  File "/home/jdakka/UCL/gpu_branch_env/venv/local/lib/python2.7/site-packages/radical/pilot/utils/component.py", line 1240, in work_cb
    self._workers[state](things)
  File "/home/jdakka/UCL/gpu_branch_env/venv/local/lib/python2.7/site-packages/radical/pilot/umgr/staging_output/default.py", line 110, in work
    self._handle_unit(unit, actionables)
  File "/home/jdakka/UCL/gpu_branch_env/venv/local/lib/python2.7/site-packages/radical/pilot/umgr/staging_output/default.py", line 142, in _handle_unit
    tr
NameError: global name 'tr' is not defined
2017-10-23 06:49:30,305: umgr.staging.output.0.child: umgr.staging.output.0           : MainThread     : DEBUG   : advance bulk size: 1 [False, True]
2017-10-23 06:49:32,122: umgr.staging.output.0.child: umgr.staging.output.0           : MainThread     : DEBUG   : got unit (unit.000051)
2017-10-23 06:49:32,123: umgr.staging.output.0.child: umgr.staging.output.0           : MainThread     : DEBUG   : advance bulk size: 1 [False, True]
2017-10-23 06:49:32,123: umgr.staging.output.0.child: umgr.staging.output.0           : MainThread     : ERROR   : worker <bound method Default.work of <Default(umgr.staging.output.0, started)>> failed
Traceback (most recent call last):
  File "/home/jdakka/UCL/gpu_branch_env/venv/local/lib/python2.7/site-packages/radical/pilot/utils/component.py", line 1240, in work_cb
    self._workers[state](things)
  File "/home/jdakka/UCL/gpu_branch_env/venv/local/lib/python2.7/site-packages/radical/pilot/umgr/staging_output/default.py", line 110, in work
    self._handle_unit(unit, actionables)
  File "/home/jdakka/UCL/gpu_branch_env/venv/local/lib/python2.7/site-packages/radical/pilot/umgr/staging_output/default.py", line 142, in _handle_unit
    tr
NameError: global name 'tr' is not defined
2017-10-23 06:49:32,123: umgr.staging.output.0.child: umgr.staging.output.0           : MainThread     : DEBUG   : advance bulk size: 1 [False, True]
2017-10-23 06:49:40,113: umgr.staging.output.0.child: umgr.staging.output.0           : MainThread     : DEBUG   : got unit (unit.000050)
2017-10-23 06:49:40,113: umgr.staging.output.0.child: umgr.staging.output.0           : MainThread     : DEBUG   : advance bulk size: 1 [False, True]
2017-10-23 06:49:40,113: umgr.staging.output.0.child: umgr.staging.output.0           : MainThread     : ERROR   : worker <bound method Default.work of <Default(umgr.staging.output.0, started)>> failed
Traceback (most recent call last):
  File "/home/jdakka/UCL/gpu_branch_env/venv/local/lib/python2.7/site-packages/radical/pilot/utils/component.py", line 1240, in work_cb
    self._workers[state](things)
  File "/home/jdakka/UCL/gpu_branch_env/venv/local/lib/python2.7/site-packages/radical/pilot/umgr/staging_output/default.py", line 110, in work
    self._handle_unit(unit, actionables)
  File "/home/jdakka/UCL/gpu_branch_env/venv/local/lib/python2.7/site-packages/radical/pilot/umgr/staging_output/default.py", line 142, in _handle_unit
    tr
NameError: global name 'tr' is not defined
2017-10-23 06:49:40,114: umgr.staging.output.0.child: umgr.staging.output.0           : MainThread     : DEBUG   : advance bulk size: 1 [False, True]
2017-10-23 06:49:46,463: umgr.staging.output.0.child: umgr.staging.output.0           : MainThread     : DEBUG   : got unit (unit.000052)
2017-10-23 06:49:46,463: umgr.staging.output.0.child: umgr.staging.output.0           : MainThread     : DEBUG   : advance bulk size: 1 [False, True]
2017-10-23 06:49:46,463: umgr.staging.output.0.child: umgr.staging.output.0           : MainThread     : ERROR   : worker <bound method Default.work of <Default(umgr.staging.output.0, started)>> failed
Traceback (most recent call last):
  File "/home/jdakka/UCL/gpu_branch_env/venv/local/lib/python2.7/site-packages/radical/pilot/utils/component.py", line 1240, in work_cb
    self._workers[state](things)
  File "/home/jdakka/UCL/gpu_branch_env/venv/local/lib/python2.7/site-packages/radical/pilot/umgr/staging_output/default.py", line 110, in work
    self._handle_unit(unit, actionables)
  File "/home/jdakka/UCL/gpu_branch_env/venv/local/lib/python2.7/site-packages/radical/pilot/umgr/staging_output/default.py", line 142, in _handle_unit
    tr
NameError: global name 'tr' is not defined
2017-10-23 06:49:46,463: umgr.staging.output.0.child: umgr.staging.output.0           : MainThread     : DEBUG   : advance bulk size: 1 [False, True]
2017-10-23 06:49:52,787: umgr.staging.output.0.child: umgr.staging.output.0           : MainThread     : DEBUG   : got unit (unit.000054)
2017-10-23 06:49:52,787: umgr.staging.output.0.child: umgr.staging.output.0           : MainThread     : DEBUG   : advance bulk size: 1 [False, True]
2017-10-23 06:49:52,788: umgr.staging.output.0.child: umgr.staging.output.0           : MainThread     : ERROR   : worker <bound method Default.work of <Default(umgr.staging.output.0, started)>> failed
Traceback (most recent call last):
  File "/home/jdakka/UCL/gpu_branch_env/venv/local/lib/python2.7/site-packages/radical/pilot/utils/component.py", line 1240, in work_cb
    self._workers[state](things)
  File "/home/jdakka/UCL/gpu_branch_env/venv/local/lib/python2.7/site-packages/radical/pilot/umgr/staging_output/default.py", line 110, in work
    self._handle_unit(unit, actionables)
  File "/home/jdakka/UCL/gpu_branch_env/venv/local/lib/python2.7/site-packages/radical/pilot/umgr/staging_output/default.py", line 142, in _handle_unit
    tr
NameError: global name 'tr' is not defined
2017-10-23 06:49:52,788: umgr.staging.output.0.child: umgr.staging.output.0           : MainThread     : DEBUG   : advance bulk size: 1 [False, True]
2017-10-23 06:50:00,755: umgr.staging.output.0.child: umgr.staging.output.0           : MainThread     : DEBUG   : got unit (unit.000049)
2017-10-23 06:50:00,780: umgr.staging.output.0.child: umgr.staging.output.0           : MainThread     : DEBUG   : advance bulk size: 1 [False, True]
2017-10-23 06:50:00,780: umgr.staging.output.0.child: umgr.staging.output.0           : MainThread     : ERROR   : worker <bound method Default.work of <Default(umgr.staging.output.0, started)>> failed
Traceback (most recent call last):
  File "/home/jdakka/UCL/gpu_branch_env/venv/local/lib/python2.7/site-packages/radical/pilot/utils/component.py", line 1240, in work_cb
    self._workers[state](things)
  File "/home/jdakka/UCL/gpu_branch_env/venv/local/lib/python2.7/site-packages/radical/pilot/umgr/staging_output/default.py", line 110, in work
    self._handle_unit(unit, actionables)
  File "/home/jdakka/UCL/gpu_branch_env/venv/local/lib/python2.7/site-packages/radical/pilot/umgr/staging_output/default.py", line 142, in _handle_unit
    tr
NameError: global name 'tr' is not defined
2017-10-23 06:50:00,780: umgr.staging.output.0.child: umgr.staging.output.0           : MainThread     : DEBUG   : advance bulk size: 1 [False, True]
2017-10-23 06:50:08,721: umgr.staging.output.0.child: umgr.staging.output.0           : MainThread     : DEBUG   : got unit (unit.000055)
2017-10-23 06:50:08,721: umgr.staging.output.0.child: umgr.staging.output.0           : MainThread     : DEBUG   : advance bulk size: 1 [False, True]
2017-10-23 06:50:08,721: umgr.staging.output.0.child: umgr.staging.output.0           : MainThread     : ERROR   : worker <bound method Default.work of <Default(umgr.staging.output.0, started)>> failed
Traceback (most recent call last):
  File "/home/jdakka/UCL/gpu_branch_env/venv/local/lib/python2.7/site-packages/radical/pilot/utils/component.py", line 1240, in work_cb
    self._workers[state](things)
  File "/home/jdakka/UCL/gpu_branch_env/venv/local/lib/python2.7/site-packages/radical/pilot/umgr/staging_output/default.py", line 110, in work
    self._handle_unit(unit, actionables)
  File "/home/jdakka/UCL/gpu_branch_env/venv/local/lib/python2.7/site-packages/radical/pilot/umgr/staging_output/default.py", line 142, in _handle_unit
    tr
NameError: global name 'tr' is not defined
2017-10-23 06:50:08,721: umgr.staging.output.0.child: umgr.staging.output.0           : MainThread     : DEBUG   : advance bulk size: 1 [False, True]
2017-10-23 06:50:18,325: umgr.staging.output.0.child: umgr.staging.output.0           : MainThread     : DEBUG   : got unit (unit.000053)
2017-10-23 06:50:18,325: umgr.staging.output.0.child: umgr.staging.output.0           : MainThread     : DEBUG   : advance bulk size: 1 [False, True]
2017-10-23 06:50:18,325: umgr.staging.output.0.child: umgr.staging.output.0           : MainThread     : ERROR   : worker <bound method Default.work of <Default(umgr.staging.output.0, started)>> failed
Traceback (most recent call last):
  File "/home/jdakka/UCL/gpu_branch_env/venv/local/lib/python2.7/site-packages/radical/pilot/utils/component.py", line 1240, in work_cb
    self._workers[state](things)
  File "/home/jdakka/UCL/gpu_branch_env/venv/local/lib/python2.7/site-packages/radical/pilot/umgr/staging_output/default.py", line 110, in work
    self._handle_unit(unit, actionables)
  File "/home/jdakka/UCL/gpu_branch_env/venv/local/lib/python2.7/site-packages/radical/pilot/umgr/staging_output/default.py", line 142, in _handle_unit
    tr
NameError: global name 'tr' is not defined
2017-10-23 06:50:18,325: umgr.staging.output.0.child: umgr.staging.output.0           : MainThread     : DEBUG   : advance bulk size: 1 [False, True]
2017-10-23 06:50:35,343: umgr.staging.output.0.child: umgr.staging.output.0           : MainThread     : DEBUG   : ru_finalize_common()
2017-10-23 06:50:35,343: umgr.staging.output.0.child: umgr.staging.output.0           : MainThread     : DEBUG   : TERM : umgr.staging.output.0.child unregister publisher log_pubsub
2017-10-23 06:50:35,343: umgr.staging.output.0.child: umgr.staging.output.0           : MainThread     : DEBUG   : unregistered publisher log_pubsub
2017-10-23 06:50:35,343: umgr.staging.output.0.child: umgr.staging.output.0           : MainThread     : DEBUG   : TERM : umgr.staging.output.0.child unregister publisher state_pubsub
2017-10-23 06:50:35,344: umgr.staging.output.0.child: umgr.staging.output.0           : MainThread     : DEBUG   : unregistered publisher state_pubsub
2017-10-23 06:50:35,344: umgr.staging.output.0.child: umgr.staging.output.0           : MainThread     : DEBUG   : TERM : umgr.staging.output.0.child unregister publisher control_pubsub
2017-10-23 06:50:35,344: umgr.staging.output.0.child: umgr.staging.output.0           : MainThread     : DEBUG   : unregistered publisher control_pubsub
2017-10-23 06:50:35,344: umgr.staging.output.0.child: umgr.staging.output.0           : MainThread     : DEBUG   : umgr.staging.output.0.child close prof
2017-10-23 06:50:35,344: umgr.staging.output.0.child: umgr.staging.output.0           : MainThread     : INFO    : send message: [umgr.staging.output.0.child] terminating
2017-10-23 06:50:35,397: umgr.staging.output.0.child: umgr.staging.output.0           : umgr.staging.output.0.child.watch: WARNING : endpoint disappeard
2017-10-23 06:50:35,397: umgr.staging.output.0.child: umgr.staging.output.0           : umgr.staging.output.0.child.watch: INFO    : watcher closes
2017-10-23 06:50:35,397: umgr.staging.output.0.child: umgr.staging.output.0           : umgr.staging.output.0.child.watch: INFO    : put message: [umgr.staging.output.0.child.watch.thread] work finished
2017-10-23 06:50:35,398: umgr.staging.output.0.child: umgr.staging.output.0           : umgr.staging.output.0.child.watch: DEBUG   : ru_finalize_child (NOOP)
2017-10-23 06:50:35,398: umgr.staging.output.0.child: umgr.staging.output.0           : umgr.staging.output.0.child.watch: DEBUG   : ru_finalize_common (NOOP)
2017-10-23 06:50:35,398: umgr.staging.output.0.child: umgr.staging.output.0           : umgr.staging.output.0.child.watch: INFO    : put message: [umgr.staging.output.0.child.watch.thread] terminating
2017-10-23 06:50:35,408: umgr.staging.output.0.child: umgr.staging.output.0           : MainThread     : INFO    : parent stops child
2017-10-23 06:50:35,409: umgr.staging.output.0.child: umgr.staging.output.0           : MainThread     : DEBUG   : ru_finalize_parent (NOOP)
2017-10-23 06:50:35,410: umgr.staging.output.0.child: umgr.staging.output.0           : umgr.staging.output.0.child.subscriber._cancel_monitor_cb: ERROR   : abort: ZMQError('Socket operation on non-socket')
Traceback (most recent call last):
  File "/home/jdakka/UCL/gpu_branch_env/venv/local/lib/python2.7/site-packages/radical/utils/threads.py", line 375, in _run
    if not self.work_cb():
  File "/home/jdakka/UCL/gpu_branch_env/venv/local/lib/python2.7/site-packages/radical/pilot/utils/component.py", line 1088, in work_cb
    topic, msg = self._q.get_nowait(500)  # timout in ms
  File "/home/jdakka/UCL/gpu_branch_env/venv/local/lib/python2.7/site-packages/radical/pilot/utils/pubsub.py", line 352, in get_nowait
    if _uninterruptible(self._q.poll, flags=zmq.POLLIN, timeout=timeout):
  File "/home/jdakka/UCL/gpu_branch_env/venv/local/lib/python2.7/site-packages/radical/pilot/utils/pubsub.py", line 50, in _uninterruptible
    return f(*args, **kwargs)
  File "/home/jdakka/UCL/gpu_branch_env/venv/local/lib/python2.7/site-packages/zmq/sugar/socket.py", line 558, in poll
    evts = dict(p.poll(timeout))
  File "/home/jdakka/UCL/gpu_branch_env/venv/local/lib/python2.7/site-packages/zmq/sugar/poll.py", line 99, in poll
    return zmq_poll(self.sockets, timeout=timeout)
  File "zmq/backend/cython/_poll.pyx", line 123, in zmq.backend.cython._poll.zmq_poll (zmq/backend/cython/_poll.c:2186)
  File "zmq/backend/cython/_poll.pyx", line 116, in zmq.backend.cython._poll.zmq_poll (zmq/backend/cython/_poll.c:2036)
  File "zmq/backend/cython/checkrc.pxd", line 25, in zmq.backend.cython.checkrc._check_rc (zmq/backend/cython/_poll.c:2811)
    raise ZMQError(errno)
ZMQError: Socket operation on non-socket
2017-10-23 06:50:35,412: umgr.staging.output.0.child: umgr.staging.output.0           : umgr.staging.output.0.child.subscriber._cancel_monitor_cb: INFO    : put message: [umgr.staging.output.0.child.subscriber._cancel_monitor_cb.thread] ZMQError('Socket operation on non-socket')
2017-10-23 06:50:35,412: umgr.staging.output.0.child: umgr.staging.output.0           : umgr.staging.output.0.child.subscriber._cancel_monitor_cb: DEBUG   : ru_finalize_child (NOOP)
2017-10-23 06:50:35,412: umgr.staging.output.0.child: umgr.staging.output.0           : umgr.staging.output.0.child.subscriber._cancel_monitor_cb: INFO    : put message: [umgr.staging.output.0.child.subscriber._cancel_monitor_cb.thread] terminating
