2017-10-23 06:06:35,097: umgr.staging.input.0.child: umgr.staging.input.0            : MainThread     : INFO    : python.interpreter   version: 2.7.12 (default, Nov 19 2016, 06:48:10) [GCC 5.4.0 20160609]
2017-10-23 06:06:35,097: umgr.staging.input.0.child: umgr.staging.input.0            : MainThread     : INFO    :                      pid: 3481
2017-10-23 06:06:35,097: umgr.staging.input.0.child: umgr.staging.input.0            : MainThread     : INFO    :                      tid: MainThread
2017-10-23 06:06:35,097: umgr.staging.input.0.child: umgr.staging.input.0            : MainThread     : INFO    : radical.pilot        version: 0.47-v0.46.2-93-g379bd68d@feature-gpu
2017-10-23 06:06:35,112: umgr.staging.input.0.child: umgr.staging.input.0            : MainThread     : INFO    : initialize umgr.staging.input.0.child
2017-10-23 06:06:35,114: umgr.staging.input.0.child: umgr.staging.input.0            : MainThread     : INFO    : cfg: {'agents': {},
 u'bridges': {u'control_pubsub': {'addr_in': 'tcp://138.201.86.166:38799',
                                  'addr_out': 'tcp://138.201.86.166:39190',
                                  u'bulk_size': 0,
                                  u'log_level': u'debug',
                                  u'stall_hwm': 1},
              u'log_pubsub': {'addr_in': 'tcp://138.201.86.166:46389',
                              'addr_out': 'tcp://138.201.86.166:37710',
                              u'bulk_size': 0,
                              u'log_level': u'debug',
                              u'stall_hwm': 1},
              u'state_pubsub': {'addr_in': 'tcp://138.201.86.166:39798',
                                'addr_out': 'tcp://138.201.86.166:35641',
                                u'bulk_size': 0,
                                u'log_level': u'debug',
                                u'stall_hwm': 1},
              u'umgr_reschedule_pubsub': {'addr_in': 'tcp://138.201.86.166:43049',
                                          'addr_out': 'tcp://138.201.86.166:45499',
                                          u'bulk_size': 0,
                                          u'log_level': u'debug',
                                          u'stall_hwm': 1},
              u'umgr_scheduling_queue': {'addr_in': 'tcp://138.201.86.166:34998',
                                         'addr_out': 'tcp://138.201.86.166:39142',
                                         u'bulk_size': 0,
                                         u'log_level': u'debug',
                                         u'stall_hwm': 1},
              u'umgr_staging_input_queue': {'addr_in': 'tcp://138.201.86.166:39870',
                                            'addr_out': 'tcp://138.201.86.166:38742',
                                            u'bulk_size': 0,
                                            u'log_level': u'debug',
                                            u'stall_hwm': 1},
              u'umgr_staging_output_queue': {'addr_in': 'tcp://138.201.86.166:38763',
                                             'addr_out': 'tcp://138.201.86.166:36299',
                                             u'bulk_size': 0,
                                             u'log_level': u'debug',
                                             u'stall_hwm': 1},
              u'umgr_unschedule_pubsub': {'addr_in': 'tcp://138.201.86.166:36243',
                                          'addr_out': 'tcp://138.201.86.166:38639',
                                          u'bulk_size': 0,
                                          u'log_level': u'debug',
                                          u'stall_hwm': 1}},
 u'bulk_collection_size': 100,
 u'bulk_collection_time': 1.0,
 'cname': u'UMGRStagingInputComponent',
 u'components': {},
 u'count': 1,
 u'db_poll_sleeptime': 1.0,
 'number': 0,
 'owner': 'umgr.0000',
 u'scheduler': u'round_robin',
 'uid': 'umgr.0000'}
2017-10-23 06:06:35,114: umgr.staging.input.0.child: umgr.staging.input.0            : MainThread     : DEBUG   : start components: {}
2017-10-23 06:06:35,114: umgr.staging.input.0.child: umgr.staging.input.0            : MainThread     : DEBUG   : alive check in term
2017-10-23 06:06:35,114: umgr.staging.input.0.child: umgr.staging.input.0            : MainThread     : DEBUG   : START: umgr.staging.input.0.child register publisher log_pubsub
2017-10-23 06:06:35,114: umgr.staging.input.0.child: umgr.staging.input.0            : MainThread     : DEBUG   : using addr tcp://138.201.86.166:46389 for pubsub log_pubsub
2017-10-23 06:06:35,115: umgr.staging.input.0.child: umgr.staging.input.0            : MainThread     : DEBUG   : registered publisher : log_pubsub : log.pubsub.pub.0003
2017-10-23 06:06:35,116: umgr.staging.input.0.child: umgr.staging.input.0            : MainThread     : DEBUG   : alive check in term
2017-10-23 06:06:35,116: umgr.staging.input.0.child: umgr.staging.input.0            : MainThread     : DEBUG   : START: umgr.staging.input.0.child register publisher state_pubsub
2017-10-23 06:06:35,116: umgr.staging.input.0.child: umgr.staging.input.0            : MainThread     : DEBUG   : using addr tcp://138.201.86.166:39798 for pubsub state_pubsub
2017-10-23 06:06:35,116: umgr.staging.input.0.child: umgr.staging.input.0            : MainThread     : DEBUG   : registered publisher : state_pubsub : state.pubsub.pub.0003
2017-10-23 06:06:35,116: umgr.staging.input.0.child: umgr.staging.input.0            : MainThread     : DEBUG   : alive check in term
2017-10-23 06:06:35,116: umgr.staging.input.0.child: umgr.staging.input.0            : MainThread     : DEBUG   : START: umgr.staging.input.0.child register publisher control_pubsub
2017-10-23 06:06:35,117: umgr.staging.input.0.child: umgr.staging.input.0            : MainThread     : DEBUG   : using addr tcp://138.201.86.166:38799 for pubsub control_pubsub
2017-10-23 06:06:35,117: umgr.staging.input.0.child: umgr.staging.input.0            : MainThread     : DEBUG   : registered publisher : control_pubsub : control.pubsub.pub.0003
2017-10-23 06:06:35,117: umgr.staging.input.0.child: umgr.staging.input.0            : MainThread     : DEBUG   : alive check in term
2017-10-23 06:06:35,118: umgr.staging.input.0.child: umgr.staging.input.0            : MainThread     : DEBUG   : START: umgr.staging.input.0.child register subscriber umgr.staging.input.0.child.subscriber._cancel_monitor_cb
2017-10-23 06:06:35,118: umgr.staging.input.0.child: umgr.staging.input.0            : MainThread     : DEBUG   : using addr tcp://138.201.86.166:39190 for pubsub control_pubsub
2017-10-23 06:06:35,139: umgr.staging.input.0.child: umgr.staging.input.0            : MainThread     : DEBUG   : parent name: umgr.staging.input.0.child.subscriber._cancel_monitor_cb
2017-10-23 06:06:35,139: umgr.staging.input.0.child: umgr.staging.input.0            : MainThread     : DEBUG   : start thread
2017-10-23 06:06:35,139: umgr.staging.input.0.child: umgr.staging.input.0            : umgr.staging.input.0.child.subscriber._cancel_monitor_cb: DEBUG   : child name: umgr.staging.input.0.child.subscriber._cancel_monitor_cb.thread
2017-10-23 06:06:35,139: umgr.staging.input.0.child: umgr.staging.input.0            : umgr.staging.input.0.child.subscriber._cancel_monitor_cb: INFO    : child (me) initializing
2017-10-23 06:06:35,139: umgr.staging.input.0.child: umgr.staging.input.0            : umgr.staging.input.0.child.subscriber._cancel_monitor_cb: DEBUG   : ru_initialize_common (NOOP)
2017-10-23 06:06:35,139: umgr.staging.input.0.child: umgr.staging.input.0            : umgr.staging.input.0.child.subscriber._cancel_monitor_cb: DEBUG   : ru_initialize_child (NOOP)
2017-10-23 06:06:35,139: umgr.staging.input.0.child: umgr.staging.input.0            : umgr.staging.input.0.child.subscriber._cancel_monitor_cb: INFO    : send alive
2017-10-23 06:06:35,139: umgr.staging.input.0.child: umgr.staging.input.0            : umgr.staging.input.0.child.subscriber._cancel_monitor_cb: INFO    : put message: [umgr.staging.input.0.child.subscriber._cancel_monitor_cb.thread] alive
2017-10-23 06:06:35,140: umgr.staging.input.0.child: umgr.staging.input.0            : MainThread     : INFO    : get msg: alive
2017-10-23 06:06:35,140: umgr.staging.input.0.child: umgr.staging.input.0            : MainThread     : DEBUG   : ru_initialize_common (NOOP)
2017-10-23 06:06:35,140: umgr.staging.input.0.child: umgr.staging.input.0            : MainThread     : DEBUG   : ru_initialize_parent (NOOP)
2017-10-23 06:06:35,141: umgr.staging.input.0.child: umgr.staging.input.0            : MainThread     : DEBUG   : child thread umgr.staging.input.0.child.subscriber._cancel_monitor_cb started
2017-10-23 06:06:35,141: umgr.staging.input.0.child: umgr.staging.input.0            : MainThread     : DEBUG   : umgr.staging.input.0.child registered control_pubsub subscriber umgr.staging.input.0.child.subscriber._cancel_monitor_cb
2017-10-23 06:06:35,141: umgr.staging.input.0.child: umgr.staging.input.0            : MainThread     : DEBUG   : alive check in term
2017-10-23 06:06:35,141: umgr.staging.input.0.child: umgr.staging.input.0            : MainThread     : DEBUG   : using addr tcp://138.201.86.166:38742 for input umgr_staging_input_queue
2017-10-23 06:06:35,142: umgr.staging.input.0.child: umgr.staging.input.0            : MainThread     : DEBUG   : registered input umgr.staging.input.0.child.work.UMGR_STAGING_INPUT_PENDING
2017-10-23 06:06:35,142: umgr.staging.input.0.child: umgr.staging.input.0            : MainThread     : DEBUG   : START: umgr.staging.input.0.child register input UMGR_STAGING_INPUT_PENDING: umgr.staging.input.0.child.work.UMGR_STAGING_INPUT_PENDING
2017-10-23 06:06:35,142: umgr.staging.input.0.child: umgr.staging.input.0            : MainThread     : DEBUG   : registered worker work [UMGR_STAGING_INPUT_PENDING]
2017-10-23 06:06:35,142: umgr.staging.input.0.child: umgr.staging.input.0            : MainThread     : DEBUG   : alive check in term
2017-10-23 06:06:35,142: umgr.staging.input.0.child: umgr.staging.input.0            : MainThread     : DEBUG   : START: umgr.staging.input.0.child register output AGENT_STAGING_INPUT_PENDING
2017-10-23 06:06:35,142: umgr.staging.input.0.child: umgr.staging.input.0            : MainThread     : INFO    : child (me) initializing
2017-10-23 06:06:35,142: umgr.staging.input.0.child: umgr.staging.input.0            : MainThread     : DEBUG   : parent name: umgr.staging.input.0.child.watch
2017-10-23 06:06:35,142: umgr.staging.input.0.child: umgr.staging.input.0            : MainThread     : DEBUG   : start thread
2017-10-23 06:06:35,142: umgr.staging.input.0.child: umgr.staging.input.0            : umgr.staging.input.0.child.watch: DEBUG   : child name: umgr.staging.input.0.child.watch.thread
2017-10-23 06:06:35,142: umgr.staging.input.0.child: umgr.staging.input.0            : umgr.staging.input.0.child.watch: INFO    : child (me) initializing
2017-10-23 06:06:35,142: umgr.staging.input.0.child: umgr.staging.input.0            : umgr.staging.input.0.child.watch: DEBUG   : ru_initialize_common (NOOP)
2017-10-23 06:06:35,142: umgr.staging.input.0.child: umgr.staging.input.0            : umgr.staging.input.0.child.watch: DEBUG   : ru_initialize_child (NOOP)
2017-10-23 06:06:35,142: umgr.staging.input.0.child: umgr.staging.input.0            : umgr.staging.input.0.child.watch: INFO    : send alive
2017-10-23 06:06:35,142: umgr.staging.input.0.child: umgr.staging.input.0            : umgr.staging.input.0.child.watch: INFO    : put message: [umgr.staging.input.0.child.watch.thread] alive
2017-10-23 06:06:35,143: umgr.staging.input.0.child: umgr.staging.input.0            : MainThread     : INFO    : get msg: alive
2017-10-23 06:06:35,143: umgr.staging.input.0.child: umgr.staging.input.0            : MainThread     : DEBUG   : ru_initialize_common (NOOP)
2017-10-23 06:06:35,143: umgr.staging.input.0.child: umgr.staging.input.0            : MainThread     : DEBUG   : ru_initialize_parent (NOOP)
2017-10-23 06:06:35,143: umgr.staging.input.0.child: umgr.staging.input.0            : MainThread     : DEBUG   : child thread umgr.staging.input.0.child.watch started
2017-10-23 06:06:35,143: umgr.staging.input.0.child: umgr.staging.input.0            : MainThread     : INFO    : child (me) is alive
2017-10-23 06:06:35,143: umgr.staging.input.0.child: umgr.staging.input.0            : MainThread     : INFO    : send alive
2017-10-23 06:06:35,143: umgr.staging.input.0.child: umgr.staging.input.0            : MainThread     : INFO    : send message: [umgr.staging.input.0.child] alive
2017-10-23 06:06:36,252: umgr.staging.input.0.child: umgr.staging.input.0            : MainThread     : DEBUG   : got unit (unit.000000)
2017-10-23 06:06:36,252: umgr.staging.input.0.child: umgr.staging.input.0            : MainThread     : DEBUG   : advance bulk size: 1 [False, True]
2017-10-23 06:06:36,252: umgr.staging.input.0.child: umgr.staging.input.0            : MainThread     : DEBUG   : advance bulk size: 1 [True, True]
2017-10-23 06:06:36,252: umgr.staging.input.0.child: umgr.staging.input.0            : MainThread     : DEBUG   : drop  unit.000000 [AGENT_STAGING_INPUT_PENDING]
2017-10-23 06:06:36,368: umgr.staging.input.0.child: umgr.staging.input.0            : MainThread     : DEBUG   : got unit (unit.000001)
2017-10-23 06:06:36,368: umgr.staging.input.0.child: umgr.staging.input.0            : MainThread     : DEBUG   : advance bulk size: 1 [False, True]
2017-10-23 06:06:36,368: umgr.staging.input.0.child: umgr.staging.input.0            : MainThread     : DEBUG   : advance bulk size: 1 [True, True]
2017-10-23 06:06:36,368: umgr.staging.input.0.child: umgr.staging.input.0            : MainThread     : DEBUG   : drop  unit.000001 [AGENT_STAGING_INPUT_PENDING]
2017-10-23 06:06:36,480: umgr.staging.input.0.child: umgr.staging.input.0            : MainThread     : DEBUG   : got unit (unit.000002)
2017-10-23 06:06:36,480: umgr.staging.input.0.child: umgr.staging.input.0            : MainThread     : DEBUG   : advance bulk size: 1 [False, True]
2017-10-23 06:06:36,480: umgr.staging.input.0.child: umgr.staging.input.0            : MainThread     : DEBUG   : advance bulk size: 1 [True, True]
2017-10-23 06:06:36,480: umgr.staging.input.0.child: umgr.staging.input.0            : MainThread     : DEBUG   : drop  unit.000002 [AGENT_STAGING_INPUT_PENDING]
2017-10-23 06:06:36,596: umgr.staging.input.0.child: umgr.staging.input.0            : MainThread     : DEBUG   : got unit (unit.000003)
2017-10-23 06:06:36,596: umgr.staging.input.0.child: umgr.staging.input.0            : MainThread     : DEBUG   : advance bulk size: 1 [False, True]
2017-10-23 06:06:36,597: umgr.staging.input.0.child: umgr.staging.input.0            : MainThread     : DEBUG   : advance bulk size: 1 [True, True]
2017-10-23 06:06:36,597: umgr.staging.input.0.child: umgr.staging.input.0            : MainThread     : DEBUG   : drop  unit.000003 [AGENT_STAGING_INPUT_PENDING]
2017-10-23 06:06:36,706: umgr.staging.input.0.child: umgr.staging.input.0            : MainThread     : DEBUG   : got unit (unit.000004)
2017-10-23 06:06:36,707: umgr.staging.input.0.child: umgr.staging.input.0            : MainThread     : DEBUG   : advance bulk size: 1 [False, True]
2017-10-23 06:06:36,707: umgr.staging.input.0.child: umgr.staging.input.0            : MainThread     : DEBUG   : advance bulk size: 1 [True, True]
2017-10-23 06:06:36,707: umgr.staging.input.0.child: umgr.staging.input.0            : MainThread     : DEBUG   : drop  unit.000004 [AGENT_STAGING_INPUT_PENDING]
2017-10-23 06:06:36,817: umgr.staging.input.0.child: umgr.staging.input.0            : MainThread     : DEBUG   : got unit (unit.000005)
2017-10-23 06:06:36,817: umgr.staging.input.0.child: umgr.staging.input.0            : MainThread     : DEBUG   : advance bulk size: 1 [False, True]
2017-10-23 06:06:36,817: umgr.staging.input.0.child: umgr.staging.input.0            : MainThread     : DEBUG   : advance bulk size: 1 [True, True]
2017-10-23 06:06:36,817: umgr.staging.input.0.child: umgr.staging.input.0            : MainThread     : DEBUG   : drop  unit.000005 [AGENT_STAGING_INPUT_PENDING]
2017-10-23 06:06:36,933: umgr.staging.input.0.child: umgr.staging.input.0            : MainThread     : DEBUG   : got unit (unit.000006)
2017-10-23 06:06:36,933: umgr.staging.input.0.child: umgr.staging.input.0            : MainThread     : DEBUG   : advance bulk size: 1 [False, True]
2017-10-23 06:06:36,933: umgr.staging.input.0.child: umgr.staging.input.0            : MainThread     : DEBUG   : advance bulk size: 1 [True, True]
2017-10-23 06:06:36,933: umgr.staging.input.0.child: umgr.staging.input.0            : MainThread     : DEBUG   : drop  unit.000006 [AGENT_STAGING_INPUT_PENDING]
2017-10-23 06:06:37,042: umgr.staging.input.0.child: umgr.staging.input.0            : MainThread     : DEBUG   : got unit (unit.000007)
2017-10-23 06:06:37,042: umgr.staging.input.0.child: umgr.staging.input.0            : MainThread     : DEBUG   : advance bulk size: 1 [False, True]
2017-10-23 06:06:37,042: umgr.staging.input.0.child: umgr.staging.input.0            : MainThread     : DEBUG   : advance bulk size: 1 [True, True]
2017-10-23 06:06:37,042: umgr.staging.input.0.child: umgr.staging.input.0            : MainThread     : DEBUG   : drop  unit.000007 [AGENT_STAGING_INPUT_PENDING]
2017-10-23 06:07:29,512: umgr.staging.input.0.child: umgr.staging.input.0            : MainThread     : DEBUG   : got unit (unit.000008)
2017-10-23 06:07:29,512: umgr.staging.input.0.child: umgr.staging.input.0            : MainThread     : DEBUG   : advance bulk size: 1 [False, True]
2017-10-23 06:07:29,513: umgr.staging.input.0.child: umgr.staging.input.0            : MainThread     : DEBUG   : advance bulk size: 1 [True, True]
2017-10-23 06:07:29,513: umgr.staging.input.0.child: umgr.staging.input.0            : MainThread     : DEBUG   : drop  unit.000008 [AGENT_STAGING_INPUT_PENDING]
2017-10-23 06:07:29,649: umgr.staging.input.0.child: umgr.staging.input.0            : MainThread     : DEBUG   : got unit (unit.000009)
2017-10-23 06:07:29,649: umgr.staging.input.0.child: umgr.staging.input.0            : MainThread     : DEBUG   : advance bulk size: 1 [False, True]
2017-10-23 06:07:29,649: umgr.staging.input.0.child: umgr.staging.input.0            : MainThread     : DEBUG   : advance bulk size: 1 [True, True]
2017-10-23 06:07:29,650: umgr.staging.input.0.child: umgr.staging.input.0            : MainThread     : DEBUG   : drop  unit.000009 [AGENT_STAGING_INPUT_PENDING]
2017-10-23 06:07:29,788: umgr.staging.input.0.child: umgr.staging.input.0            : MainThread     : DEBUG   : got unit (unit.000010)
2017-10-23 06:07:29,788: umgr.staging.input.0.child: umgr.staging.input.0            : MainThread     : DEBUG   : advance bulk size: 1 [False, True]
2017-10-23 06:07:29,789: umgr.staging.input.0.child: umgr.staging.input.0            : MainThread     : DEBUG   : advance bulk size: 1 [True, True]
2017-10-23 06:07:29,789: umgr.staging.input.0.child: umgr.staging.input.0            : MainThread     : DEBUG   : drop  unit.000010 [AGENT_STAGING_INPUT_PENDING]
2017-10-23 06:07:29,903: umgr.staging.input.0.child: umgr.staging.input.0            : MainThread     : DEBUG   : got unit (unit.000011)
2017-10-23 06:07:29,903: umgr.staging.input.0.child: umgr.staging.input.0            : MainThread     : DEBUG   : advance bulk size: 1 [False, True]
2017-10-23 06:07:29,903: umgr.staging.input.0.child: umgr.staging.input.0            : MainThread     : DEBUG   : advance bulk size: 1 [True, True]
2017-10-23 06:07:29,903: umgr.staging.input.0.child: umgr.staging.input.0            : MainThread     : DEBUG   : drop  unit.000011 [AGENT_STAGING_INPUT_PENDING]
2017-10-23 06:07:30,017: umgr.staging.input.0.child: umgr.staging.input.0            : MainThread     : DEBUG   : got unit (unit.000012)
2017-10-23 06:07:30,017: umgr.staging.input.0.child: umgr.staging.input.0            : MainThread     : DEBUG   : advance bulk size: 1 [False, True]
2017-10-23 06:07:30,017: umgr.staging.input.0.child: umgr.staging.input.0            : MainThread     : DEBUG   : advance bulk size: 1 [True, True]
2017-10-23 06:07:30,018: umgr.staging.input.0.child: umgr.staging.input.0            : MainThread     : DEBUG   : drop  unit.000012 [AGENT_STAGING_INPUT_PENDING]
2017-10-23 06:07:30,129: umgr.staging.input.0.child: umgr.staging.input.0            : MainThread     : DEBUG   : got unit (unit.000013)
2017-10-23 06:07:30,130: umgr.staging.input.0.child: umgr.staging.input.0            : MainThread     : DEBUG   : advance bulk size: 1 [False, True]
2017-10-23 06:07:30,130: umgr.staging.input.0.child: umgr.staging.input.0            : MainThread     : DEBUG   : advance bulk size: 1 [True, True]
2017-10-23 06:07:30,130: umgr.staging.input.0.child: umgr.staging.input.0            : MainThread     : DEBUG   : drop  unit.000013 [AGENT_STAGING_INPUT_PENDING]
2017-10-23 06:07:30,237: umgr.staging.input.0.child: umgr.staging.input.0            : MainThread     : DEBUG   : got unit (unit.000014)
2017-10-23 06:07:30,237: umgr.staging.input.0.child: umgr.staging.input.0            : MainThread     : DEBUG   : advance bulk size: 1 [False, True]
2017-10-23 06:07:30,237: umgr.staging.input.0.child: umgr.staging.input.0            : MainThread     : DEBUG   : advance bulk size: 1 [True, True]
2017-10-23 06:07:30,238: umgr.staging.input.0.child: umgr.staging.input.0            : MainThread     : DEBUG   : drop  unit.000014 [AGENT_STAGING_INPUT_PENDING]
2017-10-23 06:07:30,345: umgr.staging.input.0.child: umgr.staging.input.0            : MainThread     : DEBUG   : got unit (unit.000015)
2017-10-23 06:07:30,345: umgr.staging.input.0.child: umgr.staging.input.0            : MainThread     : DEBUG   : advance bulk size: 1 [False, True]
2017-10-23 06:07:30,346: umgr.staging.input.0.child: umgr.staging.input.0            : MainThread     : DEBUG   : advance bulk size: 1 [True, True]
2017-10-23 06:07:30,346: umgr.staging.input.0.child: umgr.staging.input.0            : MainThread     : DEBUG   : drop  unit.000015 [AGENT_STAGING_INPUT_PENDING]
2017-10-23 06:09:23,529: umgr.staging.input.0.child: umgr.staging.input.0            : MainThread     : DEBUG   : got unit (unit.000016)
2017-10-23 06:09:23,529: umgr.staging.input.0.child: umgr.staging.input.0            : MainThread     : DEBUG   : advance bulk size: 1 [False, True]
2017-10-23 06:09:23,530: umgr.staging.input.0.child: umgr.staging.input.0            : MainThread     : DEBUG   : advance bulk size: 1 [True, True]
2017-10-23 06:09:23,530: umgr.staging.input.0.child: umgr.staging.input.0            : MainThread     : DEBUG   : drop  unit.000016 [AGENT_STAGING_INPUT_PENDING]
2017-10-23 06:09:23,647: umgr.staging.input.0.child: umgr.staging.input.0            : MainThread     : DEBUG   : got unit (unit.000017)
2017-10-23 06:09:23,647: umgr.staging.input.0.child: umgr.staging.input.0            : MainThread     : DEBUG   : advance bulk size: 1 [False, True]
2017-10-23 06:09:23,647: umgr.staging.input.0.child: umgr.staging.input.0            : MainThread     : DEBUG   : advance bulk size: 1 [True, True]
2017-10-23 06:09:23,648: umgr.staging.input.0.child: umgr.staging.input.0            : MainThread     : DEBUG   : drop  unit.000017 [AGENT_STAGING_INPUT_PENDING]
2017-10-23 06:09:23,764: umgr.staging.input.0.child: umgr.staging.input.0            : MainThread     : DEBUG   : got unit (unit.000018)
2017-10-23 06:09:23,764: umgr.staging.input.0.child: umgr.staging.input.0            : MainThread     : DEBUG   : advance bulk size: 1 [False, True]
2017-10-23 06:09:23,764: umgr.staging.input.0.child: umgr.staging.input.0            : MainThread     : DEBUG   : advance bulk size: 1 [True, True]
2017-10-23 06:09:23,764: umgr.staging.input.0.child: umgr.staging.input.0            : MainThread     : DEBUG   : drop  unit.000018 [AGENT_STAGING_INPUT_PENDING]
2017-10-23 06:09:23,878: umgr.staging.input.0.child: umgr.staging.input.0            : MainThread     : DEBUG   : got unit (unit.000019)
2017-10-23 06:09:23,878: umgr.staging.input.0.child: umgr.staging.input.0            : MainThread     : DEBUG   : advance bulk size: 1 [False, True]
2017-10-23 06:09:23,878: umgr.staging.input.0.child: umgr.staging.input.0            : MainThread     : DEBUG   : advance bulk size: 1 [True, True]
2017-10-23 06:09:23,878: umgr.staging.input.0.child: umgr.staging.input.0            : MainThread     : DEBUG   : drop  unit.000019 [AGENT_STAGING_INPUT_PENDING]
2017-10-23 06:09:23,992: umgr.staging.input.0.child: umgr.staging.input.0            : MainThread     : DEBUG   : got unit (unit.000020)
2017-10-23 06:09:23,993: umgr.staging.input.0.child: umgr.staging.input.0            : MainThread     : DEBUG   : advance bulk size: 1 [False, True]
2017-10-23 06:09:23,993: umgr.staging.input.0.child: umgr.staging.input.0            : MainThread     : DEBUG   : advance bulk size: 1 [True, True]
2017-10-23 06:09:23,993: umgr.staging.input.0.child: umgr.staging.input.0            : MainThread     : DEBUG   : drop  unit.000020 [AGENT_STAGING_INPUT_PENDING]
2017-10-23 06:09:24,108: umgr.staging.input.0.child: umgr.staging.input.0            : MainThread     : DEBUG   : got unit (unit.000021)
2017-10-23 06:09:24,108: umgr.staging.input.0.child: umgr.staging.input.0            : MainThread     : DEBUG   : advance bulk size: 1 [False, True]
2017-10-23 06:09:24,108: umgr.staging.input.0.child: umgr.staging.input.0            : MainThread     : DEBUG   : advance bulk size: 1 [True, True]
2017-10-23 06:09:24,108: umgr.staging.input.0.child: umgr.staging.input.0            : MainThread     : DEBUG   : drop  unit.000021 [AGENT_STAGING_INPUT_PENDING]
2017-10-23 06:09:24,217: umgr.staging.input.0.child: umgr.staging.input.0            : MainThread     : DEBUG   : got unit (unit.000022)
2017-10-23 06:09:24,217: umgr.staging.input.0.child: umgr.staging.input.0            : MainThread     : DEBUG   : advance bulk size: 1 [False, True]
2017-10-23 06:09:24,217: umgr.staging.input.0.child: umgr.staging.input.0            : MainThread     : DEBUG   : advance bulk size: 1 [True, True]
2017-10-23 06:09:24,217: umgr.staging.input.0.child: umgr.staging.input.0            : MainThread     : DEBUG   : drop  unit.000022 [AGENT_STAGING_INPUT_PENDING]
2017-10-23 06:09:24,328: umgr.staging.input.0.child: umgr.staging.input.0            : MainThread     : DEBUG   : got unit (unit.000023)
2017-10-23 06:09:24,328: umgr.staging.input.0.child: umgr.staging.input.0            : MainThread     : DEBUG   : advance bulk size: 1 [False, True]
2017-10-23 06:09:24,329: umgr.staging.input.0.child: umgr.staging.input.0            : MainThread     : DEBUG   : advance bulk size: 1 [True, True]
2017-10-23 06:09:24,329: umgr.staging.input.0.child: umgr.staging.input.0            : MainThread     : DEBUG   : drop  unit.000023 [AGENT_STAGING_INPUT_PENDING]
2017-10-23 06:13:09,703: umgr.staging.input.0.child: umgr.staging.input.0            : MainThread     : DEBUG   : got unit (unit.000024)
2017-10-23 06:13:09,703: umgr.staging.input.0.child: umgr.staging.input.0            : MainThread     : DEBUG   : advance bulk size: 1 [False, True]
2017-10-23 06:13:09,703: umgr.staging.input.0.child: umgr.staging.input.0            : MainThread     : DEBUG   : advance bulk size: 1 [True, True]
2017-10-23 06:13:09,703: umgr.staging.input.0.child: umgr.staging.input.0            : MainThread     : DEBUG   : drop  unit.000024 [AGENT_STAGING_INPUT_PENDING]
2017-10-23 06:13:09,845: umgr.staging.input.0.child: umgr.staging.input.0            : MainThread     : DEBUG   : got unit (unit.000025)
2017-10-23 06:13:09,845: umgr.staging.input.0.child: umgr.staging.input.0            : MainThread     : DEBUG   : advance bulk size: 1 [False, True]
2017-10-23 06:13:09,845: umgr.staging.input.0.child: umgr.staging.input.0            : MainThread     : DEBUG   : advance bulk size: 1 [True, True]
2017-10-23 06:13:09,846: umgr.staging.input.0.child: umgr.staging.input.0            : MainThread     : DEBUG   : drop  unit.000025 [AGENT_STAGING_INPUT_PENDING]
2017-10-23 06:13:09,961: umgr.staging.input.0.child: umgr.staging.input.0            : MainThread     : DEBUG   : got unit (unit.000026)
2017-10-23 06:13:09,961: umgr.staging.input.0.child: umgr.staging.input.0            : MainThread     : DEBUG   : advance bulk size: 1 [False, True]
2017-10-23 06:13:09,961: umgr.staging.input.0.child: umgr.staging.input.0            : MainThread     : DEBUG   : advance bulk size: 1 [True, True]
2017-10-23 06:13:09,961: umgr.staging.input.0.child: umgr.staging.input.0            : MainThread     : DEBUG   : drop  unit.000026 [AGENT_STAGING_INPUT_PENDING]
2017-10-23 06:13:10,074: umgr.staging.input.0.child: umgr.staging.input.0            : MainThread     : DEBUG   : got unit (unit.000027)
2017-10-23 06:13:10,075: umgr.staging.input.0.child: umgr.staging.input.0            : MainThread     : DEBUG   : advance bulk size: 1 [False, True]
2017-10-23 06:13:10,075: umgr.staging.input.0.child: umgr.staging.input.0            : MainThread     : DEBUG   : advance bulk size: 1 [True, True]
2017-10-23 06:13:10,075: umgr.staging.input.0.child: umgr.staging.input.0            : MainThread     : DEBUG   : drop  unit.000027 [AGENT_STAGING_INPUT_PENDING]
2017-10-23 06:13:10,205: umgr.staging.input.0.child: umgr.staging.input.0            : MainThread     : DEBUG   : got unit (unit.000028)
2017-10-23 06:13:10,205: umgr.staging.input.0.child: umgr.staging.input.0            : MainThread     : DEBUG   : advance bulk size: 1 [False, True]
2017-10-23 06:13:10,205: umgr.staging.input.0.child: umgr.staging.input.0            : MainThread     : DEBUG   : advance bulk size: 1 [True, True]
2017-10-23 06:13:10,205: umgr.staging.input.0.child: umgr.staging.input.0            : MainThread     : DEBUG   : drop  unit.000028 [AGENT_STAGING_INPUT_PENDING]
2017-10-23 06:13:10,323: umgr.staging.input.0.child: umgr.staging.input.0            : MainThread     : DEBUG   : got unit (unit.000029)
2017-10-23 06:13:10,323: umgr.staging.input.0.child: umgr.staging.input.0            : MainThread     : DEBUG   : advance bulk size: 1 [False, True]
2017-10-23 06:13:10,324: umgr.staging.input.0.child: umgr.staging.input.0            : MainThread     : DEBUG   : advance bulk size: 1 [True, True]
2017-10-23 06:13:10,324: umgr.staging.input.0.child: umgr.staging.input.0            : MainThread     : DEBUG   : drop  unit.000029 [AGENT_STAGING_INPUT_PENDING]
2017-10-23 06:13:10,433: umgr.staging.input.0.child: umgr.staging.input.0            : MainThread     : DEBUG   : got unit (unit.000030)
2017-10-23 06:13:10,433: umgr.staging.input.0.child: umgr.staging.input.0            : MainThread     : DEBUG   : advance bulk size: 1 [False, True]
2017-10-23 06:13:10,433: umgr.staging.input.0.child: umgr.staging.input.0            : MainThread     : DEBUG   : advance bulk size: 1 [True, True]
2017-10-23 06:13:10,433: umgr.staging.input.0.child: umgr.staging.input.0            : MainThread     : DEBUG   : drop  unit.000030 [AGENT_STAGING_INPUT_PENDING]
2017-10-23 06:13:10,544: umgr.staging.input.0.child: umgr.staging.input.0            : MainThread     : DEBUG   : got unit (unit.000031)
2017-10-23 06:13:10,544: umgr.staging.input.0.child: umgr.staging.input.0            : MainThread     : DEBUG   : advance bulk size: 1 [False, True]
2017-10-23 06:13:10,545: umgr.staging.input.0.child: umgr.staging.input.0            : MainThread     : DEBUG   : advance bulk size: 1 [True, True]
2017-10-23 06:13:10,545: umgr.staging.input.0.child: umgr.staging.input.0            : MainThread     : DEBUG   : drop  unit.000031 [AGENT_STAGING_INPUT_PENDING]
2017-10-23 06:15:57,620: umgr.staging.input.0.child: umgr.staging.input.0            : MainThread     : DEBUG   : got unit (unit.000032)
2017-10-23 06:15:57,620: umgr.staging.input.0.child: umgr.staging.input.0            : MainThread     : DEBUG   : advance bulk size: 1 [False, True]
2017-10-23 06:15:57,620: umgr.staging.input.0.child: umgr.staging.input.0            : MainThread     : DEBUG   : advance bulk size: 1 [True, True]
2017-10-23 06:15:57,621: umgr.staging.input.0.child: umgr.staging.input.0            : MainThread     : DEBUG   : drop  unit.000032 [AGENT_STAGING_INPUT_PENDING]
2017-10-23 06:15:57,738: umgr.staging.input.0.child: umgr.staging.input.0            : MainThread     : DEBUG   : got unit (unit.000033)
2017-10-23 06:15:57,738: umgr.staging.input.0.child: umgr.staging.input.0            : MainThread     : DEBUG   : advance bulk size: 1 [False, True]
2017-10-23 06:15:57,739: umgr.staging.input.0.child: umgr.staging.input.0            : MainThread     : DEBUG   : advance bulk size: 1 [True, True]
2017-10-23 06:15:57,739: umgr.staging.input.0.child: umgr.staging.input.0            : MainThread     : DEBUG   : drop  unit.000033 [AGENT_STAGING_INPUT_PENDING]
2017-10-23 06:15:57,854: umgr.staging.input.0.child: umgr.staging.input.0            : MainThread     : DEBUG   : got unit (unit.000034)
2017-10-23 06:15:57,854: umgr.staging.input.0.child: umgr.staging.input.0            : MainThread     : DEBUG   : advance bulk size: 1 [False, True]
2017-10-23 06:15:57,855: umgr.staging.input.0.child: umgr.staging.input.0            : MainThread     : DEBUG   : advance bulk size: 1 [True, True]
2017-10-23 06:15:57,855: umgr.staging.input.0.child: umgr.staging.input.0            : MainThread     : DEBUG   : drop  unit.000034 [AGENT_STAGING_INPUT_PENDING]
2017-10-23 06:15:57,979: umgr.staging.input.0.child: umgr.staging.input.0            : MainThread     : DEBUG   : got unit (unit.000035)
2017-10-23 06:15:57,979: umgr.staging.input.0.child: umgr.staging.input.0            : MainThread     : DEBUG   : advance bulk size: 1 [False, True]
2017-10-23 06:15:57,979: umgr.staging.input.0.child: umgr.staging.input.0            : MainThread     : DEBUG   : advance bulk size: 1 [True, True]
2017-10-23 06:15:57,979: umgr.staging.input.0.child: umgr.staging.input.0            : MainThread     : DEBUG   : drop  unit.000035 [AGENT_STAGING_INPUT_PENDING]
2017-10-23 06:15:58,092: umgr.staging.input.0.child: umgr.staging.input.0            : MainThread     : DEBUG   : got unit (unit.000036)
2017-10-23 06:15:58,092: umgr.staging.input.0.child: umgr.staging.input.0            : MainThread     : DEBUG   : advance bulk size: 1 [False, True]
2017-10-23 06:15:58,092: umgr.staging.input.0.child: umgr.staging.input.0            : MainThread     : DEBUG   : advance bulk size: 1 [True, True]
2017-10-23 06:15:58,092: umgr.staging.input.0.child: umgr.staging.input.0            : MainThread     : DEBUG   : drop  unit.000036 [AGENT_STAGING_INPUT_PENDING]
2017-10-23 06:15:58,208: umgr.staging.input.0.child: umgr.staging.input.0            : MainThread     : DEBUG   : got unit (unit.000037)
2017-10-23 06:15:58,208: umgr.staging.input.0.child: umgr.staging.input.0            : MainThread     : DEBUG   : advance bulk size: 1 [False, True]
2017-10-23 06:15:58,209: umgr.staging.input.0.child: umgr.staging.input.0            : MainThread     : DEBUG   : advance bulk size: 1 [True, True]
2017-10-23 06:15:58,209: umgr.staging.input.0.child: umgr.staging.input.0            : MainThread     : DEBUG   : drop  unit.000037 [AGENT_STAGING_INPUT_PENDING]
2017-10-23 06:15:58,318: umgr.staging.input.0.child: umgr.staging.input.0            : MainThread     : DEBUG   : got unit (unit.000038)
2017-10-23 06:15:58,318: umgr.staging.input.0.child: umgr.staging.input.0            : MainThread     : DEBUG   : advance bulk size: 1 [False, True]
2017-10-23 06:15:58,318: umgr.staging.input.0.child: umgr.staging.input.0            : MainThread     : DEBUG   : advance bulk size: 1 [True, True]
2017-10-23 06:15:58,319: umgr.staging.input.0.child: umgr.staging.input.0            : MainThread     : DEBUG   : drop  unit.000038 [AGENT_STAGING_INPUT_PENDING]
2017-10-23 06:15:58,570: umgr.staging.input.0.child: umgr.staging.input.0            : MainThread     : DEBUG   : got unit (unit.000039)
2017-10-23 06:15:58,570: umgr.staging.input.0.child: umgr.staging.input.0            : MainThread     : DEBUG   : advance bulk size: 1 [False, True]
2017-10-23 06:15:58,570: umgr.staging.input.0.child: umgr.staging.input.0            : MainThread     : DEBUG   : advance bulk size: 1 [True, True]
2017-10-23 06:15:58,570: umgr.staging.input.0.child: umgr.staging.input.0            : MainThread     : DEBUG   : drop  unit.000039 [AGENT_STAGING_INPUT_PENDING]
2017-10-23 06:46:02,762: umgr.staging.input.0.child: umgr.staging.input.0            : MainThread     : DEBUG   : got unit (unit.000040)
2017-10-23 06:46:02,762: umgr.staging.input.0.child: umgr.staging.input.0            : MainThread     : DEBUG   : advance bulk size: 1 [False, True]
2017-10-23 06:46:02,762: umgr.staging.input.0.child: umgr.staging.input.0            : MainThread     : DEBUG   : advance bulk size: 1 [True, True]
2017-10-23 06:46:02,762: umgr.staging.input.0.child: umgr.staging.input.0            : MainThread     : DEBUG   : drop  unit.000040 [AGENT_STAGING_INPUT_PENDING]
2017-10-23 06:46:02,981: umgr.staging.input.0.child: umgr.staging.input.0            : MainThread     : DEBUG   : got unit (unit.000041)
2017-10-23 06:46:02,981: umgr.staging.input.0.child: umgr.staging.input.0            : MainThread     : DEBUG   : advance bulk size: 1 [False, True]
2017-10-23 06:46:02,981: umgr.staging.input.0.child: umgr.staging.input.0            : MainThread     : DEBUG   : advance bulk size: 1 [True, True]
2017-10-23 06:46:02,981: umgr.staging.input.0.child: umgr.staging.input.0            : MainThread     : DEBUG   : drop  unit.000041 [AGENT_STAGING_INPUT_PENDING]
2017-10-23 06:46:03,097: umgr.staging.input.0.child: umgr.staging.input.0            : MainThread     : DEBUG   : got unit (unit.000042)
2017-10-23 06:46:03,097: umgr.staging.input.0.child: umgr.staging.input.0            : MainThread     : DEBUG   : advance bulk size: 1 [False, True]
2017-10-23 06:46:03,097: umgr.staging.input.0.child: umgr.staging.input.0            : MainThread     : DEBUG   : advance bulk size: 1 [True, True]
2017-10-23 06:46:03,098: umgr.staging.input.0.child: umgr.staging.input.0            : MainThread     : DEBUG   : drop  unit.000042 [AGENT_STAGING_INPUT_PENDING]
2017-10-23 06:46:03,213: umgr.staging.input.0.child: umgr.staging.input.0            : MainThread     : DEBUG   : got unit (unit.000043)
2017-10-23 06:46:03,213: umgr.staging.input.0.child: umgr.staging.input.0            : MainThread     : DEBUG   : advance bulk size: 1 [False, True]
2017-10-23 06:46:03,213: umgr.staging.input.0.child: umgr.staging.input.0            : MainThread     : DEBUG   : advance bulk size: 1 [True, True]
2017-10-23 06:46:03,214: umgr.staging.input.0.child: umgr.staging.input.0            : MainThread     : DEBUG   : drop  unit.000043 [AGENT_STAGING_INPUT_PENDING]
2017-10-23 06:46:03,337: umgr.staging.input.0.child: umgr.staging.input.0            : MainThread     : DEBUG   : got unit (unit.000044)
2017-10-23 06:46:03,337: umgr.staging.input.0.child: umgr.staging.input.0            : MainThread     : DEBUG   : advance bulk size: 1 [False, True]
2017-10-23 06:46:03,337: umgr.staging.input.0.child: umgr.staging.input.0            : MainThread     : DEBUG   : advance bulk size: 1 [True, True]
2017-10-23 06:46:03,337: umgr.staging.input.0.child: umgr.staging.input.0            : MainThread     : DEBUG   : drop  unit.000044 [AGENT_STAGING_INPUT_PENDING]
2017-10-23 06:46:03,448: umgr.staging.input.0.child: umgr.staging.input.0            : MainThread     : DEBUG   : got unit (unit.000045)
2017-10-23 06:46:03,448: umgr.staging.input.0.child: umgr.staging.input.0            : MainThread     : DEBUG   : advance bulk size: 1 [False, True]
2017-10-23 06:46:03,448: umgr.staging.input.0.child: umgr.staging.input.0            : MainThread     : DEBUG   : advance bulk size: 1 [True, True]
2017-10-23 06:46:03,448: umgr.staging.input.0.child: umgr.staging.input.0            : MainThread     : DEBUG   : drop  unit.000045 [AGENT_STAGING_INPUT_PENDING]
2017-10-23 06:46:03,558: umgr.staging.input.0.child: umgr.staging.input.0            : MainThread     : DEBUG   : got unit (unit.000046)
2017-10-23 06:46:03,558: umgr.staging.input.0.child: umgr.staging.input.0            : MainThread     : DEBUG   : advance bulk size: 1 [False, True]
2017-10-23 06:46:03,558: umgr.staging.input.0.child: umgr.staging.input.0            : MainThread     : DEBUG   : advance bulk size: 1 [True, True]
2017-10-23 06:46:03,558: umgr.staging.input.0.child: umgr.staging.input.0            : MainThread     : DEBUG   : drop  unit.000046 [AGENT_STAGING_INPUT_PENDING]
2017-10-23 06:46:03,668: umgr.staging.input.0.child: umgr.staging.input.0            : MainThread     : DEBUG   : got unit (unit.000047)
2017-10-23 06:46:03,669: umgr.staging.input.0.child: umgr.staging.input.0            : MainThread     : DEBUG   : advance bulk size: 1 [False, True]
2017-10-23 06:46:03,669: umgr.staging.input.0.child: umgr.staging.input.0            : MainThread     : DEBUG   : advance bulk size: 1 [True, True]
2017-10-23 06:46:03,669: umgr.staging.input.0.child: umgr.staging.input.0            : MainThread     : DEBUG   : drop  unit.000047 [AGENT_STAGING_INPUT_PENDING]
2017-10-23 06:49:12,447: umgr.staging.input.0.child: umgr.staging.input.0            : MainThread     : DEBUG   : got unit (unit.000048)
2017-10-23 06:49:12,447: umgr.staging.input.0.child: umgr.staging.input.0            : MainThread     : DEBUG   : advance bulk size: 1 [False, True]
2017-10-23 06:49:12,447: umgr.staging.input.0.child: umgr.staging.input.0            : MainThread     : DEBUG   : advance bulk size: 1 [True, True]
2017-10-23 06:49:12,447: umgr.staging.input.0.child: umgr.staging.input.0            : MainThread     : DEBUG   : drop  unit.000048 [AGENT_STAGING_INPUT_PENDING]
2017-10-23 06:49:12,561: umgr.staging.input.0.child: umgr.staging.input.0            : MainThread     : DEBUG   : got unit (unit.000049)
2017-10-23 06:49:12,561: umgr.staging.input.0.child: umgr.staging.input.0            : MainThread     : DEBUG   : advance bulk size: 1 [False, True]
2017-10-23 06:49:12,561: umgr.staging.input.0.child: umgr.staging.input.0            : MainThread     : DEBUG   : advance bulk size: 1 [True, True]
2017-10-23 06:49:12,561: umgr.staging.input.0.child: umgr.staging.input.0            : MainThread     : DEBUG   : drop  unit.000049 [AGENT_STAGING_INPUT_PENDING]
2017-10-23 06:49:12,680: umgr.staging.input.0.child: umgr.staging.input.0            : MainThread     : DEBUG   : got unit (unit.000050)
2017-10-23 06:49:12,680: umgr.staging.input.0.child: umgr.staging.input.0            : MainThread     : DEBUG   : advance bulk size: 1 [False, True]
2017-10-23 06:49:12,680: umgr.staging.input.0.child: umgr.staging.input.0            : MainThread     : DEBUG   : advance bulk size: 1 [True, True]
2017-10-23 06:49:12,681: umgr.staging.input.0.child: umgr.staging.input.0            : MainThread     : DEBUG   : drop  unit.000050 [AGENT_STAGING_INPUT_PENDING]
2017-10-23 06:49:12,801: umgr.staging.input.0.child: umgr.staging.input.0            : MainThread     : DEBUG   : got unit (unit.000051)
2017-10-23 06:49:12,801: umgr.staging.input.0.child: umgr.staging.input.0            : MainThread     : DEBUG   : advance bulk size: 1 [False, True]
2017-10-23 06:49:12,801: umgr.staging.input.0.child: umgr.staging.input.0            : MainThread     : DEBUG   : advance bulk size: 1 [True, True]
2017-10-23 06:49:12,802: umgr.staging.input.0.child: umgr.staging.input.0            : MainThread     : DEBUG   : drop  unit.000051 [AGENT_STAGING_INPUT_PENDING]
2017-10-23 06:49:12,915: umgr.staging.input.0.child: umgr.staging.input.0            : MainThread     : DEBUG   : got unit (unit.000052)
2017-10-23 06:49:12,915: umgr.staging.input.0.child: umgr.staging.input.0            : MainThread     : DEBUG   : advance bulk size: 1 [False, True]
2017-10-23 06:49:12,915: umgr.staging.input.0.child: umgr.staging.input.0            : MainThread     : DEBUG   : advance bulk size: 1 [True, True]
2017-10-23 06:49:12,915: umgr.staging.input.0.child: umgr.staging.input.0            : MainThread     : DEBUG   : drop  unit.000052 [AGENT_STAGING_INPUT_PENDING]
2017-10-23 06:49:13,027: umgr.staging.input.0.child: umgr.staging.input.0            : MainThread     : DEBUG   : got unit (unit.000053)
2017-10-23 06:49:13,028: umgr.staging.input.0.child: umgr.staging.input.0            : MainThread     : DEBUG   : advance bulk size: 1 [False, True]
2017-10-23 06:49:13,028: umgr.staging.input.0.child: umgr.staging.input.0            : MainThread     : DEBUG   : advance bulk size: 1 [True, True]
2017-10-23 06:49:13,028: umgr.staging.input.0.child: umgr.staging.input.0            : MainThread     : DEBUG   : drop  unit.000053 [AGENT_STAGING_INPUT_PENDING]
2017-10-23 06:49:13,137: umgr.staging.input.0.child: umgr.staging.input.0            : MainThread     : DEBUG   : got unit (unit.000054)
2017-10-23 06:49:13,138: umgr.staging.input.0.child: umgr.staging.input.0            : MainThread     : DEBUG   : advance bulk size: 1 [False, True]
2017-10-23 06:49:13,138: umgr.staging.input.0.child: umgr.staging.input.0            : MainThread     : DEBUG   : advance bulk size: 1 [True, True]
2017-10-23 06:49:13,138: umgr.staging.input.0.child: umgr.staging.input.0            : MainThread     : DEBUG   : drop  unit.000054 [AGENT_STAGING_INPUT_PENDING]
2017-10-23 06:49:13,246: umgr.staging.input.0.child: umgr.staging.input.0            : MainThread     : DEBUG   : got unit (unit.000055)
2017-10-23 06:49:13,246: umgr.staging.input.0.child: umgr.staging.input.0            : MainThread     : DEBUG   : advance bulk size: 1 [False, True]
2017-10-23 06:49:13,246: umgr.staging.input.0.child: umgr.staging.input.0            : MainThread     : DEBUG   : advance bulk size: 1 [True, True]
2017-10-23 06:49:13,247: umgr.staging.input.0.child: umgr.staging.input.0            : MainThread     : DEBUG   : drop  unit.000055 [AGENT_STAGING_INPUT_PENDING]
2017-10-23 06:50:35,306: umgr.staging.input.0.child: umgr.staging.input.0            : MainThread     : DEBUG   : ru_finalize_common()
2017-10-23 06:50:35,306: umgr.staging.input.0.child: umgr.staging.input.0            : MainThread     : DEBUG   : TERM : umgr.staging.input.0.child unregister publisher log_pubsub
2017-10-23 06:50:35,308: umgr.staging.input.0.child: umgr.staging.input.0            : MainThread     : DEBUG   : unregistered publisher log_pubsub
2017-10-23 06:50:35,308: umgr.staging.input.0.child: umgr.staging.input.0            : MainThread     : DEBUG   : TERM : umgr.staging.input.0.child unregister publisher state_pubsub
2017-10-23 06:50:35,310: umgr.staging.input.0.child: umgr.staging.input.0            : MainThread     : DEBUG   : unregistered publisher state_pubsub
2017-10-23 06:50:35,310: umgr.staging.input.0.child: umgr.staging.input.0            : MainThread     : DEBUG   : TERM : umgr.staging.input.0.child unregister publisher control_pubsub
2017-10-23 06:50:35,311: umgr.staging.input.0.child: umgr.staging.input.0            : MainThread     : DEBUG   : unregistered publisher control_pubsub
2017-10-23 06:50:35,312: umgr.staging.input.0.child: umgr.staging.input.0            : MainThread     : DEBUG   : umgr.staging.input.0.child close prof
2017-10-23 06:50:35,312: umgr.staging.input.0.child: umgr.staging.input.0            : MainThread     : INFO    : send message: [umgr.staging.input.0.child] terminating
2017-10-23 06:50:35,316: umgr.staging.input.0.child: umgr.staging.input.0            : umgr.staging.input.0.child.watch: INFO    : watcher closes
2017-10-23 06:50:35,316: umgr.staging.input.0.child: umgr.staging.input.0            : umgr.staging.input.0.child.watch: INFO    : put message: [umgr.staging.input.0.child.watch.thread] work finished
2017-10-23 06:50:35,316: umgr.staging.input.0.child: umgr.staging.input.0            : umgr.staging.input.0.child.watch: DEBUG   : ru_finalize_child (NOOP)
2017-10-23 06:50:35,316: umgr.staging.input.0.child: umgr.staging.input.0            : umgr.staging.input.0.child.watch: DEBUG   : ru_finalize_common (NOOP)
2017-10-23 06:50:35,316: umgr.staging.input.0.child: umgr.staging.input.0            : umgr.staging.input.0.child.watch: INFO    : put message: [umgr.staging.input.0.child.watch.thread] terminating
2017-10-23 06:50:35,319: umgr.staging.input.0.child: umgr.staging.input.0            : MainThread     : INFO    : parent stops child
2017-10-23 06:50:35,319: umgr.staging.input.0.child: umgr.staging.input.0            : MainThread     : DEBUG   : ru_finalize_parent (NOOP)
2017-10-23 06:50:35,320: umgr.staging.input.0.child: umgr.staging.input.0            : umgr.staging.input.0.child.subscriber._cancel_monitor_cb: ERROR   : abort: ZMQError('Socket operation on non-socket')
Traceback (most recent call last):
  File "/home/jdakka/UCL/gpu_branch_env/venv/local/lib/python2.7/site-packages/radical/utils/threads.py", line 375, in _run
    if not self.work_cb():
  File "/home/jdakka/UCL/gpu_branch_env/venv/local/lib/python2.7/site-packages/radical/pilot/utils/component.py", line 1088, in work_cb
    topic, msg = self._q.get_nowait(500)  # timout in ms
  File "/home/jdakka/UCL/gpu_branch_env/venv/local/lib/python2.7/site-packages/radical/pilot/utils/pubsub.py", line 352, in get_nowait
    if _uninterruptible(self._q.poll, flags=zmq.POLLIN, timeout=timeout):
  File "/home/jdakka/UCL/gpu_branch_env/venv/local/lib/python2.7/site-packages/radical/pilot/utils/pubsub.py", line 50, in _uninterruptible
    return f(*args, **kwargs)
  File "/home/jdakka/UCL/gpu_branch_env/venv/local/lib/python2.7/site-packages/zmq/sugar/socket.py", line 558, in poll
    evts = dict(p.poll(timeout))
  File "/home/jdakka/UCL/gpu_branch_env/venv/local/lib/python2.7/site-packages/zmq/sugar/poll.py", line 99, in poll
    return zmq_poll(self.sockets, timeout=timeout)
  File "zmq/backend/cython/_poll.pyx", line 123, in zmq.backend.cython._poll.zmq_poll (zmq/backend/cython/_poll.c:2186)
  File "zmq/backend/cython/_poll.pyx", line 116, in zmq.backend.cython._poll.zmq_poll (zmq/backend/cython/_poll.c:2036)
  File "zmq/backend/cython/checkrc.pxd", line 25, in zmq.backend.cython.checkrc._check_rc (zmq/backend/cython/_poll.c:2811)
    raise ZMQError(errno)
ZMQError: Socket operation on non-socket
2017-10-23 06:50:35,321: umgr.staging.input.0.child: umgr.staging.input.0            : umgr.staging.input.0.child.subscriber._cancel_monitor_cb: INFO    : put message: [umgr.staging.input.0.child.subscriber._cancel_monitor_cb.thread] ZMQError('Socket operation on non-socket')
2017-10-23 06:50:35,321: umgr.staging.input.0.child: umgr.staging.input.0            : umgr.staging.input.0.child.subscriber._cancel_monitor_cb: DEBUG   : ru_finalize_child (NOOP)
2017-10-23 06:50:35,321: umgr.staging.input.0.child: umgr.staging.input.0            : umgr.staging.input.0.child.subscriber._cancel_monitor_cb: INFO    : put message: [umgr.staging.input.0.child.subscriber._cancel_monitor_cb.thread] terminating
