2017-09-13 15:36:39,733: control.pubsub.sub.0000: update.0                        : MainThread     : INFO    : python.interpreter   version: 2.7.12 (default, Nov 19 2016, 06:48:10) [GCC 5.4.0 20160609]
2017-09-13 15:36:39,734: control.pubsub.sub.0000: update.0                        : MainThread     : INFO    :                      pid: 9912
2017-09-13 15:36:39,734: control.pubsub.sub.0000: update.0                        : MainThread     : INFO    :                      tid: MainThread
2017-09-13 15:36:39,734: control.pubsub.sub.0000: update.0                        : MainThread     : INFO    : radical.pilot        version: 0.47-v0.46-3-g0f79ca80@devel
2017-09-13 15:36:39,734: control.pubsub.sub.0000: update.0                        : MainThread     : INFO    : create control_pubsub - sub - tcp://138.201.86.166:41198
2017-09-13 15:36:39,735: control.pubsub.sub.0000: update.0                        : MainThread     : DEBUG   : start process
2017-09-13 15:36:39,735: control.pubsub.sub.0000: update.0                        : MainThread     : DEBUG   : ru_initialize_common (NOOP)
2017-09-13 15:36:39,735: control.pubsub.sub.0000: update.0                        : MainThread     : DEBUG   : ru_initialize_parent (NOOP)
2017-09-13 15:36:39,735: control.pubsub.sub.0000: update.0                        : MainThread     : DEBUG   : process class started (no child)
2017-09-13 15:36:40,429: control.pubsub.sub.0000: pmgr.launching.0                : MainThread     : INFO    : python.interpreter   version: 2.7.12 (default, Nov 19 2016, 06:48:10) [GCC 5.4.0 20160609]
2017-09-13 15:36:40,430: control.pubsub.sub.0000: pmgr.launching.0                : MainThread     : INFO    :                      pid: 9944
2017-09-13 15:36:40,430: control.pubsub.sub.0000: pmgr.launching.0                : MainThread     : INFO    :                      tid: MainThread
2017-09-13 15:36:40,430: control.pubsub.sub.0000: pmgr.launching.0                : MainThread     : INFO    : radical.pilot        version: 0.47-v0.46-3-g0f79ca80@devel
2017-09-13 15:36:40,430: control.pubsub.sub.0000: pmgr.launching.0                : MainThread     : INFO    : create control_pubsub - sub - tcp://138.201.86.166:41198
2017-09-13 15:36:40,451: control.pubsub.sub.0000: pmgr.launching.0                : MainThread     : DEBUG   : start process
2017-09-13 15:36:40,451: control.pubsub.sub.0000: pmgr.launching.0                : MainThread     : DEBUG   : ru_initialize_common (NOOP)
2017-09-13 15:36:40,451: control.pubsub.sub.0000: pmgr.launching.0                : MainThread     : DEBUG   : ru_initialize_parent (NOOP)
2017-09-13 15:36:40,452: control.pubsub.sub.0000: pmgr.launching.0                : MainThread     : DEBUG   : process class started (no child)
2017-09-13 15:54:54,618: control.pubsub.sub.0000: umgr.staging.input.0            : MainThread     : INFO    : python.interpreter   version: 2.7.12 (default, Nov 19 2016, 06:48:10) [GCC 5.4.0 20160609]
2017-09-13 15:54:54,619: control.pubsub.sub.0000: umgr.staging.input.0            : MainThread     : INFO    :                      pid: 17091
2017-09-13 15:54:54,619: control.pubsub.sub.0000: umgr.staging.input.0            : MainThread     : INFO    :                      tid: MainThread
2017-09-13 15:54:54,619: control.pubsub.sub.0000: umgr.staging.input.0            : MainThread     : INFO    : radical.pilot        version: 0.47-v0.46-3-g0f79ca80@devel
2017-09-13 15:54:54,619: control.pubsub.sub.0000: umgr.staging.input.0            : MainThread     : INFO    : create control_pubsub - sub - tcp://138.201.86.166:41198
2017-09-13 15:54:54,619: control.pubsub.sub.0000: umgr.staging.input.0            : MainThread     : DEBUG   : start process
2017-09-13 15:54:54,619: control.pubsub.sub.0000: umgr.staging.input.0            : MainThread     : DEBUG   : ru_initialize_common (NOOP)
2017-09-13 15:54:54,619: control.pubsub.sub.0000: umgr.staging.input.0            : MainThread     : DEBUG   : ru_initialize_parent (NOOP)
2017-09-13 15:54:54,619: control.pubsub.sub.0000: umgr.staging.input.0            : MainThread     : DEBUG   : process class started (no child)
2017-09-13 15:54:54,737: control.pubsub.sub.0000: umgr.staging.output.0           : MainThread     : INFO    : python.interpreter   version: 2.7.12 (default, Nov 19 2016, 06:48:10) [GCC 5.4.0 20160609]
2017-09-13 15:54:54,737: control.pubsub.sub.0000: umgr.staging.output.0           : MainThread     : INFO    :                      pid: 17113
2017-09-13 15:54:54,737: control.pubsub.sub.0000: umgr.staging.output.0           : MainThread     : INFO    :                      tid: MainThread
2017-09-13 15:54:54,737: control.pubsub.sub.0000: umgr.staging.output.0           : MainThread     : INFO    : radical.pilot        version: 0.47-v0.46-3-g0f79ca80@devel
2017-09-13 15:54:54,737: control.pubsub.sub.0000: umgr.staging.output.0           : MainThread     : INFO    : create control_pubsub - sub - tcp://138.201.86.166:41198
2017-09-13 15:54:54,737: control.pubsub.sub.0000: umgr.staging.output.0           : MainThread     : DEBUG   : start process
2017-09-13 15:54:54,737: control.pubsub.sub.0000: umgr.staging.output.0           : MainThread     : DEBUG   : ru_initialize_common (NOOP)
2017-09-13 15:54:54,737: control.pubsub.sub.0000: umgr.staging.output.0           : MainThread     : DEBUG   : ru_initialize_parent (NOOP)
2017-09-13 15:54:54,737: control.pubsub.sub.0000: umgr.staging.output.0           : MainThread     : DEBUG   : process class started (no child)
2017-09-13 15:54:54,813: control.pubsub.sub.0000: umgr.scheduling.0               : MainThread     : INFO    : python.interpreter   version: 2.7.12 (default, Nov 19 2016, 06:48:10) [GCC 5.4.0 20160609]
2017-09-13 15:54:54,813: control.pubsub.sub.0000: umgr.scheduling.0               : MainThread     : INFO    :                      pid: 17133
2017-09-13 15:54:54,813: control.pubsub.sub.0000: umgr.scheduling.0               : MainThread     : INFO    :                      tid: MainThread
2017-09-13 15:54:54,813: control.pubsub.sub.0000: umgr.scheduling.0               : MainThread     : INFO    : radical.pilot        version: 0.47-v0.46-3-g0f79ca80@devel
2017-09-13 15:54:54,813: control.pubsub.sub.0000: umgr.scheduling.0               : MainThread     : INFO    : create control_pubsub - sub - tcp://138.201.86.166:41198
2017-09-13 15:54:54,813: control.pubsub.sub.0000: umgr.scheduling.0               : MainThread     : DEBUG   : start process
2017-09-13 15:54:54,813: control.pubsub.sub.0000: umgr.scheduling.0               : MainThread     : DEBUG   : ru_initialize_common (NOOP)
2017-09-13 15:54:54,813: control.pubsub.sub.0000: umgr.scheduling.0               : MainThread     : DEBUG   : ru_initialize_parent (NOOP)
2017-09-13 15:54:54,813: control.pubsub.sub.0000: umgr.scheduling.0               : MainThread     : DEBUG   : process class started (no child)
2017-09-14 01:35:19,413: control.pubsub.sub.0000: umgr.scheduling.0               : MainThread     : INFO    : parent stops child
2017-09-14 01:35:19,413: control.pubsub.sub.0000: umgr.scheduling.0               : MainThread     : DEBUG   : ru_finalize_parent (NOOP)
2017-09-14 01:35:19,472: control.pubsub.sub.0000: umgr.staging.input.0            : MainThread     : INFO    : parent stops child
2017-09-14 01:35:19,472: control.pubsub.sub.0000: umgr.staging.input.0            : MainThread     : DEBUG   : ru_finalize_parent (NOOP)
2017-09-14 01:35:20,294: control.pubsub.sub.0000: umgr.staging.output.0           : MainThread     : INFO    : parent stops child
2017-09-14 01:35:20,294: control.pubsub.sub.0000: umgr.staging.output.0           : MainThread     : DEBUG   : ru_finalize_parent (NOOP)
