2017-09-13 19:35:07,492: umgr.reschedule.pubsub.bridge.0000: task-manager                    : MainThread     : INFO    : python.interpreter   version: 2.7.12 (default, Nov 19 2016, 06:48:10) [GCC 5.4.0 20160609]
2017-09-13 19:35:07,492: umgr.reschedule.pubsub.bridge.0000: task-manager                    : MainThread     : INFO    :                      pid: 22449
2017-09-13 19:35:07,492: umgr.reschedule.pubsub.bridge.0000: task-manager                    : MainThread     : INFO    :                      tid: MainThread
2017-09-13 19:35:07,492: umgr.reschedule.pubsub.bridge.0000: task-manager                    : MainThread     : INFO    : radical.pilot        version: 0.47-v0.46-3-g0f79ca80@devel
2017-09-13 19:35:07,492: umgr.reschedule.pubsub.bridge.0000: task-manager                    : MainThread     : INFO    : create umgr_reschedule_pubsub - bridge - tcp://*:*
2017-09-13 19:35:07,493: umgr.reschedule.pubsub.bridge.0000: task-manager                    : MainThread     : DEBUG   : start process
2017-09-13 19:35:07,516: umgr.reschedule.pubsub.bridge.0000: umgr.reschedule.pubsub.bridge.0000: MainThread     : DEBUG   : ru_initialize_common (NOOP)
2017-09-13 19:35:07,527: umgr.reschedule.pubsub.bridge.0000: umgr.reschedule.pubsub.bridge.0000.child: MainThread     : INFO    : child (me) initializing
2017-09-13 19:35:07,527: umgr.reschedule.pubsub.bridge.0000: umgr.reschedule.pubsub.bridge.0000.child: MainThread     : DEBUG   : parent name: umgr.reschedule.pubsub.bridge.0000.child.watch
2017-09-13 19:35:07,527: umgr.reschedule.pubsub.bridge.0000: umgr.reschedule.pubsub.bridge.0000.child: MainThread     : DEBUG   : start thread
2017-09-13 19:35:07,528: umgr.reschedule.pubsub.bridge.0000: umgr.reschedule.pubsub.bridge.0000.child: umgr.reschedule.pubsub.bridge.0000.child.watch: DEBUG   : child name: umgr.reschedule.pubsub.bridge.0000.child.watch.thread
2017-09-13 19:35:07,536: umgr.reschedule.pubsub.bridge.0000: umgr.reschedule.pubsub.bridge.0000.child: umgr.reschedule.pubsub.bridge.0000.child.watch: INFO    : child (me) initializing
2017-09-13 19:35:07,537: umgr.reschedule.pubsub.bridge.0000: umgr.reschedule.pubsub.bridge.0000.child: umgr.reschedule.pubsub.bridge.0000.child.watch: DEBUG   : ru_initialize_common (NOOP)
2017-09-13 19:35:07,537: umgr.reschedule.pubsub.bridge.0000: umgr.reschedule.pubsub.bridge.0000.child: umgr.reschedule.pubsub.bridge.0000.child.watch: DEBUG   : ru_initialize_child (NOOP)
2017-09-13 19:35:07,537: umgr.reschedule.pubsub.bridge.0000: umgr.reschedule.pubsub.bridge.0000.child: umgr.reschedule.pubsub.bridge.0000.child.watch: INFO    : send alive
2017-09-13 19:35:07,537: umgr.reschedule.pubsub.bridge.0000: umgr.reschedule.pubsub.bridge.0000.child: umgr.reschedule.pubsub.bridge.0000.child.watch: INFO    : put message: [umgr.reschedule.pubsub.bridge.0000.child.watch.thread] alive
2017-09-13 19:35:07,538: umgr.reschedule.pubsub.bridge.0000: umgr.reschedule.pubsub.bridge.0000.child: MainThread     : INFO    : get msg: alive
2017-09-13 19:35:07,539: umgr.reschedule.pubsub.bridge.0000: umgr.reschedule.pubsub.bridge.0000.child: MainThread     : DEBUG   : ru_initialize_common (NOOP)
2017-09-13 19:35:07,539: umgr.reschedule.pubsub.bridge.0000: umgr.reschedule.pubsub.bridge.0000.child: MainThread     : DEBUG   : ru_initialize_parent (NOOP)
2017-09-13 19:35:07,539: umgr.reschedule.pubsub.bridge.0000: umgr.reschedule.pubsub.bridge.0000.child: MainThread     : DEBUG   : child thread umgr.reschedule.pubsub.bridge.0000.child.watch started
2017-09-13 19:35:07,539: umgr.reschedule.pubsub.bridge.0000: umgr.reschedule.pubsub.bridge.0000.child: MainThread     : INFO    : child (me) is alive
2017-09-13 19:35:07,540: umgr.reschedule.pubsub.bridge.0000: umgr.reschedule.pubsub.bridge.0000.child: MainThread     : INFO    : send alive
2017-09-13 19:35:07,540: umgr.reschedule.pubsub.bridge.0000: umgr.reschedule.pubsub.bridge.0000.child: MainThread     : INFO    : send message: [umgr.reschedule.pubsub.bridge.0000.child] alive
2017-09-13 19:35:07,540: umgr.reschedule.pubsub.bridge.0000: task-manager                    : MainThread     : INFO    : recv message: alive
2017-09-13 19:35:07,540: umgr.reschedule.pubsub.bridge.0000: task-manager                    : MainThread     : DEBUG   : ru_initialize_common (NOOP)
2017-09-13 19:35:07,540: umgr.reschedule.pubsub.bridge.0000: task-manager                    : MainThread     : DEBUG   : ru_initialize_parent (NOOP)
2017-09-13 19:35:07,540: umgr.reschedule.pubsub.bridge.0000: task-manager                    : MainThread     : DEBUG   : parent name: umgr.reschedule.pubsub.bridge.0000.watch
2017-09-13 19:35:07,540: umgr.reschedule.pubsub.bridge.0000: task-manager                    : MainThread     : DEBUG   : start thread
2017-09-13 19:35:07,541: umgr.reschedule.pubsub.bridge.0000: task-manager                    : umgr.reschedule.pubsub.bridge.0000.watch: DEBUG   : child name: umgr.reschedule.pubsub.bridge.0000.watch.thread
2017-09-13 19:35:07,541: umgr.reschedule.pubsub.bridge.0000: task-manager                    : umgr.reschedule.pubsub.bridge.0000.watch: INFO    : child (me) initializing
2017-09-13 19:35:07,541: umgr.reschedule.pubsub.bridge.0000: task-manager                    : umgr.reschedule.pubsub.bridge.0000.watch: DEBUG   : ru_initialize_common (NOOP)
2017-09-13 19:35:07,542: umgr.reschedule.pubsub.bridge.0000: task-manager                    : umgr.reschedule.pubsub.bridge.0000.watch: DEBUG   : ru_initialize_child (NOOP)
2017-09-13 19:35:07,542: umgr.reschedule.pubsub.bridge.0000: task-manager                    : umgr.reschedule.pubsub.bridge.0000.watch: INFO    : send alive
2017-09-13 19:35:07,542: umgr.reschedule.pubsub.bridge.0000: task-manager                    : umgr.reschedule.pubsub.bridge.0000.watch: INFO    : put message: [umgr.reschedule.pubsub.bridge.0000.watch.thread] alive
2017-09-13 19:35:07,542: umgr.reschedule.pubsub.bridge.0000: task-manager                    : MainThread     : INFO    : get msg: alive
2017-09-13 19:35:07,542: umgr.reschedule.pubsub.bridge.0000: task-manager                    : MainThread     : DEBUG   : ru_initialize_common (NOOP)
2017-09-13 19:35:07,542: umgr.reschedule.pubsub.bridge.0000: task-manager                    : MainThread     : DEBUG   : ru_initialize_parent (NOOP)
2017-09-13 19:35:07,542: umgr.reschedule.pubsub.bridge.0000: task-manager                    : MainThread     : DEBUG   : child thread umgr.reschedule.pubsub.bridge.0000.watch started
2017-09-13 19:35:07,543: umgr.reschedule.pubsub.bridge.0000: task-manager                    : MainThread     : INFO    : child is alive
2017-09-13 19:35:07,543: umgr.reschedule.pubsub.bridge.0000: task-manager                    : MainThread     : DEBUG   : process class started child
2017-09-14 05:15:07,010: umgr.reschedule.pubsub.bridge.0000: umgr.reschedule.pubsub.bridge.0000.child: MainThread     : DEBUG   : ru_finalize_child (NOOP)
2017-09-14 05:15:07,011: umgr.reschedule.pubsub.bridge.0000: umgr.reschedule.pubsub.bridge.0000.child: MainThread     : INFO    : send message: [umgr.reschedule.pubsub.bridge.0000.child] terminating
2017-09-14 05:15:07,063: umgr.reschedule.pubsub.bridge.0000: umgr.reschedule.pubsub.bridge.0000.child: umgr.reschedule.pubsub.bridge.0000.child.watch: INFO    : watcher closes
2017-09-14 05:15:07,063: umgr.reschedule.pubsub.bridge.0000: umgr.reschedule.pubsub.bridge.0000.child: umgr.reschedule.pubsub.bridge.0000.child.watch: INFO    : put message: [umgr.reschedule.pubsub.bridge.0000.child.watch.thread] work finished
2017-09-14 05:15:07,063: umgr.reschedule.pubsub.bridge.0000: umgr.reschedule.pubsub.bridge.0000.child: umgr.reschedule.pubsub.bridge.0000.child.watch: DEBUG   : ru_finalize_child (NOOP)
2017-09-14 05:15:07,063: umgr.reschedule.pubsub.bridge.0000: umgr.reschedule.pubsub.bridge.0000.child: umgr.reschedule.pubsub.bridge.0000.child.watch: DEBUG   : ru_finalize_common (NOOP)
2017-09-14 05:15:07,063: umgr.reschedule.pubsub.bridge.0000: umgr.reschedule.pubsub.bridge.0000.child: umgr.reschedule.pubsub.bridge.0000.child.watch: INFO    : put message: [umgr.reschedule.pubsub.bridge.0000.child.watch.thread] terminating
