2017-10-16 19:25:05,488: control.pubsub.pub.0000: update.0                        : MainThread     : INFO    : python.interpreter   version: 2.7.12 (default, Nov 19 2016, 06:48:10) [GCC 5.4.0 20160609]
2017-10-16 19:25:05,488: control.pubsub.pub.0000: update.0                        : MainThread     : INFO    :                      pid: 19605
2017-10-16 19:25:05,488: control.pubsub.pub.0000: update.0                        : MainThread     : INFO    :                      tid: MainThread
2017-10-16 19:25:05,488: control.pubsub.pub.0000: update.0                        : MainThread     : INFO    : radical.pilot        version: 0.47-v0.46.2-135-g9db65656@rc-v0.46.3
2017-10-16 19:25:05,489: control.pubsub.pub.0000: update.0                        : MainThread     : INFO    : create control_pubsub - pub - tcp://138.201.86.166:44118
2017-10-16 19:25:05,503: control.pubsub.pub.0000: update.0                        : MainThread     : DEBUG   : start process
2017-10-16 19:25:05,503: control.pubsub.pub.0000: update.0                        : MainThread     : DEBUG   : ru_initialize_common (NOOP)
2017-10-16 19:25:05,503: control.pubsub.pub.0000: update.0                        : MainThread     : DEBUG   : ru_initialize_parent (NOOP)
2017-10-16 19:25:05,503: control.pubsub.pub.0000: update.0                        : MainThread     : DEBUG   : process class started (no child)
2017-10-16 19:25:06,051: control.pubsub.pub.0000: MainProcess                     : MainThread     : INFO    : python.interpreter   version: 2.7.12 (default, Nov 19 2016, 06:48:10) [GCC 5.4.0 20160609]
2017-10-16 19:25:06,051: control.pubsub.pub.0000: MainProcess                     : MainThread     : INFO    :                      pid: 19535
2017-10-16 19:25:06,051: control.pubsub.pub.0000: MainProcess                     : MainThread     : INFO    :                      tid: MainThread
2017-10-16 19:25:06,052: control.pubsub.pub.0000: MainProcess                     : MainThread     : INFO    : radical.pilot        version: 0.47-v0.46.2-135-g9db65656@rc-v0.46.3
2017-10-16 19:25:06,052: control.pubsub.pub.0000: MainProcess                     : MainThread     : INFO    : create control_pubsub - pub - tcp://138.201.86.166:44118
2017-10-16 19:25:06,052: control.pubsub.pub.0000: MainProcess                     : MainThread     : DEBUG   : start process
2017-10-16 19:25:06,052: control.pubsub.pub.0000: MainProcess                     : MainThread     : DEBUG   : ru_initialize_common (NOOP)
2017-10-16 19:25:06,052: control.pubsub.pub.0000: MainProcess                     : MainThread     : DEBUG   : ru_initialize_parent (NOOP)
2017-10-16 19:25:06,052: control.pubsub.pub.0000: MainProcess                     : MainThread     : DEBUG   : process class started (no child)
2017-10-17 05:10:59,933: control.pubsub.pub.0000: MainProcess                     : MainThread     : INFO    : parent stops child
2017-10-17 05:10:59,934: control.pubsub.pub.0000: MainProcess                     : MainThread     : DEBUG   : ru_finalize_parent (NOOP)
