2017-08-16 01:39:45,548: control.pubsub.sub.0000: update.0                        : MainThread     : INFO    : python.interpreter   version: 2.7.12 (default, Nov 19 2016, 06:48:10) [GCC 5.4.0 20160609]
2017-08-16 01:39:45,548: control.pubsub.sub.0000: update.0                        : MainThread     : INFO    :                      pid: 8349
2017-08-16 01:39:45,548: control.pubsub.sub.0000: update.0                        : MainThread     : INFO    :                      tid: MainThread
2017-08-16 01:39:45,548: control.pubsub.sub.0000: update.0                        : MainThread     : INFO    : radical.pilot        version: 0.46-v0.46.RC2@devel
2017-08-16 01:39:45,548: control.pubsub.sub.0000: update.0                        : MainThread     : INFO    : create control_pubsub - sub - tcp://138.201.86.166:39031
2017-08-16 01:39:45,548: control.pubsub.sub.0000: update.0                        : MainThread     : DEBUG   : start process
2017-08-16 01:39:45,548: control.pubsub.sub.0000: update.0                        : MainThread     : DEBUG   : ru_initialize_common (NOOP)
2017-08-16 01:39:45,549: control.pubsub.sub.0000: update.0                        : MainThread     : DEBUG   : ru_initialize_parent (NOOP)
2017-08-16 01:39:45,549: control.pubsub.sub.0000: update.0                        : MainThread     : DEBUG   : process class started (no child)
2017-08-16 01:39:46,139: control.pubsub.sub.0000: pmgr.launching.0                : MainThread     : INFO    : python.interpreter   version: 2.7.12 (default, Nov 19 2016, 06:48:10) [GCC 5.4.0 20160609]
2017-08-16 01:39:46,139: control.pubsub.sub.0000: pmgr.launching.0                : MainThread     : INFO    :                      pid: 8377
2017-08-16 01:39:46,139: control.pubsub.sub.0000: pmgr.launching.0                : MainThread     : INFO    :                      tid: MainThread
2017-08-16 01:39:46,139: control.pubsub.sub.0000: pmgr.launching.0                : MainThread     : INFO    : radical.pilot        version: 0.46-v0.46.RC2@devel
2017-08-16 01:39:46,139: control.pubsub.sub.0000: pmgr.launching.0                : MainThread     : INFO    : create control_pubsub - sub - tcp://138.201.86.166:39031
2017-08-16 01:39:46,155: control.pubsub.sub.0000: pmgr.launching.0                : MainThread     : DEBUG   : start process
2017-08-16 01:39:46,155: control.pubsub.sub.0000: pmgr.launching.0                : MainThread     : DEBUG   : ru_initialize_common (NOOP)
2017-08-16 01:39:46,155: control.pubsub.sub.0000: pmgr.launching.0                : MainThread     : DEBUG   : ru_initialize_parent (NOOP)
2017-08-16 01:39:46,155: control.pubsub.sub.0000: pmgr.launching.0                : MainThread     : DEBUG   : process class started (no child)
2017-08-16 01:46:48,823: control.pubsub.sub.0000: umgr.staging.input.0            : MainThread     : INFO    : python.interpreter   version: 2.7.12 (default, Nov 19 2016, 06:48:10) [GCC 5.4.0 20160609]
2017-08-16 01:46:48,823: control.pubsub.sub.0000: umgr.staging.input.0            : MainThread     : INFO    :                      pid: 8622
2017-08-16 01:46:48,823: control.pubsub.sub.0000: umgr.staging.input.0            : MainThread     : INFO    :                      tid: MainThread
2017-08-16 01:46:48,823: control.pubsub.sub.0000: umgr.staging.input.0            : MainThread     : INFO    : radical.pilot        version: 0.46-v0.46.RC2@devel
2017-08-16 01:46:48,823: control.pubsub.sub.0000: umgr.staging.input.0            : MainThread     : INFO    : create control_pubsub - sub - tcp://138.201.86.166:39031
2017-08-16 01:46:48,842: control.pubsub.sub.0000: umgr.staging.input.0            : MainThread     : DEBUG   : start process
2017-08-16 01:46:48,843: control.pubsub.sub.0000: umgr.staging.input.0            : MainThread     : DEBUG   : ru_initialize_common (NOOP)
2017-08-16 01:46:48,843: control.pubsub.sub.0000: umgr.staging.input.0            : MainThread     : DEBUG   : ru_initialize_parent (NOOP)
2017-08-16 01:46:48,843: control.pubsub.sub.0000: umgr.staging.input.0            : MainThread     : DEBUG   : process class started (no child)
2017-08-16 01:46:48,900: control.pubsub.sub.0000: umgr.staging.output.0           : MainThread     : INFO    : python.interpreter   version: 2.7.12 (default, Nov 19 2016, 06:48:10) [GCC 5.4.0 20160609]
2017-08-16 01:46:48,900: control.pubsub.sub.0000: umgr.staging.output.0           : MainThread     : INFO    :                      pid: 8642
2017-08-16 01:46:48,900: control.pubsub.sub.0000: umgr.staging.output.0           : MainThread     : INFO    :                      tid: MainThread
2017-08-16 01:46:48,900: control.pubsub.sub.0000: umgr.staging.output.0           : MainThread     : INFO    : radical.pilot        version: 0.46-v0.46.RC2@devel
2017-08-16 01:46:48,900: control.pubsub.sub.0000: umgr.staging.output.0           : MainThread     : INFO    : create control_pubsub - sub - tcp://138.201.86.166:39031
2017-08-16 01:46:48,900: control.pubsub.sub.0000: umgr.staging.output.0           : MainThread     : DEBUG   : start process
2017-08-16 01:46:48,900: control.pubsub.sub.0000: umgr.staging.output.0           : MainThread     : DEBUG   : ru_initialize_common (NOOP)
2017-08-16 01:46:48,901: control.pubsub.sub.0000: umgr.staging.output.0           : MainThread     : DEBUG   : ru_initialize_parent (NOOP)
2017-08-16 01:46:48,901: control.pubsub.sub.0000: umgr.staging.output.0           : MainThread     : DEBUG   : process class started (no child)
2017-08-16 01:46:48,982: control.pubsub.sub.0000: umgr.scheduling.0               : MainThread     : INFO    : python.interpreter   version: 2.7.12 (default, Nov 19 2016, 06:48:10) [GCC 5.4.0 20160609]
2017-08-16 01:46:48,982: control.pubsub.sub.0000: umgr.scheduling.0               : MainThread     : INFO    :                      pid: 8662
2017-08-16 01:46:48,982: control.pubsub.sub.0000: umgr.scheduling.0               : MainThread     : INFO    :                      tid: MainThread
2017-08-16 01:46:48,983: control.pubsub.sub.0000: umgr.scheduling.0               : MainThread     : INFO    : radical.pilot        version: 0.46-v0.46.RC2@devel
2017-08-16 01:46:48,983: control.pubsub.sub.0000: umgr.scheduling.0               : MainThread     : INFO    : create control_pubsub - sub - tcp://138.201.86.166:39031
2017-08-16 01:46:48,983: control.pubsub.sub.0000: umgr.scheduling.0               : MainThread     : DEBUG   : start process
2017-08-16 01:46:48,983: control.pubsub.sub.0000: umgr.scheduling.0               : MainThread     : DEBUG   : ru_initialize_common (NOOP)
2017-08-16 01:46:48,983: control.pubsub.sub.0000: umgr.scheduling.0               : MainThread     : DEBUG   : ru_initialize_parent (NOOP)
2017-08-16 01:46:48,983: control.pubsub.sub.0000: umgr.scheduling.0               : MainThread     : DEBUG   : process class started (no child)
2017-08-16 01:48:43,856: control.pubsub.sub.0000: umgr.staging.output.0           : MainThread     : INFO    : parent stops child
2017-08-16 01:48:43,856: control.pubsub.sub.0000: umgr.staging.output.0           : MainThread     : DEBUG   : ru_finalize_parent (NOOP)
2017-08-16 01:48:43,922: control.pubsub.sub.0000: umgr.scheduling.0               : MainThread     : INFO    : parent stops child
2017-08-16 01:48:43,922: control.pubsub.sub.0000: umgr.scheduling.0               : MainThread     : DEBUG   : ru_finalize_parent (NOOP)
2017-08-16 01:48:43,986: control.pubsub.sub.0000: umgr.staging.input.0            : MainThread     : INFO    : parent stops child
2017-08-16 01:48:43,986: control.pubsub.sub.0000: umgr.staging.input.0            : MainThread     : DEBUG   : ru_finalize_parent (NOOP)
