2017-08-16 01:39:44,302: rp.session.two.jdakka.017393.0016: MainProcess                     : MainThread     : INFO    : python.interpreter   version: 2.7.12 (default, Nov 19 2016, 06:48:10) [GCC 5.4.0 20160609]
2017-08-16 01:39:44,302: rp.session.two.jdakka.017393.0016: MainProcess                     : MainThread     : INFO    :                      pid: 8308
2017-08-16 01:39:44,302: rp.session.two.jdakka.017393.0016: MainProcess                     : MainThread     : INFO    :                      tid: MainThread
2017-08-16 01:39:44,302: rp.session.two.jdakka.017393.0016: MainProcess                     : MainThread     : INFO    : radical.pilot        version: 0.46-v0.46.RC2@devel
2017-08-16 01:39:44,303: rp.session.two.jdakka.017393.0016: MainProcess                     : MainThread     : INFO    : using database mongodb://jdakka:jdakka@ds029605.mlab.com:29605/radical-testing
2017-08-16 01:39:44,305: rp.session.two.jdakka.017393.0016: MainProcess                     : MainThread     : INFO    : Load resource configurations from /home/jdakka/UCL/devel_null_workload/venv/local/lib/python2.7/site-packages/radical/pilot/configs/resource_fub.json
2017-08-16 01:39:44,306: rp.session.two.jdakka.017393.0016: MainProcess                     : MainThread     : INFO    : Load resource configurations for fub.allegro_rsh
2017-08-16 01:39:44,306: rp.session.two.jdakka.017393.0016: MainProcess                     : MainThread     : INFO    : Load resource configurations from /home/jdakka/UCL/devel_null_workload/venv/local/lib/python2.7/site-packages/radical/pilot/configs/resource_yale.json
2017-08-16 01:39:44,307: rp.session.two.jdakka.017393.0016: MainProcess                     : MainThread     : INFO    : Load resource configurations for yale.grace_ssh
2017-08-16 01:39:44,307: rp.session.two.jdakka.017393.0016: MainProcess                     : MainThread     : INFO    : Load resource configurations from /home/jdakka/UCL/devel_null_workload/venv/local/lib/python2.7/site-packages/radical/pilot/configs/resource_stfc.json
2017-08-16 01:39:44,308: rp.session.two.jdakka.017393.0016: MainProcess                     : MainThread     : INFO    : Load resource configurations for stfc.joule_runjob
2017-08-16 01:39:44,308: rp.session.two.jdakka.017393.0016: MainProcess                     : MainThread     : INFO    : Load resource configurations from /home/jdakka/UCL/devel_null_workload/venv/local/lib/python2.7/site-packages/radical/pilot/configs/resource_osg.json
2017-08-16 01:39:44,310: rp.session.two.jdakka.017393.0016: MainProcess                     : MainThread     : INFO    : Load resource configurations for osg.xsede-virt-clust
2017-08-16 01:39:44,310: rp.session.two.jdakka.017393.0016: MainProcess                     : MainThread     : INFO    : Load resource configurations for osg.connect
2017-08-16 01:39:44,310: rp.session.two.jdakka.017393.0016: MainProcess                     : MainThread     : INFO    : Load resource configurations from /home/jdakka/UCL/devel_null_workload/venv/local/lib/python2.7/site-packages/radical/pilot/configs/resource_xsede.json
2017-08-16 01:39:44,327: rp.session.two.jdakka.017393.0016: MainProcess                     : MainThread     : INFO    : Load resource configurations for xsede.stampede2_ssh
2017-08-16 01:39:44,327: rp.session.two.jdakka.017393.0016: MainProcess                     : MainThread     : INFO    : Load resource configurations for xsede.wrangler_spark
2017-08-16 01:39:44,327: rp.session.two.jdakka.017393.0016: MainProcess                     : MainThread     : INFO    : Load resource configurations for xsede.stampede_yarn
2017-08-16 01:39:44,328: rp.session.two.jdakka.017393.0016: MainProcess                     : MainThread     : INFO    : Load resource configurations for xsede.gordon_ssh
2017-08-16 01:39:44,328: rp.session.two.jdakka.017393.0016: MainProcess                     : MainThread     : INFO    : Load resource configurations for xsede.stampede_ssh
2017-08-16 01:39:44,328: rp.session.two.jdakka.017393.0016: MainProcess                     : MainThread     : INFO    : Load resource configurations for xsede.lonestar_ssh
2017-08-16 01:39:44,328: rp.session.two.jdakka.017393.0016: MainProcess                     : MainThread     : INFO    : Load resource configurations for xsede.supermic_spark
2017-08-16 01:39:44,328: rp.session.two.jdakka.017393.0016: MainProcess                     : MainThread     : INFO    : Load resource configurations for xsede.wrangler_ssh
2017-08-16 01:39:44,329: rp.session.two.jdakka.017393.0016: MainProcess                     : MainThread     : INFO    : Load resource configurations for xsede.wrangler_yarn
2017-08-16 01:39:44,329: rp.session.two.jdakka.017393.0016: MainProcess                     : MainThread     : INFO    : Load resource configurations for xsede.bridges
2017-08-16 01:39:44,329: rp.session.two.jdakka.017393.0016: MainProcess                     : MainThread     : INFO    : Load resource configurations for xsede.supermic_ssh
2017-08-16 01:39:44,329: rp.session.two.jdakka.017393.0016: MainProcess                     : MainThread     : INFO    : Load resource configurations for xsede.stampede_orte
2017-08-16 01:39:44,329: rp.session.two.jdakka.017393.0016: MainProcess                     : MainThread     : INFO    : Load resource configurations for xsede.greenfield
2017-08-16 01:39:44,330: rp.session.two.jdakka.017393.0016: MainProcess                     : MainThread     : INFO    : Load resource configurations for xsede.comet_spark
2017-08-16 01:39:44,330: rp.session.two.jdakka.017393.0016: MainProcess                     : MainThread     : INFO    : Load resource configurations for xsede.trestles_ssh
2017-08-16 01:39:44,330: rp.session.two.jdakka.017393.0016: MainProcess                     : MainThread     : INFO    : Load resource configurations for xsede.comet_ssh
2017-08-16 01:39:44,330: rp.session.two.jdakka.017393.0016: MainProcess                     : MainThread     : INFO    : Load resource configurations for xsede.stampede_spark
2017-08-16 01:39:44,330: rp.session.two.jdakka.017393.0016: MainProcess                     : MainThread     : INFO    : Load resource configurations for xsede.comet_orte
2017-08-16 01:39:44,331: rp.session.two.jdakka.017393.0016: MainProcess                     : MainThread     : INFO    : Load resource configurations for xsede.comet_ortelib
2017-08-16 01:39:44,331: rp.session.two.jdakka.017393.0016: MainProcess                     : MainThread     : INFO    : Load resource configurations for xsede.blacklight_ssh
2017-08-16 01:39:44,331: rp.session.two.jdakka.017393.0016: MainProcess                     : MainThread     : INFO    : Load resource configurations for xsede.stampede_ortelib
2017-08-16 01:39:44,331: rp.session.two.jdakka.017393.0016: MainProcess                     : MainThread     : INFO    : Load resource configurations from /home/jdakka/UCL/devel_null_workload/venv/local/lib/python2.7/site-packages/radical/pilot/configs/resource_nersc.json
2017-08-16 01:39:44,336: rp.session.two.jdakka.017393.0016: MainProcess                     : MainThread     : INFO    : Load resource configurations for nersc.edison_ccm_ssh
2017-08-16 01:39:44,336: rp.session.two.jdakka.017393.0016: MainProcess                     : MainThread     : INFO    : Load resource configurations for nersc.hopper_orte
2017-08-16 01:39:44,337: rp.session.two.jdakka.017393.0016: MainProcess                     : MainThread     : INFO    : Load resource configurations for nersc.hopper_ccm_ssh
2017-08-16 01:39:44,337: rp.session.two.jdakka.017393.0016: MainProcess                     : MainThread     : INFO    : Load resource configurations for nersc.edison_aprun
2017-08-16 01:39:44,337: rp.session.two.jdakka.017393.0016: MainProcess                     : MainThread     : INFO    : Load resource configurations for nersc.hopper_aprun
2017-08-16 01:39:44,337: rp.session.two.jdakka.017393.0016: MainProcess                     : MainThread     : INFO    : Load resource configurations for nersc.edison_orte
2017-08-16 01:39:44,337: rp.session.two.jdakka.017393.0016: MainProcess                     : MainThread     : INFO    : Load resource configurations from /home/jdakka/UCL/devel_null_workload/venv/local/lib/python2.7/site-packages/radical/pilot/configs/resource_lrz.json
2017-08-16 01:39:44,338: rp.session.two.jdakka.017393.0016: MainProcess                     : MainThread     : INFO    : Load resource configurations for lrz.supermuc_ssh
2017-08-16 01:39:44,338: rp.session.two.jdakka.017393.0016: MainProcess                     : MainThread     : INFO    : Load resource configurations from /home/jdakka/UCL/devel_null_workload/venv/local/lib/python2.7/site-packages/radical/pilot/configs/resource_epsrc.json
2017-08-16 01:39:44,340: rp.session.two.jdakka.017393.0016: MainProcess                     : MainThread     : INFO    : Load resource configurations for epsrc.archer_orte
2017-08-16 01:39:44,340: rp.session.two.jdakka.017393.0016: MainProcess                     : MainThread     : INFO    : Load resource configurations for epsrc.archer_aprun
2017-08-16 01:39:44,340: rp.session.two.jdakka.017393.0016: MainProcess                     : MainThread     : INFO    : Load resource configurations from /home/jdakka/UCL/devel_null_workload/venv/local/lib/python2.7/site-packages/radical/pilot/configs/resource_ncsa.json
2017-08-16 01:39:44,344: rp.session.two.jdakka.017393.0016: MainProcess                     : MainThread     : INFO    : Load resource configurations for ncsa.bw_orte
2017-08-16 01:39:44,345: rp.session.two.jdakka.017393.0016: MainProcess                     : MainThread     : INFO    : Load resource configurations for ncsa.bw_ccm_ssh
2017-08-16 01:39:44,345: rp.session.two.jdakka.017393.0016: MainProcess                     : MainThread     : INFO    : Load resource configurations for ncsa.bw_ortelib
2017-08-16 01:39:44,345: rp.session.two.jdakka.017393.0016: MainProcess                     : MainThread     : INFO    : Load resource configurations for ncsa.bw_aprun
2017-08-16 01:39:44,345: rp.session.two.jdakka.017393.0016: MainProcess                     : MainThread     : INFO    : Load resource configurations for ncsa.bw_local_orte
2017-08-16 01:39:44,345: rp.session.two.jdakka.017393.0016: MainProcess                     : MainThread     : INFO    : Load resource configurations from /home/jdakka/UCL/devel_null_workload/venv/local/lib/python2.7/site-packages/radical/pilot/configs/resource_lumc.json
2017-08-16 01:39:44,347: rp.session.two.jdakka.017393.0016: MainProcess                     : MainThread     : INFO    : Load resource configurations for lumc.gb-ui_ssh
2017-08-16 01:39:44,347: rp.session.two.jdakka.017393.0016: MainProcess                     : MainThread     : INFO    : Load resource configurations for lumc.shark_ssh
2017-08-16 01:39:44,347: rp.session.two.jdakka.017393.0016: MainProcess                     : MainThread     : INFO    : Load resource configurations from /home/jdakka/UCL/devel_null_workload/venv/local/lib/python2.7/site-packages/radical/pilot/configs/resource_das4.json
2017-08-16 01:39:44,348: rp.session.two.jdakka.017393.0016: MainProcess                     : MainThread     : INFO    : Load resource configurations for das4.fs2_ssh
2017-08-16 01:39:44,348: rp.session.two.jdakka.017393.0016: MainProcess                     : MainThread     : INFO    : Load resource configurations from /home/jdakka/UCL/devel_null_workload/venv/local/lib/python2.7/site-packages/radical/pilot/configs/resource_aliases.json
2017-08-16 01:39:44,349: rp.session.two.jdakka.017393.0016: MainProcess                     : MainThread     : INFO    : Load resource configurations from /home/jdakka/UCL/devel_null_workload/venv/local/lib/python2.7/site-packages/radical/pilot/configs/resource_futuregrid.json
2017-08-16 01:39:44,352: rp.session.two.jdakka.017393.0016: MainProcess                     : MainThread     : INFO    : Load resource configurations for futuregrid.delta_ssh
2017-08-16 01:39:44,353: rp.session.two.jdakka.017393.0016: MainProcess                     : MainThread     : INFO    : Load resource configurations for futuregrid.india_ssh
2017-08-16 01:39:44,353: rp.session.two.jdakka.017393.0016: MainProcess                     : MainThread     : INFO    : Load resource configurations for futuregrid.echo_ssh
2017-08-16 01:39:44,353: rp.session.two.jdakka.017393.0016: MainProcess                     : MainThread     : INFO    : Load resource configurations for futuregrid.xray_ccm
2017-08-16 01:39:44,353: rp.session.two.jdakka.017393.0016: MainProcess                     : MainThread     : INFO    : Load resource configurations for futuregrid.bravo_ssh
2017-08-16 01:39:44,353: rp.session.two.jdakka.017393.0016: MainProcess                     : MainThread     : INFO    : Load resource configurations for futuregrid.xray_aprun
2017-08-16 01:39:44,353: rp.session.two.jdakka.017393.0016: MainProcess                     : MainThread     : INFO    : Load resource configurations from /home/jdakka/UCL/devel_null_workload/venv/local/lib/python2.7/site-packages/radical/pilot/configs/resource_ornl.json
2017-08-16 01:39:44,356: rp.session.two.jdakka.017393.0016: MainProcess                     : MainThread     : INFO    : Load resource configurations for ornl.titan_orte
2017-08-16 01:39:44,356: rp.session.two.jdakka.017393.0016: MainProcess                     : MainThread     : INFO    : Load resource configurations for ornl.titan_aprun
2017-08-16 01:39:44,356: rp.session.two.jdakka.017393.0016: MainProcess                     : MainThread     : INFO    : Load resource configurations for ornl.titan_ortelib
2017-08-16 01:39:44,357: rp.session.two.jdakka.017393.0016: MainProcess                     : MainThread     : INFO    : Load resource configurations from /home/jdakka/UCL/devel_null_workload/venv/local/lib/python2.7/site-packages/radical/pilot/configs/resource_chameleon.json
2017-08-16 01:39:44,357: rp.session.two.jdakka.017393.0016: MainProcess                     : MainThread     : INFO    : Load resource configurations for chameleon.cloud_vm_yarn
2017-08-16 01:39:44,358: rp.session.two.jdakka.017393.0016: MainProcess                     : MainThread     : INFO    : Load resource configurations from /home/jdakka/UCL/devel_null_workload/venv/local/lib/python2.7/site-packages/radical/pilot/configs/resource_iu.json
2017-08-16 01:39:44,359: rp.session.two.jdakka.017393.0016: MainProcess                     : MainThread     : INFO    : Load resource configurations for iu.bigred2_ccm_ssh
2017-08-16 01:39:44,359: rp.session.two.jdakka.017393.0016: MainProcess                     : MainThread     : INFO    : Load resource configurations for iu.bigred2_aprun
2017-08-16 01:39:44,359: rp.session.two.jdakka.017393.0016: MainProcess                     : MainThread     : INFO    : Load resource configurations from /home/jdakka/UCL/devel_null_workload/venv/local/lib/python2.7/site-packages/radical/pilot/configs/resource_local.json
2017-08-16 01:39:44,364: rp.session.two.jdakka.017393.0016: MainProcess                     : MainThread     : INFO    : Load resource configurations for local.localhost_orte
2017-08-16 01:39:44,364: rp.session.two.jdakka.017393.0016: MainProcess                     : MainThread     : INFO    : Load resource configurations for local.localhost_anaconda
2017-08-16 01:39:44,364: rp.session.two.jdakka.017393.0016: MainProcess                     : MainThread     : INFO    : Load resource configurations for local.localhost_ortelib
2017-08-16 01:39:44,364: rp.session.two.jdakka.017393.0016: MainProcess                     : MainThread     : INFO    : Load resource configurations for local.localhost
2017-08-16 01:39:44,364: rp.session.two.jdakka.017393.0016: MainProcess                     : MainThread     : INFO    : Load resource configurations for local.localhost_spark
2017-08-16 01:39:44,365: rp.session.two.jdakka.017393.0016: MainProcess                     : MainThread     : INFO    : Load resource configurations for local.localhost_spark_anaconda
2017-08-16 01:39:44,365: rp.session.two.jdakka.017393.0016: MainProcess                     : MainThread     : INFO    : Load resource configurations for local.localhost_yarn
2017-08-16 01:39:44,365: rp.session.two.jdakka.017393.0016: MainProcess                     : MainThread     : INFO    : Load resource configurations from /home/jdakka/UCL/devel_null_workload/venv/local/lib/python2.7/site-packages/radical/pilot/configs/resource_radical.json
2017-08-16 01:39:44,367: rp.session.two.jdakka.017393.0016: MainProcess                     : MainThread     : INFO    : Load resource configurations for radical.two
2017-08-16 01:39:44,367: rp.session.two.jdakka.017393.0016: MainProcess                     : MainThread     : INFO    : Load resource configurations for radical.tutorial
2017-08-16 01:39:44,367: rp.session.two.jdakka.017393.0016: MainProcess                     : MainThread     : INFO    : Load resource configurations for radical.one
2017-08-16 01:39:44,368: rp.session.two.jdakka.017393.0016: MainProcess                     : MainThread     : INFO    : Load resource configurations from /home/jdakka/UCL/devel_null_workload/venv/local/lib/python2.7/site-packages/radical/pilot/configs/resource_ncar.json
2017-08-16 01:39:44,368: rp.session.two.jdakka.017393.0016: MainProcess                     : MainThread     : INFO    : Load resource configurations for ncar.yellowstone_ssh
2017-08-16 01:39:44,369: rp.session.two.jdakka.017393.0016: MainProcess                     : MainThread     : INFO    : Load resource configurations from /home/jdakka/UCL/devel_null_workload/venv/local/lib/python2.7/site-packages/radical/pilot/configs/resource_rice.json
2017-08-16 01:39:44,370: rp.session.two.jdakka.017393.0016: MainProcess                     : MainThread     : INFO    : Load resource configurations for rice.davinci_ssh
2017-08-16 01:39:44,370: rp.session.two.jdakka.017393.0016: MainProcess                     : MainThread     : INFO    : Load resource configurations for rice.biou_ssh
2017-08-16 01:39:44,370: rp.session.two.jdakka.017393.0016: MainProcess                     : MainThread     : INFO    : Load resource configurations from /home/jdakka/UCL/devel_null_workload/venv/local/lib/python2.7/site-packages/radical/pilot/configs/resource_das5.json
2017-08-16 01:39:44,371: rp.session.two.jdakka.017393.0016: MainProcess                     : MainThread     : INFO    : Load resource configurations for das5.fs1_ssh
2017-08-16 01:39:45,461: rp.session.two.jdakka.017393.0016: MainProcess                     : MainThread     : INFO    : New Session created: rp.session.two.jdakka.017393.0016.
2017-08-16 01:39:45,462: rp.session.two.jdakka.017393.0016: MainProcess                     : MainThread     : DEBUG   : start bridges   : {u'control_pubsub': {u'bulk_size': 0, u'log_level': u'debug', u'stall_hwm': 1},
 u'log_pubsub': {u'bulk_size': 0, u'log_level': u'debug', u'stall_hwm': 1},
 u'state_pubsub': {u'bulk_size': 0, u'log_level': u'debug', u'stall_hwm': 1}}
2017-08-16 01:39:45,462: rp.session.two.jdakka.017393.0016: MainProcess                     : MainThread     : INFO    : create bridge control_pubsub
2017-08-16 01:39:45,478: rp.session.two.jdakka.017393.0016: MainProcess                     : MainThread     : INFO    : created bridge control_pubsub (control.pubsub.bridge.0000)
2017-08-16 01:39:45,478: rp.session.two.jdakka.017393.0016: MainProcess                     : MainThread     : INFO    : create bridge state_pubsub
2017-08-16 01:39:45,494: rp.session.two.jdakka.017393.0016: MainProcess                     : MainThread     : INFO    : created bridge state_pubsub (state.pubsub.bridge.0000)
2017-08-16 01:39:45,495: rp.session.two.jdakka.017393.0016: MainProcess                     : MainThread     : INFO    : create bridge log_pubsub
2017-08-16 01:39:45,512: rp.session.two.jdakka.017393.0016: MainProcess                     : MainThread     : INFO    : created bridge log_pubsub (log.pubsub.bridge.0000)
2017-08-16 01:39:45,512: rp.session.two.jdakka.017393.0016: MainProcess                     : MainThread     : DEBUG   : start components: {u'UpdateWorker': {u'count': 1}}
2017-08-16 01:39:45,512: rp.session.two.jdakka.017393.0016: MainProcess                     : MainThread     : DEBUG   : start 1 component(s) UpdateWorker
2017-08-16 01:39:46,105: rp.session.two.jdakka.017393.0016: MainProcess                     : MainThread     : INFO    : rp.session.two.jdakka.017393.0016 starts update.0
2017-08-16 01:39:46,397: rp.session.two.jdakka.017393.0016: MainProcess                     : MainThread     : DEBUG   : rsup.PTYShell('gsissh://bw.ncsa.illinois.edu')
2017-08-16 01:39:51,364: rp.session.two.jdakka.017393.0016: MainProcess                     : MainThread     : DEBUG   : sandbox base gsissh://bw.ncsa.illinois.edu: '/scratch/sciteam/dakka'
2017-08-16 01:39:51,570: rp.session.two.jdakka.017393.0016: MainProcess                     : MainThread     : DEBUG   : bulk pilot insert result: {'nModified': 0, 'nUpserted': 0, 'nMatched': 0, 'writeErrors': [], 'upserted': [], 'writeConcernErrors': [], 'nRemoved': 0, 'nInserted': 1}
2017-08-16 01:39:51,579: rp.session.two.jdakka.017393.0016: pmgr.launching.0                : MainThread     : DEBUG   : rsup.PTYShell('gsissh://bw.ncsa.illinois.edu')
2017-08-16 01:39:56,386: rp.session.two.jdakka.017393.0016: pmgr.launching.0                : MainThread     : DEBUG   : sandbox base gsissh://bw.ncsa.illinois.edu: '/scratch/sciteam/dakka'
2017-08-16 01:46:49,876: rp.session.two.jdakka.017393.0016: task-manager                    : MainThread     : DEBUG   : bulk unit insert result: {'nModified': 0, 'nUpserted': 0, 'nMatched': 0, 'writeErrors': [], 'upserted': [], 'writeConcernErrors': [], 'nRemoved': 0, 'nInserted': 1}
2017-08-16 01:46:49,986: rp.session.two.jdakka.017393.0016: task-manager                    : MainThread     : DEBUG   : bulk unit insert result: {'nModified': 0, 'nUpserted': 0, 'nMatched': 0, 'writeErrors': [], 'upserted': [], 'writeConcernErrors': [], 'nRemoved': 0, 'nInserted': 1}
2017-08-16 01:46:50,096: rp.session.two.jdakka.017393.0016: task-manager                    : MainThread     : DEBUG   : bulk unit insert result: {'nModified': 0, 'nUpserted': 0, 'nMatched': 0, 'writeErrors': [], 'upserted': [], 'writeConcernErrors': [], 'nRemoved': 0, 'nInserted': 1}
2017-08-16 01:46:50,206: rp.session.two.jdakka.017393.0016: task-manager                    : MainThread     : DEBUG   : bulk unit insert result: {'nModified': 0, 'nUpserted': 0, 'nMatched': 0, 'writeErrors': [], 'upserted': [], 'writeConcernErrors': [], 'nRemoved': 0, 'nInserted': 1}
2017-08-16 01:46:50,316: rp.session.two.jdakka.017393.0016: task-manager                    : MainThread     : DEBUG   : bulk unit insert result: {'nModified': 0, 'nUpserted': 0, 'nMatched': 0, 'writeErrors': [], 'upserted': [], 'writeConcernErrors': [], 'nRemoved': 0, 'nInserted': 1}
2017-08-16 01:46:50,429: rp.session.two.jdakka.017393.0016: task-manager                    : MainThread     : DEBUG   : bulk unit insert result: {'nModified': 0, 'nUpserted': 0, 'nMatched': 0, 'writeErrors': [], 'upserted': [], 'writeConcernErrors': [], 'nRemoved': 0, 'nInserted': 1}
2017-08-16 01:46:50,548: rp.session.two.jdakka.017393.0016: task-manager                    : MainThread     : DEBUG   : bulk unit insert result: {'nModified': 0, 'nUpserted': 0, 'nMatched': 0, 'writeErrors': [], 'upserted': [], 'writeConcernErrors': [], 'nRemoved': 0, 'nInserted': 1}
2017-08-16 01:46:50,662: rp.session.two.jdakka.017393.0016: task-manager                    : MainThread     : DEBUG   : bulk unit insert result: {'nModified': 0, 'nUpserted': 0, 'nMatched': 0, 'writeErrors': [], 'upserted': [], 'writeConcernErrors': [], 'nRemoved': 0, 'nInserted': 1}
2017-08-16 01:46:58,299: rp.session.two.jdakka.017393.0016: task-manager                    : MainThread     : DEBUG   : bulk unit insert result: {'nModified': 0, 'nUpserted': 0, 'nMatched': 0, 'writeErrors': [], 'upserted': [], 'writeConcernErrors': [], 'nRemoved': 0, 'nInserted': 1}
2017-08-16 01:46:58,420: rp.session.two.jdakka.017393.0016: task-manager                    : MainThread     : DEBUG   : bulk unit insert result: {'nModified': 0, 'nUpserted': 0, 'nMatched': 0, 'writeErrors': [], 'upserted': [], 'writeConcernErrors': [], 'nRemoved': 0, 'nInserted': 1}
2017-08-16 01:47:01,941: rp.session.two.jdakka.017393.0016: task-manager                    : MainThread     : DEBUG   : bulk unit insert result: {'nModified': 0, 'nUpserted': 0, 'nMatched': 0, 'writeErrors': [], 'upserted': [], 'writeConcernErrors': [], 'nRemoved': 0, 'nInserted': 1}
2017-08-16 01:47:02,050: rp.session.two.jdakka.017393.0016: task-manager                    : MainThread     : DEBUG   : bulk unit insert result: {'nModified': 0, 'nUpserted': 0, 'nMatched': 0, 'writeErrors': [], 'upserted': [], 'writeConcernErrors': [], 'nRemoved': 0, 'nInserted': 1}
2017-08-16 01:47:05,639: rp.session.two.jdakka.017393.0016: task-manager                    : MainThread     : DEBUG   : bulk unit insert result: {'nModified': 0, 'nUpserted': 0, 'nMatched': 0, 'writeErrors': [], 'upserted': [], 'writeConcernErrors': [], 'nRemoved': 0, 'nInserted': 1}
2017-08-16 01:47:05,759: rp.session.two.jdakka.017393.0016: task-manager                    : MainThread     : DEBUG   : bulk unit insert result: {'nModified': 0, 'nUpserted': 0, 'nMatched': 0, 'writeErrors': [], 'upserted': [], 'writeConcernErrors': [], 'nRemoved': 0, 'nInserted': 1}
2017-08-16 01:47:10,536: rp.session.two.jdakka.017393.0016: task-manager                    : MainThread     : DEBUG   : bulk unit insert result: {'nModified': 0, 'nUpserted': 0, 'nMatched': 0, 'writeErrors': [], 'upserted': [], 'writeConcernErrors': [], 'nRemoved': 0, 'nInserted': 1}
2017-08-16 01:47:10,687: rp.session.two.jdakka.017393.0016: task-manager                    : MainThread     : DEBUG   : bulk unit insert result: {'nModified': 0, 'nUpserted': 0, 'nMatched': 0, 'writeErrors': [], 'upserted': [], 'writeConcernErrors': [], 'nRemoved': 0, 'nInserted': 1}
2017-08-16 01:47:13,082: rp.session.two.jdakka.017393.0016: task-manager                    : MainThread     : DEBUG   : bulk unit insert result: {'nModified': 0, 'nUpserted': 0, 'nMatched': 0, 'writeErrors': [], 'upserted': [], 'writeConcernErrors': [], 'nRemoved': 0, 'nInserted': 1}
2017-08-16 01:47:13,191: rp.session.two.jdakka.017393.0016: task-manager                    : MainThread     : DEBUG   : bulk unit insert result: {'nModified': 0, 'nUpserted': 0, 'nMatched': 0, 'writeErrors': [], 'upserted': [], 'writeConcernErrors': [], 'nRemoved': 0, 'nInserted': 1}
2017-08-16 01:47:17,089: rp.session.two.jdakka.017393.0016: task-manager                    : MainThread     : DEBUG   : bulk unit insert result: {'nModified': 0, 'nUpserted': 0, 'nMatched': 0, 'writeErrors': [], 'upserted': [], 'writeConcernErrors': [], 'nRemoved': 0, 'nInserted': 1}
2017-08-16 01:47:17,200: rp.session.two.jdakka.017393.0016: task-manager                    : MainThread     : DEBUG   : bulk unit insert result: {'nModified': 0, 'nUpserted': 0, 'nMatched': 0, 'writeErrors': [], 'upserted': [], 'writeConcernErrors': [], 'nRemoved': 0, 'nInserted': 1}
2017-08-16 01:47:19,704: rp.session.two.jdakka.017393.0016: task-manager                    : MainThread     : DEBUG   : bulk unit insert result: {'nModified': 0, 'nUpserted': 0, 'nMatched': 0, 'writeErrors': [], 'upserted': [], 'writeConcernErrors': [], 'nRemoved': 0, 'nInserted': 1}
2017-08-16 01:47:21,062: rp.session.two.jdakka.017393.0016: task-manager                    : MainThread     : DEBUG   : bulk unit insert result: {'nModified': 0, 'nUpserted': 0, 'nMatched': 0, 'writeErrors': [], 'upserted': [], 'writeConcernErrors': [], 'nRemoved': 0, 'nInserted': 1}
2017-08-16 01:47:22,388: rp.session.two.jdakka.017393.0016: task-manager                    : MainThread     : DEBUG   : bulk unit insert result: {'nModified': 0, 'nUpserted': 0, 'nMatched': 0, 'writeErrors': [], 'upserted': [], 'writeConcernErrors': [], 'nRemoved': 0, 'nInserted': 1}
2017-08-16 01:47:25,062: rp.session.two.jdakka.017393.0016: task-manager                    : MainThread     : DEBUG   : bulk unit insert result: {'nModified': 0, 'nUpserted': 0, 'nMatched': 0, 'writeErrors': [], 'upserted': [], 'writeConcernErrors': [], 'nRemoved': 0, 'nInserted': 1}
2017-08-16 01:47:26,396: rp.session.two.jdakka.017393.0016: task-manager                    : MainThread     : DEBUG   : bulk unit insert result: {'nModified': 0, 'nUpserted': 0, 'nMatched': 0, 'writeErrors': [], 'upserted': [], 'writeConcernErrors': [], 'nRemoved': 0, 'nInserted': 1}
2017-08-16 01:47:29,013: rp.session.two.jdakka.017393.0016: task-manager                    : MainThread     : DEBUG   : bulk unit insert result: {'nModified': 0, 'nUpserted': 0, 'nMatched': 0, 'writeErrors': [], 'upserted': [], 'writeConcernErrors': [], 'nRemoved': 0, 'nInserted': 1}
2017-08-16 01:47:30,467: rp.session.two.jdakka.017393.0016: task-manager                    : MainThread     : DEBUG   : bulk unit insert result: {'nModified': 0, 'nUpserted': 0, 'nMatched': 0, 'writeErrors': [], 'upserted': [], 'writeConcernErrors': [], 'nRemoved': 0, 'nInserted': 1}
2017-08-16 01:47:31,840: rp.session.two.jdakka.017393.0016: task-manager                    : MainThread     : DEBUG   : bulk unit insert result: {'nModified': 0, 'nUpserted': 0, 'nMatched': 0, 'writeErrors': [], 'upserted': [], 'writeConcernErrors': [], 'nRemoved': 0, 'nInserted': 1}
2017-08-16 01:47:31,953: rp.session.two.jdakka.017393.0016: task-manager                    : MainThread     : DEBUG   : bulk unit insert result: {'nModified': 0, 'nUpserted': 0, 'nMatched': 0, 'writeErrors': [], 'upserted': [], 'writeConcernErrors': [], 'nRemoved': 0, 'nInserted': 1}
2017-08-16 01:47:34,676: rp.session.two.jdakka.017393.0016: task-manager                    : MainThread     : DEBUG   : bulk unit insert result: {'nModified': 0, 'nUpserted': 0, 'nMatched': 0, 'writeErrors': [], 'upserted': [], 'writeConcernErrors': [], 'nRemoved': 0, 'nInserted': 1}
2017-08-16 01:47:37,557: rp.session.two.jdakka.017393.0016: task-manager                    : MainThread     : DEBUG   : bulk unit insert result: {'nModified': 0, 'nUpserted': 0, 'nMatched': 0, 'writeErrors': [], 'upserted': [], 'writeConcernErrors': [], 'nRemoved': 0, 'nInserted': 1}
2017-08-16 01:47:38,938: rp.session.two.jdakka.017393.0016: task-manager                    : MainThread     : DEBUG   : bulk unit insert result: {'nModified': 0, 'nUpserted': 0, 'nMatched': 0, 'writeErrors': [], 'upserted': [], 'writeConcernErrors': [], 'nRemoved': 0, 'nInserted': 1}
2017-08-16 01:47:39,048: rp.session.two.jdakka.017393.0016: task-manager                    : MainThread     : DEBUG   : bulk unit insert result: {'nModified': 0, 'nUpserted': 0, 'nMatched': 0, 'writeErrors': [], 'upserted': [], 'writeConcernErrors': [], 'nRemoved': 0, 'nInserted': 1}
2017-08-16 01:47:40,333: rp.session.two.jdakka.017393.0016: task-manager                    : MainThread     : DEBUG   : bulk unit insert result: {'nModified': 0, 'nUpserted': 0, 'nMatched': 0, 'writeErrors': [], 'upserted': [], 'writeConcernErrors': [], 'nRemoved': 0, 'nInserted': 1}
2017-08-16 01:47:43,226: rp.session.two.jdakka.017393.0016: task-manager                    : MainThread     : DEBUG   : bulk unit insert result: {'nModified': 0, 'nUpserted': 0, 'nMatched': 0, 'writeErrors': [], 'upserted': [], 'writeConcernErrors': [], 'nRemoved': 0, 'nInserted': 1}
2017-08-16 01:47:43,334: rp.session.two.jdakka.017393.0016: task-manager                    : MainThread     : DEBUG   : bulk unit insert result: {'nModified': 0, 'nUpserted': 0, 'nMatched': 0, 'writeErrors': [], 'upserted': [], 'writeConcernErrors': [], 'nRemoved': 0, 'nInserted': 1}
2017-08-16 01:47:47,481: rp.session.two.jdakka.017393.0016: task-manager                    : MainThread     : DEBUG   : bulk unit insert result: {'nModified': 0, 'nUpserted': 0, 'nMatched': 0, 'writeErrors': [], 'upserted': [], 'writeConcernErrors': [], 'nRemoved': 0, 'nInserted': 1}
2017-08-16 01:47:48,912: rp.session.two.jdakka.017393.0016: task-manager                    : MainThread     : DEBUG   : bulk unit insert result: {'nModified': 0, 'nUpserted': 0, 'nMatched': 0, 'writeErrors': [], 'upserted': [], 'writeConcernErrors': [], 'nRemoved': 0, 'nInserted': 1}
2017-08-16 01:47:50,327: rp.session.two.jdakka.017393.0016: task-manager                    : MainThread     : DEBUG   : bulk unit insert result: {'nModified': 0, 'nUpserted': 0, 'nMatched': 0, 'writeErrors': [], 'upserted': [], 'writeConcernErrors': [], 'nRemoved': 0, 'nInserted': 1}
2017-08-16 01:47:51,775: rp.session.two.jdakka.017393.0016: task-manager                    : MainThread     : DEBUG   : bulk unit insert result: {'nModified': 0, 'nUpserted': 0, 'nMatched': 0, 'writeErrors': [], 'upserted': [], 'writeConcernErrors': [], 'nRemoved': 0, 'nInserted': 1}
2017-08-16 01:47:54,630: rp.session.two.jdakka.017393.0016: task-manager                    : MainThread     : DEBUG   : bulk unit insert result: {'nModified': 0, 'nUpserted': 0, 'nMatched': 0, 'writeErrors': [], 'upserted': [], 'writeConcernErrors': [], 'nRemoved': 0, 'nInserted': 1}
2017-08-16 01:47:54,741: rp.session.two.jdakka.017393.0016: task-manager                    : MainThread     : DEBUG   : bulk unit insert result: {'nModified': 0, 'nUpserted': 0, 'nMatched': 0, 'writeErrors': [], 'upserted': [], 'writeConcernErrors': [], 'nRemoved': 0, 'nInserted': 1}
2017-08-16 01:47:57,456: rp.session.two.jdakka.017393.0016: task-manager                    : MainThread     : DEBUG   : bulk unit insert result: {'nModified': 0, 'nUpserted': 0, 'nMatched': 0, 'writeErrors': [], 'upserted': [], 'writeConcernErrors': [], 'nRemoved': 0, 'nInserted': 1}
2017-08-16 01:48:00,324: rp.session.two.jdakka.017393.0016: task-manager                    : MainThread     : DEBUG   : bulk unit insert result: {'nModified': 0, 'nUpserted': 0, 'nMatched': 0, 'writeErrors': [], 'upserted': [], 'writeConcernErrors': [], 'nRemoved': 0, 'nInserted': 1}
2017-08-16 01:48:03,157: rp.session.two.jdakka.017393.0016: task-manager                    : MainThread     : DEBUG   : bulk unit insert result: {'nModified': 0, 'nUpserted': 0, 'nMatched': 0, 'writeErrors': [], 'upserted': [], 'writeConcernErrors': [], 'nRemoved': 0, 'nInserted': 1}
2017-08-16 01:48:04,631: rp.session.two.jdakka.017393.0016: task-manager                    : MainThread     : DEBUG   : bulk unit insert result: {'nModified': 0, 'nUpserted': 0, 'nMatched': 0, 'writeErrors': [], 'upserted': [], 'writeConcernErrors': [], 'nRemoved': 0, 'nInserted': 1}
2017-08-16 01:48:08,882: rp.session.two.jdakka.017393.0016: task-manager                    : MainThread     : DEBUG   : bulk unit insert result: {'nModified': 0, 'nUpserted': 0, 'nMatched': 0, 'writeErrors': [], 'upserted': [], 'writeConcernErrors': [], 'nRemoved': 0, 'nInserted': 1}
2017-08-16 01:48:08,989: rp.session.two.jdakka.017393.0016: task-manager                    : MainThread     : DEBUG   : bulk unit insert result: {'nModified': 0, 'nUpserted': 0, 'nMatched': 0, 'writeErrors': [], 'upserted': [], 'writeConcernErrors': [], 'nRemoved': 0, 'nInserted': 1}
2017-08-16 01:48:11,702: rp.session.two.jdakka.017393.0016: task-manager                    : MainThread     : DEBUG   : bulk unit insert result: {'nModified': 0, 'nUpserted': 0, 'nMatched': 0, 'writeErrors': [], 'upserted': [], 'writeConcernErrors': [], 'nRemoved': 0, 'nInserted': 1}
2017-08-16 01:48:11,814: rp.session.two.jdakka.017393.0016: task-manager                    : MainThread     : DEBUG   : bulk unit insert result: {'nModified': 0, 'nUpserted': 0, 'nMatched': 0, 'writeErrors': [], 'upserted': [], 'writeConcernErrors': [], 'nRemoved': 0, 'nInserted': 1}
2017-08-16 01:48:13,154: rp.session.two.jdakka.017393.0016: task-manager                    : MainThread     : DEBUG   : bulk unit insert result: {'nModified': 0, 'nUpserted': 0, 'nMatched': 0, 'writeErrors': [], 'upserted': [], 'writeConcernErrors': [], 'nRemoved': 0, 'nInserted': 1}
2017-08-16 01:48:18,835: rp.session.two.jdakka.017393.0016: task-manager                    : MainThread     : DEBUG   : bulk unit insert result: {'nModified': 0, 'nUpserted': 0, 'nMatched': 0, 'writeErrors': [], 'upserted': [], 'writeConcernErrors': [], 'nRemoved': 0, 'nInserted': 1}
2017-08-16 01:48:21,769: rp.session.two.jdakka.017393.0016: task-manager                    : MainThread     : DEBUG   : bulk unit insert result: {'nModified': 0, 'nUpserted': 0, 'nMatched': 0, 'writeErrors': [], 'upserted': [], 'writeConcernErrors': [], 'nRemoved': 0, 'nInserted': 1}
2017-08-16 01:48:21,877: rp.session.two.jdakka.017393.0016: task-manager                    : MainThread     : DEBUG   : bulk unit insert result: {'nModified': 0, 'nUpserted': 0, 'nMatched': 0, 'writeErrors': [], 'upserted': [], 'writeConcernErrors': [], 'nRemoved': 0, 'nInserted': 1}
2017-08-16 01:48:26,363: rp.session.two.jdakka.017393.0016: task-manager                    : MainThread     : DEBUG   : bulk unit insert result: {'nModified': 0, 'nUpserted': 0, 'nMatched': 0, 'writeErrors': [], 'upserted': [], 'writeConcernErrors': [], 'nRemoved': 0, 'nInserted': 1}
2017-08-16 01:48:33,872: rp.session.two.jdakka.017393.0016: task-manager                    : MainThread     : DEBUG   : bulk unit insert result: {'nModified': 0, 'nUpserted': 0, 'nMatched': 0, 'writeErrors': [], 'upserted': [], 'writeConcernErrors': [], 'nRemoved': 0, 'nInserted': 1}
2017-08-16 01:49:34,865: rp.session.two.jdakka.017393.0016: MainProcess                     : MainThread     : DEBUG   : session rp.session.two.jdakka.017393.0016 closing
2017-08-16 01:49:34,865: rp.session.two.jdakka.017393.0016: MainProcess                     : MainThread     : DEBUG   : session rp.session.two.jdakka.017393.0016 closes pmgr   pmgr.0000
2017-08-16 01:49:35,323: rp.session.two.jdakka.017393.0016: MainProcess                     : MainThread     : DEBUG   : session rp.session.two.jdakka.017393.0016 closed pmgr   pmgr.0000
2017-08-16 01:49:35,323: rp.session.two.jdakka.017393.0016: MainProcess                     : MainThread     : DEBUG   : session rp.session.two.jdakka.017393.0016 closes comp   update.0
2017-08-16 01:49:35,552: rp.session.two.jdakka.017393.0016: MainProcess                     : MainThread     : DEBUG   : session rp.session.two.jdakka.017393.0016 closed comp   update.0
2017-08-16 01:49:35,552: rp.session.two.jdakka.017393.0016: MainProcess                     : MainThread     : DEBUG   : session rp.session.two.jdakka.017393.0016 closes bridge control.pubsub.bridge.0000
2017-08-16 01:49:35,722: rp.session.two.jdakka.017393.0016: MainProcess                     : MainThread     : DEBUG   : session rp.session.two.jdakka.017393.0016 closed bridge control.pubsub.bridge.0000
2017-08-16 01:49:35,722: rp.session.two.jdakka.017393.0016: MainProcess                     : MainThread     : DEBUG   : session rp.session.two.jdakka.017393.0016 closes bridge state.pubsub.bridge.0000
2017-08-16 01:49:35,835: rp.session.two.jdakka.017393.0016: MainProcess                     : MainThread     : DEBUG   : session rp.session.two.jdakka.017393.0016 closed bridge state.pubsub.bridge.0000
2017-08-16 01:49:35,835: rp.session.two.jdakka.017393.0016: MainProcess                     : MainThread     : DEBUG   : session rp.session.two.jdakka.017393.0016 closes bridge log.pubsub.bridge.0000
2017-08-16 01:49:36,008: rp.session.two.jdakka.017393.0016: MainProcess                     : MainThread     : DEBUG   : session rp.session.two.jdakka.017393.0016 closed bridge log.pubsub.bridge.0000
2017-08-16 01:49:36,009: rp.session.two.jdakka.017393.0016: MainProcess                     : MainThread     : DEBUG   : session rp.session.two.jdakka.017393.0016 closes db (False)
2017-08-16 01:49:36,009: rp.session.two.jdakka.017393.0016: MainProcess                     : MainThread     : DEBUG   : session rp.session.two.jdakka.017393.0016 closed (delete=False)
