2017-11-03 18:50:31,885: control.pubsub.sub.0000: update.0                        : MainThread     : INFO    : python.interpreter   version: 2.7.12 (default, Nov 19 2016, 06:48:10) [GCC 5.4.0 20160609]
2017-11-03 18:50:31,885: control.pubsub.sub.0000: update.0                        : MainThread     : INFO    :                      pid: 23877
2017-11-03 18:50:31,886: control.pubsub.sub.0000: update.0                        : MainThread     : INFO    :                      tid: MainThread
2017-11-03 18:50:31,886: control.pubsub.sub.0000: update.0                        : MainThread     : INFO    : radical.pilot        version: 0.47-v0.46.2-181-g138b1e15@HEAD-detached-at-origin-rc-v0.46.3
2017-11-03 18:50:31,886: control.pubsub.sub.0000: update.0                        : MainThread     : INFO    : create control_pubsub - sub - tcp://138.201.86.166:37472
2017-11-03 18:50:31,887: control.pubsub.sub.0000: update.0                        : MainThread     : DEBUG   : start process
2017-11-03 18:50:31,887: control.pubsub.sub.0000: update.0                        : MainThread     : DEBUG   : ru_initialize_common (NOOP)
2017-11-03 18:50:31,887: control.pubsub.sub.0000: update.0                        : MainThread     : DEBUG   : ru_initialize_parent (NOOP)
2017-11-03 18:50:31,887: control.pubsub.sub.0000: update.0                        : MainThread     : DEBUG   : process class started (no child)
2017-11-03 18:50:32,675: control.pubsub.sub.0000: pmgr.0000.launching.0           : MainThread     : INFO    : python.interpreter   version: 2.7.12 (default, Nov 19 2016, 06:48:10) [GCC 5.4.0 20160609]
2017-11-03 18:50:32,675: control.pubsub.sub.0000: pmgr.0000.launching.0           : MainThread     : INFO    :                      pid: 23929
2017-11-03 18:50:32,675: control.pubsub.sub.0000: pmgr.0000.launching.0           : MainThread     : INFO    :                      tid: MainThread
2017-11-03 18:50:32,675: control.pubsub.sub.0000: pmgr.0000.launching.0           : MainThread     : INFO    : radical.pilot        version: 0.47-v0.46.2-181-g138b1e15@HEAD-detached-at-origin-rc-v0.46.3
2017-11-03 18:50:32,676: control.pubsub.sub.0000: pmgr.0000.launching.0           : MainThread     : INFO    : create control_pubsub - sub - tcp://138.201.86.166:37472
2017-11-03 18:50:32,691: control.pubsub.sub.0000: pmgr.0000.launching.0           : MainThread     : DEBUG   : start process
2017-11-03 18:50:32,691: control.pubsub.sub.0000: pmgr.0000.launching.0           : MainThread     : DEBUG   : ru_initialize_common (NOOP)
2017-11-03 18:50:32,691: control.pubsub.sub.0000: pmgr.0000.launching.0           : MainThread     : DEBUG   : ru_initialize_parent (NOOP)
2017-11-03 18:50:32,691: control.pubsub.sub.0000: pmgr.0000.launching.0           : MainThread     : DEBUG   : process class started (no child)
2017-11-03 19:02:37,589: control.pubsub.sub.0000: umgr.0000.staging.input.0       : MainThread     : INFO    : python.interpreter   version: 2.7.12 (default, Nov 19 2016, 06:48:10) [GCC 5.4.0 20160609]
2017-11-03 19:02:37,589: control.pubsub.sub.0000: umgr.0000.staging.input.0       : MainThread     : INFO    :                      pid: 7260
2017-11-03 19:02:37,589: control.pubsub.sub.0000: umgr.0000.staging.input.0       : MainThread     : INFO    :                      tid: MainThread
2017-11-03 19:02:37,589: control.pubsub.sub.0000: umgr.0000.staging.input.0       : MainThread     : INFO    : radical.pilot        version: 0.47-v0.46.2-181-g138b1e15@HEAD-detached-at-origin-rc-v0.46.3
2017-11-03 19:02:37,589: control.pubsub.sub.0000: umgr.0000.staging.input.0       : MainThread     : INFO    : create control_pubsub - sub - tcp://138.201.86.166:37472
2017-11-03 19:02:37,610: control.pubsub.sub.0000: umgr.0000.staging.input.0       : MainThread     : DEBUG   : start process
2017-11-03 19:02:37,610: control.pubsub.sub.0000: umgr.0000.staging.input.0       : MainThread     : DEBUG   : ru_initialize_common (NOOP)
2017-11-03 19:02:37,610: control.pubsub.sub.0000: umgr.0000.staging.input.0       : MainThread     : DEBUG   : ru_initialize_parent (NOOP)
2017-11-03 19:02:37,610: control.pubsub.sub.0000: umgr.0000.staging.input.0       : MainThread     : DEBUG   : process class started (no child)
2017-11-03 19:02:37,791: control.pubsub.sub.0000: umgr.0000.staging.output.0      : MainThread     : INFO    : python.interpreter   version: 2.7.12 (default, Nov 19 2016, 06:48:10) [GCC 5.4.0 20160609]
2017-11-03 19:02:37,791: control.pubsub.sub.0000: umgr.0000.staging.output.0      : MainThread     : INFO    :                      pid: 7286
2017-11-03 19:02:37,791: control.pubsub.sub.0000: umgr.0000.staging.output.0      : MainThread     : INFO    :                      tid: MainThread
2017-11-03 19:02:37,791: control.pubsub.sub.0000: umgr.0000.staging.output.0      : MainThread     : INFO    : radical.pilot        version: 0.47-v0.46.2-181-g138b1e15@HEAD-detached-at-origin-rc-v0.46.3
2017-11-03 19:02:37,791: control.pubsub.sub.0000: umgr.0000.staging.output.0      : MainThread     : INFO    : create control_pubsub - sub - tcp://138.201.86.166:37472
2017-11-03 19:02:37,791: control.pubsub.sub.0000: umgr.0000.staging.output.0      : MainThread     : DEBUG   : start process
2017-11-03 19:02:37,791: control.pubsub.sub.0000: umgr.0000.staging.output.0      : MainThread     : DEBUG   : ru_initialize_common (NOOP)
2017-11-03 19:02:37,791: control.pubsub.sub.0000: umgr.0000.staging.output.0      : MainThread     : DEBUG   : ru_initialize_parent (NOOP)
2017-11-03 19:02:37,791: control.pubsub.sub.0000: umgr.0000.staging.output.0      : MainThread     : DEBUG   : process class started (no child)
2017-11-03 19:02:37,978: control.pubsub.sub.0000: umgr.0000.scheduling.0          : MainThread     : INFO    : python.interpreter   version: 2.7.12 (default, Nov 19 2016, 06:48:10) [GCC 5.4.0 20160609]
2017-11-03 19:02:37,978: control.pubsub.sub.0000: umgr.0000.scheduling.0          : MainThread     : INFO    :                      pid: 7308
2017-11-03 19:02:37,978: control.pubsub.sub.0000: umgr.0000.scheduling.0          : MainThread     : INFO    :                      tid: MainThread
2017-11-03 19:02:37,979: control.pubsub.sub.0000: umgr.0000.scheduling.0          : MainThread     : INFO    : radical.pilot        version: 0.47-v0.46.2-181-g138b1e15@HEAD-detached-at-origin-rc-v0.46.3
2017-11-03 19:02:37,979: control.pubsub.sub.0000: umgr.0000.scheduling.0          : MainThread     : INFO    : create control_pubsub - sub - tcp://138.201.86.166:37472
2017-11-03 19:02:37,979: control.pubsub.sub.0000: umgr.0000.scheduling.0          : MainThread     : DEBUG   : start process
2017-11-03 19:02:37,979: control.pubsub.sub.0000: umgr.0000.scheduling.0          : MainThread     : DEBUG   : ru_initialize_common (NOOP)
2017-11-03 19:02:37,979: control.pubsub.sub.0000: umgr.0000.scheduling.0          : MainThread     : DEBUG   : ru_initialize_parent (NOOP)
2017-11-03 19:02:37,979: control.pubsub.sub.0000: umgr.0000.scheduling.0          : MainThread     : DEBUG   : process class started (no child)
2017-11-03 19:03:41,380: control.pubsub.sub.0000: umgr.0000.scheduling.0          : MainThread     : INFO    : parent stops child  7308 -> None [control.pubsub.sub.0000]
2017-11-03 19:03:41,380: control.pubsub.sub.0000: umgr.0000.scheduling.0          : MainThread     : DEBUG   : ru_finalize_parent (NOOP)
2017-11-03 19:03:41,430: control.pubsub.sub.0000: umgr.0000.staging.input.0       : umgr.0000.staging.input.0.child.subscriber._cancel_monitor_cb: INFO    : parent stops child  7260 -> None [control.pubsub.sub.0000]
2017-11-03 19:03:41,430: control.pubsub.sub.0000: umgr.0000.staging.input.0       : umgr.0000.staging.input.0.child.subscriber._cancel_monitor_cb: DEBUG   : ru_finalize_parent (NOOP)
2017-11-03 19:03:42,113: control.pubsub.sub.0000: umgr.0000.staging.output.0      : MainThread     : INFO    : parent stops child  7286 -> None [control.pubsub.sub.0000]
2017-11-03 19:03:42,113: control.pubsub.sub.0000: umgr.0000.staging.output.0      : MainThread     : DEBUG   : ru_finalize_parent (NOOP)
2017-11-03 19:03:54,526: control.pubsub.sub.0000: update.0                        : MainThread     : INFO    : parent stops child  23877 -> None [control.pubsub.sub.0000]
2017-11-03 19:03:54,526: control.pubsub.sub.0000: update.0                        : MainThread     : DEBUG   : ru_finalize_parent (NOOP)
