2017-11-03 18:50:31,862: control.pubsub.pub.0000: update.0                        : MainThread     : INFO    : python.interpreter   version: 2.7.12 (default, Nov 19 2016, 06:48:10) [GCC 5.4.0 20160609]
2017-11-03 18:50:31,863: control.pubsub.pub.0000: update.0                        : MainThread     : INFO    :                      pid: 23877
2017-11-03 18:50:31,863: control.pubsub.pub.0000: update.0                        : MainThread     : INFO    :                      tid: MainThread
2017-11-03 18:50:31,863: control.pubsub.pub.0000: update.0                        : MainThread     : INFO    : radical.pilot        version: 0.47-v0.46.2-181-g138b1e15@HEAD-detached-at-origin-rc-v0.46.3
2017-11-03 18:50:31,863: control.pubsub.pub.0000: update.0                        : MainThread     : INFO    : create control_pubsub - pub - tcp://138.201.86.166:42532
2017-11-03 18:50:31,883: control.pubsub.pub.0000: update.0                        : MainThread     : DEBUG   : start process
2017-11-03 18:50:31,883: control.pubsub.pub.0000: update.0                        : MainThread     : DEBUG   : ru_initialize_common (NOOP)
2017-11-03 18:50:31,883: control.pubsub.pub.0000: update.0                        : MainThread     : DEBUG   : ru_initialize_parent (NOOP)
2017-11-03 18:50:31,883: control.pubsub.pub.0000: update.0                        : MainThread     : DEBUG   : process class started (no child)
2017-11-03 18:50:32,441: control.pubsub.pub.0000: MainProcess                     : MainThread     : INFO    : python.interpreter   version: 2.7.12 (default, Nov 19 2016, 06:48:10) [GCC 5.4.0 20160609]
2017-11-03 18:50:32,442: control.pubsub.pub.0000: MainProcess                     : MainThread     : INFO    :                      pid: 23669
2017-11-03 18:50:32,442: control.pubsub.pub.0000: MainProcess                     : MainThread     : INFO    :                      tid: MainThread
2017-11-03 18:50:32,442: control.pubsub.pub.0000: MainProcess                     : MainThread     : INFO    : radical.pilot        version: 0.47-v0.46.2-181-g138b1e15@HEAD-detached-at-origin-rc-v0.46.3
2017-11-03 18:50:32,442: control.pubsub.pub.0000: MainProcess                     : MainThread     : INFO    : create control_pubsub - pub - tcp://138.201.86.166:42532
2017-11-03 18:50:32,443: control.pubsub.pub.0000: MainProcess                     : MainThread     : DEBUG   : start process
2017-11-03 18:50:32,443: control.pubsub.pub.0000: MainProcess                     : MainThread     : DEBUG   : ru_initialize_common (NOOP)
2017-11-03 18:50:32,443: control.pubsub.pub.0000: MainProcess                     : MainThread     : DEBUG   : ru_initialize_parent (NOOP)
2017-11-03 18:50:32,443: control.pubsub.pub.0000: MainProcess                     : MainThread     : DEBUG   : process class started (no child)
2017-11-03 19:03:54,320: control.pubsub.pub.0000: MainProcess                     : MainThread     : INFO    : parent stops child  23669 -> None [control.pubsub.pub.0000]
2017-11-03 19:03:54,320: control.pubsub.pub.0000: MainProcess                     : MainThread     : DEBUG   : ru_finalize_parent (NOOP)
2017-11-03 19:03:54,479: control.pubsub.pub.0000: update.0                        : MainThread     : INFO    : parent stops child  23877 -> None [control.pubsub.pub.0000]
2017-11-03 19:03:54,479: control.pubsub.pub.0000: update.0                        : MainThread     : DEBUG   : ru_finalize_parent (NOOP)
