2017-11-03 19:02:37,585: log.pubsub.pub.0003 : umgr.0000.staging.input.0       : MainThread     : INFO    : python.interpreter   version: 2.7.12 (default, Nov 19 2016, 06:48:10) [GCC 5.4.0 20160609]
2017-11-03 19:02:37,586: log.pubsub.pub.0003 : umgr.0000.staging.input.0       : MainThread     : INFO    :                      pid: 7260
2017-11-03 19:02:37,586: log.pubsub.pub.0003 : umgr.0000.staging.input.0       : MainThread     : INFO    :                      tid: MainThread
2017-11-03 19:02:37,586: log.pubsub.pub.0003 : umgr.0000.staging.input.0       : MainThread     : INFO    : radical.pilot        version: 0.47-v0.46.2-181-g138b1e15@HEAD-detached-at-origin-rc-v0.46.3
2017-11-03 19:02:37,586: log.pubsub.pub.0003 : umgr.0000.staging.input.0       : MainThread     : INFO    : create log_pubsub - pub - tcp://138.201.86.166:42031
2017-11-03 19:02:37,586: log.pubsub.pub.0003 : umgr.0000.staging.input.0       : MainThread     : DEBUG   : start process
2017-11-03 19:02:37,586: log.pubsub.pub.0003 : umgr.0000.staging.input.0       : MainThread     : DEBUG   : ru_initialize_common (NOOP)
2017-11-03 19:02:37,586: log.pubsub.pub.0003 : umgr.0000.staging.input.0       : MainThread     : DEBUG   : ru_initialize_parent (NOOP)
2017-11-03 19:02:37,586: log.pubsub.pub.0003 : umgr.0000.staging.input.0       : MainThread     : DEBUG   : process class started (no child)
2017-11-03 19:02:37,621: log.pubsub.pub.0003 : task-manager                    : MainThread     : INFO    : python.interpreter   version: 2.7.12 (default, Nov 19 2016, 06:48:10) [GCC 5.4.0 20160609]
2017-11-03 19:02:37,621: log.pubsub.pub.0003 : task-manager                    : MainThread     : INFO    :                      pid: 7222
2017-11-03 19:02:37,621: log.pubsub.pub.0003 : task-manager                    : MainThread     : INFO    :                      tid: MainThread
2017-11-03 19:02:37,621: log.pubsub.pub.0003 : task-manager                    : MainThread     : INFO    : radical.pilot        version: 0.47-v0.46.2-181-g138b1e15@HEAD-detached-at-origin-rc-v0.46.3
2017-11-03 19:02:37,621: log.pubsub.pub.0003 : task-manager                    : MainThread     : INFO    : create log_pubsub - pub - tcp://138.201.86.166:42031
2017-11-03 19:02:37,621: log.pubsub.pub.0003 : task-manager                    : MainThread     : DEBUG   : start process
2017-11-03 19:02:37,621: log.pubsub.pub.0003 : task-manager                    : MainThread     : DEBUG   : ru_initialize_common (NOOP)
2017-11-03 19:02:37,621: log.pubsub.pub.0003 : task-manager                    : MainThread     : DEBUG   : ru_initialize_parent (NOOP)
2017-11-03 19:02:37,621: log.pubsub.pub.0003 : task-manager                    : MainThread     : DEBUG   : process class started (no child)
2017-11-03 19:03:41,293: log.pubsub.pub.0003 : umgr.0000.staging.input.0       : MainThread     : INFO    : parent stops child  7260 -> None [log.pubsub.pub.0003]
2017-11-03 19:03:41,294: log.pubsub.pub.0003 : umgr.0000.staging.input.0       : MainThread     : DEBUG   : ru_finalize_parent (NOOP)
