2017-11-03 18:50:32,519: pmgr.0000.launching.0: MainProcess                     : MainThread     : INFO    : python.interpreter   version: 2.7.12 (default, Nov 19 2016, 06:48:10) [GCC 5.4.0 20160609]
2017-11-03 18:50:32,519: pmgr.0000.launching.0: MainProcess                     : MainThread     : INFO    :                      pid: 23669
2017-11-03 18:50:32,519: pmgr.0000.launching.0: MainProcess                     : MainThread     : INFO    :                      tid: MainThread
2017-11-03 18:50:32,519: pmgr.0000.launching.0: MainProcess                     : MainThread     : INFO    : radical.pilot        version: 0.47-v0.46.2-181-g138b1e15@HEAD-detached-at-origin-rc-v0.46.3
2017-11-03 18:50:32,543: pmgr.0000.launching.0: MainProcess                     : MainThread     : DEBUG   : alive check in term
2017-11-03 18:50:32,543: pmgr.0000.launching.0: MainProcess                     : MainThread     : DEBUG   : start process
2017-11-03 18:50:32,719: pmgr.0000.launching.0: MainProcess                     : MainThread     : INFO    : recv message: alive
2017-11-03 18:50:32,720: pmgr.0000.launching.0: MainProcess                     : MainThread     : INFO    : initialize pmgr.0000.launching.0
2017-11-03 18:50:32,724: pmgr.0000.launching.0: MainProcess                     : MainThread     : INFO    : cfg: {'agents': {},
 u'bridges': {u'control_pubsub': {'addr_in': 'tcp://138.201.86.166:42532',
                                  'addr_out': 'tcp://138.201.86.166:37472',
                                  u'bulk_size': 0,
                                  u'log_level': u'debug',
                                  u'stall_hwm': 1},
              u'log_pubsub': {'addr_in': 'tcp://138.201.86.166:42031',
                              'addr_out': 'tcp://138.201.86.166:35075',
                              u'bulk_size': 0,
                              u'log_level': u'debug',
                              u'stall_hwm': 1},
              u'pmgr_launching_queue': {'addr_in': 'tcp://138.201.86.166:36722',
                                        'addr_out': 'tcp://138.201.86.166:39409',
                                        u'bulk_size': 0,
                                        u'log_level': u'debug',
                                        u'stall_hwm': 1},
              u'state_pubsub': {'addr_in': 'tcp://138.201.86.166:33094',
                                'addr_out': 'tcp://138.201.86.166:37993',
                                u'bulk_size': 0,
                                u'log_level': u'debug',
                                u'stall_hwm': 1}},
 'cname': u'PMGRLaunchingComponent',
 u'components': {},
 u'count': 1,
 u'db_poll_sleeptime': 1.0,
 'number': 0,
 'owner': 'pmgr.0000',
 'uid': 'pmgr.0000'}
2017-11-03 18:50:32,724: pmgr.0000.launching.0: MainProcess                     : MainThread     : DEBUG   : alive check in term
2017-11-03 18:50:32,724: pmgr.0000.launching.0: MainProcess                     : MainThread     : DEBUG   : START: pmgr.0000.launching.0 register publisher log_pubsub
2017-11-03 18:50:32,724: pmgr.0000.launching.0: MainProcess                     : MainThread     : DEBUG   : using addr tcp://138.201.86.166:42031 for pubsub log_pubsub
2017-11-03 18:50:32,728: pmgr.0000.launching.0: MainProcess                     : MainThread     : DEBUG   : registered publisher : log_pubsub : log.pubsub.pub.0001
2017-11-03 18:50:32,728: pmgr.0000.launching.0: MainProcess                     : MainThread     : DEBUG   : alive check in term
2017-11-03 18:50:32,728: pmgr.0000.launching.0: MainProcess                     : MainThread     : DEBUG   : START: pmgr.0000.launching.0 register publisher state_pubsub
2017-11-03 18:50:32,728: pmgr.0000.launching.0: MainProcess                     : MainThread     : DEBUG   : using addr tcp://138.201.86.166:33094 for pubsub state_pubsub
2017-11-03 18:50:32,731: pmgr.0000.launching.0: MainProcess                     : MainThread     : DEBUG   : registered publisher : state_pubsub : state.pubsub.pub.0001
2017-11-03 18:50:32,731: pmgr.0000.launching.0: MainProcess                     : MainThread     : DEBUG   : alive check in term
2017-11-03 18:50:32,731: pmgr.0000.launching.0: MainProcess                     : MainThread     : DEBUG   : START: pmgr.0000.launching.0 register publisher control_pubsub
2017-11-03 18:50:32,731: pmgr.0000.launching.0: MainProcess                     : MainThread     : DEBUG   : using addr tcp://138.201.86.166:42532 for pubsub control_pubsub
2017-11-03 18:50:32,735: pmgr.0000.launching.0: MainProcess                     : MainThread     : DEBUG   : registered publisher : control_pubsub : control.pubsub.pub.0001
2017-11-03 18:50:32,735: pmgr.0000.launching.0: MainProcess                     : MainThread     : DEBUG   : parent name: pmgr.0000.launching.0.watch
2017-11-03 18:50:32,736: pmgr.0000.launching.0: MainProcess                     : MainThread     : DEBUG   : start thread
2017-11-03 18:50:32,736: pmgr.0000.launching.0: MainProcess                     : pmgr.0000.launching.0.watch: DEBUG   : child name: pmgr.0000.launching.0.watch.thread
2017-11-03 18:50:32,736: pmgr.0000.launching.0: MainProcess                     : pmgr.0000.launching.0.watch: INFO    : child (me) initializing
2017-11-03 18:50:32,736: pmgr.0000.launching.0: MainProcess                     : pmgr.0000.launching.0.watch: DEBUG   : ru_initialize_common (NOOP)
2017-11-03 18:50:32,737: pmgr.0000.launching.0: MainProcess                     : pmgr.0000.launching.0.watch: DEBUG   : ru_initialize_child (NOOP)
2017-11-03 18:50:32,737: pmgr.0000.launching.0: MainProcess                     : pmgr.0000.launching.0.watch: INFO    : send alive
2017-11-03 18:50:32,737: pmgr.0000.launching.0: MainProcess                     : pmgr.0000.launching.0.watch: INFO    : put message: [pmgr.0000.launching.0.watch.thread] alive
2017-11-03 18:50:32,738: pmgr.0000.launching.0: MainProcess                     : MainThread     : INFO    : get msg: alive
2017-11-03 18:50:32,738: pmgr.0000.launching.0: MainProcess                     : MainThread     : DEBUG   : ru_initialize_common (NOOP)
2017-11-03 18:50:32,738: pmgr.0000.launching.0: MainProcess                     : MainThread     : DEBUG   : ru_initialize_parent (NOOP)
2017-11-03 18:50:32,738: pmgr.0000.launching.0: MainProcess                     : MainThread     : DEBUG   : child thread pmgr.0000.launching.0.watch started
2017-11-03 18:50:32,738: pmgr.0000.launching.0: MainProcess                     : MainThread     : INFO    : child is alive
2017-11-03 18:50:32,738: pmgr.0000.launching.0: MainProcess                     : MainThread     : DEBUG   : process class started child
2017-11-03 19:03:51,610: pmgr.0000.launching.0: MainProcess                     : MainThread     : INFO    : stop pmgr.0000.launching.0 (23669 : 23929 : MainThread) [radical.pilot.pilot_manager.PilotManager.finalize_parent]
2017-11-03 19:03:51,642: pmgr.0000.launching.0: MainProcess                     : MainThread     : INFO    : parent stops child  23669 -> 23929 [pmgr.0000.launching.0]
2017-11-03 19:03:51,642: pmgr.0000.launching.0: MainProcess                     : MainThread     : INFO    : send message: [pmgr.0000.launching.0] STOP
2017-11-03 19:03:51,642: pmgr.0000.launching.0: MainProcess                     : MainThread     : DEBUG   : ru_finalize_common()
2017-11-03 19:03:51,643: pmgr.0000.launching.0: MainProcess                     : MainThread     : DEBUG   : TERM : pmgr.0000.launching.0 unregister publisher log_pubsub
2017-11-03 19:03:51,644: pmgr.0000.launching.0: MainProcess                     : MainThread     : DEBUG   : unregistered publisher log_pubsub
2017-11-03 19:03:51,644: pmgr.0000.launching.0: MainProcess                     : MainThread     : DEBUG   : TERM : pmgr.0000.launching.0 unregister publisher state_pubsub
2017-11-03 19:03:51,645: pmgr.0000.launching.0: MainProcess                     : MainThread     : DEBUG   : unregistered publisher state_pubsub
2017-11-03 19:03:51,646: pmgr.0000.launching.0: MainProcess                     : MainThread     : DEBUG   : TERM : pmgr.0000.launching.0 unregister publisher control_pubsub
2017-11-03 19:03:51,647: pmgr.0000.launching.0: MainProcess                     : MainThread     : DEBUG   : unregistered publisher control_pubsub
2017-11-03 19:03:51,647: pmgr.0000.launching.0: MainProcess                     : MainThread     : DEBUG   : pmgr.0000.launching.0 close prof
2017-11-03 19:03:51,682: pmgr.0000.launching.0: MainProcess                     : MainThread     : INFO    : parent stops child
2017-11-03 19:03:51,683: pmgr.0000.launching.0: MainProcess                     : MainThread     : DEBUG   : ru_finalize_parent (NOOP)
2017-11-03 19:03:51,683: pmgr.0000.launching.0: MainProcess                     : MainThread     : DEBUG   : ru_finalize_common (NOOP)
2017-11-03 19:03:51,686: pmgr.0000.launching.0: MainProcess                     : pmgr.0000.launching.0.watch: INFO    : watcher closes
2017-11-03 19:03:51,686: pmgr.0000.launching.0: MainProcess                     : pmgr.0000.launching.0.watch: INFO    : put message: [pmgr.0000.launching.0.watch.thread] work finished
2017-11-03 19:03:51,687: pmgr.0000.launching.0: MainProcess                     : pmgr.0000.launching.0.watch: DEBUG   : ru_finalize_child (NOOP)
2017-11-03 19:03:51,687: pmgr.0000.launching.0: MainProcess                     : pmgr.0000.launching.0.watch: DEBUG   : ru_finalize_common (NOOP)
2017-11-03 19:03:51,687: pmgr.0000.launching.0: MainProcess                     : pmgr.0000.launching.0.watch: INFO    : put message: [pmgr.0000.launching.0.watch.thread] terminating
2017-11-03 19:03:53,691: pmgr.0000.launching.0: MainProcess                     : MainThread     : WARNING : failed to stop child - terminate: 23669 -> 23929 [pmgr.0000.launching.0]
2017-11-03 19:03:54,276: pmgr.0000.launching.0: MainProcess                     : MainThread     : INFO    : stop pmgr.0000.launching.0 (23669 : 23929 : MainThread) [radical.pilot.utils.component.PilotManager.ru_finalize_common]
2017-11-03 19:03:57,557: pmgr.0000.launching.0: MainProcess                     : MainThread     : INFO    : stop pmgr.0000.launching.0 (23669 : 23929 : MainThread) [radical.pilot.session.Session.close]
