2017-11-03 18:50:30,149: rp.session.two.jdakka.017473.0003: MainProcess                     : MainThread     : INFO    : python.interpreter   version: 2.7.12 (default, Nov 19 2016, 06:48:10) [GCC 5.4.0 20160609]
2017-11-03 18:50:30,149: rp.session.two.jdakka.017473.0003: MainProcess                     : MainThread     : INFO    :                      pid: 23669
2017-11-03 18:50:30,149: rp.session.two.jdakka.017473.0003: MainProcess                     : MainThread     : INFO    :                      tid: MainThread
2017-11-03 18:50:30,149: rp.session.two.jdakka.017473.0003: MainProcess                     : MainThread     : INFO    : radical.pilot        version: 0.47-v0.46.2-181-g138b1e15@HEAD-detached-at-origin-rc-v0.46.3
2017-11-03 18:50:30,149: rp.session.two.jdakka.017473.0003: MainProcess                     : MainThread     : INFO    : using database mongodb://jdakka:mongo@ds231715.mlab.com:31715/new_htbac
2017-11-03 18:50:30,176: rp.session.two.jdakka.017473.0003: MainProcess                     : MainThread     : INFO    : Load resource configurations from /home/jdakka/UCL/ties_null_workload/venv/local/lib/python2.7/site-packages/radical/pilot/configs/resource_fub.json
2017-11-03 18:50:30,177: rp.session.two.jdakka.017473.0003: MainProcess                     : MainThread     : INFO    : Load resource configurations for fub.allegro_rsh
2017-11-03 18:50:30,177: rp.session.two.jdakka.017473.0003: MainProcess                     : MainThread     : INFO    : Load resource configurations from /home/jdakka/UCL/ties_null_workload/venv/local/lib/python2.7/site-packages/radical/pilot/configs/resource_yale.json
2017-11-03 18:50:30,178: rp.session.two.jdakka.017473.0003: MainProcess                     : MainThread     : INFO    : Load resource configurations for yale.grace_ssh
2017-11-03 18:50:30,178: rp.session.two.jdakka.017473.0003: MainProcess                     : MainThread     : INFO    : Load resource configurations from /home/jdakka/UCL/ties_null_workload/venv/local/lib/python2.7/site-packages/radical/pilot/configs/resource_stfc.json
2017-11-03 18:50:30,179: rp.session.two.jdakka.017473.0003: MainProcess                     : MainThread     : INFO    : Load resource configurations for stfc.joule_runjob
2017-11-03 18:50:30,180: rp.session.two.jdakka.017473.0003: MainProcess                     : MainThread     : INFO    : Load resource configurations from /home/jdakka/UCL/ties_null_workload/venv/local/lib/python2.7/site-packages/radical/pilot/configs/resource_osg.json
2017-11-03 18:50:30,182: rp.session.two.jdakka.017473.0003: MainProcess                     : MainThread     : INFO    : Load resource configurations for osg.xsede-virt-clust
2017-11-03 18:50:30,182: rp.session.two.jdakka.017473.0003: MainProcess                     : MainThread     : INFO    : Load resource configurations for osg.connect
2017-11-03 18:50:30,182: rp.session.two.jdakka.017473.0003: MainProcess                     : MainThread     : INFO    : Load resource configurations from /home/jdakka/UCL/ties_null_workload/venv/local/lib/python2.7/site-packages/radical/pilot/configs/resource_xsede.json
2017-11-03 18:50:30,203: rp.session.two.jdakka.017473.0003: MainProcess                     : MainThread     : INFO    : Load resource configurations for xsede.gordon_ssh
2017-11-03 18:50:30,203: rp.session.two.jdakka.017473.0003: MainProcess                     : MainThread     : INFO    : Load resource configurations for xsede.lonestar_ssh
2017-11-03 18:50:30,203: rp.session.two.jdakka.017473.0003: MainProcess                     : MainThread     : INFO    : Load resource configurations for xsede.supermic_spark
2017-11-03 18:50:30,204: rp.session.two.jdakka.017473.0003: MainProcess                     : MainThread     : INFO    : Load resource configurations for xsede.wrangler_yarn
2017-11-03 18:50:30,204: rp.session.two.jdakka.017473.0003: MainProcess                     : MainThread     : INFO    : Load resource configurations for xsede.blacklight_ssh
2017-11-03 18:50:30,204: rp.session.two.jdakka.017473.0003: MainProcess                     : MainThread     : INFO    : Load resource configurations for xsede.stampede_ortelib
2017-11-03 18:50:30,204: rp.session.two.jdakka.017473.0003: MainProcess                     : MainThread     : INFO    : Load resource configurations for xsede.stampede_yarn
2017-11-03 18:50:30,204: rp.session.two.jdakka.017473.0003: MainProcess                     : MainThread     : INFO    : Load resource configurations for xsede.stampede_ssh
2017-11-03 18:50:30,205: rp.session.two.jdakka.017473.0003: MainProcess                     : MainThread     : INFO    : Load resource configurations for xsede.greenfield
2017-11-03 18:50:30,205: rp.session.two.jdakka.017473.0003: MainProcess                     : MainThread     : INFO    : Load resource configurations for xsede.bridges
2017-11-03 18:50:30,205: rp.session.two.jdakka.017473.0003: MainProcess                     : MainThread     : INFO    : Load resource configurations for xsede.trestles_ssh
2017-11-03 18:50:30,205: rp.session.two.jdakka.017473.0003: MainProcess                     : MainThread     : INFO    : Load resource configurations for xsede.supermic_ortelib
2017-11-03 18:50:30,205: rp.session.two.jdakka.017473.0003: MainProcess                     : MainThread     : INFO    : Load resource configurations for xsede.stampede2_ssh
2017-11-03 18:50:30,206: rp.session.two.jdakka.017473.0003: MainProcess                     : MainThread     : INFO    : Load resource configurations for xsede.supermic_ssh
2017-11-03 18:50:30,206: rp.session.two.jdakka.017473.0003: MainProcess                     : MainThread     : INFO    : Load resource configurations for xsede.wrangler_ssh
2017-11-03 18:50:30,206: rp.session.two.jdakka.017473.0003: MainProcess                     : MainThread     : INFO    : Load resource configurations for xsede.supermic_orte
2017-11-03 18:50:30,206: rp.session.two.jdakka.017473.0003: MainProcess                     : MainThread     : INFO    : Load resource configurations for xsede.wrangler_spark
2017-11-03 18:50:30,206: rp.session.two.jdakka.017473.0003: MainProcess                     : MainThread     : INFO    : Load resource configurations for xsede.stampede_orte
2017-11-03 18:50:30,207: rp.session.two.jdakka.017473.0003: MainProcess                     : MainThread     : INFO    : Load resource configurations for xsede.comet_ortelib
2017-11-03 18:50:30,207: rp.session.two.jdakka.017473.0003: MainProcess                     : MainThread     : INFO    : Load resource configurations for xsede.comet_orte
2017-11-03 18:50:30,207: rp.session.two.jdakka.017473.0003: MainProcess                     : MainThread     : INFO    : Load resource configurations for xsede.comet_spark
2017-11-03 18:50:30,207: rp.session.two.jdakka.017473.0003: MainProcess                     : MainThread     : INFO    : Load resource configurations for xsede.comet_ssh
2017-11-03 18:50:30,207: rp.session.two.jdakka.017473.0003: MainProcess                     : MainThread     : INFO    : Load resource configurations for xsede.stampede_spark
2017-11-03 18:50:30,208: rp.session.two.jdakka.017473.0003: MainProcess                     : MainThread     : INFO    : Load resource configurations from /home/jdakka/UCL/ties_null_workload/venv/local/lib/python2.7/site-packages/radical/pilot/configs/resource_nersc.json
2017-11-03 18:50:30,213: rp.session.two.jdakka.017473.0003: MainProcess                     : MainThread     : INFO    : Load resource configurations for nersc.edison_ccm_ssh
2017-11-03 18:50:30,213: rp.session.two.jdakka.017473.0003: MainProcess                     : MainThread     : INFO    : Load resource configurations for nersc.hopper_orte
2017-11-03 18:50:30,213: rp.session.two.jdakka.017473.0003: MainProcess                     : MainThread     : INFO    : Load resource configurations for nersc.hopper_ccm_ssh
2017-11-03 18:50:30,213: rp.session.two.jdakka.017473.0003: MainProcess                     : MainThread     : INFO    : Load resource configurations for nersc.edison_aprun
2017-11-03 18:50:30,213: rp.session.two.jdakka.017473.0003: MainProcess                     : MainThread     : INFO    : Load resource configurations for nersc.hopper_aprun
2017-11-03 18:50:30,214: rp.session.two.jdakka.017473.0003: MainProcess                     : MainThread     : INFO    : Load resource configurations for nersc.edison_orte
2017-11-03 18:50:30,214: rp.session.two.jdakka.017473.0003: MainProcess                     : MainThread     : INFO    : Load resource configurations from /home/jdakka/UCL/ties_null_workload/venv/local/lib/python2.7/site-packages/radical/pilot/configs/resource_lrz.json
2017-11-03 18:50:30,215: rp.session.two.jdakka.017473.0003: MainProcess                     : MainThread     : INFO    : Load resource configurations for lrz.supermuc_ssh
2017-11-03 18:50:30,215: rp.session.two.jdakka.017473.0003: MainProcess                     : MainThread     : INFO    : Load resource configurations from /home/jdakka/UCL/ties_null_workload/venv/local/lib/python2.7/site-packages/radical/pilot/configs/resource_epsrc.json
2017-11-03 18:50:30,217: rp.session.two.jdakka.017473.0003: MainProcess                     : MainThread     : INFO    : Load resource configurations for epsrc.archer_orte
2017-11-03 18:50:30,217: rp.session.two.jdakka.017473.0003: MainProcess                     : MainThread     : INFO    : Load resource configurations for epsrc.archer_aprun
2017-11-03 18:50:30,217: rp.session.two.jdakka.017473.0003: MainProcess                     : MainThread     : INFO    : Load resource configurations from /home/jdakka/UCL/ties_null_workload/venv/local/lib/python2.7/site-packages/radical/pilot/configs/resource_ncsa.json
2017-11-03 18:50:30,221: rp.session.two.jdakka.017473.0003: MainProcess                     : MainThread     : INFO    : Load resource configurations for ncsa.bw_orte
2017-11-03 18:50:30,221: rp.session.two.jdakka.017473.0003: MainProcess                     : MainThread     : INFO    : Load resource configurations for ncsa.bw_ccm_ssh
2017-11-03 18:50:30,221: rp.session.two.jdakka.017473.0003: MainProcess                     : MainThread     : INFO    : Load resource configurations for ncsa.bw_ortelib
2017-11-03 18:50:30,222: rp.session.two.jdakka.017473.0003: MainProcess                     : MainThread     : INFO    : Load resource configurations for ncsa.bw_aprun
2017-11-03 18:50:30,222: rp.session.two.jdakka.017473.0003: MainProcess                     : MainThread     : INFO    : Load resource configurations for ncsa.bw_local_orte
2017-11-03 18:50:30,222: rp.session.two.jdakka.017473.0003: MainProcess                     : MainThread     : INFO    : Load resource configurations from /home/jdakka/UCL/ties_null_workload/venv/local/lib/python2.7/site-packages/radical/pilot/configs/resource_lumc.json
2017-11-03 18:50:30,224: rp.session.two.jdakka.017473.0003: MainProcess                     : MainThread     : INFO    : Load resource configurations for lumc.gb-ui_ssh
2017-11-03 18:50:30,224: rp.session.two.jdakka.017473.0003: MainProcess                     : MainThread     : INFO    : Load resource configurations for lumc.shark_ssh
2017-11-03 18:50:30,224: rp.session.two.jdakka.017473.0003: MainProcess                     : MainThread     : INFO    : Load resource configurations from /home/jdakka/UCL/ties_null_workload/venv/local/lib/python2.7/site-packages/radical/pilot/configs/resource_das4.json
2017-11-03 18:50:30,225: rp.session.two.jdakka.017473.0003: MainProcess                     : MainThread     : INFO    : Load resource configurations for das4.fs2_ssh
2017-11-03 18:50:30,225: rp.session.two.jdakka.017473.0003: MainProcess                     : MainThread     : INFO    : Load resource configurations from /home/jdakka/UCL/ties_null_workload/venv/local/lib/python2.7/site-packages/radical/pilot/configs/resource_aliases.json
2017-11-03 18:50:30,225: rp.session.two.jdakka.017473.0003: MainProcess                     : MainThread     : INFO    : Load resource configurations from /home/jdakka/UCL/ties_null_workload/venv/local/lib/python2.7/site-packages/radical/pilot/configs/resource_futuregrid.json
2017-11-03 18:50:30,229: rp.session.two.jdakka.017473.0003: MainProcess                     : MainThread     : INFO    : Load resource configurations for futuregrid.delta_ssh
2017-11-03 18:50:30,229: rp.session.two.jdakka.017473.0003: MainProcess                     : MainThread     : INFO    : Load resource configurations for futuregrid.india_ssh
2017-11-03 18:50:30,230: rp.session.two.jdakka.017473.0003: MainProcess                     : MainThread     : INFO    : Load resource configurations for futuregrid.echo_ssh
2017-11-03 18:50:30,230: rp.session.two.jdakka.017473.0003: MainProcess                     : MainThread     : INFO    : Load resource configurations for futuregrid.xray_ccm
2017-11-03 18:50:30,230: rp.session.two.jdakka.017473.0003: MainProcess                     : MainThread     : INFO    : Load resource configurations for futuregrid.bravo_ssh
2017-11-03 18:50:30,230: rp.session.two.jdakka.017473.0003: MainProcess                     : MainThread     : INFO    : Load resource configurations for futuregrid.xray_aprun
2017-11-03 18:50:30,230: rp.session.two.jdakka.017473.0003: MainProcess                     : MainThread     : INFO    : Load resource configurations from /home/jdakka/UCL/ties_null_workload/venv/local/lib/python2.7/site-packages/radical/pilot/configs/resource_ornl.json
2017-11-03 18:50:30,233: rp.session.two.jdakka.017473.0003: MainProcess                     : MainThread     : INFO    : Load resource configurations for ornl.titan_orte
2017-11-03 18:50:30,233: rp.session.two.jdakka.017473.0003: MainProcess                     : MainThread     : INFO    : Load resource configurations for ornl.titan_aprun
2017-11-03 18:50:30,233: rp.session.two.jdakka.017473.0003: MainProcess                     : MainThread     : INFO    : Load resource configurations for ornl.titan_ortelib
2017-11-03 18:50:30,234: rp.session.two.jdakka.017473.0003: MainProcess                     : MainThread     : INFO    : Load resource configurations from /home/jdakka/UCL/ties_null_workload/venv/local/lib/python2.7/site-packages/radical/pilot/configs/resource_chameleon.json
2017-11-03 18:50:30,234: rp.session.two.jdakka.017473.0003: MainProcess                     : MainThread     : INFO    : Load resource configurations for chameleon.cloud_vm_yarn
2017-11-03 18:50:30,235: rp.session.two.jdakka.017473.0003: MainProcess                     : MainThread     : INFO    : Load resource configurations from /home/jdakka/UCL/ties_null_workload/venv/local/lib/python2.7/site-packages/radical/pilot/configs/resource_iu.json
2017-11-03 18:50:30,236: rp.session.two.jdakka.017473.0003: MainProcess                     : MainThread     : INFO    : Load resource configurations for iu.bigred2_ccm_ssh
2017-11-03 18:50:30,236: rp.session.two.jdakka.017473.0003: MainProcess                     : MainThread     : INFO    : Load resource configurations for iu.bigred2_aprun
2017-11-03 18:50:30,236: rp.session.two.jdakka.017473.0003: MainProcess                     : MainThread     : INFO    : Load resource configurations from /home/jdakka/UCL/ties_null_workload/venv/local/lib/python2.7/site-packages/radical/pilot/configs/resource_local.json
2017-11-03 18:50:30,241: rp.session.two.jdakka.017473.0003: MainProcess                     : MainThread     : INFO    : Load resource configurations for local.localhost_orte
2017-11-03 18:50:30,242: rp.session.two.jdakka.017473.0003: MainProcess                     : MainThread     : INFO    : Load resource configurations for local.localhost_anaconda
2017-11-03 18:50:30,242: rp.session.two.jdakka.017473.0003: MainProcess                     : MainThread     : INFO    : Load resource configurations for local.localhost_ortelib
2017-11-03 18:50:30,242: rp.session.two.jdakka.017473.0003: MainProcess                     : MainThread     : INFO    : Load resource configurations for local.localhost
2017-11-03 18:50:30,242: rp.session.two.jdakka.017473.0003: MainProcess                     : MainThread     : INFO    : Load resource configurations for local.localhost_spark
2017-11-03 18:50:30,242: rp.session.two.jdakka.017473.0003: MainProcess                     : MainThread     : INFO    : Load resource configurations for local.localhost_spark_anaconda
2017-11-03 18:50:30,242: rp.session.two.jdakka.017473.0003: MainProcess                     : MainThread     : INFO    : Load resource configurations for local.localhost_yarn
2017-11-03 18:50:30,243: rp.session.two.jdakka.017473.0003: MainProcess                     : MainThread     : INFO    : Load resource configurations from /home/jdakka/UCL/ties_null_workload/venv/local/lib/python2.7/site-packages/radical/pilot/configs/resource_radical.json
2017-11-03 18:50:30,245: rp.session.two.jdakka.017473.0003: MainProcess                     : MainThread     : INFO    : Load resource configurations for radical.two
2017-11-03 18:50:30,245: rp.session.two.jdakka.017473.0003: MainProcess                     : MainThread     : INFO    : Load resource configurations for radical.tutorial
2017-11-03 18:50:30,245: rp.session.two.jdakka.017473.0003: MainProcess                     : MainThread     : INFO    : Load resource configurations for radical.one
2017-11-03 18:50:30,245: rp.session.two.jdakka.017473.0003: MainProcess                     : MainThread     : INFO    : Load resource configurations from /home/jdakka/UCL/ties_null_workload/venv/local/lib/python2.7/site-packages/radical/pilot/configs/resource_ncar.json
2017-11-03 18:50:30,246: rp.session.two.jdakka.017473.0003: MainProcess                     : MainThread     : INFO    : Load resource configurations for ncar.yellowstone_ssh
2017-11-03 18:50:30,246: rp.session.two.jdakka.017473.0003: MainProcess                     : MainThread     : INFO    : Load resource configurations from /home/jdakka/UCL/ties_null_workload/venv/local/lib/python2.7/site-packages/radical/pilot/configs/resource_rice.json
2017-11-03 18:50:30,248: rp.session.two.jdakka.017473.0003: MainProcess                     : MainThread     : INFO    : Load resource configurations for rice.davinci_ssh
2017-11-03 18:50:30,248: rp.session.two.jdakka.017473.0003: MainProcess                     : MainThread     : INFO    : Load resource configurations for rice.biou_ssh
2017-11-03 18:50:30,248: rp.session.two.jdakka.017473.0003: MainProcess                     : MainThread     : INFO    : Load resource configurations from /home/jdakka/UCL/ties_null_workload/venv/local/lib/python2.7/site-packages/radical/pilot/configs/resource_das5.json
2017-11-03 18:50:30,249: rp.session.two.jdakka.017473.0003: MainProcess                     : MainThread     : INFO    : Load resource configurations for das5.fs1_ssh
2017-11-03 18:50:31,573: rp.session.two.jdakka.017473.0003: MainProcess                     : MainThread     : INFO    : New Session created: rp.session.two.jdakka.017473.0003.
2017-11-03 18:50:31,574: rp.session.two.jdakka.017473.0003: MainProcess                     : MainThread     : DEBUG   : start bridges   : {u'control_pubsub': {u'bulk_size': 0, u'log_level': u'debug', u'stall_hwm': 1},
 u'log_pubsub': {u'bulk_size': 0, u'log_level': u'debug', u'stall_hwm': 1},
 u'state_pubsub': {u'bulk_size': 0, u'log_level': u'debug', u'stall_hwm': 1}}
2017-11-03 18:50:31,575: rp.session.two.jdakka.017473.0003: MainProcess                     : MainThread     : INFO    : create bridge control_pubsub
2017-11-03 18:50:31,604: rp.session.two.jdakka.017473.0003: MainProcess                     : MainThread     : INFO    : created bridge control_pubsub (control.pubsub.bridge.0000)
2017-11-03 18:50:31,605: rp.session.two.jdakka.017473.0003: MainProcess                     : MainThread     : INFO    : create bridge state_pubsub
2017-11-03 18:50:31,628: rp.session.two.jdakka.017473.0003: MainProcess                     : MainThread     : INFO    : created bridge state_pubsub (state.pubsub.bridge.0000)
2017-11-03 18:50:31,629: rp.session.two.jdakka.017473.0003: MainProcess                     : MainThread     : INFO    : create bridge log_pubsub
2017-11-03 18:50:31,653: rp.session.two.jdakka.017473.0003: MainProcess                     : MainThread     : INFO    : created bridge log_pubsub (log.pubsub.bridge.0000)
2017-11-03 18:50:31,654: rp.session.two.jdakka.017473.0003: MainProcess                     : MainThread     : DEBUG   : start components: {u'UpdateWorker': {u'count': 1}}
2017-11-03 18:50:31,654: rp.session.two.jdakka.017473.0003: MainProcess                     : MainThread     : DEBUG   : start 1 component(s) UpdateWorker
2017-11-03 18:50:32,447: rp.session.two.jdakka.017473.0003: MainProcess                     : MainThread     : INFO    : rp.session.two.jdakka.017473.0003 starts update.0
2017-11-03 18:50:32,968: rp.session.two.jdakka.017473.0003: MainProcess                     : MainThread     : DEBUG   : rsup.PTYShell('gsissh://bw.ncsa.illinois.edu')
2017-11-03 18:50:41,130: rp.session.two.jdakka.017473.0003: MainProcess                     : MainThread     : DEBUG   : sandbox base gsissh://bw.ncsa.illinois.edu: '/scratch/sciteam/dakka'
2017-11-03 18:50:41,338: rp.session.two.jdakka.017473.0003: MainProcess                     : MainThread     : DEBUG   : bulk pilot insert result: {'nModified': 0, 'nUpserted': 0, 'nMatched': 0, 'writeErrors': [], 'upserted': [], 'writeConcernErrors': [], 'nRemoved': 0, 'nInserted': 1}
2017-11-03 18:50:41,348: rp.session.two.jdakka.017473.0003: pmgr.0000.launching.0           : MainThread     : DEBUG   : rsup.PTYShell('gsissh://bw.ncsa.illinois.edu')
2017-11-03 18:50:46,357: rp.session.two.jdakka.017473.0003: pmgr.0000.launching.0           : MainThread     : DEBUG   : sandbox base gsissh://bw.ncsa.illinois.edu: '/scratch/sciteam/dakka'
2017-11-03 19:02:38,838: rp.session.two.jdakka.017473.0003: task-manager                    : MainThread     : DEBUG   : bulk unit insert result: {'nModified': 0, 'nUpserted': 0, 'nMatched': 0, 'writeErrors': [], 'upserted': [], 'writeConcernErrors': [], 'nRemoved': 0, 'nInserted': 1}
2017-11-03 19:02:38,957: rp.session.two.jdakka.017473.0003: task-manager                    : MainThread     : DEBUG   : bulk unit insert result: {'nModified': 0, 'nUpserted': 0, 'nMatched': 0, 'writeErrors': [], 'upserted': [], 'writeConcernErrors': [], 'nRemoved': 0, 'nInserted': 1}
2017-11-03 19:02:39,068: rp.session.two.jdakka.017473.0003: task-manager                    : MainThread     : DEBUG   : bulk unit insert result: {'nModified': 0, 'nUpserted': 0, 'nMatched': 0, 'writeErrors': [], 'upserted': [], 'writeConcernErrors': [], 'nRemoved': 0, 'nInserted': 1}
2017-11-03 19:02:39,180: rp.session.two.jdakka.017473.0003: task-manager                    : MainThread     : DEBUG   : bulk unit insert result: {'nModified': 0, 'nUpserted': 0, 'nMatched': 0, 'writeErrors': [], 'upserted': [], 'writeConcernErrors': [], 'nRemoved': 0, 'nInserted': 1}
2017-11-03 19:02:39,296: rp.session.two.jdakka.017473.0003: task-manager                    : MainThread     : DEBUG   : bulk unit insert result: {'nModified': 0, 'nUpserted': 0, 'nMatched': 0, 'writeErrors': [], 'upserted': [], 'writeConcernErrors': [], 'nRemoved': 0, 'nInserted': 1}
2017-11-03 19:02:39,414: rp.session.two.jdakka.017473.0003: task-manager                    : MainThread     : DEBUG   : bulk unit insert result: {'nModified': 0, 'nUpserted': 0, 'nMatched': 0, 'writeErrors': [], 'upserted': [], 'writeConcernErrors': [], 'nRemoved': 0, 'nInserted': 1}
2017-11-03 19:02:39,532: rp.session.two.jdakka.017473.0003: task-manager                    : MainThread     : DEBUG   : bulk unit insert result: {'nModified': 0, 'nUpserted': 0, 'nMatched': 0, 'writeErrors': [], 'upserted': [], 'writeConcernErrors': [], 'nRemoved': 0, 'nInserted': 1}
2017-11-03 19:02:39,639: rp.session.two.jdakka.017473.0003: task-manager                    : MainThread     : DEBUG   : bulk unit insert result: {'nModified': 0, 'nUpserted': 0, 'nMatched': 0, 'writeErrors': [], 'upserted': [], 'writeConcernErrors': [], 'nRemoved': 0, 'nInserted': 1}
2017-11-03 19:02:39,745: rp.session.two.jdakka.017473.0003: task-manager                    : MainThread     : DEBUG   : bulk unit insert result: {'nModified': 0, 'nUpserted': 0, 'nMatched': 0, 'writeErrors': [], 'upserted': [], 'writeConcernErrors': [], 'nRemoved': 0, 'nInserted': 1}
2017-11-03 19:02:39,852: rp.session.two.jdakka.017473.0003: task-manager                    : MainThread     : DEBUG   : bulk unit insert result: {'nModified': 0, 'nUpserted': 0, 'nMatched': 0, 'writeErrors': [], 'upserted': [], 'writeConcernErrors': [], 'nRemoved': 0, 'nInserted': 1}
2017-11-03 19:02:39,959: rp.session.two.jdakka.017473.0003: task-manager                    : MainThread     : DEBUG   : bulk unit insert result: {'nModified': 0, 'nUpserted': 0, 'nMatched': 0, 'writeErrors': [], 'upserted': [], 'writeConcernErrors': [], 'nRemoved': 0, 'nInserted': 1}
2017-11-03 19:02:40,077: rp.session.two.jdakka.017473.0003: task-manager                    : MainThread     : DEBUG   : bulk unit insert result: {'nModified': 0, 'nUpserted': 0, 'nMatched': 0, 'writeErrors': [], 'upserted': [], 'writeConcernErrors': [], 'nRemoved': 0, 'nInserted': 1}
2017-11-03 19:02:40,187: rp.session.two.jdakka.017473.0003: task-manager                    : MainThread     : DEBUG   : bulk unit insert result: {'nModified': 0, 'nUpserted': 0, 'nMatched': 0, 'writeErrors': [], 'upserted': [], 'writeConcernErrors': [], 'nRemoved': 0, 'nInserted': 1}
2017-11-03 19:02:40,299: rp.session.two.jdakka.017473.0003: task-manager                    : MainThread     : DEBUG   : bulk unit insert result: {'nModified': 0, 'nUpserted': 0, 'nMatched': 0, 'writeErrors': [], 'upserted': [], 'writeConcernErrors': [], 'nRemoved': 0, 'nInserted': 1}
2017-11-03 19:02:40,415: rp.session.two.jdakka.017473.0003: task-manager                    : MainThread     : DEBUG   : bulk unit insert result: {'nModified': 0, 'nUpserted': 0, 'nMatched': 0, 'writeErrors': [], 'upserted': [], 'writeConcernErrors': [], 'nRemoved': 0, 'nInserted': 1}
2017-11-03 19:02:40,534: rp.session.two.jdakka.017473.0003: task-manager                    : MainThread     : DEBUG   : bulk unit insert result: {'nModified': 0, 'nUpserted': 0, 'nMatched': 0, 'writeErrors': [], 'upserted': [], 'writeConcernErrors': [], 'nRemoved': 0, 'nInserted': 1}
2017-11-03 19:02:44,572: rp.session.two.jdakka.017473.0003: task-manager                    : MainThread     : DEBUG   : bulk unit insert result: {'nModified': 0, 'nUpserted': 0, 'nMatched': 0, 'writeErrors': [], 'upserted': [], 'writeConcernErrors': [], 'nRemoved': 0, 'nInserted': 1}
2017-11-03 19:02:44,989: rp.session.two.jdakka.017473.0003: task-manager                    : MainThread     : DEBUG   : bulk unit insert result: {'nModified': 0, 'nUpserted': 0, 'nMatched': 0, 'writeErrors': [], 'upserted': [], 'writeConcernErrors': [], 'nRemoved': 0, 'nInserted': 1}
2017-11-03 19:02:45,893: rp.session.two.jdakka.017473.0003: task-manager                    : MainThread     : DEBUG   : bulk unit insert result: {'nModified': 0, 'nUpserted': 0, 'nMatched': 0, 'writeErrors': [], 'upserted': [], 'writeConcernErrors': [], 'nRemoved': 0, 'nInserted': 1}
2017-11-03 19:02:46,006: rp.session.two.jdakka.017473.0003: task-manager                    : MainThread     : DEBUG   : bulk unit insert result: {'nModified': 0, 'nUpserted': 0, 'nMatched': 0, 'writeErrors': [], 'upserted': [], 'writeConcernErrors': [], 'nRemoved': 0, 'nInserted': 1}
2017-11-03 19:02:46,129: rp.session.two.jdakka.017473.0003: task-manager                    : MainThread     : DEBUG   : bulk unit insert result: {'nModified': 0, 'nUpserted': 0, 'nMatched': 0, 'writeErrors': [], 'upserted': [], 'writeConcernErrors': [], 'nRemoved': 0, 'nInserted': 1}
2017-11-03 19:02:46,245: rp.session.two.jdakka.017473.0003: task-manager                    : MainThread     : DEBUG   : bulk unit insert result: {'nModified': 0, 'nUpserted': 0, 'nMatched': 0, 'writeErrors': [], 'upserted': [], 'writeConcernErrors': [], 'nRemoved': 0, 'nInserted': 1}
2017-11-03 19:02:47,180: rp.session.two.jdakka.017473.0003: task-manager                    : MainThread     : DEBUG   : bulk unit insert result: {'nModified': 0, 'nUpserted': 0, 'nMatched': 0, 'writeErrors': [], 'upserted': [], 'writeConcernErrors': [], 'nRemoved': 0, 'nInserted': 1}
2017-11-03 19:02:47,295: rp.session.two.jdakka.017473.0003: task-manager                    : MainThread     : DEBUG   : bulk unit insert result: {'nModified': 0, 'nUpserted': 0, 'nMatched': 0, 'writeErrors': [], 'upserted': [], 'writeConcernErrors': [], 'nRemoved': 0, 'nInserted': 1}
2017-11-03 19:02:48,488: rp.session.two.jdakka.017473.0003: task-manager                    : MainThread     : DEBUG   : bulk unit insert result: {'nModified': 0, 'nUpserted': 0, 'nMatched': 0, 'writeErrors': [], 'upserted': [], 'writeConcernErrors': [], 'nRemoved': 0, 'nInserted': 1}
2017-11-03 19:02:48,606: rp.session.two.jdakka.017473.0003: task-manager                    : MainThread     : DEBUG   : bulk unit insert result: {'nModified': 0, 'nUpserted': 0, 'nMatched': 0, 'writeErrors': [], 'upserted': [], 'writeConcernErrors': [], 'nRemoved': 0, 'nInserted': 1}
2017-11-03 19:02:49,784: rp.session.two.jdakka.017473.0003: task-manager                    : MainThread     : DEBUG   : bulk unit insert result: {'nModified': 0, 'nUpserted': 0, 'nMatched': 0, 'writeErrors': [], 'upserted': [], 'writeConcernErrors': [], 'nRemoved': 0, 'nInserted': 1}
2017-11-03 19:02:49,895: rp.session.two.jdakka.017473.0003: task-manager                    : MainThread     : DEBUG   : bulk unit insert result: {'nModified': 0, 'nUpserted': 0, 'nMatched': 0, 'writeErrors': [], 'upserted': [], 'writeConcernErrors': [], 'nRemoved': 0, 'nInserted': 1}
2017-11-03 19:02:50,014: rp.session.two.jdakka.017473.0003: task-manager                    : MainThread     : DEBUG   : bulk unit insert result: {'nModified': 0, 'nUpserted': 0, 'nMatched': 0, 'writeErrors': [], 'upserted': [], 'writeConcernErrors': [], 'nRemoved': 0, 'nInserted': 1}
2017-11-03 19:02:50,127: rp.session.two.jdakka.017473.0003: task-manager                    : MainThread     : DEBUG   : bulk unit insert result: {'nModified': 0, 'nUpserted': 0, 'nMatched': 0, 'writeErrors': [], 'upserted': [], 'writeConcernErrors': [], 'nRemoved': 0, 'nInserted': 1}
2017-11-03 19:02:50,237: rp.session.two.jdakka.017473.0003: task-manager                    : MainThread     : DEBUG   : bulk unit insert result: {'nModified': 0, 'nUpserted': 0, 'nMatched': 0, 'writeErrors': [], 'upserted': [], 'writeConcernErrors': [], 'nRemoved': 0, 'nInserted': 1}
2017-11-03 19:02:51,104: rp.session.two.jdakka.017473.0003: task-manager                    : MainThread     : DEBUG   : bulk unit insert result: {'nModified': 0, 'nUpserted': 0, 'nMatched': 0, 'writeErrors': [], 'upserted': [], 'writeConcernErrors': [], 'nRemoved': 0, 'nInserted': 1}
2017-11-03 19:02:52,500: rp.session.two.jdakka.017473.0003: task-manager                    : MainThread     : DEBUG   : bulk unit insert result: {'nModified': 0, 'nUpserted': 0, 'nMatched': 0, 'writeErrors': [], 'upserted': [], 'writeConcernErrors': [], 'nRemoved': 0, 'nInserted': 1}
2017-11-03 19:02:52,612: rp.session.two.jdakka.017473.0003: task-manager                    : MainThread     : DEBUG   : bulk unit insert result: {'nModified': 0, 'nUpserted': 0, 'nMatched': 0, 'writeErrors': [], 'upserted': [], 'writeConcernErrors': [], 'nRemoved': 0, 'nInserted': 1}
2017-11-03 19:02:52,727: rp.session.two.jdakka.017473.0003: task-manager                    : MainThread     : DEBUG   : bulk unit insert result: {'nModified': 0, 'nUpserted': 0, 'nMatched': 0, 'writeErrors': [], 'upserted': [], 'writeConcernErrors': [], 'nRemoved': 0, 'nInserted': 1}
2017-11-03 19:02:53,948: rp.session.two.jdakka.017473.0003: task-manager                    : MainThread     : DEBUG   : bulk unit insert result: {'nModified': 0, 'nUpserted': 0, 'nMatched': 0, 'writeErrors': [], 'upserted': [], 'writeConcernErrors': [], 'nRemoved': 0, 'nInserted': 1}
2017-11-03 19:02:55,390: rp.session.two.jdakka.017473.0003: task-manager                    : MainThread     : DEBUG   : bulk unit insert result: {'nModified': 0, 'nUpserted': 0, 'nMatched': 0, 'writeErrors': [], 'upserted': [], 'writeConcernErrors': [], 'nRemoved': 0, 'nInserted': 1}
2017-11-03 19:02:55,516: rp.session.two.jdakka.017473.0003: task-manager                    : MainThread     : DEBUG   : bulk unit insert result: {'nModified': 0, 'nUpserted': 0, 'nMatched': 0, 'writeErrors': [], 'upserted': [], 'writeConcernErrors': [], 'nRemoved': 0, 'nInserted': 1}
2017-11-03 19:02:55,627: rp.session.two.jdakka.017473.0003: task-manager                    : MainThread     : DEBUG   : bulk unit insert result: {'nModified': 0, 'nUpserted': 0, 'nMatched': 0, 'writeErrors': [], 'upserted': [], 'writeConcernErrors': [], 'nRemoved': 0, 'nInserted': 1}
2017-11-03 19:02:56,673: rp.session.two.jdakka.017473.0003: task-manager                    : MainThread     : DEBUG   : bulk unit insert result: {'nModified': 0, 'nUpserted': 0, 'nMatched': 0, 'writeErrors': [], 'upserted': [], 'writeConcernErrors': [], 'nRemoved': 0, 'nInserted': 1}
2017-11-03 19:02:56,788: rp.session.two.jdakka.017473.0003: task-manager                    : MainThread     : DEBUG   : bulk unit insert result: {'nModified': 0, 'nUpserted': 0, 'nMatched': 0, 'writeErrors': [], 'upserted': [], 'writeConcernErrors': [], 'nRemoved': 0, 'nInserted': 1}
2017-11-03 19:02:58,109: rp.session.two.jdakka.017473.0003: task-manager                    : MainThread     : DEBUG   : bulk unit insert result: {'nModified': 0, 'nUpserted': 0, 'nMatched': 0, 'writeErrors': [], 'upserted': [], 'writeConcernErrors': [], 'nRemoved': 0, 'nInserted': 1}
2017-11-03 19:02:58,224: rp.session.two.jdakka.017473.0003: task-manager                    : MainThread     : DEBUG   : bulk unit insert result: {'nModified': 0, 'nUpserted': 0, 'nMatched': 0, 'writeErrors': [], 'upserted': [], 'writeConcernErrors': [], 'nRemoved': 0, 'nInserted': 1}
2017-11-03 19:02:58,336: rp.session.two.jdakka.017473.0003: task-manager                    : MainThread     : DEBUG   : bulk unit insert result: {'nModified': 0, 'nUpserted': 0, 'nMatched': 0, 'writeErrors': [], 'upserted': [], 'writeConcernErrors': [], 'nRemoved': 0, 'nInserted': 1}
2017-11-03 19:03:00,917: rp.session.two.jdakka.017473.0003: task-manager                    : MainThread     : DEBUG   : bulk unit insert result: {'nModified': 0, 'nUpserted': 0, 'nMatched': 0, 'writeErrors': [], 'upserted': [], 'writeConcernErrors': [], 'nRemoved': 0, 'nInserted': 1}
2017-11-03 19:03:01,042: rp.session.two.jdakka.017473.0003: task-manager                    : MainThread     : DEBUG   : bulk unit insert result: {'nModified': 0, 'nUpserted': 0, 'nMatched': 0, 'writeErrors': [], 'upserted': [], 'writeConcernErrors': [], 'nRemoved': 0, 'nInserted': 1}
2017-11-03 19:03:01,160: rp.session.two.jdakka.017473.0003: task-manager                    : MainThread     : DEBUG   : bulk unit insert result: {'nModified': 0, 'nUpserted': 0, 'nMatched': 0, 'writeErrors': [], 'upserted': [], 'writeConcernErrors': [], 'nRemoved': 0, 'nInserted': 1}
2017-11-03 19:03:01,272: rp.session.two.jdakka.017473.0003: task-manager                    : MainThread     : DEBUG   : bulk unit insert result: {'nModified': 0, 'nUpserted': 0, 'nMatched': 0, 'writeErrors': [], 'upserted': [], 'writeConcernErrors': [], 'nRemoved': 0, 'nInserted': 1}
2017-11-03 19:03:01,399: rp.session.two.jdakka.017473.0003: task-manager                    : MainThread     : DEBUG   : bulk unit insert result: {'nModified': 0, 'nUpserted': 0, 'nMatched': 0, 'writeErrors': [], 'upserted': [], 'writeConcernErrors': [], 'nRemoved': 0, 'nInserted': 1}
2017-11-03 19:03:01,507: rp.session.two.jdakka.017473.0003: task-manager                    : MainThread     : DEBUG   : bulk unit insert result: {'nModified': 0, 'nUpserted': 0, 'nMatched': 0, 'writeErrors': [], 'upserted': [], 'writeConcernErrors': [], 'nRemoved': 0, 'nInserted': 1}
2017-11-03 19:03:02,268: rp.session.two.jdakka.017473.0003: task-manager                    : MainThread     : DEBUG   : bulk unit insert result: {'nModified': 0, 'nUpserted': 0, 'nMatched': 0, 'writeErrors': [], 'upserted': [], 'writeConcernErrors': [], 'nRemoved': 0, 'nInserted': 1}
2017-11-03 19:03:05,111: rp.session.two.jdakka.017473.0003: task-manager                    : MainThread     : DEBUG   : bulk unit insert result: {'nModified': 0, 'nUpserted': 0, 'nMatched': 0, 'writeErrors': [], 'upserted': [], 'writeConcernErrors': [], 'nRemoved': 0, 'nInserted': 1}
2017-11-03 19:03:05,231: rp.session.two.jdakka.017473.0003: task-manager                    : MainThread     : DEBUG   : bulk unit insert result: {'nModified': 0, 'nUpserted': 0, 'nMatched': 0, 'writeErrors': [], 'upserted': [], 'writeConcernErrors': [], 'nRemoved': 0, 'nInserted': 1}
2017-11-03 19:03:05,361: rp.session.two.jdakka.017473.0003: task-manager                    : MainThread     : DEBUG   : bulk unit insert result: {'nModified': 0, 'nUpserted': 0, 'nMatched': 0, 'writeErrors': [], 'upserted': [], 'writeConcernErrors': [], 'nRemoved': 0, 'nInserted': 1}
2017-11-03 19:03:06,589: rp.session.two.jdakka.017473.0003: task-manager                    : MainThread     : DEBUG   : bulk unit insert result: {'nModified': 0, 'nUpserted': 0, 'nMatched': 0, 'writeErrors': [], 'upserted': [], 'writeConcernErrors': [], 'nRemoved': 0, 'nInserted': 1}
2017-11-03 19:03:06,704: rp.session.two.jdakka.017473.0003: task-manager                    : MainThread     : DEBUG   : bulk unit insert result: {'nModified': 0, 'nUpserted': 0, 'nMatched': 0, 'writeErrors': [], 'upserted': [], 'writeConcernErrors': [], 'nRemoved': 0, 'nInserted': 1}
2017-11-03 19:03:06,822: rp.session.two.jdakka.017473.0003: task-manager                    : MainThread     : DEBUG   : bulk unit insert result: {'nModified': 0, 'nUpserted': 0, 'nMatched': 0, 'writeErrors': [], 'upserted': [], 'writeConcernErrors': [], 'nRemoved': 0, 'nInserted': 1}
2017-11-03 19:03:08,024: rp.session.two.jdakka.017473.0003: task-manager                    : MainThread     : DEBUG   : bulk unit insert result: {'nModified': 0, 'nUpserted': 0, 'nMatched': 0, 'writeErrors': [], 'upserted': [], 'writeConcernErrors': [], 'nRemoved': 0, 'nInserted': 1}
2017-11-03 19:03:08,143: rp.session.two.jdakka.017473.0003: task-manager                    : MainThread     : DEBUG   : bulk unit insert result: {'nModified': 0, 'nUpserted': 0, 'nMatched': 0, 'writeErrors': [], 'upserted': [], 'writeConcernErrors': [], 'nRemoved': 0, 'nInserted': 1}
2017-11-03 19:03:08,255: rp.session.two.jdakka.017473.0003: task-manager                    : MainThread     : DEBUG   : bulk unit insert result: {'nModified': 0, 'nUpserted': 0, 'nMatched': 0, 'writeErrors': [], 'upserted': [], 'writeConcernErrors': [], 'nRemoved': 0, 'nInserted': 1}
2017-11-03 19:03:11,104: rp.session.two.jdakka.017473.0003: task-manager                    : MainThread     : DEBUG   : bulk unit insert result: {'nModified': 0, 'nUpserted': 0, 'nMatched': 0, 'writeErrors': [], 'upserted': [], 'writeConcernErrors': [], 'nRemoved': 0, 'nInserted': 1}
2017-11-03 19:03:11,237: rp.session.two.jdakka.017473.0003: task-manager                    : MainThread     : DEBUG   : bulk unit insert result: {'nModified': 0, 'nUpserted': 0, 'nMatched': 0, 'writeErrors': [], 'upserted': [], 'writeConcernErrors': [], 'nRemoved': 0, 'nInserted': 1}
2017-11-03 19:03:18,125: rp.session.two.jdakka.017473.0003: task-manager                    : MainThread     : DEBUG   : bulk unit insert result: {'nModified': 0, 'nUpserted': 0, 'nMatched': 0, 'writeErrors': [], 'upserted': [], 'writeConcernErrors': [], 'nRemoved': 0, 'nInserted': 1}
2017-11-03 19:03:18,263: rp.session.two.jdakka.017473.0003: task-manager                    : MainThread     : DEBUG   : bulk unit insert result: {'nModified': 0, 'nUpserted': 0, 'nMatched': 0, 'writeErrors': [], 'upserted': [], 'writeConcernErrors': [], 'nRemoved': 0, 'nInserted': 1}
2017-11-03 19:03:51,504: rp.session.two.jdakka.017473.0003: MainProcess                     : MainThread     : DEBUG   : session rp.session.two.jdakka.017473.0003 closing
2017-11-03 19:03:51,504: rp.session.two.jdakka.017473.0003: MainProcess                     : MainThread     : DEBUG   : session rp.session.two.jdakka.017473.0003 closes pmgr   pmgr.0000
2017-11-03 19:03:54,278: rp.session.two.jdakka.017473.0003: MainProcess                     : MainThread     : DEBUG   : session rp.session.two.jdakka.017473.0003 closed pmgr   pmgr.0000
2017-11-03 19:03:54,278: rp.session.two.jdakka.017473.0003: MainProcess                     : MainThread     : DEBUG   : session rp.session.two.jdakka.017473.0003 closes comp   update.0
2017-11-03 19:03:54,278: rp.session.two.jdakka.017473.0003: MainProcess                     : MainThread     : DEBUG   :  === update.0 stop called
2017-11-03 19:03:54,340: rp.session.two.jdakka.017473.0003: update.0                        : MainThread     : DEBUG   :  === update.0.child stop called
2017-11-03 19:03:54,532: rp.session.two.jdakka.017473.0003: update.0                        : MainThread     : DEBUG   :  === update.0.child stop called
2017-11-03 19:03:54,587: rp.session.two.jdakka.017473.0003: MainProcess                     : MainThread     : DEBUG   : session rp.session.two.jdakka.017473.0003 closed comp   update.0
2017-11-03 19:03:54,587: rp.session.two.jdakka.017473.0003: MainProcess                     : MainThread     : DEBUG   : session rp.session.two.jdakka.017473.0003 closes bridge control.pubsub.bridge.0000
2017-11-03 19:03:55,563: rp.session.two.jdakka.017473.0003: MainProcess                     : MainThread     : DEBUG   : session rp.session.two.jdakka.017473.0003 closed bridge control.pubsub.bridge.0000
2017-11-03 19:03:55,563: rp.session.two.jdakka.017473.0003: MainProcess                     : MainThread     : DEBUG   : session rp.session.two.jdakka.017473.0003 closes bridge state.pubsub.bridge.0000
2017-11-03 19:03:56,546: rp.session.two.jdakka.017473.0003: MainProcess                     : MainThread     : DEBUG   : session rp.session.two.jdakka.017473.0003 closed bridge state.pubsub.bridge.0000
2017-11-03 19:03:56,547: rp.session.two.jdakka.017473.0003: MainProcess                     : MainThread     : DEBUG   : session rp.session.two.jdakka.017473.0003 closes bridge log.pubsub.bridge.0000
2017-11-03 19:03:57,479: rp.session.two.jdakka.017473.0003: MainProcess                     : MainThread     : DEBUG   : session rp.session.two.jdakka.017473.0003 closed bridge log.pubsub.bridge.0000
2017-11-03 19:03:57,479: rp.session.two.jdakka.017473.0003: MainProcess                     : MainThread     : DEBUG   : session rp.session.two.jdakka.017473.0003 closes db (False)
2017-11-03 19:03:57,479: rp.session.two.jdakka.017473.0003: MainProcess                     : MainThread     : DEBUG   : session rp.session.two.jdakka.017473.0003 closed (delete=False)
2017-11-03 19:03:57,554: rp.session.two.jdakka.017473.0003: MainProcess                     : MainThread     : DEBUG   :  === update.0 stop called
