2017-11-03 19:02:37,380: umgr.staging.output.queue.bridge.0000.child: umgr.staging.output.queue.bridge.0000.child: MainThread     : INFO    : python.interpreter   version: 2.7.12 (default, Nov 19 2016, 06:48:10) [GCC 5.4.0 20160609]
2017-11-03 19:02:37,380: umgr.staging.output.queue.bridge.0000.child: umgr.staging.output.queue.bridge.0000.child: MainThread     : INFO    :                      pid: 7242
2017-11-03 19:02:37,380: umgr.staging.output.queue.bridge.0000.child: umgr.staging.output.queue.bridge.0000.child: MainThread     : INFO    :                      tid: MainThread
2017-11-03 19:02:37,381: umgr.staging.output.queue.bridge.0000.child: umgr.staging.output.queue.bridge.0000.child: MainThread     : INFO    : radical.pilot        version: 0.47-v0.46.2-181-g138b1e15@HEAD-detached-at-origin-rc-v0.46.3
2017-11-03 19:02:37,381: umgr.staging.output.queue.bridge.0000.child: umgr.staging.output.queue.bridge.0000.child: MainThread     : INFO    : start bridge umgr.staging.output.queue.bridge.0000.child on tcp://*:*
2017-11-03 19:02:37,381: umgr.staging.output.queue.bridge.0000.child: umgr.staging.output.queue.bridge.0000.child: MainThread     : INFO    : bound bridge umgr.staging.output.queue.bridge.0000.child to tcp://0.0.0.0:36256 : tcp://0.0.0.0:33520
2017-11-03 19:02:44,396: umgr.staging.output.queue.bridge.0000.child: umgr.staging.output.queue.bridge.0000.child: MainThread     : DEBUG   : sent  1 [hwm: 1]
2017-11-03 19:02:45,697: umgr.staging.output.queue.bridge.0000.child: umgr.staging.output.queue.bridge.0000.child: MainThread     : DEBUG   : sent  1 [hwm: 1]
2017-11-03 19:02:46,998: umgr.staging.output.queue.bridge.0000.child: umgr.staging.output.queue.bridge.0000.child: MainThread     : DEBUG   : sent  1 [hwm: 1]
2017-11-03 19:02:48,303: umgr.staging.output.queue.bridge.0000.child: umgr.staging.output.queue.bridge.0000.child: MainThread     : DEBUG   : sent  1 [hwm: 1]
2017-11-03 19:02:49,604: umgr.staging.output.queue.bridge.0000.child: umgr.staging.output.queue.bridge.0000.child: MainThread     : DEBUG   : sent  1 [hwm: 1]
2017-11-03 19:02:50,950: umgr.staging.output.queue.bridge.0000.child: umgr.staging.output.queue.bridge.0000.child: MainThread     : DEBUG   : sent  1 [hwm: 1]
2017-11-03 19:02:52,317: umgr.staging.output.queue.bridge.0000.child: umgr.staging.output.queue.bridge.0000.child: MainThread     : DEBUG   : sent  1 [hwm: 1]
2017-11-03 19:02:53,798: umgr.staging.output.queue.bridge.0000.child: umgr.staging.output.queue.bridge.0000.child: MainThread     : DEBUG   : sent  1 [hwm: 1]
2017-11-03 19:02:55,171: umgr.staging.output.queue.bridge.0000.child: umgr.staging.output.queue.bridge.0000.child: MainThread     : DEBUG   : sent  1 [hwm: 1]
2017-11-03 19:02:56,489: umgr.staging.output.queue.bridge.0000.child: umgr.staging.output.queue.bridge.0000.child: MainThread     : DEBUG   : sent  1 [hwm: 1]
2017-11-03 19:02:57,951: umgr.staging.output.queue.bridge.0000.child: umgr.staging.output.queue.bridge.0000.child: MainThread     : DEBUG   : sent  1 [hwm: 1]
2017-11-03 19:03:00,658: umgr.staging.output.queue.bridge.0000.child: umgr.staging.output.queue.bridge.0000.child: MainThread     : DEBUG   : sent  1 [hwm: 1]
2017-11-03 19:03:02,048: umgr.staging.output.queue.bridge.0000.child: umgr.staging.output.queue.bridge.0000.child: MainThread     : DEBUG   : sent  1 [hwm: 1]
2017-11-03 19:03:04,950: umgr.staging.output.queue.bridge.0000.child: umgr.staging.output.queue.bridge.0000.child: MainThread     : DEBUG   : sent  1 [hwm: 1]
2017-11-03 19:03:06,389: umgr.staging.output.queue.bridge.0000.child: umgr.staging.output.queue.bridge.0000.child: MainThread     : DEBUG   : sent  1 [hwm: 1]
2017-11-03 19:03:07,795: umgr.staging.output.queue.bridge.0000.child: umgr.staging.output.queue.bridge.0000.child: MainThread     : DEBUG   : sent  1 [hwm: 1]
2017-11-03 19:03:09,376: umgr.staging.output.queue.bridge.0000.child: umgr.staging.output.queue.bridge.0000.child: MainThread     : DEBUG   : sent  1 [hwm: 1]
2017-11-03 19:03:10,873: umgr.staging.output.queue.bridge.0000.child: umgr.staging.output.queue.bridge.0000.child: MainThread     : DEBUG   : sent  1 [hwm: 1]
2017-11-03 19:03:12,189: umgr.staging.output.queue.bridge.0000.child: umgr.staging.output.queue.bridge.0000.child: MainThread     : DEBUG   : sent  1 [hwm: 1]
2017-11-03 19:03:13,639: umgr.staging.output.queue.bridge.0000.child: umgr.staging.output.queue.bridge.0000.child: MainThread     : DEBUG   : sent  1 [hwm: 1]
2017-11-03 19:03:15,092: umgr.staging.output.queue.bridge.0000.child: umgr.staging.output.queue.bridge.0000.child: MainThread     : DEBUG   : sent  1 [hwm: 1]
2017-11-03 19:03:16,530: umgr.staging.output.queue.bridge.0000.child: umgr.staging.output.queue.bridge.0000.child: MainThread     : DEBUG   : sent  1 [hwm: 1]
2017-11-03 19:03:17,945: umgr.staging.output.queue.bridge.0000.child: umgr.staging.output.queue.bridge.0000.child: MainThread     : DEBUG   : sent  1 [hwm: 1]
2017-11-03 19:03:19,267: umgr.staging.output.queue.bridge.0000.child: umgr.staging.output.queue.bridge.0000.child: MainThread     : DEBUG   : sent  1 [hwm: 1]
2017-11-03 19:03:23,554: umgr.staging.output.queue.bridge.0000.child: umgr.staging.output.queue.bridge.0000.child: MainThread     : DEBUG   : sent  1 [hwm: 1]
2017-11-03 19:03:25,010: umgr.staging.output.queue.bridge.0000.child: umgr.staging.output.queue.bridge.0000.child: MainThread     : DEBUG   : sent  1 [hwm: 1]
2017-11-03 19:03:48,034: umgr.staging.output.queue.bridge.0000.child: umgr.staging.output.queue.bridge.0000.child: MainThread     : WARNING : not alive anymore?
