2017-11-03 19:02:37,653: umgr.0000.staging.output.0.child: umgr.0000.staging.output.0      : MainThread     : INFO    : python.interpreter   version: 2.7.12 (default, Nov 19 2016, 06:48:10) [GCC 5.4.0 20160609]
2017-11-03 19:02:37,653: umgr.0000.staging.output.0.child: umgr.0000.staging.output.0      : MainThread     : INFO    :                      pid: 7286
2017-11-03 19:02:37,654: umgr.0000.staging.output.0.child: umgr.0000.staging.output.0      : MainThread     : INFO    :                      tid: MainThread
2017-11-03 19:02:37,654: umgr.0000.staging.output.0.child: umgr.0000.staging.output.0      : MainThread     : INFO    : radical.pilot        version: 0.47-v0.46.2-181-g138b1e15@HEAD-detached-at-origin-rc-v0.46.3
2017-11-03 19:02:37,783: umgr.0000.staging.output.0.child: umgr.0000.staging.output.0      : MainThread     : INFO    : initialize umgr.0000.staging.output.0.child
2017-11-03 19:02:37,786: umgr.0000.staging.output.0.child: umgr.0000.staging.output.0      : MainThread     : INFO    : cfg: {'agents': {},
 u'bridges': {u'control_pubsub': {'addr_in': 'tcp://138.201.86.166:42532',
                                  'addr_out': 'tcp://138.201.86.166:37472',
                                  u'bulk_size': 0,
                                  u'log_level': u'debug',
                                  u'stall_hwm': 1},
              u'log_pubsub': {'addr_in': 'tcp://138.201.86.166:42031',
                              'addr_out': 'tcp://138.201.86.166:35075',
                              u'bulk_size': 0,
                              u'log_level': u'debug',
                              u'stall_hwm': 1},
              u'state_pubsub': {'addr_in': 'tcp://138.201.86.166:33094',
                                'addr_out': 'tcp://138.201.86.166:37993',
                                u'bulk_size': 0,
                                u'log_level': u'debug',
                                u'stall_hwm': 1},
              u'umgr_reschedule_pubsub': {'addr_in': 'tcp://138.201.86.166:35335',
                                          'addr_out': 'tcp://138.201.86.166:43144',
                                          u'bulk_size': 0,
                                          u'log_level': u'debug',
                                          u'stall_hwm': 1},
              u'umgr_scheduling_queue': {'addr_in': 'tcp://138.201.86.166:46299',
                                         'addr_out': 'tcp://138.201.86.166:35374',
                                         u'bulk_size': 0,
                                         u'log_level': u'debug',
                                         u'stall_hwm': 1},
              u'umgr_staging_input_queue': {'addr_in': 'tcp://138.201.86.166:38196',
                                            'addr_out': 'tcp://138.201.86.166:38400',
                                            u'bulk_size': 0,
                                            u'log_level': u'debug',
                                            u'stall_hwm': 1},
              u'umgr_staging_output_queue': {'addr_in': 'tcp://138.201.86.166:36256',
                                             'addr_out': 'tcp://138.201.86.166:33520',
                                             u'bulk_size': 0,
                                             u'log_level': u'debug',
                                             u'stall_hwm': 1},
              u'umgr_unschedule_pubsub': {'addr_in': 'tcp://138.201.86.166:40784',
                                          'addr_out': 'tcp://138.201.86.166:38024',
                                          u'bulk_size': 0,
                                          u'log_level': u'debug',
                                          u'stall_hwm': 1}},
 u'bulk_collection_size': 100,
 u'bulk_collection_time': 1.0,
 'cname': u'UMGRStagingOutputComponent',
 u'components': {},
 u'count': 1,
 u'db_poll_sleeptime': 1.0,
 'number': 0,
 'owner': 'umgr.0000',
 u'scheduler': u'round_robin',
 'uid': 'umgr.0000'}
2017-11-03 19:02:37,786: umgr.0000.staging.output.0.child: umgr.0000.staging.output.0      : MainThread     : DEBUG   : start components: {}
2017-11-03 19:02:37,786: umgr.0000.staging.output.0.child: umgr.0000.staging.output.0      : MainThread     : DEBUG   : alive check in term
2017-11-03 19:02:37,786: umgr.0000.staging.output.0.child: umgr.0000.staging.output.0      : MainThread     : DEBUG   : START: umgr.0000.staging.output.0.child register publisher log_pubsub
2017-11-03 19:02:37,786: umgr.0000.staging.output.0.child: umgr.0000.staging.output.0      : MainThread     : DEBUG   : using addr tcp://138.201.86.166:42031 for pubsub log_pubsub
2017-11-03 19:02:37,787: umgr.0000.staging.output.0.child: umgr.0000.staging.output.0      : MainThread     : DEBUG   : registered publisher : log_pubsub : log.pubsub.pub.0004
2017-11-03 19:02:37,788: umgr.0000.staging.output.0.child: umgr.0000.staging.output.0      : MainThread     : DEBUG   : alive check in term
2017-11-03 19:02:37,788: umgr.0000.staging.output.0.child: umgr.0000.staging.output.0      : MainThread     : DEBUG   : START: umgr.0000.staging.output.0.child register publisher state_pubsub
2017-11-03 19:02:37,788: umgr.0000.staging.output.0.child: umgr.0000.staging.output.0      : MainThread     : DEBUG   : using addr tcp://138.201.86.166:33094 for pubsub state_pubsub
2017-11-03 19:02:37,789: umgr.0000.staging.output.0.child: umgr.0000.staging.output.0      : MainThread     : DEBUG   : registered publisher : state_pubsub : state.pubsub.pub.0004
2017-11-03 19:02:37,789: umgr.0000.staging.output.0.child: umgr.0000.staging.output.0      : MainThread     : DEBUG   : alive check in term
2017-11-03 19:02:37,789: umgr.0000.staging.output.0.child: umgr.0000.staging.output.0      : MainThread     : DEBUG   : START: umgr.0000.staging.output.0.child register publisher control_pubsub
2017-11-03 19:02:37,789: umgr.0000.staging.output.0.child: umgr.0000.staging.output.0      : MainThread     : DEBUG   : using addr tcp://138.201.86.166:42532 for pubsub control_pubsub
2017-11-03 19:02:37,790: umgr.0000.staging.output.0.child: umgr.0000.staging.output.0      : MainThread     : DEBUG   : registered publisher : control_pubsub : control.pubsub.pub.0004
2017-11-03 19:02:37,790: umgr.0000.staging.output.0.child: umgr.0000.staging.output.0      : MainThread     : DEBUG   : alive check in term
2017-11-03 19:02:37,790: umgr.0000.staging.output.0.child: umgr.0000.staging.output.0      : MainThread     : DEBUG   : START: umgr.0000.staging.output.0.child register subscriber umgr.0000.staging.output.0.child.subscriber._cancel_monitor_cb
2017-11-03 19:02:37,790: umgr.0000.staging.output.0.child: umgr.0000.staging.output.0      : MainThread     : DEBUG   : using addr tcp://138.201.86.166:37472 for pubsub control_pubsub
2017-11-03 19:02:37,791: umgr.0000.staging.output.0.child: umgr.0000.staging.output.0      : MainThread     : DEBUG   : parent name: umgr.0000.staging.output.0.child.subscriber._cancel_monitor_cb
2017-11-03 19:02:37,791: umgr.0000.staging.output.0.child: umgr.0000.staging.output.0      : MainThread     : DEBUG   : start thread
2017-11-03 19:02:37,792: umgr.0000.staging.output.0.child: umgr.0000.staging.output.0      : umgr.0000.staging.output.0.child.subscriber._cancel_monitor_cb: DEBUG   : child name: umgr.0000.staging.output.0.child.subscriber._cancel_monitor_cb.thread
2017-11-03 19:02:37,792: umgr.0000.staging.output.0.child: umgr.0000.staging.output.0      : umgr.0000.staging.output.0.child.subscriber._cancel_monitor_cb: INFO    : child (me) initializing
2017-11-03 19:02:37,792: umgr.0000.staging.output.0.child: umgr.0000.staging.output.0      : umgr.0000.staging.output.0.child.subscriber._cancel_monitor_cb: DEBUG   : ru_initialize_common (NOOP)
2017-11-03 19:02:37,792: umgr.0000.staging.output.0.child: umgr.0000.staging.output.0      : umgr.0000.staging.output.0.child.subscriber._cancel_monitor_cb: DEBUG   : ru_initialize_child (NOOP)
2017-11-03 19:02:37,792: umgr.0000.staging.output.0.child: umgr.0000.staging.output.0      : umgr.0000.staging.output.0.child.subscriber._cancel_monitor_cb: INFO    : send alive
2017-11-03 19:02:37,792: umgr.0000.staging.output.0.child: umgr.0000.staging.output.0      : umgr.0000.staging.output.0.child.subscriber._cancel_monitor_cb: INFO    : put message: [umgr.0000.staging.output.0.child.subscriber._cancel_monitor_cb.thread] alive
2017-11-03 19:02:37,792: umgr.0000.staging.output.0.child: umgr.0000.staging.output.0      : MainThread     : INFO    : get msg: alive
2017-11-03 19:02:37,792: umgr.0000.staging.output.0.child: umgr.0000.staging.output.0      : MainThread     : DEBUG   : ru_initialize_common (NOOP)
2017-11-03 19:02:37,792: umgr.0000.staging.output.0.child: umgr.0000.staging.output.0      : MainThread     : DEBUG   : ru_initialize_parent (NOOP)
2017-11-03 19:02:37,792: umgr.0000.staging.output.0.child: umgr.0000.staging.output.0      : MainThread     : DEBUG   : child thread umgr.0000.staging.output.0.child.subscriber._cancel_monitor_cb started
2017-11-03 19:02:37,792: umgr.0000.staging.output.0.child: umgr.0000.staging.output.0      : MainThread     : DEBUG   : umgr.0000.staging.output.0.child registered control_pubsub subscriber umgr.0000.staging.output.0.child.subscriber._cancel_monitor_cb
2017-11-03 19:02:37,792: umgr.0000.staging.output.0.child: umgr.0000.staging.output.0      : MainThread     : DEBUG   : alive check in term
2017-11-03 19:02:37,792: umgr.0000.staging.output.0.child: umgr.0000.staging.output.0      : MainThread     : DEBUG   : using addr tcp://138.201.86.166:33520 for input umgr_staging_output_queue
2017-11-03 19:02:37,793: umgr.0000.staging.output.0.child: umgr.0000.staging.output.0      : MainThread     : DEBUG   : registered input umgr.0000.staging.output.0.child.work.UMGR_STAGING_OUTPUT_PENDING
2017-11-03 19:02:37,793: umgr.0000.staging.output.0.child: umgr.0000.staging.output.0      : MainThread     : DEBUG   : START: umgr.0000.staging.output.0.child register input UMGR_STAGING_OUTPUT_PENDING: umgr.0000.staging.output.0.child.work.UMGR_STAGING_OUTPUT_PENDING
2017-11-03 19:02:37,793: umgr.0000.staging.output.0.child: umgr.0000.staging.output.0      : MainThread     : DEBUG   : registered worker work [UMGR_STAGING_OUTPUT_PENDING]
2017-11-03 19:02:37,793: umgr.0000.staging.output.0.child: umgr.0000.staging.output.0      : MainThread     : INFO    : child (me) initializing
2017-11-03 19:02:37,793: umgr.0000.staging.output.0.child: umgr.0000.staging.output.0      : MainThread     : DEBUG   : parent name: umgr.0000.staging.output.0.child.watch
2017-11-03 19:02:37,793: umgr.0000.staging.output.0.child: umgr.0000.staging.output.0      : MainThread     : DEBUG   : start thread
2017-11-03 19:02:37,794: umgr.0000.staging.output.0.child: umgr.0000.staging.output.0      : umgr.0000.staging.output.0.child.watch: DEBUG   : child name: umgr.0000.staging.output.0.child.watch.thread
2017-11-03 19:02:37,794: umgr.0000.staging.output.0.child: umgr.0000.staging.output.0      : umgr.0000.staging.output.0.child.watch: INFO    : child (me) initializing
2017-11-03 19:02:37,794: umgr.0000.staging.output.0.child: umgr.0000.staging.output.0      : umgr.0000.staging.output.0.child.watch: DEBUG   : ru_initialize_common (NOOP)
2017-11-03 19:02:37,794: umgr.0000.staging.output.0.child: umgr.0000.staging.output.0      : umgr.0000.staging.output.0.child.watch: DEBUG   : ru_initialize_child (NOOP)
2017-11-03 19:02:37,794: umgr.0000.staging.output.0.child: umgr.0000.staging.output.0      : umgr.0000.staging.output.0.child.watch: INFO    : send alive
2017-11-03 19:02:37,794: umgr.0000.staging.output.0.child: umgr.0000.staging.output.0      : umgr.0000.staging.output.0.child.watch: INFO    : put message: [umgr.0000.staging.output.0.child.watch.thread] alive
2017-11-03 19:02:37,795: umgr.0000.staging.output.0.child: umgr.0000.staging.output.0      : MainThread     : INFO    : get msg: alive
2017-11-03 19:02:37,795: umgr.0000.staging.output.0.child: umgr.0000.staging.output.0      : MainThread     : DEBUG   : ru_initialize_common (NOOP)
2017-11-03 19:02:37,795: umgr.0000.staging.output.0.child: umgr.0000.staging.output.0      : MainThread     : DEBUG   : ru_initialize_parent (NOOP)
2017-11-03 19:02:37,795: umgr.0000.staging.output.0.child: umgr.0000.staging.output.0      : MainThread     : DEBUG   : child thread umgr.0000.staging.output.0.child.watch started
2017-11-03 19:02:37,795: umgr.0000.staging.output.0.child: umgr.0000.staging.output.0      : MainThread     : INFO    : child (me) is alive
2017-11-03 19:02:37,795: umgr.0000.staging.output.0.child: umgr.0000.staging.output.0      : MainThread     : INFO    : send alive
2017-11-03 19:02:37,795: umgr.0000.staging.output.0.child: umgr.0000.staging.output.0      : MainThread     : INFO    : send message: [umgr.0000.staging.output.0.child] alive
2017-11-03 19:02:38,728: umgr.0000.staging.output.0.child: umgr.0000.staging.output.0      : umgr.0000.staging.output.0.child.subscriber._cancel_monitor_cb: DEBUG   : command ignored: add_pilots
2017-11-03 19:02:44,397: umgr.0000.staging.output.0.child: umgr.0000.staging.output.0      : MainThread     : DEBUG   : got unit (unit.000000)
2017-11-03 19:02:44,397: umgr.0000.staging.output.0.child: umgr.0000.staging.output.0      : MainThread     : DEBUG   : got unit (unit.000002)
2017-11-03 19:02:44,397: umgr.0000.staging.output.0.child: umgr.0000.staging.output.0      : MainThread     : DEBUG   : advance bulk size: 2 [False, True]
2017-11-03 19:02:44,397: umgr.0000.staging.output.0.child: umgr.0000.staging.output.0      : MainThread     : DEBUG   : advance bulk size: 2 [True, True]
2017-11-03 19:02:44,397: umgr.0000.staging.output.0.child: umgr.0000.staging.output.0      : MainThread     : DEBUG   : final unit.000000 [DONE]
2017-11-03 19:02:44,397: umgr.0000.staging.output.0.child: umgr.0000.staging.output.0      : MainThread     : DEBUG   : final unit.000002 [DONE]
2017-11-03 19:02:45,697: umgr.0000.staging.output.0.child: umgr.0000.staging.output.0      : MainThread     : DEBUG   : got unit (unit.000006)
2017-11-03 19:02:45,697: umgr.0000.staging.output.0.child: umgr.0000.staging.output.0      : MainThread     : DEBUG   : got unit (unit.000004)
2017-11-03 19:02:45,697: umgr.0000.staging.output.0.child: umgr.0000.staging.output.0      : MainThread     : DEBUG   : got unit (unit.000008)
2017-11-03 19:02:45,697: umgr.0000.staging.output.0.child: umgr.0000.staging.output.0      : MainThread     : DEBUG   : got unit (unit.000010)
2017-11-03 19:02:45,697: umgr.0000.staging.output.0.child: umgr.0000.staging.output.0      : MainThread     : DEBUG   : advance bulk size: 4 [False, True]
2017-11-03 19:02:45,697: umgr.0000.staging.output.0.child: umgr.0000.staging.output.0      : MainThread     : DEBUG   : advance bulk size: 4 [True, True]
2017-11-03 19:02:45,698: umgr.0000.staging.output.0.child: umgr.0000.staging.output.0      : MainThread     : DEBUG   : final unit.000006 [DONE]
2017-11-03 19:02:45,698: umgr.0000.staging.output.0.child: umgr.0000.staging.output.0      : MainThread     : DEBUG   : final unit.000004 [DONE]
2017-11-03 19:02:45,698: umgr.0000.staging.output.0.child: umgr.0000.staging.output.0      : MainThread     : DEBUG   : final unit.000008 [DONE]
2017-11-03 19:02:45,698: umgr.0000.staging.output.0.child: umgr.0000.staging.output.0      : MainThread     : DEBUG   : final unit.000010 [DONE]
2017-11-03 19:02:46,999: umgr.0000.staging.output.0.child: umgr.0000.staging.output.0      : MainThread     : DEBUG   : got unit (unit.000014)
2017-11-03 19:02:46,999: umgr.0000.staging.output.0.child: umgr.0000.staging.output.0      : MainThread     : DEBUG   : got unit (unit.000012)
2017-11-03 19:02:46,999: umgr.0000.staging.output.0.child: umgr.0000.staging.output.0      : MainThread     : DEBUG   : advance bulk size: 2 [False, True]
2017-11-03 19:02:46,999: umgr.0000.staging.output.0.child: umgr.0000.staging.output.0      : MainThread     : DEBUG   : advance bulk size: 2 [True, True]
2017-11-03 19:02:46,999: umgr.0000.staging.output.0.child: umgr.0000.staging.output.0      : MainThread     : DEBUG   : final unit.000014 [DONE]
2017-11-03 19:02:46,999: umgr.0000.staging.output.0.child: umgr.0000.staging.output.0      : MainThread     : DEBUG   : final unit.000012 [DONE]
2017-11-03 19:02:48,304: umgr.0000.staging.output.0.child: umgr.0000.staging.output.0      : MainThread     : DEBUG   : got unit (unit.000001)
2017-11-03 19:02:48,304: umgr.0000.staging.output.0.child: umgr.0000.staging.output.0      : MainThread     : DEBUG   : got unit (unit.000003)
2017-11-03 19:02:48,304: umgr.0000.staging.output.0.child: umgr.0000.staging.output.0      : MainThread     : DEBUG   : advance bulk size: 2 [False, True]
2017-11-03 19:02:48,304: umgr.0000.staging.output.0.child: umgr.0000.staging.output.0      : MainThread     : DEBUG   : advance bulk size: 2 [True, True]
2017-11-03 19:02:48,304: umgr.0000.staging.output.0.child: umgr.0000.staging.output.0      : MainThread     : DEBUG   : final unit.000001 [DONE]
2017-11-03 19:02:48,304: umgr.0000.staging.output.0.child: umgr.0000.staging.output.0      : MainThread     : DEBUG   : final unit.000003 [DONE]
2017-11-03 19:02:49,604: umgr.0000.staging.output.0.child: umgr.0000.staging.output.0      : MainThread     : DEBUG   : got unit (unit.000005)
2017-11-03 19:02:49,604: umgr.0000.staging.output.0.child: umgr.0000.staging.output.0      : MainThread     : DEBUG   : got unit (unit.000007)
2017-11-03 19:02:49,604: umgr.0000.staging.output.0.child: umgr.0000.staging.output.0      : MainThread     : DEBUG   : got unit (unit.000009)
2017-11-03 19:02:49,604: umgr.0000.staging.output.0.child: umgr.0000.staging.output.0      : MainThread     : DEBUG   : got unit (unit.000011)
2017-11-03 19:02:49,604: umgr.0000.staging.output.0.child: umgr.0000.staging.output.0      : MainThread     : DEBUG   : got unit (unit.000013)
2017-11-03 19:02:49,604: umgr.0000.staging.output.0.child: umgr.0000.staging.output.0      : MainThread     : DEBUG   : advance bulk size: 5 [False, True]
2017-11-03 19:02:49,605: umgr.0000.staging.output.0.child: umgr.0000.staging.output.0      : MainThread     : DEBUG   : advance bulk size: 5 [True, True]
2017-11-03 19:02:49,605: umgr.0000.staging.output.0.child: umgr.0000.staging.output.0      : MainThread     : DEBUG   : final unit.000005 [DONE]
2017-11-03 19:02:49,605: umgr.0000.staging.output.0.child: umgr.0000.staging.output.0      : MainThread     : DEBUG   : final unit.000007 [DONE]
2017-11-03 19:02:49,605: umgr.0000.staging.output.0.child: umgr.0000.staging.output.0      : MainThread     : DEBUG   : final unit.000009 [DONE]
2017-11-03 19:02:49,605: umgr.0000.staging.output.0.child: umgr.0000.staging.output.0      : MainThread     : DEBUG   : final unit.000011 [DONE]
2017-11-03 19:02:49,605: umgr.0000.staging.output.0.child: umgr.0000.staging.output.0      : MainThread     : DEBUG   : final unit.000013 [DONE]
2017-11-03 19:02:50,950: umgr.0000.staging.output.0.child: umgr.0000.staging.output.0      : MainThread     : DEBUG   : got unit (unit.000015)
2017-11-03 19:02:50,950: umgr.0000.staging.output.0.child: umgr.0000.staging.output.0      : MainThread     : DEBUG   : advance bulk size: 1 [False, True]
2017-11-03 19:02:50,950: umgr.0000.staging.output.0.child: umgr.0000.staging.output.0      : MainThread     : DEBUG   : advance bulk size: 1 [True, True]
2017-11-03 19:02:50,950: umgr.0000.staging.output.0.child: umgr.0000.staging.output.0      : MainThread     : DEBUG   : final unit.000015 [DONE]
2017-11-03 19:02:52,317: umgr.0000.staging.output.0.child: umgr.0000.staging.output.0      : MainThread     : DEBUG   : got unit (unit.000020)
2017-11-03 19:02:52,317: umgr.0000.staging.output.0.child: umgr.0000.staging.output.0      : MainThread     : DEBUG   : got unit (unit.000018)
2017-11-03 19:02:52,317: umgr.0000.staging.output.0.child: umgr.0000.staging.output.0      : MainThread     : DEBUG   : got unit (unit.000017)
2017-11-03 19:02:52,317: umgr.0000.staging.output.0.child: umgr.0000.staging.output.0      : MainThread     : DEBUG   : advance bulk size: 3 [False, True]
2017-11-03 19:02:52,317: umgr.0000.staging.output.0.child: umgr.0000.staging.output.0      : MainThread     : DEBUG   : advance bulk size: 3 [True, True]
2017-11-03 19:02:52,317: umgr.0000.staging.output.0.child: umgr.0000.staging.output.0      : MainThread     : DEBUG   : final unit.000020 [DONE]
2017-11-03 19:02:52,317: umgr.0000.staging.output.0.child: umgr.0000.staging.output.0      : MainThread     : DEBUG   : final unit.000018 [DONE]
2017-11-03 19:02:52,317: umgr.0000.staging.output.0.child: umgr.0000.staging.output.0      : MainThread     : DEBUG   : final unit.000017 [DONE]
2017-11-03 19:02:53,798: umgr.0000.staging.output.0.child: umgr.0000.staging.output.0      : MainThread     : DEBUG   : got unit (unit.000023)
2017-11-03 19:02:53,798: umgr.0000.staging.output.0.child: umgr.0000.staging.output.0      : MainThread     : DEBUG   : advance bulk size: 1 [False, True]
2017-11-03 19:02:53,798: umgr.0000.staging.output.0.child: umgr.0000.staging.output.0      : MainThread     : DEBUG   : advance bulk size: 1 [True, True]
2017-11-03 19:02:53,798: umgr.0000.staging.output.0.child: umgr.0000.staging.output.0      : MainThread     : DEBUG   : final unit.000023 [DONE]
2017-11-03 19:02:55,172: umgr.0000.staging.output.0.child: umgr.0000.staging.output.0      : MainThread     : DEBUG   : got unit (unit.000025)
2017-11-03 19:02:55,172: umgr.0000.staging.output.0.child: umgr.0000.staging.output.0      : MainThread     : DEBUG   : got unit (unit.000027)
2017-11-03 19:02:55,172: umgr.0000.staging.output.0.child: umgr.0000.staging.output.0      : MainThread     : DEBUG   : got unit (unit.000029)
2017-11-03 19:02:55,172: umgr.0000.staging.output.0.child: umgr.0000.staging.output.0      : MainThread     : DEBUG   : advance bulk size: 3 [False, True]
2017-11-03 19:02:55,172: umgr.0000.staging.output.0.child: umgr.0000.staging.output.0      : MainThread     : DEBUG   : advance bulk size: 3 [True, True]
2017-11-03 19:02:55,172: umgr.0000.staging.output.0.child: umgr.0000.staging.output.0      : MainThread     : DEBUG   : final unit.000025 [DONE]
2017-11-03 19:02:55,172: umgr.0000.staging.output.0.child: umgr.0000.staging.output.0      : MainThread     : DEBUG   : final unit.000027 [DONE]
2017-11-03 19:02:55,172: umgr.0000.staging.output.0.child: umgr.0000.staging.output.0      : MainThread     : DEBUG   : final unit.000029 [DONE]
2017-11-03 19:02:56,489: umgr.0000.staging.output.0.child: umgr.0000.staging.output.0      : MainThread     : DEBUG   : got unit (unit.000031)
2017-11-03 19:02:56,489: umgr.0000.staging.output.0.child: umgr.0000.staging.output.0      : MainThread     : DEBUG   : got unit (unit.000016)
2017-11-03 19:02:56,489: umgr.0000.staging.output.0.child: umgr.0000.staging.output.0      : MainThread     : DEBUG   : advance bulk size: 2 [False, True]
2017-11-03 19:02:56,489: umgr.0000.staging.output.0.child: umgr.0000.staging.output.0      : MainThread     : DEBUG   : advance bulk size: 2 [True, True]
2017-11-03 19:02:56,490: umgr.0000.staging.output.0.child: umgr.0000.staging.output.0      : MainThread     : DEBUG   : final unit.000031 [DONE]
2017-11-03 19:02:56,490: umgr.0000.staging.output.0.child: umgr.0000.staging.output.0      : MainThread     : DEBUG   : final unit.000016 [DONE]
2017-11-03 19:02:57,951: umgr.0000.staging.output.0.child: umgr.0000.staging.output.0      : MainThread     : DEBUG   : got unit (unit.000022)
2017-11-03 19:02:57,951: umgr.0000.staging.output.0.child: umgr.0000.staging.output.0      : MainThread     : DEBUG   : got unit (unit.000033)
2017-11-03 19:02:57,951: umgr.0000.staging.output.0.child: umgr.0000.staging.output.0      : MainThread     : DEBUG   : got unit (unit.000024)
2017-11-03 19:02:57,951: umgr.0000.staging.output.0.child: umgr.0000.staging.output.0      : MainThread     : DEBUG   : advance bulk size: 3 [False, True]
2017-11-03 19:02:57,951: umgr.0000.staging.output.0.child: umgr.0000.staging.output.0      : MainThread     : DEBUG   : advance bulk size: 3 [True, True]
2017-11-03 19:02:57,951: umgr.0000.staging.output.0.child: umgr.0000.staging.output.0      : MainThread     : DEBUG   : final unit.000022 [DONE]
2017-11-03 19:02:57,952: umgr.0000.staging.output.0.child: umgr.0000.staging.output.0      : MainThread     : DEBUG   : final unit.000033 [DONE]
2017-11-03 19:02:57,952: umgr.0000.staging.output.0.child: umgr.0000.staging.output.0      : MainThread     : DEBUG   : final unit.000024 [DONE]
2017-11-03 19:03:00,658: umgr.0000.staging.output.0.child: umgr.0000.staging.output.0      : MainThread     : DEBUG   : got unit (unit.000028)
2017-11-03 19:03:00,658: umgr.0000.staging.output.0.child: umgr.0000.staging.output.0      : MainThread     : DEBUG   : got unit (unit.000026)
2017-11-03 19:03:00,658: umgr.0000.staging.output.0.child: umgr.0000.staging.output.0      : MainThread     : DEBUG   : got unit (unit.000021)
2017-11-03 19:03:00,658: umgr.0000.staging.output.0.child: umgr.0000.staging.output.0      : MainThread     : DEBUG   : got unit (unit.000037)
2017-11-03 19:03:00,658: umgr.0000.staging.output.0.child: umgr.0000.staging.output.0      : MainThread     : DEBUG   : got unit (unit.000036)
2017-11-03 19:03:00,658: umgr.0000.staging.output.0.child: umgr.0000.staging.output.0      : MainThread     : DEBUG   : got unit (unit.000038)
2017-11-03 19:03:00,658: umgr.0000.staging.output.0.child: umgr.0000.staging.output.0      : MainThread     : DEBUG   : advance bulk size: 6 [False, True]
2017-11-03 19:03:00,658: umgr.0000.staging.output.0.child: umgr.0000.staging.output.0      : MainThread     : DEBUG   : advance bulk size: 6 [True, True]
2017-11-03 19:03:00,658: umgr.0000.staging.output.0.child: umgr.0000.staging.output.0      : MainThread     : DEBUG   : final unit.000028 [DONE]
2017-11-03 19:03:00,658: umgr.0000.staging.output.0.child: umgr.0000.staging.output.0      : MainThread     : DEBUG   : final unit.000026 [DONE]
2017-11-03 19:03:00,659: umgr.0000.staging.output.0.child: umgr.0000.staging.output.0      : MainThread     : DEBUG   : final unit.000021 [DONE]
2017-11-03 19:03:00,659: umgr.0000.staging.output.0.child: umgr.0000.staging.output.0      : MainThread     : DEBUG   : final unit.000037 [DONE]
2017-11-03 19:03:00,659: umgr.0000.staging.output.0.child: umgr.0000.staging.output.0      : MainThread     : DEBUG   : final unit.000036 [DONE]
2017-11-03 19:03:00,659: umgr.0000.staging.output.0.child: umgr.0000.staging.output.0      : MainThread     : DEBUG   : final unit.000038 [DONE]
2017-11-03 19:03:02,049: umgr.0000.staging.output.0.child: umgr.0000.staging.output.0      : MainThread     : DEBUG   : got unit (unit.000040)
2017-11-03 19:03:02,049: umgr.0000.staging.output.0.child: umgr.0000.staging.output.0      : MainThread     : DEBUG   : advance bulk size: 1 [False, True]
2017-11-03 19:03:02,049: umgr.0000.staging.output.0.child: umgr.0000.staging.output.0      : MainThread     : DEBUG   : advance bulk size: 1 [True, True]
2017-11-03 19:03:02,049: umgr.0000.staging.output.0.child: umgr.0000.staging.output.0      : MainThread     : DEBUG   : final unit.000040 [DONE]
2017-11-03 19:03:04,950: umgr.0000.staging.output.0.child: umgr.0000.staging.output.0      : MainThread     : DEBUG   : got unit (unit.000019)
2017-11-03 19:03:04,951: umgr.0000.staging.output.0.child: umgr.0000.staging.output.0      : MainThread     : DEBUG   : got unit (unit.000039)
2017-11-03 19:03:04,951: umgr.0000.staging.output.0.child: umgr.0000.staging.output.0      : MainThread     : DEBUG   : got unit (unit.000043)
2017-11-03 19:03:04,951: umgr.0000.staging.output.0.child: umgr.0000.staging.output.0      : MainThread     : DEBUG   : advance bulk size: 3 [False, True]
2017-11-03 19:03:04,951: umgr.0000.staging.output.0.child: umgr.0000.staging.output.0      : MainThread     : DEBUG   : advance bulk size: 3 [True, True]
2017-11-03 19:03:04,951: umgr.0000.staging.output.0.child: umgr.0000.staging.output.0      : MainThread     : DEBUG   : final unit.000019 [DONE]
2017-11-03 19:03:04,951: umgr.0000.staging.output.0.child: umgr.0000.staging.output.0      : MainThread     : DEBUG   : final unit.000039 [DONE]
2017-11-03 19:03:04,951: umgr.0000.staging.output.0.child: umgr.0000.staging.output.0      : MainThread     : DEBUG   : final unit.000043 [DONE]
2017-11-03 19:03:06,389: umgr.0000.staging.output.0.child: umgr.0000.staging.output.0      : MainThread     : DEBUG   : got unit (unit.000030)
2017-11-03 19:03:06,389: umgr.0000.staging.output.0.child: umgr.0000.staging.output.0      : MainThread     : DEBUG   : got unit (unit.000032)
2017-11-03 19:03:06,389: umgr.0000.staging.output.0.child: umgr.0000.staging.output.0      : MainThread     : DEBUG   : got unit (unit.000034)
2017-11-03 19:03:06,389: umgr.0000.staging.output.0.child: umgr.0000.staging.output.0      : MainThread     : DEBUG   : advance bulk size: 3 [False, True]
2017-11-03 19:03:06,390: umgr.0000.staging.output.0.child: umgr.0000.staging.output.0      : MainThread     : DEBUG   : advance bulk size: 3 [True, True]
2017-11-03 19:03:06,390: umgr.0000.staging.output.0.child: umgr.0000.staging.output.0      : MainThread     : DEBUG   : final unit.000030 [DONE]
2017-11-03 19:03:06,390: umgr.0000.staging.output.0.child: umgr.0000.staging.output.0      : MainThread     : DEBUG   : final unit.000032 [DONE]
2017-11-03 19:03:06,390: umgr.0000.staging.output.0.child: umgr.0000.staging.output.0      : MainThread     : DEBUG   : final unit.000034 [DONE]
2017-11-03 19:03:07,795: umgr.0000.staging.output.0.child: umgr.0000.staging.output.0      : MainThread     : DEBUG   : got unit (unit.000045)
2017-11-03 19:03:07,795: umgr.0000.staging.output.0.child: umgr.0000.staging.output.0      : MainThread     : DEBUG   : got unit (unit.000046)
2017-11-03 19:03:07,796: umgr.0000.staging.output.0.child: umgr.0000.staging.output.0      : MainThread     : DEBUG   : got unit (unit.000049)
2017-11-03 19:03:07,796: umgr.0000.staging.output.0.child: umgr.0000.staging.output.0      : MainThread     : DEBUG   : got unit (unit.000035)
2017-11-03 19:03:07,796: umgr.0000.staging.output.0.child: umgr.0000.staging.output.0      : MainThread     : DEBUG   : got unit (unit.000042)
2017-11-03 19:03:07,796: umgr.0000.staging.output.0.child: umgr.0000.staging.output.0      : MainThread     : DEBUG   : advance bulk size: 5 [False, True]
2017-11-03 19:03:07,796: umgr.0000.staging.output.0.child: umgr.0000.staging.output.0      : MainThread     : DEBUG   : advance bulk size: 5 [True, True]
2017-11-03 19:03:07,796: umgr.0000.staging.output.0.child: umgr.0000.staging.output.0      : MainThread     : DEBUG   : final unit.000045 [DONE]
2017-11-03 19:03:07,796: umgr.0000.staging.output.0.child: umgr.0000.staging.output.0      : MainThread     : DEBUG   : final unit.000046 [DONE]
2017-11-03 19:03:07,796: umgr.0000.staging.output.0.child: umgr.0000.staging.output.0      : MainThread     : DEBUG   : final unit.000049 [DONE]
2017-11-03 19:03:07,796: umgr.0000.staging.output.0.child: umgr.0000.staging.output.0      : MainThread     : DEBUG   : final unit.000035 [DONE]
2017-11-03 19:03:07,796: umgr.0000.staging.output.0.child: umgr.0000.staging.output.0      : MainThread     : DEBUG   : final unit.000042 [DONE]
2017-11-03 19:03:09,376: umgr.0000.staging.output.0.child: umgr.0000.staging.output.0      : MainThread     : DEBUG   : got unit (unit.000048)
2017-11-03 19:03:09,376: umgr.0000.staging.output.0.child: umgr.0000.staging.output.0      : MainThread     : DEBUG   : advance bulk size: 1 [False, True]
2017-11-03 19:03:09,376: umgr.0000.staging.output.0.child: umgr.0000.staging.output.0      : MainThread     : DEBUG   : advance bulk size: 1 [True, True]
2017-11-03 19:03:09,376: umgr.0000.staging.output.0.child: umgr.0000.staging.output.0      : MainThread     : DEBUG   : final unit.000048 [DONE]
2017-11-03 19:03:10,874: umgr.0000.staging.output.0.child: umgr.0000.staging.output.0      : MainThread     : DEBUG   : got unit (unit.000041)
2017-11-03 19:03:10,874: umgr.0000.staging.output.0.child: umgr.0000.staging.output.0      : MainThread     : DEBUG   : got unit (unit.000047)
2017-11-03 19:03:10,874: umgr.0000.staging.output.0.child: umgr.0000.staging.output.0      : MainThread     : DEBUG   : got unit (unit.000044)
2017-11-03 19:03:10,874: umgr.0000.staging.output.0.child: umgr.0000.staging.output.0      : MainThread     : DEBUG   : got unit (unit.000053)
2017-11-03 19:03:10,874: umgr.0000.staging.output.0.child: umgr.0000.staging.output.0      : MainThread     : DEBUG   : advance bulk size: 4 [False, True]
2017-11-03 19:03:10,875: umgr.0000.staging.output.0.child: umgr.0000.staging.output.0      : MainThread     : DEBUG   : advance bulk size: 4 [True, True]
2017-11-03 19:03:10,876: umgr.0000.staging.output.0.child: umgr.0000.staging.output.0      : MainThread     : DEBUG   : final unit.000041 [DONE]
2017-11-03 19:03:10,876: umgr.0000.staging.output.0.child: umgr.0000.staging.output.0      : MainThread     : DEBUG   : final unit.000047 [DONE]
2017-11-03 19:03:10,876: umgr.0000.staging.output.0.child: umgr.0000.staging.output.0      : MainThread     : DEBUG   : final unit.000044 [DONE]
2017-11-03 19:03:10,877: umgr.0000.staging.output.0.child: umgr.0000.staging.output.0      : MainThread     : DEBUG   : final unit.000053 [DONE]
2017-11-03 19:03:12,189: umgr.0000.staging.output.0.child: umgr.0000.staging.output.0      : MainThread     : DEBUG   : got unit (unit.000050)
2017-11-03 19:03:12,189: umgr.0000.staging.output.0.child: umgr.0000.staging.output.0      : MainThread     : DEBUG   : advance bulk size: 1 [False, True]
2017-11-03 19:03:12,189: umgr.0000.staging.output.0.child: umgr.0000.staging.output.0      : MainThread     : DEBUG   : advance bulk size: 1 [True, True]
2017-11-03 19:03:12,189: umgr.0000.staging.output.0.child: umgr.0000.staging.output.0      : MainThread     : DEBUG   : final unit.000050 [DONE]
2017-11-03 19:03:13,639: umgr.0000.staging.output.0.child: umgr.0000.staging.output.0      : MainThread     : DEBUG   : got unit (unit.000057)
2017-11-03 19:03:13,639: umgr.0000.staging.output.0.child: umgr.0000.staging.output.0      : MainThread     : DEBUG   : got unit (unit.000058)
2017-11-03 19:03:13,639: umgr.0000.staging.output.0.child: umgr.0000.staging.output.0      : MainThread     : DEBUG   : got unit (unit.000052)
2017-11-03 19:03:13,639: umgr.0000.staging.output.0.child: umgr.0000.staging.output.0      : MainThread     : DEBUG   : advance bulk size: 3 [False, True]
2017-11-03 19:03:13,639: umgr.0000.staging.output.0.child: umgr.0000.staging.output.0      : MainThread     : DEBUG   : advance bulk size: 3 [True, True]
2017-11-03 19:03:13,639: umgr.0000.staging.output.0.child: umgr.0000.staging.output.0      : MainThread     : DEBUG   : final unit.000057 [DONE]
2017-11-03 19:03:13,639: umgr.0000.staging.output.0.child: umgr.0000.staging.output.0      : MainThread     : DEBUG   : final unit.000058 [DONE]
2017-11-03 19:03:13,640: umgr.0000.staging.output.0.child: umgr.0000.staging.output.0      : MainThread     : DEBUG   : final unit.000052 [DONE]
2017-11-03 19:03:15,092: umgr.0000.staging.output.0.child: umgr.0000.staging.output.0      : MainThread     : DEBUG   : got unit (unit.000059)
2017-11-03 19:03:15,092: umgr.0000.staging.output.0.child: umgr.0000.staging.output.0      : MainThread     : DEBUG   : advance bulk size: 1 [False, True]
2017-11-03 19:03:15,092: umgr.0000.staging.output.0.child: umgr.0000.staging.output.0      : MainThread     : DEBUG   : advance bulk size: 1 [True, True]
2017-11-03 19:03:15,092: umgr.0000.staging.output.0.child: umgr.0000.staging.output.0      : MainThread     : DEBUG   : final unit.000059 [DONE]
2017-11-03 19:03:16,531: umgr.0000.staging.output.0.child: umgr.0000.staging.output.0      : MainThread     : DEBUG   : got unit (unit.000056)
2017-11-03 19:03:16,531: umgr.0000.staging.output.0.child: umgr.0000.staging.output.0      : MainThread     : DEBUG   : got unit (unit.000055)
2017-11-03 19:03:16,531: umgr.0000.staging.output.0.child: umgr.0000.staging.output.0      : MainThread     : DEBUG   : advance bulk size: 2 [False, True]
2017-11-03 19:03:16,531: umgr.0000.staging.output.0.child: umgr.0000.staging.output.0      : MainThread     : DEBUG   : advance bulk size: 2 [True, True]
2017-11-03 19:03:16,531: umgr.0000.staging.output.0.child: umgr.0000.staging.output.0      : MainThread     : DEBUG   : final unit.000056 [DONE]
2017-11-03 19:03:16,531: umgr.0000.staging.output.0.child: umgr.0000.staging.output.0      : MainThread     : DEBUG   : final unit.000055 [DONE]
2017-11-03 19:03:17,946: umgr.0000.staging.output.0.child: umgr.0000.staging.output.0      : MainThread     : DEBUG   : got unit (unit.000051)
2017-11-03 19:03:17,946: umgr.0000.staging.output.0.child: umgr.0000.staging.output.0      : MainThread     : DEBUG   : got unit (unit.000054)
2017-11-03 19:03:17,946: umgr.0000.staging.output.0.child: umgr.0000.staging.output.0      : MainThread     : DEBUG   : advance bulk size: 2 [False, True]
2017-11-03 19:03:17,946: umgr.0000.staging.output.0.child: umgr.0000.staging.output.0      : MainThread     : DEBUG   : advance bulk size: 2 [True, True]
2017-11-03 19:03:17,946: umgr.0000.staging.output.0.child: umgr.0000.staging.output.0      : MainThread     : DEBUG   : final unit.000051 [DONE]
2017-11-03 19:03:17,946: umgr.0000.staging.output.0.child: umgr.0000.staging.output.0      : MainThread     : DEBUG   : final unit.000054 [DONE]
2017-11-03 19:03:19,268: umgr.0000.staging.output.0.child: umgr.0000.staging.output.0      : MainThread     : DEBUG   : got unit (unit.000061)
2017-11-03 19:03:19,268: umgr.0000.staging.output.0.child: umgr.0000.staging.output.0      : MainThread     : DEBUG   : advance bulk size: 1 [False, True]
2017-11-03 19:03:19,268: umgr.0000.staging.output.0.child: umgr.0000.staging.output.0      : MainThread     : DEBUG   : advance bulk size: 1 [True, True]
2017-11-03 19:03:19,269: umgr.0000.staging.output.0.child: umgr.0000.staging.output.0      : MainThread     : DEBUG   : final unit.000061 [DONE]
2017-11-03 19:03:23,554: umgr.0000.staging.output.0.child: umgr.0000.staging.output.0      : MainThread     : DEBUG   : got unit (unit.000060)
2017-11-03 19:03:23,554: umgr.0000.staging.output.0.child: umgr.0000.staging.output.0      : MainThread     : DEBUG   : advance bulk size: 1 [False, True]
2017-11-03 19:03:23,554: umgr.0000.staging.output.0.child: umgr.0000.staging.output.0      : MainThread     : DEBUG   : advance bulk size: 1 [True, True]
2017-11-03 19:03:23,554: umgr.0000.staging.output.0.child: umgr.0000.staging.output.0      : MainThread     : DEBUG   : final unit.000060 [DONE]
2017-11-03 19:03:25,010: umgr.0000.staging.output.0.child: umgr.0000.staging.output.0      : MainThread     : DEBUG   : got unit (unit.000062)
2017-11-03 19:03:25,010: umgr.0000.staging.output.0.child: umgr.0000.staging.output.0      : MainThread     : DEBUG   : got unit (unit.000063)
2017-11-03 19:03:25,010: umgr.0000.staging.output.0.child: umgr.0000.staging.output.0      : MainThread     : DEBUG   : advance bulk size: 2 [False, True]
2017-11-03 19:03:25,011: umgr.0000.staging.output.0.child: umgr.0000.staging.output.0      : MainThread     : DEBUG   : advance bulk size: 2 [True, True]
2017-11-03 19:03:25,011: umgr.0000.staging.output.0.child: umgr.0000.staging.output.0      : MainThread     : DEBUG   : final unit.000062 [DONE]
2017-11-03 19:03:25,011: umgr.0000.staging.output.0.child: umgr.0000.staging.output.0      : MainThread     : DEBUG   : final unit.000063 [DONE]
2017-11-03 19:03:41,374: umgr.0000.staging.output.0.child: umgr.0000.staging.output.0      : umgr.0000.staging.output.0.child.subscriber._cancel_monitor_cb: DEBUG   : command ignored: cancel_pilots
2017-11-03 19:03:42,028: umgr.0000.staging.output.0.child: umgr.0000.staging.output.0      : MainThread     : DEBUG   : ru_finalize_common()
2017-11-03 19:03:42,028: umgr.0000.staging.output.0.child: umgr.0000.staging.output.0      : MainThread     : DEBUG   : TERM : umgr.0000.staging.output.0.child unregister publisher log_pubsub
2017-11-03 19:03:42,029: umgr.0000.staging.output.0.child: umgr.0000.staging.output.0      : MainThread     : DEBUG   : unregistered publisher log_pubsub
2017-11-03 19:03:42,030: umgr.0000.staging.output.0.child: umgr.0000.staging.output.0      : MainThread     : DEBUG   : TERM : umgr.0000.staging.output.0.child unregister publisher state_pubsub
2017-11-03 19:03:42,031: umgr.0000.staging.output.0.child: umgr.0000.staging.output.0      : MainThread     : DEBUG   : unregistered publisher state_pubsub
2017-11-03 19:03:42,031: umgr.0000.staging.output.0.child: umgr.0000.staging.output.0      : MainThread     : DEBUG   : TERM : umgr.0000.staging.output.0.child unregister publisher control_pubsub
2017-11-03 19:03:42,032: umgr.0000.staging.output.0.child: umgr.0000.staging.output.0      : MainThread     : DEBUG   : unregistered publisher control_pubsub
2017-11-03 19:03:42,032: umgr.0000.staging.output.0.child: umgr.0000.staging.output.0      : MainThread     : DEBUG   : umgr.0000.staging.output.0.child close prof
2017-11-03 19:03:42,097: umgr.0000.staging.output.0.child: umgr.0000.staging.output.0      : MainThread     : INFO    : send message: [umgr.0000.staging.output.0.child] terminating
2017-11-03 19:03:42,111: umgr.0000.staging.output.0.child: umgr.0000.staging.output.0      : umgr.0000.staging.output.0.child.watch: INFO    : watcher closes
2017-11-03 19:03:42,111: umgr.0000.staging.output.0.child: umgr.0000.staging.output.0      : umgr.0000.staging.output.0.child.watch: INFO    : put message: [umgr.0000.staging.output.0.child.watch.thread] work finished
2017-11-03 19:03:42,111: umgr.0000.staging.output.0.child: umgr.0000.staging.output.0      : umgr.0000.staging.output.0.child.watch: DEBUG   : ru_finalize_child (NOOP)
2017-11-03 19:03:42,111: umgr.0000.staging.output.0.child: umgr.0000.staging.output.0      : umgr.0000.staging.output.0.child.watch: DEBUG   : ru_finalize_common (NOOP)
2017-11-03 19:03:42,111: umgr.0000.staging.output.0.child: umgr.0000.staging.output.0      : umgr.0000.staging.output.0.child.watch: INFO    : put message: [umgr.0000.staging.output.0.child.watch.thread] terminating
2017-11-03 19:03:42,113: umgr.0000.staging.output.0.child: umgr.0000.staging.output.0      : MainThread     : INFO    : parent stops child
2017-11-03 19:03:42,113: umgr.0000.staging.output.0.child: umgr.0000.staging.output.0      : MainThread     : DEBUG   : ru_finalize_parent (NOOP)
2017-11-03 19:03:42,114: umgr.0000.staging.output.0.child: umgr.0000.staging.output.0      : umgr.0000.staging.output.0.child.subscriber._cancel_monitor_cb: DEBUG   : ru_finalize_child (NOOP)
2017-11-03 19:03:42,114: umgr.0000.staging.output.0.child: umgr.0000.staging.output.0      : umgr.0000.staging.output.0.child.subscriber._cancel_monitor_cb: INFO    : put message: [umgr.0000.staging.output.0.child.subscriber._cancel_monitor_cb.thread] terminating
