2017-11-23 01:25:18,641: control.pubsub.sub.0001: pmgr.launching.0                : MainThread     : INFO    : python.interpreter   version: 2.7.12 (default, Nov 19 2016, 06:48:10) [GCC 5.4.0 20160609]
2017-11-23 01:25:18,641: control.pubsub.sub.0001: pmgr.launching.0                : MainThread     : INFO    :                      pid: 17861
2017-11-23 01:25:18,642: control.pubsub.sub.0001: pmgr.launching.0                : MainThread     : INFO    :                      tid: MainThread
2017-11-23 01:25:18,642: control.pubsub.sub.0001: pmgr.launching.0                : MainThread     : INFO    : radical.pilot        version: 0.47-v0.46.2-110-gfb1120a4@feature-gpu
2017-11-23 01:25:18,642: control.pubsub.sub.0001: pmgr.launching.0                : MainThread     : INFO    : create control_pubsub - sub - tcp://138.201.86.166:39722
2017-11-23 01:25:18,643: control.pubsub.sub.0001: pmgr.launching.0                : MainThread     : DEBUG   : start process
2017-11-23 01:25:18,643: control.pubsub.sub.0001: pmgr.launching.0                : MainThread     : DEBUG   : ru_initialize_common (NOOP)
2017-11-23 01:25:18,643: control.pubsub.sub.0001: pmgr.launching.0                : MainThread     : DEBUG   : ru_initialize_parent (NOOP)
2017-11-23 01:25:18,644: control.pubsub.sub.0001: pmgr.launching.0                : MainThread     : DEBUG   : process class started (no child)
2017-11-23 01:33:35,286: control.pubsub.sub.0001: umgr.scheduling.0               : MainThread     : INFO    : python.interpreter   version: 2.7.12 (default, Nov 19 2016, 06:48:10) [GCC 5.4.0 20160609]
2017-11-23 01:33:35,286: control.pubsub.sub.0001: umgr.scheduling.0               : MainThread     : INFO    :                      pid: 5280
2017-11-23 01:33:35,286: control.pubsub.sub.0001: umgr.scheduling.0               : MainThread     : INFO    :                      tid: MainThread
2017-11-23 01:33:35,286: control.pubsub.sub.0001: umgr.scheduling.0               : MainThread     : INFO    : radical.pilot        version: 0.47-v0.46.2-110-gfb1120a4@feature-gpu
2017-11-23 01:33:35,286: control.pubsub.sub.0001: umgr.scheduling.0               : MainThread     : INFO    : create control_pubsub - sub - tcp://138.201.86.166:39722
2017-11-23 01:33:35,286: control.pubsub.sub.0001: umgr.scheduling.0               : MainThread     : DEBUG   : start process
2017-11-23 01:33:35,286: control.pubsub.sub.0001: umgr.scheduling.0               : MainThread     : DEBUG   : ru_initialize_common (NOOP)
2017-11-23 01:33:35,286: control.pubsub.sub.0001: umgr.scheduling.0               : MainThread     : DEBUG   : ru_initialize_parent (NOOP)
2017-11-23 01:33:35,286: control.pubsub.sub.0001: umgr.scheduling.0               : MainThread     : DEBUG   : process class started (no child)
2017-11-23 02:19:31,682: control.pubsub.sub.0001: umgr.scheduling.0               : umgr.scheduling.0.child.subscriber._base_command_cb: INFO    : parent stops child  5280 -> None [control.pubsub.sub.0001]
2017-11-23 02:19:31,682: control.pubsub.sub.0001: umgr.scheduling.0               : umgr.scheduling.0.child.subscriber._base_command_cb: DEBUG   : ru_finalize_parent (NOOP)
