2017-11-23 01:25:17,873: control.pubsub.pub.0000: update.0                        : MainThread     : INFO    : python.interpreter   version: 2.7.12 (default, Nov 19 2016, 06:48:10) [GCC 5.4.0 20160609]
2017-11-23 01:25:17,873: control.pubsub.pub.0000: update.0                        : MainThread     : INFO    :                      pid: 17806
2017-11-23 01:25:17,873: control.pubsub.pub.0000: update.0                        : MainThread     : INFO    :                      tid: MainThread
2017-11-23 01:25:17,874: control.pubsub.pub.0000: update.0                        : MainThread     : INFO    : radical.pilot        version: 0.47-v0.46.2-110-gfb1120a4@feature-gpu
2017-11-23 01:25:17,874: control.pubsub.pub.0000: update.0                        : MainThread     : INFO    : create control_pubsub - pub - tcp://138.201.86.166:33268
2017-11-23 01:25:17,891: control.pubsub.pub.0000: update.0                        : MainThread     : DEBUG   : start process
2017-11-23 01:25:17,891: control.pubsub.pub.0000: update.0                        : MainThread     : DEBUG   : ru_initialize_common (NOOP)
2017-11-23 01:25:17,891: control.pubsub.pub.0000: update.0                        : MainThread     : DEBUG   : ru_initialize_parent (NOOP)
2017-11-23 01:25:17,891: control.pubsub.pub.0000: update.0                        : MainThread     : DEBUG   : process class started (no child)
2017-11-23 01:25:18,422: control.pubsub.pub.0000: MainProcess                     : MainThread     : INFO    : python.interpreter   version: 2.7.12 (default, Nov 19 2016, 06:48:10) [GCC 5.4.0 20160609]
2017-11-23 01:25:18,423: control.pubsub.pub.0000: MainProcess                     : MainThread     : INFO    :                      pid: 17690
2017-11-23 01:25:18,423: control.pubsub.pub.0000: MainProcess                     : MainThread     : INFO    :                      tid: MainThread
2017-11-23 01:25:18,423: control.pubsub.pub.0000: MainProcess                     : MainThread     : INFO    : radical.pilot        version: 0.47-v0.46.2-110-gfb1120a4@feature-gpu
2017-11-23 01:25:18,423: control.pubsub.pub.0000: MainProcess                     : MainThread     : INFO    : create control_pubsub - pub - tcp://138.201.86.166:33268
2017-11-23 01:25:18,424: control.pubsub.pub.0000: MainProcess                     : MainThread     : DEBUG   : start process
2017-11-23 01:25:18,424: control.pubsub.pub.0000: MainProcess                     : MainThread     : DEBUG   : ru_initialize_common (NOOP)
2017-11-23 01:25:18,424: control.pubsub.pub.0000: MainProcess                     : MainThread     : DEBUG   : ru_initialize_parent (NOOP)
2017-11-23 01:25:18,424: control.pubsub.pub.0000: MainProcess                     : MainThread     : DEBUG   : process class started (no child)
2017-11-23 02:20:13,141: control.pubsub.pub.0000: MainProcess                     : MainThread     : INFO    : parent stops child  17690 -> None [control.pubsub.pub.0000]
2017-11-23 02:20:13,141: control.pubsub.pub.0000: MainProcess                     : MainThread     : DEBUG   : ru_finalize_parent (NOOP)
2017-11-23 02:20:13,319: control.pubsub.pub.0000: update.0                        : MainThread     : INFO    : parent stops child  17806 -> None [control.pubsub.pub.0000]
2017-11-23 02:20:13,319: control.pubsub.pub.0000: update.0                        : MainThread     : DEBUG   : ru_finalize_parent (NOOP)
