2017-11-23 01:25:18,490: pmgr.launching.0    : MainProcess                     : MainThread     : INFO    : python.interpreter   version: 2.7.12 (default, Nov 19 2016, 06:48:10) [GCC 5.4.0 20160609]
2017-11-23 01:25:18,490: pmgr.launching.0    : MainProcess                     : MainThread     : INFO    :                      pid: 17690
2017-11-23 01:25:18,490: pmgr.launching.0    : MainProcess                     : MainThread     : INFO    :                      tid: MainThread
2017-11-23 01:25:18,490: pmgr.launching.0    : MainProcess                     : MainThread     : INFO    : radical.pilot        version: 0.47-v0.46.2-110-gfb1120a4@feature-gpu
2017-11-23 01:25:18,504: pmgr.launching.0    : MainProcess                     : MainThread     : DEBUG   : alive check in term
2017-11-23 01:25:18,504: pmgr.launching.0    : MainProcess                     : MainThread     : DEBUG   : start process
2017-11-23 01:25:18,655: pmgr.launching.0    : MainProcess                     : MainThread     : INFO    : recv message: alive
2017-11-23 01:25:18,655: pmgr.launching.0    : MainProcess                     : MainThread     : INFO    : initialize pmgr.launching.0
2017-11-23 01:25:18,659: pmgr.launching.0    : MainProcess                     : MainThread     : INFO    : cfg: {'agents': {},
 u'bridges': {u'control_pubsub': {'addr_in': 'tcp://138.201.86.166:33268',
                                  'addr_out': 'tcp://138.201.86.166:39722',
                                  u'bulk_size': 0,
                                  u'log_level': u'debug',
                                  u'stall_hwm': 1},
              u'log_pubsub': {'addr_in': 'tcp://138.201.86.166:38334',
                              'addr_out': 'tcp://138.201.86.166:44866',
                              u'bulk_size': 0,
                              u'log_level': u'debug',
                              u'stall_hwm': 1},
              u'pmgr_launching_queue': {'addr_in': 'tcp://138.201.86.166:43122',
                                        'addr_out': 'tcp://138.201.86.166:35863',
                                        u'bulk_size': 0,
                                        u'log_level': u'debug',
                                        u'stall_hwm': 1},
              u'state_pubsub': {'addr_in': 'tcp://138.201.86.166:38161',
                                'addr_out': 'tcp://138.201.86.166:35606',
                                u'bulk_size': 0,
                                u'log_level': u'debug',
                                u'stall_hwm': 1}},
 'cname': u'PMGRLaunchingComponent',
 u'components': {},
 u'count': 1,
 u'db_poll_sleeptime': 10.0,
 'number': 0,
 'owner': 'pmgr.0000',
 'uid': 'pmgr.0000'}
2017-11-23 01:25:18,659: pmgr.launching.0    : MainProcess                     : MainThread     : DEBUG   : alive check in term
2017-11-23 01:25:18,659: pmgr.launching.0    : MainProcess                     : MainThread     : DEBUG   : START: pmgr.launching.0 register publisher log_pubsub
2017-11-23 01:25:18,660: pmgr.launching.0    : MainProcess                     : MainThread     : DEBUG   : using addr tcp://138.201.86.166:38334 for pubsub log_pubsub
2017-11-23 01:25:18,664: pmgr.launching.0    : MainProcess                     : MainThread     : DEBUG   : registered publisher : log_pubsub : log.pubsub.pub.0001
2017-11-23 01:25:18,664: pmgr.launching.0    : MainProcess                     : MainThread     : DEBUG   : alive check in term
2017-11-23 01:25:18,664: pmgr.launching.0    : MainProcess                     : MainThread     : DEBUG   : START: pmgr.launching.0 register publisher state_pubsub
2017-11-23 01:25:18,664: pmgr.launching.0    : MainProcess                     : MainThread     : DEBUG   : using addr tcp://138.201.86.166:38161 for pubsub state_pubsub
2017-11-23 01:25:18,667: pmgr.launching.0    : MainProcess                     : MainThread     : DEBUG   : registered publisher : state_pubsub : state.pubsub.pub.0001
2017-11-23 01:25:18,667: pmgr.launching.0    : MainProcess                     : MainThread     : DEBUG   : alive check in term
2017-11-23 01:25:18,667: pmgr.launching.0    : MainProcess                     : MainThread     : DEBUG   : START: pmgr.launching.0 register publisher control_pubsub
2017-11-23 01:25:18,667: pmgr.launching.0    : MainProcess                     : MainThread     : DEBUG   : using addr tcp://138.201.86.166:33268 for pubsub control_pubsub
2017-11-23 01:25:18,671: pmgr.launching.0    : MainProcess                     : MainThread     : DEBUG   : registered publisher : control_pubsub : control.pubsub.pub.0001
2017-11-23 01:25:18,672: pmgr.launching.0    : MainProcess                     : MainThread     : DEBUG   : parent name: pmgr.launching.0.watch
2017-11-23 01:25:18,672: pmgr.launching.0    : MainProcess                     : MainThread     : DEBUG   : start thread
2017-11-23 01:25:18,672: pmgr.launching.0    : MainProcess                     : pmgr.launching.0.watch: DEBUG   : child name: pmgr.launching.0.watch.thread
2017-11-23 01:25:18,672: pmgr.launching.0    : MainProcess                     : pmgr.launching.0.watch: INFO    : child (me) initializing
2017-11-23 01:25:18,673: pmgr.launching.0    : MainProcess                     : pmgr.launching.0.watch: DEBUG   : ru_initialize_common (NOOP)
2017-11-23 01:25:18,673: pmgr.launching.0    : MainProcess                     : pmgr.launching.0.watch: DEBUG   : ru_initialize_child (NOOP)
2017-11-23 01:25:18,673: pmgr.launching.0    : MainProcess                     : pmgr.launching.0.watch: INFO    : send alive
2017-11-23 01:25:18,673: pmgr.launching.0    : MainProcess                     : pmgr.launching.0.watch: INFO    : put message: [pmgr.launching.0.watch.thread] alive
2017-11-23 01:25:18,673: pmgr.launching.0    : MainProcess                     : MainThread     : INFO    : get msg: alive
2017-11-23 01:25:18,674: pmgr.launching.0    : MainProcess                     : MainThread     : DEBUG   : ru_initialize_common (NOOP)
2017-11-23 01:25:18,674: pmgr.launching.0    : MainProcess                     : MainThread     : DEBUG   : ru_initialize_parent (NOOP)
2017-11-23 01:25:18,674: pmgr.launching.0    : MainProcess                     : MainThread     : DEBUG   : child thread pmgr.launching.0.watch started
2017-11-23 01:25:18,674: pmgr.launching.0    : MainProcess                     : MainThread     : INFO    : child is alive
2017-11-23 01:25:18,674: pmgr.launching.0    : MainProcess                     : MainThread     : DEBUG   : process class started child
2017-11-23 02:20:10,660: pmgr.launching.0    : MainProcess                     : MainThread     : INFO    : stop pmgr.launching.0 (17690 : 17861 : MainThread) [radical.pilot.pilot_manager.PilotManager.finalize_parent]
2017-11-23 02:20:10,660: pmgr.launching.0    : MainProcess                     : MainThread     : INFO    : parent stops child  17690 -> 17861 [pmgr.launching.0]
2017-11-23 02:20:10,660: pmgr.launching.0    : MainProcess                     : MainThread     : INFO    : send message: [pmgr.launching.0] STOP
2017-11-23 02:20:10,660: pmgr.launching.0    : MainProcess                     : MainThread     : DEBUG   : ru_finalize_common()
2017-11-23 02:20:10,660: pmgr.launching.0    : MainProcess                     : MainThread     : DEBUG   : TERM : pmgr.launching.0 unregister publisher log_pubsub
2017-11-23 02:20:10,661: pmgr.launching.0    : MainProcess                     : MainThread     : DEBUG   : unregistered publisher log_pubsub
2017-11-23 02:20:10,661: pmgr.launching.0    : MainProcess                     : MainThread     : DEBUG   : TERM : pmgr.launching.0 unregister publisher state_pubsub
2017-11-23 02:20:10,661: pmgr.launching.0    : MainProcess                     : MainThread     : DEBUG   : unregistered publisher state_pubsub
2017-11-23 02:20:10,661: pmgr.launching.0    : MainProcess                     : MainThread     : DEBUG   : TERM : pmgr.launching.0 unregister publisher control_pubsub
2017-11-23 02:20:10,662: pmgr.launching.0    : MainProcess                     : MainThread     : DEBUG   : unregistered publisher control_pubsub
2017-11-23 02:20:10,662: pmgr.launching.0    : MainProcess                     : MainThread     : DEBUG   : pmgr.launching.0 close prof
2017-11-23 02:20:10,726: pmgr.launching.0    : MainProcess                     : pmgr.launching.0.watch: INFO    : recv message: 
2017-11-23 02:20:10,726: pmgr.launching.0    : MainProcess                     : pmgr.launching.0.watch: INFO    : message received: 
2017-11-23 02:20:10,727: pmgr.launching.0    : MainProcess                     : pmgr.launching.0.watch: WARNING : received empty string, parent closed ep
2017-11-23 02:20:10,727: pmgr.launching.0    : MainProcess                     : pmgr.launching.0.watch: INFO    : watcher closes
2017-11-23 02:20:10,727: pmgr.launching.0    : MainProcess                     : pmgr.launching.0.watch: INFO    : put message: [pmgr.launching.0.watch.thread] work finished
2017-11-23 02:20:10,727: pmgr.launching.0    : MainProcess                     : pmgr.launching.0.watch: DEBUG   : ru_finalize_child (NOOP)
2017-11-23 02:20:10,727: pmgr.launching.0    : MainProcess                     : pmgr.launching.0.watch: DEBUG   : ru_finalize_common (NOOP)
2017-11-23 02:20:10,727: pmgr.launching.0    : MainProcess                     : pmgr.launching.0.watch: INFO    : put message: [pmgr.launching.0.watch.thread] terminating
2017-11-23 02:20:10,730: pmgr.launching.0    : MainProcess                     : MainThread     : INFO    : parent stops child
2017-11-23 02:20:10,731: pmgr.launching.0    : MainProcess                     : MainThread     : DEBUG   : ru_finalize_parent (NOOP)
2017-11-23 02:20:10,731: pmgr.launching.0    : MainProcess                     : MainThread     : DEBUG   : ru_finalize_common (NOOP)
2017-11-23 02:20:12,731: pmgr.launching.0    : MainProcess                     : MainThread     : WARNING : failed to stop child - terminate: 17690 -> 17861 [pmgr.launching.0]
2017-11-23 02:20:13,102: pmgr.launching.0    : MainProcess                     : MainThread     : INFO    : stop pmgr.launching.0 (17690 : 17861 : MainThread) [radical.pilot.utils.component.PilotManager.ru_finalize_common]
2017-11-23 02:20:16,271: pmgr.launching.0    : MainProcess                     : MainThread     : INFO    : stop pmgr.launching.0 (17690 : 17861 : MainThread) [radical.pilot.session.Session.close]
