2017-11-23 01:25:18,429: pmgr.0000           : MainProcess                     : MainThread     : INFO    : python.interpreter   version: 2.7.12 (default, Nov 19 2016, 06:48:10) [GCC 5.4.0 20160609]
2017-11-23 01:25:18,430: pmgr.0000           : MainProcess                     : MainThread     : INFO    :                      pid: 17690
2017-11-23 01:25:18,430: pmgr.0000           : MainProcess                     : MainThread     : INFO    :                      tid: MainThread
2017-11-23 01:25:18,430: pmgr.0000           : MainProcess                     : MainThread     : INFO    : radical.pilot        version: 0.47-v0.46.2-110-gfb1120a4@feature-gpu
2017-11-23 01:25:18,458: pmgr.0000           : MainProcess                     : MainThread     : DEBUG   : alive check in term
2017-11-23 01:25:18,459: pmgr.0000           : MainProcess                     : MainThread     : DEBUG   : start process
2017-11-23 01:25:18,459: pmgr.0000           : MainProcess                     : MainThread     : INFO    : initialize pmgr.0000
2017-11-23 01:25:18,460: pmgr.0000           : MainProcess                     : MainThread     : INFO    : cfg: {u'bridges': {u'pmgr_launching_queue': {u'bulk_size': 0,
                                        u'log_level': u'debug',
                                        u'stall_hwm': 1}},
 u'components': {u'PMGRLaunchingComponent': {u'count': 1}},
 u'db_poll_sleeptime': 10.0,
 'owner': 'pmgr.0000'}
2017-11-23 01:25:18,460: pmgr.0000           : MainProcess                     : MainThread     : DEBUG   : start bridges   : {u'pmgr_launching_queue': {u'bulk_size': 0,
                           u'log_level': u'debug',
                           u'stall_hwm': 1}}
2017-11-23 01:25:18,461: pmgr.0000           : MainProcess                     : MainThread     : INFO    : create bridge pmgr_launching_queue
2017-11-23 01:25:18,485: pmgr.0000           : MainProcess                     : MainThread     : INFO    : created bridge pmgr_launching_queue (pmgr.launching.queue.bridge.0000)
2017-11-23 01:25:18,486: pmgr.0000           : MainProcess                     : MainThread     : DEBUG   : start components: {u'PMGRLaunchingComponent': {u'count': 1}}
2017-11-23 01:25:18,486: pmgr.0000           : MainProcess                     : MainThread     : DEBUG   : start 1 component(s) PMGRLaunchingComponent
2017-11-23 01:25:18,674: pmgr.0000           : MainProcess                     : MainThread     : INFO    : pmgr.0000                      starts pmgr.launching.0
2017-11-23 01:25:18,675: pmgr.0000           : MainProcess                     : MainThread     : DEBUG   : alive check in term
2017-11-23 01:25:18,675: pmgr.0000           : MainProcess                     : MainThread     : DEBUG   : START: pmgr.0000 register publisher log_pubsub
2017-11-23 01:25:18,675: pmgr.0000           : MainProcess                     : MainThread     : DEBUG   : using addr tcp://138.201.86.166:38334 for pubsub log_pubsub
2017-11-23 01:25:18,678: pmgr.0000           : MainProcess                     : MainThread     : DEBUG   : registered publisher : log_pubsub : log.pubsub.pub.0002
2017-11-23 01:25:18,678: pmgr.0000           : MainProcess                     : MainThread     : DEBUG   : alive check in term
2017-11-23 01:25:18,678: pmgr.0000           : MainProcess                     : MainThread     : DEBUG   : START: pmgr.0000 register publisher state_pubsub
2017-11-23 01:25:18,679: pmgr.0000           : MainProcess                     : MainThread     : DEBUG   : using addr tcp://138.201.86.166:38161 for pubsub state_pubsub
2017-11-23 01:25:18,682: pmgr.0000           : MainProcess                     : MainThread     : DEBUG   : registered publisher : state_pubsub : state.pubsub.pub.0002
2017-11-23 01:25:18,682: pmgr.0000           : MainProcess                     : MainThread     : DEBUG   : alive check in term
2017-11-23 01:25:18,682: pmgr.0000           : MainProcess                     : MainThread     : DEBUG   : START: pmgr.0000 register publisher control_pubsub
2017-11-23 01:25:18,682: pmgr.0000           : MainProcess                     : MainThread     : DEBUG   : using addr tcp://138.201.86.166:33268 for pubsub control_pubsub
2017-11-23 01:25:18,685: pmgr.0000           : MainProcess                     : MainThread     : DEBUG   : registered publisher : control_pubsub : control.pubsub.pub.0002
2017-11-23 01:25:18,685: pmgr.0000           : MainProcess                     : MainThread     : DEBUG   : process class started (no child)
2017-11-23 01:25:18,685: pmgr.0000           : MainProcess                     : MainThread     : DEBUG   : START: pmgr.0000 register output PMGR_LAUNCHING_PENDING
2017-11-23 01:25:18,685: pmgr.0000           : MainProcess                     : MainThread     : DEBUG   : using addr tcp://138.201.86.166:43122 for output pmgr_launching_queue
2017-11-23 01:25:18,688: pmgr.0000           : MainProcess                     : MainThread     : DEBUG   : registered output    : PMGR_LAUNCHING_PENDING : pmgr_launching_queue : pmgr.launching.queue.input.0000
2017-11-23 01:25:18,688: pmgr.0000           : MainProcess                     : MainThread     : DEBUG   : START: pmgr.0000 register idler pmgr.0000.idler._state_pull_cb
2017-11-23 01:25:18,688: pmgr.0000           : MainProcess                     : MainThread     : DEBUG   : parent name: pmgr.0000.idler._state_pull_cb
2017-11-23 01:25:18,688: pmgr.0000           : MainProcess                     : MainThread     : DEBUG   : start thread
2017-11-23 01:25:18,688: pmgr.0000           : MainProcess                     : pmgr.0000.idler._state_pull_cb: DEBUG   : child name: pmgr.0000.idler._state_pull_cb.thread
2017-11-23 01:25:18,689: pmgr.0000           : MainProcess                     : pmgr.0000.idler._state_pull_cb: INFO    : child (me) initializing
2017-11-23 01:25:18,689: pmgr.0000           : MainProcess                     : pmgr.0000.idler._state_pull_cb: DEBUG   : ru_initialize_common (NOOP)
2017-11-23 01:25:18,689: pmgr.0000           : MainProcess                     : pmgr.0000.idler._state_pull_cb: DEBUG   : ru_initialize_child (NOOP)
2017-11-23 01:25:18,689: pmgr.0000           : MainProcess                     : pmgr.0000.idler._state_pull_cb: INFO    : send alive
2017-11-23 01:25:18,689: pmgr.0000           : MainProcess                     : pmgr.0000.idler._state_pull_cb: INFO    : put message: [pmgr.0000.idler._state_pull_cb.thread] alive
2017-11-23 01:25:18,690: pmgr.0000           : MainProcess                     : MainThread     : INFO    : get msg: alive
2017-11-23 01:25:18,690: pmgr.0000           : MainProcess                     : MainThread     : DEBUG   : ru_initialize_common (NOOP)
2017-11-23 01:25:18,690: pmgr.0000           : MainProcess                     : MainThread     : DEBUG   : ru_initialize_parent (NOOP)
2017-11-23 01:25:18,690: pmgr.0000           : MainProcess                     : MainThread     : DEBUG   : child thread pmgr.0000.idler._state_pull_cb started
2017-11-23 01:25:18,690: pmgr.0000           : MainProcess                     : MainThread     : DEBUG   : pmgr.0000 registered idler pmgr.0000.idler._state_pull_cb
2017-11-23 01:25:18,691: pmgr.0000           : MainProcess                     : MainThread     : DEBUG   : START: pmgr.0000 register subscriber pmgr.0000.subscriber._state_sub_cb
2017-11-23 01:25:18,691: pmgr.0000           : MainProcess                     : MainThread     : DEBUG   : using addr tcp://138.201.86.166:35606 for pubsub state_pubsub
2017-11-23 01:25:18,692: pmgr.0000           : MainProcess                     : MainThread     : DEBUG   : parent name: pmgr.0000.subscriber._state_sub_cb
2017-11-23 01:25:18,693: pmgr.0000           : MainProcess                     : MainThread     : DEBUG   : start thread
2017-11-23 01:25:18,693: pmgr.0000           : MainProcess                     : pmgr.0000.subscriber._state_sub_cb: DEBUG   : child name: pmgr.0000.subscriber._state_sub_cb.thread
2017-11-23 01:25:18,693: pmgr.0000           : MainProcess                     : pmgr.0000.subscriber._state_sub_cb: INFO    : child (me) initializing
2017-11-23 01:25:18,693: pmgr.0000           : MainProcess                     : pmgr.0000.subscriber._state_sub_cb: DEBUG   : ru_initialize_common (NOOP)
2017-11-23 01:25:18,693: pmgr.0000           : MainProcess                     : pmgr.0000.subscriber._state_sub_cb: DEBUG   : ru_initialize_child (NOOP)
2017-11-23 01:25:18,693: pmgr.0000           : MainProcess                     : pmgr.0000.subscriber._state_sub_cb: INFO    : send alive
2017-11-23 01:25:18,693: pmgr.0000           : MainProcess                     : pmgr.0000.subscriber._state_sub_cb: INFO    : put message: [pmgr.0000.subscriber._state_sub_cb.thread] alive
2017-11-23 01:25:18,694: pmgr.0000           : MainProcess                     : MainThread     : INFO    : get msg: alive
2017-11-23 01:25:18,694: pmgr.0000           : MainProcess                     : MainThread     : DEBUG   : ru_initialize_common (NOOP)
2017-11-23 01:25:18,694: pmgr.0000           : MainProcess                     : MainThread     : DEBUG   : ru_initialize_parent (NOOP)
2017-11-23 01:25:18,694: pmgr.0000           : MainProcess                     : MainThread     : DEBUG   : child thread pmgr.0000.subscriber._state_sub_cb started
2017-11-23 01:25:18,789: pmgr.0000           : MainProcess                     : MainThread     : DEBUG   : pmgr.0000 registered state_pubsub subscriber pmgr.0000.subscriber._state_sub_cb
2017-11-23 01:25:26,456: pmgr.0000           : MainProcess                     : MainThread     : DEBUG   : advance bulk size: 1 [False, False]
2017-11-23 01:25:26,557: pmgr.0000           : MainProcess                     : MainThread     : INFO    : [Callback]: pilot pilot.0000 state: PMGR_LAUNCHING_PENDING.
2017-11-23 01:25:26,557: pmgr.0000           : MainProcess                     : MainThread     : DEBUG   : advance bulk size: 1 [True, True]
2017-11-23 01:25:26,558: pmgr.0000           : MainProcess                     : MainThread     : DEBUG   : put bulk PMGR_LAUNCHING_PENDING: 1
2017-11-23 01:25:26,560: pmgr.0000           : MainProcess                     : MainThread     : DEBUG   : <- 2j6m-a698g.tgz (<type 'str'>)
2017-11-23 01:25:26,560: pmgr.0000           : MainProcess                     : MainThread     : DEBUG   :    2j6m-a698g.tgz
2017-11-23 01:25:26,561: pmgr.0000           : MainProcess                     : MainThread     : DEBUG   :    pwd
2017-11-23 01:25:26,561: pmgr.0000           : MainProcess                     : MainThread     : DEBUG   :    expand with /home/jdakka/UCL/gpu_branch_env/8_replicas_trial_gpu_updated_utils
2017-11-23 01:25:26,561: pmgr.0000           : MainProcess                     : pmgr.0000.subscriber._state_sub_cb: INFO    : [Callback]: pilot pilot.0000 state: PMGR_LAUNCHING.
2017-11-23 01:25:26,562: pmgr.0000           : MainProcess                     : MainThread     : DEBUG   : -> file:///home/jdakka/UCL/gpu_branch_env/8_replicas_trial_gpu_updated_utils/2j6m-a698g.tgz
2017-11-23 01:25:26,563: pmgr.0000           : MainProcess                     : MainThread     : DEBUG   : <- pilot:///2j6m-a698g.tgz (<type 'str'>)
2017-11-23 01:25:26,563: pmgr.0000           : MainProcess                     : pmgr.0000.subscriber._state_sub_cb: DEBUG   : advance bulk size: 1 [False, False]
2017-11-23 01:25:26,563: pmgr.0000           : MainProcess                     : MainThread     : DEBUG   :    pilot:///2j6m-a698g.tgz
2017-11-23 01:25:26,563: pmgr.0000           : MainProcess                     : MainThread     : DEBUG   :    pilot
2017-11-23 01:25:26,564: pmgr.0000           : MainProcess                     : MainThread     : DEBUG   :    expand with gsisftp://bw.ncsa.illinois.edu/scratch/sciteam/dakka/radical.pilot.sandbox/rp.session.two.jdakka.017493.0000/pilot.0000/
2017-11-23 01:25:26,564: pmgr.0000           : MainProcess                     : MainThread     : DEBUG   : -> gsisftp://bw.ncsa.illinois.edu/scratch/sciteam/dakka/radical.pilot.sandbox/rp.session.two.jdakka.017493.0000/pilot.0000/staging_area/2j6m-a698g.tgz
2017-11-23 01:25:26,564: pmgr.0000           : MainProcess                     : MainThread     : INFO    : transfer file:///home/jdakka/UCL/gpu_branch_env/8_replicas_trial_gpu_updated_utils/2j6m-a698g.tgz to gsisftp://bw.ncsa.illinois.edu/scratch/sciteam/dakka/radical.pilot.sandbox/rp.session.two.jdakka.017493.0000/pilot.0000/staging_area/2j6m-a698g.tgz
2017-11-23 01:25:55,834: pmgr.0000           : MainProcess                     : pmgr.0000.subscriber._state_sub_cb: INFO    : [Callback]: pilot pilot.0000 state: PMGR_ACTIVE_PENDING.
2017-11-23 01:25:55,834: pmgr.0000           : MainProcess                     : pmgr.0000.subscriber._state_sub_cb: DEBUG   : advance bulk size: 1 [False, False]
2017-11-23 01:33:34,820: pmgr.0000           : MainProcess                     : pmgr.0000.idler._state_pull_cb: INFO    : [Callback]: pilot pilot.0000 state: PMGR_ACTIVE.
2017-11-23 01:33:34,821: pmgr.0000           : MainProcess                     : pmgr.0000.idler._state_pull_cb: DEBUG   : advance bulk size: 1 [False, True]
2017-11-23 01:33:34,821: pmgr.0000           : MainProcess                     : pmgr.0000.idler._state_pull_cb: INFO    : pilot pilot.0000 is PMGR_ACTIVE: None [None]
2017-11-23 02:20:10,603: pmgr.0000           : MainProcess                     : pmgr.0000.subscriber._state_sub_cb: INFO    : [Callback]: pilot pilot.0000 state: DONE.
2017-11-23 02:20:10,604: pmgr.0000           : MainProcess                     : pmgr.0000.subscriber._state_sub_cb: DEBUG   : advance bulk size: 1 [False, False]
2017-11-23 02:20:10,659: pmgr.0000           : MainProcess                     : MainThread     : INFO    : stop pmgr.0000 (17690 : None : MainThread) [radical.pilot.pilot_manager.PilotManager.close]
2017-11-23 02:20:10,660: pmgr.0000           : MainProcess                     : MainThread     : INFO    : parent stops child  17690 -> None [pmgr.0000]
2017-11-23 02:20:11,550: pmgr.0000           : MainProcess                     : pmgr.0000.subscriber._state_sub_cb: INFO    : put message: [pmgr.0000.subscriber._state_sub_cb.thread] work finished
2017-11-23 02:20:11,551: pmgr.0000           : MainProcess                     : pmgr.0000.subscriber._state_sub_cb: DEBUG   : ru_finalize_child (NOOP)
2017-11-23 02:20:11,552: pmgr.0000           : MainProcess                     : pmgr.0000.subscriber._state_sub_cb: INFO    : put message: [pmgr.0000.subscriber._state_sub_cb.thread] terminating
2017-11-23 02:20:13,021: pmgr.0000           : MainProcess                     : MainThread     : DEBUG   : ru_finalize_common()
2017-11-23 02:20:13,021: pmgr.0000           : MainProcess                     : MainThread     : DEBUG   : TERM : pmgr.0000 unregister publisher log_pubsub
2017-11-23 02:20:13,023: pmgr.0000           : MainProcess                     : MainThread     : DEBUG   : unregistered publisher log_pubsub
2017-11-23 02:20:13,023: pmgr.0000           : MainProcess                     : MainThread     : DEBUG   : TERM : pmgr.0000 unregister publisher state_pubsub
2017-11-23 02:20:13,024: pmgr.0000           : MainProcess                     : MainThread     : DEBUG   : unregistered publisher state_pubsub
2017-11-23 02:20:13,024: pmgr.0000           : MainProcess                     : MainThread     : DEBUG   : TERM : pmgr.0000 unregister publisher control_pubsub
2017-11-23 02:20:13,026: pmgr.0000           : MainProcess                     : MainThread     : DEBUG   : unregistered publisher control_pubsub
2017-11-23 02:20:13,026: pmgr.0000           : MainProcess                     : MainThread     : DEBUG   : pmgr.0000 close prof
2017-11-23 02:20:13,102: pmgr.0000           : MainProcess                     : MainThread     : INFO    : parent stops child
2017-11-23 02:20:13,102: pmgr.0000           : MainProcess                     : MainThread     : DEBUG   : ru_finalize_parent (NOOP)
2017-11-23 02:20:13,102: pmgr.0000           : MainProcess                     : MainThread     : INFO    : parent stops child
2017-11-23 02:20:13,102: pmgr.0000           : MainProcess                     : MainThread     : DEBUG   : ru_finalize_parent (NOOP)
2017-11-23 02:20:13,103: pmgr.0000           : MainProcess                     : MainThread     : DEBUG   : ru_finalize_common (NOOP)
2017-11-23 02:20:13,124: pmgr.0000           : MainProcess                     : pmgr.0000.idler._state_pull_cb: DEBUG   : ru_finalize_child (NOOP)
2017-11-23 02:20:13,124: pmgr.0000           : MainProcess                     : pmgr.0000.idler._state_pull_cb: DEBUG   : ru_finalize_common (NOOP)
2017-11-23 02:20:13,125: pmgr.0000           : MainProcess                     : pmgr.0000.idler._state_pull_cb: INFO    : put message: [pmgr.0000.idler._state_pull_cb.thread] terminating
2017-11-23 02:20:13,134: pmgr.0000           : MainProcess                     : MainThread     : INFO    : Closed PilotManager pmgr.0000.
2017-11-23 02:20:16,270: pmgr.0000           : MainProcess                     : MainThread     : INFO    : stop pmgr.0000 (17690 : None : MainThread) [radical.pilot.session.Session.close]
2017-11-23 02:20:16,271: pmgr.0000           : MainProcess                     : MainThread     : INFO    : parent stops child
2017-11-23 02:20:16,271: pmgr.0000           : MainProcess                     : MainThread     : INFO    : parent stops child
