2017-11-23 01:25:16,549: rp.session.two.jdakka.017493.0000: MainProcess                     : MainThread     : INFO    : python.interpreter   version: 2.7.12 (default, Nov 19 2016, 06:48:10) [GCC 5.4.0 20160609]
2017-11-23 01:25:16,549: rp.session.two.jdakka.017493.0000: MainProcess                     : MainThread     : INFO    :                      pid: 17690
2017-11-23 01:25:16,549: rp.session.two.jdakka.017493.0000: MainProcess                     : MainThread     : INFO    :                      tid: MainThread
2017-11-23 01:25:16,549: rp.session.two.jdakka.017493.0000: MainProcess                     : MainThread     : INFO    : radical.pilot        version: 0.47-v0.46.2-110-gfb1120a4@feature-gpu
2017-11-23 01:25:16,549: rp.session.two.jdakka.017493.0000: MainProcess                     : MainThread     : INFO    : using database mongodb://jdakka:mongo@ds231715.mlab.com:31715/new_htbac
2017-11-23 01:25:16,576: rp.session.two.jdakka.017493.0000: MainProcess                     : MainThread     : INFO    : Load resource configurations from /home/jdakka/UCL/gpu_branch_env/venv/local/lib/python2.7/site-packages/radical/pilot/configs/resource_fub.json
2017-11-23 01:25:16,577: rp.session.two.jdakka.017493.0000: MainProcess                     : MainThread     : INFO    : Load resource configurations for fub.allegro_rsh
2017-11-23 01:25:16,577: rp.session.two.jdakka.017493.0000: MainProcess                     : MainThread     : DEBUG   : read rcfg for fub.allegro_rsh (None)
2017-11-23 01:25:16,578: rp.session.two.jdakka.017493.0000: MainProcess                     : MainThread     : INFO    : Load resource configurations from /home/jdakka/UCL/gpu_branch_env/venv/local/lib/python2.7/site-packages/radical/pilot/configs/resource_yale.json
2017-11-23 01:25:16,578: rp.session.two.jdakka.017493.0000: MainProcess                     : MainThread     : INFO    : Load resource configurations for yale.grace_ssh
2017-11-23 01:25:16,579: rp.session.two.jdakka.017493.0000: MainProcess                     : MainThread     : DEBUG   : read rcfg for yale.grace_ssh (None)
2017-11-23 01:25:16,579: rp.session.two.jdakka.017493.0000: MainProcess                     : MainThread     : INFO    : Load resource configurations from /home/jdakka/UCL/gpu_branch_env/venv/local/lib/python2.7/site-packages/radical/pilot/configs/resource_stfc.json
2017-11-23 01:25:16,580: rp.session.two.jdakka.017493.0000: MainProcess                     : MainThread     : INFO    : Load resource configurations for stfc.joule_runjob
2017-11-23 01:25:16,580: rp.session.two.jdakka.017493.0000: MainProcess                     : MainThread     : DEBUG   : read rcfg for stfc.joule_runjob (None)
2017-11-23 01:25:16,580: rp.session.two.jdakka.017493.0000: MainProcess                     : MainThread     : INFO    : Load resource configurations from /home/jdakka/UCL/gpu_branch_env/venv/local/lib/python2.7/site-packages/radical/pilot/configs/resource_osg.json
2017-11-23 01:25:16,582: rp.session.two.jdakka.017493.0000: MainProcess                     : MainThread     : INFO    : Load resource configurations for osg.xsede-virt-clust
2017-11-23 01:25:16,582: rp.session.two.jdakka.017493.0000: MainProcess                     : MainThread     : DEBUG   : read rcfg for osg.xsede-virt-clust (None)
2017-11-23 01:25:16,582: rp.session.two.jdakka.017493.0000: MainProcess                     : MainThread     : INFO    : Load resource configurations for osg.connect
2017-11-23 01:25:16,582: rp.session.two.jdakka.017493.0000: MainProcess                     : MainThread     : DEBUG   : read rcfg for osg.connect (None)
2017-11-23 01:25:16,582: rp.session.two.jdakka.017493.0000: MainProcess                     : MainThread     : INFO    : Load resource configurations from /home/jdakka/UCL/gpu_branch_env/venv/local/lib/python2.7/site-packages/radical/pilot/configs/resource_xsede.json
2017-11-23 01:25:16,601: rp.session.two.jdakka.017493.0000: MainProcess                     : MainThread     : INFO    : Load resource configurations for xsede.stampede2_ssh
2017-11-23 01:25:16,601: rp.session.two.jdakka.017493.0000: MainProcess                     : MainThread     : DEBUG   : read rcfg for xsede.stampede2_ssh (None)
2017-11-23 01:25:16,601: rp.session.two.jdakka.017493.0000: MainProcess                     : MainThread     : INFO    : Load resource configurations for xsede.wrangler_spark
2017-11-23 01:25:16,601: rp.session.two.jdakka.017493.0000: MainProcess                     : MainThread     : DEBUG   : read rcfg for xsede.wrangler_spark (None)
2017-11-23 01:25:16,601: rp.session.two.jdakka.017493.0000: MainProcess                     : MainThread     : INFO    : Load resource configurations for xsede.stampede_yarn
2017-11-23 01:25:16,601: rp.session.two.jdakka.017493.0000: MainProcess                     : MainThread     : DEBUG   : read rcfg for xsede.stampede_yarn (None)
2017-11-23 01:25:16,601: rp.session.two.jdakka.017493.0000: MainProcess                     : MainThread     : INFO    : Load resource configurations for xsede.gordon_ssh
2017-11-23 01:25:16,602: rp.session.two.jdakka.017493.0000: MainProcess                     : MainThread     : DEBUG   : read rcfg for xsede.gordon_ssh (None)
2017-11-23 01:25:16,602: rp.session.two.jdakka.017493.0000: MainProcess                     : MainThread     : INFO    : Load resource configurations for xsede.stampede_ssh
2017-11-23 01:25:16,602: rp.session.two.jdakka.017493.0000: MainProcess                     : MainThread     : DEBUG   : read rcfg for xsede.stampede_ssh (None)
2017-11-23 01:25:16,602: rp.session.two.jdakka.017493.0000: MainProcess                     : MainThread     : INFO    : Load resource configurations for xsede.lonestar_ssh
2017-11-23 01:25:16,602: rp.session.two.jdakka.017493.0000: MainProcess                     : MainThread     : DEBUG   : read rcfg for xsede.lonestar_ssh (None)
2017-11-23 01:25:16,602: rp.session.two.jdakka.017493.0000: MainProcess                     : MainThread     : INFO    : Load resource configurations for xsede.supermic_spark
2017-11-23 01:25:16,602: rp.session.two.jdakka.017493.0000: MainProcess                     : MainThread     : DEBUG   : read rcfg for xsede.supermic_spark (20)
2017-11-23 01:25:16,602: rp.session.two.jdakka.017493.0000: MainProcess                     : MainThread     : INFO    : Load resource configurations for xsede.wrangler_ssh
2017-11-23 01:25:16,603: rp.session.two.jdakka.017493.0000: MainProcess                     : MainThread     : DEBUG   : read rcfg for xsede.wrangler_ssh (None)
2017-11-23 01:25:16,603: rp.session.two.jdakka.017493.0000: MainProcess                     : MainThread     : INFO    : Load resource configurations for xsede.wrangler_yarn
2017-11-23 01:25:16,603: rp.session.two.jdakka.017493.0000: MainProcess                     : MainThread     : DEBUG   : read rcfg for xsede.wrangler_yarn (None)
2017-11-23 01:25:16,603: rp.session.two.jdakka.017493.0000: MainProcess                     : MainThread     : INFO    : Load resource configurations for xsede.bridges
2017-11-23 01:25:16,603: rp.session.two.jdakka.017493.0000: MainProcess                     : MainThread     : DEBUG   : read rcfg for xsede.bridges (None)
2017-11-23 01:25:16,603: rp.session.two.jdakka.017493.0000: MainProcess                     : MainThread     : INFO    : Load resource configurations for xsede.supermic_ssh
2017-11-23 01:25:16,603: rp.session.two.jdakka.017493.0000: MainProcess                     : MainThread     : DEBUG   : read rcfg for xsede.supermic_ssh (20)
2017-11-23 01:25:16,603: rp.session.two.jdakka.017493.0000: MainProcess                     : MainThread     : INFO    : Load resource configurations for xsede.stampede_orte
2017-11-23 01:25:16,603: rp.session.two.jdakka.017493.0000: MainProcess                     : MainThread     : DEBUG   : read rcfg for xsede.stampede_orte (None)
2017-11-23 01:25:16,604: rp.session.two.jdakka.017493.0000: MainProcess                     : MainThread     : INFO    : Load resource configurations for xsede.greenfield
2017-11-23 01:25:16,604: rp.session.two.jdakka.017493.0000: MainProcess                     : MainThread     : DEBUG   : read rcfg for xsede.greenfield (15)
2017-11-23 01:25:16,604: rp.session.two.jdakka.017493.0000: MainProcess                     : MainThread     : INFO    : Load resource configurations for xsede.comet_spark
2017-11-23 01:25:16,604: rp.session.two.jdakka.017493.0000: MainProcess                     : MainThread     : DEBUG   : read rcfg for xsede.comet_spark (24)
2017-11-23 01:25:16,604: rp.session.two.jdakka.017493.0000: MainProcess                     : MainThread     : INFO    : Load resource configurations for xsede.trestles_ssh
2017-11-23 01:25:16,604: rp.session.two.jdakka.017493.0000: MainProcess                     : MainThread     : DEBUG   : read rcfg for xsede.trestles_ssh (None)
2017-11-23 01:25:16,604: rp.session.two.jdakka.017493.0000: MainProcess                     : MainThread     : INFO    : Load resource configurations for xsede.comet_ssh
2017-11-23 01:25:16,604: rp.session.two.jdakka.017493.0000: MainProcess                     : MainThread     : DEBUG   : read rcfg for xsede.comet_ssh (24)
2017-11-23 01:25:16,604: rp.session.two.jdakka.017493.0000: MainProcess                     : MainThread     : INFO    : Load resource configurations for xsede.stampede_spark
2017-11-23 01:25:16,605: rp.session.two.jdakka.017493.0000: MainProcess                     : MainThread     : DEBUG   : read rcfg for xsede.stampede_spark (None)
2017-11-23 01:25:16,605: rp.session.two.jdakka.017493.0000: MainProcess                     : MainThread     : INFO    : Load resource configurations for xsede.comet_orte
2017-11-23 01:25:16,605: rp.session.two.jdakka.017493.0000: MainProcess                     : MainThread     : DEBUG   : read rcfg for xsede.comet_orte (24)
2017-11-23 01:25:16,605: rp.session.two.jdakka.017493.0000: MainProcess                     : MainThread     : INFO    : Load resource configurations for xsede.comet_ortelib
2017-11-23 01:25:16,605: rp.session.two.jdakka.017493.0000: MainProcess                     : MainThread     : DEBUG   : read rcfg for xsede.comet_ortelib (24)
2017-11-23 01:25:16,605: rp.session.two.jdakka.017493.0000: MainProcess                     : MainThread     : INFO    : Load resource configurations for xsede.blacklight_ssh
2017-11-23 01:25:16,605: rp.session.two.jdakka.017493.0000: MainProcess                     : MainThread     : DEBUG   : read rcfg for xsede.blacklight_ssh (16)
2017-11-23 01:25:16,605: rp.session.two.jdakka.017493.0000: MainProcess                     : MainThread     : INFO    : Load resource configurations for xsede.stampede_ortelib
2017-11-23 01:25:16,606: rp.session.two.jdakka.017493.0000: MainProcess                     : MainThread     : DEBUG   : read rcfg for xsede.stampede_ortelib (None)
2017-11-23 01:25:16,606: rp.session.two.jdakka.017493.0000: MainProcess                     : MainThread     : INFO    : Load resource configurations from /home/jdakka/UCL/gpu_branch_env/venv/local/lib/python2.7/site-packages/radical/pilot/configs/resource_nersc.json
2017-11-23 01:25:16,611: rp.session.two.jdakka.017493.0000: MainProcess                     : MainThread     : INFO    : Load resource configurations for nersc.edison_ccm_ssh
2017-11-23 01:25:16,611: rp.session.two.jdakka.017493.0000: MainProcess                     : MainThread     : DEBUG   : read rcfg for nersc.edison_ccm_ssh (None)
2017-11-23 01:25:16,611: rp.session.two.jdakka.017493.0000: MainProcess                     : MainThread     : INFO    : Load resource configurations for nersc.hopper_orte
2017-11-23 01:25:16,611: rp.session.two.jdakka.017493.0000: MainProcess                     : MainThread     : DEBUG   : read rcfg for nersc.hopper_orte (None)
2017-11-23 01:25:16,611: rp.session.two.jdakka.017493.0000: MainProcess                     : MainThread     : INFO    : Load resource configurations for nersc.hopper_ccm_ssh
2017-11-23 01:25:16,611: rp.session.two.jdakka.017493.0000: MainProcess                     : MainThread     : DEBUG   : read rcfg for nersc.hopper_ccm_ssh (24)
2017-11-23 01:25:16,611: rp.session.two.jdakka.017493.0000: MainProcess                     : MainThread     : INFO    : Load resource configurations for nersc.edison_aprun
2017-11-23 01:25:16,612: rp.session.two.jdakka.017493.0000: MainProcess                     : MainThread     : DEBUG   : read rcfg for nersc.edison_aprun (None)
2017-11-23 01:25:16,612: rp.session.two.jdakka.017493.0000: MainProcess                     : MainThread     : INFO    : Load resource configurations for nersc.hopper_aprun
2017-11-23 01:25:16,612: rp.session.two.jdakka.017493.0000: MainProcess                     : MainThread     : DEBUG   : read rcfg for nersc.hopper_aprun (24)
2017-11-23 01:25:16,612: rp.session.two.jdakka.017493.0000: MainProcess                     : MainThread     : INFO    : Load resource configurations for nersc.edison_orte
2017-11-23 01:25:16,612: rp.session.two.jdakka.017493.0000: MainProcess                     : MainThread     : DEBUG   : read rcfg for nersc.edison_orte (None)
2017-11-23 01:25:16,612: rp.session.two.jdakka.017493.0000: MainProcess                     : MainThread     : INFO    : Load resource configurations from /home/jdakka/UCL/gpu_branch_env/venv/local/lib/python2.7/site-packages/radical/pilot/configs/resource_lrz.json
2017-11-23 01:25:16,613: rp.session.two.jdakka.017493.0000: MainProcess                     : MainThread     : INFO    : Load resource configurations for lrz.supermuc_ssh
2017-11-23 01:25:16,613: rp.session.two.jdakka.017493.0000: MainProcess                     : MainThread     : DEBUG   : read rcfg for lrz.supermuc_ssh (None)
2017-11-23 01:25:16,613: rp.session.two.jdakka.017493.0000: MainProcess                     : MainThread     : INFO    : Load resource configurations from /home/jdakka/UCL/gpu_branch_env/venv/local/lib/python2.7/site-packages/radical/pilot/configs/resource_epsrc.json
2017-11-23 01:25:16,615: rp.session.two.jdakka.017493.0000: MainProcess                     : MainThread     : INFO    : Load resource configurations for epsrc.archer_orte
2017-11-23 01:25:16,615: rp.session.two.jdakka.017493.0000: MainProcess                     : MainThread     : DEBUG   : read rcfg for epsrc.archer_orte (None)
2017-11-23 01:25:16,615: rp.session.two.jdakka.017493.0000: MainProcess                     : MainThread     : INFO    : Load resource configurations for epsrc.archer_aprun
2017-11-23 01:25:16,615: rp.session.two.jdakka.017493.0000: MainProcess                     : MainThread     : DEBUG   : read rcfg for epsrc.archer_aprun (None)
2017-11-23 01:25:16,615: rp.session.two.jdakka.017493.0000: MainProcess                     : MainThread     : INFO    : Load resource configurations from /home/jdakka/UCL/gpu_branch_env/venv/local/lib/python2.7/site-packages/radical/pilot/configs/resource_ncsa.json
2017-11-23 01:25:16,619: rp.session.two.jdakka.017493.0000: MainProcess                     : MainThread     : INFO    : Load resource configurations for ncsa.bw_orte
2017-11-23 01:25:16,620: rp.session.two.jdakka.017493.0000: MainProcess                     : MainThread     : DEBUG   : read rcfg for ncsa.bw_orte (None)
2017-11-23 01:25:16,620: rp.session.two.jdakka.017493.0000: MainProcess                     : MainThread     : INFO    : Load resource configurations for ncsa.bw_ccm_ssh
2017-11-23 01:25:16,620: rp.session.two.jdakka.017493.0000: MainProcess                     : MainThread     : DEBUG   : read rcfg for ncsa.bw_ccm_ssh (None)
2017-11-23 01:25:16,620: rp.session.two.jdakka.017493.0000: MainProcess                     : MainThread     : INFO    : Load resource configurations for ncsa.bw_ortelib
2017-11-23 01:25:16,620: rp.session.two.jdakka.017493.0000: MainProcess                     : MainThread     : DEBUG   : read rcfg for ncsa.bw_ortelib (None)
2017-11-23 01:25:16,620: rp.session.two.jdakka.017493.0000: MainProcess                     : MainThread     : INFO    : Load resource configurations for ncsa.bw_aprun
2017-11-23 01:25:16,620: rp.session.two.jdakka.017493.0000: MainProcess                     : MainThread     : DEBUG   : read rcfg for ncsa.bw_aprun (None)
2017-11-23 01:25:16,620: rp.session.two.jdakka.017493.0000: MainProcess                     : MainThread     : INFO    : Load resource configurations for ncsa.bw_local_orte
2017-11-23 01:25:16,621: rp.session.two.jdakka.017493.0000: MainProcess                     : MainThread     : DEBUG   : read rcfg for ncsa.bw_local_orte (None)
2017-11-23 01:25:16,621: rp.session.two.jdakka.017493.0000: MainProcess                     : MainThread     : INFO    : Load resource configurations from /home/jdakka/UCL/gpu_branch_env/venv/local/lib/python2.7/site-packages/radical/pilot/configs/resource_lumc.json
2017-11-23 01:25:16,622: rp.session.two.jdakka.017493.0000: MainProcess                     : MainThread     : INFO    : Load resource configurations for lumc.gb-ui_ssh
2017-11-23 01:25:16,623: rp.session.two.jdakka.017493.0000: MainProcess                     : MainThread     : DEBUG   : read rcfg for lumc.gb-ui_ssh (None)
2017-11-23 01:25:16,623: rp.session.two.jdakka.017493.0000: MainProcess                     : MainThread     : INFO    : Load resource configurations for lumc.shark_ssh
2017-11-23 01:25:16,623: rp.session.two.jdakka.017493.0000: MainProcess                     : MainThread     : DEBUG   : read rcfg for lumc.shark_ssh (None)
2017-11-23 01:25:16,623: rp.session.two.jdakka.017493.0000: MainProcess                     : MainThread     : INFO    : Load resource configurations from /home/jdakka/UCL/gpu_branch_env/venv/local/lib/python2.7/site-packages/radical/pilot/configs/resource_das4.json
2017-11-23 01:25:16,624: rp.session.two.jdakka.017493.0000: MainProcess                     : MainThread     : INFO    : Load resource configurations for das4.fs2_ssh
2017-11-23 01:25:16,624: rp.session.two.jdakka.017493.0000: MainProcess                     : MainThread     : DEBUG   : read rcfg for das4.fs2_ssh (None)
2017-11-23 01:25:16,624: rp.session.two.jdakka.017493.0000: MainProcess                     : MainThread     : INFO    : Load resource configurations from /home/jdakka/UCL/gpu_branch_env/venv/local/lib/python2.7/site-packages/radical/pilot/configs/resource_aliases.json
2017-11-23 01:25:16,624: rp.session.two.jdakka.017493.0000: MainProcess                     : MainThread     : INFO    : Load resource configurations from /home/jdakka/UCL/gpu_branch_env/venv/local/lib/python2.7/site-packages/radical/pilot/configs/resource_futuregrid.json
2017-11-23 01:25:16,628: rp.session.two.jdakka.017493.0000: MainProcess                     : MainThread     : INFO    : Load resource configurations for futuregrid.delta_ssh
2017-11-23 01:25:16,628: rp.session.two.jdakka.017493.0000: MainProcess                     : MainThread     : DEBUG   : read rcfg for futuregrid.delta_ssh (None)
2017-11-23 01:25:16,628: rp.session.two.jdakka.017493.0000: MainProcess                     : MainThread     : INFO    : Load resource configurations for futuregrid.india_ssh
2017-11-23 01:25:16,628: rp.session.two.jdakka.017493.0000: MainProcess                     : MainThread     : DEBUG   : read rcfg for futuregrid.india_ssh (None)
2017-11-23 01:25:16,629: rp.session.two.jdakka.017493.0000: MainProcess                     : MainThread     : INFO    : Load resource configurations for futuregrid.echo_ssh
2017-11-23 01:25:16,629: rp.session.two.jdakka.017493.0000: MainProcess                     : MainThread     : DEBUG   : read rcfg for futuregrid.echo_ssh (None)
2017-11-23 01:25:16,629: rp.session.two.jdakka.017493.0000: MainProcess                     : MainThread     : INFO    : Load resource configurations for futuregrid.xray_ccm
2017-11-23 01:25:16,629: rp.session.two.jdakka.017493.0000: MainProcess                     : MainThread     : DEBUG   : read rcfg for futuregrid.xray_ccm (None)
2017-11-23 01:25:16,629: rp.session.two.jdakka.017493.0000: MainProcess                     : MainThread     : INFO    : Load resource configurations for futuregrid.bravo_ssh
2017-11-23 01:25:16,629: rp.session.two.jdakka.017493.0000: MainProcess                     : MainThread     : DEBUG   : read rcfg for futuregrid.bravo_ssh (None)
2017-11-23 01:25:16,629: rp.session.two.jdakka.017493.0000: MainProcess                     : MainThread     : INFO    : Load resource configurations for futuregrid.xray_aprun
2017-11-23 01:25:16,629: rp.session.two.jdakka.017493.0000: MainProcess                     : MainThread     : DEBUG   : read rcfg for futuregrid.xray_aprun (None)
2017-11-23 01:25:16,629: rp.session.two.jdakka.017493.0000: MainProcess                     : MainThread     : INFO    : Load resource configurations from /home/jdakka/UCL/gpu_branch_env/venv/local/lib/python2.7/site-packages/radical/pilot/configs/resource_ornl.json
2017-11-23 01:25:16,634: rp.session.two.jdakka.017493.0000: MainProcess                     : MainThread     : INFO    : Load resource configurations for ornl.titan_orte
2017-11-23 01:25:16,634: rp.session.two.jdakka.017493.0000: MainProcess                     : MainThread     : DEBUG   : read rcfg for ornl.titan_orte (None)
2017-11-23 01:25:16,634: rp.session.two.jdakka.017493.0000: MainProcess                     : MainThread     : INFO    : Load resource configurations for ornl.titan_aprun
2017-11-23 01:25:16,634: rp.session.two.jdakka.017493.0000: MainProcess                     : MainThread     : DEBUG   : read rcfg for ornl.titan_aprun (None)
2017-11-23 01:25:16,634: rp.session.two.jdakka.017493.0000: MainProcess                     : MainThread     : INFO    : Load resource configurations for ornl.rhea
2017-11-23 01:25:16,635: rp.session.two.jdakka.017493.0000: MainProcess                     : MainThread     : DEBUG   : read rcfg for ornl.rhea (16)
2017-11-23 01:25:16,635: rp.session.two.jdakka.017493.0000: MainProcess                     : MainThread     : INFO    : Load resource configurations for ornl.rhea_aprun
2017-11-23 01:25:16,635: rp.session.two.jdakka.017493.0000: MainProcess                     : MainThread     : DEBUG   : read rcfg for ornl.rhea_aprun (None)
2017-11-23 01:25:16,635: rp.session.two.jdakka.017493.0000: MainProcess                     : MainThread     : INFO    : Load resource configurations for ornl.titan_ortelib
2017-11-23 01:25:16,635: rp.session.two.jdakka.017493.0000: MainProcess                     : MainThread     : DEBUG   : read rcfg for ornl.titan_ortelib (None)
2017-11-23 01:25:16,635: rp.session.two.jdakka.017493.0000: MainProcess                     : MainThread     : INFO    : Load resource configurations from /home/jdakka/UCL/gpu_branch_env/venv/local/lib/python2.7/site-packages/radical/pilot/configs/resource_chameleon.json
2017-11-23 01:25:16,636: rp.session.two.jdakka.017493.0000: MainProcess                     : MainThread     : INFO    : Load resource configurations for chameleon.cloud_vm_yarn
2017-11-23 01:25:16,636: rp.session.two.jdakka.017493.0000: MainProcess                     : MainThread     : DEBUG   : read rcfg for chameleon.cloud_vm_yarn (None)
2017-11-23 01:25:16,636: rp.session.two.jdakka.017493.0000: MainProcess                     : MainThread     : INFO    : Load resource configurations from /home/jdakka/UCL/gpu_branch_env/venv/local/lib/python2.7/site-packages/radical/pilot/configs/resource_iu.json
2017-11-23 01:25:16,637: rp.session.two.jdakka.017493.0000: MainProcess                     : MainThread     : INFO    : Load resource configurations for iu.bigred2_ccm_ssh
2017-11-23 01:25:16,638: rp.session.two.jdakka.017493.0000: MainProcess                     : MainThread     : DEBUG   : read rcfg for iu.bigred2_ccm_ssh (None)
2017-11-23 01:25:16,638: rp.session.two.jdakka.017493.0000: MainProcess                     : MainThread     : INFO    : Load resource configurations for iu.bigred2_aprun
2017-11-23 01:25:16,638: rp.session.two.jdakka.017493.0000: MainProcess                     : MainThread     : DEBUG   : read rcfg for iu.bigred2_aprun (None)
2017-11-23 01:25:16,638: rp.session.two.jdakka.017493.0000: MainProcess                     : MainThread     : INFO    : Load resource configurations from /home/jdakka/UCL/gpu_branch_env/venv/local/lib/python2.7/site-packages/radical/pilot/configs/resource_local.json
2017-11-23 01:25:16,644: rp.session.two.jdakka.017493.0000: MainProcess                     : MainThread     : INFO    : Load resource configurations for local.localhost_orte
2017-11-23 01:25:16,644: rp.session.two.jdakka.017493.0000: MainProcess                     : MainThread     : DEBUG   : read rcfg for local.localhost_orte (None)
2017-11-23 01:25:16,644: rp.session.two.jdakka.017493.0000: MainProcess                     : MainThread     : INFO    : Load resource configurations for local.localhost_anaconda
2017-11-23 01:25:16,644: rp.session.two.jdakka.017493.0000: MainProcess                     : MainThread     : DEBUG   : read rcfg for local.localhost_anaconda (None)
2017-11-23 01:25:16,644: rp.session.two.jdakka.017493.0000: MainProcess                     : MainThread     : INFO    : Load resource configurations for local.localhost_ortelib
2017-11-23 01:25:16,644: rp.session.two.jdakka.017493.0000: MainProcess                     : MainThread     : DEBUG   : read rcfg for local.localhost_ortelib (None)
2017-11-23 01:25:16,644: rp.session.two.jdakka.017493.0000: MainProcess                     : MainThread     : INFO    : Load resource configurations for local.localhost_aprun
2017-11-23 01:25:16,644: rp.session.two.jdakka.017493.0000: MainProcess                     : MainThread     : DEBUG   : read rcfg for local.localhost_aprun (8)
2017-11-23 01:25:16,644: rp.session.two.jdakka.017493.0000: MainProcess                     : MainThread     : INFO    : Load resource configurations for local.localhost
2017-11-23 01:25:16,645: rp.session.two.jdakka.017493.0000: MainProcess                     : MainThread     : DEBUG   : read rcfg for local.localhost (8)
2017-11-23 01:25:16,645: rp.session.two.jdakka.017493.0000: MainProcess                     : MainThread     : INFO    : Load resource configurations for local.localhost_spark
2017-11-23 01:25:16,645: rp.session.two.jdakka.017493.0000: MainProcess                     : MainThread     : DEBUG   : read rcfg for local.localhost_spark (None)
2017-11-23 01:25:16,645: rp.session.two.jdakka.017493.0000: MainProcess                     : MainThread     : INFO    : Load resource configurations for local.localhost_spark_anaconda
2017-11-23 01:25:16,645: rp.session.two.jdakka.017493.0000: MainProcess                     : MainThread     : DEBUG   : read rcfg for local.localhost_spark_anaconda (None)
2017-11-23 01:25:16,645: rp.session.two.jdakka.017493.0000: MainProcess                     : MainThread     : INFO    : Load resource configurations for local.localhost_yarn
2017-11-23 01:25:16,645: rp.session.two.jdakka.017493.0000: MainProcess                     : MainThread     : DEBUG   : read rcfg for local.localhost_yarn (None)
2017-11-23 01:25:16,645: rp.session.two.jdakka.017493.0000: MainProcess                     : MainThread     : INFO    : Load resource configurations from /home/jdakka/UCL/gpu_branch_env/venv/local/lib/python2.7/site-packages/radical/pilot/configs/resource_radical.json
2017-11-23 01:25:16,647: rp.session.two.jdakka.017493.0000: MainProcess                     : MainThread     : INFO    : Load resource configurations for radical.two
2017-11-23 01:25:16,648: rp.session.two.jdakka.017493.0000: MainProcess                     : MainThread     : DEBUG   : read rcfg for radical.two (None)
2017-11-23 01:25:16,648: rp.session.two.jdakka.017493.0000: MainProcess                     : MainThread     : INFO    : Load resource configurations for radical.tutorial
2017-11-23 01:25:16,648: rp.session.two.jdakka.017493.0000: MainProcess                     : MainThread     : DEBUG   : read rcfg for radical.tutorial (None)
2017-11-23 01:25:16,648: rp.session.two.jdakka.017493.0000: MainProcess                     : MainThread     : INFO    : Load resource configurations for radical.one
2017-11-23 01:25:16,648: rp.session.two.jdakka.017493.0000: MainProcess                     : MainThread     : DEBUG   : read rcfg for radical.one (None)
2017-11-23 01:25:16,648: rp.session.two.jdakka.017493.0000: MainProcess                     : MainThread     : INFO    : Load resource configurations from /home/jdakka/UCL/gpu_branch_env/venv/local/lib/python2.7/site-packages/radical/pilot/configs/resource_ncar.json
2017-11-23 01:25:16,649: rp.session.two.jdakka.017493.0000: MainProcess                     : MainThread     : INFO    : Load resource configurations for ncar.yellowstone_ssh
2017-11-23 01:25:16,649: rp.session.two.jdakka.017493.0000: MainProcess                     : MainThread     : DEBUG   : read rcfg for ncar.yellowstone_ssh (None)
2017-11-23 01:25:16,649: rp.session.two.jdakka.017493.0000: MainProcess                     : MainThread     : INFO    : Load resource configurations from /home/jdakka/UCL/gpu_branch_env/venv/local/lib/python2.7/site-packages/radical/pilot/configs/resource_rice.json
2017-11-23 01:25:16,651: rp.session.two.jdakka.017493.0000: MainProcess                     : MainThread     : INFO    : Load resource configurations for rice.davinci_ssh
2017-11-23 01:25:16,651: rp.session.two.jdakka.017493.0000: MainProcess                     : MainThread     : DEBUG   : read rcfg for rice.davinci_ssh (None)
2017-11-23 01:25:16,651: rp.session.two.jdakka.017493.0000: MainProcess                     : MainThread     : INFO    : Load resource configurations for rice.biou_ssh
2017-11-23 01:25:16,651: rp.session.two.jdakka.017493.0000: MainProcess                     : MainThread     : DEBUG   : read rcfg for rice.biou_ssh (None)
2017-11-23 01:25:16,651: rp.session.two.jdakka.017493.0000: MainProcess                     : MainThread     : INFO    : Load resource configurations from /home/jdakka/UCL/gpu_branch_env/venv/local/lib/python2.7/site-packages/radical/pilot/configs/resource_das5.json
2017-11-23 01:25:16,652: rp.session.two.jdakka.017493.0000: MainProcess                     : MainThread     : INFO    : Load resource configurations for das5.fs1_ssh
2017-11-23 01:25:16,652: rp.session.two.jdakka.017493.0000: MainProcess                     : MainThread     : DEBUG   : read rcfg for das5.fs1_ssh (None)
2017-11-23 01:25:17,700: rp.session.two.jdakka.017493.0000: MainProcess                     : MainThread     : INFO    : New Session created: rp.session.two.jdakka.017493.0000.
2017-11-23 01:25:17,702: rp.session.two.jdakka.017493.0000: MainProcess                     : MainThread     : DEBUG   : start bridges   : {u'control_pubsub': {u'bulk_size': 0, u'log_level': u'debug', u'stall_hwm': 1},
 u'log_pubsub': {u'bulk_size': 0, u'log_level': u'debug', u'stall_hwm': 1},
 u'state_pubsub': {u'bulk_size': 0, u'log_level': u'debug', u'stall_hwm': 1}}
2017-11-23 01:25:17,702: rp.session.two.jdakka.017493.0000: MainProcess                     : MainThread     : INFO    : create bridge control_pubsub
2017-11-23 01:25:17,734: rp.session.two.jdakka.017493.0000: MainProcess                     : MainThread     : INFO    : created bridge control_pubsub (control.pubsub.bridge.0000)
2017-11-23 01:25:17,734: rp.session.two.jdakka.017493.0000: MainProcess                     : MainThread     : INFO    : create bridge state_pubsub
2017-11-23 01:25:17,750: rp.session.two.jdakka.017493.0000: MainProcess                     : MainThread     : INFO    : created bridge state_pubsub (state.pubsub.bridge.0000)
2017-11-23 01:25:17,750: rp.session.two.jdakka.017493.0000: MainProcess                     : MainThread     : INFO    : create bridge log_pubsub
2017-11-23 01:25:17,759: rp.session.two.jdakka.017493.0000: MainProcess                     : MainThread     : INFO    : created bridge log_pubsub (log.pubsub.bridge.0000)
2017-11-23 01:25:17,759: rp.session.two.jdakka.017493.0000: MainProcess                     : MainThread     : DEBUG   : start components: {u'UpdateWorker': {u'count': 1}}
2017-11-23 01:25:17,759: rp.session.two.jdakka.017493.0000: MainProcess                     : MainThread     : DEBUG   : start 1 component(s) UpdateWorker
2017-11-23 01:25:18,428: rp.session.two.jdakka.017493.0000: MainProcess                     : MainThread     : INFO    : rp.session.two.jdakka.017493.0000 starts update.0
2017-11-23 01:25:18,893: rp.session.two.jdakka.017493.0000: MainProcess                     : MainThread     : DEBUG   : get rcfg 1 for ncsa.bw_aprun (None)
2017-11-23 01:25:18,893: rp.session.two.jdakka.017493.0000: MainProcess                     : MainThread     : DEBUG   : get rcfg 2 for ncsa.bw_aprun (None)
2017-11-23 01:25:18,894: rp.session.two.jdakka.017493.0000: MainProcess                     : MainThread     : DEBUG   : rsup.PTYShell('gsissh://bw.ncsa.illinois.edu')
2017-11-23 01:25:26,353: rp.session.two.jdakka.017493.0000: MainProcess                     : MainThread     : DEBUG   : sandbox base gsissh://bw.ncsa.illinois.edu: '/scratch/sciteam/dakka'
2017-11-23 01:25:26,556: rp.session.two.jdakka.017493.0000: MainProcess                     : MainThread     : DEBUG   : bulk pilot insert result: {'nModified': 0, 'nUpserted': 0, 'nMatched': 0, 'writeErrors': [], 'upserted': [], 'writeConcernErrors': [], 'nRemoved': 0, 'nInserted': 1}
2017-11-23 01:25:26,561: rp.session.two.jdakka.017493.0000: pmgr.launching.0                : MainThread     : DEBUG   : get rcfg 1 for ncsa.bw_aprun (None)
2017-11-23 01:25:26,561: rp.session.two.jdakka.017493.0000: pmgr.launching.0                : MainThread     : DEBUG   : get rcfg 2 for ncsa.bw_aprun (None)
2017-11-23 01:25:26,567: rp.session.two.jdakka.017493.0000: pmgr.launching.0                : MainThread     : DEBUG   : get rcfg 1 for ncsa.bw_aprun (None)
2017-11-23 01:25:26,567: rp.session.two.jdakka.017493.0000: pmgr.launching.0                : MainThread     : DEBUG   : get rcfg 2 for ncsa.bw_aprun (None)
2017-11-23 01:25:26,568: rp.session.two.jdakka.017493.0000: pmgr.launching.0                : MainThread     : DEBUG   : rsup.PTYShell('gsissh://bw.ncsa.illinois.edu')
2017-11-23 01:25:31,316: rp.session.two.jdakka.017493.0000: pmgr.launching.0                : MainThread     : DEBUG   : sandbox base gsissh://bw.ncsa.illinois.edu: '/scratch/sciteam/dakka'
2017-11-23 01:33:36,195: rp.session.two.jdakka.017493.0000: task-manager                    : MainThread     : DEBUG   : bulk unit insert result: {'nModified': 0, 'nUpserted': 0, 'nMatched': 0, 'writeErrors': [], 'upserted': [], 'writeConcernErrors': [], 'nRemoved': 0, 'nInserted': 1}
2017-11-23 01:33:36,325: rp.session.two.jdakka.017493.0000: task-manager                    : MainThread     : DEBUG   : bulk unit insert result: {'nModified': 0, 'nUpserted': 0, 'nMatched': 0, 'writeErrors': [], 'upserted': [], 'writeConcernErrors': [], 'nRemoved': 0, 'nInserted': 1}
2017-11-23 01:33:36,448: rp.session.two.jdakka.017493.0000: task-manager                    : MainThread     : DEBUG   : bulk unit insert result: {'nModified': 0, 'nUpserted': 0, 'nMatched': 0, 'writeErrors': [], 'upserted': [], 'writeConcernErrors': [], 'nRemoved': 0, 'nInserted': 1}
2017-11-23 01:33:36,572: rp.session.two.jdakka.017493.0000: task-manager                    : MainThread     : DEBUG   : bulk unit insert result: {'nModified': 0, 'nUpserted': 0, 'nMatched': 0, 'writeErrors': [], 'upserted': [], 'writeConcernErrors': [], 'nRemoved': 0, 'nInserted': 1}
2017-11-23 01:33:36,695: rp.session.two.jdakka.017493.0000: task-manager                    : MainThread     : DEBUG   : bulk unit insert result: {'nModified': 0, 'nUpserted': 0, 'nMatched': 0, 'writeErrors': [], 'upserted': [], 'writeConcernErrors': [], 'nRemoved': 0, 'nInserted': 1}
2017-11-23 01:33:36,817: rp.session.two.jdakka.017493.0000: task-manager                    : MainThread     : DEBUG   : bulk unit insert result: {'nModified': 0, 'nUpserted': 0, 'nMatched': 0, 'writeErrors': [], 'upserted': [], 'writeConcernErrors': [], 'nRemoved': 0, 'nInserted': 1}
2017-11-23 01:33:36,939: rp.session.two.jdakka.017493.0000: task-manager                    : MainThread     : DEBUG   : bulk unit insert result: {'nModified': 0, 'nUpserted': 0, 'nMatched': 0, 'writeErrors': [], 'upserted': [], 'writeConcernErrors': [], 'nRemoved': 0, 'nInserted': 1}
2017-11-23 01:33:37,052: rp.session.two.jdakka.017493.0000: task-manager                    : MainThread     : DEBUG   : bulk unit insert result: {'nModified': 0, 'nUpserted': 0, 'nMatched': 0, 'writeErrors': [], 'upserted': [], 'writeConcernErrors': [], 'nRemoved': 0, 'nInserted': 1}
2017-11-23 01:34:32,453: rp.session.two.jdakka.017493.0000: task-manager                    : MainThread     : DEBUG   : bulk unit insert result: {'nModified': 0, 'nUpserted': 0, 'nMatched': 0, 'writeErrors': [], 'upserted': [], 'writeConcernErrors': [], 'nRemoved': 0, 'nInserted': 1}
2017-11-23 01:34:32,574: rp.session.two.jdakka.017493.0000: task-manager                    : MainThread     : DEBUG   : bulk unit insert result: {'nModified': 0, 'nUpserted': 0, 'nMatched': 0, 'writeErrors': [], 'upserted': [], 'writeConcernErrors': [], 'nRemoved': 0, 'nInserted': 1}
2017-11-23 01:34:32,723: rp.session.two.jdakka.017493.0000: task-manager                    : MainThread     : DEBUG   : bulk unit insert result: {'nModified': 0, 'nUpserted': 0, 'nMatched': 0, 'writeErrors': [], 'upserted': [], 'writeConcernErrors': [], 'nRemoved': 0, 'nInserted': 1}
2017-11-23 01:34:32,841: rp.session.two.jdakka.017493.0000: task-manager                    : MainThread     : DEBUG   : bulk unit insert result: {'nModified': 0, 'nUpserted': 0, 'nMatched': 0, 'writeErrors': [], 'upserted': [], 'writeConcernErrors': [], 'nRemoved': 0, 'nInserted': 1}
2017-11-23 01:34:32,968: rp.session.two.jdakka.017493.0000: task-manager                    : MainThread     : DEBUG   : bulk unit insert result: {'nModified': 0, 'nUpserted': 0, 'nMatched': 0, 'writeErrors': [], 'upserted': [], 'writeConcernErrors': [], 'nRemoved': 0, 'nInserted': 1}
2017-11-23 01:34:33,091: rp.session.two.jdakka.017493.0000: task-manager                    : MainThread     : DEBUG   : bulk unit insert result: {'nModified': 0, 'nUpserted': 0, 'nMatched': 0, 'writeErrors': [], 'upserted': [], 'writeConcernErrors': [], 'nRemoved': 0, 'nInserted': 1}
2017-11-23 01:34:33,208: rp.session.two.jdakka.017493.0000: task-manager                    : MainThread     : DEBUG   : bulk unit insert result: {'nModified': 0, 'nUpserted': 0, 'nMatched': 0, 'writeErrors': [], 'upserted': [], 'writeConcernErrors': [], 'nRemoved': 0, 'nInserted': 1}
2017-11-23 01:34:33,326: rp.session.two.jdakka.017493.0000: task-manager                    : MainThread     : DEBUG   : bulk unit insert result: {'nModified': 0, 'nUpserted': 0, 'nMatched': 0, 'writeErrors': [], 'upserted': [], 'writeConcernErrors': [], 'nRemoved': 0, 'nInserted': 1}
2017-11-23 01:36:28,334: rp.session.two.jdakka.017493.0000: task-manager                    : MainThread     : DEBUG   : bulk unit insert result: {'nModified': 0, 'nUpserted': 0, 'nMatched': 0, 'writeErrors': [], 'upserted': [], 'writeConcernErrors': [], 'nRemoved': 0, 'nInserted': 1}
2017-11-23 01:36:28,456: rp.session.two.jdakka.017493.0000: task-manager                    : MainThread     : DEBUG   : bulk unit insert result: {'nModified': 0, 'nUpserted': 0, 'nMatched': 0, 'writeErrors': [], 'upserted': [], 'writeConcernErrors': [], 'nRemoved': 0, 'nInserted': 1}
2017-11-23 01:36:28,605: rp.session.two.jdakka.017493.0000: task-manager                    : MainThread     : DEBUG   : bulk unit insert result: {'nModified': 0, 'nUpserted': 0, 'nMatched': 0, 'writeErrors': [], 'upserted': [], 'writeConcernErrors': [], 'nRemoved': 0, 'nInserted': 1}
2017-11-23 01:36:28,722: rp.session.two.jdakka.017493.0000: task-manager                    : MainThread     : DEBUG   : bulk unit insert result: {'nModified': 0, 'nUpserted': 0, 'nMatched': 0, 'writeErrors': [], 'upserted': [], 'writeConcernErrors': [], 'nRemoved': 0, 'nInserted': 1}
2017-11-23 01:36:28,845: rp.session.two.jdakka.017493.0000: task-manager                    : MainThread     : DEBUG   : bulk unit insert result: {'nModified': 0, 'nUpserted': 0, 'nMatched': 0, 'writeErrors': [], 'upserted': [], 'writeConcernErrors': [], 'nRemoved': 0, 'nInserted': 1}
2017-11-23 01:36:28,961: rp.session.two.jdakka.017493.0000: task-manager                    : MainThread     : DEBUG   : bulk unit insert result: {'nModified': 0, 'nUpserted': 0, 'nMatched': 0, 'writeErrors': [], 'upserted': [], 'writeConcernErrors': [], 'nRemoved': 0, 'nInserted': 1}
2017-11-23 01:36:29,096: rp.session.two.jdakka.017493.0000: task-manager                    : MainThread     : DEBUG   : bulk unit insert result: {'nModified': 0, 'nUpserted': 0, 'nMatched': 0, 'writeErrors': [], 'upserted': [], 'writeConcernErrors': [], 'nRemoved': 0, 'nInserted': 1}
2017-11-23 01:36:29,212: rp.session.two.jdakka.017493.0000: task-manager                    : MainThread     : DEBUG   : bulk unit insert result: {'nModified': 0, 'nUpserted': 0, 'nMatched': 0, 'writeErrors': [], 'upserted': [], 'writeConcernErrors': [], 'nRemoved': 0, 'nInserted': 1}
2017-11-23 01:40:18,201: rp.session.two.jdakka.017493.0000: task-manager                    : MainThread     : DEBUG   : bulk unit insert result: {'nModified': 0, 'nUpserted': 0, 'nMatched': 0, 'writeErrors': [], 'upserted': [], 'writeConcernErrors': [], 'nRemoved': 0, 'nInserted': 1}
2017-11-23 01:40:18,320: rp.session.two.jdakka.017493.0000: task-manager                    : MainThread     : DEBUG   : bulk unit insert result: {'nModified': 0, 'nUpserted': 0, 'nMatched': 0, 'writeErrors': [], 'upserted': [], 'writeConcernErrors': [], 'nRemoved': 0, 'nInserted': 1}
2017-11-23 01:40:18,450: rp.session.two.jdakka.017493.0000: task-manager                    : MainThread     : DEBUG   : bulk unit insert result: {'nModified': 0, 'nUpserted': 0, 'nMatched': 0, 'writeErrors': [], 'upserted': [], 'writeConcernErrors': [], 'nRemoved': 0, 'nInserted': 1}
2017-11-23 01:40:18,564: rp.session.two.jdakka.017493.0000: task-manager                    : MainThread     : DEBUG   : bulk unit insert result: {'nModified': 0, 'nUpserted': 0, 'nMatched': 0, 'writeErrors': [], 'upserted': [], 'writeConcernErrors': [], 'nRemoved': 0, 'nInserted': 1}
2017-11-23 01:40:18,698: rp.session.two.jdakka.017493.0000: task-manager                    : MainThread     : DEBUG   : bulk unit insert result: {'nModified': 0, 'nUpserted': 0, 'nMatched': 0, 'writeErrors': [], 'upserted': [], 'writeConcernErrors': [], 'nRemoved': 0, 'nInserted': 1}
2017-11-23 01:40:18,816: rp.session.two.jdakka.017493.0000: task-manager                    : MainThread     : DEBUG   : bulk unit insert result: {'nModified': 0, 'nUpserted': 0, 'nMatched': 0, 'writeErrors': [], 'upserted': [], 'writeConcernErrors': [], 'nRemoved': 0, 'nInserted': 1}
2017-11-23 01:40:18,933: rp.session.two.jdakka.017493.0000: task-manager                    : MainThread     : DEBUG   : bulk unit insert result: {'nModified': 0, 'nUpserted': 0, 'nMatched': 0, 'writeErrors': [], 'upserted': [], 'writeConcernErrors': [], 'nRemoved': 0, 'nInserted': 1}
2017-11-23 01:40:19,049: rp.session.two.jdakka.017493.0000: task-manager                    : MainThread     : DEBUG   : bulk unit insert result: {'nModified': 0, 'nUpserted': 0, 'nMatched': 0, 'writeErrors': [], 'upserted': [], 'writeConcernErrors': [], 'nRemoved': 0, 'nInserted': 1}
2017-11-23 01:43:10,203: rp.session.two.jdakka.017493.0000: task-manager                    : MainThread     : DEBUG   : bulk unit insert result: {'nModified': 0, 'nUpserted': 0, 'nMatched': 0, 'writeErrors': [], 'upserted': [], 'writeConcernErrors': [], 'nRemoved': 0, 'nInserted': 1}
2017-11-23 01:43:10,325: rp.session.two.jdakka.017493.0000: task-manager                    : MainThread     : DEBUG   : bulk unit insert result: {'nModified': 0, 'nUpserted': 0, 'nMatched': 0, 'writeErrors': [], 'upserted': [], 'writeConcernErrors': [], 'nRemoved': 0, 'nInserted': 1}
2017-11-23 01:43:10,492: rp.session.two.jdakka.017493.0000: task-manager                    : MainThread     : DEBUG   : bulk unit insert result: {'nModified': 0, 'nUpserted': 0, 'nMatched': 0, 'writeErrors': [], 'upserted': [], 'writeConcernErrors': [], 'nRemoved': 0, 'nInserted': 1}
2017-11-23 01:43:10,612: rp.session.two.jdakka.017493.0000: task-manager                    : MainThread     : DEBUG   : bulk unit insert result: {'nModified': 0, 'nUpserted': 0, 'nMatched': 0, 'writeErrors': [], 'upserted': [], 'writeConcernErrors': [], 'nRemoved': 0, 'nInserted': 1}
2017-11-23 01:43:10,746: rp.session.two.jdakka.017493.0000: task-manager                    : MainThread     : DEBUG   : bulk unit insert result: {'nModified': 0, 'nUpserted': 0, 'nMatched': 0, 'writeErrors': [], 'upserted': [], 'writeConcernErrors': [], 'nRemoved': 0, 'nInserted': 1}
2017-11-23 01:43:10,863: rp.session.two.jdakka.017493.0000: task-manager                    : MainThread     : DEBUG   : bulk unit insert result: {'nModified': 0, 'nUpserted': 0, 'nMatched': 0, 'writeErrors': [], 'upserted': [], 'writeConcernErrors': [], 'nRemoved': 0, 'nInserted': 1}
2017-11-23 01:43:10,981: rp.session.two.jdakka.017493.0000: task-manager                    : MainThread     : DEBUG   : bulk unit insert result: {'nModified': 0, 'nUpserted': 0, 'nMatched': 0, 'writeErrors': [], 'upserted': [], 'writeConcernErrors': [], 'nRemoved': 0, 'nInserted': 1}
2017-11-23 01:43:11,097: rp.session.two.jdakka.017493.0000: task-manager                    : MainThread     : DEBUG   : bulk unit insert result: {'nModified': 0, 'nUpserted': 0, 'nMatched': 0, 'writeErrors': [], 'upserted': [], 'writeConcernErrors': [], 'nRemoved': 0, 'nInserted': 1}
2017-11-23 02:14:53,829: rp.session.two.jdakka.017493.0000: task-manager                    : MainThread     : DEBUG   : bulk unit insert result: {'nModified': 0, 'nUpserted': 0, 'nMatched': 0, 'writeErrors': [], 'upserted': [], 'writeConcernErrors': [], 'nRemoved': 0, 'nInserted': 1}
2017-11-23 02:14:53,955: rp.session.two.jdakka.017493.0000: task-manager                    : MainThread     : DEBUG   : bulk unit insert result: {'nModified': 0, 'nUpserted': 0, 'nMatched': 0, 'writeErrors': [], 'upserted': [], 'writeConcernErrors': [], 'nRemoved': 0, 'nInserted': 1}
2017-11-23 02:14:54,084: rp.session.two.jdakka.017493.0000: task-manager                    : MainThread     : DEBUG   : bulk unit insert result: {'nModified': 0, 'nUpserted': 0, 'nMatched': 0, 'writeErrors': [], 'upserted': [], 'writeConcernErrors': [], 'nRemoved': 0, 'nInserted': 1}
2017-11-23 02:14:54,213: rp.session.two.jdakka.017493.0000: task-manager                    : MainThread     : DEBUG   : bulk unit insert result: {'nModified': 0, 'nUpserted': 0, 'nMatched': 0, 'writeErrors': [], 'upserted': [], 'writeConcernErrors': [], 'nRemoved': 0, 'nInserted': 1}
2017-11-23 02:14:54,341: rp.session.two.jdakka.017493.0000: task-manager                    : MainThread     : DEBUG   : bulk unit insert result: {'nModified': 0, 'nUpserted': 0, 'nMatched': 0, 'writeErrors': [], 'upserted': [], 'writeConcernErrors': [], 'nRemoved': 0, 'nInserted': 1}
2017-11-23 02:14:54,464: rp.session.two.jdakka.017493.0000: task-manager                    : MainThread     : DEBUG   : bulk unit insert result: {'nModified': 0, 'nUpserted': 0, 'nMatched': 0, 'writeErrors': [], 'upserted': [], 'writeConcernErrors': [], 'nRemoved': 0, 'nInserted': 1}
2017-11-23 02:14:54,581: rp.session.two.jdakka.017493.0000: task-manager                    : MainThread     : DEBUG   : bulk unit insert result: {'nModified': 0, 'nUpserted': 0, 'nMatched': 0, 'writeErrors': [], 'upserted': [], 'writeConcernErrors': [], 'nRemoved': 0, 'nInserted': 1}
2017-11-23 02:14:54,697: rp.session.two.jdakka.017493.0000: task-manager                    : MainThread     : DEBUG   : bulk unit insert result: {'nModified': 0, 'nUpserted': 0, 'nMatched': 0, 'writeErrors': [], 'upserted': [], 'writeConcernErrors': [], 'nRemoved': 0, 'nInserted': 1}
2017-11-23 02:18:08,929: rp.session.two.jdakka.017493.0000: task-manager                    : MainThread     : DEBUG   : bulk unit insert result: {'nModified': 0, 'nUpserted': 0, 'nMatched': 0, 'writeErrors': [], 'upserted': [], 'writeConcernErrors': [], 'nRemoved': 0, 'nInserted': 1}
2017-11-23 02:18:09,050: rp.session.two.jdakka.017493.0000: task-manager                    : MainThread     : DEBUG   : bulk unit insert result: {'nModified': 0, 'nUpserted': 0, 'nMatched': 0, 'writeErrors': [], 'upserted': [], 'writeConcernErrors': [], 'nRemoved': 0, 'nInserted': 1}
2017-11-23 02:18:09,175: rp.session.two.jdakka.017493.0000: task-manager                    : MainThread     : DEBUG   : bulk unit insert result: {'nModified': 0, 'nUpserted': 0, 'nMatched': 0, 'writeErrors': [], 'upserted': [], 'writeConcernErrors': [], 'nRemoved': 0, 'nInserted': 1}
2017-11-23 02:18:09,292: rp.session.two.jdakka.017493.0000: task-manager                    : MainThread     : DEBUG   : bulk unit insert result: {'nModified': 0, 'nUpserted': 0, 'nMatched': 0, 'writeErrors': [], 'upserted': [], 'writeConcernErrors': [], 'nRemoved': 0, 'nInserted': 1}
2017-11-23 02:18:09,411: rp.session.two.jdakka.017493.0000: task-manager                    : MainThread     : DEBUG   : bulk unit insert result: {'nModified': 0, 'nUpserted': 0, 'nMatched': 0, 'writeErrors': [], 'upserted': [], 'writeConcernErrors': [], 'nRemoved': 0, 'nInserted': 1}
2017-11-23 02:18:09,525: rp.session.two.jdakka.017493.0000: task-manager                    : MainThread     : DEBUG   : bulk unit insert result: {'nModified': 0, 'nUpserted': 0, 'nMatched': 0, 'writeErrors': [], 'upserted': [], 'writeConcernErrors': [], 'nRemoved': 0, 'nInserted': 1}
2017-11-23 02:18:09,644: rp.session.two.jdakka.017493.0000: task-manager                    : MainThread     : DEBUG   : bulk unit insert result: {'nModified': 0, 'nUpserted': 0, 'nMatched': 0, 'writeErrors': [], 'upserted': [], 'writeConcernErrors': [], 'nRemoved': 0, 'nInserted': 1}
2017-11-23 02:18:09,761: rp.session.two.jdakka.017493.0000: task-manager                    : MainThread     : DEBUG   : bulk unit insert result: {'nModified': 0, 'nUpserted': 0, 'nMatched': 0, 'writeErrors': [], 'upserted': [], 'writeConcernErrors': [], 'nRemoved': 0, 'nInserted': 1}
2017-11-23 02:20:10,606: rp.session.two.jdakka.017493.0000: MainProcess                     : MainThread     : DEBUG   : session rp.session.two.jdakka.017493.0000 closing
2017-11-23 02:20:10,606: rp.session.two.jdakka.017493.0000: MainProcess                     : MainThread     : DEBUG   : session rp.session.two.jdakka.017493.0000 closes pmgr   pmgr.0000
2017-11-23 02:20:13,135: rp.session.two.jdakka.017493.0000: MainProcess                     : MainThread     : DEBUG   : session rp.session.two.jdakka.017493.0000 closed pmgr   pmgr.0000
2017-11-23 02:20:13,135: rp.session.two.jdakka.017493.0000: MainProcess                     : MainThread     : DEBUG   : session rp.session.two.jdakka.017493.0000 closes comp   update.0
2017-11-23 02:20:13,399: rp.session.two.jdakka.017493.0000: MainProcess                     : MainThread     : DEBUG   : session rp.session.two.jdakka.017493.0000 closed comp   update.0
2017-11-23 02:20:13,399: rp.session.two.jdakka.017493.0000: MainProcess                     : MainThread     : DEBUG   : session rp.session.two.jdakka.017493.0000 closes bridge control.pubsub.bridge.0000
2017-11-23 02:20:14,428: rp.session.two.jdakka.017493.0000: MainProcess                     : MainThread     : DEBUG   : session rp.session.two.jdakka.017493.0000 closed bridge control.pubsub.bridge.0000
2017-11-23 02:20:14,428: rp.session.two.jdakka.017493.0000: MainProcess                     : MainThread     : DEBUG   : session rp.session.two.jdakka.017493.0000 closes bridge state.pubsub.bridge.0000
2017-11-23 02:20:15,411: rp.session.two.jdakka.017493.0000: MainProcess                     : MainThread     : DEBUG   : session rp.session.two.jdakka.017493.0000 closed bridge state.pubsub.bridge.0000
2017-11-23 02:20:15,412: rp.session.two.jdakka.017493.0000: MainProcess                     : MainThread     : DEBUG   : session rp.session.two.jdakka.017493.0000 closes bridge log.pubsub.bridge.0000
2017-11-23 02:20:16,194: rp.session.two.jdakka.017493.0000: MainProcess                     : MainThread     : DEBUG   : session rp.session.two.jdakka.017493.0000 closed bridge log.pubsub.bridge.0000
2017-11-23 02:20:16,195: rp.session.two.jdakka.017493.0000: MainProcess                     : MainThread     : DEBUG   : session rp.session.two.jdakka.017493.0000 closes db (False)
2017-11-23 02:20:16,195: rp.session.two.jdakka.017493.0000: MainProcess                     : MainThread     : DEBUG   : session rp.session.two.jdakka.017493.0000 closed (delete=False)
