2017-11-23 01:25:18,604: state.pubsub.pub.0001: pmgr.launching.0                : MainThread     : INFO    : python.interpreter   version: 2.7.12 (default, Nov 19 2016, 06:48:10) [GCC 5.4.0 20160609]
2017-11-23 01:25:18,605: state.pubsub.pub.0001: pmgr.launching.0                : MainThread     : INFO    :                      pid: 17861
2017-11-23 01:25:18,605: state.pubsub.pub.0001: pmgr.launching.0                : MainThread     : INFO    :                      tid: MainThread
2017-11-23 01:25:18,605: state.pubsub.pub.0001: pmgr.launching.0                : MainThread     : INFO    : radical.pilot        version: 0.47-v0.46.2-110-gfb1120a4@feature-gpu
2017-11-23 01:25:18,605: state.pubsub.pub.0001: pmgr.launching.0                : MainThread     : INFO    : create state_pubsub - pub - tcp://138.201.86.166:38161
2017-11-23 01:25:18,606: state.pubsub.pub.0001: pmgr.launching.0                : MainThread     : DEBUG   : start process
2017-11-23 01:25:18,606: state.pubsub.pub.0001: pmgr.launching.0                : MainThread     : DEBUG   : ru_initialize_common (NOOP)
2017-11-23 01:25:18,606: state.pubsub.pub.0001: pmgr.launching.0                : MainThread     : DEBUG   : ru_initialize_parent (NOOP)
2017-11-23 01:25:18,606: state.pubsub.pub.0001: pmgr.launching.0                : MainThread     : DEBUG   : process class started (no child)
2017-11-23 01:25:18,665: state.pubsub.pub.0001: MainProcess                     : MainThread     : INFO    : python.interpreter   version: 2.7.12 (default, Nov 19 2016, 06:48:10) [GCC 5.4.0 20160609]
2017-11-23 01:25:18,665: state.pubsub.pub.0001: MainProcess                     : MainThread     : INFO    :                      pid: 17690
2017-11-23 01:25:18,665: state.pubsub.pub.0001: MainProcess                     : MainThread     : INFO    :                      tid: MainThread
2017-11-23 01:25:18,666: state.pubsub.pub.0001: MainProcess                     : MainThread     : INFO    : radical.pilot        version: 0.47-v0.46.2-110-gfb1120a4@feature-gpu
2017-11-23 01:25:18,666: state.pubsub.pub.0001: MainProcess                     : MainThread     : INFO    : create state_pubsub - pub - tcp://138.201.86.166:38161
2017-11-23 01:25:18,666: state.pubsub.pub.0001: MainProcess                     : MainThread     : DEBUG   : start process
2017-11-23 01:25:18,667: state.pubsub.pub.0001: MainProcess                     : MainThread     : DEBUG   : ru_initialize_common (NOOP)
2017-11-23 01:25:18,667: state.pubsub.pub.0001: MainProcess                     : MainThread     : DEBUG   : ru_initialize_parent (NOOP)
2017-11-23 01:25:18,667: state.pubsub.pub.0001: MainProcess                     : MainThread     : DEBUG   : process class started (no child)
2017-11-23 02:20:10,661: state.pubsub.pub.0001: MainProcess                     : MainThread     : INFO    : parent stops child  17690 -> None [state.pubsub.pub.0001]
2017-11-23 02:20:10,661: state.pubsub.pub.0001: MainProcess                     : MainThread     : DEBUG   : ru_finalize_parent (NOOP)
