2017-11-23 01:33:35,283: state.pubsub.sub.0001: umgr.scheduling.0               : MainThread     : INFO    : python.interpreter   version: 2.7.12 (default, Nov 19 2016, 06:48:10) [GCC 5.4.0 20160609]
2017-11-23 01:33:35,283: state.pubsub.sub.0001: umgr.scheduling.0               : MainThread     : INFO    :                      pid: 5280
2017-11-23 01:33:35,283: state.pubsub.sub.0001: umgr.scheduling.0               : MainThread     : INFO    :                      tid: MainThread
2017-11-23 01:33:35,283: state.pubsub.sub.0001: umgr.scheduling.0               : MainThread     : INFO    : radical.pilot        version: 0.47-v0.46.2-110-gfb1120a4@feature-gpu
2017-11-23 01:33:35,283: state.pubsub.sub.0001: umgr.scheduling.0               : MainThread     : INFO    : create state_pubsub - sub - tcp://138.201.86.166:35606
2017-11-23 01:33:35,283: state.pubsub.sub.0001: umgr.scheduling.0               : MainThread     : DEBUG   : start process
2017-11-23 01:33:35,283: state.pubsub.sub.0001: umgr.scheduling.0               : MainThread     : DEBUG   : ru_initialize_common (NOOP)
2017-11-23 01:33:35,283: state.pubsub.sub.0001: umgr.scheduling.0               : MainThread     : DEBUG   : ru_initialize_parent (NOOP)
2017-11-23 01:33:35,283: state.pubsub.sub.0001: umgr.scheduling.0               : MainThread     : DEBUG   : process class started (no child)
2017-11-23 01:33:35,864: state.pubsub.sub.0001: task-manager                    : MainThread     : INFO    : python.interpreter   version: 2.7.12 (default, Nov 19 2016, 06:48:10) [GCC 5.4.0 20160609]
2017-11-23 01:33:35,864: state.pubsub.sub.0001: task-manager                    : MainThread     : INFO    :                      pid: 5198
2017-11-23 01:33:35,864: state.pubsub.sub.0001: task-manager                    : MainThread     : INFO    :                      tid: MainThread
2017-11-23 01:33:35,864: state.pubsub.sub.0001: task-manager                    : MainThread     : INFO    : radical.pilot        version: 0.47-v0.46.2-110-gfb1120a4@feature-gpu
2017-11-23 01:33:35,864: state.pubsub.sub.0001: task-manager                    : MainThread     : INFO    : create state_pubsub - sub - tcp://138.201.86.166:35606
2017-11-23 01:33:35,866: state.pubsub.sub.0001: task-manager                    : MainThread     : DEBUG   : start process
2017-11-23 01:33:35,866: state.pubsub.sub.0001: task-manager                    : MainThread     : DEBUG   : ru_initialize_common (NOOP)
2017-11-23 01:33:35,866: state.pubsub.sub.0001: task-manager                    : MainThread     : DEBUG   : ru_initialize_parent (NOOP)
2017-11-23 01:33:35,866: state.pubsub.sub.0001: task-manager                    : MainThread     : DEBUG   : process class started (no child)
2017-11-23 02:19:31,435: state.pubsub.sub.0001: umgr.scheduling.0               : umgr.scheduling.0.child.subscriber._base_state_cb: INFO    : parent stops child  5280 -> None [state.pubsub.sub.0001]
2017-11-23 02:19:31,435: state.pubsub.sub.0001: umgr.scheduling.0               : umgr.scheduling.0.child.subscriber._base_state_cb: DEBUG   : ru_finalize_parent (NOOP)
