2017-11-23 01:25:17,759: update.0            : MainProcess                     : MainThread     : INFO    : python.interpreter   version: 2.7.12 (default, Nov 19 2016, 06:48:10) [GCC 5.4.0 20160609]
2017-11-23 01:25:17,760: update.0            : MainProcess                     : MainThread     : INFO    :                      pid: 17690
2017-11-23 01:25:17,760: update.0            : MainProcess                     : MainThread     : INFO    :                      tid: MainThread
2017-11-23 01:25:17,760: update.0            : MainProcess                     : MainThread     : INFO    : radical.pilot        version: 0.47-v0.46.2-110-gfb1120a4@feature-gpu
2017-11-23 01:25:17,762: update.0            : MainProcess                     : MainThread     : DEBUG   : alive check in term
2017-11-23 01:25:17,762: update.0            : MainProcess                     : MainThread     : DEBUG   : start process
2017-11-23 01:25:18,409: update.0            : MainProcess                     : MainThread     : INFO    : recv message: alive
2017-11-23 01:25:18,409: update.0            : MainProcess                     : MainThread     : INFO    : initialize update.0
2017-11-23 01:25:18,413: update.0            : MainProcess                     : MainThread     : INFO    : cfg: {'agents': {},
 u'bridges': {u'control_pubsub': {'addr_in': 'tcp://138.201.86.166:33268',
                                  'addr_out': 'tcp://138.201.86.166:39722',
                                  u'bulk_size': 0,
                                  u'log_level': u'debug',
                                  u'stall_hwm': 1},
              u'log_pubsub': {'addr_in': 'tcp://138.201.86.166:38334',
                              'addr_out': 'tcp://138.201.86.166:44866',
                              u'bulk_size': 0,
                              u'log_level': u'debug',
                              u'stall_hwm': 1},
              u'state_pubsub': {'addr_in': 'tcp://138.201.86.166:38161',
                                'addr_out': 'tcp://138.201.86.166:35606',
                                u'bulk_size': 0,
                                u'log_level': u'debug',
                                u'stall_hwm': 1}},
 'cname': u'UpdateWorker',
 u'components': {},
 u'count': 1,
 'dburl': 'mongodb://jdakka:mongo@ds231715.mlab.com:31715/new_htbac',
 'debug': 'DEBUG',
 u'default_dburl': u'mongodb://rp:rp@ds015335.mlab.com:15335/rp',
 'logdir': '/home/jdakka/UCL/gpu_branch_env/8_replicas_trial_gpu_updated_utils/rp.session.two.jdakka.017493.0000',
 'number': 0,
 'owner': 'rp.session.two.jdakka.017493.0000',
 'session_id': 'rp.session.two.jdakka.017493.0000'}
2017-11-23 01:25:18,413: update.0            : MainProcess                     : MainThread     : DEBUG   : alive check in term
2017-11-23 01:25:18,413: update.0            : MainProcess                     : MainThread     : DEBUG   : START: update.0 register publisher log_pubsub
2017-11-23 01:25:18,413: update.0            : MainProcess                     : MainThread     : DEBUG   : using addr tcp://138.201.86.166:38334 for pubsub log_pubsub
2017-11-23 01:25:18,417: update.0            : MainProcess                     : MainThread     : DEBUG   : registered publisher : log_pubsub : log.pubsub.pub.0000
2017-11-23 01:25:18,417: update.0            : MainProcess                     : MainThread     : DEBUG   : alive check in term
2017-11-23 01:25:18,417: update.0            : MainProcess                     : MainThread     : DEBUG   : START: update.0 register publisher state_pubsub
2017-11-23 01:25:18,418: update.0            : MainProcess                     : MainThread     : DEBUG   : using addr tcp://138.201.86.166:38161 for pubsub state_pubsub
2017-11-23 01:25:18,421: update.0            : MainProcess                     : MainThread     : DEBUG   : registered publisher : state_pubsub : state.pubsub.pub.0000
2017-11-23 01:25:18,421: update.0            : MainProcess                     : MainThread     : DEBUG   : alive check in term
2017-11-23 01:25:18,421: update.0            : MainProcess                     : MainThread     : DEBUG   : START: update.0 register publisher control_pubsub
2017-11-23 01:25:18,421: update.0            : MainProcess                     : MainThread     : DEBUG   : using addr tcp://138.201.86.166:33268 for pubsub control_pubsub
2017-11-23 01:25:18,425: update.0            : MainProcess                     : MainThread     : DEBUG   : registered publisher : control_pubsub : control.pubsub.pub.0000
2017-11-23 01:25:18,425: update.0            : MainProcess                     : MainThread     : DEBUG   : parent name: update.0.watch
2017-11-23 01:25:18,425: update.0            : MainProcess                     : MainThread     : DEBUG   : start thread
2017-11-23 01:25:18,426: update.0            : MainProcess                     : update.0.watch : DEBUG   : child name: update.0.watch.thread
2017-11-23 01:25:18,426: update.0            : MainProcess                     : update.0.watch : INFO    : child (me) initializing
2017-11-23 01:25:18,426: update.0            : MainProcess                     : update.0.watch : DEBUG   : ru_initialize_common (NOOP)
2017-11-23 01:25:18,426: update.0            : MainProcess                     : update.0.watch : DEBUG   : ru_initialize_child (NOOP)
2017-11-23 01:25:18,426: update.0            : MainProcess                     : update.0.watch : INFO    : send alive
2017-11-23 01:25:18,426: update.0            : MainProcess                     : update.0.watch : INFO    : put message: [update.0.watch.thread] alive
2017-11-23 01:25:18,427: update.0            : MainProcess                     : MainThread     : INFO    : get msg: alive
2017-11-23 01:25:18,427: update.0            : MainProcess                     : MainThread     : DEBUG   : ru_initialize_common (NOOP)
2017-11-23 01:25:18,427: update.0            : MainProcess                     : MainThread     : DEBUG   : ru_initialize_parent (NOOP)
2017-11-23 01:25:18,427: update.0            : MainProcess                     : MainThread     : DEBUG   : child thread update.0.watch started
2017-11-23 01:25:18,427: update.0            : MainProcess                     : MainThread     : INFO    : child is alive
2017-11-23 01:25:18,428: update.0            : MainProcess                     : MainThread     : DEBUG   : process class started child
2017-11-23 02:20:13,136: update.0            : MainProcess                     : MainThread     : INFO    : stop update.0 (17690 : 17806 : MainThread) [radical.pilot.worker.update.Update.stop]
2017-11-23 02:20:13,136: update.0            : MainProcess                     : MainThread     : INFO    : parent stops child  17690 -> 17806 [update.0]
2017-11-23 02:20:13,137: update.0            : MainProcess                     : MainThread     : INFO    : send message: [update.0] STOP
2017-11-23 02:20:13,137: update.0            : MainProcess                     : MainThread     : DEBUG   : ru_finalize_common()
2017-11-23 02:20:13,137: update.0            : MainProcess                     : MainThread     : DEBUG   : TERM : update.0 unregister publisher log_pubsub
2017-11-23 02:20:13,138: update.0            : MainProcess                     : update.0.watch : INFO    : recv message: 
2017-11-23 02:20:13,138: update.0            : MainProcess                     : update.0.watch : INFO    : message received: 
2017-11-23 02:20:13,138: update.0            : MainProcess                     : update.0.watch : WARNING : received empty string, parent closed ep
2017-11-23 02:20:13,138: update.0            : MainProcess                     : update.0.watch : INFO    : watcher closes
2017-11-23 02:20:13,139: update.0            : MainProcess                     : MainThread     : DEBUG   : unregistered publisher log_pubsub
2017-11-23 02:20:13,139: update.0            : MainProcess                     : MainThread     : DEBUG   : TERM : update.0 unregister publisher state_pubsub
2017-11-23 02:20:13,139: update.0            : MainProcess                     : update.0.watch : INFO    : put message: [update.0.watch.thread] work finished
2017-11-23 02:20:13,140: update.0            : MainProcess                     : update.0.watch : DEBUG   : ru_finalize_child (NOOP)
2017-11-23 02:20:13,140: update.0            : MainProcess                     : update.0.watch : DEBUG   : ru_finalize_common (NOOP)
2017-11-23 02:20:13,141: update.0            : MainProcess                     : update.0.watch : INFO    : put message: [update.0.watch.thread] terminating
2017-11-23 02:20:13,140: update.0            : MainProcess                     : MainThread     : DEBUG   : unregistered publisher state_pubsub
2017-11-23 02:20:13,141: update.0            : MainProcess                     : MainThread     : DEBUG   : TERM : update.0 unregister publisher control_pubsub
2017-11-23 02:20:13,142: update.0            : MainProcess                     : MainThread     : DEBUG   : unregistered publisher control_pubsub
2017-11-23 02:20:13,142: update.0            : MainProcess                     : MainThread     : DEBUG   : update.0 close prof
2017-11-23 02:20:13,184: update.0            : MainProcess                     : MainThread     : INFO    : parent stops child
2017-11-23 02:20:13,184: update.0            : MainProcess                     : MainThread     : DEBUG   : ru_finalize_parent (NOOP)
2017-11-23 02:20:13,184: update.0            : MainProcess                     : MainThread     : DEBUG   : ru_finalize_common (NOOP)
2017-11-23 02:20:16,269: update.0            : MainProcess                     : MainThread     : INFO    : stop update.0 (17690 : 17806 : MainThread) [radical.pilot.worker.update.Update.stop]
